Running training with mode ae
Noising 0.000% of input features
Constructing model...
Done constructing model.
CNNMultidecoder(
  (encoder_conv): Sequential(
    (conv2d_0): Conv2d (1, 64, kernel_size=(3, 3), stride=(1, 1))
    (ReLU_0): ReLU()
    (maxpool2d_0): MaxPool2d(kernel_size=(1, 3), stride=(1, 3), dilation=(1, 1))
    (conv2d_1): Conv2d (64, 64, kernel_size=(3, 3), stride=(1, 1))
    (ReLU_1): ReLU()
    (maxpool2d_1): MaxPool2d(kernel_size=(1, 3), stride=(1, 3), dilation=(1, 1))
  )
  (encoder_fc): Sequential(
    (lin_0): Linear(in_features=3584, out_features=1024)
    (ReLU_0): ReLU()
    (lin_final): Linear(in_features=1024, out_features=256)
    (ReLU_final): ReLU()
  )
  (decoder_fc_ihm): Sequential(
    (ReLU_0): ReLU()
    (lin_0): Linear(in_features=256, out_features=1024)
    (ReLU_final): ReLU()
    (lin_final): Linear(in_features=1024, out_features=3584)
  )
  (decoder_deconv_ihm): Sequential(
    (ReLU_0): ReLU()
    (maxunpool2d_0): MaxUnpool2d(kernel_size=(1, 3), stride=(1, 3), padding=(0, 0))
    (conv2d_0): Conv2d (64, 64, kernel_size=(3, 3), stride=(1, 1), padding=(2, 2))
    (ReLU_1): ReLU()
    (maxunpool2d_1): MaxUnpool2d(kernel_size=(1, 3), stride=(1, 3), padding=(0, 0))
    (conv2d_1): Conv2d (64, 1, kernel_size=(3, 3), stride=(1, 1), padding=(2, 2))
  )
  (decoder_fc_sdm1): Sequential(
    (ReLU_0): ReLU()
    (lin_0): Linear(in_features=256, out_features=1024)
    (ReLU_final): ReLU()
    (lin_final): Linear(in_features=1024, out_features=3584)
  )
  (decoder_deconv_sdm1): Sequential(
    (ReLU_0): ReLU()
    (maxunpool2d_0): MaxUnpool2d(kernel_size=(1, 3), stride=(1, 3), padding=(0, 0))
    (conv2d_0): Conv2d (64, 64, kernel_size=(3, 3), stride=(1, 1), padding=(2, 2))
    (ReLU_1): ReLU()
    (maxunpool2d_1): MaxUnpool2d(kernel_size=(1, 3), stride=(1, 3), padding=(0, 0))
    (conv2d_1): Conv2d (64, 1, kernel_size=(3, 3), stride=(1, 1), padding=(2, 2))
  )
)
Model has 11919554 trainable parameters
Setting up data...
Setting up training datasets...
