Running training with mode ae
Noising 25.000% of input features
Constructing model...
Done constructing model.
CNNMultidecoder(
  (encoder_conv): Sequential(
    (conv2d_0): Conv2d (1, 256, kernel_size=(3, 3), stride=(1, 1))
    (ReLU_0): ReLU()
    (maxpool2d_0): MaxPool2d(kernel_size=(1, 3), stride=(1, 3), dilation=(1, 1))
    (conv2d_1): Conv2d (256, 256, kernel_size=(3, 3), stride=(1, 1))
    (ReLU_1): ReLU()
    (maxpool2d_1): MaxPool2d(kernel_size=(1, 3), stride=(1, 3), dilation=(1, 1))
  )
  (encoder_fc): Sequential(
    (lin_0): Linear(in_features=14336, out_features=1024)
    (ReLU_0): ReLU()
    (lin_final): Linear(in_features=1024, out_features=256)
    (ReLU_final): ReLU()
  )
  (decoder_fc_ihm): Sequential(
    (ReLU_0): ReLU()
    (lin_0): Linear(in_features=256, out_features=1024)
    (ReLU_final): ReLU()
    (lin_final): Linear(in_features=1024, out_features=14336)
  )
  (decoder_deconv_ihm): Sequential(
    (ReLU_0): ReLU()
    (maxunpool2d_0): MaxUnpool2d(kernel_size=(1, 3), stride=(1, 3), padding=(0, 0))
    (conv2d_0): Conv2d (256, 256, kernel_size=(3, 3), stride=(1, 1), padding=(2, 2))
    (ReLU_1): ReLU()
    (maxunpool2d_1): MaxUnpool2d(kernel_size=(1, 3), stride=(1, 3), padding=(0, 0))
    (conv2d_1): Conv2d (256, 1, kernel_size=(3, 3), stride=(1, 1), padding=(2, 2))
  )
  (decoder_fc_sdm1): Sequential(
    (ReLU_0): ReLU()
    (lin_0): Linear(in_features=256, out_features=1024)
    (ReLU_final): ReLU()
    (lin_final): Linear(in_features=1024, out_features=14336)
  )
  (decoder_deconv_sdm1): Sequential(
    (ReLU_0): ReLU()
    (maxunpool2d_0): MaxUnpool2d(kernel_size=(1, 3), stride=(1, 3), padding=(0, 0))
    (conv2d_0): Conv2d (256, 256, kernel_size=(3, 3), stride=(1, 1), padding=(2, 2))
    (ReLU_1): ReLU()
    (maxunpool2d_1): MaxUnpool2d(kernel_size=(1, 3), stride=(1, 3), padding=(0, 0))
    (conv2d_1): Conv2d (256, 1, kernel_size=(3, 3), stride=(1, 1), padding=(2, 2))
  )
)
Model has 46636034 trainable parameters
Setting up data...
Setting up training datasets...
Using 2407138 training features (9403 batches) for class ihm
Using 2407138 training features (9403 batches) for class sdm1
Setting up dev datasets...
Using 249565 dev features (975 batches) for class ihm
Using 249565 dev features (975 batches) for class sdm1
Setting up minibatch shuffling for training...
18806 total batches: {'ihm': 9403, 'sdm1': 9403}
Done setting up data.
Completed setup in 120.552 seconds
Starting training!

STARTING EPOCH 1
GENERATOR Train epoch 1: [1000/18806 (5.3%)]
Losses:
=> Class ihm
===> autoencoding_recon_loss: 468.956
===> backtranslation_recon_loss: 510.205
===> Total for class ihm: 979.161
=> Class sdm1
===> autoencoding_recon_loss: 431.628
===> backtranslation_recon_loss: 472.502
===> Total for class sdm1: 904.130
TOTAL: 1883.291
GENERATOR Train epoch 1: [2000/18806 (10.6%)]
Losses:
=> Class ihm
===> autoencoding_recon_loss: 315.559
===> backtranslation_recon_loss: 353.277
===> Total for class ihm: 668.836
=> Class sdm1
===> autoencoding_recon_loss: 310.985
===> backtranslation_recon_loss: 350.394
===> Total for class sdm1: 661.378
TOTAL: 1330.214
GENERATOR Train epoch 1: [3000/18806 (16.0%)]
Losses:
=> Class ihm
===> autoencoding_recon_loss: 250.618
===> backtranslation_recon_loss: 279.731
===> Total for class ihm: 530.349
=> Class sdm1
===> autoencoding_recon_loss: 258.718
===> backtranslation_recon_loss: 291.081
===> Total for class sdm1: 549.799
TOTAL: 1080.148
GENERATOR Train epoch 1: [4000/18806 (21.3%)]
Losses:
=> Class ihm
===> autoencoding_recon_loss: 213.993
===> backtranslation_recon_loss: 236.545
===> Total for class ihm: 450.538
=> Class sdm1
===> autoencoding_recon_loss: 228.721
===> backtranslation_recon_loss: 255.200
===> Total for class sdm1: 483.920
TOTAL: 934.458
GENERATOR Train epoch 1: [5000/18806 (26.6%)]
Losses:
=> Class ihm
===> autoencoding_recon_loss: 190.022
===> backtranslation_recon_loss: 207.567
===> Total for class ihm: 397.589
=> Class sdm1
===> autoencoding_recon_loss: 209.848
===> backtranslation_recon_loss: 232.020
===> Total for class sdm1: 441.867
TOTAL: 839.456
GENERATOR Train epoch 1: [6000/18806 (31.9%)]
Losses:
=> Class ihm
===> autoencoding_recon_loss: 174.287
===> backtranslation_recon_loss: 188.454
===> Total for class ihm: 362.741
=> Class sdm1
===> autoencoding_recon_loss: 195.583
===> backtranslation_recon_loss: 214.483
===> Total for class sdm1: 410.066
TOTAL: 772.807
GENERATOR Train epoch 1: [7000/18806 (37.2%)]
Losses:
=> Class ihm
===> autoencoding_recon_loss: 162.136
===> backtranslation_recon_loss: 173.722
===> Total for class ihm: 335.859
=> Class sdm1
===> autoencoding_recon_loss: 185.291
===> backtranslation_recon_loss: 201.608
===> Total for class sdm1: 386.900
TOTAL: 722.758
GENERATOR Train epoch 1: [8000/18806 (42.5%)]
Losses:
=> Class ihm
===> autoencoding_recon_loss: 152.335
===> backtranslation_recon_loss: 161.856
===> Total for class ihm: 314.191
=> Class sdm1
===> autoencoding_recon_loss: 176.086
===> backtranslation_recon_loss: 190.000
===> Total for class sdm1: 366.086
TOTAL: 680.277
GENERATOR Train epoch 1: [9000/18806 (47.9%)]
Losses:
=> Class ihm
===> autoencoding_recon_loss: 144.283
===> backtranslation_recon_loss: 152.233
===> Total for class ihm: 296.516
=> Class sdm1
===> autoencoding_recon_loss: 169.024
===> backtranslation_recon_loss: 181.029
===> Total for class sdm1: 350.053
TOTAL: 646.570
GENERATOR Train epoch 1: [10000/18806 (53.2%)]
Losses:
=> Class ihm
===> autoencoding_recon_loss: 137.271
===> backtranslation_recon_loss: 143.774
===> Total for class ihm: 281.045
=> Class sdm1
===> autoencoding_recon_loss: 163.218
===> backtranslation_recon_loss: 173.510
===> Total for class sdm1: 336.728
TOTAL: 617.772
GENERATOR Train epoch 1: [11000/18806 (58.5%)]
Losses:
=> Class ihm
===> autoencoding_recon_loss: 131.446
===> backtranslation_recon_loss: 136.716
===> Total for class ihm: 268.161
=> Class sdm1
===> autoencoding_recon_loss: 158.395
===> backtranslation_recon_loss: 167.169
===> Total for class sdm1: 325.563
TOTAL: 593.725
GENERATOR Train epoch 1: [12000/18806 (63.8%)]
Losses:
=> Class ihm
===> autoencoding_recon_loss: 126.549
===> backtranslation_recon_loss: 130.823
===> Total for class ihm: 257.372
=> Class sdm1
===> autoencoding_recon_loss: 154.215
===> backtranslation_recon_loss: 161.599
===> Total for class sdm1: 315.814
TOTAL: 573.186
GENERATOR Train epoch 1: [13000/18806 (69.1%)]
Losses:
=> Class ihm
===> autoencoding_recon_loss: 122.372
===> backtranslation_recon_loss: 125.784
===> Total for class ihm: 248.156
=> Class sdm1
===> autoencoding_recon_loss: 150.092
===> backtranslation_recon_loss: 156.252
===> Total for class sdm1: 306.344
TOTAL: 554.500
GENERATOR Train epoch 1: [14000/18806 (74.4%)]
Losses:
=> Class ihm
===> autoencoding_recon_loss: 118.425
===> backtranslation_recon_loss: 121.032
===> Total for class ihm: 239.457
=> Class sdm1
===> autoencoding_recon_loss: 146.437
===> backtranslation_recon_loss: 151.495
===> Total for class sdm1: 297.933
TOTAL: 537.390
GENERATOR Train epoch 1: [15000/18806 (79.8%)]
Losses:
=> Class ihm
===> autoencoding_recon_loss: 115.291
===> backtranslation_recon_loss: 117.236
===> Total for class ihm: 232.527
=> Class sdm1
===> autoencoding_recon_loss: 142.977
===> backtranslation_recon_loss: 147.045
===> Total for class sdm1: 290.022
TOTAL: 522.549
GENERATOR Train epoch 1: [16000/18806 (85.1%)]
Losses:
=> Class ihm
===> autoencoding_recon_loss: 112.307
===> backtranslation_recon_loss: 113.622
===> Total for class ihm: 225.929
=> Class sdm1
===> autoencoding_recon_loss: 140.011
===> backtranslation_recon_loss: 143.214
===> Total for class sdm1: 283.225
TOTAL: 509.154
GENERATOR Train epoch 1: [17000/18806 (90.4%)]
Losses:
=> Class ihm
===> autoencoding_recon_loss: 109.540
===> backtranslation_recon_loss: 110.248
===> Total for class ihm: 219.788
=> Class sdm1
===> autoencoding_recon_loss: 137.437
===> backtranslation_recon_loss: 139.850
===> Total for class sdm1: 277.287
TOTAL: 497.075
GENERATOR Train epoch 1: [18000/18806 (95.7%)]
Losses:
=> Class ihm
===> autoencoding_recon_loss: 107.072
===> backtranslation_recon_loss: 107.297
===> Total for class ihm: 214.369
=> Class sdm1
===> autoencoding_recon_loss: 134.846
===> backtranslation_recon_loss: 136.524
===> Total for class sdm1: 271.370
TOTAL: 485.739

EPOCH 1 TRAIN (4720.559s)
Losses:
=> Class ihm
===> autoencoding_recon_loss: 26967.400
===> backtranslation_recon_loss: 26937.805
===> Total for class ihm: 53905.205
=> Class sdm1
===> autoencoding_recon_loss: 34039.084
===> backtranslation_recon_loss: 34323.955
===> Total for class sdm1: 68363.039
TOTAL: 122268.244

EPOCH 1 DEV (157.873s)
Losses:
=> Class ihm
===> autoencoding_recon_loss: 16641.354
===> backtranslation_recon_loss: 14227.488
===> Total for class ihm: 30868.842
=> Class sdm1
===> autoencoding_recon_loss: 23281.949
===> backtranslation_recon_loss: 20482.250
===> Total for class sdm1: 43764.199
TOTAL: 74633.041

New best dev set loss: 74633.041234
Saved checkpoint for model

STARTING EPOCH 2
GENERATOR Train epoch 2: [1000/18806 (5.3%)]
Losses:
=> Class ihm
===> autoencoding_recon_loss: 62.470
===> backtranslation_recon_loss: 53.572
===> Total for class ihm: 116.042
=> Class sdm1
===> autoencoding_recon_loss: 91.671
===> backtranslation_recon_loss: 80.374
===> Total for class sdm1: 172.044
TOTAL: 288.086
GENERATOR Train epoch 2: [2000/18806 (10.6%)]
Losses:
=> Class ihm
===> autoencoding_recon_loss: 61.780
===> backtranslation_recon_loss: 53.128
===> Total for class ihm: 114.908
=> Class sdm1
===> autoencoding_recon_loss: 91.061
===> backtranslation_recon_loss: 79.961
===> Total for class sdm1: 171.022
TOTAL: 285.930
GENERATOR Train epoch 2: [3000/18806 (16.0%)]
Losses:
=> Class ihm
===> autoencoding_recon_loss: 60.939
===> backtranslation_recon_loss: 52.188
===> Total for class ihm: 113.127
=> Class sdm1
===> autoencoding_recon_loss: 90.160
===> backtranslation_recon_loss: 78.749
===> Total for class sdm1: 168.909
TOTAL: 282.036
GENERATOR Train epoch 2: [4000/18806 (21.3%)]
Losses:
=> Class ihm
===> autoencoding_recon_loss: 60.325
===> backtranslation_recon_loss: 51.559
===> Total for class ihm: 111.884
=> Class sdm1
===> autoencoding_recon_loss: 89.423
===> backtranslation_recon_loss: 77.919
===> Total for class sdm1: 167.342
TOTAL: 279.226
GENERATOR Train epoch 2: [5000/18806 (26.6%)]
Losses:
=> Class ihm
===> autoencoding_recon_loss: 60.090
===> backtranslation_recon_loss: 51.416
===> Total for class ihm: 111.506
=> Class sdm1
===> autoencoding_recon_loss: 88.886
===> backtranslation_recon_loss: 77.495
===> Total for class sdm1: 166.381
TOTAL: 277.887
GENERATOR Train epoch 2: [6000/18806 (31.9%)]
Losses:
=> Class ihm
===> autoencoding_recon_loss: 59.866
===> backtranslation_recon_loss: 51.129
===> Total for class ihm: 110.995
=> Class sdm1
===> autoencoding_recon_loss: 88.060
===> backtranslation_recon_loss: 76.481
===> Total for class sdm1: 164.541
TOTAL: 275.537
GENERATOR Train epoch 2: [7000/18806 (37.2%)]
Losses:
=> Class ihm
===> autoencoding_recon_loss: 59.718
===> backtranslation_recon_loss: 51.151
===> Total for class ihm: 110.869
=> Class sdm1
===> autoencoding_recon_loss: 88.095
===> backtranslation_recon_loss: 76.666
===> Total for class sdm1: 164.761
TOTAL: 275.630
GENERATOR Train epoch 2: [8000/18806 (42.5%)]
Losses:
=> Class ihm
===> autoencoding_recon_loss: 59.446
===> backtranslation_recon_loss: 51.043
===> Total for class ihm: 110.489
=> Class sdm1
===> autoencoding_recon_loss: 87.803
===> backtranslation_recon_loss: 76.530
===> Total for class sdm1: 164.333
TOTAL: 274.822
GENERATOR Train epoch 2: [9000/18806 (47.9%)]
Losses:
=> Class ihm
===> autoencoding_recon_loss: 59.024
===> backtranslation_recon_loss: 50.527
===> Total for class ihm: 109.551
=> Class sdm1
===> autoencoding_recon_loss: 87.272
===> backtranslation_recon_loss: 75.911
===> Total for class sdm1: 163.182
TOTAL: 272.733
GENERATOR Train epoch 2: [10000/18806 (53.2%)]
Losses:
=> Class ihm
===> autoencoding_recon_loss: 58.613
===> backtranslation_recon_loss: 50.120
===> Total for class ihm: 108.733
=> Class sdm1
===> autoencoding_recon_loss: 87.007
===> backtranslation_recon_loss: 75.583
===> Total for class sdm1: 162.591
TOTAL: 271.324
GENERATOR Train epoch 2: [11000/18806 (58.5%)]
Losses:
=> Class ihm
===> autoencoding_recon_loss: 58.273
===> backtranslation_recon_loss: 49.705
===> Total for class ihm: 107.978
=> Class sdm1
===> autoencoding_recon_loss: 86.686
===> backtranslation_recon_loss: 75.188
===> Total for class sdm1: 161.874
TOTAL: 269.851
GENERATOR Train epoch 2: [12000/18806 (63.8%)]
Losses:
=> Class ihm
===> autoencoding_recon_loss: 58.004
===> backtranslation_recon_loss: 49.375
===> Total for class ihm: 107.379
=> Class sdm1
===> autoencoding_recon_loss: 86.541
===> backtranslation_recon_loss: 74.873
===> Total for class sdm1: 161.414
TOTAL: 268.793
GENERATOR Train epoch 2: [13000/18806 (69.1%)]
Losses:
=> Class ihm
===> autoencoding_recon_loss: 57.688
===> backtranslation_recon_loss: 49.011
===> Total for class ihm: 106.700
=> Class sdm1
===> autoencoding_recon_loss: 86.022
===> backtranslation_recon_loss: 74.270
===> Total for class sdm1: 160.292
TOTAL: 266.992
GENERATOR Train epoch 2: [14000/18806 (74.4%)]
Losses:
=> Class ihm
===> autoencoding_recon_loss: 57.439
===> backtranslation_recon_loss: 48.760
===> Total for class ihm: 106.199
=> Class sdm1
===> autoencoding_recon_loss: 85.483
===> backtranslation_recon_loss: 73.679
===> Total for class sdm1: 159.162
TOTAL: 265.361
GENERATOR Train epoch 2: [15000/18806 (79.8%)]
Losses:
=> Class ihm
===> autoencoding_recon_loss: 57.141
===> backtranslation_recon_loss: 48.414
===> Total for class ihm: 105.554
=> Class sdm1
===> autoencoding_recon_loss: 85.050
===> backtranslation_recon_loss: 73.183
===> Total for class sdm1: 158.233
TOTAL: 263.787
GENERATOR Train epoch 2: [16000/18806 (85.1%)]
Losses:
=> Class ihm
===> autoencoding_recon_loss: 56.826
===> backtranslation_recon_loss: 48.099
===> Total for class ihm: 104.925
=> Class sdm1
===> autoencoding_recon_loss: 84.693
===> backtranslation_recon_loss: 72.786
===> Total for class sdm1: 157.479
TOTAL: 262.404
GENERATOR Train epoch 2: [17000/18806 (90.4%)]
Losses:
=> Class ihm
===> autoencoding_recon_loss: 56.619
===> backtranslation_recon_loss: 47.892
===> Total for class ihm: 104.511
=> Class sdm1
===> autoencoding_recon_loss: 84.456
===> backtranslation_recon_loss: 72.474
===> Total for class sdm1: 156.929
TOTAL: 261.440
GENERATOR Train epoch 2: [18000/18806 (95.7%)]
Losses:
=> Class ihm
===> autoencoding_recon_loss: 56.329
===> backtranslation_recon_loss: 47.586
===> Total for class ihm: 103.915
=> Class sdm1
===> autoencoding_recon_loss: 83.950
===> backtranslation_recon_loss: 71.910
===> Total for class sdm1: 155.859
TOTAL: 259.774

EPOCH 2 TRAIN (4720.388s)
Losses:
=> Class ihm
===> autoencoding_recon_loss: 14386.839
===> backtranslation_recon_loss: 12148.237
===> Total for class ihm: 26535.076
=> Class sdm1
===> autoencoding_recon_loss: 21426.438
===> backtranslation_recon_loss: 18337.956
===> Total for class sdm1: 39764.394
TOTAL: 66299.469

EPOCH 2 DEV (157.605s)
Losses:
=> Class ihm
===> autoencoding_recon_loss: 13419.209
===> backtranslation_recon_loss: 10398.571
===> Total for class ihm: 23817.780
=> Class sdm1
===> autoencoding_recon_loss: 19396.315
===> backtranslation_recon_loss: 15499.663
===> Total for class sdm1: 34895.978
TOTAL: 58713.759

New best dev set loss: 58713.758729
Saved checkpoint for model

STARTING EPOCH 3
GENERATOR Train epoch 3: [1000/18806 (5.3%)]
Losses:
=> Class ihm
===> autoencoding_recon_loss: 50.239
===> backtranslation_recon_loss: 40.652
===> Total for class ihm: 90.892
=> Class sdm1
===> autoencoding_recon_loss: 77.129
===> backtranslation_recon_loss: 63.871
===> Total for class sdm1: 141.000
TOTAL: 231.891
GENERATOR Train epoch 3: [2000/18806 (10.6%)]
Losses:
=> Class ihm
===> autoencoding_recon_loss: 50.250
===> backtranslation_recon_loss: 41.107
===> Total for class ihm: 91.357
=> Class sdm1
===> autoencoding_recon_loss: 76.716
===> backtranslation_recon_loss: 63.906
===> Total for class sdm1: 140.622
TOTAL: 231.979
GENERATOR Train epoch 3: [3000/18806 (16.0%)]
Losses:
=> Class ihm
===> autoencoding_recon_loss: 49.782
===> backtranslation_recon_loss: 40.587
===> Total for class ihm: 90.369
=> Class sdm1
===> autoencoding_recon_loss: 76.376
===> backtranslation_recon_loss: 63.468
===> Total for class sdm1: 139.844
TOTAL: 230.213
GENERATOR Train epoch 3: [4000/18806 (21.3%)]
Losses:
=> Class ihm
===> autoencoding_recon_loss: 49.510
===> backtranslation_recon_loss: 40.442
===> Total for class ihm: 89.952
=> Class sdm1
===> autoencoding_recon_loss: 76.038
===> backtranslation_recon_loss: 63.106
===> Total for class sdm1: 139.143
TOTAL: 229.095
GENERATOR Train epoch 3: [5000/18806 (26.6%)]
Losses:
=> Class ihm
===> autoencoding_recon_loss: 49.370
===> backtranslation_recon_loss: 40.264
===> Total for class ihm: 89.635
=> Class sdm1
===> autoencoding_recon_loss: 75.789
===> backtranslation_recon_loss: 62.828
===> Total for class sdm1: 138.618
TOTAL: 228.252
GENERATOR Train epoch 3: [6000/18806 (31.9%)]
Losses:
=> Class ihm
===> autoencoding_recon_loss: 49.456
===> backtranslation_recon_loss: 40.386
===> Total for class ihm: 89.842
=> Class sdm1
===> autoencoding_recon_loss: 75.444
===> backtranslation_recon_loss: 62.390
===> Total for class sdm1: 137.834
TOTAL: 227.676
GENERATOR Train epoch 3: [7000/18806 (37.2%)]
Losses:
=> Class ihm
===> autoencoding_recon_loss: 49.383
===> backtranslation_recon_loss: 40.338
===> Total for class ihm: 89.720
=> Class sdm1
===> autoencoding_recon_loss: 75.478
===> backtranslation_recon_loss: 62.434
===> Total for class sdm1: 137.912
TOTAL: 227.632
GENERATOR Train epoch 3: [8000/18806 (42.5%)]
Losses:
=> Class ihm
===> autoencoding_recon_loss: 49.116
===> backtranslation_recon_loss: 40.068
===> Total for class ihm: 89.184
=> Class sdm1
===> autoencoding_recon_loss: 75.212
===> backtranslation_recon_loss: 62.182
===> Total for class sdm1: 137.394
TOTAL: 226.578
GENERATOR Train epoch 3: [9000/18806 (47.9%)]
Losses:
=> Class ihm
===> autoencoding_recon_loss: 48.989
===> backtranslation_recon_loss: 39.947
===> Total for class ihm: 88.937
=> Class sdm1
===> autoencoding_recon_loss: 75.072
===> backtranslation_recon_loss: 62.046
===> Total for class sdm1: 137.118
TOTAL: 226.055
GENERATOR Train epoch 3: [10000/18806 (53.2%)]
Losses:
=> Class ihm
===> autoencoding_recon_loss: 48.693
===> backtranslation_recon_loss: 39.662
===> Total for class ihm: 88.354
=> Class sdm1
===> autoencoding_recon_loss: 74.933
===> backtranslation_recon_loss: 61.851
===> Total for class sdm1: 136.784
TOTAL: 225.138
GENERATOR Train epoch 3: [11000/18806 (58.5%)]
Losses:
=> Class ihm
===> autoencoding_recon_loss: 48.579
===> backtranslation_recon_loss: 39.571
===> Total for class ihm: 88.150
=> Class sdm1
===> autoencoding_recon_loss: 74.841
===> backtranslation_recon_loss: 61.725
===> Total for class sdm1: 136.566
TOTAL: 224.716
GENERATOR Train epoch 3: [12000/18806 (63.8%)]
Losses:
=> Class ihm
===> autoencoding_recon_loss: 48.486
===> backtranslation_recon_loss: 39.520
===> Total for class ihm: 88.006
=> Class sdm1
===> autoencoding_recon_loss: 74.873
===> backtranslation_recon_loss: 61.776
===> Total for class sdm1: 136.648
TOTAL: 224.654
GENERATOR Train epoch 3: [13000/18806 (69.1%)]
Losses:
=> Class ihm
===> autoencoding_recon_loss: 48.360
===> backtranslation_recon_loss: 39.401
===> Total for class ihm: 87.761
=> Class sdm1
===> autoencoding_recon_loss: 74.658
===> backtranslation_recon_loss: 61.555
===> Total for class sdm1: 136.213
TOTAL: 223.975
GENERATOR Train epoch 3: [14000/18806 (74.4%)]
Losses:
=> Class ihm
===> autoencoding_recon_loss: 48.272
===> backtranslation_recon_loss: 39.356
===> Total for class ihm: 87.628
=> Class sdm1
===> autoencoding_recon_loss: 74.343
===> backtranslation_recon_loss: 61.242
===> Total for class sdm1: 135.585
TOTAL: 223.213
GENERATOR Train epoch 3: [15000/18806 (79.8%)]
Losses:
=> Class ihm
===> autoencoding_recon_loss: 48.165
===> backtranslation_recon_loss: 39.256
===> Total for class ihm: 87.421
=> Class sdm1
===> autoencoding_recon_loss: 74.128
===> backtranslation_recon_loss: 61.023
===> Total for class sdm1: 135.151
TOTAL: 222.572
GENERATOR Train epoch 3: [16000/18806 (85.1%)]
Losses:
=> Class ihm
===> autoencoding_recon_loss: 48.036
===> backtranslation_recon_loss: 39.148
===> Total for class ihm: 87.184
=> Class sdm1
===> autoencoding_recon_loss: 74.011
===> backtranslation_recon_loss: 60.914
===> Total for class sdm1: 134.925
TOTAL: 222.108
GENERATOR Train epoch 3: [17000/18806 (90.4%)]
Losses:
=> Class ihm
===> autoencoding_recon_loss: 47.875
===> backtranslation_recon_loss: 38.996
===> Total for class ihm: 86.871
=> Class sdm1
===> autoencoding_recon_loss: 73.915
===> backtranslation_recon_loss: 60.843
===> Total for class sdm1: 134.758
TOTAL: 221.629
GENERATOR Train epoch 3: [18000/18806 (95.7%)]
Losses:
=> Class ihm
===> autoencoding_recon_loss: 47.749
===> backtranslation_recon_loss: 38.872
===> Total for class ihm: 86.621
=> Class sdm1
===> autoencoding_recon_loss: 73.625
===> backtranslation_recon_loss: 60.536
===> Total for class sdm1: 134.162
TOTAL: 220.783

EPOCH 3 TRAIN (4723.192s)
Losses:
=> Class ihm
===> autoencoding_recon_loss: 12209.443
===> backtranslation_recon_loss: 9940.673
===> Total for class ihm: 22150.116
=> Class sdm1
===> autoencoding_recon_loss: 18814.977
===> backtranslation_recon_loss: 15461.368
===> Total for class sdm1: 34276.345
TOTAL: 56426.461

EPOCH 3 DEV (157.379s)
Losses:
=> Class ihm
===> autoencoding_recon_loss: 11794.093
===> backtranslation_recon_loss: 9433.194
===> Total for class ihm: 21227.287
=> Class sdm1
===> autoencoding_recon_loss: 17714.018
===> backtranslation_recon_loss: 14079.486
===> Total for class sdm1: 31793.505
TOTAL: 53020.792

New best dev set loss: 53020.792015
Saved checkpoint for model

STARTING EPOCH 4
GENERATOR Train epoch 4: [1000/18806 (5.3%)]
Losses:
=> Class ihm
===> autoencoding_recon_loss: 46.394
===> backtranslation_recon_loss: 38.439
===> Total for class ihm: 84.833
=> Class sdm1
===> autoencoding_recon_loss: 73.509
===> backtranslation_recon_loss: 60.868
===> Total for class sdm1: 134.377
TOTAL: 219.209
GENERATOR Train epoch 4: [2000/18806 (10.6%)]
Losses:
=> Class ihm
===> autoencoding_recon_loss: 45.173
===> backtranslation_recon_loss: 36.924
===> Total for class ihm: 82.097
=> Class sdm1
===> autoencoding_recon_loss: 71.279
===> backtranslation_recon_loss: 58.434
===> Total for class sdm1: 129.713
TOTAL: 211.810
GENERATOR Train epoch 4: [3000/18806 (16.0%)]
Losses:
=> Class ihm
===> autoencoding_recon_loss: 44.909
===> backtranslation_recon_loss: 36.808
===> Total for class ihm: 81.716
=> Class sdm1
===> autoencoding_recon_loss: 70.919
===> backtranslation_recon_loss: 58.171
===> Total for class sdm1: 129.090
TOTAL: 210.807
GENERATOR Train epoch 4: [4000/18806 (21.3%)]
Losses:
=> Class ihm
===> autoencoding_recon_loss: 44.630
===> backtranslation_recon_loss: 36.429
===> Total for class ihm: 81.059
=> Class sdm1
===> autoencoding_recon_loss: 70.507
===> backtranslation_recon_loss: 57.618
===> Total for class sdm1: 128.125
TOTAL: 209.184
GENERATOR Train epoch 4: [5000/18806 (26.6%)]
Losses:
=> Class ihm
===> autoencoding_recon_loss: 44.347
===> backtranslation_recon_loss: 36.117
===> Total for class ihm: 80.465
=> Class sdm1
===> autoencoding_recon_loss: 70.213
===> backtranslation_recon_loss: 57.240
===> Total for class sdm1: 127.453
TOTAL: 207.918
GENERATOR Train epoch 4: [6000/18806 (31.9%)]
Losses:
=> Class ihm
===> autoencoding_recon_loss: 44.553
===> backtranslation_recon_loss: 36.359
===> Total for class ihm: 80.912
=> Class sdm1
===> autoencoding_recon_loss: 69.884
===> backtranslation_recon_loss: 56.871
===> Total for class sdm1: 126.755
TOTAL: 207.667
GENERATOR Train epoch 4: [7000/18806 (37.2%)]
Losses:
=> Class ihm
===> autoencoding_recon_loss: 44.337
===> backtranslation_recon_loss: 36.138
===> Total for class ihm: 80.475
=> Class sdm1
===> autoencoding_recon_loss: 69.795
===> backtranslation_recon_loss: 56.717
===> Total for class sdm1: 126.512
TOTAL: 206.987
GENERATOR Train epoch 4: [8000/18806 (42.5%)]
Losses:
=> Class ihm
===> autoencoding_recon_loss: 44.233
===> backtranslation_recon_loss: 36.032
===> Total for class ihm: 80.265
=> Class sdm1
===> autoencoding_recon_loss: 69.723
===> backtranslation_recon_loss: 56.622
===> Total for class sdm1: 126.345
TOTAL: 206.610
GENERATOR Train epoch 4: [9000/18806 (47.9%)]
Losses:
=> Class ihm
===> autoencoding_recon_loss: 44.144
===> backtranslation_recon_loss: 35.946
===> Total for class ihm: 80.090
=> Class sdm1
===> autoencoding_recon_loss: 69.608
===> backtranslation_recon_loss: 56.491
===> Total for class sdm1: 126.099
TOTAL: 206.189
GENERATOR Train epoch 4: [10000/18806 (53.2%)]
Losses:
=> Class ihm
===> autoencoding_recon_loss: 43.953
===> backtranslation_recon_loss: 35.742
===> Total for class ihm: 79.695
=> Class sdm1
===> autoencoding_recon_loss: 69.591
===> backtranslation_recon_loss: 56.442
===> Total for class sdm1: 126.033
TOTAL: 205.728
GENERATOR Train epoch 4: [11000/18806 (58.5%)]
Losses:
=> Class ihm
===> autoencoding_recon_loss: 43.922
===> backtranslation_recon_loss: 35.772
===> Total for class ihm: 79.694
=> Class sdm1
===> autoencoding_recon_loss: 69.638
===> backtranslation_recon_loss: 56.455
===> Total for class sdm1: 126.093
TOTAL: 205.786
GENERATOR Train epoch 4: [12000/18806 (63.8%)]
Losses:
=> Class ihm
===> autoencoding_recon_loss: 43.839
===> backtranslation_recon_loss: 35.706
===> Total for class ihm: 79.545
=> Class sdm1
===> autoencoding_recon_loss: 69.685
===> backtranslation_recon_loss: 56.446
===> Total for class sdm1: 126.131
TOTAL: 205.677
GENERATOR Train epoch 4: [13000/18806 (69.1%)]
Losses:
=> Class ihm
===> autoencoding_recon_loss: 43.756
===> backtranslation_recon_loss: 35.599
===> Total for class ihm: 79.355
=> Class sdm1
===> autoencoding_recon_loss: 69.488
===> backtranslation_recon_loss: 56.211
===> Total for class sdm1: 125.699
TOTAL: 205.054
GENERATOR Train epoch 4: [14000/18806 (74.4%)]
Losses:
=> Class ihm
===> autoencoding_recon_loss: 43.670
===> backtranslation_recon_loss: 35.525
===> Total for class ihm: 79.195
=> Class sdm1
===> autoencoding_recon_loss: 69.243
===> backtranslation_recon_loss: 55.936
===> Total for class sdm1: 125.179
TOTAL: 204.374
GENERATOR Train epoch 4: [15000/18806 (79.8%)]
Losses:
=> Class ihm
===> autoencoding_recon_loss: 43.611
===> backtranslation_recon_loss: 35.468
===> Total for class ihm: 79.080
=> Class sdm1
===> autoencoding_recon_loss: 69.074
===> backtranslation_recon_loss: 55.746
===> Total for class sdm1: 124.821
TOTAL: 203.901
GENERATOR Train epoch 4: [16000/18806 (85.1%)]
Losses:
=> Class ihm
===> autoencoding_recon_loss: 43.604
===> backtranslation_recon_loss: 35.512
===> Total for class ihm: 79.116
=> Class sdm1
===> autoencoding_recon_loss: 69.121
===> backtranslation_recon_loss: 55.815
===> Total for class sdm1: 124.936
TOTAL: 204.052
GENERATOR Train epoch 4: [17000/18806 (90.4%)]
Losses:
=> Class ihm
===> autoencoding_recon_loss: 43.475
===> backtranslation_recon_loss: 35.360
===> Total for class ihm: 78.835
=> Class sdm1
===> autoencoding_recon_loss: 68.983
===> backtranslation_recon_loss: 55.612
===> Total for class sdm1: 124.595
TOTAL: 203.430
GENERATOR Train epoch 4: [18000/18806 (95.7%)]
Losses:
=> Class ihm
===> autoencoding_recon_loss: 43.468
===> backtranslation_recon_loss: 35.418
===> Total for class ihm: 78.887
=> Class sdm1
===> autoencoding_recon_loss: 68.877
===> backtranslation_recon_loss: 55.542
===> Total for class sdm1: 124.419
TOTAL: 203.306

EPOCH 4 TRAIN (4713.085s)
Losses:
=> Class ihm
===> autoencoding_recon_loss: 11124.800
===> backtranslation_recon_loss: 9071.371
===> Total for class ihm: 20196.171
=> Class sdm1
===> autoencoding_recon_loss: 17618.997
===> backtranslation_recon_loss: 14203.543
===> Total for class sdm1: 31822.540
TOTAL: 52018.711

EPOCH 4 DEV (155.507s)
Losses:
=> Class ihm
===> autoencoding_recon_loss: 11221.810
===> backtranslation_recon_loss: 8648.651
===> Total for class ihm: 19870.462
=> Class sdm1
===> autoencoding_recon_loss: 16726.325
===> backtranslation_recon_loss: 13243.958
===> Total for class sdm1: 29970.283
TOTAL: 49840.745

New best dev set loss: 49840.744949
Saved checkpoint for model

STARTING EPOCH 5
GENERATOR Train epoch 5: [1000/18806 (5.3%)]
Losses:
=> Class ihm
===> autoencoding_recon_loss: 41.282
===> backtranslation_recon_loss: 33.292
===> Total for class ihm: 74.574
=> Class sdm1
===> autoencoding_recon_loss: 67.291
===> backtranslation_recon_loss: 53.469
===> Total for class sdm1: 120.760
TOTAL: 195.333
GENERATOR Train epoch 5: [2000/18806 (10.6%)]
Losses:
=> Class ihm
===> autoencoding_recon_loss: 41.291
===> backtranslation_recon_loss: 33.421
===> Total for class ihm: 74.713
=> Class sdm1
===> autoencoding_recon_loss: 66.975
===> backtranslation_recon_loss: 53.406
===> Total for class sdm1: 120.381
TOTAL: 195.093
GENERATOR Train epoch 5: [3000/18806 (16.0%)]
Losses:
=> Class ihm
===> autoencoding_recon_loss: 40.917
===> backtranslation_recon_loss: 33.016
===> Total for class ihm: 73.933
=> Class sdm1
===> autoencoding_recon_loss: 66.613
===> backtranslation_recon_loss: 52.991
===> Total for class sdm1: 119.604
TOTAL: 193.537
GENERATOR Train epoch 5: [4000/18806 (21.3%)]
Losses:
=> Class ihm
===> autoencoding_recon_loss: 40.881
===> backtranslation_recon_loss: 33.044
===> Total for class ihm: 73.925
=> Class sdm1
===> autoencoding_recon_loss: 66.647
===> backtranslation_recon_loss: 53.072
===> Total for class sdm1: 119.719
TOTAL: 193.644
GENERATOR Train epoch 5: [5000/18806 (26.6%)]
Losses:
=> Class ihm
===> autoencoding_recon_loss: 40.800
===> backtranslation_recon_loss: 32.959
===> Total for class ihm: 73.759
=> Class sdm1
===> autoencoding_recon_loss: 66.434
===> backtranslation_recon_loss: 52.799
===> Total for class sdm1: 119.233
TOTAL: 192.991
GENERATOR Train epoch 5: [6000/18806 (31.9%)]
Losses:
=> Class ihm
===> autoencoding_recon_loss: 41.101
===> backtranslation_recon_loss: 33.330
===> Total for class ihm: 74.431
=> Class sdm1
===> autoencoding_recon_loss: 66.339
===> backtranslation_recon_loss: 52.790
===> Total for class sdm1: 119.129
TOTAL: 193.560
GENERATOR Train epoch 5: [7000/18806 (37.2%)]
Losses:
=> Class ihm
===> autoencoding_recon_loss: 41.031
===> backtranslation_recon_loss: 33.281
===> Total for class ihm: 74.312
=> Class sdm1
===> autoencoding_recon_loss: 66.421
===> backtranslation_recon_loss: 52.880
===> Total for class sdm1: 119.300
TOTAL: 193.612
GENERATOR Train epoch 5: [8000/18806 (42.5%)]
Losses:
=> Class ihm
===> autoencoding_recon_loss: 40.899
===> backtranslation_recon_loss: 33.170
===> Total for class ihm: 74.069
=> Class sdm1
===> autoencoding_recon_loss: 66.326
===> backtranslation_recon_loss: 52.860
===> Total for class sdm1: 119.186
TOTAL: 193.255
GENERATOR Train epoch 5: [9000/18806 (47.9%)]
Losses:
=> Class ihm
===> autoencoding_recon_loss: 40.836
===> backtranslation_recon_loss: 33.142
===> Total for class ihm: 73.978
=> Class sdm1
===> autoencoding_recon_loss: 66.243
===> backtranslation_recon_loss: 52.813
===> Total for class sdm1: 119.056
TOTAL: 193.035
GENERATOR Train epoch 5: [10000/18806 (53.2%)]
Losses:
=> Class ihm
===> autoencoding_recon_loss: 40.711
===> backtranslation_recon_loss: 33.053
===> Total for class ihm: 73.765
=> Class sdm1
===> autoencoding_recon_loss: 66.293
===> backtranslation_recon_loss: 52.874
===> Total for class sdm1: 119.166
TOTAL: 192.931
GENERATOR Train epoch 5: [11000/18806 (58.5%)]
Losses:
=> Class ihm
===> autoencoding_recon_loss: 40.649
===> backtranslation_recon_loss: 32.982
===> Total for class ihm: 73.631
=> Class sdm1
===> autoencoding_recon_loss: 66.289
===> backtranslation_recon_loss: 52.836
===> Total for class sdm1: 119.126
TOTAL: 192.757
GENERATOR Train epoch 5: [12000/18806 (63.8%)]
Losses:
=> Class ihm
===> autoencoding_recon_loss: 40.674
===> backtranslation_recon_loss: 33.053
===> Total for class ihm: 73.727
=> Class sdm1
===> autoencoding_recon_loss: 66.539
===> backtranslation_recon_loss: 53.178
===> Total for class sdm1: 119.717
TOTAL: 193.444
GENERATOR Train epoch 5: [13000/18806 (69.1%)]
Losses:
=> Class ihm
===> autoencoding_recon_loss: 40.648
===> backtranslation_recon_loss: 33.056
===> Total for class ihm: 73.704
=> Class sdm1
===> autoencoding_recon_loss: 66.433
===> backtranslation_recon_loss: 53.094
===> Total for class sdm1: 119.527
TOTAL: 193.231
GENERATOR Train epoch 5: [14000/18806 (74.4%)]
Losses:
=> Class ihm
===> autoencoding_recon_loss: 40.616
===> backtranslation_recon_loss: 33.052
===> Total for class ihm: 73.668
=> Class sdm1
===> autoencoding_recon_loss: 66.258
===> backtranslation_recon_loss: 52.945
===> Total for class sdm1: 119.203
TOTAL: 192.871
GENERATOR Train epoch 5: [15000/18806 (79.8%)]
Losses:
=> Class ihm
===> autoencoding_recon_loss: 40.570
===> backtranslation_recon_loss: 33.036
===> Total for class ihm: 73.606
=> Class sdm1
===> autoencoding_recon_loss: 66.137
===> backtranslation_recon_loss: 52.829
===> Total for class sdm1: 118.966
TOTAL: 192.571
GENERATOR Train epoch 5: [16000/18806 (85.1%)]
Losses:
=> Class ihm
===> autoencoding_recon_loss: 40.510
===> backtranslation_recon_loss: 32.990
===> Total for class ihm: 73.500
=> Class sdm1
===> autoencoding_recon_loss: 66.071
===> backtranslation_recon_loss: 52.764
===> Total for class sdm1: 118.835
TOTAL: 192.335
GENERATOR Train epoch 5: [17000/18806 (90.4%)]
Losses:
=> Class ihm
===> autoencoding_recon_loss: 40.459
===> backtranslation_recon_loss: 32.931
===> Total for class ihm: 73.390
=> Class sdm1
===> autoencoding_recon_loss: 66.070
===> backtranslation_recon_loss: 52.756
===> Total for class sdm1: 118.826
TOTAL: 192.216
GENERATOR Train epoch 5: [18000/18806 (95.7%)]
Losses:
=> Class ihm
===> autoencoding_recon_loss: 40.427
===> backtranslation_recon_loss: 32.910
===> Total for class ihm: 73.337
=> Class sdm1
===> autoencoding_recon_loss: 65.923
===> backtranslation_recon_loss: 52.593
===> Total for class sdm1: 118.516
TOTAL: 191.853

EPOCH 5 TRAIN (4700.585s)
Losses:
=> Class ihm
===> autoencoding_recon_loss: 10351.318
===> backtranslation_recon_loss: 8432.967
===> Total for class ihm: 18784.285
=> Class sdm1
===> autoencoding_recon_loss: 16868.935
===> backtranslation_recon_loss: 13455.155
===> Total for class sdm1: 30324.091
TOTAL: 49108.376

EPOCH 5 DEV (155.490s)
Losses:
=> Class ihm
===> autoencoding_recon_loss: 11483.570
===> backtranslation_recon_loss: 9328.082
===> Total for class ihm: 20811.651
=> Class sdm1
===> autoencoding_recon_loss: 16313.825
===> backtranslation_recon_loss: 13612.597
===> Total for class sdm1: 29926.422
TOTAL: 50738.073

No improvement in 1 epochs (best dev set loss: 49840.744949)
Not saving checkpoint; no improvement made

STARTING EPOCH 6
GENERATOR Train epoch 6: [1000/18806 (5.3%)]
Losses:
=> Class ihm
===> autoencoding_recon_loss: 39.323
===> backtranslation_recon_loss: 32.026
===> Total for class ihm: 71.349
=> Class sdm1
===> autoencoding_recon_loss: 66.064
===> backtranslation_recon_loss: 52.929
===> Total for class sdm1: 118.993
TOTAL: 190.342
GENERATOR Train epoch 6: [2000/18806 (10.6%)]
Losses:
=> Class ihm
===> autoencoding_recon_loss: 39.461
===> backtranslation_recon_loss: 32.232
===> Total for class ihm: 71.693
=> Class sdm1
===> autoencoding_recon_loss: 64.858
===> backtranslation_recon_loss: 51.732
===> Total for class sdm1: 116.590
TOTAL: 188.283
GENERATOR Train epoch 6: [3000/18806 (16.0%)]
Losses:
=> Class ihm
===> autoencoding_recon_loss: 39.217
===> backtranslation_recon_loss: 31.926
===> Total for class ihm: 71.143
=> Class sdm1
===> autoencoding_recon_loss: 64.776
===> backtranslation_recon_loss: 51.622
===> Total for class sdm1: 116.397
TOTAL: 187.540
GENERATOR Train epoch 6: [4000/18806 (21.3%)]
Losses:
=> Class ihm
===> autoencoding_recon_loss: 38.902
===> backtranslation_recon_loss: 31.643
===> Total for class ihm: 70.546
=> Class sdm1
===> autoencoding_recon_loss: 64.546
===> backtranslation_recon_loss: 51.191
===> Total for class sdm1: 115.737
TOTAL: 186.283
GENERATOR Train epoch 6: [5000/18806 (26.6%)]
Losses:
=> Class ihm
===> autoencoding_recon_loss: 39.064
===> backtranslation_recon_loss: 31.836
===> Total for class ihm: 70.900
=> Class sdm1
===> autoencoding_recon_loss: 64.567
===> backtranslation_recon_loss: 51.215
===> Total for class sdm1: 115.782
TOTAL: 186.681
GENERATOR Train epoch 6: [6000/18806 (31.9%)]
Losses:
=> Class ihm
===> autoencoding_recon_loss: 39.176
===> backtranslation_recon_loss: 31.929
===> Total for class ihm: 71.104
=> Class sdm1
===> autoencoding_recon_loss: 64.276
===> backtranslation_recon_loss: 50.855
===> Total for class sdm1: 115.131
TOTAL: 186.235
GENERATOR Train epoch 6: [7000/18806 (37.2%)]
Losses:
=> Class ihm
===> autoencoding_recon_loss: 39.118
===> backtranslation_recon_loss: 31.870
===> Total for class ihm: 70.988
=> Class sdm1
===> autoencoding_recon_loss: 64.376
===> backtranslation_recon_loss: 50.992
===> Total for class sdm1: 115.368
TOTAL: 186.356
GENERATOR Train epoch 6: [8000/18806 (42.5%)]
Losses:
=> Class ihm
===> autoencoding_recon_loss: 39.014
===> backtranslation_recon_loss: 31.730
===> Total for class ihm: 70.744
=> Class sdm1
===> autoencoding_recon_loss: 64.285
===> backtranslation_recon_loss: 50.884
===> Total for class sdm1: 115.169
TOTAL: 185.913
GENERATOR Train epoch 6: [9000/18806 (47.9%)]
Losses:
=> Class ihm
===> autoencoding_recon_loss: 39.036
===> backtranslation_recon_loss: 31.760
===> Total for class ihm: 70.797
=> Class sdm1
===> autoencoding_recon_loss: 64.300
===> backtranslation_recon_loss: 50.894
===> Total for class sdm1: 115.194
TOTAL: 185.991
GENERATOR Train epoch 6: [10000/18806 (53.2%)]
Losses:
=> Class ihm
===> autoencoding_recon_loss: 39.014
===> backtranslation_recon_loss: 31.736
===> Total for class ihm: 70.750
=> Class sdm1
===> autoencoding_recon_loss: 64.531
===> backtranslation_recon_loss: 51.262
===> Total for class sdm1: 115.793
TOTAL: 186.543
GENERATOR Train epoch 6: [11000/18806 (58.5%)]
Losses:
=> Class ihm
===> autoencoding_recon_loss: 38.986
===> backtranslation_recon_loss: 31.679
===> Total for class ihm: 70.664
=> Class sdm1
===> autoencoding_recon_loss: 64.542
===> backtranslation_recon_loss: 51.208
===> Total for class sdm1: 115.750
TOTAL: 186.415
GENERATOR Train epoch 6: [12000/18806 (63.8%)]
Losses:
=> Class ihm
===> autoencoding_recon_loss: 38.959
===> backtranslation_recon_loss: 31.616
===> Total for class ihm: 70.575
=> Class sdm1
===> autoencoding_recon_loss: 64.612
===> backtranslation_recon_loss: 51.225
===> Total for class sdm1: 115.837
TOTAL: 186.413
GENERATOR Train epoch 6: [13000/18806 (69.1%)]
Losses:
=> Class ihm
===> autoencoding_recon_loss: 38.901
===> backtranslation_recon_loss: 31.522
===> Total for class ihm: 70.422
=> Class sdm1
===> autoencoding_recon_loss: 64.501
===> backtranslation_recon_loss: 51.082
===> Total for class sdm1: 115.583
TOTAL: 186.006
GENERATOR Train epoch 6: [14000/18806 (74.4%)]
Losses:
=> Class ihm
===> autoencoding_recon_loss: 38.874
===> backtranslation_recon_loss: 31.519
===> Total for class ihm: 70.393
=> Class sdm1
===> autoencoding_recon_loss: 64.322
===> backtranslation_recon_loss: 50.907
===> Total for class sdm1: 115.229
TOTAL: 185.622
GENERATOR Train epoch 6: [15000/18806 (79.8%)]
Losses:
=> Class ihm
===> autoencoding_recon_loss: 38.855
===> backtranslation_recon_loss: 31.503
===> Total for class ihm: 70.358
=> Class sdm1
===> autoencoding_recon_loss: 64.242
===> backtranslation_recon_loss: 50.835
===> Total for class sdm1: 115.078
TOTAL: 185.435
GENERATOR Train epoch 6: [16000/18806 (85.1%)]
Losses:
=> Class ihm
===> autoencoding_recon_loss: 38.831
===> backtranslation_recon_loss: 31.480
===> Total for class ihm: 70.311
=> Class sdm1
===> autoencoding_recon_loss: 64.219
===> backtranslation_recon_loss: 50.800
===> Total for class sdm1: 115.019
TOTAL: 185.330
GENERATOR Train epoch 6: [17000/18806 (90.4%)]
Losses:
=> Class ihm
===> autoencoding_recon_loss: 38.908
===> backtranslation_recon_loss: 31.613
===> Total for class ihm: 70.521
=> Class sdm1
===> autoencoding_recon_loss: 64.338
===> backtranslation_recon_loss: 50.949
===> Total for class sdm1: 115.287
TOTAL: 185.808
GENERATOR Train epoch 6: [18000/18806 (95.7%)]
Losses:
=> Class ihm
===> autoencoding_recon_loss: 38.832
===> backtranslation_recon_loss: 31.541
===> Total for class ihm: 70.372
=> Class sdm1
===> autoencoding_recon_loss: 64.169
===> backtranslation_recon_loss: 50.761
===> Total for class sdm1: 114.929
TOTAL: 185.302

EPOCH 6 TRAIN (4694.913s)
Losses:
=> Class ihm
===> autoencoding_recon_loss: 9956.963
===> backtranslation_recon_loss: 8100.643
===> Total for class ihm: 18057.606
=> Class sdm1
===> autoencoding_recon_loss: 16428.357
===> backtranslation_recon_loss: 13001.995
===> Total for class sdm1: 29430.351
TOTAL: 47487.957

EPOCH 6 DEV (156.531s)
Losses:
=> Class ihm
===> autoencoding_recon_loss: 9899.338
===> backtranslation_recon_loss: 8081.179
===> Total for class ihm: 17980.517
=> Class sdm1
===> autoencoding_recon_loss: 15732.370
===> backtranslation_recon_loss: 12465.506
===> Total for class sdm1: 28197.876
TOTAL: 46178.393

New best dev set loss: 46178.393471
Saved checkpoint for model

STARTING EPOCH 7
GENERATOR Train epoch 7: [1000/18806 (5.3%)]
Losses:
=> Class ihm
===> autoencoding_recon_loss: 37.252
===> backtranslation_recon_loss: 29.831
===> Total for class ihm: 67.083
=> Class sdm1
===> autoencoding_recon_loss: 63.212
===> backtranslation_recon_loss: 49.144
===> Total for class sdm1: 112.356
TOTAL: 179.439
GENERATOR Train epoch 7: [2000/18806 (10.6%)]
Losses:
=> Class ihm
===> autoencoding_recon_loss: 37.666
===> backtranslation_recon_loss: 30.420
===> Total for class ihm: 68.087
=> Class sdm1
===> autoencoding_recon_loss: 63.180
===> backtranslation_recon_loss: 49.535
===> Total for class sdm1: 112.715
TOTAL: 180.802
GENERATOR Train epoch 7: [3000/18806 (16.0%)]
Losses:
=> Class ihm
===> autoencoding_recon_loss: 37.644
===> backtranslation_recon_loss: 30.459
===> Total for class ihm: 68.103
=> Class sdm1
===> autoencoding_recon_loss: 63.300
===> backtranslation_recon_loss: 49.809
===> Total for class sdm1: 113.109
TOTAL: 181.212
GENERATOR Train epoch 7: [4000/18806 (21.3%)]
Losses:
=> Class ihm
===> autoencoding_recon_loss: 37.473
===> backtranslation_recon_loss: 30.254
===> Total for class ihm: 67.727
=> Class sdm1
===> autoencoding_recon_loss: 62.990
===> backtranslation_recon_loss: 49.468
===> Total for class sdm1: 112.458
TOTAL: 180.185
GENERATOR Train epoch 7: [5000/18806 (26.6%)]
Losses:
=> Class ihm
===> autoencoding_recon_loss: 37.456
===> backtranslation_recon_loss: 30.302
===> Total for class ihm: 67.758
=> Class sdm1
===> autoencoding_recon_loss: 62.903
===> backtranslation_recon_loss: 49.318
===> Total for class sdm1: 112.220
TOTAL: 179.979
GENERATOR Train epoch 7: [6000/18806 (31.9%)]
Losses:
=> Class ihm
===> autoencoding_recon_loss: 37.974
===> backtranslation_recon_loss: 31.010
===> Total for class ihm: 68.984
=> Class sdm1
===> autoencoding_recon_loss: 62.915
===> backtranslation_recon_loss: 49.448
===> Total for class sdm1: 112.363
TOTAL: 181.348
GENERATOR Train epoch 7: [7000/18806 (37.2%)]
Losses:
=> Class ihm
===> autoencoding_recon_loss: 37.992
===> backtranslation_recon_loss: 31.102
===> Total for class ihm: 69.094
=> Class sdm1
===> autoencoding_recon_loss: 63.030
===> backtranslation_recon_loss: 49.603
===> Total for class sdm1: 112.633
TOTAL: 181.727
GENERATOR Train epoch 7: [8000/18806 (42.5%)]
Losses:
=> Class ihm
===> autoencoding_recon_loss: 37.827
===> backtranslation_recon_loss: 30.870
===> Total for class ihm: 68.698
=> Class sdm1
===> autoencoding_recon_loss: 62.864
===> backtranslation_recon_loss: 49.412
===> Total for class sdm1: 112.276
TOTAL: 180.974
GENERATOR Train epoch 7: [9000/18806 (47.9%)]
Losses:
=> Class ihm
===> autoencoding_recon_loss: 37.842
===> backtranslation_recon_loss: 30.886
===> Total for class ihm: 68.728
=> Class sdm1
===> autoencoding_recon_loss: 62.909
===> backtranslation_recon_loss: 49.473
===> Total for class sdm1: 112.382
TOTAL: 181.110
GENERATOR Train epoch 7: [10000/18806 (53.2%)]
Losses:
=> Class ihm
===> autoencoding_recon_loss: 37.714
===> backtranslation_recon_loss: 30.702
===> Total for class ihm: 68.415
=> Class sdm1
===> autoencoding_recon_loss: 62.990
===> backtranslation_recon_loss: 49.523
===> Total for class sdm1: 112.513
TOTAL: 180.928
GENERATOR Train epoch 7: [11000/18806 (58.5%)]
Losses:
=> Class ihm
===> autoencoding_recon_loss: 37.701
===> backtranslation_recon_loss: 30.685
===> Total for class ihm: 68.385
=> Class sdm1
===> autoencoding_recon_loss: 63.083
===> backtranslation_recon_loss: 49.605
===> Total for class sdm1: 112.688
TOTAL: 181.074
GENERATOR Train epoch 7: [12000/18806 (63.8%)]
Losses:
=> Class ihm
===> autoencoding_recon_loss: 37.688
===> backtranslation_recon_loss: 30.665
===> Total for class ihm: 68.354
=> Class sdm1
===> autoencoding_recon_loss: 63.199
===> backtranslation_recon_loss: 49.730
===> Total for class sdm1: 112.930
TOTAL: 181.283
GENERATOR Train epoch 7: [13000/18806 (69.1%)]
Losses:
=> Class ihm
===> autoencoding_recon_loss: 37.659
===> backtranslation_recon_loss: 30.611
===> Total for class ihm: 68.271
=> Class sdm1
===> autoencoding_recon_loss: 63.087
===> backtranslation_recon_loss: 49.602
===> Total for class sdm1: 112.689
TOTAL: 180.960
GENERATOR Train epoch 7: [14000/18806 (74.4%)]
Losses:
=> Class ihm
===> autoencoding_recon_loss: 37.622
===> backtranslation_recon_loss: 30.571
===> Total for class ihm: 68.193
=> Class sdm1
===> autoencoding_recon_loss: 62.958
===> backtranslation_recon_loss: 49.469
===> Total for class sdm1: 112.427
TOTAL: 180.619
GENERATOR Train epoch 7: [15000/18806 (79.8%)]
Losses:
=> Class ihm
===> autoencoding_recon_loss: 37.639
===> backtranslation_recon_loss: 30.573
===> Total for class ihm: 68.212
=> Class sdm1
===> autoencoding_recon_loss: 62.854
===> backtranslation_recon_loss: 49.369
===> Total for class sdm1: 112.223
TOTAL: 180.435
GENERATOR Train epoch 7: [16000/18806 (85.1%)]
Losses:
=> Class ihm
===> autoencoding_recon_loss: 37.638
===> backtranslation_recon_loss: 30.572
===> Total for class ihm: 68.210
=> Class sdm1
===> autoencoding_recon_loss: 62.852
===> backtranslation_recon_loss: 49.386
===> Total for class sdm1: 112.239
TOTAL: 180.449
GENERATOR Train epoch 7: [17000/18806 (90.4%)]
Losses:
=> Class ihm
===> autoencoding_recon_loss: 37.597
===> backtranslation_recon_loss: 30.498
===> Total for class ihm: 68.095
=> Class sdm1
===> autoencoding_recon_loss: 62.861
===> backtranslation_recon_loss: 49.389
===> Total for class sdm1: 112.250
TOTAL: 180.345
GENERATOR Train epoch 7: [18000/18806 (95.7%)]
Losses:
=> Class ihm
===> autoencoding_recon_loss: 37.572
===> backtranslation_recon_loss: 30.470
===> Total for class ihm: 68.042
=> Class sdm1
===> autoencoding_recon_loss: 62.712
===> backtranslation_recon_loss: 49.252
===> Total for class sdm1: 111.964
TOTAL: 180.006

EPOCH 7 TRAIN (4687.768s)
Losses:
=> Class ihm
===> autoencoding_recon_loss: 9631.146
===> backtranslation_recon_loss: 7814.164
===> Total for class ihm: 17445.310
=> Class sdm1
===> autoencoding_recon_loss: 16053.716
===> backtranslation_recon_loss: 12606.746
===> Total for class sdm1: 28660.462
TOTAL: 46105.773

EPOCH 7 DEV (155.946s)
Losses:
=> Class ihm
===> autoencoding_recon_loss: 9470.130
===> backtranslation_recon_loss: 7665.819
===> Total for class ihm: 17135.949
=> Class sdm1
===> autoencoding_recon_loss: 15635.836
===> backtranslation_recon_loss: 12073.749
===> Total for class sdm1: 27709.586
TOTAL: 44845.535

New best dev set loss: 44845.535103
Saved checkpoint for model

STARTING EPOCH 8
GENERATOR Train epoch 8: [1000/18806 (5.3%)]
Losses:
=> Class ihm
===> autoencoding_recon_loss: 36.704
===> backtranslation_recon_loss: 29.522
===> Total for class ihm: 66.226
=> Class sdm1
===> autoencoding_recon_loss: 62.828
===> backtranslation_recon_loss: 49.234
===> Total for class sdm1: 112.061
TOTAL: 178.287
GENERATOR Train epoch 8: [2000/18806 (10.6%)]
Losses:
=> Class ihm
===> autoencoding_recon_loss: 36.933
===> backtranslation_recon_loss: 29.748
===> Total for class ihm: 66.681
=> Class sdm1
===> autoencoding_recon_loss: 62.023
===> backtranslation_recon_loss: 48.535
===> Total for class sdm1: 110.558
TOTAL: 177.239
GENERATOR Train epoch 8: [3000/18806 (16.0%)]
Losses:
=> Class ihm
===> autoencoding_recon_loss: 36.982
===> backtranslation_recon_loss: 29.867
===> Total for class ihm: 66.848
=> Class sdm1
===> autoencoding_recon_loss: 62.131
===> backtranslation_recon_loss: 48.861
===> Total for class sdm1: 110.992
TOTAL: 177.840
GENERATOR Train epoch 8: [4000/18806 (21.3%)]
Losses:
=> Class ihm
===> autoencoding_recon_loss: 36.741
===> backtranslation_recon_loss: 29.694
===> Total for class ihm: 66.435
=> Class sdm1
===> autoencoding_recon_loss: 61.918
===> backtranslation_recon_loss: 48.573
===> Total for class sdm1: 110.490
TOTAL: 176.925
GENERATOR Train epoch 8: [5000/18806 (26.6%)]
Losses:
=> Class ihm
===> autoencoding_recon_loss: 36.603
===> backtranslation_recon_loss: 29.533
===> Total for class ihm: 66.137
=> Class sdm1
===> autoencoding_recon_loss: 61.832
===> backtranslation_recon_loss: 48.396
===> Total for class sdm1: 110.228
TOTAL: 176.365
GENERATOR Train epoch 8: [6000/18806 (31.9%)]
Losses:
=> Class ihm
===> autoencoding_recon_loss: 36.849
===> backtranslation_recon_loss: 29.811
===> Total for class ihm: 66.661
=> Class sdm1
===> autoencoding_recon_loss: 61.672
===> backtranslation_recon_loss: 48.241
===> Total for class sdm1: 109.913
TOTAL: 176.574
GENERATOR Train epoch 8: [7000/18806 (37.2%)]
Losses:
=> Class ihm
===> autoencoding_recon_loss: 36.844
===> backtranslation_recon_loss: 29.828
===> Total for class ihm: 66.672
=> Class sdm1
===> autoencoding_recon_loss: 61.774
===> backtranslation_recon_loss: 48.387
===> Total for class sdm1: 110.161
TOTAL: 176.833
GENERATOR Train epoch 8: [8000/18806 (42.5%)]
Losses:
=> Class ihm
===> autoencoding_recon_loss: 36.720
===> backtranslation_recon_loss: 29.675
===> Total for class ihm: 66.396
=> Class sdm1
===> autoencoding_recon_loss: 61.716
===> backtranslation_recon_loss: 48.348
===> Total for class sdm1: 110.064
TOTAL: 176.460
GENERATOR Train epoch 8: [9000/18806 (47.9%)]
Losses:
=> Class ihm
===> autoencoding_recon_loss: 36.686
===> backtranslation_recon_loss: 29.641
===> Total for class ihm: 66.327
=> Class sdm1
===> autoencoding_recon_loss: 61.682
===> backtranslation_recon_loss: 48.295
===> Total for class sdm1: 109.977
TOTAL: 176.305
GENERATOR Train epoch 8: [10000/18806 (53.2%)]
Losses:
=> Class ihm
===> autoencoding_recon_loss: 36.558
===> backtranslation_recon_loss: 29.465
===> Total for class ihm: 66.022
=> Class sdm1
===> autoencoding_recon_loss: 61.676
===> backtranslation_recon_loss: 48.246
===> Total for class sdm1: 109.921
TOTAL: 175.944
GENERATOR Train epoch 8: [11000/18806 (58.5%)]
Losses:
=> Class ihm
===> autoencoding_recon_loss: 36.608
===> backtranslation_recon_loss: 29.517
===> Total for class ihm: 66.125
=> Class sdm1
===> autoencoding_recon_loss: 61.810
===> backtranslation_recon_loss: 48.374
===> Total for class sdm1: 110.184
TOTAL: 176.309
GENERATOR Train epoch 8: [12000/18806 (63.8%)]
Losses:
=> Class ihm
===> autoencoding_recon_loss: 36.947
===> backtranslation_recon_loss: 29.858
===> Total for class ihm: 66.805
=> Class sdm1
===> autoencoding_recon_loss: 62.330
===> backtranslation_recon_loss: 48.964
===> Total for class sdm1: 111.295
TOTAL: 178.100
GENERATOR Train epoch 8: [13000/18806 (69.1%)]
Losses:
=> Class ihm
===> autoencoding_recon_loss: 36.959
===> backtranslation_recon_loss: 29.797
===> Total for class ihm: 66.756
=> Class sdm1
===> autoencoding_recon_loss: 62.284
===> backtranslation_recon_loss: 48.866
===> Total for class sdm1: 111.150
TOTAL: 177.905
GENERATOR Train epoch 8: [14000/18806 (74.4%)]
Losses:
=> Class ihm
===> autoencoding_recon_loss: 36.973
===> backtranslation_recon_loss: 29.812
===> Total for class ihm: 66.785
=> Class sdm1
===> autoencoding_recon_loss: 62.184
===> backtranslation_recon_loss: 48.735
===> Total for class sdm1: 110.919
TOTAL: 177.705
GENERATOR Train epoch 8: [15000/18806 (79.8%)]
Losses:
=> Class ihm
===> autoencoding_recon_loss: 36.996
===> backtranslation_recon_loss: 29.843
===> Total for class ihm: 66.840
=> Class sdm1
===> autoencoding_recon_loss: 62.109
===> backtranslation_recon_loss: 48.645
===> Total for class sdm1: 110.754
TOTAL: 177.594
GENERATOR Train epoch 8: [16000/18806 (85.1%)]
Losses:
=> Class ihm
===> autoencoding_recon_loss: 37.018
===> backtranslation_recon_loss: 29.904
===> Total for class ihm: 66.921
=> Class sdm1
===> autoencoding_recon_loss: 62.149
===> backtranslation_recon_loss: 48.745
===> Total for class sdm1: 110.894
TOTAL: 177.815
GENERATOR Train epoch 8: [17000/18806 (90.4%)]
Losses:
=> Class ihm
===> autoencoding_recon_loss: 36.989
===> backtranslation_recon_loss: 29.880
===> Total for class ihm: 66.869
=> Class sdm1
===> autoencoding_recon_loss: 62.196
===> backtranslation_recon_loss: 48.757
===> Total for class sdm1: 110.952
TOTAL: 177.822
GENERATOR Train epoch 8: [18000/18806 (95.7%)]
Losses:
=> Class ihm
===> autoencoding_recon_loss: 37.006
===> backtranslation_recon_loss: 29.901
===> Total for class ihm: 66.907
=> Class sdm1
===> autoencoding_recon_loss: 62.075
===> backtranslation_recon_loss: 48.669
===> Total for class sdm1: 110.744
TOTAL: 177.651

EPOCH 8 TRAIN (4681.650s)
Losses:
=> Class ihm
===> autoencoding_recon_loss: 9477.731
===> backtranslation_recon_loss: 7660.083
===> Total for class ihm: 17137.813
=> Class sdm1
===> autoencoding_recon_loss: 15883.041
===> backtranslation_recon_loss: 12451.164
===> Total for class sdm1: 28334.205
TOTAL: 45472.019

EPOCH 8 DEV (156.123s)
Losses:
=> Class ihm
===> autoencoding_recon_loss: 9325.174
===> backtranslation_recon_loss: 7365.456
===> Total for class ihm: 16690.630
=> Class sdm1
===> autoencoding_recon_loss: 15799.787
===> backtranslation_recon_loss: 11886.692
===> Total for class sdm1: 27686.479
TOTAL: 44377.109

New best dev set loss: 44377.108854
Saved checkpoint for model

STARTING EPOCH 9
GENERATOR Train epoch 9: [1000/18806 (5.3%)]
Losses:
=> Class ihm
===> autoencoding_recon_loss: 36.663
===> backtranslation_recon_loss: 29.733
===> Total for class ihm: 66.396
=> Class sdm1
===> autoencoding_recon_loss: 62.435
===> backtranslation_recon_loss: 49.523
===> Total for class sdm1: 111.958
TOTAL: 178.354
GENERATOR Train epoch 9: [2000/18806 (10.6%)]
Losses:
=> Class ihm
===> autoencoding_recon_loss: 36.178
===> backtranslation_recon_loss: 29.093
===> Total for class ihm: 65.270
=> Class sdm1
===> autoencoding_recon_loss: 61.339
===> backtranslation_recon_loss: 48.198
===> Total for class sdm1: 109.537
TOTAL: 174.807
GENERATOR Train epoch 9: [3000/18806 (16.0%)]
Losses:
=> Class ihm
===> autoencoding_recon_loss: 35.943
===> backtranslation_recon_loss: 28.856
===> Total for class ihm: 64.799
=> Class sdm1
===> autoencoding_recon_loss: 61.106
===> backtranslation_recon_loss: 47.911
===> Total for class sdm1: 109.017
TOTAL: 173.816
GENERATOR Train epoch 9: [4000/18806 (21.3%)]
Losses:
=> Class ihm
===> autoencoding_recon_loss: 35.708
===> backtranslation_recon_loss: 28.682
===> Total for class ihm: 64.391
=> Class sdm1
===> autoencoding_recon_loss: 60.950
===> backtranslation_recon_loss: 47.678
===> Total for class sdm1: 108.628
TOTAL: 173.018
GENERATOR Train epoch 9: [5000/18806 (26.6%)]
Losses:
=> Class ihm
===> autoencoding_recon_loss: 35.791
===> backtranslation_recon_loss: 28.812
===> Total for class ihm: 64.603
=> Class sdm1
===> autoencoding_recon_loss: 60.974
===> backtranslation_recon_loss: 47.730
===> Total for class sdm1: 108.704
TOTAL: 173.306
GENERATOR Train epoch 9: [6000/18806 (31.9%)]
Losses:
=> Class ihm
===> autoencoding_recon_loss: 35.978
===> backtranslation_recon_loss: 28.949
===> Total for class ihm: 64.927
=> Class sdm1
===> autoencoding_recon_loss: 60.811
===> backtranslation_recon_loss: 47.553
===> Total for class sdm1: 108.364
TOTAL: 173.292
GENERATOR Train epoch 9: [7000/18806 (37.2%)]
Losses:
=> Class ihm
===> autoencoding_recon_loss: 35.951
===> backtranslation_recon_loss: 28.945
===> Total for class ihm: 64.897
=> Class sdm1
===> autoencoding_recon_loss: 60.836
===> backtranslation_recon_loss: 47.579
===> Total for class sdm1: 108.415
TOTAL: 173.311
GENERATOR Train epoch 9: [8000/18806 (42.5%)]
Losses:
=> Class ihm
===> autoencoding_recon_loss: 35.907
===> backtranslation_recon_loss: 28.871
===> Total for class ihm: 64.779
=> Class sdm1
===> autoencoding_recon_loss: 60.826
===> backtranslation_recon_loss: 47.618
===> Total for class sdm1: 108.444
TOTAL: 173.222
GENERATOR Train epoch 9: [9000/18806 (47.9%)]
Losses:
=> Class ihm
===> autoencoding_recon_loss: 35.849
===> backtranslation_recon_loss: 28.808
===> Total for class ihm: 64.657
=> Class sdm1
===> autoencoding_recon_loss: 60.802
===> backtranslation_recon_loss: 47.584
===> Total for class sdm1: 108.386
TOTAL: 173.044
GENERATOR Train epoch 9: [10000/18806 (53.2%)]
Losses:
=> Class ihm
===> autoencoding_recon_loss: 35.768
===> backtranslation_recon_loss: 28.704
===> Total for class ihm: 64.472
=> Class sdm1
===> autoencoding_recon_loss: 60.874
===> backtranslation_recon_loss: 47.657
===> Total for class sdm1: 108.531
TOTAL: 173.003
GENERATOR Train epoch 9: [11000/18806 (58.5%)]
Losses:
=> Class ihm
===> autoencoding_recon_loss: 35.767
===> backtranslation_recon_loss: 28.689
===> Total for class ihm: 64.456
=> Class sdm1
===> autoencoding_recon_loss: 60.961
===> backtranslation_recon_loss: 47.668
===> Total for class sdm1: 108.629
TOTAL: 173.085
GENERATOR Train epoch 9: [12000/18806 (63.8%)]
Losses:
=> Class ihm
===> autoencoding_recon_loss: 35.769
===> backtranslation_recon_loss: 28.693
===> Total for class ihm: 64.462
=> Class sdm1
===> autoencoding_recon_loss: 61.064
===> backtranslation_recon_loss: 47.730
===> Total for class sdm1: 108.794
TOTAL: 173.257
GENERATOR Train epoch 9: [13000/18806 (69.1%)]
Losses:
=> Class ihm
===> autoencoding_recon_loss: 35.788
===> backtranslation_recon_loss: 28.729
===> Total for class ihm: 64.517
=> Class sdm1
===> autoencoding_recon_loss: 61.004
===> backtranslation_recon_loss: 47.685
===> Total for class sdm1: 108.689
TOTAL: 173.206
GENERATOR Train epoch 9: [14000/18806 (74.4%)]
Losses:
=> Class ihm
===> autoencoding_recon_loss: 35.796
===> backtranslation_recon_loss: 28.735
===> Total for class ihm: 64.530
=> Class sdm1
===> autoencoding_recon_loss: 60.877
===> backtranslation_recon_loss: 47.572
===> Total for class sdm1: 108.449
TOTAL: 172.979
GENERATOR Train epoch 9: [15000/18806 (79.8%)]
Losses:
=> Class ihm
===> autoencoding_recon_loss: 35.844
===> backtranslation_recon_loss: 28.795
===> Total for class ihm: 64.639
=> Class sdm1
===> autoencoding_recon_loss: 60.839
===> backtranslation_recon_loss: 47.557
===> Total for class sdm1: 108.397
TOTAL: 173.036
GENERATOR Train epoch 9: [16000/18806 (85.1%)]
Losses:
=> Class ihm
===> autoencoding_recon_loss: 35.836
===> backtranslation_recon_loss: 28.775
===> Total for class ihm: 64.611
=> Class sdm1
===> autoencoding_recon_loss: 60.861
===> backtranslation_recon_loss: 47.596
===> Total for class sdm1: 108.457
TOTAL: 173.068
GENERATOR Train epoch 9: [17000/18806 (90.4%)]
Losses:
=> Class ihm
===> autoencoding_recon_loss: 35.826
===> backtranslation_recon_loss: 28.751
===> Total for class ihm: 64.578
=> Class sdm1
===> autoencoding_recon_loss: 60.869
===> backtranslation_recon_loss: 47.593
===> Total for class sdm1: 108.462
TOTAL: 173.040
GENERATOR Train epoch 9: [18000/18806 (95.7%)]
Losses:
=> Class ihm
===> autoencoding_recon_loss: 35.795
===> backtranslation_recon_loss: 28.702
===> Total for class ihm: 64.497
=> Class sdm1
===> autoencoding_recon_loss: 60.738
===> backtranslation_recon_loss: 47.468
===> Total for class sdm1: 108.206
TOTAL: 172.702

EPOCH 9 TRAIN (4678.548s)
Losses:
=> Class ihm
===> autoencoding_recon_loss: 9175.296
===> backtranslation_recon_loss: 7359.564
===> Total for class ihm: 16534.860
=> Class sdm1
===> autoencoding_recon_loss: 15550.826
===> backtranslation_recon_loss: 12156.896
===> Total for class sdm1: 27707.722
TOTAL: 44242.582

EPOCH 9 DEV (155.886s)
Losses:
=> Class ihm
===> autoencoding_recon_loss: 9323.374
===> backtranslation_recon_loss: 7613.441
===> Total for class ihm: 16936.815
=> Class sdm1
===> autoencoding_recon_loss: 15662.849
===> backtranslation_recon_loss: 12192.305
===> Total for class sdm1: 27855.154
TOTAL: 44791.969

No improvement in 1 epochs (best dev set loss: 44377.108854)
Not saving checkpoint; no improvement made

STARTING EPOCH 10
GENERATOR Train epoch 10: [1000/18806 (5.3%)]
Losses:
=> Class ihm
===> autoencoding_recon_loss: 36.245
===> backtranslation_recon_loss: 28.665
===> Total for class ihm: 64.911
=> Class sdm1
===> autoencoding_recon_loss: 61.233
===> backtranslation_recon_loss: 48.054
===> Total for class sdm1: 109.287
TOTAL: 174.198
GENERATOR Train epoch 10: [2000/18806 (10.6%)]
Losses:
=> Class ihm
===> autoencoding_recon_loss: 35.749
===> backtranslation_recon_loss: 28.279
===> Total for class ihm: 64.028
=> Class sdm1
===> autoencoding_recon_loss: 60.615
===> backtranslation_recon_loss: 47.585
===> Total for class sdm1: 108.200
TOTAL: 172.228
GENERATOR Train epoch 10: [3000/18806 (16.0%)]
Losses:
=> Class ihm
===> autoencoding_recon_loss: 35.417
===> backtranslation_recon_loss: 27.923
===> Total for class ihm: 63.340
=> Class sdm1
===> autoencoding_recon_loss: 60.381
===> backtranslation_recon_loss: 47.262
===> Total for class sdm1: 107.643
TOTAL: 170.983
GENERATOR Train epoch 10: [4000/18806 (21.3%)]
Losses:
=> Class ihm
===> autoencoding_recon_loss: 35.219
===> backtranslation_recon_loss: 27.827
===> Total for class ihm: 63.046
=> Class sdm1
===> autoencoding_recon_loss: 60.226
===> backtranslation_recon_loss: 47.008
===> Total for class sdm1: 107.234
TOTAL: 170.280
GENERATOR Train epoch 10: [5000/18806 (26.6%)]
Losses:
=> Class ihm
===> autoencoding_recon_loss: 35.255
===> backtranslation_recon_loss: 27.913
===> Total for class ihm: 63.167
=> Class sdm1
===> autoencoding_recon_loss: 60.252
===> backtranslation_recon_loss: 47.064
===> Total for class sdm1: 107.316
TOTAL: 170.483
GENERATOR Train epoch 10: [6000/18806 (31.9%)]
Losses:
=> Class ihm
===> autoencoding_recon_loss: 35.521
===> backtranslation_recon_loss: 28.199
===> Total for class ihm: 63.720
=> Class sdm1
===> autoencoding_recon_loss: 60.124
===> backtranslation_recon_loss: 46.898
===> Total for class sdm1: 107.022
TOTAL: 170.742
GENERATOR Train epoch 10: [7000/18806 (37.2%)]
Losses:
=> Class ihm
===> autoencoding_recon_loss: 35.452
===> backtranslation_recon_loss: 28.105
===> Total for class ihm: 63.557
=> Class sdm1
===> autoencoding_recon_loss: 60.175
===> backtranslation_recon_loss: 46.904
===> Total for class sdm1: 107.079
TOTAL: 170.636
GENERATOR Train epoch 10: [8000/18806 (42.5%)]
Losses:
=> Class ihm
===> autoencoding_recon_loss: 35.378
===> backtranslation_recon_loss: 28.029
===> Total for class ihm: 63.407
=> Class sdm1
===> autoencoding_recon_loss: 60.153
===> backtranslation_recon_loss: 46.891
===> Total for class sdm1: 107.044
TOTAL: 170.451
GENERATOR Train epoch 10: [9000/18806 (47.9%)]
Losses:
=> Class ihm
===> autoencoding_recon_loss: 35.622
===> backtranslation_recon_loss: 28.318
===> Total for class ihm: 63.941
=> Class sdm1
===> autoencoding_recon_loss: 60.501
===> backtranslation_recon_loss: 47.405
===> Total for class sdm1: 107.906
TOTAL: 171.847
GENERATOR Train epoch 10: [10000/18806 (53.2%)]
Losses:
=> Class ihm
===> autoencoding_recon_loss: 35.468
===> backtranslation_recon_loss: 28.145
===> Total for class ihm: 63.613
=> Class sdm1
===> autoencoding_recon_loss: 60.501
===> backtranslation_recon_loss: 47.340
===> Total for class sdm1: 107.841
TOTAL: 171.454
GENERATOR Train epoch 10: [11000/18806 (58.5%)]
Losses:
=> Class ihm
===> autoencoding_recon_loss: 35.452
===> backtranslation_recon_loss: 28.141
===> Total for class ihm: 63.593
=> Class sdm1
===> autoencoding_recon_loss: 60.540
===> backtranslation_recon_loss: 47.341
===> Total for class sdm1: 107.880
TOTAL: 171.473
GENERATOR Train epoch 10: [12000/18806 (63.8%)]
Losses:
=> Class ihm
===> autoencoding_recon_loss: 35.439
===> backtranslation_recon_loss: 28.126
===> Total for class ihm: 63.565
=> Class sdm1
===> autoencoding_recon_loss: 60.632
===> backtranslation_recon_loss: 47.377
===> Total for class sdm1: 108.009
TOTAL: 171.574
GENERATOR Train epoch 10: [13000/18806 (69.1%)]
Losses:
=> Class ihm
===> autoencoding_recon_loss: 35.420
===> backtranslation_recon_loss: 28.099
===> Total for class ihm: 63.519
=> Class sdm1
===> autoencoding_recon_loss: 60.530
===> backtranslation_recon_loss: 47.262
===> Total for class sdm1: 107.792
TOTAL: 171.311
GENERATOR Train epoch 10: [14000/18806 (74.4%)]
Losses:
=> Class ihm
===> autoencoding_recon_loss: 35.417
===> backtranslation_recon_loss: 28.102
===> Total for class ihm: 63.519
=> Class sdm1
===> autoencoding_recon_loss: 60.429
===> backtranslation_recon_loss: 47.154
===> Total for class sdm1: 107.584
TOTAL: 171.103
GENERATOR Train epoch 10: [15000/18806 (79.8%)]
Losses:
=> Class ihm
===> autoencoding_recon_loss: 35.462
===> backtranslation_recon_loss: 28.184
===> Total for class ihm: 63.646
=> Class sdm1
===> autoencoding_recon_loss: 60.424
===> backtranslation_recon_loss: 47.199
===> Total for class sdm1: 107.623
TOTAL: 171.269
GENERATOR Train epoch 10: [16000/18806 (85.1%)]
Losses:
=> Class ihm
===> autoencoding_recon_loss: 35.468
===> backtranslation_recon_loss: 28.196
===> Total for class ihm: 63.664
=> Class sdm1
===> autoencoding_recon_loss: 60.436
===> backtranslation_recon_loss: 47.225
===> Total for class sdm1: 107.661
TOTAL: 171.325
GENERATOR Train epoch 10: [17000/18806 (90.4%)]
Losses:
=> Class ihm
===> autoencoding_recon_loss: 35.481
===> backtranslation_recon_loss: 28.232
===> Total for class ihm: 63.713
=> Class sdm1
===> autoencoding_recon_loss: 60.457
===> backtranslation_recon_loss: 47.238
===> Total for class sdm1: 107.695
TOTAL: 171.408
GENERATOR Train epoch 10: [18000/18806 (95.7%)]
Losses:
=> Class ihm
===> autoencoding_recon_loss: 35.454
===> backtranslation_recon_loss: 28.201
===> Total for class ihm: 63.656
=> Class sdm1
===> autoencoding_recon_loss: 60.342
===> backtranslation_recon_loss: 47.123
===> Total for class sdm1: 107.465
TOTAL: 171.121

EPOCH 10 TRAIN (4676.893s)
Losses:
=> Class ihm
===> autoencoding_recon_loss: 9089.565
===> backtranslation_recon_loss: 7235.596
===> Total for class ihm: 16325.161
=> Class sdm1
===> autoencoding_recon_loss: 15450.061
===> backtranslation_recon_loss: 12068.555
===> Total for class sdm1: 27518.616
TOTAL: 43843.777

EPOCH 10 DEV (156.010s)
Losses:
=> Class ihm
===> autoencoding_recon_loss: 9056.162
===> backtranslation_recon_loss: 6993.804
===> Total for class ihm: 16049.966
=> Class sdm1
===> autoencoding_recon_loss: 15054.535
===> backtranslation_recon_loss: 11509.848
===> Total for class sdm1: 26564.383
TOTAL: 42614.348

New best dev set loss: 42614.348311
Saved checkpoint for model

STARTING EPOCH 11
GENERATOR Train epoch 11: [1000/18806 (5.3%)]
Losses:
=> Class ihm
===> autoencoding_recon_loss: 35.813
===> backtranslation_recon_loss: 28.682
===> Total for class ihm: 64.495
=> Class sdm1
===> autoencoding_recon_loss: 60.264
===> backtranslation_recon_loss: 46.943
===> Total for class sdm1: 107.207
TOTAL: 171.703
GENERATOR Train epoch 11: [2000/18806 (10.6%)]
Losses:
=> Class ihm
===> autoencoding_recon_loss: 35.469
===> backtranslation_recon_loss: 28.304
===> Total for class ihm: 63.772
=> Class sdm1
===> autoencoding_recon_loss: 60.133
===> backtranslation_recon_loss: 46.978
===> Total for class sdm1: 107.111
TOTAL: 170.883
GENERATOR Train epoch 11: [3000/18806 (16.0%)]
Losses:
=> Class ihm
===> autoencoding_recon_loss: 35.230
===> backtranslation_recon_loss: 28.067
===> Total for class ihm: 63.297
=> Class sdm1
===> autoencoding_recon_loss: 60.085
===> backtranslation_recon_loss: 47.161
===> Total for class sdm1: 107.246
TOTAL: 170.543
GENERATOR Train epoch 11: [4000/18806 (21.3%)]
Losses:
=> Class ihm
===> autoencoding_recon_loss: 34.939
===> backtranslation_recon_loss: 27.795
===> Total for class ihm: 62.734
=> Class sdm1
===> autoencoding_recon_loss: 59.912
===> backtranslation_recon_loss: 46.856
===> Total for class sdm1: 106.768
TOTAL: 169.502
GENERATOR Train epoch 11: [5000/18806 (26.6%)]
Losses:
=> Class ihm
===> autoencoding_recon_loss: 34.905
===> backtranslation_recon_loss: 27.757
===> Total for class ihm: 62.662
=> Class sdm1
===> autoencoding_recon_loss: 59.846
===> backtranslation_recon_loss: 46.727
===> Total for class sdm1: 106.573
TOTAL: 169.235
GENERATOR Train epoch 11: [6000/18806 (31.9%)]
Losses:
=> Class ihm
===> autoencoding_recon_loss: 35.040
===> backtranslation_recon_loss: 27.861
===> Total for class ihm: 62.901
=> Class sdm1
===> autoencoding_recon_loss: 59.663
===> backtranslation_recon_loss: 46.484
===> Total for class sdm1: 106.147
TOTAL: 169.049
GENERATOR Train epoch 11: [7000/18806 (37.2%)]
Losses:
=> Class ihm
===> autoencoding_recon_loss: 35.076
===> backtranslation_recon_loss: 27.937
===> Total for class ihm: 63.013
=> Class sdm1
===> autoencoding_recon_loss: 59.769
===> backtranslation_recon_loss: 46.633
===> Total for class sdm1: 106.402
TOTAL: 169.415
GENERATOR Train epoch 11: [8000/18806 (42.5%)]
Losses:
=> Class ihm
===> autoencoding_recon_loss: 34.948
===> backtranslation_recon_loss: 27.811
===> Total for class ihm: 62.759
=> Class sdm1
===> autoencoding_recon_loss: 59.738
===> backtranslation_recon_loss: 46.589
===> Total for class sdm1: 106.328
TOTAL: 169.087
GENERATOR Train epoch 11: [9000/18806 (47.9%)]
Losses:
=> Class ihm
===> autoencoding_recon_loss: 34.931
===> backtranslation_recon_loss: 27.826
===> Total for class ihm: 62.757
=> Class sdm1
===> autoencoding_recon_loss: 59.731
===> backtranslation_recon_loss: 46.576
===> Total for class sdm1: 106.307
TOTAL: 169.064
GENERATOR Train epoch 11: [10000/18806 (53.2%)]
Losses:
=> Class ihm
===> autoencoding_recon_loss: 34.939
===> backtranslation_recon_loss: 27.819
===> Total for class ihm: 62.758
=> Class sdm1
===> autoencoding_recon_loss: 59.877
===> backtranslation_recon_loss: 46.739
===> Total for class sdm1: 106.616
TOTAL: 169.374
GENERATOR Train epoch 11: [11000/18806 (58.5%)]
Losses:
=> Class ihm
===> autoencoding_recon_loss: 34.995
===> backtranslation_recon_loss: 27.880
===> Total for class ihm: 62.875
=> Class sdm1
===> autoencoding_recon_loss: 60.030
===> backtranslation_recon_loss: 46.885
===> Total for class sdm1: 106.915
TOTAL: 169.790
GENERATOR Train epoch 11: [12000/18806 (63.8%)]
Losses:
=> Class ihm
===> autoencoding_recon_loss: 34.975
===> backtranslation_recon_loss: 27.835
===> Total for class ihm: 62.810
=> Class sdm1
===> autoencoding_recon_loss: 60.122
===> backtranslation_recon_loss: 46.917
===> Total for class sdm1: 107.039
TOTAL: 169.848
GENERATOR Train epoch 11: [13000/18806 (69.1%)]
Losses:
=> Class ihm
===> autoencoding_recon_loss: 34.979
===> backtranslation_recon_loss: 27.806
===> Total for class ihm: 62.785
=> Class sdm1
===> autoencoding_recon_loss: 60.055
===> backtranslation_recon_loss: 46.834
===> Total for class sdm1: 106.888
TOTAL: 169.674
GENERATOR Train epoch 11: [14000/18806 (74.4%)]
Losses:
=> Class ihm
===> autoencoding_recon_loss: 34.954
===> backtranslation_recon_loss: 27.786
===> Total for class ihm: 62.741
=> Class sdm1
===> autoencoding_recon_loss: 59.925
===> backtranslation_recon_loss: 46.710
===> Total for class sdm1: 106.636
TOTAL: 169.376
GENERATOR Train epoch 11: [15000/18806 (79.8%)]
Losses:
=> Class ihm
===> autoencoding_recon_loss: 34.969
===> backtranslation_recon_loss: 27.783
===> Total for class ihm: 62.752
=> Class sdm1
===> autoencoding_recon_loss: 59.841
===> backtranslation_recon_loss: 46.618
===> Total for class sdm1: 106.459
TOTAL: 169.211
GENERATOR Train epoch 11: [16000/18806 (85.1%)]
Losses:
=> Class ihm
===> autoencoding_recon_loss: 34.970
===> backtranslation_recon_loss: 27.780
===> Total for class ihm: 62.750
=> Class sdm1
===> autoencoding_recon_loss: 59.894
===> backtranslation_recon_loss: 46.670
===> Total for class sdm1: 106.563
TOTAL: 169.314
GENERATOR Train epoch 11: [17000/18806 (90.4%)]
Losses:
=> Class ihm
===> autoencoding_recon_loss: 34.997
===> backtranslation_recon_loss: 27.808
===> Total for class ihm: 62.805
=> Class sdm1
===> autoencoding_recon_loss: 59.948
===> backtranslation_recon_loss: 46.710
===> Total for class sdm1: 106.658
TOTAL: 169.463
GENERATOR Train epoch 11: [18000/18806 (95.7%)]
Losses:
=> Class ihm
===> autoencoding_recon_loss: 34.980
===> backtranslation_recon_loss: 27.786
===> Total for class ihm: 62.766
=> Class sdm1
===> autoencoding_recon_loss: 59.847
===> backtranslation_recon_loss: 46.603
===> Total for class sdm1: 106.451
TOTAL: 169.216

EPOCH 11 TRAIN (4676.360s)
Losses:
=> Class ihm
===> autoencoding_recon_loss: 8967.917
===> backtranslation_recon_loss: 7127.594
===> Total for class ihm: 16095.512
=> Class sdm1
===> autoencoding_recon_loss: 15322.908
===> backtranslation_recon_loss: 11934.078
===> Total for class sdm1: 27256.986
TOTAL: 43352.497

EPOCH 11 DEV (156.274s)
Losses:
=> Class ihm
===> autoencoding_recon_loss: 9040.266
===> backtranslation_recon_loss: 6864.644
===> Total for class ihm: 15904.910
=> Class sdm1
===> autoencoding_recon_loss: 15005.979
===> backtranslation_recon_loss: 11339.655
===> Total for class sdm1: 26345.634
TOTAL: 42250.544

New best dev set loss: 42250.544427
Saved checkpoint for model

STARTING EPOCH 12
GENERATOR Train epoch 12: [1000/18806 (5.3%)]
Losses:
=> Class ihm
===> autoencoding_recon_loss: 34.390
===> backtranslation_recon_loss: 27.107
===> Total for class ihm: 61.496
=> Class sdm1
===> autoencoding_recon_loss: 60.018
===> backtranslation_recon_loss: 46.455
===> Total for class sdm1: 106.473
TOTAL: 167.970
GENERATOR Train epoch 12: [2000/18806 (10.6%)]
Losses:
=> Class ihm
===> autoencoding_recon_loss: 34.757
===> backtranslation_recon_loss: 27.410
===> Total for class ihm: 62.167
=> Class sdm1
===> autoencoding_recon_loss: 59.662
===> backtranslation_recon_loss: 46.455
===> Total for class sdm1: 106.116
TOTAL: 168.283
GENERATOR Train epoch 12: [3000/18806 (16.0%)]
Losses:
=> Class ihm
===> autoencoding_recon_loss: 34.438
===> backtranslation_recon_loss: 27.059
===> Total for class ihm: 61.497
=> Class sdm1
===> autoencoding_recon_loss: 59.511
===> backtranslation_recon_loss: 46.305
===> Total for class sdm1: 105.816
TOTAL: 167.312
GENERATOR Train epoch 12: [4000/18806 (21.3%)]
Losses:
=> Class ihm
===> autoencoding_recon_loss: 34.230
===> backtranslation_recon_loss: 26.902
===> Total for class ihm: 61.133
=> Class sdm1
===> autoencoding_recon_loss: 59.274
===> backtranslation_recon_loss: 45.996
===> Total for class sdm1: 105.270
TOTAL: 166.402
GENERATOR Train epoch 12: [5000/18806 (26.6%)]
Losses:
=> Class ihm
===> autoencoding_recon_loss: 34.283
===> backtranslation_recon_loss: 27.050
===> Total for class ihm: 61.334
=> Class sdm1
===> autoencoding_recon_loss: 59.236
===> backtranslation_recon_loss: 46.006
===> Total for class sdm1: 105.242
TOTAL: 166.576
GENERATOR Train epoch 12: [6000/18806 (31.9%)]
Losses:
=> Class ihm
===> autoencoding_recon_loss: 34.521
===> backtranslation_recon_loss: 27.259
===> Total for class ihm: 61.779
=> Class sdm1
===> autoencoding_recon_loss: 59.155
===> backtranslation_recon_loss: 45.910
===> Total for class sdm1: 105.065
TOTAL: 166.845
GENERATOR Train epoch 12: [7000/18806 (37.2%)]
Losses:
=> Class ihm
===> autoencoding_recon_loss: 34.482
===> backtranslation_recon_loss: 27.230
===> Total for class ihm: 61.713
=> Class sdm1
===> autoencoding_recon_loss: 59.228
===> backtranslation_recon_loss: 45.965
===> Total for class sdm1: 105.193
TOTAL: 166.905
GENERATOR Train epoch 12: [8000/18806 (42.5%)]
Losses:
=> Class ihm
===> autoencoding_recon_loss: 34.457
===> backtranslation_recon_loss: 27.158
===> Total for class ihm: 61.615
=> Class sdm1
===> autoencoding_recon_loss: 59.216
===> backtranslation_recon_loss: 45.996
===> Total for class sdm1: 105.212
TOTAL: 166.827
GENERATOR Train epoch 12: [9000/18806 (47.9%)]
Losses:
=> Class ihm
===> autoencoding_recon_loss: 34.481
===> backtranslation_recon_loss: 27.193
===> Total for class ihm: 61.674
=> Class sdm1
===> autoencoding_recon_loss: 59.265
===> backtranslation_recon_loss: 46.049
===> Total for class sdm1: 105.314
TOTAL: 166.988
GENERATOR Train epoch 12: [10000/18806 (53.2%)]
Losses:
=> Class ihm
===> autoencoding_recon_loss: 34.407
===> backtranslation_recon_loss: 27.093
===> Total for class ihm: 61.500
=> Class sdm1
===> autoencoding_recon_loss: 59.342
===> backtranslation_recon_loss: 46.088
===> Total for class sdm1: 105.429
TOTAL: 166.929
GENERATOR Train epoch 12: [11000/18806 (58.5%)]
Losses:
=> Class ihm
===> autoencoding_recon_loss: 34.494
===> backtranslation_recon_loss: 27.196
===> Total for class ihm: 61.690
=> Class sdm1
===> autoencoding_recon_loss: 59.525
===> backtranslation_recon_loss: 46.310
===> Total for class sdm1: 105.835
TOTAL: 167.525
GENERATOR Train epoch 12: [12000/18806 (63.8%)]
Losses:
=> Class ihm
===> autoencoding_recon_loss: 34.638
===> backtranslation_recon_loss: 27.351
===> Total for class ihm: 61.988
=> Class sdm1
===> autoencoding_recon_loss: 59.800
===> backtranslation_recon_loss: 46.623
===> Total for class sdm1: 106.423
TOTAL: 168.411
GENERATOR Train epoch 12: [13000/18806 (69.1%)]
Losses:
=> Class ihm
===> autoencoding_recon_loss: 34.630
===> backtranslation_recon_loss: 27.319
===> Total for class ihm: 61.949
=> Class sdm1
===> autoencoding_recon_loss: 59.702
===> backtranslation_recon_loss: 46.504
===> Total for class sdm1: 106.206
TOTAL: 168.154
GENERATOR Train epoch 12: [14000/18806 (74.4%)]
Losses:
=> Class ihm
===> autoencoding_recon_loss: 34.641
===> backtranslation_recon_loss: 27.333
===> Total for class ihm: 61.974
=> Class sdm1
===> autoencoding_recon_loss: 59.594
===> backtranslation_recon_loss: 46.393
===> Total for class sdm1: 105.986
TOTAL: 167.961
GENERATOR Train epoch 12: [15000/18806 (79.8%)]
Losses:
=> Class ihm
===> autoencoding_recon_loss: 34.643
===> backtranslation_recon_loss: 27.335
===> Total for class ihm: 61.979
=> Class sdm1
===> autoencoding_recon_loss: 59.521
===> backtranslation_recon_loss: 46.302
===> Total for class sdm1: 105.823
TOTAL: 167.802
GENERATOR Train epoch 12: [16000/18806 (85.1%)]
Losses:
=> Class ihm
===> autoencoding_recon_loss: 34.631
===> backtranslation_recon_loss: 27.309
===> Total for class ihm: 61.939
=> Class sdm1
===> autoencoding_recon_loss: 59.528
===> backtranslation_recon_loss: 46.321
===> Total for class sdm1: 105.850
TOTAL: 167.789
GENERATOR Train epoch 12: [17000/18806 (90.4%)]
Losses:
=> Class ihm
===> autoencoding_recon_loss: 34.639
===> backtranslation_recon_loss: 27.301
===> Total for class ihm: 61.940
=> Class sdm1
===> autoencoding_recon_loss: 59.573
===> backtranslation_recon_loss: 46.350
===> Total for class sdm1: 105.923
TOTAL: 167.863
GENERATOR Train epoch 12: [18000/18806 (95.7%)]
Losses:
=> Class ihm
===> autoencoding_recon_loss: 34.631
===> backtranslation_recon_loss: 27.292
===> Total for class ihm: 61.922
=> Class sdm1
===> autoencoding_recon_loss: 59.445
===> backtranslation_recon_loss: 46.226
===> Total for class sdm1: 105.671
TOTAL: 167.593

EPOCH 12 TRAIN (4676.789s)
Losses:
=> Class ihm
===> autoencoding_recon_loss: 8873.134
===> backtranslation_recon_loss: 6992.814
===> Total for class ihm: 15865.948
=> Class sdm1
===> autoencoding_recon_loss: 15215.765
===> backtranslation_recon_loss: 11827.505
===> Total for class sdm1: 27043.270
TOTAL: 42909.218

EPOCH 12 DEV (155.990s)
Losses:
=> Class ihm
===> autoencoding_recon_loss: 9092.692
===> backtranslation_recon_loss: 7195.157
===> Total for class ihm: 16287.849
=> Class sdm1
===> autoencoding_recon_loss: 14788.687
===> backtranslation_recon_loss: 11515.184
===> Total for class sdm1: 26303.871
TOTAL: 42591.720

No improvement in 1 epochs (best dev set loss: 42250.544427)
Not saving checkpoint; no improvement made

STARTING EPOCH 13
GENERATOR Train epoch 13: [1000/18806 (5.3%)]
Losses:
=> Class ihm
===> autoencoding_recon_loss: 34.514
===> backtranslation_recon_loss: 26.909
===> Total for class ihm: 61.423
=> Class sdm1
===> autoencoding_recon_loss: 59.743
===> backtranslation_recon_loss: 46.022
===> Total for class sdm1: 105.765
TOTAL: 167.188
GENERATOR Train epoch 13: [2000/18806 (10.6%)]
Losses:
=> Class ihm
===> autoencoding_recon_loss: 34.329
===> backtranslation_recon_loss: 26.848
===> Total for class ihm: 61.176
=> Class sdm1
===> autoencoding_recon_loss: 59.106
===> backtranslation_recon_loss: 45.628
===> Total for class sdm1: 104.735
TOTAL: 165.911
GENERATOR Train epoch 13: [3000/18806 (16.0%)]
Losses:
=> Class ihm
===> autoencoding_recon_loss: 34.147
===> backtranslation_recon_loss: 26.701
===> Total for class ihm: 60.848
=> Class sdm1
===> autoencoding_recon_loss: 58.924
===> backtranslation_recon_loss: 45.390
===> Total for class sdm1: 104.314
TOTAL: 165.162
GENERATOR Train epoch 13: [4000/18806 (21.3%)]
Losses:
=> Class ihm
===> autoencoding_recon_loss: 33.964
===> backtranslation_recon_loss: 26.582
===> Total for class ihm: 60.546
=> Class sdm1
===> autoencoding_recon_loss: 58.841
===> backtranslation_recon_loss: 45.282
===> Total for class sdm1: 104.123
TOTAL: 164.669
GENERATOR Train epoch 13: [5000/18806 (26.6%)]
Losses:
=> Class ihm
===> autoencoding_recon_loss: 33.956
===> backtranslation_recon_loss: 26.600
===> Total for class ihm: 60.557
=> Class sdm1
===> autoencoding_recon_loss: 58.808
===> backtranslation_recon_loss: 45.241
===> Total for class sdm1: 104.049
TOTAL: 164.605
GENERATOR Train epoch 13: [6000/18806 (31.9%)]
Losses:
=> Class ihm
===> autoencoding_recon_loss: 34.205
===> backtranslation_recon_loss: 26.827
===> Total for class ihm: 61.033
=> Class sdm1
===> autoencoding_recon_loss: 58.734
===> backtranslation_recon_loss: 45.189
===> Total for class sdm1: 103.923
TOTAL: 164.955
GENERATOR Train epoch 13: [7000/18806 (37.2%)]
Losses:
=> Class ihm
===> autoencoding_recon_loss: 34.198
===> backtranslation_recon_loss: 26.803
===> Total for class ihm: 61.001
=> Class sdm1
===> autoencoding_recon_loss: 58.891
===> backtranslation_recon_loss: 45.354
===> Total for class sdm1: 104.245
TOTAL: 165.246
GENERATOR Train epoch 13: [8000/18806 (42.5%)]
Losses:
=> Class ihm
===> autoencoding_recon_loss: 34.099
===> backtranslation_recon_loss: 26.669
===> Total for class ihm: 60.768
=> Class sdm1
===> autoencoding_recon_loss: 58.765
===> backtranslation_recon_loss: 45.220
===> Total for class sdm1: 103.986
TOTAL: 164.754
GENERATOR Train epoch 13: [9000/18806 (47.9%)]
Losses:
=> Class ihm
===> autoencoding_recon_loss: 34.103
===> backtranslation_recon_loss: 26.679
===> Total for class ihm: 60.782
=> Class sdm1
===> autoencoding_recon_loss: 58.766
===> backtranslation_recon_loss: 45.242
===> Total for class sdm1: 104.007
TOTAL: 164.789
GENERATOR Train epoch 13: [10000/18806 (53.2%)]
Losses:
=> Class ihm
===> autoencoding_recon_loss: 34.060
===> backtranslation_recon_loss: 26.614
===> Total for class ihm: 60.674
=> Class sdm1
===> autoencoding_recon_loss: 58.854
===> backtranslation_recon_loss: 45.275
===> Total for class sdm1: 104.129
TOTAL: 164.803
GENERATOR Train epoch 13: [11000/18806 (58.5%)]
Losses:
=> Class ihm
===> autoencoding_recon_loss: 34.049
===> backtranslation_recon_loss: 26.581
===> Total for class ihm: 60.630
=> Class sdm1
===> autoencoding_recon_loss: 58.924
===> backtranslation_recon_loss: 45.295
===> Total for class sdm1: 104.219
TOTAL: 164.849
GENERATOR Train epoch 13: [12000/18806 (63.8%)]
Losses:
=> Class ihm
===> autoencoding_recon_loss: 34.046
===> backtranslation_recon_loss: 26.565
===> Total for class ihm: 60.611
=> Class sdm1
===> autoencoding_recon_loss: 59.058
===> backtranslation_recon_loss: 45.421
===> Total for class sdm1: 104.479
TOTAL: 165.091
GENERATOR Train epoch 13: [13000/18806 (69.1%)]
Losses:
=> Class ihm
===> autoencoding_recon_loss: 34.027
===> backtranslation_recon_loss: 26.524
===> Total for class ihm: 60.551
=> Class sdm1
===> autoencoding_recon_loss: 58.991
===> backtranslation_recon_loss: 45.336
===> Total for class sdm1: 104.327
TOTAL: 164.878
GENERATOR Train epoch 13: [14000/18806 (74.4%)]
Losses:
=> Class ihm
===> autoencoding_recon_loss: 34.036
===> backtranslation_recon_loss: 26.541
===> Total for class ihm: 60.577
=> Class sdm1
===> autoencoding_recon_loss: 58.904
===> backtranslation_recon_loss: 45.252
===> Total for class sdm1: 104.156
TOTAL: 164.733
GENERATOR Train epoch 13: [15000/18806 (79.8%)]
Losses:
=> Class ihm
===> autoencoding_recon_loss: 34.089
===> backtranslation_recon_loss: 26.599
===> Total for class ihm: 60.688
=> Class sdm1
===> autoencoding_recon_loss: 58.845
===> backtranslation_recon_loss: 45.232
===> Total for class sdm1: 104.077
TOTAL: 164.765
GENERATOR Train epoch 13: [16000/18806 (85.1%)]
Losses:
=> Class ihm
===> autoencoding_recon_loss: 34.084
===> backtranslation_recon_loss: 26.591
===> Total for class ihm: 60.675
=> Class sdm1
===> autoencoding_recon_loss: 58.829
===> backtranslation_recon_loss: 45.205
===> Total for class sdm1: 104.035
TOTAL: 164.710
GENERATOR Train epoch 13: [17000/18806 (90.4%)]
Losses:
=> Class ihm
===> autoencoding_recon_loss: 34.113
===> backtranslation_recon_loss: 26.617
===> Total for class ihm: 60.730
=> Class sdm1
===> autoencoding_recon_loss: 58.882
===> backtranslation_recon_loss: 45.250
===> Total for class sdm1: 104.132
TOTAL: 164.862
GENERATOR Train epoch 13: [18000/18806 (95.7%)]
Losses:
=> Class ihm
===> autoencoding_recon_loss: 34.107
===> backtranslation_recon_loss: 26.606
===> Total for class ihm: 60.714
=> Class sdm1
===> autoencoding_recon_loss: 58.778
===> backtranslation_recon_loss: 45.145
===> Total for class sdm1: 103.923
TOTAL: 164.637

EPOCH 13 TRAIN (4673.345s)
Losses:
=> Class ihm
===> autoencoding_recon_loss: 8751.956
===> backtranslation_recon_loss: 6834.820
===> Total for class ihm: 15586.775
=> Class sdm1
===> autoencoding_recon_loss: 15055.801
===> backtranslation_recon_loss: 11567.082
===> Total for class sdm1: 26622.883
TOTAL: 42209.658

EPOCH 13 DEV (156.104s)
Losses:
=> Class ihm
===> autoencoding_recon_loss: 8981.899
===> backtranslation_recon_loss: 6803.584
===> Total for class ihm: 15785.483
=> Class sdm1
===> autoencoding_recon_loss: 14504.727
===> backtranslation_recon_loss: 11082.085
===> Total for class sdm1: 25586.812
TOTAL: 41372.295

New best dev set loss: 41372.295254
Saved checkpoint for model

STARTING EPOCH 14
GENERATOR Train epoch 14: [1000/18806 (5.3%)]
Losses:
=> Class ihm
===> autoencoding_recon_loss: 34.605
===> backtranslation_recon_loss: 27.136
===> Total for class ihm: 61.740
=> Class sdm1
===> autoencoding_recon_loss: 59.061
===> backtranslation_recon_loss: 45.755
===> Total for class sdm1: 104.817
TOTAL: 166.557
GENERATOR Train epoch 14: [2000/18806 (10.6%)]
Losses:
=> Class ihm
===> autoencoding_recon_loss: 33.961
===> backtranslation_recon_loss: 26.269
===> Total for class ihm: 60.230
=> Class sdm1
===> autoencoding_recon_loss: 58.504
===> backtranslation_recon_loss: 44.990
===> Total for class sdm1: 103.494
TOTAL: 163.724
GENERATOR Train epoch 14: [3000/18806 (16.0%)]
Losses:
=> Class ihm
===> autoencoding_recon_loss: 33.825
===> backtranslation_recon_loss: 26.190
===> Total for class ihm: 60.016
=> Class sdm1
===> autoencoding_recon_loss: 58.437
===> backtranslation_recon_loss: 44.834
===> Total for class sdm1: 103.271
TOTAL: 163.287
GENERATOR Train epoch 14: [4000/18806 (21.3%)]
Losses:
=> Class ihm
===> autoencoding_recon_loss: 33.551
===> backtranslation_recon_loss: 25.948
===> Total for class ihm: 59.499
=> Class sdm1
===> autoencoding_recon_loss: 58.216
===> backtranslation_recon_loss: 44.525
===> Total for class sdm1: 102.742
TOTAL: 162.241
GENERATOR Train epoch 14: [5000/18806 (26.6%)]
Losses:
=> Class ihm
===> autoencoding_recon_loss: 33.559
===> backtranslation_recon_loss: 25.959
===> Total for class ihm: 59.518
=> Class sdm1
===> autoencoding_recon_loss: 58.201
===> backtranslation_recon_loss: 44.489
===> Total for class sdm1: 102.690
TOTAL: 162.208
GENERATOR Train epoch 14: [6000/18806 (31.9%)]
Losses:
=> Class ihm
===> autoencoding_recon_loss: 33.738
===> backtranslation_recon_loss: 26.106
===> Total for class ihm: 59.844
=> Class sdm1
===> autoencoding_recon_loss: 58.066
===> backtranslation_recon_loss: 44.324
===> Total for class sdm1: 102.390
TOTAL: 162.233
GENERATOR Train epoch 14: [7000/18806 (37.2%)]
Losses:
=> Class ihm
===> autoencoding_recon_loss: 33.808
===> backtranslation_recon_loss: 26.222
===> Total for class ihm: 60.030
=> Class sdm1
===> autoencoding_recon_loss: 58.302
===> backtranslation_recon_loss: 44.714
===> Total for class sdm1: 103.016
TOTAL: 163.046
GENERATOR Train epoch 14: [8000/18806 (42.5%)]
Losses:
=> Class ihm
===> autoencoding_recon_loss: 33.675
===> backtranslation_recon_loss: 26.047
===> Total for class ihm: 59.721
=> Class sdm1
===> autoencoding_recon_loss: 58.185
===> backtranslation_recon_loss: 44.567
===> Total for class sdm1: 102.751
TOTAL: 162.472
GENERATOR Train epoch 14: [9000/18806 (47.9%)]
Losses:
=> Class ihm
===> autoencoding_recon_loss: 33.804
===> backtranslation_recon_loss: 26.249
===> Total for class ihm: 60.052
=> Class sdm1
===> autoencoding_recon_loss: 58.318
===> backtranslation_recon_loss: 44.753
===> Total for class sdm1: 103.071
TOTAL: 163.123
GENERATOR Train epoch 14: [10000/18806 (53.2%)]
Losses:
=> Class ihm
===> autoencoding_recon_loss: 33.713
===> backtranslation_recon_loss: 26.126
===> Total for class ihm: 59.839
=> Class sdm1
===> autoencoding_recon_loss: 58.381
===> backtranslation_recon_loss: 44.776
===> Total for class sdm1: 103.157
TOTAL: 162.996
GENERATOR Train epoch 14: [11000/18806 (58.5%)]
Losses:
=> Class ihm
===> autoencoding_recon_loss: 33.696
===> backtranslation_recon_loss: 26.077
===> Total for class ihm: 59.772
=> Class sdm1
===> autoencoding_recon_loss: 58.433
===> backtranslation_recon_loss: 44.757
===> Total for class sdm1: 103.190
TOTAL: 162.962
GENERATOR Train epoch 14: [12000/18806 (63.8%)]
Losses:
=> Class ihm
===> autoencoding_recon_loss: 33.718
===> backtranslation_recon_loss: 26.075
===> Total for class ihm: 59.793
=> Class sdm1
===> autoencoding_recon_loss: 58.563
===> backtranslation_recon_loss: 44.859
===> Total for class sdm1: 103.421
TOTAL: 163.214
GENERATOR Train epoch 14: [13000/18806 (69.1%)]
Losses:
=> Class ihm
===> autoencoding_recon_loss: 33.716
===> backtranslation_recon_loss: 26.042
===> Total for class ihm: 59.758
=> Class sdm1
===> autoencoding_recon_loss: 58.499
===> backtranslation_recon_loss: 44.786
===> Total for class sdm1: 103.285
TOTAL: 163.043
GENERATOR Train epoch 14: [14000/18806 (74.4%)]
Losses:
=> Class ihm
===> autoencoding_recon_loss: 33.762
===> backtranslation_recon_loss: 26.102
===> Total for class ihm: 59.864
=> Class sdm1
===> autoencoding_recon_loss: 58.429
===> backtranslation_recon_loss: 44.730
===> Total for class sdm1: 103.159
TOTAL: 163.023
GENERATOR Train epoch 14: [15000/18806 (79.8%)]
Losses:
=> Class ihm
===> autoencoding_recon_loss: 33.765
===> backtranslation_recon_loss: 26.107
===> Total for class ihm: 59.871
=> Class sdm1
===> autoencoding_recon_loss: 58.358
===> backtranslation_recon_loss: 44.646
===> Total for class sdm1: 103.004
TOTAL: 162.876
GENERATOR Train epoch 14: [16000/18806 (85.1%)]
Losses:
=> Class ihm
===> autoencoding_recon_loss: 33.809
===> backtranslation_recon_loss: 26.169
===> Total for class ihm: 59.977
=> Class sdm1
===> autoencoding_recon_loss: 58.414
===> backtranslation_recon_loss: 44.711
===> Total for class sdm1: 103.125
TOTAL: 163.102
GENERATOR Train epoch 14: [17000/18806 (90.4%)]
Losses:
=> Class ihm
===> autoencoding_recon_loss: 33.790
===> backtranslation_recon_loss: 26.125
===> Total for class ihm: 59.915
=> Class sdm1
===> autoencoding_recon_loss: 58.413
===> backtranslation_recon_loss: 44.679
===> Total for class sdm1: 103.092
TOTAL: 163.007
GENERATOR Train epoch 14: [18000/18806 (95.7%)]
Losses:
=> Class ihm
===> autoencoding_recon_loss: 33.826
===> backtranslation_recon_loss: 26.151
===> Total for class ihm: 59.977
=> Class sdm1
===> autoencoding_recon_loss: 58.373
===> backtranslation_recon_loss: 44.639
===> Total for class sdm1: 103.012
TOTAL: 162.989

EPOCH 14 TRAIN (4680.009s)
Losses:
=> Class ihm
===> autoencoding_recon_loss: 8670.554
===> backtranslation_recon_loss: 6705.140
===> Total for class ihm: 15375.693
=> Class sdm1
===> autoencoding_recon_loss: 14945.343
===> backtranslation_recon_loss: 11429.675
===> Total for class sdm1: 26375.017
TOTAL: 41750.711

EPOCH 14 DEV (157.089s)
Losses:
=> Class ihm
===> autoencoding_recon_loss: 8654.932
===> backtranslation_recon_loss: 6490.845
===> Total for class ihm: 15145.777
=> Class sdm1
===> autoencoding_recon_loss: 14537.059
===> backtranslation_recon_loss: 10865.553
===> Total for class sdm1: 25402.612
TOTAL: 40548.389

New best dev set loss: 40548.388818
Saved checkpoint for model

STARTING EPOCH 15
GENERATOR Train epoch 15: [1000/18806 (5.3%)]
Losses:
=> Class ihm
===> autoencoding_recon_loss: 33.845
===> backtranslation_recon_loss: 25.998
===> Total for class ihm: 59.843
=> Class sdm1
===> autoencoding_recon_loss: 58.674
===> backtranslation_recon_loss: 44.862
===> Total for class sdm1: 103.536
TOTAL: 163.379
GENERATOR Train epoch 15: [2000/18806 (10.6%)]
Losses:
=> Class ihm
===> autoencoding_recon_loss: 33.636
===> backtranslation_recon_loss: 25.972
===> Total for class ihm: 59.608
=> Class sdm1
===> autoencoding_recon_loss: 58.285
===> backtranslation_recon_loss: 44.659
===> Total for class sdm1: 102.944
TOTAL: 162.552
GENERATOR Train epoch 15: [3000/18806 (16.0%)]
Losses:
=> Class ihm
===> autoencoding_recon_loss: 33.375
===> backtranslation_recon_loss: 25.698
===> Total for class ihm: 59.073
=> Class sdm1
===> autoencoding_recon_loss: 57.958
===> backtranslation_recon_loss: 44.321
===> Total for class sdm1: 102.279
TOTAL: 161.352
GENERATOR Train epoch 15: [4000/18806 (21.3%)]
Losses:
=> Class ihm
===> autoencoding_recon_loss: 33.207
===> backtranslation_recon_loss: 25.531
===> Total for class ihm: 58.738
=> Class sdm1
===> autoencoding_recon_loss: 57.852
===> backtranslation_recon_loss: 44.167
===> Total for class sdm1: 102.019
TOTAL: 160.757
GENERATOR Train epoch 15: [5000/18806 (26.6%)]
Losses:
=> Class ihm
===> autoencoding_recon_loss: 33.266
===> backtranslation_recon_loss: 25.621
===> Total for class ihm: 58.887
=> Class sdm1
===> autoencoding_recon_loss: 57.847
===> backtranslation_recon_loss: 44.149
===> Total for class sdm1: 101.996
TOTAL: 160.883
GENERATOR Train epoch 15: [6000/18806 (31.9%)]
Losses:
=> Class ihm
===> autoencoding_recon_loss: 33.425
===> backtranslation_recon_loss: 25.756
===> Total for class ihm: 59.181
=> Class sdm1
===> autoencoding_recon_loss: 57.738
===> backtranslation_recon_loss: 44.040
===> Total for class sdm1: 101.778
TOTAL: 160.959
GENERATOR Train epoch 15: [7000/18806 (37.2%)]
Losses:
=> Class ihm
===> autoencoding_recon_loss: 33.466
===> backtranslation_recon_loss: 25.819
===> Total for class ihm: 59.285
=> Class sdm1
===> autoencoding_recon_loss: 57.893
===> backtranslation_recon_loss: 44.216
===> Total for class sdm1: 102.109
TOTAL: 161.394
GENERATOR Train epoch 15: [8000/18806 (42.5%)]
Losses:
=> Class ihm
===> autoencoding_recon_loss: 33.408
===> backtranslation_recon_loss: 25.726
===> Total for class ihm: 59.134
=> Class sdm1
===> autoencoding_recon_loss: 57.899
===> backtranslation_recon_loss: 44.238
===> Total for class sdm1: 102.137
TOTAL: 161.271
GENERATOR Train epoch 15: [9000/18806 (47.9%)]
Losses:
=> Class ihm
===> autoencoding_recon_loss: 33.357
===> backtranslation_recon_loss: 25.649
===> Total for class ihm: 59.006
=> Class sdm1
===> autoencoding_recon_loss: 57.871
===> backtranslation_recon_loss: 44.219
===> Total for class sdm1: 102.090
TOTAL: 161.096
GENERATOR Train epoch 15: [10000/18806 (53.2%)]
Losses:
=> Class ihm
===> autoencoding_recon_loss: 33.417
===> backtranslation_recon_loss: 25.759
===> Total for class ihm: 59.176
=> Class sdm1
===> autoencoding_recon_loss: 57.995
===> backtranslation_recon_loss: 44.437
===> Total for class sdm1: 102.432
TOTAL: 161.608
GENERATOR Train epoch 15: [11000/18806 (58.5%)]
Losses:
=> Class ihm
===> autoencoding_recon_loss: 33.470
===> backtranslation_recon_loss: 25.798
===> Total for class ihm: 59.268
=> Class sdm1
===> autoencoding_recon_loss: 58.221
===> backtranslation_recon_loss: 44.654
===> Total for class sdm1: 102.874
TOTAL: 162.142
GENERATOR Train epoch 15: [12000/18806 (63.8%)]
Losses:
=> Class ihm
===> autoencoding_recon_loss: 33.472
===> backtranslation_recon_loss: 25.795
===> Total for class ihm: 59.267
=> Class sdm1
===> autoencoding_recon_loss: 58.363
===> backtranslation_recon_loss: 44.749
===> Total for class sdm1: 103.111
TOTAL: 162.379
GENERATOR Train epoch 15: [13000/18806 (69.1%)]
Losses:
=> Class ihm
===> autoencoding_recon_loss: 33.473
===> backtranslation_recon_loss: 25.777
===> Total for class ihm: 59.251
=> Class sdm1
===> autoencoding_recon_loss: 58.260
===> backtranslation_recon_loss: 44.614
===> Total for class sdm1: 102.874
TOTAL: 162.125
GENERATOR Train epoch 15: [14000/18806 (74.4%)]
Losses:
=> Class ihm
===> autoencoding_recon_loss: 33.478
===> backtranslation_recon_loss: 25.781
===> Total for class ihm: 59.259
=> Class sdm1
===> autoencoding_recon_loss: 58.146
===> backtranslation_recon_loss: 44.504
===> Total for class sdm1: 102.650
TOTAL: 161.909
GENERATOR Train epoch 15: [15000/18806 (79.8%)]
Losses:
=> Class ihm
===> autoencoding_recon_loss: 33.518
===> backtranslation_recon_loss: 25.824
===> Total for class ihm: 59.343
=> Class sdm1
===> autoencoding_recon_loss: 58.113
===> backtranslation_recon_loss: 44.471
===> Total for class sdm1: 102.584
TOTAL: 161.927
