# mkdir -p /data/sls/r/u/atitus5/meng/am/logs/ami-0.1/train_sdm1/baseline/frame-tdnn-450x7-step0.05/decode_ihm/ascore_13/ && lattice-scale --inv-acoustic-scale=13 "ark:gunzip -c /data/sls/r/u/atitus5/meng/am/logs/ami-0.1/train_sdm1/baseline/frame-tdnn-450x7-step0.05/decode_ihm/lat.29.gz|" ark:- | lattice-limit-depth ark:- ark:- | lattice-push --push-strings=false ark:- ark:- | lattice-align-words-lexicon --max-expand=10.0 /data/sls/scratch/haotang/ami//exp/ihm/tri3-logmel-hires/graph_ami_fsh.o3g.kn.pr1-7/phones/align_lexicon.int /data/sls/scratch/haotang/ami//exp/ihm/tri3-logmel-hires_ali/final.mdl ark:- ark:- | lattice-to-ctm-conf --decode-mbr=true ark:- - | /data/sls/r/u/atitus5/meng/utils/int2sym.pl -f 5 /data/sls/scratch/haotang/ami//exp/ihm/tri3-logmel-hires/graph_ami_fsh.o3g.kn.pr1-7/words.txt | /data/sls/r/u/atitus5/meng/utils/convert_ctm.pl /data/sls/scratch/haotang/ami//sls-data/ami-0.1/ihm-dev/segments /data/sls/scratch/haotang/ami//sls-data/ami-0.1/ihm-dev/reco2file_and_channel > /data/sls/r/u/atitus5/meng/am/logs/ami-0.1/train_sdm1/baseline/frame-tdnn-450x7-step0.05/decode_ihm/ascore_13/ihm-dev.29.ctm 
# Started at Sun Feb 25 12:06:25 EST 2018
#
lattice-align-words-lexicon --max-expand=10.0 /data/sls/scratch/haotang/ami//exp/ihm/tri3-logmel-hires/graph_ami_fsh.o3g.kn.pr1-7/phones/align_lexicon.int /data/sls/scratch/haotang/ami//exp/ihm/tri3-logmel-hires_ali/final.mdl ark:- ark:- 
lattice-push --push-strings=false ark:- ark:- 
lattice-scale --inv-acoustic-scale=13 'ark:gunzip -c /data/sls/r/u/atitus5/meng/am/logs/ami-0.1/train_sdm1/baseline/frame-tdnn-450x7-step0.05/decode_ihm/lat.29.gz|' ark:- 
lattice-limit-depth ark:- ark:- 
lattice-to-ctm-conf --decode-mbr=true ark:- - 
LOG (lattice-to-ctm-conf[5.2.134~1-ecd4]:main():lattice-to-ctm-conf.cc:172) For utterance AMI_TS3012d_H03_MTD048ME_0177247_0177353, Bayes Risk 0.433176, avg. confidence per-word 0.809821
LOG (lattice-to-ctm-conf[5.2.134~1-ecd4]:main():lattice-to-ctm-conf.cc:172) For utterance AMI_TS3012d_H03_MTD048ME_0178046_0178281, Bayes Risk 0.442698, avg. confidence per-word 0.56719
LOG (lattice-to-ctm-conf[5.2.134~1-ecd4]:main():lattice-to-ctm-conf.cc:172) For utterance AMI_TS3012d_H03_MTD048ME_0178281_0178540, Bayes Risk 0.212958, avg. confidence per-word 0.811647
LOG (lattice-to-ctm-conf[5.2.134~1-ecd4]:main():lattice-to-ctm-conf.cc:172) For utterance AMI_TS3012d_H03_MTD048ME_0178540_0178656, Bayes Risk 0.283705, avg. confidence per-word 0.717771
LOG (lattice-to-ctm-conf[5.2.134~1-ecd4]:main():lattice-to-ctm-conf.cc:172) For utterance AMI_TS3012d_H03_MTD048ME_0178656_0178788, Bayes Risk 1.1316, avg. confidence per-word 0.450714
LOG (lattice-to-ctm-conf[5.2.134~1-ecd4]:main():lattice-to-ctm-conf.cc:172) For utterance AMI_TS3012d_H03_MTD048ME_0178900_0179047, Bayes Risk 0.180093, avg. confidence per-word 1
LOG (lattice-to-ctm-conf[5.2.134~1-ecd4]:main():lattice-to-ctm-conf.cc:172) For utterance AMI_TS3012d_H03_MTD048ME_0179133_0179228, Bayes Risk 0.4784, avg. confidence per-word 0.9838
LOG (lattice-to-ctm-conf[5.2.134~1-ecd4]:main():lattice-to-ctm-conf.cc:172) For utterance AMI_TS3012d_H03_MTD048ME_0179353_0179465, Bayes Risk 0.14822, avg. confidence per-word 0.933138
LOG (lattice-to-ctm-conf[5.2.134~1-ecd4]:main():lattice-to-ctm-conf.cc:172) For utterance AMI_TS3012d_H03_MTD048ME_0180518_0180551, Bayes Risk 0.00265614, avg. confidence per-word 1
LOG (lattice-to-ctm-conf[5.2.134~1-ecd4]:main():lattice-to-ctm-conf.cc:172) For utterance AMI_TS3012d_H03_MTD048ME_0180787_0180829, Bayes Risk 0.613844, avg. confidence per-word 0.386687
LOG (lattice-to-ctm-conf[5.2.134~1-ecd4]:main():lattice-to-ctm-conf.cc:172) For utterance AMI_TS3012d_H03_MTD048ME_0181927_0182071, Bayes Risk 0.088585, avg. confidence per-word 0.914446
LOG (lattice-to-ctm-conf[5.2.134~1-ecd4]:main():lattice-to-ctm-conf.cc:172) For utterance AMI_TS3012d_H03_MTD048ME_0187856_0187899, Bayes Risk 1.01061, avg. confidence per-word 0.326046
LOG (lattice-to-ctm-conf[5.2.134~1-ecd4]:main():lattice-to-ctm-conf.cc:172) For utterance AMI_TS3012d_H03_MTD048ME_0188025_0188079, Bayes Risk 0.65495, avg. confidence per-word 0.452443
LOG (lattice-to-ctm-conf[5.2.134~1-ecd4]:main():lattice-to-ctm-conf.cc:172) For utterance AMI_TS3012d_H03_MTD048ME_0190864_0190929, Bayes Risk 0.00689725, avg. confidence per-word 0.995139
LOG (lattice-to-ctm-conf[5.2.134~1-ecd4]:main():lattice-to-ctm-conf.cc:172) For utterance AMI_TS3012d_H03_MTD048ME_0191040_0191173, Bayes Risk 0.3729, avg. confidence per-word 0.629456
LOG (lattice-to-ctm-conf[5.2.134~1-ecd4]:main():lattice-to-ctm-conf.cc:172) For utterance AMI_TS3012d_H03_MTD048ME_0191359_0191412, Bayes Risk 0.752505, avg. confidence per-word 0.249092
LOG (lattice-scale[5.2.134~1-ecd4]:main():lattice-scale.cc:90) Done 33 lattices.
LOG (lattice-to-ctm-conf[5.2.134~1-ecd4]:main():lattice-to-ctm-conf.cc:172) For utterance AMI_TS3012d_H03_MTD048ME_0191617_0191835, Bayes Risk 0.77777, avg. confidence per-word 0.326938
LOG (lattice-to-ctm-conf[5.2.134~1-ecd4]:main():lattice-to-ctm-conf.cc:172) For utterance AMI_TS3012d_H03_MTD048ME_0192069_0192119, Bayes Risk 0.472991, avg. confidence per-word 0.528603
LOG (lattice-to-ctm-conf[5.2.134~1-ecd4]:main():lattice-to-ctm-conf.cc:172) For utterance AMI_TS3012d_H03_MTD048ME_0192473_0192551, Bayes Risk 0.929383, avg. confidence per-word 0.560383
LOG (lattice-to-ctm-conf[5.2.134~1-ecd4]:main():lattice-to-ctm-conf.cc:172) For utterance AMI_TS3012d_H03_MTD048ME_0192822_0192950, Bayes Risk 0.755641, avg. confidence per-word 0.950779
LOG (lattice-limit-depth[5.2.134~1-ecd4]:main():lattice-limit-depth.cc:103) Done 33 lattices.
LOG (lattice-limit-depth[5.2.134~1-ecd4]:main():lattice-limit-depth.cc:104) Overall density changed from 20.3963 to 20.3963
LOG (lattice-to-ctm-conf[5.2.134~1-ecd4]:main():lattice-to-ctm-conf.cc:172) For utterance AMI_TS3012d_H03_MTD048ME_0193218_0193552, Bayes Risk 0.0374042, avg. confidence per-word 0.990804
LOG (lattice-to-ctm-conf[5.2.134~1-ecd4]:main():lattice-to-ctm-conf.cc:172) For utterance AMI_TS3012d_H03_MTD048ME_0193552_0193716, Bayes Risk 0.00922826, avg. confidence per-word 0.996924
LOG (lattice-to-ctm-conf[5.2.134~1-ecd4]:main():lattice-to-ctm-conf.cc:172) For utterance AMI_TS3012d_H03_MTD048ME_0193716_0193746, Bayes Risk 0.00662064, avg. confidence per-word 0.997664
LOG (lattice-to-ctm-conf[5.2.134~1-ecd4]:main():lattice-to-ctm-conf.cc:172) For utterance AMI_TS3012d_H03_MTD048ME_0194463_0194554, Bayes Risk 0.0252796, avg. confidence per-word 0.97748
LOG (lattice-to-ctm-conf[5.2.134~1-ecd4]:main():lattice-to-ctm-conf.cc:172) For utterance AMI_TS3012d_H03_MTD048ME_0194895_0194981, Bayes Risk 0.485713, avg. confidence per-word 0.515733
LOG (lattice-to-ctm-conf[5.2.134~1-ecd4]:main():lattice-to-ctm-conf.cc:172) For utterance AMI_TS3012d_H03_MTD048ME_0195197_0195310, Bayes Risk 0.553397, avg. confidence per-word 0.487193
LOG (lattice-to-ctm-conf[5.2.134~1-ecd4]:main():lattice-to-ctm-conf.cc:172) For utterance AMI_TS3012d_H03_MTD048ME_0195707_0195873, Bayes Risk 0.789163, avg. confidence per-word 0.219028
LOG (lattice-push[5.2.134~1-ecd4]:main():lattice-push.cc:98) Pushed 33 lattices, errors on 0
LOG (lattice-to-ctm-conf[5.2.134~1-ecd4]:main():lattice-to-ctm-conf.cc:172) For utterance AMI_TS3012d_H03_MTD048ME_0197858_0197962, Bayes Risk 0.776287, avg. confidence per-word -nan
LOG (lattice-to-ctm-conf[5.2.134~1-ecd4]:main():lattice-to-ctm-conf.cc:172) For utterance AMI_TS3012d_H03_MTD048ME_0199970_0200015, Bayes Risk 0.321148, avg. confidence per-word 0.682157
LOG (lattice-to-ctm-conf[5.2.134~1-ecd4]:main():lattice-to-ctm-conf.cc:172) For utterance AMI_TS3012d_H03_MTD048ME_0200580_0200818, Bayes Risk 0.565284, avg. confidence per-word 0.436294
LOG (lattice-to-ctm-conf[5.2.134~1-ecd4]:main():lattice-to-ctm-conf.cc:172) For utterance AMI_TS3012d_H03_MTD048ME_0201583_0201657, Bayes Risk 0.141226, avg. confidence per-word 0.885582
LOG (lattice-to-ctm-conf[5.2.134~1-ecd4]:main():lattice-to-ctm-conf.cc:172) For utterance AMI_TS3012d_H03_MTD048ME_0201940_0201980, Bayes Risk 0.00348671, avg. confidence per-word 1
LOG (lattice-to-ctm-conf[5.2.134~1-ecd4]:main():lattice-to-ctm-conf.cc:172) For utterance AMI_TS3012d_H03_MTD048ME_0202403_0202453, Bayes Risk 0.98279, avg. confidence per-word 0.348192
LOG (lattice-align-words-lexicon[5.2.134~1-ecd4]:main():lattice-align-words-lexicon.cc:138) Successfully aligned 33 lattices; 0 had errors.
LOG (lattice-to-ctm-conf[5.2.134~1-ecd4]:main():lattice-to-ctm-conf.cc:181) Done 33 lattices.
LOG (lattice-to-ctm-conf[5.2.134~1-ecd4]:main():lattice-to-ctm-conf.cc:182) Overall average Bayes Risk per sentence is 0.437776 and per word, 0.352356
# Accounting: time=12 threads=1
# Ended (code 0) at Sun Feb 25 12:06:37 EST 2018, elapsed time 12 seconds
