# mkdir -p /data/sls/r/u/atitus5/meng/am/logs/ami-0.1/train_sdm1/baseline/frame-tdnn-450x7-step0.05/decode_ihm/ascore_14/ && lattice-scale --inv-acoustic-scale=14 "ark:gunzip -c /data/sls/r/u/atitus5/meng/am/logs/ami-0.1/train_sdm1/baseline/frame-tdnn-450x7-step0.05/decode_ihm/lat.23.gz|" ark:- | lattice-limit-depth ark:- ark:- | lattice-push --push-strings=false ark:- ark:- | lattice-align-words-lexicon --max-expand=10.0 /data/sls/scratch/haotang/ami//exp/ihm/tri3-logmel-hires/graph_ami_fsh.o3g.kn.pr1-7/phones/align_lexicon.int /data/sls/scratch/haotang/ami//exp/ihm/tri3-logmel-hires_ali/final.mdl ark:- ark:- | lattice-to-ctm-conf --decode-mbr=true ark:- - | /data/sls/r/u/atitus5/meng/utils/int2sym.pl -f 5 /data/sls/scratch/haotang/ami//exp/ihm/tri3-logmel-hires/graph_ami_fsh.o3g.kn.pr1-7/words.txt | /data/sls/r/u/atitus5/meng/utils/convert_ctm.pl /data/sls/scratch/haotang/ami//sls-data/ami-0.1/ihm-dev/segments /data/sls/scratch/haotang/ami//sls-data/ami-0.1/ihm-dev/reco2file_and_channel > /data/sls/r/u/atitus5/meng/am/logs/ami-0.1/train_sdm1/baseline/frame-tdnn-450x7-step0.05/decode_ihm/ascore_14/ihm-dev.23.ctm 
# Started at Sun Feb 25 16:22:12 EST 2018
#
lattice-limit-depth ark:- ark:- 
lattice-push --push-strings=false ark:- ark:- 
lattice-align-words-lexicon --max-expand=10.0 /data/sls/scratch/haotang/ami//exp/ihm/tri3-logmel-hires/graph_ami_fsh.o3g.kn.pr1-7/phones/align_lexicon.int /data/sls/scratch/haotang/ami//exp/ihm/tri3-logmel-hires_ali/final.mdl ark:- ark:- 
lattice-to-ctm-conf --decode-mbr=true ark:- - 
lattice-scale --inv-acoustic-scale=14 'ark:gunzip -c /data/sls/r/u/atitus5/meng/am/logs/ami-0.1/train_sdm1/baseline/frame-tdnn-450x7-step0.05/decode_ihm/lat.23.gz|' ark:- 
LOG (lattice-to-ctm-conf[5.2.134~1-ecd4]:main():lattice-to-ctm-conf.cc:172) For utterance AMI_TS3006d_H02_MTD022ID_0193039_0193112, Bayes Risk 0.00341167, avg. confidence per-word 1
LOG (lattice-to-ctm-conf[5.2.134~1-ecd4]:main():lattice-to-ctm-conf.cc:172) For utterance AMI_TS3006d_H02_MTD022ID_0193633_0193752, Bayes Risk 0.201764, avg. confidence per-word 0.802295
LOG (lattice-to-ctm-conf[5.2.134~1-ecd4]:main():lattice-to-ctm-conf.cc:172) For utterance AMI_TS3006d_H02_MTD022ID_0193893_0194245, Bayes Risk 0.252426, avg. confidence per-word 0.921705
LOG (lattice-to-ctm-conf[5.2.134~1-ecd4]:main():lattice-to-ctm-conf.cc:172) For utterance AMI_TS3006d_H02_MTD022ID_0194245_0194486, Bayes Risk 0.708472, avg. confidence per-word 0.399168
LOG (lattice-to-ctm-conf[5.2.134~1-ecd4]:main():lattice-to-ctm-conf.cc:172) For utterance AMI_TS3006d_H02_MTD022ID_0195285_0195472, Bayes Risk 0.0424011, avg. confidence per-word 0.978188
LOG (lattice-to-ctm-conf[5.2.134~1-ecd4]:main():lattice-to-ctm-conf.cc:172) For utterance AMI_TS3006d_H02_MTD022ID_0196544_0196613, Bayes Risk 0.235827, avg. confidence per-word 0.775097
LOG (lattice-to-ctm-conf[5.2.134~1-ecd4]:main():lattice-to-ctm-conf.cc:172) For utterance AMI_TS3006d_H02_MTD022ID_0199134_0199265, Bayes Risk 0.0324023, avg. confidence per-word 0.984276
LOG (lattice-to-ctm-conf[5.2.134~1-ecd4]:main():lattice-to-ctm-conf.cc:172) For utterance AMI_TS3006d_H02_MTD022ID_0199354_0199429, Bayes Risk 0.00549354, avg. confidence per-word 1
LOG (lattice-to-ctm-conf[5.2.134~1-ecd4]:main():lattice-to-ctm-conf.cc:172) For utterance AMI_TS3006d_H02_MTD022ID_0199891_0200054, Bayes Risk 0.540791, avg. confidence per-word 0.962765
LOG (lattice-to-ctm-conf[5.2.134~1-ecd4]:main():lattice-to-ctm-conf.cc:172) For utterance AMI_TS3006d_H02_MTD022ID_0200235_0200401, Bayes Risk 0.470317, avg. confidence per-word 0.796383
LOG (lattice-to-ctm-conf[5.2.134~1-ecd4]:main():lattice-to-ctm-conf.cc:172) For utterance AMI_TS3006d_H02_MTD022ID_0200589_0200748, Bayes Risk 0.397862, avg. confidence per-word 0.939439
LOG (lattice-to-ctm-conf[5.2.134~1-ecd4]:main():lattice-to-ctm-conf.cc:172) For utterance AMI_TS3006d_H02_MTD022ID_0200748_0200995, Bayes Risk 0.264998, avg. confidence per-word 0.950522
LOG (lattice-to-ctm-conf[5.2.134~1-ecd4]:main():lattice-to-ctm-conf.cc:172) For utterance AMI_TS3006d_H02_MTD022ID_0200995_0201231, Bayes Risk 0.301459, avg. confidence per-word 0.912446
LOG (lattice-to-ctm-conf[5.2.134~1-ecd4]:main():lattice-to-ctm-conf.cc:172) For utterance AMI_TS3006d_H02_MTD022ID_0201231_0201491, Bayes Risk 0.616477, avg. confidence per-word 0.485586
LOG (lattice-to-ctm-conf[5.2.134~1-ecd4]:main():lattice-to-ctm-conf.cc:172) For utterance AMI_TS3006d_H02_MTD022ID_0201491_0202174, Bayes Risk 1.40334, avg. confidence per-word 0.655563
LOG (lattice-to-ctm-conf[5.2.134~1-ecd4]:main():lattice-to-ctm-conf.cc:172) For utterance AMI_TS3006d_H02_MTD022ID_0202579_0202752, Bayes Risk 0.808314, avg. confidence per-word 0.429446
LOG (lattice-to-ctm-conf[5.2.134~1-ecd4]:main():lattice-to-ctm-conf.cc:172) For utterance AMI_TS3006d_H02_MTD022ID_0203175_0203451, Bayes Risk 0.466315, avg. confidence per-word 0.568731
LOG (lattice-to-ctm-conf[5.2.134~1-ecd4]:main():lattice-to-ctm-conf.cc:172) For utterance AMI_TS3006d_H02_MTD022ID_0203544_0203728, Bayes Risk 0.184988, avg. confidence per-word 0.950923
LOG (lattice-to-ctm-conf[5.2.134~1-ecd4]:main():lattice-to-ctm-conf.cc:172) For utterance AMI_TS3006d_H02_MTD022ID_0203912_0204051, Bayes Risk 0.236384, avg. confidence per-word 0.770454
LOG (lattice-to-ctm-conf[5.2.134~1-ecd4]:main():lattice-to-ctm-conf.cc:172) For utterance AMI_TS3006d_H02_MTD022ID_0204051_0204116, Bayes Risk 0.323981, avg. confidence per-word 0.684222
LOG (lattice-to-ctm-conf[5.2.134~1-ecd4]:main():lattice-to-ctm-conf.cc:172) For utterance AMI_TS3006d_H02_MTD022ID_0204462_0204764, Bayes Risk 0.497732, avg. confidence per-word 0.514867
LOG (lattice-to-ctm-conf[5.2.134~1-ecd4]:main():lattice-to-ctm-conf.cc:172) For utterance AMI_TS3006d_H02_MTD022ID_0205625_0205751, Bayes Risk 0.450601, avg. confidence per-word 0.564621
LOG (lattice-to-ctm-conf[5.2.134~1-ecd4]:main():lattice-to-ctm-conf.cc:172) For utterance AMI_TS3006d_H02_MTD022ID_0207548_0207635, Bayes Risk 0.216885, avg. confidence per-word 0.80454
LOG (lattice-to-ctm-conf[5.2.134~1-ecd4]:main():lattice-to-ctm-conf.cc:172) For utterance AMI_TS3006d_H02_MTD022ID_0208194_0208254, Bayes Risk 0.353758, avg. confidence per-word 0.679216
LOG (lattice-to-ctm-conf[5.2.134~1-ecd4]:main():lattice-to-ctm-conf.cc:172) For utterance AMI_TS3006d_H02_MTD022ID_0208382_0208541, Bayes Risk 0.0987812, avg. confidence per-word 0.935298
LOG (lattice-to-ctm-conf[5.2.134~1-ecd4]:main():lattice-to-ctm-conf.cc:172) For utterance AMI_TS3006d_H02_MTD022ID_0209112_0209489, Bayes Risk 0.745207, avg. confidence per-word 0.28514
LOG (lattice-to-ctm-conf[5.2.134~1-ecd4]:main():lattice-to-ctm-conf.cc:172) For utterance AMI_TS3006d_H02_MTD022ID_0209676_0209823, Bayes Risk 0.61344, avg. confidence per-word 0.490147
LOG (lattice-to-ctm-conf[5.2.134~1-ecd4]:main():lattice-to-ctm-conf.cc:172) For utterance AMI_TS3006d_H02_MTD022ID_0210285_0210408, Bayes Risk 0.671117, avg. confidence per-word 0.330913
LOG (lattice-to-ctm-conf[5.2.134~1-ecd4]:main():lattice-to-ctm-conf.cc:172) For utterance AMI_TS3006d_H02_MTD022ID_0210408_0210530, Bayes Risk 0.719642, avg. confidence per-word 0.412659
LOG (lattice-to-ctm-conf[5.2.134~1-ecd4]:main():lattice-to-ctm-conf.cc:172) For utterance AMI_TS3006d_H02_MTD022ID_0210667_0210821, Bayes Risk 0.587867, avg. confidence per-word 0.599194
LOG (lattice-scale[5.2.134~1-ecd4]:main():lattice-scale.cc:90) Done 33 lattices.
LOG (lattice-to-ctm-conf[5.2.134~1-ecd4]:main():lattice-to-ctm-conf.cc:172) For utterance AMI_TS3006d_H02_MTD022ID_0211359_0211610, Bayes Risk 1.08066, avg. confidence per-word 0.63793
LOG (lattice-limit-depth[5.2.134~1-ecd4]:main():lattice-limit-depth.cc:103) Done 33 lattices.
LOG (lattice-limit-depth[5.2.134~1-ecd4]:main():lattice-limit-depth.cc:104) Overall density changed from 41.9763 to 41.9763
LOG (lattice-to-ctm-conf[5.2.134~1-ecd4]:main():lattice-to-ctm-conf.cc:172) For utterance AMI_TS3006d_H02_MTD022ID_0211741_0211842, Bayes Risk 0.734283, avg. confidence per-word 0.273609
LOG (lattice-push[5.2.134~1-ecd4]:main():lattice-push.cc:98) Pushed 33 lattices, errors on 0
LOG (lattice-to-ctm-conf[5.2.134~1-ecd4]:main():lattice-to-ctm-conf.cc:172) For utterance AMI_TS3006d_H02_MTD022ID_0212016_0212062, Bayes Risk 0.60426, avg. confidence per-word 0.397244
LOG (lattice-align-words-lexicon[5.2.134~1-ecd4]:main():lattice-align-words-lexicon.cc:138) Successfully aligned 33 lattices; 0 had errors.
LOG (lattice-to-ctm-conf[5.2.134~1-ecd4]:main():lattice-to-ctm-conf.cc:181) Done 33 lattices.
LOG (lattice-to-ctm-conf[5.2.134~1-ecd4]:main():lattice-to-ctm-conf.cc:182) Overall average Bayes Risk per sentence is 0.450656 and per word, 0.391359
# Accounting: time=16 threads=1
# Ended (code 0) at Sun Feb 25 16:22:28 EST 2018, elapsed time 16 seconds
