# mkdir -p /data/sls/r/u/atitus5/meng/am/logs/ami-0.1/train_sdm1/baseline/frame-tdnn-450x7-step0.05/decode_ihm/ascore_12/ && lattice-scale --inv-acoustic-scale=12 "ark:gunzip -c /data/sls/r/u/atitus5/meng/am/logs/ami-0.1/train_sdm1/baseline/frame-tdnn-450x7-step0.05/decode_ihm/lat.23.gz|" ark:- | lattice-limit-depth ark:- ark:- | lattice-push --push-strings=false ark:- ark:- | lattice-align-words-lexicon --max-expand=10.0 /data/sls/scratch/haotang/ami//exp/ihm/tri3-logmel-hires/graph_ami_fsh.o3g.kn.pr1-7/phones/align_lexicon.int /data/sls/scratch/haotang/ami//exp/ihm/tri3-logmel-hires_ali/final.mdl ark:- ark:- | lattice-to-ctm-conf --decode-mbr=true ark:- - | /data/sls/r/u/atitus5/meng/utils/int2sym.pl -f 5 /data/sls/scratch/haotang/ami//exp/ihm/tri3-logmel-hires/graph_ami_fsh.o3g.kn.pr1-7/words.txt | /data/sls/r/u/atitus5/meng/utils/convert_ctm.pl /data/sls/scratch/haotang/ami//sls-data/ami-0.1/ihm-dev/segments /data/sls/scratch/haotang/ami//sls-data/ami-0.1/ihm-dev/reco2file_and_channel > /data/sls/r/u/atitus5/meng/am/logs/ami-0.1/train_sdm1/baseline/frame-tdnn-450x7-step0.05/decode_ihm/ascore_12/ihm-dev.23.ctm 
# Started at Sun Feb 25 16:22:12 EST 2018
#
lattice-push --push-strings=false ark:- ark:- 
lattice-to-ctm-conf --decode-mbr=true ark:- - 
lattice-scale --inv-acoustic-scale=12 'ark:gunzip -c /data/sls/r/u/atitus5/meng/am/logs/ami-0.1/train_sdm1/baseline/frame-tdnn-450x7-step0.05/decode_ihm/lat.23.gz|' ark:- 
lattice-limit-depth ark:- ark:- 
lattice-align-words-lexicon --max-expand=10.0 /data/sls/scratch/haotang/ami//exp/ihm/tri3-logmel-hires/graph_ami_fsh.o3g.kn.pr1-7/phones/align_lexicon.int /data/sls/scratch/haotang/ami//exp/ihm/tri3-logmel-hires_ali/final.mdl ark:- ark:- 
LOG (lattice-to-ctm-conf[5.2.134~1-ecd4]:main():lattice-to-ctm-conf.cc:172) For utterance AMI_TS3006d_H02_MTD022ID_0193039_0193112, Bayes Risk 0.00282414, avg. confidence per-word 1
LOG (lattice-to-ctm-conf[5.2.134~1-ecd4]:main():lattice-to-ctm-conf.cc:172) For utterance AMI_TS3006d_H02_MTD022ID_0193633_0193752, Bayes Risk 0.173682, avg. confidence per-word 0.829853
LOG (lattice-to-ctm-conf[5.2.134~1-ecd4]:main():lattice-to-ctm-conf.cc:172) For utterance AMI_TS3006d_H02_MTD022ID_0193893_0194245, Bayes Risk 0.926386, avg. confidence per-word 0.819242
LOG (lattice-to-ctm-conf[5.2.134~1-ecd4]:main():lattice-to-ctm-conf.cc:172) For utterance AMI_TS3006d_H02_MTD022ID_0194245_0194486, Bayes Risk 0.640738, avg. confidence per-word 0.521586
LOG (lattice-to-ctm-conf[5.2.134~1-ecd4]:main():lattice-to-ctm-conf.cc:172) For utterance AMI_TS3006d_H02_MTD022ID_0195285_0195472, Bayes Risk 0.0454764, avg. confidence per-word 0.986086
LOG (lattice-to-ctm-conf[5.2.134~1-ecd4]:main():lattice-to-ctm-conf.cc:172) For utterance AMI_TS3006d_H02_MTD022ID_0196544_0196613, Bayes Risk 0.237251, avg. confidence per-word 0.774471
LOG (lattice-to-ctm-conf[5.2.134~1-ecd4]:main():lattice-to-ctm-conf.cc:172) For utterance AMI_TS3006d_H02_MTD022ID_0199134_0199265, Bayes Risk 0.0354749, avg. confidence per-word 0.989433
LOG (lattice-to-ctm-conf[5.2.134~1-ecd4]:main():lattice-to-ctm-conf.cc:172) For utterance AMI_TS3006d_H02_MTD022ID_0199354_0199429, Bayes Risk 0.00332143, avg. confidence per-word 1
LOG (lattice-to-ctm-conf[5.2.134~1-ecd4]:main():lattice-to-ctm-conf.cc:172) For utterance AMI_TS3006d_H02_MTD022ID_0199891_0200054, Bayes Risk 0.68513, avg. confidence per-word 0.677561
LOG (lattice-to-ctm-conf[5.2.134~1-ecd4]:main():lattice-to-ctm-conf.cc:172) For utterance AMI_TS3006d_H02_MTD022ID_0200235_0200401, Bayes Risk 0.427447, avg. confidence per-word 0.827582
LOG (lattice-to-ctm-conf[5.2.134~1-ecd4]:main():lattice-to-ctm-conf.cc:172) For utterance AMI_TS3006d_H02_MTD022ID_0200589_0200748, Bayes Risk 0.471912, avg. confidence per-word 0.959776
LOG (lattice-to-ctm-conf[5.2.134~1-ecd4]:main():lattice-to-ctm-conf.cc:172) For utterance AMI_TS3006d_H02_MTD022ID_0200748_0200995, Bayes Risk 0.515134, avg. confidence per-word 0.936599
LOG (lattice-to-ctm-conf[5.2.134~1-ecd4]:main():lattice-to-ctm-conf.cc:172) For utterance AMI_TS3006d_H02_MTD022ID_0200995_0201231, Bayes Risk 0.358354, avg. confidence per-word 0.940972
LOG (lattice-to-ctm-conf[5.2.134~1-ecd4]:main():lattice-to-ctm-conf.cc:172) For utterance AMI_TS3006d_H02_MTD022ID_0201231_0201491, Bayes Risk 0.64334, avg. confidence per-word 0.542968
LOG (lattice-to-ctm-conf[5.2.134~1-ecd4]:main():lattice-to-ctm-conf.cc:172) For utterance AMI_TS3006d_H02_MTD022ID_0201491_0202174, Bayes Risk 1.23176, avg. confidence per-word 0.703253
LOG (lattice-to-ctm-conf[5.2.134~1-ecd4]:main():lattice-to-ctm-conf.cc:172) For utterance AMI_TS3006d_H02_MTD022ID_0202579_0202752, Bayes Risk 0.918352, avg. confidence per-word 0.498069
LOG (lattice-to-ctm-conf[5.2.134~1-ecd4]:main():lattice-to-ctm-conf.cc:172) For utterance AMI_TS3006d_H02_MTD022ID_0203175_0203451, Bayes Risk 0.444292, avg. confidence per-word 0.623096
LOG (lattice-to-ctm-conf[5.2.134~1-ecd4]:main():lattice-to-ctm-conf.cc:172) For utterance AMI_TS3006d_H02_MTD022ID_0203544_0203728, Bayes Risk 0.472845, avg. confidence per-word 0.884004
LOG (lattice-to-ctm-conf[5.2.134~1-ecd4]:main():lattice-to-ctm-conf.cc:172) For utterance AMI_TS3006d_H02_MTD022ID_0203912_0204051, Bayes Risk 0.216046, avg. confidence per-word 0.793222
LOG (lattice-to-ctm-conf[5.2.134~1-ecd4]:main():lattice-to-ctm-conf.cc:172) For utterance AMI_TS3006d_H02_MTD022ID_0204051_0204116, Bayes Risk 0.229456, avg. confidence per-word 0.779499
LOG (lattice-scale[5.2.134~1-ecd4]:main():lattice-scale.cc:90) Done 33 lattices.
LOG (lattice-to-ctm-conf[5.2.134~1-ecd4]:main():lattice-to-ctm-conf.cc:172) For utterance AMI_TS3006d_H02_MTD022ID_0204462_0204764, Bayes Risk 0.357309, avg. confidence per-word 0.658619
LOG (lattice-to-ctm-conf[5.2.134~1-ecd4]:main():lattice-to-ctm-conf.cc:172) For utterance AMI_TS3006d_H02_MTD022ID_0205625_0205751, Bayes Risk 0.31547, avg. confidence per-word 0.722037
LOG (lattice-to-ctm-conf[5.2.134~1-ecd4]:main():lattice-to-ctm-conf.cc:172) For utterance AMI_TS3006d_H02_MTD022ID_0207548_0207635, Bayes Risk 0.151719, avg. confidence per-word 0.875583
LOG (lattice-to-ctm-conf[5.2.134~1-ecd4]:main():lattice-to-ctm-conf.cc:172) For utterance AMI_TS3006d_H02_MTD022ID_0208194_0208254, Bayes Risk 0.259658, avg. confidence per-word 0.776157
LOG (lattice-to-ctm-conf[5.2.134~1-ecd4]:main():lattice-to-ctm-conf.cc:172) For utterance AMI_TS3006d_H02_MTD022ID_0208382_0208541, Bayes Risk 0.10236, avg. confidence per-word 0.956127
LOG (lattice-limit-depth[5.2.134~1-ecd4]:main():lattice-limit-depth.cc:103) Done 33 lattices.
LOG (lattice-limit-depth[5.2.134~1-ecd4]:main():lattice-limit-depth.cc:104) Overall density changed from 41.9763 to 41.9763
LOG (lattice-to-ctm-conf[5.2.134~1-ecd4]:main():lattice-to-ctm-conf.cc:172) For utterance AMI_TS3006d_H02_MTD022ID_0209112_0209489, Bayes Risk 0.791042, avg. confidence per-word 0.251945
LOG (lattice-to-ctm-conf[5.2.134~1-ecd4]:main():lattice-to-ctm-conf.cc:172) For utterance AMI_TS3006d_H02_MTD022ID_0209676_0209823, Bayes Risk 0.627988, avg. confidence per-word 0.531065
LOG (lattice-to-ctm-conf[5.2.134~1-ecd4]:main():lattice-to-ctm-conf.cc:172) For utterance AMI_TS3006d_H02_MTD022ID_0210285_0210408, Bayes Risk 0.588721, avg. confidence per-word 0.413968
LOG (lattice-to-ctm-conf[5.2.134~1-ecd4]:main():lattice-to-ctm-conf.cc:172) For utterance AMI_TS3006d_H02_MTD022ID_0210408_0210530, Bayes Risk 1.32001, avg. confidence per-word 0.299512
LOG (lattice-push[5.2.134~1-ecd4]:main():lattice-push.cc:98) Pushed 33 lattices, errors on 0
LOG (lattice-to-ctm-conf[5.2.134~1-ecd4]:main():lattice-to-ctm-conf.cc:172) For utterance AMI_TS3006d_H02_MTD022ID_0210667_0210821, Bayes Risk 0.560464, avg. confidence per-word 0.678866
LOG (lattice-to-ctm-conf[5.2.134~1-ecd4]:main():lattice-to-ctm-conf.cc:172) For utterance AMI_TS3006d_H02_MTD022ID_0211359_0211610, Bayes Risk 1.27861, avg. confidence per-word 0.581561
LOG (lattice-to-ctm-conf[5.2.134~1-ecd4]:main():lattice-to-ctm-conf.cc:172) For utterance AMI_TS3006d_H02_MTD022ID_0211741_0211842, Bayes Risk 0.689533, avg. confidence per-word 0.319143
LOG (lattice-to-ctm-conf[5.2.134~1-ecd4]:main():lattice-to-ctm-conf.cc:172) For utterance AMI_TS3006d_H02_MTD022ID_0212016_0212062, Bayes Risk 0.511746, avg. confidence per-word 0.490105
LOG (lattice-align-words-lexicon[5.2.134~1-ecd4]:main():lattice-align-words-lexicon.cc:138) Successfully aligned 33 lattices; 0 had errors.
LOG (lattice-to-ctm-conf[5.2.134~1-ecd4]:main():lattice-to-ctm-conf.cc:181) Done 33 lattices.
LOG (lattice-to-ctm-conf[5.2.134~1-ecd4]:main():lattice-to-ctm-conf.cc:182) Overall average Bayes Risk per sentence is 0.491935 and per word, 0.405846
# Accounting: time=17 threads=1
# Ended (code 0) at Sun Feb 25 16:22:29 EST 2018, elapsed time 17 seconds
