# mkdir -p /data/sls/r/u/atitus5/meng/am/logs/ami-0.1/train_sdm1/baseline/frame-tdnn-450x7-step0.05/decode_ihm/ascore_8/ && lattice-scale --inv-acoustic-scale=8 "ark:gunzip -c /data/sls/r/u/atitus5/meng/am/logs/ami-0.1/train_sdm1/baseline/frame-tdnn-450x7-step0.05/decode_ihm/lat.5.gz|" ark:- | lattice-limit-depth ark:- ark:- | lattice-push --push-strings=false ark:- ark:- | lattice-align-words-lexicon --max-expand=10.0 /data/sls/scratch/haotang/ami//exp/ihm/tri3-logmel-hires/graph_ami_fsh.o3g.kn.pr1-7/phones/align_lexicon.int /data/sls/scratch/haotang/ami//exp/ihm/tri3-logmel-hires_ali/final.mdl ark:- ark:- | lattice-to-ctm-conf --decode-mbr=true ark:- - | /data/sls/r/u/atitus5/meng/utils/int2sym.pl -f 5 /data/sls/scratch/haotang/ami//exp/ihm/tri3-logmel-hires/graph_ami_fsh.o3g.kn.pr1-7/words.txt | /data/sls/r/u/atitus5/meng/utils/convert_ctm.pl /data/sls/scratch/haotang/ami//sls-data/ami-0.1/ihm-dev/segments /data/sls/scratch/haotang/ami//sls-data/ami-0.1/ihm-dev/reco2file_and_channel > /data/sls/r/u/atitus5/meng/am/logs/ami-0.1/train_sdm1/baseline/frame-tdnn-450x7-step0.05/decode_ihm/ascore_8/ihm-dev.5.ctm 
# Started at Sun Feb 25 16:22:12 EST 2018
#
lattice-limit-depth ark:- ark:- 
lattice-to-ctm-conf --decode-mbr=true ark:- - 
lattice-scale --inv-acoustic-scale=8 'ark:gunzip -c /data/sls/r/u/atitus5/meng/am/logs/ami-0.1/train_sdm1/baseline/frame-tdnn-450x7-step0.05/decode_ihm/lat.5.gz|' ark:- 
lattice-align-words-lexicon --max-expand=10.0 /data/sls/scratch/haotang/ami//exp/ihm/tri3-logmel-hires/graph_ami_fsh.o3g.kn.pr1-7/phones/align_lexicon.int /data/sls/scratch/haotang/ami//exp/ihm/tri3-logmel-hires_ali/final.mdl ark:- ark:- 
lattice-push --push-strings=false ark:- ark:- 
LOG (lattice-to-ctm-conf[5.2.134~1-ecd4]:main():lattice-to-ctm-conf.cc:172) For utterance AMI_ES2003d_H01_MEE009_0207635_0207721, Bayes Risk 1.21972, avg. confidence per-word 0.855752
LOG (lattice-to-ctm-conf[5.2.134~1-ecd4]:main():lattice-to-ctm-conf.cc:172) For utterance AMI_ES2003d_H01_MEE009_0209479_0209541, Bayes Risk 0.143935, avg. confidence per-word 0.865104
LOG (lattice-to-ctm-conf[5.2.134~1-ecd4]:main():lattice-to-ctm-conf.cc:172) For utterance AMI_ES2003d_H01_MEE009_0211214_0211294, Bayes Risk 0.58575, avg. confidence per-word 0.418988
LOG (lattice-to-ctm-conf[5.2.134~1-ecd4]:main():lattice-to-ctm-conf.cc:172) For utterance AMI_ES2003d_H01_MEE009_0211525_0211678, Bayes Risk 0.322145, avg. confidence per-word 0.71793
LOG (lattice-to-ctm-conf[5.2.134~1-ecd4]:main():lattice-to-ctm-conf.cc:172) For utterance AMI_ES2003d_H01_MEE009_0211678_0212373, Bayes Risk 1.88134, avg. confidence per-word 0.777051
LOG (lattice-to-ctm-conf[5.2.134~1-ecd4]:main():lattice-to-ctm-conf.cc:172) For utterance AMI_ES2003d_H01_MEE009_0212373_0212671, Bayes Risk 1.24795, avg. confidence per-word 0.820652
LOG (lattice-to-ctm-conf[5.2.134~1-ecd4]:main():lattice-to-ctm-conf.cc:172) For utterance AMI_ES2003d_H01_MEE009_0212850_0212939, Bayes Risk 0.296215, avg. confidence per-word 0.882613
LOG (lattice-to-ctm-conf[5.2.134~1-ecd4]:main():lattice-to-ctm-conf.cc:172) For utterance AMI_ES2003d_H01_MEE009_0213057_0213276, Bayes Risk 0.687069, avg. confidence per-word 0.864021
LOG (lattice-to-ctm-conf[5.2.134~1-ecd4]:main():lattice-to-ctm-conf.cc:172) For utterance AMI_ES2003d_H01_MEE009_0213472_0214085, Bayes Risk 0.569426, avg. confidence per-word 0.899745
LOG (lattice-to-ctm-conf[5.2.134~1-ecd4]:main():lattice-to-ctm-conf.cc:172) For utterance AMI_ES2003d_H01_MEE009_0214212_0214435, Bayes Risk 0.465657, avg. confidence per-word 0.879385
LOG (lattice-to-ctm-conf[5.2.134~1-ecd4]:main():lattice-to-ctm-conf.cc:172) For utterance AMI_ES2003d_H01_MEE009_0215221_0215756, Bayes Risk 2.04845, avg. confidence per-word 0.798358
LOG (lattice-to-ctm-conf[5.2.134~1-ecd4]:main():lattice-to-ctm-conf.cc:172) For utterance AMI_ES2003d_H01_MEE009_0215756_0216760, Bayes Risk 2.37701, avg. confidence per-word 0.827641
LOG (lattice-to-ctm-conf[5.2.134~1-ecd4]:main():lattice-to-ctm-conf.cc:172) For utterance AMI_ES2003d_H01_MEE009_0216760_0217079, Bayes Risk 0.99969, avg. confidence per-word 0.694474
LOG (lattice-to-ctm-conf[5.2.134~1-ecd4]:main():lattice-to-ctm-conf.cc:172) For utterance AMI_ES2003d_H01_MEE009_0217079_0217142, Bayes Risk 0.00670113, avg. confidence per-word 0.994752
LOG (lattice-to-ctm-conf[5.2.134~1-ecd4]:main():lattice-to-ctm-conf.cc:172) For utterance AMI_ES2003d_H01_MEE009_0217558_0217807, Bayes Risk 0.0309019, avg. confidence per-word 0.979269
LOG (lattice-to-ctm-conf[5.2.134~1-ecd4]:main():lattice-to-ctm-conf.cc:172) For utterance AMI_ES2003d_H01_MEE009_0217807_0217965, Bayes Risk 1.66013, avg. confidence per-word 0.601705
LOG (lattice-to-ctm-conf[5.2.134~1-ecd4]:main():lattice-to-ctm-conf.cc:172) For utterance AMI_ES2003d_H01_MEE009_0217965_0218556, Bayes Risk 1.61293, avg. confidence per-word 0.804871
LOG (lattice-to-ctm-conf[5.2.134~1-ecd4]:main():lattice-to-ctm-conf.cc:172) For utterance AMI_ES2003d_H01_MEE009_0218556_0218910, Bayes Risk 2.61755, avg. confidence per-word 0.860528
LOG (lattice-to-ctm-conf[5.2.134~1-ecd4]:main():lattice-to-ctm-conf.cc:172) For utterance AMI_ES2003d_H01_MEE009_0221504_0221604, Bayes Risk 0.117421, avg. confidence per-word 0.886512
LOG (lattice-to-ctm-conf[5.2.134~1-ecd4]:main():lattice-to-ctm-conf.cc:172) For utterance AMI_ES2003d_H01_MEE009_0223169_0223489, Bayes Risk 3.16758, avg. confidence per-word 0.694792
LOG (lattice-to-ctm-conf[5.2.134~1-ecd4]:main():lattice-to-ctm-conf.cc:172) For utterance AMI_ES2003d_H01_MEE009_0223489_0223758, Bayes Risk 1.5943, avg. confidence per-word 0.283582
LOG (lattice-to-ctm-conf[5.2.134~1-ecd4]:main():lattice-to-ctm-conf.cc:172) For utterance AMI_ES2003d_H01_MEE009_0223758_0224460, Bayes Risk 3.56583, avg. confidence per-word 0.595765
LOG (lattice-to-ctm-conf[5.2.134~1-ecd4]:main():lattice-to-ctm-conf.cc:172) For utterance AMI_ES2003d_H01_MEE009_0224575_0225352, Bayes Risk 3.40915, avg. confidence per-word 0.786636
LOG (lattice-to-ctm-conf[5.2.134~1-ecd4]:main():lattice-to-ctm-conf.cc:172) For utterance AMI_ES2003d_H01_MEE009_0225482_0225789, Bayes Risk 0.756034, avg. confidence per-word 0.897141
LOG (lattice-to-ctm-conf[5.2.134~1-ecd4]:main():lattice-to-ctm-conf.cc:172) For utterance AMI_ES2003d_H01_MEE009_0225789_0226044, Bayes Risk 0.716544, avg. confidence per-word 0.930936
LOG (lattice-to-ctm-conf[5.2.134~1-ecd4]:main():lattice-to-ctm-conf.cc:172) For utterance AMI_ES2003d_H01_MEE009_0226294_0226611, Bayes Risk 0.895095, avg. confidence per-word 0.939395
LOG (lattice-to-ctm-conf[5.2.134~1-ecd4]:main():lattice-to-ctm-conf.cc:172) For utterance AMI_ES2003d_H01_MEE009_0226844_0227556, Bayes Risk 1.93773, avg. confidence per-word 0.848237
LOG (lattice-to-ctm-conf[5.2.134~1-ecd4]:main():lattice-to-ctm-conf.cc:172) For utterance AMI_ES2003d_H01_MEE009_0227556_0227641, Bayes Risk 0.00424632, avg. confidence per-word 0.99686
LOG (lattice-to-ctm-conf[5.2.134~1-ecd4]:main():lattice-to-ctm-conf.cc:172) For utterance AMI_ES2003d_H01_MEE009_0227641_0228004, Bayes Risk 2.08964, avg. confidence per-word 0.685277
LOG (lattice-to-ctm-conf[5.2.134~1-ecd4]:main():lattice-to-ctm-conf.cc:172) For utterance AMI_ES2003d_H01_MEE009_0228678_0228771, Bayes Risk 0, avg. confidence per-word 1
LOG (lattice-scale[5.2.134~1-ecd4]:main():lattice-scale.cc:90) Done 34 lattices.
LOG (lattice-to-ctm-conf[5.2.134~1-ecd4]:main():lattice-to-ctm-conf.cc:172) For utterance AMI_ES2003d_H01_MEE009_0228979_0229525, Bayes Risk 1.66789, avg. confidence per-word 0.773155
LOG (lattice-limit-depth[5.2.134~1-ecd4]:main():lattice-limit-depth.cc:103) Done 34 lattices.
LOG (lattice-limit-depth[5.2.134~1-ecd4]:main():lattice-limit-depth.cc:104) Overall density changed from 101.628 to 101.628
LOG (lattice-push[5.2.134~1-ecd4]:main():lattice-push.cc:98) Pushed 34 lattices, errors on 0
LOG (lattice-to-ctm-conf[5.2.134~1-ecd4]:main():lattice-to-ctm-conf.cc:172) For utterance AMI_ES2003d_H01_MEE009_0229525_0230213, Bayes Risk 1.60676, avg. confidence per-word 0.872378
LOG (lattice-to-ctm-conf[5.2.134~1-ecd4]:main():lattice-to-ctm-conf.cc:172) For utterance AMI_ES2003d_H01_MEE009_0230398_0230431, Bayes Risk 0.221121, avg. confidence per-word 0.779766
LOG (lattice-align-words-lexicon[5.2.134~1-ecd4]:main():lattice-align-words-lexicon.cc:138) Successfully aligned 34 lattices; 0 had errors.
LOG (lattice-to-ctm-conf[5.2.134~1-ecd4]:main():lattice-to-ctm-conf.cc:172) For utterance AMI_ES2003d_H01_MEE009_0230900_0231130, Bayes Risk 0.412772, avg. confidence per-word 0.634486
LOG (lattice-to-ctm-conf[5.2.134~1-ecd4]:main():lattice-to-ctm-conf.cc:181) Done 34 lattices.
LOG (lattice-to-ctm-conf[5.2.134~1-ecd4]:main():lattice-to-ctm-conf.cc:182) Overall average Bayes Risk per sentence is 1.20396 and per word, 0.30322
# Accounting: time=22 threads=1
# Ended (code 0) at Sun Feb 25 16:22:34 EST 2018, elapsed time 22 seconds
