# mkdir -p /data/sls/r/u/atitus5/meng/am/logs/ami-0.1/train_ihm/baseline/frame-tdnn-450x7-step0.05/decode_sdm1/ascore_10/ && lattice-scale --inv-acoustic-scale=10 "ark:gunzip -c /data/sls/r/u/atitus5/meng/am/logs/ami-0.1/train_ihm/baseline/frame-tdnn-450x7-step0.05/decode_sdm1/lat.27.gz|" ark:- | lattice-limit-depth ark:- ark:- | lattice-push --push-strings=false ark:- ark:- | lattice-align-words-lexicon --max-expand=10.0 /data/sls/scratch/haotang/ami//exp/ihm/tri3-logmel-hires/graph_ami_fsh.o3g.kn.pr1-7/phones/align_lexicon.int /data/sls/scratch/haotang/ami//exp/ihm/tri3-logmel-hires_ali/final.mdl ark:- ark:- | lattice-to-ctm-conf --decode-mbr=true ark:- - | /data/sls/r/u/atitus5/meng/utils/int2sym.pl -f 5 /data/sls/scratch/haotang/ami//exp/ihm/tri3-logmel-hires/graph_ami_fsh.o3g.kn.pr1-7/words.txt | /data/sls/r/u/atitus5/meng/utils/convert_ctm.pl /data/sls/scratch/haotang/ami//sls-data/ami-0.1/sdm1-dev/segments /data/sls/scratch/haotang/ami//sls-data/ami-0.1/sdm1-dev/reco2file_and_channel > /data/sls/r/u/atitus5/meng/am/logs/ami-0.1/train_ihm/baseline/frame-tdnn-450x7-step0.05/decode_sdm1/ascore_10/sdm1-dev.27.ctm 
# Started at Sun Feb 25 12:02:26 EST 2018
#
lattice-align-words-lexicon --max-expand=10.0 /data/sls/scratch/haotang/ami//exp/ihm/tri3-logmel-hires/graph_ami_fsh.o3g.kn.pr1-7/phones/align_lexicon.int /data/sls/scratch/haotang/ami//exp/ihm/tri3-logmel-hires_ali/final.mdl ark:- ark:- 
lattice-push --push-strings=false ark:- ark:- 
lattice-scale --inv-acoustic-scale=10 'ark:gunzip -c /data/sls/r/u/atitus5/meng/am/logs/ami-0.1/train_ihm/baseline/frame-tdnn-450x7-step0.05/decode_sdm1/lat.27.gz|' ark:- 
lattice-to-ctm-conf --decode-mbr=true ark:- - 
lattice-limit-depth ark:- ark:- 
LOG (lattice-to-ctm-conf[5.2.134~1-ecd4]:main():lattice-to-ctm-conf.cc:172) For utterance AMI_TS3009c_SDM_MTD034ID_0143389_0143555, Bayes Risk 1.2998, avg. confidence per-word 0.75278
LOG (lattice-to-ctm-conf[5.2.134~1-ecd4]:main():lattice-to-ctm-conf.cc:172) For utterance AMI_TS3009c_SDM_MTD034ID_0143555_0143938, Bayes Risk 1.51325, avg. confidence per-word 0.717025
LOG (lattice-to-ctm-conf[5.2.134~1-ecd4]:main():lattice-to-ctm-conf.cc:172) For utterance AMI_TS3009c_SDM_MTD034ID_0144329_0144536, Bayes Risk 1.95318, avg. confidence per-word 0.795311
LOG (lattice-to-ctm-conf[5.2.134~1-ecd4]:main():lattice-to-ctm-conf.cc:172) For utterance AMI_TS3009c_SDM_MTD034ID_0144536_0144795, Bayes Risk 1.45024, avg. confidence per-word 0.731789
LOG (lattice-to-ctm-conf[5.2.134~1-ecd4]:main():lattice-to-ctm-conf.cc:172) For utterance AMI_TS3009c_SDM_MTD034ID_0145366_0145612, Bayes Risk 2.42521, avg. confidence per-word 0.576434
LOG (lattice-to-ctm-conf[5.2.134~1-ecd4]:main():lattice-to-ctm-conf.cc:172) For utterance AMI_TS3009c_SDM_MTD034ID_0145612_0145828, Bayes Risk 1.03554, avg. confidence per-word 0.699257
LOG (lattice-to-ctm-conf[5.2.134~1-ecd4]:main():lattice-to-ctm-conf.cc:172) For utterance AMI_TS3009c_SDM_MTD034ID_0145996_0146203, Bayes Risk 1.29555, avg. confidence per-word 0.299546
LOG (lattice-to-ctm-conf[5.2.134~1-ecd4]:main():lattice-to-ctm-conf.cc:172) For utterance AMI_TS3009c_SDM_MTD034ID_0146372_0146436, Bayes Risk 0.349722, avg. confidence per-word 0.903903
LOG (lattice-to-ctm-conf[5.2.134~1-ecd4]:main():lattice-to-ctm-conf.cc:172) For utterance AMI_TS3009c_SDM_MTD034ID_0146917_0146973, Bayes Risk 0.0490604, avg. confidence per-word 1
LOG (lattice-to-ctm-conf[5.2.134~1-ecd4]:main():lattice-to-ctm-conf.cc:172) For utterance AMI_TS3009c_SDM_MTD034ID_0146973_0147175, Bayes Risk 0.924605, avg. confidence per-word 0.837936
LOG (lattice-to-ctm-conf[5.2.134~1-ecd4]:main():lattice-to-ctm-conf.cc:172) For utterance AMI_TS3009c_SDM_MTD034ID_0147267_0147321, Bayes Risk 0.50336, avg. confidence per-word 0.576965
LOG (lattice-to-ctm-conf[5.2.134~1-ecd4]:main():lattice-to-ctm-conf.cc:172) For utterance AMI_TS3009c_SDM_MTD034ID_0147321_0147424, Bayes Risk 0.246666, avg. confidence per-word 0.881336
LOG (lattice-to-ctm-conf[5.2.134~1-ecd4]:main():lattice-to-ctm-conf.cc:172) For utterance AMI_TS3009c_SDM_MTD034ID_0147639_0148309, Bayes Risk 5.51358, avg. confidence per-word 0.746958
LOG (lattice-to-ctm-conf[5.2.134~1-ecd4]:main():lattice-to-ctm-conf.cc:172) For utterance AMI_TS3009c_SDM_MTD034ID_0148309_0148630, Bayes Risk 1.75299, avg. confidence per-word 0.745967
LOG (lattice-to-ctm-conf[5.2.134~1-ecd4]:main():lattice-to-ctm-conf.cc:172) For utterance AMI_TS3009c_SDM_MTD034ID_0148892_0148917, Bayes Risk 0, avg. confidence per-word 1
LOG (lattice-to-ctm-conf[5.2.134~1-ecd4]:main():lattice-to-ctm-conf.cc:172) For utterance AMI_TS3009c_SDM_MTD034ID_0149152_0149203, Bayes Risk 0.669911, avg. confidence per-word 0.557313
LOG (lattice-to-ctm-conf[5.2.134~1-ecd4]:main():lattice-to-ctm-conf.cc:172) For utterance AMI_TS3009c_SDM_MTD034ID_0149878_0150171, Bayes Risk 0.496308, avg. confidence per-word 0.998225
LOG (lattice-to-ctm-conf[5.2.134~1-ecd4]:main():lattice-to-ctm-conf.cc:172) For utterance AMI_TS3009c_SDM_MTD034ID_0150740_0150764, Bayes Risk 0.282845, avg. confidence per-word 0.717155
LOG (lattice-to-ctm-conf[5.2.134~1-ecd4]:main():lattice-to-ctm-conf.cc:172) For utterance AMI_TS3009c_SDM_MTD034ID_0151845_0152090, Bayes Risk 3.53388, avg. confidence per-word 0.705837
LOG (lattice-to-ctm-conf[5.2.134~1-ecd4]:main():lattice-to-ctm-conf.cc:172) For utterance AMI_TS3009c_SDM_MTD034ID_0152252_0152430, Bayes Risk 1.44439, avg. confidence per-word 0.774037
LOG (lattice-to-ctm-conf[5.2.134~1-ecd4]:main():lattice-to-ctm-conf.cc:172) For utterance AMI_TS3009c_SDM_MTD034ID_0153382_0153474, Bayes Risk 1.66886, avg. confidence per-word 0.61676
LOG (lattice-to-ctm-conf[5.2.134~1-ecd4]:main():lattice-to-ctm-conf.cc:172) For utterance AMI_TS3009c_SDM_MTD034ID_0153590_0154197, Bayes Risk 4.93138, avg. confidence per-word 0.63777
LOG (lattice-to-ctm-conf[5.2.134~1-ecd4]:main():lattice-to-ctm-conf.cc:172) For utterance AMI_TS3009c_SDM_MTD034ID_0154197_0154382, Bayes Risk 0.0358483, avg. confidence per-word 0.993382
LOG (lattice-to-ctm-conf[5.2.134~1-ecd4]:main():lattice-to-ctm-conf.cc:172) For utterance AMI_TS3009c_SDM_MTD034ID_0154382_0154739, Bayes Risk 1.78851, avg. confidence per-word 0.88946
LOG (lattice-to-ctm-conf[5.2.134~1-ecd4]:main():lattice-to-ctm-conf.cc:172) For utterance AMI_TS3009c_SDM_MTD034ID_0154739_0155072, Bayes Risk 1.72976, avg. confidence per-word 0.888445
LOG (lattice-to-ctm-conf[5.2.134~1-ecd4]:main():lattice-to-ctm-conf.cc:172) For utterance AMI_TS3009c_SDM_MTD034ID_0155072_0155478, Bayes Risk 1.48606, avg. confidence per-word 0.908231
LOG (lattice-scale[5.2.134~1-ecd4]:main():lattice-scale.cc:90) Done 33 lattices.
LOG (lattice-to-ctm-conf[5.2.134~1-ecd4]:main():lattice-to-ctm-conf.cc:172) For utterance AMI_TS3009c_SDM_MTD034ID_0155721_0156294, Bayes Risk 2.66216, avg. confidence per-word 0.693565
LOG (lattice-to-ctm-conf[5.2.134~1-ecd4]:main():lattice-to-ctm-conf.cc:172) For utterance AMI_TS3009c_SDM_MTD034ID_0156669_0156836, Bayes Risk 0.425695, avg. confidence per-word 0.933782
LOG (lattice-to-ctm-conf[5.2.134~1-ecd4]:main():lattice-to-ctm-conf.cc:172) For utterance AMI_TS3009c_SDM_MTD034ID_0157179_0157253, Bayes Risk 0.604049, avg. confidence per-word 0.396521
LOG (lattice-limit-depth[5.2.134~1-ecd4]:main():lattice-limit-depth.cc:103) Done 33 lattices.
LOG (lattice-limit-depth[5.2.134~1-ecd4]:main():lattice-limit-depth.cc:104) Overall density changed from 60.9427 to 60.9427
LOG (lattice-to-ctm-conf[5.2.134~1-ecd4]:main():lattice-to-ctm-conf.cc:172) For utterance AMI_TS3009c_SDM_MTD034ID_0157618_0157831, Bayes Risk 1.22136, avg. confidence per-word 0.823421
LOG (lattice-to-ctm-conf[5.2.134~1-ecd4]:main():lattice-to-ctm-conf.cc:172) For utterance AMI_TS3009c_SDM_MTD034ID_0158057_0158113, Bayes Risk 0.143421, avg. confidence per-word 0.944344
LOG (lattice-push[5.2.134~1-ecd4]:main():lattice-push.cc:98) Pushed 33 lattices, errors on 0
LOG (lattice-to-ctm-conf[5.2.134~1-ecd4]:main():lattice-to-ctm-conf.cc:172) For utterance AMI_TS3009c_SDM_MTD034ID_0158249_0158547, Bayes Risk 2.6212, avg. confidence per-word 0.759642
LOG (lattice-to-ctm-conf[5.2.134~1-ecd4]:main():lattice-to-ctm-conf.cc:172) For utterance AMI_TS3012d_SDM_MTD048ME_0146779_0146878, Bayes Risk 0.918411, avg. confidence per-word 0.569646
LOG (lattice-align-words-lexicon[5.2.134~1-ecd4]:main():lattice-align-words-lexicon.cc:138) Successfully aligned 33 lattices; 0 had errors.
LOG (lattice-to-ctm-conf[5.2.134~1-ecd4]:main():lattice-to-ctm-conf.cc:181) Done 33 lattices.
LOG (lattice-to-ctm-conf[5.2.134~1-ecd4]:main():lattice-to-ctm-conf.cc:182) Overall average Bayes Risk per sentence is 1.42354 and per word, 0.333169
# Accounting: time=21 threads=1
# Ended (code 0) at Sun Feb 25 12:02:47 EST 2018, elapsed time 21 seconds
