# mkdir -p /data/sls/r/u/atitus5/meng/am/logs/ami-0.1/train_ihm/baseline/frame-tdnn-450x7-step0.05/decode_sdm1/ascore_11/ && lattice-scale --inv-acoustic-scale=11 "ark:gunzip -c /data/sls/r/u/atitus5/meng/am/logs/ami-0.1/train_ihm/baseline/frame-tdnn-450x7-step0.05/decode_sdm1/lat.26.gz|" ark:- | lattice-limit-depth ark:- ark:- | lattice-push --push-strings=false ark:- ark:- | lattice-align-words-lexicon --max-expand=10.0 /data/sls/scratch/haotang/ami//exp/ihm/tri3-logmel-hires/graph_ami_fsh.o3g.kn.pr1-7/phones/align_lexicon.int /data/sls/scratch/haotang/ami//exp/ihm/tri3-logmel-hires_ali/final.mdl ark:- ark:- | lattice-to-ctm-conf --decode-mbr=true ark:- - | /data/sls/r/u/atitus5/meng/utils/int2sym.pl -f 5 /data/sls/scratch/haotang/ami//exp/ihm/tri3-logmel-hires/graph_ami_fsh.o3g.kn.pr1-7/words.txt | /data/sls/r/u/atitus5/meng/utils/convert_ctm.pl /data/sls/scratch/haotang/ami//sls-data/ami-0.1/sdm1-dev/segments /data/sls/scratch/haotang/ami//sls-data/ami-0.1/sdm1-dev/reco2file_and_channel > /data/sls/r/u/atitus5/meng/am/logs/ami-0.1/train_ihm/baseline/frame-tdnn-450x7-step0.05/decode_sdm1/ascore_11/sdm1-dev.26.ctm 
# Started at Sun Feb 25 16:22:09 EST 2018
#
lattice-limit-depth ark:- ark:- 
lattice-to-ctm-conf --decode-mbr=true ark:- - 
lattice-scale --inv-acoustic-scale=11 'ark:gunzip -c /data/sls/r/u/atitus5/meng/am/logs/ami-0.1/train_ihm/baseline/frame-tdnn-450x7-step0.05/decode_sdm1/lat.26.gz|' ark:- 
lattice-push --push-strings=false ark:- ark:- 
lattice-align-words-lexicon --max-expand=10.0 /data/sls/scratch/haotang/ami//exp/ihm/tri3-logmel-hires/graph_ami_fsh.o3g.kn.pr1-7/phones/align_lexicon.int /data/sls/scratch/haotang/ami//exp/ihm/tri3-logmel-hires_ali/final.mdl ark:- ark:- 
LOG (lattice-to-ctm-conf[5.2.134~1-ecd4]:main():lattice-to-ctm-conf.cc:172) For utterance AMI_TS3009c_SDM_MTD034ID_0116513_0116538, Bayes Risk 0.211206, avg. confidence per-word 0.788794
LOG (lattice-to-ctm-conf[5.2.134~1-ecd4]:main():lattice-to-ctm-conf.cc:172) For utterance AMI_TS3009c_SDM_MTD034ID_0118764_0118900, Bayes Risk 0.303933, avg. confidence per-word 0.92632
LOG (lattice-to-ctm-conf[5.2.134~1-ecd4]:main():lattice-to-ctm-conf.cc:172) For utterance AMI_TS3009c_SDM_MTD034ID_0119273_0119346, Bayes Risk 0.544098, avg. confidence per-word 0.529148
LOG (lattice-to-ctm-conf[5.2.134~1-ecd4]:main():lattice-to-ctm-conf.cc:172) For utterance AMI_TS3009c_SDM_MTD034ID_0120807_0120991, Bayes Risk 0.49003, avg. confidence per-word 0.950822
LOG (lattice-to-ctm-conf[5.2.134~1-ecd4]:main():lattice-to-ctm-conf.cc:172) For utterance AMI_TS3009c_SDM_MTD034ID_0121886_0121982, Bayes Risk 0.0894799, avg. confidence per-word 1
LOG (lattice-to-ctm-conf[5.2.134~1-ecd4]:main():lattice-to-ctm-conf.cc:172) For utterance AMI_TS3009c_SDM_MTD034ID_0122228_0122390, Bayes Risk 0.381007, avg. confidence per-word 0.906686
LOG (lattice-to-ctm-conf[5.2.134~1-ecd4]:main():lattice-to-ctm-conf.cc:172) For utterance AMI_TS3009c_SDM_MTD034ID_0122686_0122763, Bayes Risk 0.472735, avg. confidence per-word 0.842422
LOG (lattice-to-ctm-conf[5.2.134~1-ecd4]:main():lattice-to-ctm-conf.cc:172) For utterance AMI_TS3009c_SDM_MTD034ID_0123140_0123521, Bayes Risk 2.05251, avg. confidence per-word 0.949314
LOG (lattice-to-ctm-conf[5.2.134~1-ecd4]:main():lattice-to-ctm-conf.cc:172) For utterance AMI_TS3009c_SDM_MTD034ID_0124797_0124910, Bayes Risk 0.310188, avg. confidence per-word 0.930544
LOG (lattice-to-ctm-conf[5.2.134~1-ecd4]:main():lattice-to-ctm-conf.cc:172) For utterance AMI_TS3009c_SDM_MTD034ID_0126263_0126430, Bayes Risk 0.532894, avg. confidence per-word 0.902612
LOG (lattice-to-ctm-conf[5.2.134~1-ecd4]:main():lattice-to-ctm-conf.cc:172) For utterance AMI_TS3009c_SDM_MTD034ID_0126430_0126508, Bayes Risk 0.00835657, avg. confidence per-word 1
LOG (lattice-to-ctm-conf[5.2.134~1-ecd4]:main():lattice-to-ctm-conf.cc:172) For utterance AMI_TS3009c_SDM_MTD034ID_0129442_0129597, Bayes Risk 1.06733, avg. confidence per-word 0.791207
LOG (lattice-to-ctm-conf[5.2.134~1-ecd4]:main():lattice-to-ctm-conf.cc:172) For utterance AMI_TS3009c_SDM_MTD034ID_0129597_0129727, Bayes Risk 0.374799, avg. confidence per-word 0.876973
LOG (lattice-to-ctm-conf[5.2.134~1-ecd4]:main():lattice-to-ctm-conf.cc:172) For utterance AMI_TS3009c_SDM_MTD034ID_0129727_0129911, Bayes Risk 0.441195, avg. confidence per-word 0.792446
LOG (lattice-to-ctm-conf[5.2.134~1-ecd4]:main():lattice-to-ctm-conf.cc:172) For utterance AMI_TS3009c_SDM_MTD034ID_0129911_0130101, Bayes Risk 0.164824, avg. confidence per-word 0.913922
LOG (lattice-to-ctm-conf[5.2.134~1-ecd4]:main():lattice-to-ctm-conf.cc:172) For utterance AMI_TS3009c_SDM_MTD034ID_0130392_0130499, Bayes Risk 0.453738, avg. confidence per-word 0.955362
LOG (lattice-to-ctm-conf[5.2.134~1-ecd4]:main():lattice-to-ctm-conf.cc:172) For utterance AMI_TS3009c_SDM_MTD034ID_0130499_0130579, Bayes Risk 0.0376505, avg. confidence per-word 0.993367
LOG (lattice-to-ctm-conf[5.2.134~1-ecd4]:main():lattice-to-ctm-conf.cc:172) For utterance AMI_TS3009c_SDM_MTD034ID_0131408_0131632, Bayes Risk 1.20988, avg. confidence per-word 0.489881
LOG (lattice-to-ctm-conf[5.2.134~1-ecd4]:main():lattice-to-ctm-conf.cc:172) For utterance AMI_TS3009c_SDM_MTD034ID_0135285_0135415, Bayes Risk 1.0914, avg. confidence per-word 0.999351
LOG (lattice-to-ctm-conf[5.2.134~1-ecd4]:main():lattice-to-ctm-conf.cc:172) For utterance AMI_TS3009c_SDM_MTD034ID_0136349_0136568, Bayes Risk 0.828937, avg. confidence per-word 0.930311
LOG (lattice-to-ctm-conf[5.2.134~1-ecd4]:main():lattice-to-ctm-conf.cc:172) For utterance AMI_TS3009c_SDM_MTD034ID_0136959_0137698, Bayes Risk 1.94757, avg. confidence per-word 0.859401
LOG (lattice-to-ctm-conf[5.2.134~1-ecd4]:main():lattice-to-ctm-conf.cc:172) For utterance AMI_TS3009c_SDM_MTD034ID_0137698_0137723, Bayes Risk 0, avg. confidence per-word 1
LOG (lattice-to-ctm-conf[5.2.134~1-ecd4]:main():lattice-to-ctm-conf.cc:172) For utterance AMI_TS3009c_SDM_MTD034ID_0138238_0138388, Bayes Risk 1.14033, avg. confidence per-word 0.700741
LOG (lattice-to-ctm-conf[5.2.134~1-ecd4]:main():lattice-to-ctm-conf.cc:172) For utterance AMI_TS3009c_SDM_MTD034ID_0138992_0139204, Bayes Risk 0.535038, avg. confidence per-word 0.80315
LOG (lattice-to-ctm-conf[5.2.134~1-ecd4]:main():lattice-to-ctm-conf.cc:172) For utterance AMI_TS3009c_SDM_MTD034ID_0139570_0139655, Bayes Risk 0.605716, avg. confidence per-word 0.799249
LOG (lattice-to-ctm-conf[5.2.134~1-ecd4]:main():lattice-to-ctm-conf.cc:172) For utterance AMI_TS3009c_SDM_MTD034ID_0139655_0139744, Bayes Risk 1.00757, avg. confidence per-word 0.451432
LOG (lattice-to-ctm-conf[5.2.134~1-ecd4]:main():lattice-to-ctm-conf.cc:172) For utterance AMI_TS3009c_SDM_MTD034ID_0139744_0140094, Bayes Risk 0.81534, avg. confidence per-word 0.898202
LOG (lattice-scale[5.2.134~1-ecd4]:main():lattice-scale.cc:90) Done 33 lattices.
LOG (lattice-to-ctm-conf[5.2.134~1-ecd4]:main():lattice-to-ctm-conf.cc:172) For utterance AMI_TS3009c_SDM_MTD034ID_0140240_0140590, Bayes Risk 0.631983, avg. confidence per-word 0.867361
LOG (lattice-to-ctm-conf[5.2.134~1-ecd4]:main():lattice-to-ctm-conf.cc:172) For utterance AMI_TS3009c_SDM_MTD034ID_0140590_0140612, Bayes Risk 0.00446629, avg. confidence per-word 0.995534
LOG (lattice-limit-depth[5.2.134~1-ecd4]:main():lattice-limit-depth.cc:103) Done 33 lattices.
LOG (lattice-limit-depth[5.2.134~1-ecd4]:main():lattice-limit-depth.cc:104) Overall density changed from 46.9502 to 46.9502
LOG (lattice-to-ctm-conf[5.2.134~1-ecd4]:main():lattice-to-ctm-conf.cc:172) For utterance AMI_TS3009c_SDM_MTD034ID_0141864_0142091, Bayes Risk 0.664132, avg. confidence per-word 0.877322
LOG (lattice-to-ctm-conf[5.2.134~1-ecd4]:main():lattice-to-ctm-conf.cc:172) For utterance AMI_TS3009c_SDM_MTD034ID_0142091_0142198, Bayes Risk 0, avg. confidence per-word 1
LOG (lattice-to-ctm-conf[5.2.134~1-ecd4]:main():lattice-to-ctm-conf.cc:172) For utterance AMI_TS3009c_SDM_MTD034ID_0142198_0142365, Bayes Risk 0.871167, avg. confidence per-word 0.942328
LOG (lattice-push[5.2.134~1-ecd4]:main():lattice-push.cc:98) Pushed 33 lattices, errors on 0
LOG (lattice-align-words-lexicon[5.2.134~1-ecd4]:main():lattice-align-words-lexicon.cc:138) Successfully aligned 33 lattices; 0 had errors.
LOG (lattice-to-ctm-conf[5.2.134~1-ecd4]:main():lattice-to-ctm-conf.cc:172) For utterance AMI_TS3009c_SDM_MTD034ID_0142455_0143389, Bayes Risk 3.12918, avg. confidence per-word 0.904812
LOG (lattice-to-ctm-conf[5.2.134~1-ecd4]:main():lattice-to-ctm-conf.cc:181) Done 33 lattices.
LOG (lattice-to-ctm-conf[5.2.134~1-ecd4]:main():lattice-to-ctm-conf.cc:182) Overall average Bayes Risk per sentence is 0.679354 and per word, 0.23112
# Accounting: time=19 threads=1
# Ended (code 0) at Sun Feb 25 16:22:28 EST 2018, elapsed time 19 seconds
