# mkdir -p /data/sls/r/u/atitus5/meng/am/logs/ami-0.1/train_ihm/baseline/frame-tdnn-450x7-step0.05/decode_sdm1/ascore_14/ && lattice-scale --inv-acoustic-scale=14 "ark:gunzip -c /data/sls/r/u/atitus5/meng/am/logs/ami-0.1/train_ihm/baseline/frame-tdnn-450x7-step0.05/decode_sdm1/lat.11.gz|" ark:- | lattice-limit-depth ark:- ark:- | lattice-push --push-strings=false ark:- ark:- | lattice-align-words-lexicon --max-expand=10.0 /data/sls/scratch/haotang/ami//exp/ihm/tri3-logmel-hires/graph_ami_fsh.o3g.kn.pr1-7/phones/align_lexicon.int /data/sls/scratch/haotang/ami//exp/ihm/tri3-logmel-hires_ali/final.mdl ark:- ark:- | lattice-to-ctm-conf --decode-mbr=true ark:- - | /data/sls/r/u/atitus5/meng/utils/int2sym.pl -f 5 /data/sls/scratch/haotang/ami//exp/ihm/tri3-logmel-hires/graph_ami_fsh.o3g.kn.pr1-7/words.txt | /data/sls/r/u/atitus5/meng/utils/convert_ctm.pl /data/sls/scratch/haotang/ami//sls-data/ami-0.1/sdm1-dev/segments /data/sls/scratch/haotang/ami//sls-data/ami-0.1/sdm1-dev/reco2file_and_channel > /data/sls/r/u/atitus5/meng/am/logs/ami-0.1/train_ihm/baseline/frame-tdnn-450x7-step0.05/decode_sdm1/ascore_14/sdm1-dev.11.ctm 
# Started at Sun Feb 25 16:22:09 EST 2018
#
lattice-push --push-strings=false ark:- ark:- 
lattice-limit-depth ark:- ark:- 
lattice-to-ctm-conf --decode-mbr=true ark:- - 
lattice-scale --inv-acoustic-scale=14 'ark:gunzip -c /data/sls/r/u/atitus5/meng/am/logs/ami-0.1/train_ihm/baseline/frame-tdnn-450x7-step0.05/decode_sdm1/lat.11.gz|' ark:- 
lattice-align-words-lexicon --max-expand=10.0 /data/sls/scratch/haotang/ami//exp/ihm/tri3-logmel-hires/graph_ami_fsh.o3g.kn.pr1-7/phones/align_lexicon.int /data/sls/scratch/haotang/ami//exp/ihm/tri3-logmel-hires_ali/final.mdl ark:- ark:- 
LOG (lattice-to-ctm-conf[5.2.134~1-ecd4]:main():lattice-to-ctm-conf.cc:172) For utterance AMI_ES2015a_SDM_FEE058_0110642_0110753, Bayes Risk 0.177322, avg. confidence per-word 0.978681
LOG (lattice-to-ctm-conf[5.2.134~1-ecd4]:main():lattice-to-ctm-conf.cc:172) For utterance AMI_ES2015a_SDM_FEE058_0110753_0110926, Bayes Risk 0.675659, avg. confidence per-word 0.34461
LOG (lattice-to-ctm-conf[5.2.134~1-ecd4]:main():lattice-to-ctm-conf.cc:172) For utterance AMI_ES2015a_SDM_FEE058_0111365_0111398, Bayes Risk 0.65536, avg. confidence per-word 0.427334
LOG (lattice-to-ctm-conf[5.2.134~1-ecd4]:main():lattice-to-ctm-conf.cc:172) For utterance AMI_ES2015a_SDM_FEE058_0113877_0113939, Bayes Risk 0.138086, avg. confidence per-word 0.861914
LOG (lattice-to-ctm-conf[5.2.134~1-ecd4]:main():lattice-to-ctm-conf.cc:172) For utterance AMI_ES2015a_SDM_FEE058_0113939_0113981, Bayes Risk 0.719302, avg. confidence per-word 0.284119
LOG (lattice-to-ctm-conf[5.2.134~1-ecd4]:main():lattice-to-ctm-conf.cc:172) For utterance AMI_ES2015a_SDM_FEE059_0016712_0017341, Bayes Risk 1.41024, avg. confidence per-word 0.959358
LOG (lattice-to-ctm-conf[5.2.134~1-ecd4]:main():lattice-to-ctm-conf.cc:172) For utterance AMI_ES2015a_SDM_FEE059_0017341_0018470, Bayes Risk 1.47535, avg. confidence per-word 0.920045
LOG (lattice-to-ctm-conf[5.2.134~1-ecd4]:main():lattice-to-ctm-conf.cc:172) For utterance AMI_ES2015a_SDM_FEE059_0040139_0040236, Bayes Risk 0.78954, avg. confidence per-word -nan
LOG (lattice-to-ctm-conf[5.2.134~1-ecd4]:main():lattice-to-ctm-conf.cc:172) For utterance AMI_ES2015a_SDM_FEE059_0042255_0042828, Bayes Risk 0.614267, avg. confidence per-word 0.397544
LOG (lattice-to-ctm-conf[5.2.134~1-ecd4]:main():lattice-to-ctm-conf.cc:172) For utterance AMI_ES2015a_SDM_FEE059_0043918_0044062, Bayes Risk 0.77151, avg. confidence per-word 0.228979
LOG (lattice-to-ctm-conf[5.2.134~1-ecd4]:main():lattice-to-ctm-conf.cc:172) For utterance AMI_ES2015a_SDM_FEE059_0044062_0044256, Bayes Risk 0.604799, avg. confidence per-word 0.395201
LOG (lattice-to-ctm-conf[5.2.134~1-ecd4]:main():lattice-to-ctm-conf.cc:172) For utterance AMI_ES2015a_SDM_FEE059_0047634_0048033, Bayes Risk 0.410879, avg. confidence per-word 0.675726
LOG (lattice-to-ctm-conf[5.2.134~1-ecd4]:main():lattice-to-ctm-conf.cc:172) For utterance AMI_ES2015a_SDM_FEE059_0048486_0048685, Bayes Risk 0.0565068, avg. confidence per-word 0.982694
LOG (lattice-to-ctm-conf[5.2.134~1-ecd4]:main():lattice-to-ctm-conf.cc:172) For utterance AMI_ES2015a_SDM_FEE059_0048685_0048932, Bayes Risk 0.00129924, avg. confidence per-word 1
LOG (lattice-to-ctm-conf[5.2.134~1-ecd4]:main():lattice-to-ctm-conf.cc:172) For utterance AMI_ES2015a_SDM_FEE059_0063166_0063360, Bayes Risk 0.77722, avg. confidence per-word 0.225937
LOG (lattice-to-ctm-conf[5.2.134~1-ecd4]:main():lattice-to-ctm-conf.cc:172) For utterance AMI_ES2015a_SDM_FEE059_0064249_0064329, Bayes Risk 0.701102, avg. confidence per-word -nan
LOG (lattice-to-ctm-conf[5.2.134~1-ecd4]:main():lattice-to-ctm-conf.cc:172) For utterance AMI_ES2015a_SDM_FEE059_0064329_0064991, Bayes Risk 0.296284, avg. confidence per-word 0.710027
LOG (lattice-to-ctm-conf[5.2.134~1-ecd4]:main():lattice-to-ctm-conf.cc:172) For utterance AMI_ES2015a_SDM_FEE059_0064991_0065323, Bayes Risk 0.047246, avg. confidence per-word 0.97895
LOG (lattice-to-ctm-conf[5.2.134~1-ecd4]:main():lattice-to-ctm-conf.cc:172) For utterance AMI_ES2015a_SDM_FEE059_0065323_0065914, Bayes Risk 0.00395272, avg. confidence per-word 1
LOG (lattice-to-ctm-conf[5.2.134~1-ecd4]:main():lattice-to-ctm-conf.cc:172) For utterance AMI_ES2015a_SDM_FEE059_0065914_0065986, Bayes Risk 0.639856, avg. confidence per-word 0.435067
LOG (lattice-to-ctm-conf[5.2.134~1-ecd4]:main():lattice-to-ctm-conf.cc:172) For utterance AMI_ES2015a_SDM_FEE059_0066189_0066733, Bayes Risk 0.313189, avg. confidence per-word 0.701438
LOG (lattice-to-ctm-conf[5.2.134~1-ecd4]:main():lattice-to-ctm-conf.cc:172) For utterance AMI_ES2015a_SDM_FEE059_0067146_0067444, Bayes Risk 0.0655944, avg. confidence per-word 0.971425
LOG (lattice-to-ctm-conf[5.2.134~1-ecd4]:main():lattice-to-ctm-conf.cc:172) For utterance AMI_ES2015a_SDM_FEE059_0067444_0067857, Bayes Risk 0.697118, avg. confidence per-word 0.303494
LOG (lattice-to-ctm-conf[5.2.134~1-ecd4]:main():lattice-to-ctm-conf.cc:172) For utterance AMI_ES2015a_SDM_FEE059_0067857_0068144, Bayes Risk 0.741365, avg. confidence per-word 0.265639
LOG (lattice-to-ctm-conf[5.2.134~1-ecd4]:main():lattice-to-ctm-conf.cc:172) For utterance AMI_ES2015a_SDM_FEE059_0068411_0068801, Bayes Risk 0.542515, avg. confidence per-word 0.46166
LOG (lattice-to-ctm-conf[5.2.134~1-ecd4]:main():lattice-to-ctm-conf.cc:172) For utterance AMI_ES2015a_SDM_FEE059_0068801_0069196, Bayes Risk 0.0328273, avg. confidence per-word 1
LOG (lattice-to-ctm-conf[5.2.134~1-ecd4]:main():lattice-to-ctm-conf.cc:172) For utterance AMI_ES2015a_SDM_FEE059_0069640_0069892, Bayes Risk 0.0240191, avg. confidence per-word 1
LOG (lattice-to-ctm-conf[5.2.134~1-ecd4]:main():lattice-to-ctm-conf.cc:172) For utterance AMI_ES2015a_SDM_FEE059_0069892_0069981, Bayes Risk 0.0947771, avg. confidence per-word 0.905223
LOG (lattice-to-ctm-conf[5.2.134~1-ecd4]:main():lattice-to-ctm-conf.cc:172) For utterance AMI_ES2015a_SDM_FEE059_0069981_0070400, Bayes Risk 0.563511, avg. confidence per-word 0.652461
LOG (lattice-to-ctm-conf[5.2.134~1-ecd4]:main():lattice-to-ctm-conf.cc:172) For utterance AMI_ES2015a_SDM_FEE059_0070400_0070764, Bayes Risk 0.303912, avg. confidence per-word 0.701305
LOG (lattice-scale[5.2.134~1-ecd4]:main():lattice-scale.cc:90) Done 33 lattices.
LOG (lattice-to-ctm-conf[5.2.134~1-ecd4]:main():lattice-to-ctm-conf.cc:172) For utterance AMI_ES2015a_SDM_FEE059_0070764_0071308, Bayes Risk 0.487361, avg. confidence per-word 0.69292
LOG (lattice-limit-depth[5.2.134~1-ecd4]:main():lattice-limit-depth.cc:103) Done 33 lattices.
LOG (lattice-limit-depth[5.2.134~1-ecd4]:main():lattice-limit-depth.cc:104) Overall density changed from 26.9603 to 26.9603
LOG (lattice-to-ctm-conf[5.2.134~1-ecd4]:main():lattice-to-ctm-conf.cc:172) For utterance AMI_ES2015a_SDM_FEE059_0071308_0071975, Bayes Risk 0.4207, avg. confidence per-word 0.821448
LOG (lattice-push[5.2.134~1-ecd4]:main():lattice-push.cc:98) Pushed 33 lattices, errors on 0
LOG (lattice-to-ctm-conf[5.2.134~1-ecd4]:main():lattice-to-ctm-conf.cc:172) For utterance AMI_ES2015a_SDM_FEE059_0071975_0072457, Bayes Risk 0.460609, avg. confidence per-word 0.785373
LOG (lattice-align-words-lexicon[5.2.134~1-ecd4]:main():lattice-align-words-lexicon.cc:138) Successfully aligned 33 lattices; 0 had errors.
LOG (lattice-to-ctm-conf[5.2.134~1-ecd4]:main():lattice-to-ctm-conf.cc:181) Done 33 lattices.
LOG (lattice-to-ctm-conf[5.2.134~1-ecd4]:main():lattice-to-ctm-conf.cc:182) Overall average Bayes Risk per sentence is 0.47616 and per word, 0.365425
# Accounting: time=20 threads=1
# Ended (code 0) at Sun Feb 25 16:22:29 EST 2018, elapsed time 20 seconds
