# mkdir -p /data/sls/r/u/atitus5/meng/am/logs/ami-0.1/train_ihm/baseline/frame-tdnn-450x7-step0.05/decode_sdm1/ascore_10/ && lattice-scale --inv-acoustic-scale=10 "ark:gunzip -c /data/sls/r/u/atitus5/meng/am/logs/ami-0.1/train_ihm/baseline/frame-tdnn-450x7-step0.05/decode_sdm1/lat.10.gz|" ark:- | lattice-limit-depth ark:- ark:- | lattice-push --push-strings=false ark:- ark:- | lattice-align-words-lexicon --max-expand=10.0 /data/sls/scratch/haotang/ami//exp/ihm/tri3-logmel-hires/graph_ami_fsh.o3g.kn.pr1-7/phones/align_lexicon.int /data/sls/scratch/haotang/ami//exp/ihm/tri3-logmel-hires_ali/final.mdl ark:- ark:- | lattice-to-ctm-conf --decode-mbr=true ark:- - | /data/sls/r/u/atitus5/meng/utils/int2sym.pl -f 5 /data/sls/scratch/haotang/ami//exp/ihm/tri3-logmel-hires/graph_ami_fsh.o3g.kn.pr1-7/words.txt | /data/sls/r/u/atitus5/meng/utils/convert_ctm.pl /data/sls/scratch/haotang/ami//sls-data/ami-0.1/sdm1-dev/segments /data/sls/scratch/haotang/ami//sls-data/ami-0.1/sdm1-dev/reco2file_and_channel > /data/sls/r/u/atitus5/meng/am/logs/ami-0.1/train_ihm/baseline/frame-tdnn-450x7-step0.05/decode_sdm1/ascore_10/sdm1-dev.10.ctm 
# Started at Sun Feb 25 12:02:25 EST 2018
#
lattice-scale --inv-acoustic-scale=10 'ark:gunzip -c /data/sls/r/u/atitus5/meng/am/logs/ami-0.1/train_ihm/baseline/frame-tdnn-450x7-step0.05/decode_sdm1/lat.10.gz|' ark:- 
lattice-align-words-lexicon --max-expand=10.0 /data/sls/scratch/haotang/ami//exp/ihm/tri3-logmel-hires/graph_ami_fsh.o3g.kn.pr1-7/phones/align_lexicon.int /data/sls/scratch/haotang/ami//exp/ihm/tri3-logmel-hires_ali/final.mdl ark:- ark:- 
lattice-push --push-strings=false ark:- ark:- 
lattice-limit-depth ark:- ark:- 
lattice-to-ctm-conf --decode-mbr=true ark:- - 
LOG (lattice-to-ctm-conf[5.2.134~1-ecd4]:main():lattice-to-ctm-conf.cc:172) For utterance AMI_ES2015a_SDM_FEE058_0064030_0064235, Bayes Risk 0.667282, avg. confidence per-word 0.332718
LOG (lattice-to-ctm-conf[5.2.134~1-ecd4]:main():lattice-to-ctm-conf.cc:172) For utterance AMI_ES2015a_SDM_FEE058_0064921_0064966, Bayes Risk 0.374473, avg. confidence per-word 0.625527
LOG (lattice-to-ctm-conf[5.2.134~1-ecd4]:main():lattice-to-ctm-conf.cc:172) For utterance AMI_ES2015a_SDM_FEE058_0066734_0067190, Bayes Risk 0.115383, avg. confidence per-word 0.95826
LOG (lattice-to-ctm-conf[5.2.134~1-ecd4]:main():lattice-to-ctm-conf.cc:172) For utterance AMI_ES2015a_SDM_FEE058_0068747_0069628, Bayes Risk 1.32345, avg. confidence per-word 0.782198
LOG (lattice-to-ctm-conf[5.2.134~1-ecd4]:main():lattice-to-ctm-conf.cc:172) For utterance AMI_ES2015a_SDM_FEE058_0070085_0070765, Bayes Risk 0.6922, avg. confidence per-word 0.707276
LOG (lattice-to-ctm-conf[5.2.134~1-ecd4]:main():lattice-to-ctm-conf.cc:172) For utterance AMI_ES2015a_SDM_FEE058_0072464_0072585, Bayes Risk 0.5034, avg. confidence per-word 0.500684
LOG (lattice-to-ctm-conf[5.2.134~1-ecd4]:main():lattice-to-ctm-conf.cc:172) For utterance AMI_ES2015a_SDM_FEE058_0080720_0080860, Bayes Risk 0.0149423, avg. confidence per-word 0.990319
LOG (lattice-to-ctm-conf[5.2.134~1-ecd4]:main():lattice-to-ctm-conf.cc:172) For utterance AMI_ES2015a_SDM_FEE058_0083007_0083097, Bayes Risk 0.206442, avg. confidence per-word 0.797223
LOG (lattice-to-ctm-conf[5.2.134~1-ecd4]:main():lattice-to-ctm-conf.cc:172) For utterance AMI_ES2015a_SDM_FEE058_0095397_0095476, Bayes Risk 0.628311, avg. confidence per-word -nan
LOG (lattice-to-ctm-conf[5.2.134~1-ecd4]:main():lattice-to-ctm-conf.cc:172) For utterance AMI_ES2015a_SDM_FEE058_0095617_0096107, Bayes Risk 1.15116, avg. confidence per-word 0.671268
LOG (lattice-to-ctm-conf[5.2.134~1-ecd4]:main():lattice-to-ctm-conf.cc:172) For utterance AMI_ES2015a_SDM_FEE058_0096107_0096368, Bayes Risk 1.10824, avg. confidence per-word 0.700081
LOG (lattice-to-ctm-conf[5.2.134~1-ecd4]:main():lattice-to-ctm-conf.cc:172) For utterance AMI_ES2015a_SDM_FEE058_0096368_0096557, Bayes Risk 0.651809, avg. confidence per-word 0.983357
LOG (lattice-to-ctm-conf[5.2.134~1-ecd4]:main():lattice-to-ctm-conf.cc:172) For utterance AMI_ES2015a_SDM_FEE058_0096664_0097253, Bayes Risk 0.649726, avg. confidence per-word 0.792687
LOG (lattice-to-ctm-conf[5.2.134~1-ecd4]:main():lattice-to-ctm-conf.cc:172) For utterance AMI_ES2015a_SDM_FEE058_0097253_0097459, Bayes Risk 0.610999, avg. confidence per-word 0.568075
LOG (lattice-to-ctm-conf[5.2.134~1-ecd4]:main():lattice-to-ctm-conf.cc:172) For utterance AMI_ES2015a_SDM_FEE058_0097459_0097977, Bayes Risk 0.021025, avg. confidence per-word 1
LOG (lattice-to-ctm-conf[5.2.134~1-ecd4]:main():lattice-to-ctm-conf.cc:172) For utterance AMI_ES2015a_SDM_FEE058_0098757_0098884, Bayes Risk 0.0230748, avg. confidence per-word 0.992749
LOG (lattice-to-ctm-conf[5.2.134~1-ecd4]:main():lattice-to-ctm-conf.cc:172) For utterance AMI_ES2015a_SDM_FEE058_0098884_0099344, Bayes Risk 0.591108, avg. confidence per-word 0.757766
LOG (lattice-to-ctm-conf[5.2.134~1-ecd4]:main():lattice-to-ctm-conf.cc:172) For utterance AMI_ES2015a_SDM_FEE058_0100137_0100432, Bayes Risk 0.242252, avg. confidence per-word 0.974761
LOG (lattice-to-ctm-conf[5.2.134~1-ecd4]:main():lattice-to-ctm-conf.cc:172) For utterance AMI_ES2015a_SDM_FEE058_0100432_0100490, Bayes Risk 0.108399, avg. confidence per-word 0.950229
LOG (lattice-to-ctm-conf[5.2.134~1-ecd4]:main():lattice-to-ctm-conf.cc:172) For utterance AMI_ES2015a_SDM_FEE058_0100812_0100916, Bayes Risk 0.031334, avg. confidence per-word 0.968666
LOG (lattice-to-ctm-conf[5.2.134~1-ecd4]:main():lattice-to-ctm-conf.cc:172) For utterance AMI_ES2015a_SDM_FEE058_0102863_0102923, Bayes Risk 0.426891, avg. confidence per-word 0.576662
LOG (lattice-to-ctm-conf[5.2.134~1-ecd4]:main():lattice-to-ctm-conf.cc:172) For utterance AMI_ES2015a_SDM_FEE058_0103065_0103533, Bayes Risk 0.188261, avg. confidence per-word 0.814278
LOG (lattice-to-ctm-conf[5.2.134~1-ecd4]:main():lattice-to-ctm-conf.cc:172) For utterance AMI_ES2015a_SDM_FEE058_0103533_0103767, Bayes Risk 0.369089, avg. confidence per-word 0.948911
LOG (lattice-to-ctm-conf[5.2.134~1-ecd4]:main():lattice-to-ctm-conf.cc:172) For utterance AMI_ES2015a_SDM_FEE058_0103767_0104138, Bayes Risk 1.93733, avg. confidence per-word 0.616619
LOG (lattice-to-ctm-conf[5.2.134~1-ecd4]:main():lattice-to-ctm-conf.cc:172) For utterance AMI_ES2015a_SDM_FEE058_0104323_0104367, Bayes Risk 0, avg. confidence per-word 1
LOG (lattice-to-ctm-conf[5.2.134~1-ecd4]:main():lattice-to-ctm-conf.cc:172) For utterance AMI_ES2015a_SDM_FEE058_0104473_0104513, Bayes Risk 0.681102, avg. confidence per-word 0.319311
LOG (lattice-to-ctm-conf[5.2.134~1-ecd4]:main():lattice-to-ctm-conf.cc:172) For utterance AMI_ES2015a_SDM_FEE058_0105027_0105074, Bayes Risk 0.0153475, avg. confidence per-word 1
LOG (lattice-scale[5.2.134~1-ecd4]:main():lattice-scale.cc:90) Done 34 lattices.
LOG (lattice-limit-depth[5.2.134~1-ecd4]:main():lattice-limit-depth.cc:103) Done 34 lattices.
LOG (lattice-limit-depth[5.2.134~1-ecd4]:main():lattice-limit-depth.cc:104) Overall density changed from 50.0396 to 50.0396
LOG (lattice-to-ctm-conf[5.2.134~1-ecd4]:main():lattice-to-ctm-conf.cc:172) For utterance AMI_ES2015a_SDM_FEE058_0105232_0106025, Bayes Risk 1.75871, avg. confidence per-word 0.990227
LOG (lattice-push[5.2.134~1-ecd4]:main():lattice-push.cc:98) Pushed 34 lattices, errors on 0
LOG (lattice-to-ctm-conf[5.2.134~1-ecd4]:main():lattice-to-ctm-conf.cc:172) For utterance AMI_ES2015a_SDM_FEE058_0106025_0106463, Bayes Risk 1.45271, avg. confidence per-word 0.812086
LOG (lattice-to-ctm-conf[5.2.134~1-ecd4]:main():lattice-to-ctm-conf.cc:172) For utterance AMI_ES2015a_SDM_FEE058_0106463_0107129, Bayes Risk 0.927061, avg. confidence per-word 0.729253
LOG (lattice-to-ctm-conf[5.2.134~1-ecd4]:main():lattice-to-ctm-conf.cc:172) For utterance AMI_ES2015a_SDM_FEE058_0107129_0107238, Bayes Risk 0.25904, avg. confidence per-word 0.74096
LOG (lattice-to-ctm-conf[5.2.134~1-ecd4]:main():lattice-to-ctm-conf.cc:172) For utterance AMI_ES2015a_SDM_FEE058_0107568_0107590, Bayes Risk 0.290365, avg. confidence per-word 0.710289
LOG (lattice-to-ctm-conf[5.2.134~1-ecd4]:main():lattice-to-ctm-conf.cc:172) For utterance AMI_ES2015a_SDM_FEE058_0107924_0108008, Bayes Risk 0.313579, avg. confidence per-word 0.686421
LOG (lattice-to-ctm-conf[5.2.134~1-ecd4]:main():lattice-to-ctm-conf.cc:172) For utterance AMI_ES2015a_SDM_FEE058_0109294_0109333, Bayes Risk 0.24025, avg. confidence per-word 0.766535
LOG (lattice-align-words-lexicon[5.2.134~1-ecd4]:main():lattice-align-words-lexicon.cc:138) Successfully aligned 34 lattices; 0 had errors.
LOG (lattice-to-ctm-conf[5.2.134~1-ecd4]:main():lattice-to-ctm-conf.cc:181) Done 34 lattices.
LOG (lattice-to-ctm-conf[5.2.134~1-ecd4]:main():lattice-to-ctm-conf.cc:182) Overall average Bayes Risk per sentence is 0.546316 and per word, 0.314826
# Accounting: time=12 threads=1
# Ended (code 0) at Sun Feb 25 12:02:37 EST 2018, elapsed time 12 seconds
