# mkdir -p /data/sls/r/u/atitus5/meng/am/logs/ami-0.1/train_ihm/baseline/frame-tdnn-450x7-step0.05/decode_sdm1/ascore_9/ && lattice-scale --inv-acoustic-scale=9 "ark:gunzip -c /data/sls/r/u/atitus5/meng/am/logs/ami-0.1/train_ihm/baseline/frame-tdnn-450x7-step0.05/decode_sdm1/lat.4.gz|" ark:- | lattice-limit-depth ark:- ark:- | lattice-push --push-strings=false ark:- ark:- | lattice-align-words-lexicon --max-expand=10.0 /data/sls/scratch/haotang/ami//exp/ihm/tri3-logmel-hires/graph_ami_fsh.o3g.kn.pr1-7/phones/align_lexicon.int /data/sls/scratch/haotang/ami//exp/ihm/tri3-logmel-hires_ali/final.mdl ark:- ark:- | lattice-to-ctm-conf --decode-mbr=true ark:- - | /data/sls/r/u/atitus5/meng/utils/int2sym.pl -f 5 /data/sls/scratch/haotang/ami//exp/ihm/tri3-logmel-hires/graph_ami_fsh.o3g.kn.pr1-7/words.txt | /data/sls/r/u/atitus5/meng/utils/convert_ctm.pl /data/sls/scratch/haotang/ami//sls-data/ami-0.1/sdm1-dev/segments /data/sls/scratch/haotang/ami//sls-data/ami-0.1/sdm1-dev/reco2file_and_channel > /data/sls/r/u/atitus5/meng/am/logs/ami-0.1/train_ihm/baseline/frame-tdnn-450x7-step0.05/decode_sdm1/ascore_9/sdm1-dev.4.ctm 
# Started at Sun Feb 25 16:22:10 EST 2018
#
lattice-limit-depth ark:- ark:- 
lattice-to-ctm-conf --decode-mbr=true ark:- - 
lattice-push --push-strings=false ark:- ark:- 
lattice-align-words-lexicon --max-expand=10.0 /data/sls/scratch/haotang/ami//exp/ihm/tri3-logmel-hires/graph_ami_fsh.o3g.kn.pr1-7/phones/align_lexicon.int /data/sls/scratch/haotang/ami//exp/ihm/tri3-logmel-hires_ali/final.mdl ark:- ark:- 
lattice-scale --inv-acoustic-scale=9 'ark:gunzip -c /data/sls/r/u/atitus5/meng/am/logs/ami-0.1/train_ihm/baseline/frame-tdnn-450x7-step0.05/decode_sdm1/lat.4.gz|' ark:- 
LOG (lattice-to-ctm-conf[5.2.134~1-ecd4]:main():lattice-to-ctm-conf.cc:172) For utterance AMI_ES2003d_SDM_MEE009_0188331_0188389, Bayes Risk 0.101112, avg. confidence per-word 1
LOG (lattice-to-ctm-conf[5.2.134~1-ecd4]:main():lattice-to-ctm-conf.cc:172) For utterance AMI_ES2003d_SDM_MEE009_0191885_0191940, Bayes Risk 0.615383, avg. confidence per-word 0.384938
LOG (lattice-to-ctm-conf[5.2.134~1-ecd4]:main():lattice-to-ctm-conf.cc:172) For utterance AMI_ES2003d_SDM_MEE009_0191940_0192181, Bayes Risk 0.594837, avg. confidence per-word 0.98987
LOG (lattice-to-ctm-conf[5.2.134~1-ecd4]:main():lattice-to-ctm-conf.cc:172) For utterance AMI_ES2003d_SDM_MEE009_0192181_0192378, Bayes Risk 0.732629, avg. confidence per-word 0.795053
LOG (lattice-to-ctm-conf[5.2.134~1-ecd4]:main():lattice-to-ctm-conf.cc:172) For utterance AMI_ES2003d_SDM_MEE009_0192378_0192757, Bayes Risk 0.694813, avg. confidence per-word 0.886646
LOG (lattice-to-ctm-conf[5.2.134~1-ecd4]:main():lattice-to-ctm-conf.cc:172) For utterance AMI_ES2003d_SDM_MEE009_0192757_0192905, Bayes Risk 0.0230884, avg. confidence per-word 0.994838
LOG (lattice-to-ctm-conf[5.2.134~1-ecd4]:main():lattice-to-ctm-conf.cc:172) For utterance AMI_ES2003d_SDM_MEE009_0193074_0193198, Bayes Risk 0, avg. confidence per-word 1
LOG (lattice-to-ctm-conf[5.2.134~1-ecd4]:main():lattice-to-ctm-conf.cc:172) For utterance AMI_ES2003d_SDM_MEE009_0193464_0193849, Bayes Risk 3.00152, avg. confidence per-word 0.666702
LOG (lattice-to-ctm-conf[5.2.134~1-ecd4]:main():lattice-to-ctm-conf.cc:172) For utterance AMI_ES2003d_SDM_MEE009_0194005_0194154, Bayes Risk 0.124459, avg. confidence per-word 0.963956
LOG (lattice-to-ctm-conf[5.2.134~1-ecd4]:main():lattice-to-ctm-conf.cc:172) For utterance AMI_ES2003d_SDM_MEE009_0194402_0194645, Bayes Risk 0.197783, avg. confidence per-word 0.822551
LOG (lattice-to-ctm-conf[5.2.134~1-ecd4]:main():lattice-to-ctm-conf.cc:172) For utterance AMI_ES2003d_SDM_MEE009_0194645_0195053, Bayes Risk 1.93692, avg. confidence per-word 0.592272
LOG (lattice-to-ctm-conf[5.2.134~1-ecd4]:main():lattice-to-ctm-conf.cc:172) For utterance AMI_ES2003d_SDM_MEE009_0195053_0195679, Bayes Risk 0.857271, avg. confidence per-word 0.888008
LOG (lattice-to-ctm-conf[5.2.134~1-ecd4]:main():lattice-to-ctm-conf.cc:172) For utterance AMI_ES2003d_SDM_MEE009_0195679_0196035, Bayes Risk 0.00768709, avg. confidence per-word 0.997121
LOG (lattice-to-ctm-conf[5.2.134~1-ecd4]:main():lattice-to-ctm-conf.cc:172) For utterance AMI_ES2003d_SDM_MEE009_0196169_0196300, Bayes Risk 0.581467, avg. confidence per-word 0.859899
LOG (lattice-to-ctm-conf[5.2.134~1-ecd4]:main():lattice-to-ctm-conf.cc:172) For utterance AMI_ES2003d_SDM_MEE009_0196439_0196641, Bayes Risk 0.136649, avg. confidence per-word 0.975671
LOG (lattice-to-ctm-conf[5.2.134~1-ecd4]:main():lattice-to-ctm-conf.cc:172) For utterance AMI_ES2003d_SDM_MEE009_0197103_0197554, Bayes Risk 0.768013, avg. confidence per-word 0.977296
LOG (lattice-to-ctm-conf[5.2.134~1-ecd4]:main():lattice-to-ctm-conf.cc:172) For utterance AMI_ES2003d_SDM_MEE009_0197835_0197893, Bayes Risk 0.0804406, avg. confidence per-word 0.962383
LOG (lattice-to-ctm-conf[5.2.134~1-ecd4]:main():lattice-to-ctm-conf.cc:172) For utterance AMI_ES2003d_SDM_MEE009_0198493_0198569, Bayes Risk 0.331547, avg. confidence per-word 1
LOG (lattice-to-ctm-conf[5.2.134~1-ecd4]:main():lattice-to-ctm-conf.cc:172) For utterance AMI_ES2003d_SDM_MEE009_0199608_0200185, Bayes Risk 1.54359, avg. confidence per-word 0.713766
LOG (lattice-to-ctm-conf[5.2.134~1-ecd4]:main():lattice-to-ctm-conf.cc:172) For utterance AMI_ES2003d_SDM_MEE009_0200185_0200373, Bayes Risk 0.786317, avg. confidence per-word 0.964167
LOG (lattice-to-ctm-conf[5.2.134~1-ecd4]:main():lattice-to-ctm-conf.cc:172) For utterance AMI_ES2003d_SDM_MEE009_0200373_0200577, Bayes Risk 0.850899, avg. confidence per-word 0.799017
LOG (lattice-to-ctm-conf[5.2.134~1-ecd4]:main():lattice-to-ctm-conf.cc:172) For utterance AMI_ES2003d_SDM_MEE009_0200766_0201146, Bayes Risk 1.37377, avg. confidence per-word 0.767147
LOG (lattice-to-ctm-conf[5.2.134~1-ecd4]:main():lattice-to-ctm-conf.cc:172) For utterance AMI_ES2003d_SDM_MEE009_0201887_0202098, Bayes Risk 0.128298, avg. confidence per-word 0.873272
LOG (lattice-to-ctm-conf[5.2.134~1-ecd4]:main():lattice-to-ctm-conf.cc:172) For utterance AMI_ES2003d_SDM_MEE009_0202098_0202407, Bayes Risk 2.56302, avg. confidence per-word 0.455843
LOG (lattice-to-ctm-conf[5.2.134~1-ecd4]:main():lattice-to-ctm-conf.cc:172) For utterance AMI_ES2003d_SDM_MEE009_0202702_0203080, Bayes Risk 2.25551, avg. confidence per-word 0.516907
LOG (lattice-to-ctm-conf[5.2.134~1-ecd4]:main():lattice-to-ctm-conf.cc:172) For utterance AMI_ES2003d_SDM_MEE009_0203080_0203323, Bayes Risk 1.84726, avg. confidence per-word 0.754805
LOG (lattice-to-ctm-conf[5.2.134~1-ecd4]:main():lattice-to-ctm-conf.cc:172) For utterance AMI_ES2003d_SDM_MEE009_0204541_0205171, Bayes Risk 3.58033, avg. confidence per-word 0.620042
LOG (lattice-to-ctm-conf[5.2.134~1-ecd4]:main():lattice-to-ctm-conf.cc:172) For utterance AMI_ES2003d_SDM_MEE009_0205171_0205702, Bayes Risk 4.50432, avg. confidence per-word 0.727367
LOG (lattice-to-ctm-conf[5.2.134~1-ecd4]:main():lattice-to-ctm-conf.cc:172) For utterance AMI_ES2003d_SDM_MEE009_0205702_0205855, Bayes Risk 0.278617, avg. confidence per-word 0.873919
LOG (lattice-to-ctm-conf[5.2.134~1-ecd4]:main():lattice-to-ctm-conf.cc:172) For utterance AMI_ES2003d_SDM_MEE009_0205855_0206148, Bayes Risk 1.00779, avg. confidence per-word 0.89626
LOG (lattice-to-ctm-conf[5.2.134~1-ecd4]:main():lattice-to-ctm-conf.cc:172) For utterance AMI_ES2003d_SDM_MEE009_0206148_0206285, Bayes Risk 0.154705, avg. confidence per-word 0.958234
LOG (lattice-scale[5.2.134~1-ecd4]:main():lattice-scale.cc:90) Done 34 lattices.
LOG (lattice-limit-depth[5.2.134~1-ecd4]:main():lattice-limit-depth.cc:103) Done 34 lattices.
LOG (lattice-limit-depth[5.2.134~1-ecd4]:main():lattice-limit-depth.cc:104) Overall density changed from 85.3803 to 85.3803
LOG (lattice-to-ctm-conf[5.2.134~1-ecd4]:main():lattice-to-ctm-conf.cc:172) For utterance AMI_ES2003d_SDM_MEE009_0206410_0206884, Bayes Risk 1.84219, avg. confidence per-word 0.834098
LOG (lattice-to-ctm-conf[5.2.134~1-ecd4]:main():lattice-to-ctm-conf.cc:172) For utterance AMI_ES2003d_SDM_MEE009_0206884_0207267, Bayes Risk 0.741599, avg. confidence per-word 0.890036
LOG (lattice-push[5.2.134~1-ecd4]:main():lattice-push.cc:98) Pushed 34 lattices, errors on 0
LOG (lattice-to-ctm-conf[5.2.134~1-ecd4]:main():lattice-to-ctm-conf.cc:172) For utterance AMI_ES2003d_SDM_MEE009_0207267_0207526, Bayes Risk 1.19254, avg. confidence per-word 0.73938
LOG (lattice-align-words-lexicon[5.2.134~1-ecd4]:main():lattice-align-words-lexicon.cc:138) Successfully aligned 34 lattices; 0 had errors.
LOG (lattice-to-ctm-conf[5.2.134~1-ecd4]:main():lattice-to-ctm-conf.cc:181) Done 34 lattices.
LOG (lattice-to-ctm-conf[5.2.134~1-ecd4]:main():lattice-to-ctm-conf.cc:182) Overall average Bayes Risk per sentence is 1.04225 and per word, 0.365323
# Accounting: time=24 threads=1
# Ended (code 0) at Sun Feb 25 16:22:34 EST 2018, elapsed time 24 seconds
