# mkdir -p /data/sls/r/u/atitus5/meng/am/logs/ami-0.1/train_ihm/baseline/frame-tdnn-450x7-step0.05/decode_sdm1/ascore_8/ && lattice-scale --inv-acoustic-scale=8 "ark:gunzip -c /data/sls/r/u/atitus5/meng/am/logs/ami-0.1/train_ihm/baseline/frame-tdnn-450x7-step0.05/decode_sdm1/lat.25.gz|" ark:- | lattice-limit-depth ark:- ark:- | lattice-push --push-strings=false ark:- ark:- | lattice-align-words-lexicon --max-expand=10.0 /data/sls/scratch/haotang/ami//exp/ihm/tri3-logmel-hires/graph_ami_fsh.o3g.kn.pr1-7/phones/align_lexicon.int /data/sls/scratch/haotang/ami//exp/ihm/tri3-logmel-hires_ali/final.mdl ark:- ark:- | lattice-to-ctm-conf --decode-mbr=true ark:- - | /data/sls/r/u/atitus5/meng/utils/int2sym.pl -f 5 /data/sls/scratch/haotang/ami//exp/ihm/tri3-logmel-hires/graph_ami_fsh.o3g.kn.pr1-7/words.txt | /data/sls/r/u/atitus5/meng/utils/convert_ctm.pl /data/sls/scratch/haotang/ami//sls-data/ami-0.1/sdm1-dev/segments /data/sls/scratch/haotang/ami//sls-data/ami-0.1/sdm1-dev/reco2file_and_channel > /data/sls/r/u/atitus5/meng/am/logs/ami-0.1/train_ihm/baseline/frame-tdnn-450x7-step0.05/decode_sdm1/ascore_8/sdm1-dev.25.ctm 
# Started at Sun Feb 25 12:02:26 EST 2018
#
lattice-align-words-lexicon --max-expand=10.0 /data/sls/scratch/haotang/ami//exp/ihm/tri3-logmel-hires/graph_ami_fsh.o3g.kn.pr1-7/phones/align_lexicon.int /data/sls/scratch/haotang/ami//exp/ihm/tri3-logmel-hires_ali/final.mdl ark:- ark:- 
lattice-scale --inv-acoustic-scale=8 'ark:gunzip -c /data/sls/r/u/atitus5/meng/am/logs/ami-0.1/train_ihm/baseline/frame-tdnn-450x7-step0.05/decode_sdm1/lat.25.gz|' ark:- 
lattice-push --push-strings=false ark:- ark:- 
lattice-limit-depth ark:- ark:- 
lattice-to-ctm-conf --decode-mbr=true ark:- - 
LOG (lattice-to-ctm-conf[5.2.134~1-ecd4]:main():lattice-to-ctm-conf.cc:172) For utterance AMI_TS3009c_SDM_MTD034ID_0087233_0087285, Bayes Risk 0, avg. confidence per-word 1
LOG (lattice-to-ctm-conf[5.2.134~1-ecd4]:main():lattice-to-ctm-conf.cc:172) For utterance AMI_TS3009c_SDM_MTD034ID_0087897_0088096, Bayes Risk 0.819623, avg. confidence per-word 0.842695
LOG (lattice-to-ctm-conf[5.2.134~1-ecd4]:main():lattice-to-ctm-conf.cc:172) For utterance AMI_TS3009c_SDM_MTD034ID_0088096_0088161, Bayes Risk 0.345899, avg. confidence per-word 0.847492
LOG (lattice-to-ctm-conf[5.2.134~1-ecd4]:main():lattice-to-ctm-conf.cc:172) For utterance AMI_TS3009c_SDM_MTD034ID_0088161_0088176, Bayes Risk 0.667269, avg. confidence per-word -nan
LOG (lattice-to-ctm-conf[5.2.134~1-ecd4]:main():lattice-to-ctm-conf.cc:172) For utterance AMI_TS3009c_SDM_MTD034ID_0088423_0088478, Bayes Risk 0.384546, avg. confidence per-word 0.671312
LOG (lattice-to-ctm-conf[5.2.134~1-ecd4]:main():lattice-to-ctm-conf.cc:172) For utterance AMI_TS3009c_SDM_MTD034ID_0088478_0088503, Bayes Risk 0, avg. confidence per-word 1
LOG (lattice-to-ctm-conf[5.2.134~1-ecd4]:main():lattice-to-ctm-conf.cc:172) For utterance AMI_TS3009c_SDM_MTD034ID_0094314_0094556, Bayes Risk 2.37258, avg. confidence per-word 0.767631
LOG (lattice-to-ctm-conf[5.2.134~1-ecd4]:main():lattice-to-ctm-conf.cc:172) For utterance AMI_TS3009c_SDM_MTD034ID_0095068_0095112, Bayes Risk 0.0126014, avg. confidence per-word 0.987399
LOG (lattice-to-ctm-conf[5.2.134~1-ecd4]:main():lattice-to-ctm-conf.cc:172) For utterance AMI_TS3009c_SDM_MTD034ID_0095112_0095152, Bayes Risk 0.00103379, avg. confidence per-word 0.998966
LOG (lattice-to-ctm-conf[5.2.134~1-ecd4]:main():lattice-to-ctm-conf.cc:172) For utterance AMI_TS3009c_SDM_MTD034ID_0097030_0097169, Bayes Risk 1.37841, avg. confidence per-word 0.679442
LOG (lattice-to-ctm-conf[5.2.134~1-ecd4]:main():lattice-to-ctm-conf.cc:172) For utterance AMI_TS3009c_SDM_MTD034ID_0100565_0100715, Bayes Risk 0.371043, avg. confidence per-word 0.939052
LOG (lattice-to-ctm-conf[5.2.134~1-ecd4]:main():lattice-to-ctm-conf.cc:172) For utterance AMI_TS3009c_SDM_MTD034ID_0100865_0101084, Bayes Risk 0.91765, avg. confidence per-word 0.838053
LOG (lattice-to-ctm-conf[5.2.134~1-ecd4]:main():lattice-to-ctm-conf.cc:172) For utterance AMI_TS3009c_SDM_MTD034ID_0101264_0101397, Bayes Risk 0.52922, avg. confidence per-word 0.906895
LOG (lattice-to-ctm-conf[5.2.134~1-ecd4]:main():lattice-to-ctm-conf.cc:172) For utterance AMI_TS3009c_SDM_MTD034ID_0101494_0101679, Bayes Risk 0.681391, avg. confidence per-word 0.839467
LOG (lattice-to-ctm-conf[5.2.134~1-ecd4]:main():lattice-to-ctm-conf.cc:172) For utterance AMI_TS3009c_SDM_MTD034ID_0101679_0101912, Bayes Risk 0.556362, avg. confidence per-word 0.999874
LOG (lattice-to-ctm-conf[5.2.134~1-ecd4]:main():lattice-to-ctm-conf.cc:172) For utterance AMI_TS3009c_SDM_MTD034ID_0102650_0102886, Bayes Risk 0.580583, avg. confidence per-word 0.892397
LOG (lattice-to-ctm-conf[5.2.134~1-ecd4]:main():lattice-to-ctm-conf.cc:172) For utterance AMI_TS3009c_SDM_MTD034ID_0103327_0103539, Bayes Risk 0.581366, avg. confidence per-word 0.995464
LOG (lattice-to-ctm-conf[5.2.134~1-ecd4]:main():lattice-to-ctm-conf.cc:172) For utterance AMI_TS3009c_SDM_MTD034ID_0104208_0104293, Bayes Risk 1.18193, avg. confidence per-word 0.70595
LOG (lattice-to-ctm-conf[5.2.134~1-ecd4]:main():lattice-to-ctm-conf.cc:172) For utterance AMI_TS3009c_SDM_MTD034ID_0104891_0104932, Bayes Risk 0.00398274, avg. confidence per-word 0.996017
LOG (lattice-to-ctm-conf[5.2.134~1-ecd4]:main():lattice-to-ctm-conf.cc:172) For utterance AMI_TS3009c_SDM_MTD034ID_0107860_0108105, Bayes Risk 1.17842, avg. confidence per-word 0.775383
LOG (lattice-to-ctm-conf[5.2.134~1-ecd4]:main():lattice-to-ctm-conf.cc:172) For utterance AMI_TS3009c_SDM_MTD034ID_0108105_0108345, Bayes Risk 1.5168, avg. confidence per-word 0.818445
LOG (lattice-to-ctm-conf[5.2.134~1-ecd4]:main():lattice-to-ctm-conf.cc:172) For utterance AMI_TS3009c_SDM_MTD034ID_0108345_0108707, Bayes Risk 2.27819, avg. confidence per-word 0.768256
LOG (lattice-to-ctm-conf[5.2.134~1-ecd4]:main():lattice-to-ctm-conf.cc:172) For utterance AMI_TS3009c_SDM_MTD034ID_0108814_0108894, Bayes Risk 0.0542598, avg. confidence per-word 0.985528
LOG (lattice-to-ctm-conf[5.2.134~1-ecd4]:main():lattice-to-ctm-conf.cc:172) For utterance AMI_TS3009c_SDM_MTD034ID_0108894_0108910, Bayes Risk 0, avg. confidence per-word 1
LOG (lattice-to-ctm-conf[5.2.134~1-ecd4]:main():lattice-to-ctm-conf.cc:172) For utterance AMI_TS3009c_SDM_MTD034ID_0109174_0109233, Bayes Risk 0, avg. confidence per-word 1
LOG (lattice-to-ctm-conf[5.2.134~1-ecd4]:main():lattice-to-ctm-conf.cc:172) For utterance AMI_TS3009c_SDM_MTD034ID_0109233_0109497, Bayes Risk 0.845524, avg. confidence per-word 0.891424
LOG (lattice-to-ctm-conf[5.2.134~1-ecd4]:main():lattice-to-ctm-conf.cc:172) For utterance AMI_TS3009c_SDM_MTD034ID_0109776_0109816, Bayes Risk 0.427144, avg. confidence per-word 0.794676
LOG (lattice-scale[5.2.134~1-ecd4]:main():lattice-scale.cc:90) Done 33 lattices.
LOG (lattice-to-ctm-conf[5.2.134~1-ecd4]:main():lattice-to-ctm-conf.cc:172) For utterance AMI_TS3009c_SDM_MTD034ID_0112161_0112682, Bayes Risk 3.25138, avg. confidence per-word 0.74621
LOG (lattice-to-ctm-conf[5.2.134~1-ecd4]:main():lattice-to-ctm-conf.cc:172) For utterance AMI_TS3009c_SDM_MTD034ID_0112682_0112751, Bayes Risk 0.286117, avg. confidence per-word 0.865228
LOG (lattice-limit-depth[5.2.134~1-ecd4]:main():lattice-limit-depth.cc:103) Done 33 lattices.
LOG (lattice-limit-depth[5.2.134~1-ecd4]:main():lattice-limit-depth.cc:104) Overall density changed from 55.2763 to 55.2763
LOG (lattice-to-ctm-conf[5.2.134~1-ecd4]:main():lattice-to-ctm-conf.cc:172) For utterance AMI_TS3009c_SDM_MTD034ID_0113304_0113335, Bayes Risk 0.0738607, avg. confidence per-word 0.962915
LOG (lattice-to-ctm-conf[5.2.134~1-ecd4]:main():lattice-to-ctm-conf.cc:172) For utterance AMI_TS3009c_SDM_MTD034ID_0113956_0114035, Bayes Risk 0.0596338, avg. confidence per-word 0.94751
LOG (lattice-to-ctm-conf[5.2.134~1-ecd4]:main():lattice-to-ctm-conf.cc:172) For utterance AMI_TS3009c_SDM_MTD034ID_0114700_0114966, Bayes Risk 0.513142, avg. confidence per-word -nan
LOG (lattice-push[5.2.134~1-ecd4]:main():lattice-push.cc:98) Pushed 33 lattices, errors on 0
LOG (lattice-align-words-lexicon[5.2.134~1-ecd4]:main():lattice-align-words-lexicon.cc:138) Successfully aligned 33 lattices; 0 had errors.
LOG (lattice-to-ctm-conf[5.2.134~1-ecd4]:main():lattice-to-ctm-conf.cc:172) For utterance AMI_TS3009c_SDM_MTD034ID_0114966_0115588, Bayes Risk 2.84745, avg. confidence per-word 0.807844
LOG (lattice-to-ctm-conf[5.2.134~1-ecd4]:main():lattice-to-ctm-conf.cc:181) Done 33 lattices.
LOG (lattice-to-ctm-conf[5.2.134~1-ecd4]:main():lattice-to-ctm-conf.cc:182) Overall average Bayes Risk per sentence is 0.749013 and per word, 0.247174
# Accounting: time=19 threads=1
# Ended (code 0) at Sun Feb 25 12:02:45 EST 2018, elapsed time 19 seconds
