Setting up environment...
Environment set up.
Training convolutional variational multidecoder...
Constructing model...
Done constructing model.
CNNVariationalMultidecoder (
  (encoder_conv): Sequential (
    (conv2d_0): Conv2d(1, 256, kernel_size=(3, 3), stride=(1, 1))
    (batchnorm2d_0): BatchNorm2d(256, eps=1e-05, momentum=0.1, affine=True)
    (SELU_0): SELU
    (maxpool2d_0): MaxPool2d (size=(1, 3), stride=(1, 3), dilation=(1, 1))
    (conv2d_1): Conv2d(256, 128, kernel_size=(3, 3), stride=(1, 1))
    (batchnorm2d_1): BatchNorm2d(128, eps=1e-05, momentum=0.1, affine=True)
    (SELU_1): SELU
    (maxpool2d_1): MaxPool2d (size=(1, 3), stride=(1, 3), dilation=(1, 1))
  )
  (encoder_fc): Sequential (
    (lin_0): Linear (7168 -> 1024)
    (SELU_0): SELU
  )
  (latent_mu): Sequential (
    (lin): Linear (1024 -> 1024)
    (SELU): SELU
  )
  (latent_logvar): Sequential (
    (lin): Linear (1024 -> 1024)
    (SELU): SELU
  )
  (decoder_fc_ihm): Sequential (
    (lin_0): Linear (1024 -> 1024)
    (SELU_0): SELU
    (lin_final): Linear (1024 -> 7168)
    (SELU_final): SELU
  )
  (decoder_deconv_ihm): Sequential (
    (maxunpool2d_0): MaxUnpool2d (size=(1, 3), stride=(1, 3), padding=(0, 0))
    (conv2d_0): Conv2d(128, 256, kernel_size=(3, 3), stride=(1, 1), padding=(2, 2))
    (batchnorm2d_0): BatchNorm2d(256, eps=1e-05, momentum=0.1, affine=True)
    (SELU_0): SELU
    (maxunpool2d_1): MaxUnpool2d (size=(1, 3), stride=(1, 3), padding=(0, 0))
    (conv2d_1): Conv2d(256, 1, kernel_size=(3, 3), stride=(1, 1), padding=(2, 2))
    (batchnorm2d_1): BatchNorm2d(1, eps=1e-05, momentum=0.1, affine=True)
    (SELU_1): SELU
  )
  (decoder_fc_sdm1): Sequential (
    (lin_0): Linear (1024 -> 1024)
    (SELU_0): SELU
    (lin_final): Linear (1024 -> 7168)
    (SELU_final): SELU
  )
  (decoder_deconv_sdm1): Sequential (
    (maxunpool2d_0): MaxUnpool2d (size=(1, 3), stride=(1, 3), padding=(0, 0))
    (conv2d_0): Conv2d(128, 256, kernel_size=(3, 3), stride=(1, 1), padding=(2, 2))
    (batchnorm2d_0): BatchNorm2d(256, eps=1e-05, momentum=0.1, affine=True)
    (SELU_0): SELU
    (maxunpool2d_1): MaxUnpool2d (size=(1, 3), stride=(1, 3), padding=(0, 0))
    (conv2d_1): Conv2d(256, 1, kernel_size=(3, 3), stride=(1, 1), padding=(2, 2))
    (batchnorm2d_1): BatchNorm2d(1, eps=1e-05, momentum=0.1, affine=True)
    (SELU_1): SELU
  )
)
Setting up data...
Setting up training datasets...
Using 2407138 training features (9403 batches) for class ihm
Using 2407138 training features (9403 batches) for class sdm1
Setting up dev datasets...
Using 249565 dev features (975 batches) for class ihm
Using 249565 dev features (975 batches) for class sdm1
Setting up minibatch shuffling for training...
18806 total batches: {'ihm': 9403, 'sdm1': 9403}
Done setting up data.
Starting training!
Train epoch 1: [1000/18806 (5.3%)]	Loss: 0.998761
Train epoch 1: [2000/18806 (10.6%)]	Loss: 0.874224
Train epoch 1: [3000/18806 (16.0%)]	Loss: 0.818594
Train epoch 1: [4000/18806 (21.3%)]	Loss: 0.770914
Train epoch 1: [5000/18806 (26.6%)]	Loss: 0.720544
Train epoch 1: [6000/18806 (31.9%)]	Loss: 0.679916
Train epoch 1: [7000/18806 (37.2%)]	Loss: 0.644687
Train epoch 1: [8000/18806 (42.5%)]	Loss: 0.620568
Train epoch 1: [9000/18806 (47.9%)]	Loss: 0.615590
Train epoch 1: [10000/18806 (53.2%)]	Loss: 0.609628
Train epoch 1: [11000/18806 (58.5%)]	Loss: 0.630696
Train epoch 1: [12000/18806 (63.8%)]	Loss: 0.654056
Train epoch 1: [13000/18806 (69.1%)]	Loss: 0.680463
Train epoch 1: [14000/18806 (74.4%)]	Loss: 0.708102
Train epoch 1: [15000/18806 (79.8%)]	Loss: 0.739321
Train epoch 1: [16000/18806 (85.1%)]	Loss: 0.769382
Train epoch 1: [17000/18806 (90.4%)]	Loss: 0.748231
Train epoch 1: [18000/18806 (95.7%)]	Loss: 0.729235
====> Epoch 1: Average train loss 0.715524
====> Dev set loss: 0.315082
New best dev set loss: 0.315082
Saved checkpoint for model
Train epoch 2: [1000/18806 (5.3%)]	Loss: 0.666439
Train epoch 2: [2000/18806 (10.6%)]	Loss: 0.641155
Train epoch 2: [3000/18806 (16.0%)]	Loss: 0.623752
Train epoch 2: [4000/18806 (21.3%)]	Loss: 0.600556
Train epoch 2: [5000/18806 (26.6%)]	Loss: 0.567027
Train epoch 2: [6000/18806 (31.9%)]	Loss: 0.539952
Train epoch 2: [7000/18806 (37.2%)]	Loss: 0.513859
Train epoch 2: [8000/18806 (42.5%)]	Loss: 0.496587
Train epoch 2: [9000/18806 (47.9%)]	Loss: 0.496766
Train epoch 2: [10000/18806 (53.2%)]	Loss: 0.495623
Train epoch 2: [11000/18806 (58.5%)]	Loss: 0.522326
Train epoch 2: [12000/18806 (63.8%)]	Loss: 0.550192
Train epoch 2: [13000/18806 (69.1%)]	Loss: 0.581765
Train epoch 2: [14000/18806 (74.4%)]	Loss: 0.616887
Train epoch 2: [15000/18806 (79.8%)]	Loss: 0.649623
Train epoch 2: [16000/18806 (85.1%)]	Loss: 0.682382
Train epoch 2: [17000/18806 (90.4%)]	Loss: 0.663938
Train epoch 2: [18000/18806 (95.7%)]	Loss: 0.647035
====> Epoch 2: Average train loss 0.634559
====> Dev set loss: 0.264013
New best dev set loss: 0.264013
Saved checkpoint for model
Train epoch 3: [1000/18806 (5.3%)]	Loss: 0.624949
Train epoch 3: [2000/18806 (10.6%)]	Loss: 0.596798
Train epoch 3: [3000/18806 (16.0%)]	Loss: 0.574944
Train epoch 3: [4000/18806 (21.3%)]	Loss: 0.551811
Train epoch 3: [5000/18806 (26.6%)]	Loss: 0.520274
Train epoch 3: [6000/18806 (31.9%)]	Loss: 0.494862
Train epoch 3: [7000/18806 (37.2%)]	Loss: 0.470993
Train epoch 3: [8000/18806 (42.5%)]	Loss: 0.455326
Train epoch 3: [9000/18806 (47.9%)]	Loss: 0.457534
Train epoch 3: [10000/18806 (53.2%)]	Loss: 0.458587
Train epoch 3: [11000/18806 (58.5%)]	Loss: 0.486372
Train epoch 3: [12000/18806 (63.8%)]	Loss: 0.516009
Train epoch 3: [13000/18806 (69.1%)]	Loss: 0.549542
Train epoch 3: [14000/18806 (74.4%)]	Loss: 0.585112
Train epoch 3: [15000/18806 (79.8%)]	Loss: 0.621223
Train epoch 3: [16000/18806 (85.1%)]	Loss: 0.652788
Train epoch 3: [17000/18806 (90.4%)]	Loss: 0.635448
Train epoch 3: [18000/18806 (95.7%)]	Loss: 0.619211
====> Epoch 3: Average train loss 0.607046
====> Dev set loss: 0.239452
New best dev set loss: 0.239452
Saved checkpoint for model
Train epoch 4: [1000/18806 (5.3%)]	Loss: 0.605356
Train epoch 4: [2000/18806 (10.6%)]	Loss: 0.577972
Train epoch 4: [3000/18806 (16.0%)]	Loss: 0.550799
Train epoch 4: [4000/18806 (21.3%)]	Loss: 0.529254
Train epoch 4: [5000/18806 (26.6%)]	Loss: 0.499191
Train epoch 4: [6000/18806 (31.9%)]	Loss: 0.472876
Train epoch 4: [7000/18806 (37.2%)]	Loss: 0.448468
Train epoch 4: [8000/18806 (42.5%)]	Loss: 0.433448
Train epoch 4: [9000/18806 (47.9%)]	Loss: 0.435448
Train epoch 4: [10000/18806 (53.2%)]	Loss: 0.436438
Train epoch 4: [11000/18806 (58.5%)]	Loss: 0.465358
Train epoch 4: [12000/18806 (63.8%)]	Loss: 0.494671
Train epoch 4: [13000/18806 (69.1%)]	Loss: 0.528236
Train epoch 4: [14000/18806 (74.4%)]	Loss: 0.563913
Train epoch 4: [15000/18806 (79.8%)]	Loss: 0.601590
Train epoch 4: [16000/18806 (85.1%)]	Loss: 0.632816
Train epoch 4: [17000/18806 (90.4%)]	Loss: 0.616100
Train epoch 4: [18000/18806 (95.7%)]	Loss: 0.599964
====> Epoch 4: Average train loss 0.587832
====> Dev set loss: 0.228990
New best dev set loss: 0.228990
Saved checkpoint for model
Train epoch 5: [1000/18806 (5.3%)]	Loss: 0.592900
Train epoch 5: [2000/18806 (10.6%)]	Loss: 0.563461
Train epoch 5: [3000/18806 (16.0%)]	Loss: 0.534428
Train epoch 5: [4000/18806 (21.3%)]	Loss: 0.512554
Train epoch 5: [5000/18806 (26.6%)]	Loss: 0.481650
Train epoch 5: [6000/18806 (31.9%)]	Loss: 0.457223
Train epoch 5: [7000/18806 (37.2%)]	Loss: 0.433098
Train epoch 5: [8000/18806 (42.5%)]	Loss: 0.418395
Train epoch 5: [9000/18806 (47.9%)]	Loss: 0.420104
Train epoch 5: [10000/18806 (53.2%)]	Loss: 0.422121
Train epoch 5: [11000/18806 (58.5%)]	Loss: 0.452212
Train epoch 5: [12000/18806 (63.8%)]	Loss: 0.481266
Train epoch 5: [13000/18806 (69.1%)]	Loss: 0.515128
Train epoch 5: [14000/18806 (74.4%)]	Loss: 0.551003
Train epoch 5: [15000/18806 (79.8%)]	Loss: 0.586638
Train epoch 5: [16000/18806 (85.1%)]	Loss: 0.620234
Train epoch 5: [17000/18806 (90.4%)]	Loss: 0.604076
Train epoch 5: [18000/18806 (95.7%)]	Loss: 0.588483
====> Epoch 5: Average train loss 0.576620
====> Dev set loss: 0.219561
New best dev set loss: 0.219561
Saved checkpoint for model
Train epoch 6: [1000/18806 (5.3%)]	Loss: 0.591673
Train epoch 6: [2000/18806 (10.6%)]	Loss: 0.558902
Train epoch 6: [3000/18806 (16.0%)]	Loss: 0.531858
Train epoch 6: [4000/18806 (21.3%)]	Loss: 0.507859
Train epoch 6: [5000/18806 (26.6%)]	Loss: 0.477445
Train epoch 6: [6000/18806 (31.9%)]	Loss: 0.451258
Train epoch 6: [7000/18806 (37.2%)]	Loss: 0.427191
Train epoch 6: [8000/18806 (42.5%)]	Loss: 0.412584
Train epoch 6: [9000/18806 (47.9%)]	Loss: 0.413437
Train epoch 6: [10000/18806 (53.2%)]	Loss: 0.415532
Train epoch 6: [11000/18806 (58.5%)]	Loss: 0.444017
Train epoch 6: [12000/18806 (63.8%)]	Loss: 0.475337
Train epoch 6: [13000/18806 (69.1%)]	Loss: 0.509493
Train epoch 6: [14000/18806 (74.4%)]	Loss: 0.545565
Train epoch 6: [15000/18806 (79.8%)]	Loss: 0.583161
Train epoch 6: [16000/18806 (85.1%)]	Loss: 0.614237
Train epoch 6: [17000/18806 (90.4%)]	Loss: 0.598262
Train epoch 6: [18000/18806 (95.7%)]	Loss: 0.582591
====> Epoch 6: Average train loss 0.570519
====> Dev set loss: 0.211951
New best dev set loss: 0.211951
Saved checkpoint for model
Train epoch 7: [1000/18806 (5.3%)]	Loss: 0.581505
Train epoch 7: [2000/18806 (10.6%)]	Loss: 0.551286
Train epoch 7: [3000/18806 (16.0%)]	Loss: 0.523333
Train epoch 7: [4000/18806 (21.3%)]	Loss: 0.497773
Train epoch 7: [5000/18806 (26.6%)]	Loss: 0.467744
Train epoch 7: [6000/18806 (31.9%)]	Loss: 0.442539
Train epoch 7: [7000/18806 (37.2%)]	Loss: 0.417733
Train epoch 7: [8000/18806 (42.5%)]	Loss: 0.403028
Train epoch 7: [9000/18806 (47.9%)]	Loss: 0.404796
Train epoch 7: [10000/18806 (53.2%)]	Loss: 0.406554
Train epoch 7: [11000/18806 (58.5%)]	Loss: 0.435923
Train epoch 7: [12000/18806 (63.8%)]	Loss: 0.464928
Train epoch 7: [13000/18806 (69.1%)]	Loss: 0.499681
Train epoch 7: [14000/18806 (74.4%)]	Loss: 0.534542
Train epoch 7: [15000/18806 (79.8%)]	Loss: 0.570275
Train epoch 7: [16000/18806 (85.1%)]	Loss: 0.604788
Train epoch 7: [17000/18806 (90.4%)]	Loss: 0.589058
Train epoch 7: [18000/18806 (95.7%)]	Loss: 0.573626
====> Epoch 7: Average train loss 0.561813
====> Dev set loss: 0.211835
New best dev set loss: 0.211835
Saved checkpoint for model
Train epoch 8: [1000/18806 (5.3%)]	Loss: 0.580621
Train epoch 8: [2000/18806 (10.6%)]	Loss: 0.548453
Train epoch 8: [3000/18806 (16.0%)]	Loss: 0.519022
Train epoch 8: [4000/18806 (21.3%)]	Loss: 0.494814
Train epoch 8: [5000/18806 (26.6%)]	Loss: 0.465129
Train epoch 8: [6000/18806 (31.9%)]	Loss: 0.438796
Train epoch 8: [7000/18806 (37.2%)]	Loss: 0.414147
Train epoch 8: [8000/18806 (42.5%)]	Loss: 0.399480
Train epoch 8: [9000/18806 (47.9%)]	Loss: 0.402201
Train epoch 8: [10000/18806 (53.2%)]	Loss: 0.403962
Train epoch 8: [11000/18806 (58.5%)]	Loss: 0.433872
Train epoch 8: [12000/18806 (63.8%)]	Loss: 0.462893
Train epoch 8: [13000/18806 (69.1%)]	Loss: 0.496778
Train epoch 8: [14000/18806 (74.4%)]	Loss: 0.532142
Train epoch 8: [15000/18806 (79.8%)]	Loss: 0.567494
Train epoch 8: [16000/18806 (85.1%)]	Loss: 0.601437
Train epoch 8: [17000/18806 (90.4%)]	Loss: 0.585792
Train epoch 8: [18000/18806 (95.7%)]	Loss: 0.570347
====> Epoch 8: Average train loss 0.558420
====> Dev set loss: 0.210257
New best dev set loss: 0.210257
Saved checkpoint for model
Train epoch 9: [1000/18806 (5.3%)]	Loss: 0.573249
Train epoch 9: [2000/18806 (10.6%)]	Loss: 0.542737
Train epoch 9: [3000/18806 (16.0%)]	Loss: 0.512633
Train epoch 9: [4000/18806 (21.3%)]	Loss: 0.489177
Train epoch 9: [5000/18806 (26.6%)]	Loss: 0.459512
Train epoch 9: [6000/18806 (31.9%)]	Loss: 0.433934
Train epoch 9: [7000/18806 (37.2%)]	Loss: 0.409233
Train epoch 9: [8000/18806 (42.5%)]	Loss: 0.394825
Train epoch 9: [9000/18806 (47.9%)]	Loss: 0.397481
Train epoch 9: [10000/18806 (53.2%)]	Loss: 0.399359
Train epoch 9: [11000/18806 (58.5%)]	Loss: 0.428511
Train epoch 9: [12000/18806 (63.8%)]	Loss: 0.457018
Train epoch 9: [13000/18806 (69.1%)]	Loss: 0.491561
Train epoch 9: [14000/18806 (74.4%)]	Loss: 0.528178
Train epoch 9: [15000/18806 (79.8%)]	Loss: 0.564857
Train epoch 9: [16000/18806 (85.1%)]	Loss: 0.597057
Train epoch 9: [17000/18806 (90.4%)]	Loss: 0.581390
Train epoch 9: [18000/18806 (95.7%)]	Loss: 0.565915
====> Epoch 9: Average train loss 0.553881
====> Dev set loss: 0.201346
New best dev set loss: 0.201346
Saved checkpoint for model
Train epoch 10: [1000/18806 (5.3%)]	Loss: 0.568954
Train epoch 10: [2000/18806 (10.6%)]	Loss: 0.538341
Train epoch 10: [3000/18806 (16.0%)]	Loss: 0.508336
Train epoch 10: [4000/18806 (21.3%)]	Loss: 0.483956
Train epoch 10: [5000/18806 (26.6%)]	Loss: 0.455024
Train epoch 10: [6000/18806 (31.9%)]	Loss: 0.429213
Train epoch 10: [7000/18806 (37.2%)]	Loss: 0.405404
Train epoch 10: [8000/18806 (42.5%)]	Loss: 0.390629
Train epoch 10: [9000/18806 (47.9%)]	Loss: 0.391286
Train epoch 10: [10000/18806 (53.2%)]	Loss: 0.392945
Train epoch 10: [11000/18806 (58.5%)]	Loss: 0.422997
Train epoch 10: [12000/18806 (63.8%)]	Loss: 0.453963
Train epoch 10: [13000/18806 (69.1%)]	Loss: 0.488626
Train epoch 10: [14000/18806 (74.4%)]	Loss: 0.525155
Train epoch 10: [15000/18806 (79.8%)]	Loss: 0.562804
Train epoch 10: [16000/18806 (85.1%)]	Loss: 0.594324
Train epoch 10: [17000/18806 (90.4%)]	Loss: 0.578621
Train epoch 10: [18000/18806 (95.7%)]	Loss: 0.563218
====> Epoch 10: Average train loss 0.551243
====> Dev set loss: 0.202497
No improvement in 1 epochs (best dev set loss: 0.201346)
Not saving checkpoint; no improvement made
Train epoch 11: [1000/18806 (5.3%)]	Loss: 0.564727
Train epoch 11: [2000/18806 (10.6%)]	Loss: 0.538479
Train epoch 11: [3000/18806 (16.0%)]	Loss: 0.505749
Train epoch 11: [4000/18806 (21.3%)]	Loss: 0.483801
Train epoch 11: [5000/18806 (26.6%)]	Loss: 0.453681
Train epoch 11: [6000/18806 (31.9%)]	Loss: 0.428313
Train epoch 11: [7000/18806 (37.2%)]	Loss: 0.403563
Train epoch 11: [8000/18806 (42.5%)]	Loss: 0.388941
Train epoch 11: [9000/18806 (47.9%)]	Loss: 0.391416
Train epoch 11: [10000/18806 (53.2%)]	Loss: 0.392650
Train epoch 11: [11000/18806 (58.5%)]	Loss: 0.422098
Train epoch 11: [12000/18806 (63.8%)]	Loss: 0.451121
Train epoch 11: [13000/18806 (69.1%)]	Loss: 0.485848
Train epoch 11: [14000/18806 (74.4%)]	Loss: 0.521946
Train epoch 11: [15000/18806 (79.8%)]	Loss: 0.557189
Train epoch 11: [16000/18806 (85.1%)]	Loss: 0.591532
Train epoch 11: [17000/18806 (90.4%)]	Loss: 0.576195
Train epoch 11: [18000/18806 (95.7%)]	Loss: 0.561008
====> Epoch 11: Average train loss 0.549171
====> Dev set loss: 0.204845
No improvement in 2 epochs (best dev set loss: 0.201346)
Not saving checkpoint; no improvement made
Train epoch 12: [1000/18806 (5.3%)]	Loss: 0.569128
Train epoch 12: [2000/18806 (10.6%)]	Loss: 0.537478
Train epoch 12: [3000/18806 (16.0%)]	Loss: 0.506791
Train epoch 12: [4000/18806 (21.3%)]	Loss: 0.482786
Train epoch 12: [5000/18806 (26.6%)]	Loss: 0.452545
Train epoch 12: [6000/18806 (31.9%)]	Loss: 0.427325
Train epoch 12: [7000/18806 (37.2%)]	Loss: 0.403126
Train epoch 12: [8000/18806 (42.5%)]	Loss: 0.388474
Train epoch 12: [9000/18806 (47.9%)]	Loss: 0.391026
Train epoch 12: [10000/18806 (53.2%)]	Loss: 0.392083
Train epoch 12: [11000/18806 (58.5%)]	Loss: 0.422716
Train epoch 12: [12000/18806 (63.8%)]	Loss: 0.450812
Train epoch 12: [13000/18806 (69.1%)]	Loss: 0.485434
Train epoch 12: [14000/18806 (74.4%)]	Loss: 0.522396
Train epoch 12: [15000/18806 (79.8%)]	Loss: 0.557679
Train epoch 12: [16000/18806 (85.1%)]	Loss: 0.590818
Train epoch 12: [17000/18806 (90.4%)]	Loss: 0.575178
Train epoch 12: [18000/18806 (95.7%)]	Loss: 0.559673
====> Epoch 12: Average train loss 0.547669
====> Dev set loss: 0.197052
New best dev set loss: 0.197052
Saved checkpoint for model
Train epoch 13: [1000/18806 (5.3%)]	Loss: 0.562938
Train epoch 13: [2000/18806 (10.6%)]	Loss: 0.532276
Train epoch 13: [3000/18806 (16.0%)]	Loss: 0.501217
Train epoch 13: [4000/18806 (21.3%)]	Loss: 0.477629
Train epoch 13: [5000/18806 (26.6%)]	Loss: 0.448025
Train epoch 13: [6000/18806 (31.9%)]	Loss: 0.422564
Train epoch 13: [7000/18806 (37.2%)]	Loss: 0.398871
Train epoch 13: [8000/18806 (42.5%)]	Loss: 0.383545
Train epoch 13: [9000/18806 (47.9%)]	Loss: 0.386146
Train epoch 13: [10000/18806 (53.2%)]	Loss: 0.387551
Train epoch 13: [11000/18806 (58.5%)]	Loss: 0.416971
Train epoch 13: [12000/18806 (63.8%)]	Loss: 0.446313
Train epoch 13: [13000/18806 (69.1%)]	Loss: 0.481112
Train epoch 13: [14000/18806 (74.4%)]	Loss: 0.516249
Train epoch 13: [15000/18806 (79.8%)]	Loss: 0.552538
Train epoch 13: [16000/18806 (85.1%)]	Loss: 0.586437
Train epoch 13: [17000/18806 (90.4%)]	Loss: 0.570959
Train epoch 13: [18000/18806 (95.7%)]	Loss: 0.555522
====> Epoch 13: Average train loss 0.543541
====> Dev set loss: 0.194616
New best dev set loss: 0.194616
Saved checkpoint for model
Train epoch 14: [1000/18806 (5.3%)]	Loss: 0.556672
Train epoch 14: [2000/18806 (10.6%)]	Loss: 0.531242
Train epoch 14: [3000/18806 (16.0%)]	Loss: 0.495213
Train epoch 14: [4000/18806 (21.3%)]	Loss: 0.474924
Train epoch 14: [5000/18806 (26.6%)]	Loss: 0.445058
Train epoch 14: [6000/18806 (31.9%)]	Loss: 0.420056
Train epoch 14: [7000/18806 (37.2%)]	Loss: 0.395827
Train epoch 14: [8000/18806 (42.5%)]	Loss: 0.381403
Train epoch 14: [9000/18806 (47.9%)]	Loss: 0.383889
Train epoch 14: [10000/18806 (53.2%)]	Loss: 0.385260
Train epoch 14: [11000/18806 (58.5%)]	Loss: 0.414928
Train epoch 14: [12000/18806 (63.8%)]	Loss: 0.444010
Train epoch 14: [13000/18806 (69.1%)]	Loss: 0.479158
Train epoch 14: [14000/18806 (74.4%)]	Loss: 0.516030
Train epoch 14: [15000/18806 (79.8%)]	Loss: 0.552248
Train epoch 14: [16000/18806 (85.1%)]	Loss: 0.584753
Train epoch 14: [17000/18806 (90.4%)]	Loss: 0.569214
Train epoch 14: [18000/18806 (95.7%)]	Loss: 0.553782
====> Epoch 14: Average train loss 0.541777
====> Dev set loss: 0.191751
New best dev set loss: 0.191751
Saved checkpoint for model
Train epoch 15: [1000/18806 (5.3%)]	Loss: 0.556984
Train epoch 15: [2000/18806 (10.6%)]	Loss: 0.527931
Train epoch 15: [3000/18806 (16.0%)]	Loss: 0.494178
Train epoch 15: [4000/18806 (21.3%)]	Loss: 0.472236
Train epoch 15: [5000/18806 (26.6%)]	Loss: 0.441561
Train epoch 15: [6000/18806 (31.9%)]	Loss: 0.417252
Train epoch 15: [7000/18806 (37.2%)]	Loss: 0.393181
Train epoch 15: [8000/18806 (42.5%)]	Loss: 0.378782
Train epoch 15: [9000/18806 (47.9%)]	Loss: 0.382571
Train epoch 15: [10000/18806 (53.2%)]	Loss: 0.384452
Train epoch 15: [11000/18806 (58.5%)]	Loss: 0.412943
Train epoch 15: [12000/18806 (63.8%)]	Loss: 0.441785
Train epoch 15: [13000/18806 (69.1%)]	Loss: 0.476260
Train epoch 15: [14000/18806 (74.4%)]	Loss: 0.512843
Train epoch 15: [15000/18806 (79.8%)]	Loss: 0.548746
Train epoch 15: [16000/18806 (85.1%)]	Loss: 0.582337
Train epoch 15: [17000/18806 (90.4%)]	Loss: 0.566864
Train epoch 15: [18000/18806 (95.7%)]	Loss: 0.551443
====> Epoch 15: Average train loss 0.539463
====> Dev set loss: 0.189578
New best dev set loss: 0.189578
Saved checkpoint for model
Train epoch 16: [1000/18806 (5.3%)]	Loss: 0.553280
Train epoch 16: [2000/18806 (10.6%)]	Loss: 0.526537
Train epoch 16: [3000/18806 (16.0%)]	Loss: 0.491845
Train epoch 16: [4000/18806 (21.3%)]	Loss: 0.470441
Train epoch 16: [5000/18806 (26.6%)]	Loss: 0.440900
Train epoch 16: [6000/18806 (31.9%)]	Loss: 0.415344
Train epoch 16: [7000/18806 (37.2%)]	Loss: 0.391309
Train epoch 16: [8000/18806 (42.5%)]	Loss: 0.376902
Train epoch 16: [9000/18806 (47.9%)]	Loss: 0.380746
Train epoch 16: [10000/18806 (53.2%)]	Loss: 0.382026
Train epoch 16: [11000/18806 (58.5%)]	Loss: 0.411059
Train epoch 16: [12000/18806 (63.8%)]	Loss: 0.440761
Train epoch 16: [13000/18806 (69.1%)]	Loss: 0.474725
Train epoch 16: [14000/18806 (74.4%)]	Loss: 0.510833
Train epoch 16: [15000/18806 (79.8%)]	Loss: 0.545813
Train epoch 16: [16000/18806 (85.1%)]	Loss: 0.580255
Train epoch 16: [17000/18806 (90.4%)]	Loss: 0.564823
Train epoch 16: [18000/18806 (95.7%)]	Loss: 0.549424
====> Epoch 16: Average train loss 0.537391
====> Dev set loss: 0.185768
New best dev set loss: 0.185768
Saved checkpoint for model
Train epoch 17: [1000/18806 (5.3%)]	Loss: 0.555056
Train epoch 17: [2000/18806 (10.6%)]	Loss: 0.525582
Train epoch 17: [3000/18806 (16.0%)]	Loss: 0.491068
Train epoch 17: [4000/18806 (21.3%)]	Loss: 0.469037
Train epoch 17: [5000/18806 (26.6%)]	Loss: 0.439382
Train epoch 17: [6000/18806 (31.9%)]	Loss: 0.413449
Train epoch 17: [7000/18806 (37.2%)]	Loss: 0.389568
Train epoch 17: [8000/18806 (42.5%)]	Loss: 0.374887
Train epoch 17: [9000/18806 (47.9%)]	Loss: 0.378126
Train epoch 17: [10000/18806 (53.2%)]	Loss: 0.379887
Train epoch 17: [11000/18806 (58.5%)]	Loss: 0.408473
Train epoch 17: [12000/18806 (63.8%)]	Loss: 0.437032
Train epoch 17: [13000/18806 (69.1%)]	Loss: 0.472122
Train epoch 17: [14000/18806 (74.4%)]	Loss: 0.509055
Train epoch 17: [15000/18806 (79.8%)]	Loss: 0.546166
Train epoch 17: [16000/18806 (85.1%)]	Loss: 0.578220
Train epoch 17: [17000/18806 (90.4%)]	Loss: 0.562790
Train epoch 17: [18000/18806 (95.7%)]	Loss: 0.547129
====> Epoch 17: Average train loss 0.535028
====> Dev set loss: 0.183181
New best dev set loss: 0.183181
Saved checkpoint for model
Train epoch 18: [1000/18806 (5.3%)]	Loss: 0.552620
Train epoch 18: [2000/18806 (10.6%)]	Loss: 0.522572
Train epoch 18: [3000/18806 (16.0%)]	Loss: 0.490030
Train epoch 18: [4000/18806 (21.3%)]	Loss: 0.465926
Train epoch 18: [5000/18806 (26.6%)]	Loss: 0.435942
Train epoch 18: [6000/18806 (31.9%)]	Loss: 0.410590
Train epoch 18: [7000/18806 (37.2%)]	Loss: 0.386462
Train epoch 18: [8000/18806 (42.5%)]	Loss: 0.371859
Train epoch 18: [9000/18806 (47.9%)]	Loss: 0.375123
Train epoch 18: [10000/18806 (53.2%)]	Loss: 0.377269
Train epoch 18: [11000/18806 (58.5%)]	Loss: 0.406292
Train epoch 18: [12000/18806 (63.8%)]	Loss: 0.434051
Train epoch 18: [13000/18806 (69.1%)]	Loss: 0.469168
Train epoch 18: [14000/18806 (74.4%)]	Loss: 0.505424
Train epoch 18: [15000/18806 (79.8%)]	Loss: 0.541567
Train epoch 18: [16000/18806 (85.1%)]	Loss: 0.575083
Train epoch 18: [17000/18806 (90.4%)]	Loss: 0.559675
Train epoch 18: [18000/18806 (95.7%)]	Loss: 0.544273
====> Epoch 18: Average train loss 0.532218
====> Dev set loss: 0.179333
New best dev set loss: 0.179333
Saved checkpoint for model
Train epoch 19: [1000/18806 (5.3%)]	Loss: 0.550733
Train epoch 19: [2000/18806 (10.6%)]	Loss: 0.520077
Train epoch 19: [3000/18806 (16.0%)]	Loss: 0.487934
Train epoch 19: [4000/18806 (21.3%)]	Loss: 0.462110
Train epoch 19: [5000/18806 (26.6%)]	Loss: 0.435088
Train epoch 19: [6000/18806 (31.9%)]	Loss: 0.409942
Train epoch 19: [7000/18806 (37.2%)]	Loss: 0.386233
Train epoch 19: [8000/18806 (42.5%)]	Loss: 0.369679
Train epoch 19: [9000/18806 (47.9%)]	Loss: 0.374169
Train epoch 19: [10000/18806 (53.2%)]	Loss: 0.378144
Train epoch 19: [11000/18806 (58.5%)]	Loss: 0.406223
Train epoch 19: [12000/18806 (63.8%)]	Loss: 0.434590
Train epoch 19: [13000/18806 (69.1%)]	Loss: 0.469581
Train epoch 19: [14000/18806 (74.4%)]	Loss: 0.501224
Train epoch 19: [15000/18806 (79.8%)]	Loss: 0.538365
Train epoch 19: [16000/18806 (85.1%)]	Loss: 0.573035
Train epoch 19: [17000/18806 (90.4%)]	Loss: 0.557672
Train epoch 19: [18000/18806 (95.7%)]	Loss: 0.542254
====> Epoch 19: Average train loss 0.530168
====> Dev set loss: 0.176467
New best dev set loss: 0.176467
Saved checkpoint for model
Train epoch 20: [1000/18806 (5.3%)]	Loss: 0.548972
Train epoch 20: [2000/18806 (10.6%)]	Loss: 0.517930
Train epoch 20: [3000/18806 (16.0%)]	Loss: 0.486104
Train epoch 20: [4000/18806 (21.3%)]	Loss: 0.460488
Train epoch 20: [5000/18806 (26.6%)]	Loss: 0.431711
Train epoch 20: [6000/18806 (31.9%)]	Loss: 0.405894
Train epoch 20: [7000/18806 (37.2%)]	Loss: 0.381683
Train epoch 20: [8000/18806 (42.5%)]	Loss: 0.367302
Train epoch 20: [9000/18806 (47.9%)]	Loss: 0.369547
Train epoch 20: [10000/18806 (53.2%)]	Loss: 0.370533
Train epoch 20: [11000/18806 (58.5%)]	Loss: 0.400841
Train epoch 20: [12000/18806 (63.8%)]	Loss: 0.429291
Train epoch 20: [13000/18806 (69.1%)]	Loss: 0.464666
Train epoch 20: [14000/18806 (74.4%)]	Loss: 0.500469
Train epoch 20: [15000/18806 (79.8%)]	Loss: 0.536525
Train epoch 20: [16000/18806 (85.1%)]	Loss: 0.570521
Train epoch 20: [17000/18806 (90.4%)]	Loss: 0.555068
Train epoch 20: [18000/18806 (95.7%)]	Loss: 0.539618
====> Epoch 20: Average train loss 0.527541
====> Dev set loss: 0.175713
New best dev set loss: 0.175713
Saved checkpoint for model
Train epoch 21: [1000/18806 (5.3%)]	Loss: 0.545912
Train epoch 21: [2000/18806 (10.6%)]	Loss: 0.516148
Train epoch 21: [3000/18806 (16.0%)]	Loss: 0.483442
Train epoch 21: [4000/18806 (21.3%)]	Loss: 0.457871
Train epoch 21: [5000/18806 (26.6%)]	Loss: 0.429761
Train epoch 21: [6000/18806 (31.9%)]	Loss: 0.404587
Train epoch 21: [7000/18806 (37.2%)]	Loss: 0.380053
Train epoch 21: [8000/18806 (42.5%)]	Loss: 0.365359
Train epoch 21: [9000/18806 (47.9%)]	Loss: 0.368631
Train epoch 21: [10000/18806 (53.2%)]	Loss: 0.372172
Train epoch 21: [11000/18806 (58.5%)]	Loss: 0.400933
Train epoch 21: [12000/18806 (63.8%)]	Loss: 0.428506
Train epoch 21: [13000/18806 (69.1%)]	Loss: 0.462861
Train epoch 21: [14000/18806 (74.4%)]	Loss: 0.499129
Train epoch 21: [15000/18806 (79.8%)]	Loss: 0.534814
Train epoch 21: [16000/18806 (85.1%)]	Loss: 0.568711
Train epoch 21: [17000/18806 (90.4%)]	Loss: 0.553356
Train epoch 21: [18000/18806 (95.7%)]	Loss: 0.537791
====> Epoch 21: Average train loss 0.525699
====> Dev set loss: 0.173242
New best dev set loss: 0.173242
Saved checkpoint for model
Train epoch 22: [1000/18806 (5.3%)]	Loss: 0.541992
Train epoch 22: [2000/18806 (10.6%)]	Loss: 0.514966
Train epoch 22: [3000/18806 (16.0%)]	Loss: 0.481365
Train epoch 22: [4000/18806 (21.3%)]	Loss: 0.457783
Train epoch 22: [5000/18806 (26.6%)]	Loss: 0.426917
Train epoch 22: [6000/18806 (31.9%)]	Loss: 0.402502
Train epoch 22: [7000/18806 (37.2%)]	Loss: 0.378587
Train epoch 22: [8000/18806 (42.5%)]	Loss: 0.364001
Train epoch 22: [9000/18806 (47.9%)]	Loss: 0.365317
Train epoch 22: [10000/18806 (53.2%)]	Loss: 0.366966
Train epoch 22: [11000/18806 (58.5%)]	Loss: 0.396509
Train epoch 22: [12000/18806 (63.8%)]	Loss: 0.426081
Train epoch 22: [13000/18806 (69.1%)]	Loss: 0.460885
Train epoch 22: [14000/18806 (74.4%)]	Loss: 0.498322
Train epoch 22: [15000/18806 (79.8%)]	Loss: 0.535026
Train epoch 22: [16000/18806 (85.1%)]	Loss: 0.567271
Train epoch 22: [17000/18806 (90.4%)]	Loss: 0.551810
Train epoch 22: [18000/18806 (95.7%)]	Loss: 0.536464
====> Epoch 22: Average train loss 0.524385
====> Dev set loss: 0.173475
No improvement in 1 epochs (best dev set loss: 0.173242)
Not saving checkpoint; no improvement made
Train epoch 23: [1000/18806 (5.3%)]	Loss: 0.543484
Train epoch 23: [2000/18806 (10.6%)]	Loss: 0.513713
Train epoch 23: [3000/18806 (16.0%)]	Loss: 0.480570
Train epoch 23: [4000/18806 (21.3%)]	Loss: 0.455801
Train epoch 23: [5000/18806 (26.6%)]	Loss: 0.427202
Train epoch 23: [6000/18806 (31.9%)]	Loss: 0.401819
Train epoch 23: [7000/18806 (37.2%)]	Loss: 0.377340
Train epoch 23: [8000/18806 (42.5%)]	Loss: 0.362939
Train epoch 23: [9000/18806 (47.9%)]	Loss: 0.365788
Train epoch 23: [10000/18806 (53.2%)]	Loss: 0.366823
Train epoch 23: [11000/18806 (58.5%)]	Loss: 0.395149
Train epoch 23: [12000/18806 (63.8%)]	Loss: 0.425239
Train epoch 23: [13000/18806 (69.1%)]	Loss: 0.460303
Train epoch 23: [14000/18806 (74.4%)]	Loss: 0.496955
Train epoch 23: [15000/18806 (79.8%)]	Loss: 0.534619
Train epoch 23: [16000/18806 (85.1%)]	Loss: 0.566846
Train epoch 23: [17000/18806 (90.4%)]	Loss: 0.551291
Train epoch 23: [18000/18806 (95.7%)]	Loss: 0.535614
====> Epoch 23: Average train loss 0.523426
====> Dev set loss: 0.170961
New best dev set loss: 0.170961
Saved checkpoint for model
Train epoch 24: [1000/18806 (5.3%)]	Loss: 0.538859
Train epoch 24: [2000/18806 (10.6%)]	Loss: 0.510843
Train epoch 24: [3000/18806 (16.0%)]	Loss: 0.476945
Train epoch 24: [4000/18806 (21.3%)]	Loss: 0.453755
Train epoch 24: [5000/18806 (26.6%)]	Loss: 0.423549
Train epoch 24: [6000/18806 (31.9%)]	Loss: 0.398322
Train epoch 24: [7000/18806 (37.2%)]	Loss: 0.374495
Train epoch 24: [8000/18806 (42.5%)]	Loss: 0.360096
Train epoch 24: [9000/18806 (47.9%)]	Loss: 0.360270
Train epoch 24: [10000/18806 (53.2%)]	Loss: 0.362458
Train epoch 24: [11000/18806 (58.5%)]	Loss: 0.391824
Train epoch 24: [12000/18806 (63.8%)]	Loss: 0.423075
Train epoch 24: [13000/18806 (69.1%)]	Loss: 0.457676
Train epoch 24: [14000/18806 (74.4%)]	Loss: 0.494914
Train epoch 24: [15000/18806 (79.8%)]	Loss: 0.532692
Train epoch 24: [16000/18806 (85.1%)]	Loss: 0.564453
Train epoch 24: [17000/18806 (90.4%)]	Loss: 0.549011
Train epoch 24: [18000/18806 (95.7%)]	Loss: 0.533584
====> Epoch 24: Average train loss 0.521400
====> Dev set loss: 0.168814
New best dev set loss: 0.168814
Saved checkpoint for model
Train epoch 25: [1000/18806 (5.3%)]	Loss: 0.538139
Train epoch 25: [2000/18806 (10.6%)]	Loss: 0.509601
Train epoch 25: [3000/18806 (16.0%)]	Loss: 0.475928
Train epoch 25: [4000/18806 (21.3%)]	Loss: 0.451580
Train epoch 25: [5000/18806 (26.6%)]	Loss: 0.421677
Train epoch 25: [6000/18806 (31.9%)]	Loss: 0.396645
Train epoch 25: [7000/18806 (37.2%)]	Loss: 0.372430
Train epoch 25: [8000/18806 (42.5%)]	Loss: 0.357896
Train epoch 25: [9000/18806 (47.9%)]	Loss: 0.361366
Train epoch 25: [10000/18806 (53.2%)]	Loss: 0.364411
Train epoch 25: [11000/18806 (58.5%)]	Loss: 0.392497
Train epoch 25: [12000/18806 (63.8%)]	Loss: 0.421460
Train epoch 25: [13000/18806 (69.1%)]	Loss: 0.455615
Train epoch 25: [14000/18806 (74.4%)]	Loss: 0.491931
Train epoch 25: [15000/18806 (79.8%)]	Loss: 0.528739
Train epoch 25: [16000/18806 (85.1%)]	Loss: 0.561866
Train epoch 25: [17000/18806 (90.4%)]	Loss: 0.546697
Train epoch 25: [18000/18806 (95.7%)]	Loss: 0.531047
====> Epoch 25: Average train loss 0.518889
====> Dev set loss: 0.166724
New best dev set loss: 0.166724
Saved checkpoint for model
Train epoch 26: [1000/18806 (5.3%)]	Loss: 0.537169
Train epoch 26: [2000/18806 (10.6%)]	Loss: 0.507451
Train epoch 26: [3000/18806 (16.0%)]	Loss: 0.473997
Train epoch 26: [4000/18806 (21.3%)]	Loss: 0.449238
Train epoch 26: [5000/18806 (26.6%)]	Loss: 0.418763
Train epoch 26: [6000/18806 (31.9%)]	Loss: 0.394589
Train epoch 26: [7000/18806 (37.2%)]	Loss: 0.370924
Train epoch 26: [8000/18806 (42.5%)]	Loss: 0.355859
Train epoch 26: [9000/18806 (47.9%)]	Loss: 0.355572
Train epoch 26: [10000/18806 (53.2%)]	Loss: 0.357520
Train epoch 26: [11000/18806 (58.5%)]	Loss: 0.386893
Train epoch 26: [12000/18806 (63.8%)]	Loss: 0.418549
Train epoch 26: [13000/18806 (69.1%)]	Loss: 0.453477
Train epoch 26: [14000/18806 (74.4%)]	Loss: 0.489640
Train epoch 26: [15000/18806 (79.8%)]	Loss: 0.528362
Train epoch 26: [16000/18806 (85.1%)]	Loss: 0.560486
Train epoch 26: [17000/18806 (90.4%)]	Loss: 0.544791
Train epoch 26: [18000/18806 (95.7%)]	Loss: 0.529284
====> Epoch 26: Average train loss 0.517151
====> Dev set loss: 0.164407
New best dev set loss: 0.164407
Saved checkpoint for model
Train epoch 27: [1000/18806 (5.3%)]	Loss: 0.535505
Train epoch 27: [2000/18806 (10.6%)]	Loss: 0.506363
Train epoch 27: [3000/18806 (16.0%)]	Loss: 0.472743
Train epoch 27: [4000/18806 (21.3%)]	Loss: 0.447226
Train epoch 27: [5000/18806 (26.6%)]	Loss: 0.419010
Train epoch 27: [6000/18806 (31.9%)]	Loss: 0.393772
Train epoch 27: [7000/18806 (37.2%)]	Loss: 0.369595
Train epoch 27: [8000/18806 (42.5%)]	Loss: 0.353931
Train epoch 27: [9000/18806 (47.9%)]	Loss: 0.358436
Train epoch 27: [10000/18806 (53.2%)]	Loss: 0.361188
Train epoch 27: [11000/18806 (58.5%)]	Loss: 0.388977
Train epoch 27: [12000/18806 (63.8%)]	Loss: 0.416517
Train epoch 27: [13000/18806 (69.1%)]	Loss: 0.451759
Train epoch 27: [14000/18806 (74.4%)]	Loss: 0.489444
Train epoch 27: [15000/18806 (79.8%)]	Loss: 0.526770
Train epoch 27: [16000/18806 (85.1%)]	Loss: 0.558806
Train epoch 27: [17000/18806 (90.4%)]	Loss: 0.543388
Train epoch 27: [18000/18806 (95.7%)]	Loss: 0.527828
====> Epoch 27: Average train loss 0.515718
====> Dev set loss: 0.165086
No improvement in 1 epochs (best dev set loss: 0.164407)
Not saving checkpoint; no improvement made
Train epoch 28: [1000/18806 (5.3%)]	Loss: 0.535440
Train epoch 28: [2000/18806 (10.6%)]	Loss: 0.505046
Train epoch 28: [3000/18806 (16.0%)]	Loss: 0.471769
Train epoch 28: [4000/18806 (21.3%)]	Loss: 0.446113
Train epoch 28: [5000/18806 (26.6%)]	Loss: 0.417733
Train epoch 28: [6000/18806 (31.9%)]	Loss: 0.392133
Train epoch 28: [7000/18806 (37.2%)]	Loss: 0.368149
Train epoch 28: [8000/18806 (42.5%)]	Loss: 0.353878
Train epoch 28: [9000/18806 (47.9%)]	Loss: 0.355685
Train epoch 28: [10000/18806 (53.2%)]	Loss: 0.356280
Train epoch 28: [11000/18806 (58.5%)]	Loss: 0.386092
Train epoch 28: [12000/18806 (63.8%)]	Loss: 0.416681
Train epoch 28: [13000/18806 (69.1%)]	Loss: 0.451913
Train epoch 28: [14000/18806 (74.4%)]	Loss: 0.489104
Train epoch 28: [15000/18806 (79.8%)]	Loss: 0.525615
Train epoch 28: [16000/18806 (85.1%)]	Loss: 0.558502
Train epoch 28: [17000/18806 (90.4%)]	Loss: 0.543079
Train epoch 28: [18000/18806 (95.7%)]	Loss: 0.527498
====> Epoch 28: Average train loss 0.515263
====> Dev set loss: 0.162444
New best dev set loss: 0.162444
Saved checkpoint for model
Train epoch 29: [1000/18806 (5.3%)]	Loss: 0.531125
Train epoch 29: [2000/18806 (10.6%)]	Loss: 0.503123
Train epoch 29: [3000/18806 (16.0%)]	Loss: 0.469125
Train epoch 29: [4000/18806 (21.3%)]	Loss: 0.444836
Train epoch 29: [5000/18806 (26.6%)]	Loss: 0.415586
Train epoch 29: [6000/18806 (31.9%)]	Loss: 0.390051
Train epoch 29: [7000/18806 (37.2%)]	Loss: 0.366151
Train epoch 29: [8000/18806 (42.5%)]	Loss: 0.351909
Train epoch 29: [9000/18806 (47.9%)]	Loss: 0.351790
Train epoch 29: [10000/18806 (53.2%)]	Loss: 0.353485
Train epoch 29: [11000/18806 (58.5%)]	Loss: 0.383780
Train epoch 29: [12000/18806 (63.8%)]	Loss: 0.414723
Train epoch 29: [13000/18806 (69.1%)]	Loss: 0.449619
Train epoch 29: [14000/18806 (74.4%)]	Loss: 0.487250
Train epoch 29: [15000/18806 (79.8%)]	Loss: 0.523908
Train epoch 29: [16000/18806 (85.1%)]	Loss: 0.556323
Train epoch 29: [17000/18806 (90.4%)]	Loss: 0.541028
Train epoch 29: [18000/18806 (95.7%)]	Loss: 0.525533
====> Epoch 29: Average train loss 0.513344
====> Dev set loss: 0.160074
New best dev set loss: 0.160074
Saved checkpoint for model
Train epoch 30: [1000/18806 (5.3%)]	Loss: 0.529835
Train epoch 30: [2000/18806 (10.6%)]	Loss: 0.503952
Train epoch 30: [3000/18806 (16.0%)]	Loss: 0.462300
Train epoch 30: [4000/18806 (21.3%)]	Loss: 0.443702
Train epoch 30: [5000/18806 (26.6%)]	Loss: 0.412484
Train epoch 30: [6000/18806 (31.9%)]	Loss: 0.389902
Train epoch 30: [7000/18806 (37.2%)]	Loss: 0.366006
Train epoch 30: [8000/18806 (42.5%)]	Loss: 0.351125
Train epoch 30: [9000/18806 (47.9%)]	Loss: 0.349825
Train epoch 30: [10000/18806 (53.2%)]	Loss: 0.350703
Train epoch 30: [11000/18806 (58.5%)]	Loss: 0.381610
Train epoch 30: [12000/18806 (63.8%)]	Loss: 0.414923
Train epoch 30: [13000/18806 (69.1%)]	Loss: 0.449269
Train epoch 30: [14000/18806 (74.4%)]	Loss: 0.485557
Train epoch 30: [15000/18806 (79.8%)]	Loss: 0.524010
Train epoch 30: [16000/18806 (85.1%)]	Loss: 0.555841
Train epoch 30: [17000/18806 (90.4%)]	Loss: 0.540236
Train epoch 30: [18000/18806 (95.7%)]	Loss: 0.524781
====> Epoch 30: Average train loss 0.512523
====> Dev set loss: 0.156342
New best dev set loss: 0.156342
Saved checkpoint for model
Train epoch 31: [1000/18806 (5.3%)]	Loss: 0.530223
Train epoch 31: [2000/18806 (10.6%)]	Loss: 0.501348
Train epoch 31: [3000/18806 (16.0%)]	Loss: 0.463902
Train epoch 31: [4000/18806 (21.3%)]	Loss: 0.441649
Train epoch 31: [5000/18806 (26.6%)]	Loss: 0.412519
Train epoch 31: [6000/18806 (31.9%)]	Loss: 0.387088
Train epoch 31: [7000/18806 (37.2%)]	Loss: 0.362901
Train epoch 31: [8000/18806 (42.5%)]	Loss: 0.348448
Train epoch 31: [9000/18806 (47.9%)]	Loss: 0.350420
Train epoch 31: [10000/18806 (53.2%)]	Loss: 0.352358
Train epoch 31: [11000/18806 (58.5%)]	Loss: 0.381531
Train epoch 31: [12000/18806 (63.8%)]	Loss: 0.411618
Train epoch 31: [13000/18806 (69.1%)]	Loss: 0.446821
Train epoch 31: [14000/18806 (74.4%)]	Loss: 0.483957
Train epoch 31: [15000/18806 (79.8%)]	Loss: 0.521058
Train epoch 31: [16000/18806 (85.1%)]	Loss: 0.553715
Train epoch 31: [17000/18806 (90.4%)]	Loss: 0.538283
Train epoch 31: [18000/18806 (95.7%)]	Loss: 0.522666
====> Epoch 31: Average train loss 0.510442
====> Dev set loss: 0.155142
New best dev set loss: 0.155142
Saved checkpoint for model
Train epoch 32: [1000/18806 (5.3%)]	Loss: 0.528724
Train epoch 32: [2000/18806 (10.6%)]	Loss: 0.498934
Train epoch 32: [3000/18806 (16.0%)]	Loss: 0.463148
Train epoch 32: [4000/18806 (21.3%)]	Loss: 0.440297
Train epoch 32: [5000/18806 (26.6%)]	Loss: 0.409895
Train epoch 32: [6000/18806 (31.9%)]	Loss: 0.385139
Train epoch 32: [7000/18806 (37.2%)]	Loss: 0.361148
Train epoch 32: [8000/18806 (42.5%)]	Loss: 0.346529
Train epoch 32: [9000/18806 (47.9%)]	Loss: 0.348666
Train epoch 32: [10000/18806 (53.2%)]	Loss: 0.350242
Train epoch 32: [11000/18806 (58.5%)]	Loss: 0.378186
Train epoch 32: [12000/18806 (63.8%)]	Loss: 0.409894
Train epoch 32: [13000/18806 (69.1%)]	Loss: 0.444899
Train epoch 32: [14000/18806 (74.4%)]	Loss: 0.482431
Train epoch 32: [15000/18806 (79.8%)]	Loss: 0.518890
Train epoch 32: [16000/18806 (85.1%)]	Loss: 0.551863
Train epoch 32: [17000/18806 (90.4%)]	Loss: 0.536506
Train epoch 32: [18000/18806 (95.7%)]	Loss: 0.521062
====> Epoch 32: Average train loss 0.508928
====> Dev set loss: 0.155658
No improvement in 1 epochs (best dev set loss: 0.155142)
Not saving checkpoint; no improvement made
Train epoch 33: [1000/18806 (5.3%)]	Loss: 0.524847
Train epoch 33: [2000/18806 (10.6%)]	Loss: 0.498434
Train epoch 33: [3000/18806 (16.0%)]	Loss: 0.458523
Train epoch 33: [4000/18806 (21.3%)]	Loss: 0.438988
Train epoch 33: [5000/18806 (26.6%)]	Loss: 0.408557
Train epoch 33: [6000/18806 (31.9%)]	Loss: 0.385013
Train epoch 33: [7000/18806 (37.2%)]	Loss: 0.361435
Train epoch 33: [8000/18806 (42.5%)]	Loss: 0.346015
Train epoch 33: [9000/18806 (47.9%)]	Loss: 0.343883
Train epoch 33: [10000/18806 (53.2%)]	Loss: 0.345716
Train epoch 33: [11000/18806 (58.5%)]	Loss: 0.377356
Train epoch 33: [12000/18806 (63.8%)]	Loss: 0.409077
Train epoch 33: [13000/18806 (69.1%)]	Loss: 0.444259
Train epoch 33: [14000/18806 (74.4%)]	Loss: 0.481471
Train epoch 33: [15000/18806 (79.8%)]	Loss: 0.519348
Train epoch 33: [16000/18806 (85.1%)]	Loss: 0.551126
Train epoch 33: [17000/18806 (90.4%)]	Loss: 0.535924
Train epoch 33: [18000/18806 (95.7%)]	Loss: 0.520265
====> Epoch 33: Average train loss 0.508053
====> Dev set loss: 0.153575
New best dev set loss: 0.153575
Saved checkpoint for model
Train epoch 34: [1000/18806 (5.3%)]	Loss: 0.525158
Train epoch 34: [2000/18806 (10.6%)]	Loss: 0.497195
Train epoch 34: [3000/18806 (16.0%)]	Loss: 0.460458
Train epoch 34: [4000/18806 (21.3%)]	Loss: 0.437411
Train epoch 34: [5000/18806 (26.6%)]	Loss: 0.406739
Train epoch 34: [6000/18806 (31.9%)]	Loss: 0.382235
Train epoch 34: [7000/18806 (37.2%)]	Loss: 0.358031
Train epoch 34: [8000/18806 (42.5%)]	Loss: 0.343366
Train epoch 34: [9000/18806 (47.9%)]	Loss: 0.345797
Train epoch 34: [10000/18806 (53.2%)]	Loss: 0.346925
Train epoch 34: [11000/18806 (58.5%)]	Loss: 0.377006
Train epoch 34: [12000/18806 (63.8%)]	Loss: 0.406808
Train epoch 34: [13000/18806 (69.1%)]	Loss: 0.442023
Train epoch 34: [14000/18806 (74.4%)]	Loss: 0.479459
Train epoch 34: [15000/18806 (79.8%)]	Loss: 0.516669
Train epoch 34: [16000/18806 (85.1%)]	Loss: 0.549237
Train epoch 34: [17000/18806 (90.4%)]	Loss: 0.533869
Train epoch 34: [18000/18806 (95.7%)]	Loss: 0.518423
====> Epoch 34: Average train loss 0.506308
====> Dev set loss: 0.151696
New best dev set loss: 0.151696
Saved checkpoint for model
Train epoch 35: [1000/18806 (5.3%)]	Loss: 0.524386
Train epoch 35: [2000/18806 (10.6%)]	Loss: 0.495914
Train epoch 35: [3000/18806 (16.0%)]	Loss: 0.456959
Train epoch 35: [4000/18806 (21.3%)]	Loss: 0.436361
Train epoch 35: [5000/18806 (26.6%)]	Loss: 0.406079
Train epoch 35: [6000/18806 (31.9%)]	Loss: 0.381271
Train epoch 35: [7000/18806 (37.2%)]	Loss: 0.357289
Train epoch 35: [8000/18806 (42.5%)]	Loss: 0.342679
Train epoch 35: [9000/18806 (47.9%)]	Loss: 0.345159
Train epoch 35: [10000/18806 (53.2%)]	Loss: 0.346595
Train epoch 35: [11000/18806 (58.5%)]	Loss: 0.376083
Train epoch 35: [12000/18806 (63.8%)]	Loss: 0.406187
Train epoch 35: [13000/18806 (69.1%)]	Loss: 0.441602
Train epoch 35: [14000/18806 (74.4%)]	Loss: 0.478467
Train epoch 35: [15000/18806 (79.8%)]	Loss: 0.515219
Train epoch 35: [16000/18806 (85.1%)]	Loss: 0.548717
Train epoch 35: [17000/18806 (90.4%)]	Loss: 0.533524
Train epoch 35: [18000/18806 (95.7%)]	Loss: 0.517869
====> Epoch 35: Average train loss 0.505651
====> Dev set loss: 0.150686
New best dev set loss: 0.150686
Saved checkpoint for model
Train epoch 36: [1000/18806 (5.3%)]	Loss: 0.520850
Train epoch 36: [2000/18806 (10.6%)]	Loss: 0.494175
Train epoch 36: [3000/18806 (16.0%)]	Loss: 0.457443
Train epoch 36: [4000/18806 (21.3%)]	Loss: 0.434848
Train epoch 36: [5000/18806 (26.6%)]	Loss: 0.404756
Train epoch 36: [6000/18806 (31.9%)]	Loss: 0.379724
Train epoch 36: [7000/18806 (37.2%)]	Loss: 0.355658
Train epoch 36: [8000/18806 (42.5%)]	Loss: 0.341031
Train epoch 36: [9000/18806 (47.9%)]	Loss: 0.344680
Train epoch 36: [10000/18806 (53.2%)]	Loss: 0.347043
Train epoch 36: [11000/18806 (58.5%)]	Loss: 0.375860
Train epoch 36: [12000/18806 (63.8%)]	Loss: 0.404453
Train epoch 36: [13000/18806 (69.1%)]	Loss: 0.440089
Train epoch 36: [14000/18806 (74.4%)]	Loss: 0.477365
Train epoch 36: [15000/18806 (79.8%)]	Loss: 0.513675
Train epoch 36: [16000/18806 (85.1%)]	Loss: 0.547295
Train epoch 36: [17000/18806 (90.4%)]	Loss: 0.531992
Train epoch 36: [18000/18806 (95.7%)]	Loss: 0.516620
====> Epoch 36: Average train loss 0.504451
====> Dev set loss: 0.150653
New best dev set loss: 0.150653
Saved checkpoint for model
Train epoch 37: [1000/18806 (5.3%)]	Loss: 0.520783
Train epoch 37: [2000/18806 (10.6%)]	Loss: 0.493802
Train epoch 37: [3000/18806 (16.0%)]	Loss: 0.457663
Train epoch 37: [4000/18806 (21.3%)]	Loss: 0.433558
Train epoch 37: [5000/18806 (26.6%)]	Loss: 0.403516
Train epoch 37: [6000/18806 (31.9%)]	Loss: 0.378994
Train epoch 37: [7000/18806 (37.2%)]	Loss: 0.354714
Train epoch 37: [8000/18806 (42.5%)]	Loss: 0.340181
Train epoch 37: [9000/18806 (47.9%)]	Loss: 0.342491
Train epoch 37: [10000/18806 (53.2%)]	Loss: 0.342847
Train epoch 37: [11000/18806 (58.5%)]	Loss: 0.372275
Train epoch 37: [12000/18806 (63.8%)]	Loss: 0.403837
Train epoch 37: [13000/18806 (69.1%)]	Loss: 0.439206
Train epoch 37: [14000/18806 (74.4%)]	Loss: 0.476094
Train epoch 37: [15000/18806 (79.8%)]	Loss: 0.514300
Train epoch 37: [16000/18806 (85.1%)]	Loss: 0.547073
Train epoch 37: [17000/18806 (90.4%)]	Loss: 0.531253
Train epoch 37: [18000/18806 (95.7%)]	Loss: 0.515535
====> Epoch 37: Average train loss 0.503348
====> Dev set loss: 0.151443
No improvement in 1 epochs (best dev set loss: 0.150653)
Not saving checkpoint; no improvement made
Train epoch 38: [1000/18806 (5.3%)]	Loss: 0.521092
Train epoch 38: [2000/18806 (10.6%)]	Loss: 0.491958
Train epoch 38: [3000/18806 (16.0%)]	Loss: 0.458418
Train epoch 38: [4000/18806 (21.3%)]	Loss: 0.430714
Train epoch 38: [5000/18806 (26.6%)]	Loss: 0.403740
Train epoch 38: [6000/18806 (31.9%)]	Loss: 0.378549
Train epoch 38: [7000/18806 (37.2%)]	Loss: 0.354313
Train epoch 38: [8000/18806 (42.5%)]	Loss: 0.338701
Train epoch 38: [9000/18806 (47.9%)]	Loss: 0.343286
Train epoch 38: [10000/18806 (53.2%)]	Loss: 0.346688
Train epoch 38: [11000/18806 (58.5%)]	Loss: 0.374911
Train epoch 38: [12000/18806 (63.8%)]	Loss: 0.403641
Train epoch 38: [13000/18806 (69.1%)]	Loss: 0.439070
Train epoch 38: [14000/18806 (74.4%)]	Loss: 0.475352
Train epoch 38: [15000/18806 (79.8%)]	Loss: 0.511144
Train epoch 38: [16000/18806 (85.1%)]	Loss: 0.545705
Train epoch 38: [17000/18806 (90.4%)]	Loss: 0.530360
Train epoch 38: [18000/18806 (95.7%)]	Loss: 0.514956
====> Epoch 38: Average train loss 0.502844
====> Dev set loss: 0.149715
New best dev set loss: 0.149715
Saved checkpoint for model
Train epoch 39: [1000/18806 (5.3%)]	Loss: 0.518912
Train epoch 39: [2000/18806 (10.6%)]	Loss: 0.492279
Train epoch 39: [3000/18806 (16.0%)]	Loss: 0.456902
Train epoch 39: [4000/18806 (21.3%)]	Loss: 0.432754
Train epoch 39: [5000/18806 (26.6%)]	Loss: 0.402739
Train epoch 39: [6000/18806 (31.9%)]	Loss: 0.377760
Train epoch 39: [7000/18806 (37.2%)]	Loss: 0.354067
Train epoch 39: [8000/18806 (42.5%)]	Loss: 0.339246
Train epoch 39: [9000/18806 (47.9%)]	Loss: 0.341537
Train epoch 39: [10000/18806 (53.2%)]	Loss: 0.344817
Train epoch 39: [11000/18806 (58.5%)]	Loss: 0.375047
Train epoch 39: [12000/18806 (63.8%)]	Loss: 0.403953
Train epoch 39: [13000/18806 (69.1%)]	Loss: 0.438579
Train epoch 39: [14000/18806 (74.4%)]	Loss: 0.476010
Train epoch 39: [15000/18806 (79.8%)]	Loss: 0.512852
Train epoch 39: [16000/18806 (85.1%)]	Loss: 0.545500
Train epoch 39: [17000/18806 (90.4%)]	Loss: 0.530083
Train epoch 39: [18000/18806 (95.7%)]	Loss: 0.514534
====> Epoch 39: Average train loss 0.502329
====> Dev set loss: 0.150134
No improvement in 1 epochs (best dev set loss: 0.149715)
Not saving checkpoint; no improvement made
Train epoch 40: [1000/18806 (5.3%)]	Loss: 0.519370
Train epoch 40: [2000/18806 (10.6%)]	Loss: 0.489934
Train epoch 40: [3000/18806 (16.0%)]	Loss: 0.455493
Train epoch 40: [4000/18806 (21.3%)]	Loss: 0.429971
Train epoch 40: [5000/18806 (26.6%)]	Loss: 0.401827
Train epoch 40: [6000/18806 (31.9%)]	Loss: 0.376644
Train epoch 40: [7000/18806 (37.2%)]	Loss: 0.352011
Train epoch 40: [8000/18806 (42.5%)]	Loss: 0.337320
Train epoch 40: [9000/18806 (47.9%)]	Loss: 0.339438
Train epoch 40: [10000/18806 (53.2%)]	Loss: 0.341212
Train epoch 40: [11000/18806 (58.5%)]	Loss: 0.369783
Train epoch 40: [12000/18806 (63.8%)]	Loss: 0.401283
Train epoch 40: [13000/18806 (69.1%)]	Loss: 0.436775
Train epoch 40: [14000/18806 (74.4%)]	Loss: 0.474143
Train epoch 40: [15000/18806 (79.8%)]	Loss: 0.512250
Train epoch 40: [16000/18806 (85.1%)]	Loss: 0.544179
Train epoch 40: [17000/18806 (90.4%)]	Loss: 0.528742
Train epoch 40: [18000/18806 (95.7%)]	Loss: 0.513204
====> Epoch 40: Average train loss 0.501029
====> Dev set loss: 0.147314
New best dev set loss: 0.147314
Saved checkpoint for model
Train epoch 41: [1000/18806 (5.3%)]	Loss: 0.519491
Train epoch 41: [2000/18806 (10.6%)]	Loss: 0.488328
Train epoch 41: [3000/18806 (16.0%)]	Loss: 0.456336
Train epoch 41: [4000/18806 (21.3%)]	Loss: 0.429543
Train epoch 41: [5000/18806 (26.6%)]	Loss: 0.400742
Train epoch 41: [6000/18806 (31.9%)]	Loss: 0.375565
Train epoch 41: [7000/18806 (37.2%)]	Loss: 0.351005
Train epoch 41: [8000/18806 (42.5%)]	Loss: 0.336509
Train epoch 41: [9000/18806 (47.9%)]	Loss: 0.338987
Train epoch 41: [10000/18806 (53.2%)]	Loss: 0.341053
Train epoch 41: [11000/18806 (58.5%)]	Loss: 0.371656
Train epoch 41: [12000/18806 (63.8%)]	Loss: 0.401105
Train epoch 41: [13000/18806 (69.1%)]	Loss: 0.436397
Train epoch 41: [14000/18806 (74.4%)]	Loss: 0.473117
Train epoch 41: [15000/18806 (79.8%)]	Loss: 0.508951
Train epoch 41: [16000/18806 (85.1%)]	Loss: 0.543223
Train epoch 41: [17000/18806 (90.4%)]	Loss: 0.527869
Train epoch 41: [18000/18806 (95.7%)]	Loss: 0.512502
====> Epoch 41: Average train loss 0.500306
====> Dev set loss: 0.146188
New best dev set loss: 0.146188
Saved checkpoint for model
Train epoch 42: [1000/18806 (5.3%)]	Loss: 0.517658
Train epoch 42: [2000/18806 (10.6%)]	Loss: 0.489124
Train epoch 42: [3000/18806 (16.0%)]	Loss: 0.452847
Train epoch 42: [4000/18806 (21.3%)]	Loss: 0.429069
Train epoch 42: [5000/18806 (26.6%)]	Loss: 0.399865
Train epoch 42: [6000/18806 (31.9%)]	Loss: 0.374365
Train epoch 42: [7000/18806 (37.2%)]	Loss: 0.350343
Train epoch 42: [8000/18806 (42.5%)]	Loss: 0.335960
Train epoch 42: [9000/18806 (47.9%)]	Loss: 0.335993
Train epoch 42: [10000/18806 (53.2%)]	Loss: 0.337330
Train epoch 42: [11000/18806 (58.5%)]	Loss: 0.367878
Train epoch 42: [12000/18806 (63.8%)]	Loss: 0.399981
Train epoch 42: [13000/18806 (69.1%)]	Loss: 0.435101
Train epoch 42: [14000/18806 (74.4%)]	Loss: 0.472577
Train epoch 42: [15000/18806 (79.8%)]	Loss: 0.510692
Train epoch 42: [16000/18806 (85.1%)]	Loss: 0.542788
Train epoch 42: [17000/18806 (90.4%)]	Loss: 0.527141
Train epoch 42: [18000/18806 (95.7%)]	Loss: 0.511604
====> Epoch 42: Average train loss 0.499418
====> Dev set loss: 0.145164
New best dev set loss: 0.145164
Saved checkpoint for model
Train epoch 43: [1000/18806 (5.3%)]	Loss: 0.516942
Train epoch 43: [2000/18806 (10.6%)]	Loss: 0.487237
Train epoch 43: [3000/18806 (16.0%)]	Loss: 0.452334
Train epoch 43: [4000/18806 (21.3%)]	Loss: 0.427386
Train epoch 43: [5000/18806 (26.6%)]	Loss: 0.398845
Train epoch 43: [6000/18806 (31.9%)]	Loss: 0.373586
Train epoch 43: [7000/18806 (37.2%)]	Loss: 0.349182
Train epoch 43: [8000/18806 (42.5%)]	Loss: 0.334461
Train epoch 43: [9000/18806 (47.9%)]	Loss: 0.337224
Train epoch 43: [10000/18806 (53.2%)]	Loss: 0.338528
Train epoch 43: [11000/18806 (58.5%)]	Loss: 0.368593
Train epoch 43: [12000/18806 (63.8%)]	Loss: 0.398191
Train epoch 43: [13000/18806 (69.1%)]	Loss: 0.433993
Train epoch 43: [14000/18806 (74.4%)]	Loss: 0.471552
Train epoch 43: [15000/18806 (79.8%)]	Loss: 0.509539
Train epoch 43: [16000/18806 (85.1%)]	Loss: 0.541491
Train epoch 43: [17000/18806 (90.4%)]	Loss: 0.525986
Train epoch 43: [18000/18806 (95.7%)]	Loss: 0.510617
====> Epoch 43: Average train loss 0.498402
====> Dev set loss: 0.144309
New best dev set loss: 0.144309
Saved checkpoint for model
Train epoch 44: [1000/18806 (5.3%)]	Loss: 0.513789
Train epoch 44: [2000/18806 (10.6%)]	Loss: 0.486823
Train epoch 44: [3000/18806 (16.0%)]	Loss: 0.451511
Train epoch 44: [4000/18806 (21.3%)]	Loss: 0.427289
Train epoch 44: [5000/18806 (26.6%)]	Loss: 0.396759
Train epoch 44: [6000/18806 (31.9%)]	Loss: 0.372154
Train epoch 44: [7000/18806 (37.2%)]	Loss: 0.348252
Train epoch 44: [8000/18806 (42.5%)]	Loss: 0.333781
Train epoch 44: [9000/18806 (47.9%)]	Loss: 0.335340
Train epoch 44: [10000/18806 (53.2%)]	Loss: 0.337716
Train epoch 44: [11000/18806 (58.5%)]	Loss: 0.367751
Train epoch 44: [12000/18806 (63.8%)]	Loss: 0.397434
Train epoch 44: [13000/18806 (69.1%)]	Loss: 0.432995
Train epoch 44: [14000/18806 (74.4%)]	Loss: 0.468734
Train epoch 44: [15000/18806 (79.8%)]	Loss: 0.505591
Train epoch 44: [16000/18806 (85.1%)]	Loss: 0.540096
Train epoch 44: [17000/18806 (90.4%)]	Loss: 0.524705
Train epoch 44: [18000/18806 (95.7%)]	Loss: 0.509314
====> Epoch 44: Average train loss 0.497118
====> Dev set loss: 0.143474
New best dev set loss: 0.143474
Saved checkpoint for model
Train epoch 45: [1000/18806 (5.3%)]	Loss: 0.512709
Train epoch 45: [2000/18806 (10.6%)]	Loss: 0.485929
Train epoch 45: [3000/18806 (16.0%)]	Loss: 0.450227
Train epoch 45: [4000/18806 (21.3%)]	Loss: 0.426104
Train epoch 45: [5000/18806 (26.6%)]	Loss: 0.396058
Train epoch 45: [6000/18806 (31.9%)]	Loss: 0.371491
Train epoch 45: [7000/18806 (37.2%)]	Loss: 0.347691
Train epoch 45: [8000/18806 (42.5%)]	Loss: 0.332797
Train epoch 45: [9000/18806 (47.9%)]	Loss: 0.334289
Train epoch 45: [10000/18806 (53.2%)]	Loss: 0.335916
Train epoch 45: [11000/18806 (58.5%)]	Loss: 0.365210
Train epoch 45: [12000/18806 (63.8%)]	Loss: 0.396230
Train epoch 45: [13000/18806 (69.1%)]	Loss: 0.431842
Train epoch 45: [14000/18806 (74.4%)]	Loss: 0.469559
Train epoch 45: [15000/18806 (79.8%)]	Loss: 0.506737
Train epoch 45: [16000/18806 (85.1%)]	Loss: 0.539484
Train epoch 45: [17000/18806 (90.4%)]	Loss: 0.524345
Train epoch 45: [18000/18806 (95.7%)]	Loss: 0.508763
====> Epoch 45: Average train loss 0.496555
====> Dev set loss: 0.144100
No improvement in 1 epochs (best dev set loss: 0.143474)
Not saving checkpoint; no improvement made
Train epoch 46: [1000/18806 (5.3%)]	Loss: 0.512501
Train epoch 46: [2000/18806 (10.6%)]	Loss: 0.485487
Train epoch 46: [3000/18806 (16.0%)]	Loss: 0.447344
Train epoch 46: [4000/18806 (21.3%)]	Loss: 0.425566
Train epoch 46: [5000/18806 (26.6%)]	Loss: 0.396235
Train epoch 46: [6000/18806 (31.9%)]	Loss: 0.370551
Train epoch 46: [7000/18806 (37.2%)]	Loss: 0.346392
Train epoch 46: [8000/18806 (42.5%)]	Loss: 0.331993
Train epoch 46: [9000/18806 (47.9%)]	Loss: 0.334964
Train epoch 46: [10000/18806 (53.2%)]	Loss: 0.335860
Train epoch 46: [11000/18806 (58.5%)]	Loss: 0.365901
Train epoch 46: [12000/18806 (63.8%)]	Loss: 0.395077
Train epoch 46: [13000/18806 (69.1%)]	Loss: 0.431013
Train epoch 46: [14000/18806 (74.4%)]	Loss: 0.468999
Train epoch 46: [15000/18806 (79.8%)]	Loss: 0.506735
Train epoch 46: [16000/18806 (85.1%)]	Loss: 0.538899
Train epoch 46: [17000/18806 (90.4%)]	Loss: 0.523548
Train epoch 46: [18000/18806 (95.7%)]	Loss: 0.507982
====> Epoch 46: Average train loss 0.495790
====> Dev set loss: 0.142468
New best dev set loss: 0.142468
Saved checkpoint for model
Train epoch 47: [1000/18806 (5.3%)]	Loss: 0.512298
Train epoch 47: [2000/18806 (10.6%)]	Loss: 0.485011
Train epoch 47: [3000/18806 (16.0%)]	Loss: 0.450177
Train epoch 47: [4000/18806 (21.3%)]	Loss: 0.424558
Train epoch 47: [5000/18806 (26.6%)]	Loss: 0.395740
Train epoch 47: [6000/18806 (31.9%)]	Loss: 0.370327
Train epoch 47: [7000/18806 (37.2%)]	Loss: 0.346650
Train epoch 47: [8000/18806 (42.5%)]	Loss: 0.331690
Train epoch 47: [9000/18806 (47.9%)]	Loss: 0.333467
Train epoch 47: [10000/18806 (53.2%)]	Loss: 0.335226
Train epoch 47: [11000/18806 (58.5%)]	Loss: 0.366349
Train epoch 47: [12000/18806 (63.8%)]	Loss: 0.395540
Train epoch 47: [13000/18806 (69.1%)]	Loss: 0.430960
Train epoch 47: [14000/18806 (74.4%)]	Loss: 0.468458
Train epoch 47: [15000/18806 (79.8%)]	Loss: 0.504957
Train epoch 47: [16000/18806 (85.1%)]	Loss: 0.538775
Train epoch 47: [17000/18806 (90.4%)]	Loss: 0.523434
Train epoch 47: [18000/18806 (95.7%)]	Loss: 0.507965
====> Epoch 47: Average train loss 0.495812
====> Dev set loss: 0.142549
No improvement in 1 epochs (best dev set loss: 0.142468)
Not saving checkpoint; no improvement made
Train epoch 48: [1000/18806 (5.3%)]	Loss: 0.514181
Train epoch 48: [2000/18806 (10.6%)]	Loss: 0.484107
Train epoch 48: [3000/18806 (16.0%)]	Loss: 0.448901
Train epoch 48: [4000/18806 (21.3%)]	Loss: 0.424374
Train epoch 48: [5000/18806 (26.6%)]	Loss: 0.395051
Train epoch 48: [6000/18806 (31.9%)]	Loss: 0.369923
Train epoch 48: [7000/18806 (37.2%)]	Loss: 0.345456
Train epoch 48: [8000/18806 (42.5%)]	Loss: 0.330806
Train epoch 48: [9000/18806 (47.9%)]	Loss: 0.333524
Train epoch 48: [10000/18806 (53.2%)]	Loss: 0.336102
Train epoch 48: [11000/18806 (58.5%)]	Loss: 0.364531
Train epoch 48: [12000/18806 (63.8%)]	Loss: 0.395185
Train epoch 48: [13000/18806 (69.1%)]	Loss: 0.430810
Train epoch 48: [14000/18806 (74.4%)]	Loss: 0.467178
