latgen-faster-mapped --max-active=7000 --beam=15 --lattice-beam=7 --acoustic-scale=0.1 --allow-partial=true --word-symbol-table=/data/sls/scratch/haotang/ami//exp/ihm/tri3-logmel-hires/graph_ami_fsh.o3g.kn.pr1-7/words.txt /data/sls/scratch/haotang/ami//exp/ihm/tri3-logmel-hires_ali/final.mdl /data/sls/scratch/haotang/ami//exp/ihm/tri3-logmel-hires/graph_ami_fsh.o3g.kn.pr1-7/HCLG.fst ark:- 'ark:|gzip -c > /data/sls/r/u/atitus5/meng/am/logs/ami-0.1/train_ihm/baseline/frame-tdnn-450x7-step0.05/decode_sdm1/lat.15.gz' 
AMI_IN1008_SDM_MIO018_0185002_0185391 SO WOULD BE IN THE IN THE ON THIS <unk> IS NOT <unk> 
LOG (latgen-faster-mapped[5.2.134~1-ecd4]:DecodeUtteranceLatticeFaster():decoder-wrappers.cc:286) Log-like per frame for utterance AMI_IN1008_SDM_MIO018_0185002_0185391 is -0.512826 over 387 frames.
AMI_IN1008_SDM_MIO018_0185391_0186186 IS USE NOT VERY <unk> <unk> BECAUSE YOU RIDE UM OKAY WE'LL DO JUST HISTORY SO YOU 
LOG (latgen-faster-mapped[5.2.134~1-ecd4]:DecodeUtteranceLatticeFaster():decoder-wrappers.cc:286) Log-like per frame for utterance AMI_IN1008_SDM_MIO018_0185391_0186186 is -0.517318 over 793 frames.
AMI_IN1008_SDM_MIO018_0186186_0186349 USE THE <unk> 
LOG (latgen-faster-mapped[5.2.134~1-ecd4]:DecodeUtteranceLatticeFaster():decoder-wrappers.cc:286) Log-like per frame for utterance AMI_IN1008_SDM_MIO018_0186186_0186349 is -0.59305 over 161 frames.
AMI_IN1008_SDM_MIO018_0186696_0187700 NOT ALL SAYING WILL <unk> SIGNAL ONE FRAME YOU PLAY WINDOW MM-HMM UH ON THE WINDOW IS <unk> <unk> 
LOG (latgen-faster-mapped[5.2.134~1-ecd4]:DecodeUtteranceLatticeFaster():decoder-wrappers.cc:286) Log-like per frame for utterance AMI_IN1008_SDM_MIO018_0186696_0187700 is -0.466577 over 1002 frames.
AMI_IN1008_SDM_MIO018_0187700_0188213 YOU WORK WITH VISION TO THE MIDDLE ONE TO YOUR <unk> 
LOG (latgen-faster-mapped[5.2.134~1-ecd4]:DecodeUtteranceLatticeFaster():decoder-wrappers.cc:286) Log-like per frame for utterance AMI_IN1008_SDM_MIO018_0187700_0188213 is -0.403863 over 511 frames.
AMI_IN1008_SDM_MIO018_0188213_0188854 SO TO IF YOU <unk> IS MADE YOU LOSE INFORMATION <unk> 
LOG (latgen-faster-mapped[5.2.134~1-ecd4]:DecodeUtteranceLatticeFaster():decoder-wrappers.cc:286) Log-like per frame for utterance AMI_IN1008_SDM_MIO018_0188213_0188854 is -0.519543 over 639 frames.
AMI_IN1008_SDM_MIO018_0189119_0189150 OKAY 
LOG (latgen-faster-mapped[5.2.134~1-ecd4]:DecodeUtteranceLatticeFaster():decoder-wrappers.cc:286) Log-like per frame for utterance AMI_IN1008_SDM_MIO018_0189119_0189150 is -0.565313 over 29 frames.
AMI_IN1008_SDM_MIO018_0189150_0189310 BUT YOU DON'T HAVE TO DO ALL OR 
LOG (latgen-faster-mapped[5.2.134~1-ecd4]:DecodeUtteranceLatticeFaster():decoder-wrappers.cc:286) Log-like per frame for utterance AMI_IN1008_SDM_MIO018_0189150_0189310 is -0.59095 over 158 frames.
AMI_IN1008_SDM_MIO018_0189310_0189472 I MEAN 
LOG (latgen-faster-mapped[5.2.134~1-ecd4]:DecodeUtteranceLatticeFaster():decoder-wrappers.cc:286) Log-like per frame for utterance AMI_IN1008_SDM_MIO018_0189310_0189472 is -0.359142 over 160 frames.
AMI_IN1008_SDM_MIO018_0190362_0190387 MM-HMM 
LOG (latgen-faster-mapped[5.2.134~1-ecd4]:DecodeUtteranceLatticeFaster():decoder-wrappers.cc:286) Log-like per frame for utterance AMI_IN1008_SDM_MIO018_0190362_0190387 is -0.699436 over 23 frames.
AMI_IN1008_SDM_MIO018_0191014_0191418 UH YOU <unk> NO SORRY 
LOG (latgen-faster-mapped[5.2.134~1-ecd4]:DecodeUtteranceLatticeFaster():decoder-wrappers.cc:286) Log-like per frame for utterance AMI_IN1008_SDM_MIO018_0191014_0191418 is -0.347472 over 402 frames.
AMI_IN1008_SDM_MIO018_0191418_0191561 IS IT PHONES YOU YOU 
LOG (latgen-faster-mapped[5.2.134~1-ecd4]:DecodeUtteranceLatticeFaster():decoder-wrappers.cc:286) Log-like per frame for utterance AMI_IN1008_SDM_MIO018_0191418_0191561 is -0.514773 over 141 frames.
AMI_IN1008_SDM_MIO018_0191561_0191657 YES 
LOG (latgen-faster-mapped[5.2.134~1-ecd4]:DecodeUtteranceLatticeFaster():decoder-wrappers.cc:286) Log-like per frame for utterance AMI_IN1008_SDM_MIO018_0191561_0191657 is -0.299904 over 94 frames.
AMI_IN1008_SDM_MIO018_0191998_0192062 YEAH 
LOG (latgen-faster-mapped[5.2.134~1-ecd4]:DecodeUtteranceLatticeFaster():decoder-wrappers.cc:286) Log-like per frame for utterance AMI_IN1008_SDM_MIO018_0191998_0192062 is -0.316875 over 62 frames.
AMI_IN1008_SDM_MIO018_0192684_0192730 RIGHT 
LOG (latgen-faster-mapped[5.2.134~1-ecd4]:DecodeUtteranceLatticeFaster():decoder-wrappers.cc:286) Log-like per frame for utterance AMI_IN1008_SDM_MIO018_0192684_0192730 is -0.281808 over 44 frames.
AMI_IN1008_SDM_MIO018_0193218_0193276 YEAH 
LOG (latgen-faster-mapped[5.2.134~1-ecd4]:DecodeUtteranceLatticeFaster():decoder-wrappers.cc:286) Log-like per frame for utterance AMI_IN1008_SDM_MIO018_0193218_0193276 is -0.347241 over 56 frames.
AMI_IN1008_SDM_MIO018_0193468_0193495 YEAH 
LOG (latgen-faster-mapped[5.2.134~1-ecd4]:DecodeUtteranceLatticeFaster():decoder-wrappers.cc:286) Log-like per frame for utterance AMI_IN1008_SDM_MIO018_0193468_0193495 is -0.462166 over 25 frames.
AMI_IN1008_SDM_MIO018_0193730_0193847 BUT IF SHE'S ONLY TWO 
LOG (latgen-faster-mapped[5.2.134~1-ecd4]:DecodeUtteranceLatticeFaster():decoder-wrappers.cc:286) Log-like per frame for utterance AMI_IN1008_SDM_MIO018_0193730_0193847 is -0.637639 over 115 frames.
AMI_IN1008_SDM_MIO018_0193847_0194568 <unk> NO WHAT WE'LL DO REALLY IS THE PHASE DOMAIN NOISES 
LOG (latgen-faster-mapped[5.2.134~1-ecd4]:DecodeUtteranceLatticeFaster():decoder-wrappers.cc:286) Log-like per frame for utterance AMI_IN1008_SDM_MIO018_0193847_0194568 is -0.42226 over 719 frames.
AMI_IN1008_SDM_MIO018_0194568_0194904 WE ONLY PHASE BETWEEN THE MICROPHONES 
LOG (latgen-faster-mapped[5.2.134~1-ecd4]:DecodeUtteranceLatticeFaster():decoder-wrappers.cc:286) Log-like per frame for utterance AMI_IN1008_SDM_MIO018_0194568_0194904 is -0.348007 over 334 frames.
AMI_IN1008_SDM_MIO018_0194904_0194991 <unk> 
LOG (latgen-faster-mapped[5.2.134~1-ecd4]:DecodeUtteranceLatticeFaster():decoder-wrappers.cc:286) Log-like per frame for utterance AMI_IN1008_SDM_MIO018_0194904_0194991 is -0.391764 over 85 frames.
AMI_IN1008_SDM_MIO018_0195328_0195473 YEAH <unk> 
LOG (latgen-faster-mapped[5.2.134~1-ecd4]:DecodeUtteranceLatticeFaster():decoder-wrappers.cc:286) Log-like per frame for utterance AMI_IN1008_SDM_MIO018_0195328_0195473 is -0.630752 over 143 frames.
AMI_IN1008_SDM_MIO018_0195640_0195795 YEAH 
LOG (latgen-faster-mapped[5.2.134~1-ecd4]:DecodeUtteranceLatticeFaster():decoder-wrappers.cc:286) Log-like per frame for utterance AMI_IN1008_SDM_MIO018_0195640_0195795 is -0.113962 over 153 frames.
AMI_IN1008_SDM_MIO018_0195795_0196461 UM WE HAVE AWAY SO OR I DON'T THINK YOU SHOULD BE <unk> 
LOG (latgen-faster-mapped[5.2.134~1-ecd4]:DecodeUtteranceLatticeFaster():decoder-wrappers.cc:286) Log-like per frame for utterance AMI_IN1008_SDM_MIO018_0195795_0196461 is -0.366827 over 664 frames.
AMI_IN1008_SDM_MIO018_0196461_0196869 <unk> BEGINNING IS YOUR SIGNAL WHICH USE <unk> <unk> 
LOG (latgen-faster-mapped[5.2.134~1-ecd4]:DecodeUtteranceLatticeFaster():decoder-wrappers.cc:286) Log-like per frame for utterance AMI_IN1008_SDM_MIO018_0196461_0196869 is -0.52148 over 406 frames.
AMI_IN1008_SDM_MIO018_0196869_0197170 <unk> 
LOG (latgen-faster-mapped[5.2.134~1-ecd4]:DecodeUtteranceLatticeFaster():decoder-wrappers.cc:286) Log-like per frame for utterance AMI_IN1008_SDM_MIO018_0196869_0197170 is -0.415763 over 299 frames.
AMI_IN1008_SDM_MIO018_0197170_0198395 AND YOUR HANDS IS UM <unk> FOR FREQUENCY BEAMS WHICH ARE USE WE EACH PERSON TO DRINK COFFEE 
LOG (latgen-faster-mapped[5.2.134~1-ecd4]:DecodeUtteranceLatticeFaster():decoder-wrappers.cc:286) Log-like per frame for utterance AMI_IN1008_SDM_MIO018_0197170_0198395 is -0.345423 over 1223 frames.
AMI_IN1008_SDM_MIO018_0198395_0198812 WILL YOU ARE TO WHEN YOU SPEAK SPEECH IS WHAT <unk> 
LOG (latgen-faster-mapped[5.2.134~1-ecd4]:DecodeUtteranceLatticeFaster():decoder-wrappers.cc:286) Log-like per frame for utterance AMI_IN1008_SDM_MIO018_0198395_0198812 is -0.472127 over 415 frames.
AMI_IS1001b_SDM_FIO074_0056461_0057565 UM <unk> VERSUS <unk> UH <unk> 
LOG (latgen-faster-mapped[5.2.134~1-ecd4]:RebuildRepository():determinize-lattice-pruned.cc:283) Rebuilding repository.
LOG (latgen-faster-mapped[5.2.134~1-ecd4]:DecodeUtteranceLatticeFaster():decoder-wrappers.cc:286) Log-like per frame for utterance AMI_IS1001b_SDM_FIO074_0056461_0057565 is -0.33607 over 1102 frames.
AMI_IS1001b_SDM_FIO074_0057565_0058737 SO ALL THE <unk> WE HAVE OUR HAVE WELL WE ALL USE <unk> 
LOG (latgen-faster-mapped[5.2.134~1-ecd4]:DecodeUtteranceLatticeFaster():decoder-wrappers.cc:286) Log-like per frame for utterance AMI_IS1001b_SDM_FIO074_0057565_0058737 is -0.336596 over 1170 frames.
AMI_IS1001b_SDM_FIO074_0058986_0059023 YEAH 
LOG (latgen-faster-mapped[5.2.134~1-ecd4]:DecodeUtteranceLatticeFaster():decoder-wrappers.cc:286) Log-like per frame for utterance AMI_IS1001b_SDM_FIO074_0058986_0059023 is -0.31053 over 35 frames.
AMI_IS1001b_SDM_FIO074_0059023_0059739 <unk> 
LOG (latgen-faster-mapped[5.2.134~1-ecd4]:DecodeUtteranceLatticeFaster():decoder-wrappers.cc:286) Log-like per frame for utterance AMI_IS1001b_SDM_FIO074_0059023_0059739 is -0.243582 over 714 frames.
AMI_IS1001b_SDM_FIO074_0060170_0060209 SO 
LOG (latgen-faster-mapped[5.2.134~1-ecd4]:DecodeUtteranceLatticeFaster():decoder-wrappers.cc:286) Log-like per frame for utterance AMI_IS1001b_SDM_FIO074_0060170_0060209 is -0.368905 over 37 frames.
LOG (latgen-faster-mapped[5.2.134~1-ecd4]:main():latgen-faster-mapped.cc:164) Time taken 279.205s: real-time factor assuming 100 frames/sec is 2.26977
LOG (latgen-faster-mapped[5.2.134~1-ecd4]:main():latgen-faster-mapped.cc:167) Done 33 utterances, failed for 0
LOG (latgen-faster-mapped[5.2.134~1-ecd4]:main():latgen-faster-mapped.cc:169) Overall log-likelihood per frame is -0.405785 over 12301 frames.
