latgen-faster-mapped --max-active=7000 --beam=15 --lattice-beam=7 --acoustic-scale=0.1 --allow-partial=true --word-symbol-table=/data/sls/scratch/haotang/ami//exp/ihm/tri3-logmel-hires/graph_ami_fsh.o3g.kn.pr1-7/words.txt /data/sls/scratch/haotang/ami//exp/ihm/tri3-logmel-hires_ali/final.mdl /data/sls/scratch/haotang/ami//exp/ihm/tri3-logmel-hires/graph_ami_fsh.o3g.kn.pr1-7/HCLG.fst ark:- 'ark:|gzip -c > /data/sls/r/u/atitus5/meng/am/logs/ami-0.1/train_ihm/baseline/frame-tdnn-450x7-step0.05/decode_sdm1/lat.1.gz' 
AMI_EN2006b_SDM_FEE087_0071279_0071383 YEAH YES OKAY 
LOG (latgen-faster-mapped[5.2.134~1-ecd4]:DecodeUtteranceLatticeFaster():decoder-wrappers.cc:286) Log-like per frame for utterance AMI_EN2006b_SDM_FEE087_0071279_0071383 is -0.438173 over 102 frames.
AMI_EN2006b_SDM_FEE087_0071620_0071670 YEAH 
LOG (latgen-faster-mapped[5.2.134~1-ecd4]:DecodeUtteranceLatticeFaster():decoder-wrappers.cc:286) Log-like per frame for utterance AMI_EN2006b_SDM_FEE087_0071620_0071670 is -0.233364 over 48 frames.
AMI_EN2006b_SDM_FEE087_0071898_0072103 AND I KNOW WHAT WAS NOT YEAH 
LOG (latgen-faster-mapped[5.2.134~1-ecd4]:DecodeUtteranceLatticeFaster():decoder-wrappers.cc:286) Log-like per frame for utterance AMI_EN2006b_SDM_FEE087_0071898_0072103 is -0.473612 over 203 frames.
AMI_EN2006b_SDM_FEE087_0072103_0072321 <unk> <unk> 
LOG (latgen-faster-mapped[5.2.134~1-ecd4]:DecodeUtteranceLatticeFaster():decoder-wrappers.cc:286) Log-like per frame for utterance AMI_EN2006b_SDM_FEE087_0072103_0072321 is -0.429981 over 216 frames.
AMI_EN2006b_SDM_FEE087_0072321_0072391 <unk> 
LOG (latgen-faster-mapped[5.2.134~1-ecd4]:DecodeUtteranceLatticeFaster():decoder-wrappers.cc:286) Log-like per frame for utterance AMI_EN2006b_SDM_FEE087_0072321_0072391 is -0.590273 over 68 frames.
AMI_EN2006b_SDM_FEE087_0073322_0073506 NO 
LOG (latgen-faster-mapped[5.2.134~1-ecd4]:DecodeUtteranceLatticeFaster():decoder-wrappers.cc:286) Log-like per frame for utterance AMI_EN2006b_SDM_FEE087_0073322_0073506 is -0.3277 over 182 frames.
AMI_EN2006b_SDM_FEE087_0073506_0073780 I <unk> WEAK LINE WHAT'S 
LOG (latgen-faster-mapped[5.2.134~1-ecd4]:DecodeUtteranceLatticeFaster():decoder-wrappers.cc:286) Log-like per frame for utterance AMI_EN2006b_SDM_FEE087_0073506_0073780 is -0.4135 over 272 frames.
AMI_EN2006b_SDM_FEE087_0073780_0074139 <unk> <unk> 
LOG (latgen-faster-mapped[5.2.134~1-ecd4]:DecodeUtteranceLatticeFaster():decoder-wrappers.cc:286) Log-like per frame for utterance AMI_EN2006b_SDM_FEE087_0073780_0074139 is -0.367178 over 357 frames.
AMI_EN2006b_SDM_FEE087_0074139_0074454 YOU KNOW <unk> WE SHOULD BE UNDERLINED 
LOG (latgen-faster-mapped[5.2.134~1-ecd4]:DecodeUtteranceLatticeFaster():decoder-wrappers.cc:286) Log-like per frame for utterance AMI_EN2006b_SDM_FEE087_0074139_0074454 is -0.421592 over 313 frames.
AMI_EN2006b_SDM_FEE087_0074454_0074507 <unk> 
LOG (latgen-faster-mapped[5.2.134~1-ecd4]:DecodeUtteranceLatticeFaster():decoder-wrappers.cc:286) Log-like per frame for utterance AMI_EN2006b_SDM_FEE087_0074454_0074507 is -0.632068 over 51 frames.
AMI_EN2006b_SDM_FEE087_0075191_0075277 OH THERE IS ONE 
LOG (latgen-faster-mapped[5.2.134~1-ecd4]:DecodeUtteranceLatticeFaster():decoder-wrappers.cc:286) Log-like per frame for utterance AMI_EN2006b_SDM_FEE087_0075191_0075277 is -0.787596 over 84 frames.
AMI_EN2006b_SDM_FEE087_0075277_0075493 ARE WE THE SAME <unk> <unk> 
LOG (latgen-faster-mapped[5.2.134~1-ecd4]:DecodeUtteranceLatticeFaster():decoder-wrappers.cc:286) Log-like per frame for utterance AMI_EN2006b_SDM_FEE087_0075277_0075493 is -0.552703 over 214 frames.
AMI_EN2006b_SDM_FEE087_0075625_0076086 <unk> <unk> <unk> USE <unk> NO <unk> YEAH NO 
LOG (latgen-faster-mapped[5.2.134~1-ecd4]:DecodeUtteranceLatticeFaster():decoder-wrappers.cc:286) Log-like per frame for utterance AMI_EN2006b_SDM_FEE087_0075625_0076086 is -0.472643 over 459 frames.
AMI_EN2006b_SDM_FEE087_0076086_0076430 <unk> <unk> <unk> <unk> 
LOG (latgen-faster-mapped[5.2.134~1-ecd4]:DecodeUtteranceLatticeFaster():decoder-wrappers.cc:286) Log-like per frame for utterance AMI_EN2006b_SDM_FEE087_0076086_0076430 is -0.484666 over 342 frames.
AMI_EN2006b_SDM_FEE087_0076430_0076664 LIKE <unk> HAND <unk> LAST WHAT 
LOG (latgen-faster-mapped[5.2.134~1-ecd4]:DecodeUtteranceLatticeFaster():decoder-wrappers.cc:286) Log-like per frame for utterance AMI_EN2006b_SDM_FEE087_0076430_0076664 is -0.673306 over 232 frames.
AMI_EN2006b_SDM_FEE087_0076948_0077195 SO THE LINE UH I THINK WE <unk> YEAH 
LOG (latgen-faster-mapped[5.2.134~1-ecd4]:DecodeUtteranceLatticeFaster():decoder-wrappers.cc:286) Log-like per frame for utterance AMI_EN2006b_SDM_FEE087_0076948_0077195 is -0.606791 over 245 frames.
AMI_EN2006b_SDM_FEE087_0077458_0077660 <unk> <unk> YEAH 
LOG (latgen-faster-mapped[5.2.134~1-ecd4]:DecodeUtteranceLatticeFaster():decoder-wrappers.cc:286) Log-like per frame for utterance AMI_EN2006b_SDM_FEE087_0077458_0077660 is -0.541584 over 200 frames.
AMI_EN2006b_SDM_FEE087_0078016_0078042 
LOG (latgen-faster-mapped[5.2.134~1-ecd4]:DecodeUtteranceLatticeFaster():decoder-wrappers.cc:286) Log-like per frame for utterance AMI_EN2006b_SDM_FEE087_0078016_0078042 is -0.542699 over 24 frames.
AMI_EN2006b_SDM_FEE087_0079031_0079472 UH I'M USE <unk> 
LOG (latgen-faster-mapped[5.2.134~1-ecd4]:DecodeUtteranceLatticeFaster():decoder-wrappers.cc:286) Log-like per frame for utterance AMI_EN2006b_SDM_FEE087_0079031_0079472 is -0.366663 over 439 frames.
AMI_EN2006b_SDM_FEE087_0079779_0079856 UM <unk> 
LOG (latgen-faster-mapped[5.2.134~1-ecd4]:DecodeUtteranceLatticeFaster():decoder-wrappers.cc:286) Log-like per frame for utterance AMI_EN2006b_SDM_FEE087_0079779_0079856 is -0.590874 over 75 frames.
AMI_EN2006b_SDM_FEE087_0080851_0080972 UM 
LOG (latgen-faster-mapped[5.2.134~1-ecd4]:DecodeUtteranceLatticeFaster():decoder-wrappers.cc:286) Log-like per frame for utterance AMI_EN2006b_SDM_FEE087_0080851_0080972 is -0.530138 over 119 frames.
AMI_EN2006b_SDM_FEE087_0081300_0081498 <unk> 
LOG (latgen-faster-mapped[5.2.134~1-ecd4]:DecodeUtteranceLatticeFaster():decoder-wrappers.cc:286) Log-like per frame for utterance AMI_EN2006b_SDM_FEE087_0081300_0081498 is -0.388971 over 196 frames.
AMI_EN2006b_SDM_FEE087_0081498_0081602 THAT'S 
LOG (latgen-faster-mapped[5.2.134~1-ecd4]:DecodeUtteranceLatticeFaster():decoder-wrappers.cc:286) Log-like per frame for utterance AMI_EN2006b_SDM_FEE087_0081498_0081602 is -0.244451 over 102 frames.
AMI_EN2006b_SDM_FEE087_0081602_0081767 INFRARED GALAXIES 
LOG (latgen-faster-mapped[5.2.134~1-ecd4]:DecodeUtteranceLatticeFaster():decoder-wrappers.cc:286) Log-like per frame for utterance AMI_EN2006b_SDM_FEE087_0081602_0081767 is -0.44421 over 163 frames.
AMI_EN2006b_SDM_FEE087_0081767_0081885 <unk> 
LOG (latgen-faster-mapped[5.2.134~1-ecd4]:DecodeUtteranceLatticeFaster():decoder-wrappers.cc:286) Log-like per frame for utterance AMI_EN2006b_SDM_FEE087_0081767_0081885 is -0.375075 over 116 frames.
AMI_EN2006b_SDM_FEE087_0081885_0081935 <unk> 
LOG (latgen-faster-mapped[5.2.134~1-ecd4]:DecodeUtteranceLatticeFaster():decoder-wrappers.cc:286) Log-like per frame for utterance AMI_EN2006b_SDM_FEE087_0081885_0081935 is -0.514433 over 48 frames.
AMI_EN2006b_SDM_FEE087_0081935_0082006 IT'S NOT RIGHT 
LOG (latgen-faster-mapped[5.2.134~1-ecd4]:DecodeUtteranceLatticeFaster():decoder-wrappers.cc:286) Log-like per frame for utterance AMI_EN2006b_SDM_FEE087_0081935_0082006 is -0.780492 over 69 frames.
AMI_EN2006b_SDM_FEE087_0082006_0082030 YEAH 
LOG (latgen-faster-mapped[5.2.134~1-ecd4]:DecodeUtteranceLatticeFaster():decoder-wrappers.cc:286) Log-like per frame for utterance AMI_EN2006b_SDM_FEE087_0082006_0082030 is -0.241855 over 22 frames.
AMI_EN2006b_SDM_FEE087_0082249_0082282 MM 
LOG (latgen-faster-mapped[5.2.134~1-ecd4]:DecodeUtteranceLatticeFaster():decoder-wrappers.cc:286) Log-like per frame for utterance AMI_EN2006b_SDM_FEE087_0082249_0082282 is -0.505168 over 31 frames.
AMI_EN2006b_SDM_FEE087_0082772_0082811 <unk> 
LOG (latgen-faster-mapped[5.2.134~1-ecd4]:DecodeUtteranceLatticeFaster():decoder-wrappers.cc:286) Log-like per frame for utterance AMI_EN2006b_SDM_FEE087_0082772_0082811 is -0.780307 over 37 frames.
AMI_EN2006b_SDM_FEE087_0083801_0084078 MM OKAY 
LOG (latgen-faster-mapped[5.2.134~1-ecd4]:DecodeUtteranceLatticeFaster():decoder-wrappers.cc:286) Log-like per frame for utterance AMI_EN2006b_SDM_FEE087_0083801_0084078 is -0.236012 over 275 frames.
AMI_EN2006b_SDM_FEE087_0084260_0084645 <unk> EMISSION FEATURE ALL <unk> 
LOG (latgen-faster-mapped[5.2.134~1-ecd4]:DecodeUtteranceLatticeFaster():decoder-wrappers.cc:286) Log-like per frame for utterance AMI_EN2006b_SDM_FEE087_0084260_0084645 is -0.44506 over 383 frames.
AMI_EN2006b_SDM_FEE087_0085277_0085328 MM-HMM 
LOG (latgen-faster-mapped[5.2.134~1-ecd4]:DecodeUtteranceLatticeFaster():decoder-wrappers.cc:286) Log-like per frame for utterance AMI_EN2006b_SDM_FEE087_0085277_0085328 is -0.350818 over 49 frames.
AMI_EN2006b_SDM_FEE087_0085582_0085727 <unk> YEAH 
LOG (latgen-faster-mapped[5.2.134~1-ecd4]:DecodeUtteranceLatticeFaster():decoder-wrappers.cc:286) Log-like per frame for utterance AMI_EN2006b_SDM_FEE087_0085582_0085727 is -0.725672 over 143 frames.
LOG (latgen-faster-mapped[5.2.134~1-ecd4]:main():latgen-faster-mapped.cc:164) Time taken 133.209s: real-time factor assuming 100 frames/sec is 2.26585
LOG (latgen-faster-mapped[5.2.134~1-ecd4]:main():latgen-faster-mapped.cc:167) Done 34 utterances, failed for 0
LOG (latgen-faster-mapped[5.2.134~1-ecd4]:main():latgen-faster-mapped.cc:169) Overall log-likelihood per frame is -0.461978 over 5879 frames.
