latgen-faster-mapped --max-active=7000 --beam=15 --lattice-beam=7 --acoustic-scale=0.1 --allow-partial=true --word-symbol-table=/data/sls/scratch/haotang/ami//exp/ihm/tri3-logmel-hires/graph_ami_fsh.o3g.kn.pr1-7/words.txt /data/sls/scratch/haotang/ami//exp/ihm/tri3-logmel-hires_ali/final.mdl /data/sls/scratch/haotang/ami//exp/ihm/tri3-logmel-hires/graph_ami_fsh.o3g.kn.pr1-7/HCLG.fst ark:- 'ark:|gzip -c > /data/sls/r/u/atitus5/meng/am/logs/ami-0.1/train_ihm/baseline/frame-tdnn-450x7-step0.05/decode_sdm1/lat.9.gz' 
AMI_ES2009a_SDM_MEE033_0051392_0051429 NOT 
LOG (latgen-faster-mapped[5.2.134~1-ecd4]:DecodeUtteranceLatticeFaster():decoder-wrappers.cc:286) Log-like per frame for utterance AMI_ES2009a_SDM_MEE033_0051392_0051429 is -0.644847 over 35 frames.
AMI_ES2009a_SDM_MEE033_0051588_0051625 NICE 
LOG (latgen-faster-mapped[5.2.134~1-ecd4]:DecodeUtteranceLatticeFaster():decoder-wrappers.cc:286) Log-like per frame for utterance AMI_ES2009a_SDM_MEE033_0051588_0051625 is -0.50564 over 35 frames.
AMI_ES2009a_SDM_MEE033_0052357_0052454 <unk> 
LOG (latgen-faster-mapped[5.2.134~1-ecd4]:DecodeUtteranceLatticeFaster():decoder-wrappers.cc:286) Log-like per frame for utterance AMI_ES2009a_SDM_MEE033_0052357_0052454 is -0.639739 over 95 frames.
AMI_ES2009a_SDM_MEE033_0052998_0053150 <unk> 
LOG (latgen-faster-mapped[5.2.134~1-ecd4]:DecodeUtteranceLatticeFaster():decoder-wrappers.cc:286) Log-like per frame for utterance AMI_ES2009a_SDM_MEE033_0052998_0053150 is -0.539225 over 150 frames.
AMI_ES2009a_SDM_MEE033_0053150_0053286 WELL THEY'RE LIKE YEAH 
LOG (latgen-faster-mapped[5.2.134~1-ecd4]:DecodeUtteranceLatticeFaster():decoder-wrappers.cc:286) Log-like per frame for utterance AMI_ES2009a_SDM_MEE033_0053150_0053286 is -0.539717 over 134 frames.
AMI_ES2009a_SDM_MEE033_0053286_0053458 THIS IS THE IS THE LAST IS IS 
LOG (latgen-faster-mapped[5.2.134~1-ecd4]:DecodeUtteranceLatticeFaster():decoder-wrappers.cc:286) Log-like per frame for utterance AMI_ES2009a_SDM_MEE033_0053286_0053458 is -0.633127 over 170 frames.
AMI_ES2009a_SDM_MEE033_0053745_0053953 <unk> OH YEAH 
LOG (latgen-faster-mapped[5.2.134~1-ecd4]:DecodeUtteranceLatticeFaster():decoder-wrappers.cc:286) Log-like per frame for utterance AMI_ES2009a_SDM_MEE033_0053745_0053953 is -0.557655 over 206 frames.
AMI_ES2009a_SDM_MEE033_0056436_0056484 NO NO 
LOG (latgen-faster-mapped[5.2.134~1-ecd4]:DecodeUtteranceLatticeFaster():decoder-wrappers.cc:286) Log-like per frame for utterance AMI_ES2009a_SDM_MEE033_0056436_0056484 is -0.523501 over 46 frames.
AMI_ES2009a_SDM_MEE033_0056745_0056890 UH <unk> 
LOG (latgen-faster-mapped[5.2.134~1-ecd4]:DecodeUtteranceLatticeFaster():decoder-wrappers.cc:286) Log-like per frame for utterance AMI_ES2009a_SDM_MEE033_0056745_0056890 is -0.512195 over 143 frames.
AMI_ES2009a_SDM_MEE033_0056890_0056966 VERY 
LOG (latgen-faster-mapped[5.2.134~1-ecd4]:DecodeUtteranceLatticeFaster():decoder-wrappers.cc:286) Log-like per frame for utterance AMI_ES2009a_SDM_MEE033_0056890_0056966 is -0.569331 over 74 frames.
AMI_ES2009a_SDM_MEE033_0056966_0056985 <unk> 
LOG (latgen-faster-mapped[5.2.134~1-ecd4]:DecodeUtteranceLatticeFaster():decoder-wrappers.cc:286) Log-like per frame for utterance AMI_ES2009a_SDM_MEE033_0056966_0056985 is -0.787344 over 17 frames.
AMI_ES2009a_SDM_MEE033_0057655_0057711 WOW 
LOG (latgen-faster-mapped[5.2.134~1-ecd4]:DecodeUtteranceLatticeFaster():decoder-wrappers.cc:286) Log-like per frame for utterance AMI_ES2009a_SDM_MEE033_0057655_0057711 is -0.566665 over 54 frames.
AMI_ES2009a_SDM_MEE033_0058684_0058852 FOR I I 
LOG (latgen-faster-mapped[5.2.134~1-ecd4]:DecodeUtteranceLatticeFaster():decoder-wrappers.cc:286) Log-like per frame for utterance AMI_ES2009a_SDM_MEE033_0058684_0058852 is -0.530738 over 166 frames.
AMI_ES2009a_SDM_MEE033_0058852_0059071 AH I THAT IS I <unk> OR 
LOG (latgen-faster-mapped[5.2.134~1-ecd4]:DecodeUtteranceLatticeFaster():decoder-wrappers.cc:286) Log-like per frame for utterance AMI_ES2009a_SDM_MEE033_0058852_0059071 is -0.585052 over 217 frames.
AMI_ES2009a_SDM_MEE033_0059071_0059191 <unk> 
LOG (latgen-faster-mapped[5.2.134~1-ecd4]:DecodeUtteranceLatticeFaster():decoder-wrappers.cc:286) Log-like per frame for utterance AMI_ES2009a_SDM_MEE033_0059071_0059191 is -0.549896 over 118 frames.
AMI_ES2009a_SDM_MEE033_0059457_0059745 UH OUT IS THIS 
LOG (latgen-faster-mapped[5.2.134~1-ecd4]:DecodeUtteranceLatticeFaster():decoder-wrappers.cc:286) Log-like per frame for utterance AMI_ES2009a_SDM_MEE033_0059457_0059745 is -0.34074 over 286 frames.
AMI_ES2009a_SDM_MEE033_0059745_0059786 <unk> 
LOG (latgen-faster-mapped[5.2.134~1-ecd4]:DecodeUtteranceLatticeFaster():decoder-wrappers.cc:286) Log-like per frame for utterance AMI_ES2009a_SDM_MEE033_0059745_0059786 is -0.780999 over 39 frames.
AMI_ES2009a_SDM_MEE033_0059786_0059900 YEAH I I 
LOG (latgen-faster-mapped[5.2.134~1-ecd4]:DecodeUtteranceLatticeFaster():decoder-wrappers.cc:286) Log-like per frame for utterance AMI_ES2009a_SDM_MEE033_0059786_0059900 is -0.399133 over 112 frames.
AMI_ES2009a_SDM_MEE033_0059900_0059994 
LOG (latgen-faster-mapped[5.2.134~1-ecd4]:DecodeUtteranceLatticeFaster():decoder-wrappers.cc:286) Log-like per frame for utterance AMI_ES2009a_SDM_MEE033_0059900_0059994 is -0.240343 over 92 frames.
AMI_ES2009a_SDM_MEE033_0059994_0060104 UH <unk> 
LOG (latgen-faster-mapped[5.2.134~1-ecd4]:DecodeUtteranceLatticeFaster():decoder-wrappers.cc:286) Log-like per frame for utterance AMI_ES2009a_SDM_MEE033_0059994_0060104 is -0.546136 over 108 frames.
AMI_ES2009a_SDM_MEE033_0060270_0060650 MORE YOU'RE THIS OR 
LOG (latgen-faster-mapped[5.2.134~1-ecd4]:DecodeUtteranceLatticeFaster():decoder-wrappers.cc:286) Log-like per frame for utterance AMI_ES2009a_SDM_MEE033_0060270_0060650 is -0.46679 over 378 frames.
AMI_ES2009a_SDM_MEE033_0061440_0061571 IT'S <unk> 
LOG (latgen-faster-mapped[5.2.134~1-ecd4]:DecodeUtteranceLatticeFaster():decoder-wrappers.cc:286) Log-like per frame for utterance AMI_ES2009a_SDM_MEE033_0061440_0061571 is -0.463077 over 129 frames.
AMI_ES2009a_SDM_MEE033_0061695_0061766 <unk> 
LOG (latgen-faster-mapped[5.2.134~1-ecd4]:DecodeUtteranceLatticeFaster():decoder-wrappers.cc:286) Log-like per frame for utterance AMI_ES2009a_SDM_MEE033_0061695_0061766 is -0.708686 over 69 frames.
AMI_ES2009a_SDM_MEE033_0062697_0062825 <unk> OR 
LOG (latgen-faster-mapped[5.2.134~1-ecd4]:DecodeUtteranceLatticeFaster():decoder-wrappers.cc:286) Log-like per frame for utterance AMI_ES2009a_SDM_MEE033_0062697_0062825 is -0.590248 over 126 frames.
AMI_ES2009a_SDM_MEE033_0062825_0062883 YEAH <unk> 
LOG (latgen-faster-mapped[5.2.134~1-ecd4]:DecodeUtteranceLatticeFaster():decoder-wrappers.cc:286) Log-like per frame for utterance AMI_ES2009a_SDM_MEE033_0062825_0062883 is -0.689336 over 56 frames.
AMI_ES2009a_SDM_MEE033_0062883_0063179 I I READ OVER HERE SO <unk> YOU'RE RIGHT 
LOG (latgen-faster-mapped[5.2.134~1-ecd4]:DecodeUtteranceLatticeFaster():decoder-wrappers.cc:286) Log-like per frame for utterance AMI_ES2009a_SDM_MEE033_0062883_0063179 is -0.674462 over 294 frames.
AMI_ES2009a_SDM_MEE033_0063690_0063887 <unk> NOW 
LOG (latgen-faster-mapped[5.2.134~1-ecd4]:DecodeUtteranceLatticeFaster():decoder-wrappers.cc:286) Log-like per frame for utterance AMI_ES2009a_SDM_MEE033_0063690_0063887 is -0.571157 over 195 frames.
AMI_ES2009a_SDM_MEE033_0063887_0064510 OH WE LIKE SAYS <unk> THEY'RE ALL <unk> OH I <unk> 
LOG (latgen-faster-mapped[5.2.134~1-ecd4]:DecodeUtteranceLatticeFaster():decoder-wrappers.cc:286) Log-like per frame for utterance AMI_ES2009a_SDM_MEE033_0063887_0064510 is -0.554698 over 621 frames.
AMI_ES2015a_SDM_FEE058_0060872_0061325 <unk> IS A <unk> UH 
LOG (latgen-faster-mapped[5.2.134~1-ecd4]:DecodeUtteranceLatticeFaster():decoder-wrappers.cc:286) Log-like per frame for utterance AMI_ES2015a_SDM_FEE058_0060872_0061325 is -0.315883 over 451 frames.
AMI_ES2015a_SDM_FEE058_0061325_0062479 <unk> <unk> <unk> <unk> THEY'RE THEY'RE THEY'RE IN THE R. 
LOG (latgen-faster-mapped[5.2.134~1-ecd4]:DecodeUtteranceLatticeFaster():decoder-wrappers.cc:286) Log-like per frame for utterance AMI_ES2015a_SDM_FEE058_0061325_0062479 is -0.246582 over 1152 frames.
AMI_ES2015a_SDM_FEE058_0062479_0062754 THEY'RE BETTER 
LOG (latgen-faster-mapped[5.2.134~1-ecd4]:DecodeUtteranceLatticeFaster():decoder-wrappers.cc:286) Log-like per frame for utterance AMI_ES2015a_SDM_FEE058_0062479_0062754 is -0.227235 over 273 frames.
AMI_ES2015a_SDM_FEE058_0062754_0062941 
LOG (latgen-faster-mapped[5.2.134~1-ecd4]:DecodeUtteranceLatticeFaster():decoder-wrappers.cc:286) Log-like per frame for utterance AMI_ES2015a_SDM_FEE058_0062754_0062941 is -0.10187 over 185 frames.
AMI_ES2015a_SDM_FEE058_0062941_0063135 <unk> 
LOG (latgen-faster-mapped[5.2.134~1-ecd4]:DecodeUtteranceLatticeFaster():decoder-wrappers.cc:286) Log-like per frame for utterance AMI_ES2015a_SDM_FEE058_0062941_0063135 is -0.169664 over 192 frames.
AMI_ES2015a_SDM_FEE058_0063232_0063470 MM 
LOG (latgen-faster-mapped[5.2.134~1-ecd4]:DecodeUtteranceLatticeFaster():decoder-wrappers.cc:286) Log-like per frame for utterance AMI_ES2015a_SDM_FEE058_0063232_0063470 is -0.131386 over 236 frames.
LOG (latgen-faster-mapped[5.2.134~1-ecd4]:main():latgen-faster-mapped.cc:164) Time taken 144.698s: real-time factor assuming 100 frames/sec is 2.1746
LOG (latgen-faster-mapped[5.2.134~1-ecd4]:main():latgen-faster-mapped.cc:167) Done 34 utterances, failed for 0
LOG (latgen-faster-mapped[5.2.134~1-ecd4]:main():latgen-faster-mapped.cc:169) Overall log-likelihood per frame is -0.423359 over 6654 frames.
