latgen-faster-mapped --max-active=7000 --beam=15 --lattice-beam=7 --acoustic-scale=0.1 --allow-partial=true --word-symbol-table=/data/sls/scratch/haotang/ami//exp/ihm/tri3-logmel-hires/graph_ami_fsh.o3g.kn.pr1-7/words.txt /data/sls/scratch/haotang/ami//exp/ihm/tri3-logmel-hires_ali/final.mdl /data/sls/scratch/haotang/ami//exp/ihm/tri3-logmel-hires/graph_ami_fsh.o3g.kn.pr1-7/HCLG.fst ark:- 'ark:|gzip -c > /data/sls/r/u/atitus5/meng/am/logs/ami-0.1/train_ihm/baseline/frame-tdnn-450x7-step0.05/decode_sdm1/lat.27.gz' 
AMI_TS3009c_SDM_MTD034ID_0143389_0143555 <unk> FRONT <unk> BUT 
LOG (latgen-faster-mapped[5.2.134~1-ecd4]:DecodeUtteranceLatticeFaster():decoder-wrappers.cc:286) Log-like per frame for utterance AMI_TS3009c_SDM_MTD034ID_0143389_0143555 is -0.573974 over 164 frames.
AMI_TS3009c_SDM_MTD034ID_0143555_0143938 UH WHAT IT ALL WITH 
LOG (latgen-faster-mapped[5.2.134~1-ecd4]:DecodeUtteranceLatticeFaster():decoder-wrappers.cc:286) Log-like per frame for utterance AMI_TS3009c_SDM_MTD034ID_0143555_0143938 is -0.306119 over 381 frames.
AMI_TS3009c_SDM_MTD034ID_0144329_0144536 NO BUT YOU MIGHT REALLY NOT YOURS 
LOG (latgen-faster-mapped[5.2.134~1-ecd4]:DecodeUtteranceLatticeFaster():decoder-wrappers.cc:286) Log-like per frame for utterance AMI_TS3009c_SDM_MTD034ID_0144329_0144536 is -0.62722 over 205 frames.
AMI_TS3009c_SDM_MTD034ID_0144536_0144795 YEAH ALRIGHT BEST ALL 
LOG (latgen-faster-mapped[5.2.134~1-ecd4]:DecodeUtteranceLatticeFaster():decoder-wrappers.cc:286) Log-like per frame for utterance AMI_TS3009c_SDM_MTD034ID_0144536_0144795 is -0.435083 over 257 frames.
AMI_TS3009c_SDM_MTD034ID_0145366_0145612 <unk> OR THE WHOLE 
LOG (latgen-faster-mapped[5.2.134~1-ecd4]:DecodeUtteranceLatticeFaster():decoder-wrappers.cc:286) Log-like per frame for utterance AMI_TS3009c_SDM_MTD034ID_0145366_0145612 is -0.548561 over 244 frames.
AMI_TS3009c_SDM_MTD034ID_0145612_0145828 YEAH <unk> 
LOG (latgen-faster-mapped[5.2.134~1-ecd4]:DecodeUtteranceLatticeFaster():decoder-wrappers.cc:286) Log-like per frame for utterance AMI_TS3009c_SDM_MTD034ID_0145612_0145828 is -0.414623 over 214 frames.
AMI_TS3009c_SDM_MTD034ID_0145996_0146203 NO 
LOG (latgen-faster-mapped[5.2.134~1-ecd4]:DecodeUtteranceLatticeFaster():decoder-wrappers.cc:286) Log-like per frame for utterance AMI_TS3009c_SDM_MTD034ID_0145996_0146203 is -0.334547 over 205 frames.
AMI_TS3009c_SDM_MTD034ID_0146372_0146436 NO 
LOG (latgen-faster-mapped[5.2.134~1-ecd4]:DecodeUtteranceLatticeFaster():decoder-wrappers.cc:286) Log-like per frame for utterance AMI_TS3009c_SDM_MTD034ID_0146372_0146436 is -0.625284 over 62 frames.
AMI_TS3009c_SDM_MTD034ID_0146917_0146973 <unk> 
LOG (latgen-faster-mapped[5.2.134~1-ecd4]:DecodeUtteranceLatticeFaster():decoder-wrappers.cc:286) Log-like per frame for utterance AMI_TS3009c_SDM_MTD034ID_0146917_0146973 is -0.678354 over 54 frames.
AMI_TS3009c_SDM_MTD034ID_0146973_0147175 I THINK 
LOG (latgen-faster-mapped[5.2.134~1-ecd4]:DecodeUtteranceLatticeFaster():decoder-wrappers.cc:286) Log-like per frame for utterance AMI_TS3009c_SDM_MTD034ID_0146973_0147175 is -0.376334 over 200 frames.
AMI_TS3009c_SDM_MTD034ID_0147267_0147321 AH 
LOG (latgen-faster-mapped[5.2.134~1-ecd4]:DecodeUtteranceLatticeFaster():decoder-wrappers.cc:286) Log-like per frame for utterance AMI_TS3009c_SDM_MTD034ID_0147267_0147321 is -0.441552 over 52 frames.
AMI_TS3009c_SDM_MTD034ID_0147321_0147424 <unk> WELL 
LOG (latgen-faster-mapped[5.2.134~1-ecd4]:DecodeUtteranceLatticeFaster():decoder-wrappers.cc:286) Log-like per frame for utterance AMI_TS3009c_SDM_MTD034ID_0147321_0147424 is -0.430626 over 101 frames.
AMI_TS3009c_SDM_MTD034ID_0147639_0148309 <unk> TOO MUCH OR <unk> IT'S IT'S POSSIBLE TO ME <unk> DYING UH UH ACTING AS VALUABLE 
LOG (latgen-faster-mapped[5.2.134~1-ecd4]:DecodeUtteranceLatticeFaster():decoder-wrappers.cc:286) Log-like per frame for utterance AMI_TS3009c_SDM_MTD034ID_0147639_0148309 is -0.501674 over 668 frames.
AMI_TS3009c_SDM_MTD034ID_0148309_0148630 MAKE ENTIRE REMOTE OH YEAH 
LOG (latgen-faster-mapped[5.2.134~1-ecd4]:DecodeUtteranceLatticeFaster():decoder-wrappers.cc:286) Log-like per frame for utterance AMI_TS3009c_SDM_MTD034ID_0148309_0148630 is -0.474968 over 319 frames.
AMI_TS3009c_SDM_MTD034ID_0148892_0148917 YEAH 
LOG (latgen-faster-mapped[5.2.134~1-ecd4]:DecodeUtteranceLatticeFaster():decoder-wrappers.cc:286) Log-like per frame for utterance AMI_TS3009c_SDM_MTD034ID_0148892_0148917 is -0.322278 over 23 frames.
AMI_TS3009c_SDM_MTD034ID_0149152_0149203 NOW 
LOG (latgen-faster-mapped[5.2.134~1-ecd4]:DecodeUtteranceLatticeFaster():decoder-wrappers.cc:286) Log-like per frame for utterance AMI_TS3009c_SDM_MTD034ID_0149152_0149203 is -0.500501 over 49 frames.
AMI_TS3009c_SDM_MTD034ID_0149878_0150171 YEAH IT'S REALLY NICE 
LOG (latgen-faster-mapped[5.2.134~1-ecd4]:DecodeUtteranceLatticeFaster():decoder-wrappers.cc:286) Log-like per frame for utterance AMI_TS3009c_SDM_MTD034ID_0149878_0150171 is -0.410204 over 291 frames.
AMI_TS3009c_SDM_MTD034ID_0150740_0150764 UH 
LOG (latgen-faster-mapped[5.2.134~1-ecd4]:DecodeUtteranceLatticeFaster():decoder-wrappers.cc:286) Log-like per frame for utterance AMI_TS3009c_SDM_MTD034ID_0150740_0150764 is -0.448958 over 22 frames.
AMI_TS3009c_SDM_MTD034ID_0151845_0152090 YEAH WHEN ALL UH NO <unk> WOULD THERE 
LOG (latgen-faster-mapped[5.2.134~1-ecd4]:DecodeUtteranceLatticeFaster():decoder-wrappers.cc:286) Log-like per frame for utterance AMI_TS3009c_SDM_MTD034ID_0151845_0152090 is -0.672987 over 243 frames.
AMI_TS3009c_SDM_MTD034ID_0152252_0152430 WE DON'T KNOW WHO ONE 
LOG (latgen-faster-mapped[5.2.134~1-ecd4]:DecodeUtteranceLatticeFaster():decoder-wrappers.cc:286) Log-like per frame for utterance AMI_TS3009c_SDM_MTD034ID_0152252_0152430 is -0.501066 over 176 frames.
AMI_TS3009c_SDM_MTD034ID_0153382_0153474 WELL WHAT <unk> BUT 
LOG (latgen-faster-mapped[5.2.134~1-ecd4]:DecodeUtteranceLatticeFaster():decoder-wrappers.cc:286) Log-like per frame for utterance AMI_TS3009c_SDM_MTD034ID_0153382_0153474 is -0.704714 over 90 frames.
AMI_TS3009c_SDM_MTD034ID_0153590_0154197 <unk> TITANIUM IS IS REALLY NO DOESN'T UH <unk> 
LOG (latgen-faster-mapped[5.2.134~1-ecd4]:DecodeUtteranceLatticeFaster():decoder-wrappers.cc:286) Log-like per frame for utterance AMI_TS3009c_SDM_MTD034ID_0153590_0154197 is -0.364839 over 605 frames.
AMI_TS3009c_SDM_MTD034ID_0154197_0154382 NO 
LOG (latgen-faster-mapped[5.2.134~1-ecd4]:DecodeUtteranceLatticeFaster():decoder-wrappers.cc:286) Log-like per frame for utterance AMI_TS3009c_SDM_MTD034ID_0154197_0154382 is -0.351977 over 183 frames.
AMI_TS3009c_SDM_MTD034ID_0154382_0154739 BUT <unk> <unk> <unk> 
LOG (latgen-faster-mapped[5.2.134~1-ecd4]:DecodeUtteranceLatticeFaster():decoder-wrappers.cc:286) Log-like per frame for utterance AMI_TS3009c_SDM_MTD034ID_0154382_0154739 is -0.588922 over 355 frames.
AMI_TS3009c_SDM_MTD034ID_0154739_0155072 AND IT DOESN'T <unk> GO ONE ON <unk> <unk> 
LOG (latgen-faster-mapped[5.2.134~1-ecd4]:DecodeUtteranceLatticeFaster():decoder-wrappers.cc:286) Log-like per frame for utterance AMI_TS3009c_SDM_MTD034ID_0154739_0155072 is -0.516495 over 331 frames.
AMI_TS3009c_SDM_MTD034ID_0155072_0155478 I DON'T KNOW I USUALLY BUT I THINK <unk> USE THOSE UH 
LOG (latgen-faster-mapped[5.2.134~1-ecd4]:DecodeUtteranceLatticeFaster():decoder-wrappers.cc:286) Log-like per frame for utterance AMI_TS3009c_SDM_MTD034ID_0155072_0155478 is -0.524724 over 404 frames.
AMI_TS3009c_SDM_MTD034ID_0155721_0156294 <unk> WE DO A WHOLE LOT <unk> RIGHT 
LOG (latgen-faster-mapped[5.2.134~1-ecd4]:DecodeUtteranceLatticeFaster():decoder-wrappers.cc:286) Log-like per frame for utterance AMI_TS3009c_SDM_MTD034ID_0155721_0156294 is -0.437552 over 571 frames.
AMI_TS3009c_SDM_MTD034ID_0156669_0156836 <unk> YEAH USEFUL 
LOG (latgen-faster-mapped[5.2.134~1-ecd4]:DecodeUtteranceLatticeFaster():decoder-wrappers.cc:286) Log-like per frame for utterance AMI_TS3009c_SDM_MTD034ID_0156669_0156836 is -0.548109 over 165 frames.
AMI_TS3009c_SDM_MTD034ID_0157179_0157253 YEAH 
LOG (latgen-faster-mapped[5.2.134~1-ecd4]:DecodeUtteranceLatticeFaster():decoder-wrappers.cc:286) Log-like per frame for utterance AMI_TS3009c_SDM_MTD034ID_0157179_0157253 is -0.345242 over 72 frames.
AMI_TS3009c_SDM_MTD034ID_0157618_0157831 <unk> NO WE DON'T 
LOG (latgen-faster-mapped[5.2.134~1-ecd4]:DecodeUtteranceLatticeFaster():decoder-wrappers.cc:286) Log-like per frame for utterance AMI_TS3009c_SDM_MTD034ID_0157618_0157831 is -0.609458 over 211 frames.
AMI_TS3009c_SDM_MTD034ID_0158057_0158113 <unk> 
LOG (latgen-faster-mapped[5.2.134~1-ecd4]:DecodeUtteranceLatticeFaster():decoder-wrappers.cc:286) Log-like per frame for utterance AMI_TS3009c_SDM_MTD034ID_0158057_0158113 is -0.852936 over 54 frames.
AMI_TS3009c_SDM_MTD034ID_0158249_0158547 NOW INSIDE THE REMOTE CONTROL WE USE ONE ON ONE 
LOG (latgen-faster-mapped[5.2.134~1-ecd4]:DecodeUtteranceLatticeFaster():decoder-wrappers.cc:286) Log-like per frame for utterance AMI_TS3009c_SDM_MTD034ID_0158249_0158547 is -0.617476 over 296 frames.
AMI_TS3012d_SDM_MTD048ME_0146779_0146878 BECAUSE I 
LOG (latgen-faster-mapped[5.2.134~1-ecd4]:DecodeUtteranceLatticeFaster():decoder-wrappers.cc:286) Log-like per frame for utterance AMI_TS3012d_SDM_MTD048ME_0146779_0146878 is -0.531229 over 97 frames.
LOG (latgen-faster-mapped[5.2.134~1-ecd4]:main():latgen-faster-mapped.cc:164) Time taken 163.102s: real-time factor assuming 100 frames/sec is 2.21486
LOG (latgen-faster-mapped[5.2.134~1-ecd4]:main():latgen-faster-mapped.cc:167) Done 33 utterances, failed for 0
LOG (latgen-faster-mapped[5.2.134~1-ecd4]:main():latgen-faster-mapped.cc:169) Overall log-likelihood per frame is -0.485287 over 7364 frames.
