latgen-faster-mapped --max-active=7000 --beam=15 --lattice-beam=7 --acoustic-scale=0.1 --allow-partial=true --word-symbol-table=/data/sls/scratch/haotang/ami//exp/ihm/tri3-logmel-hires/graph_ami_fsh.o3g.kn.pr1-7/words.txt /data/sls/scratch/haotang/ami//exp/ihm/tri3-logmel-hires_ali/final.mdl /data/sls/scratch/haotang/ami//exp/ihm/tri3-logmel-hires/graph_ami_fsh.o3g.kn.pr1-7/HCLG.fst ark:- 'ark:|gzip -c > /data/sls/r/u/atitus5/meng/am/logs/ami-0.1/train_ihm/baseline/frame-tdnn-450x7-step0.05/decode_sdm1/lat.22.gz' 
AMI_TS3006d_SDM_MTD022ID_0178433_0178504 YEAH 
LOG (latgen-faster-mapped[5.2.134~1-ecd4]:DecodeUtteranceLatticeFaster():decoder-wrappers.cc:286) Log-like per frame for utterance AMI_TS3006d_SDM_MTD022ID_0178433_0178504 is -0.263539 over 69 frames.
AMI_TS3006d_SDM_MTD022ID_0178741_0178826 MM 
LOG (latgen-faster-mapped[5.2.134~1-ecd4]:DecodeUtteranceLatticeFaster():decoder-wrappers.cc:286) Log-like per frame for utterance AMI_TS3006d_SDM_MTD022ID_0178741_0178826 is -0.192559 over 83 frames.
AMI_TS3006d_SDM_MTD022ID_0179070_0179142 <unk> 
LOG (latgen-faster-mapped[5.2.134~1-ecd4]:DecodeUtteranceLatticeFaster():decoder-wrappers.cc:286) Log-like per frame for utterance AMI_TS3006d_SDM_MTD022ID_0179070_0179142 is -0.515533 over 70 frames.
AMI_TS3006d_SDM_MTD022ID_0179211_0179544 <unk> 
LOG (latgen-faster-mapped[5.2.134~1-ecd4]:DecodeUtteranceLatticeFaster():decoder-wrappers.cc:286) Log-like per frame for utterance AMI_TS3006d_SDM_MTD022ID_0179211_0179544 is -0.303988 over 331 frames.
AMI_TS3006d_SDM_MTD022ID_0179544_0179626 UH 
LOG (latgen-faster-mapped[5.2.134~1-ecd4]:DecodeUtteranceLatticeFaster():decoder-wrappers.cc:286) Log-like per frame for utterance AMI_TS3006d_SDM_MTD022ID_0179544_0179626 is -0.192015 over 80 frames.
AMI_TS3006d_SDM_MTD022ID_0179626_0179756 MM 
LOG (latgen-faster-mapped[5.2.134~1-ecd4]:DecodeUtteranceLatticeFaster():decoder-wrappers.cc:286) Log-like per frame for utterance AMI_TS3006d_SDM_MTD022ID_0179626_0179756 is -0.115025 over 128 frames.
AMI_TS3006d_SDM_MTD022ID_0179756_0179822 
LOG (latgen-faster-mapped[5.2.134~1-ecd4]:DecodeUtteranceLatticeFaster():decoder-wrappers.cc:286) Log-like per frame for utterance AMI_TS3006d_SDM_MTD022ID_0179756_0179822 is -0.219715 over 64 frames.
AMI_TS3006d_SDM_MTD022ID_0180285_0180347 
LOG (latgen-faster-mapped[5.2.134~1-ecd4]:DecodeUtteranceLatticeFaster():decoder-wrappers.cc:286) Log-like per frame for utterance AMI_TS3006d_SDM_MTD022ID_0180285_0180347 is -0.206669 over 60 frames.
AMI_TS3006d_SDM_MTD022ID_0181112_0181381 <unk> <unk> <unk> 
LOG (latgen-faster-mapped[5.2.134~1-ecd4]:DecodeUtteranceLatticeFaster():decoder-wrappers.cc:286) Log-like per frame for utterance AMI_TS3006d_SDM_MTD022ID_0181112_0181381 is -0.540052 over 267 frames.
AMI_TS3006d_SDM_MTD022ID_0181581_0181658 REALLY 
LOG (latgen-faster-mapped[5.2.134~1-ecd4]:DecodeUtteranceLatticeFaster():decoder-wrappers.cc:286) Log-like per frame for utterance AMI_TS3006d_SDM_MTD022ID_0181581_0181658 is -0.484856 over 75 frames.
AMI_TS3006d_SDM_MTD022ID_0182546_0182601 <unk> 
LOG (latgen-faster-mapped[5.2.134~1-ecd4]:DecodeUtteranceLatticeFaster():decoder-wrappers.cc:286) Log-like per frame for utterance AMI_TS3006d_SDM_MTD022ID_0182546_0182601 is -0.313303 over 53 frames.
AMI_TS3006d_SDM_MTD022ID_0182682_0183107 <unk> <unk> 
LOG (latgen-faster-mapped[5.2.134~1-ecd4]:DecodeUtteranceLatticeFaster():decoder-wrappers.cc:286) Log-like per frame for utterance AMI_TS3006d_SDM_MTD022ID_0182682_0183107 is -0.261666 over 423 frames.
AMI_TS3006d_SDM_MTD022ID_0183107_0183885 <unk> ON OUR OUR LAST LONG 
LOG (latgen-faster-mapped[5.2.134~1-ecd4]:DecodeUtteranceLatticeFaster():decoder-wrappers.cc:286) Log-like per frame for utterance AMI_TS3006d_SDM_MTD022ID_0183107_0183885 is -0.300727 over 776 frames.
AMI_TS3006d_SDM_MTD022ID_0183885_0184436 <unk> 
LOG (latgen-faster-mapped[5.2.134~1-ecd4]:DecodeUtteranceLatticeFaster():decoder-wrappers.cc:286) Log-like per frame for utterance AMI_TS3006d_SDM_MTD022ID_0183885_0184436 is -0.209077 over 549 frames.
AMI_TS3006d_SDM_MTD022ID_0184436_0184668 YEAH 
LOG (latgen-faster-mapped[5.2.134~1-ecd4]:DecodeUtteranceLatticeFaster():decoder-wrappers.cc:286) Log-like per frame for utterance AMI_TS3006d_SDM_MTD022ID_0184436_0184668 is -0.226562 over 230 frames.
AMI_TS3006d_SDM_MTD022ID_0184856_0184881 MM 
LOG (latgen-faster-mapped[5.2.134~1-ecd4]:DecodeUtteranceLatticeFaster():decoder-wrappers.cc:286) Log-like per frame for utterance AMI_TS3006d_SDM_MTD022ID_0184856_0184881 is -0.441275 over 23 frames.
AMI_TS3006d_SDM_MTD022ID_0185082_0185318 <unk> 
LOG (latgen-faster-mapped[5.2.134~1-ecd4]:DecodeUtteranceLatticeFaster():decoder-wrappers.cc:286) Log-like per frame for utterance AMI_TS3006d_SDM_MTD022ID_0185082_0185318 is -0.11584 over 234 frames.
AMI_TS3006d_SDM_MTD022ID_0185318_0185412 MM 
LOG (latgen-faster-mapped[5.2.134~1-ecd4]:DecodeUtteranceLatticeFaster():decoder-wrappers.cc:286) Log-like per frame for utterance AMI_TS3006d_SDM_MTD022ID_0185318_0185412 is -0.166961 over 92 frames.
AMI_TS3006d_SDM_MTD022ID_0185726_0185941 YEAH 
LOG (latgen-faster-mapped[5.2.134~1-ecd4]:DecodeUtteranceLatticeFaster():decoder-wrappers.cc:286) Log-like per frame for utterance AMI_TS3006d_SDM_MTD022ID_0185726_0185941 is -0.184258 over 213 frames.
AMI_TS3006d_SDM_MTD022ID_0185941_0186003 
LOG (latgen-faster-mapped[5.2.134~1-ecd4]:DecodeUtteranceLatticeFaster():decoder-wrappers.cc:286) Log-like per frame for utterance AMI_TS3006d_SDM_MTD022ID_0185941_0186003 is -0.24145 over 60 frames.
AMI_TS3006d_SDM_MTD022ID_0186203_0186254 WELL 
LOG (latgen-faster-mapped[5.2.134~1-ecd4]:DecodeUtteranceLatticeFaster():decoder-wrappers.cc:286) Log-like per frame for utterance AMI_TS3006d_SDM_MTD022ID_0186203_0186254 is -0.444234 over 49 frames.
AMI_TS3006d_SDM_MTD022ID_0186366_0186476 AND 
LOG (latgen-faster-mapped[5.2.134~1-ecd4]:DecodeUtteranceLatticeFaster():decoder-wrappers.cc:286) Log-like per frame for utterance AMI_TS3006d_SDM_MTD022ID_0186366_0186476 is -0.165354 over 108 frames.
AMI_TS3006d_SDM_MTD022ID_0186975_0187042 YEAH 
LOG (latgen-faster-mapped[5.2.134~1-ecd4]:DecodeUtteranceLatticeFaster():decoder-wrappers.cc:286) Log-like per frame for utterance AMI_TS3006d_SDM_MTD022ID_0186975_0187042 is -0.542112 over 65 frames.
AMI_TS3006d_SDM_MTD022ID_0187042_0187093 IT 
LOG (latgen-faster-mapped[5.2.134~1-ecd4]:DecodeUtteranceLatticeFaster():decoder-wrappers.cc:286) Log-like per frame for utterance AMI_TS3006d_SDM_MTD022ID_0187042_0187093 is -0.510155 over 49 frames.
AMI_TS3006d_SDM_MTD022ID_0187318_0187384 SO 
LOG (latgen-faster-mapped[5.2.134~1-ecd4]:DecodeUtteranceLatticeFaster():decoder-wrappers.cc:286) Log-like per frame for utterance AMI_TS3006d_SDM_MTD022ID_0187318_0187384 is -0.365441 over 64 frames.
AMI_TS3006d_SDM_MTD022ID_0187384_0187422 <unk> 
LOG (latgen-faster-mapped[5.2.134~1-ecd4]:DecodeUtteranceLatticeFaster():decoder-wrappers.cc:286) Log-like per frame for utterance AMI_TS3006d_SDM_MTD022ID_0187384_0187422 is -0.539028 over 36 frames.
AMI_TS3006d_SDM_MTD022ID_0187519_0187610 <unk> 
LOG (latgen-faster-mapped[5.2.134~1-ecd4]:DecodeUtteranceLatticeFaster():decoder-wrappers.cc:286) Log-like per frame for utterance AMI_TS3006d_SDM_MTD022ID_0187519_0187610 is -0.157505 over 89 frames.
AMI_TS3006d_SDM_MTD022ID_0188705_0188898 <unk> OR YEAH 
LOG (latgen-faster-mapped[5.2.134~1-ecd4]:DecodeUtteranceLatticeFaster():decoder-wrappers.cc:286) Log-like per frame for utterance AMI_TS3006d_SDM_MTD022ID_0188705_0188898 is -0.262819 over 191 frames.
AMI_TS3006d_SDM_MTD022ID_0188898_0189246 NO NO NO 
LOG (latgen-faster-mapped[5.2.134~1-ecd4]:DecodeUtteranceLatticeFaster():decoder-wrappers.cc:286) Log-like per frame for utterance AMI_TS3006d_SDM_MTD022ID_0188898_0189246 is -0.216567 over 346 frames.
AMI_TS3006d_SDM_MTD022ID_0189470_0189638 YEAH 
LOG (latgen-faster-mapped[5.2.134~1-ecd4]:DecodeUtteranceLatticeFaster():decoder-wrappers.cc:286) Log-like per frame for utterance AMI_TS3006d_SDM_MTD022ID_0189470_0189638 is -0.224088 over 166 frames.
AMI_TS3006d_SDM_MTD022ID_0189638_0190340 <unk> OH LOOK OR NOT 
LOG (latgen-faster-mapped[5.2.134~1-ecd4]:DecodeUtteranceLatticeFaster():decoder-wrappers.cc:286) Log-like per frame for utterance AMI_TS3006d_SDM_MTD022ID_0189638_0190340 is -0.203443 over 700 frames.
AMI_TS3006d_SDM_MTD022ID_0190503_0190541 UH 
LOG (latgen-faster-mapped[5.2.134~1-ecd4]:DecodeUtteranceLatticeFaster():decoder-wrappers.cc:286) Log-like per frame for utterance AMI_TS3006d_SDM_MTD022ID_0190503_0190541 is -0.360924 over 36 frames.
AMI_TS3006d_SDM_MTD022ID_0191412_0191539 YES 
LOG (latgen-faster-mapped[5.2.134~1-ecd4]:DecodeUtteranceLatticeFaster():decoder-wrappers.cc:286) Log-like per frame for utterance AMI_TS3006d_SDM_MTD022ID_0191412_0191539 is -0.286 over 125 frames.
LOG (latgen-faster-mapped[5.2.134~1-ecd4]:main():latgen-faster-mapped.cc:164) Time taken 109.861s: real-time factor assuming 100 frames/sec is 1.86079
LOG (latgen-faster-mapped[5.2.134~1-ecd4]:main():latgen-faster-mapped.cc:167) Done 33 utterances, failed for 0
LOG (latgen-faster-mapped[5.2.134~1-ecd4]:main():latgen-faster-mapped.cc:169) Overall log-likelihood per frame is -0.262878 over 5904 frames.
