latgen-faster-mapped --max-active=7000 --beam=15 --lattice-beam=7 --acoustic-scale=0.1 --allow-partial=true --word-symbol-table=/data/sls/scratch/haotang/ami//exp/ihm/tri3-logmel-hires/graph_ami_fsh.o3g.kn.pr1-7/words.txt /data/sls/scratch/haotang/ami//exp/ihm/tri3-logmel-hires_ali/final.mdl /data/sls/scratch/haotang/ami//exp/ihm/tri3-logmel-hires/graph_ami_fsh.o3g.kn.pr1-7/HCLG.fst ark:- 'ark:|gzip -c > /data/sls/r/u/atitus5/meng/am/logs/ami-0.1/train_ihm/baseline/frame-tdnn-450x7-step0.05/decode_sdm1/lat.13.gz' 
AMI_IN1008_SDM_MIO018_0154834_0154963 IT IT IT 
LOG (latgen-faster-mapped[5.2.134~1-ecd4]:DecodeUtteranceLatticeFaster():decoder-wrappers.cc:286) Log-like per frame for utterance AMI_IN1008_SDM_MIO018_0154834_0154963 is -0.436607 over 127 frames.
AMI_IN1008_SDM_MIO018_0154963_0155141 THESE ARE OKAY 
LOG (latgen-faster-mapped[5.2.134~1-ecd4]:DecodeUtteranceLatticeFaster():decoder-wrappers.cc:286) Log-like per frame for utterance AMI_IN1008_SDM_MIO018_0154963_0155141 is -0.466499 over 176 frames.
AMI_IN1008_SDM_MIO018_0155141_0155455 YES <unk> NOW <unk> <unk> 
LOG (latgen-faster-mapped[5.2.134~1-ecd4]:DecodeUtteranceLatticeFaster():decoder-wrappers.cc:286) Log-like per frame for utterance AMI_IN1008_SDM_MIO018_0155141_0155455 is -0.427536 over 312 frames.
AMI_IN1008_SDM_MIO018_0155455_0155519 YEAH YEAH 
LOG (latgen-faster-mapped[5.2.134~1-ecd4]:DecodeUtteranceLatticeFaster():decoder-wrappers.cc:286) Log-like per frame for utterance AMI_IN1008_SDM_MIO018_0155455_0155519 is -0.29846 over 62 frames.
AMI_IN1008_SDM_MIO018_0156088_0156115 MM 
LOG (latgen-faster-mapped[5.2.134~1-ecd4]:DecodeUtteranceLatticeFaster():decoder-wrappers.cc:286) Log-like per frame for utterance AMI_IN1008_SDM_MIO018_0156088_0156115 is -0.474533 over 25 frames.
AMI_IN1008_SDM_MIO018_0157097_0157163 <unk> 
LOG (latgen-faster-mapped[5.2.134~1-ecd4]:DecodeUtteranceLatticeFaster():decoder-wrappers.cc:286) Log-like per frame for utterance AMI_IN1008_SDM_MIO018_0157097_0157163 is -0.509621 over 64 frames.
AMI_IN1008_SDM_MIO018_0157163_0157201 <unk> 
LOG (latgen-faster-mapped[5.2.134~1-ecd4]:DecodeUtteranceLatticeFaster():decoder-wrappers.cc:286) Log-like per frame for utterance AMI_IN1008_SDM_MIO018_0157163_0157201 is -0.891604 over 36 frames.
AMI_IN1008_SDM_MIO018_0157351_0157936 YEAH THEN YOU MIGHT YOU A LITTLE DIRECTION IN <unk> 
LOG (latgen-faster-mapped[5.2.134~1-ecd4]:DecodeUtteranceLatticeFaster():decoder-wrappers.cc:286) Log-like per frame for utterance AMI_IN1008_SDM_MIO018_0157351_0157936 is -0.351429 over 583 frames.
AMI_IN1008_SDM_MIO018_0157936_0158210 BUT 
LOG (latgen-faster-mapped[5.2.134~1-ecd4]:DecodeUtteranceLatticeFaster():decoder-wrappers.cc:286) Log-like per frame for utterance AMI_IN1008_SDM_MIO018_0157936_0158210 is -0.538142 over 272 frames.
AMI_IN1008_SDM_MIO018_0158210_0158387 <unk> 
LOG (latgen-faster-mapped[5.2.134~1-ecd4]:DecodeUtteranceLatticeFaster():decoder-wrappers.cc:286) Log-like per frame for utterance AMI_IN1008_SDM_MIO018_0158210_0158387 is -0.432265 over 175 frames.
AMI_IN1008_SDM_MIO018_0158387_0158480 <unk> WITH THIS 
LOG (latgen-faster-mapped[5.2.134~1-ecd4]:DecodeUtteranceLatticeFaster():decoder-wrappers.cc:286) Log-like per frame for utterance AMI_IN1008_SDM_MIO018_0158387_0158480 is -0.606907 over 91 frames.
AMI_IN1008_SDM_MIO018_0159136_0159314 <unk> TO OR 
LOG (latgen-faster-mapped[5.2.134~1-ecd4]:DecodeUtteranceLatticeFaster():decoder-wrappers.cc:286) Log-like per frame for utterance AMI_IN1008_SDM_MIO018_0159136_0159314 is -0.486652 over 176 frames.
AMI_IN1008_SDM_MIO018_0159737_0159903 ARE REALLY USE 
LOG (latgen-faster-mapped[5.2.134~1-ecd4]:DecodeUtteranceLatticeFaster():decoder-wrappers.cc:286) Log-like per frame for utterance AMI_IN1008_SDM_MIO018_0159737_0159903 is -0.361122 over 164 frames.
AMI_IN1008_SDM_MIO018_0159903_0160555 THERE WILL BE PROBLEM IS NOT <unk> YOU NEED MORE THAN ONE <unk> 
LOG (latgen-faster-mapped[5.2.134~1-ecd4]:DecodeUtteranceLatticeFaster():decoder-wrappers.cc:286) Log-like per frame for utterance AMI_IN1008_SDM_MIO018_0159903_0160555 is -0.450208 over 650 frames.
AMI_IN1008_SDM_MIO018_0160730_0160901 WE WON YOU WE WANT TO GET DIRECTION 
LOG (latgen-faster-mapped[5.2.134~1-ecd4]:DecodeUtteranceLatticeFaster():decoder-wrappers.cc:286) Log-like per frame for utterance AMI_IN1008_SDM_MIO018_0160730_0160901 is -0.560815 over 169 frames.
AMI_IN1008_SDM_MIO018_0161074_0161257 MICROPHONE ARRAY 
LOG (latgen-faster-mapped[5.2.134~1-ecd4]:DecodeUtteranceLatticeFaster():decoder-wrappers.cc:286) Log-like per frame for utterance AMI_IN1008_SDM_MIO018_0161074_0161257 is -0.37159 over 181 frames.
AMI_IN1008_SDM_MIO018_0161257_0161384 YES BECAUSE UH I KNOW 
LOG (latgen-faster-mapped[5.2.134~1-ecd4]:DecodeUtteranceLatticeFaster():decoder-wrappers.cc:286) Log-like per frame for utterance AMI_IN1008_SDM_MIO018_0161257_0161384 is -0.616946 over 125 frames.
AMI_IN1008_SDM_MIO018_0161976_0161993 MM 
LOG (latgen-faster-mapped[5.2.134~1-ecd4]:DecodeUtteranceLatticeFaster():decoder-wrappers.cc:286) Log-like per frame for utterance AMI_IN1008_SDM_MIO018_0161976_0161993 is -0.478174 over 15 frames.
AMI_IN1008_SDM_MIO018_0162621_0162723 <unk> 
LOG (latgen-faster-mapped[5.2.134~1-ecd4]:DecodeUtteranceLatticeFaster():decoder-wrappers.cc:286) Log-like per frame for utterance AMI_IN1008_SDM_MIO018_0162621_0162723 is -0.458542 over 100 frames.
AMI_IN1008_SDM_MIO018_0163368_0163465 UH YOU SEE NOW 
LOG (latgen-faster-mapped[5.2.134~1-ecd4]:DecodeUtteranceLatticeFaster():decoder-wrappers.cc:286) Log-like per frame for utterance AMI_IN1008_SDM_MIO018_0163368_0163465 is -0.404614 over 95 frames.
AMI_IN1008_SDM_MIO018_0163649_0163678 YEAH 
LOG (latgen-faster-mapped[5.2.134~1-ecd4]:DecodeUtteranceLatticeFaster():decoder-wrappers.cc:286) Log-like per frame for utterance AMI_IN1008_SDM_MIO018_0163649_0163678 is -0.247069 over 27 frames.
AMI_IN1008_SDM_MIO018_0164290_0164421 <unk> 
LOG (latgen-faster-mapped[5.2.134~1-ecd4]:DecodeUtteranceLatticeFaster():decoder-wrappers.cc:286) Log-like per frame for utterance AMI_IN1008_SDM_MIO018_0164290_0164421 is -0.546587 over 129 frames.
AMI_IN1008_SDM_MIO018_0164421_0165247 OR JUST IN TRY WHO WILL TRY THAT BECAUSE YOU ARE NOT GOING TO UH <unk> <unk> <unk> 
LOG (latgen-faster-mapped[5.2.134~1-ecd4]:DecodeUtteranceLatticeFaster():decoder-wrappers.cc:286) Log-like per frame for utterance AMI_IN1008_SDM_MIO018_0164421_0165247 is -0.468161 over 824 frames.
AMI_IN1008_SDM_MIO018_0165247_0165922 MORE THIS IS NOT GOOD EXAMPLE WE HAVE LIKE MOST USE REALLY BUT <unk> <unk> YEAH 
LOG (latgen-faster-mapped[5.2.134~1-ecd4]:DecodeUtteranceLatticeFaster():decoder-wrappers.cc:286) Log-like per frame for utterance AMI_IN1008_SDM_MIO018_0165247_0165922 is -0.456117 over 673 frames.
AMI_IN1008_SDM_MIO018_0165922_0166270 <unk> UH COULD CONSIDER THAT 
LOG (latgen-faster-mapped[5.2.134~1-ecd4]:DecodeUtteranceLatticeFaster():decoder-wrappers.cc:286) Log-like per frame for utterance AMI_IN1008_SDM_MIO018_0165922_0166270 is -0.349456 over 346 frames.
AMI_IN1008_SDM_MIO018_0166270_0166554 IT IS HUGE IS COULD BE INTERESTING 
LOG (latgen-faster-mapped[5.2.134~1-ecd4]:DecodeUtteranceLatticeFaster():decoder-wrappers.cc:286) Log-like per frame for utterance AMI_IN1008_SDM_MIO018_0166270_0166554 is -0.395964 over 282 frames.
AMI_IN1008_SDM_MIO018_0166554_0166882 <unk> WOULD SOMETHING ON ONE YES 
LOG (latgen-faster-mapped[5.2.134~1-ecd4]:DecodeUtteranceLatticeFaster():decoder-wrappers.cc:286) Log-like per frame for utterance AMI_IN1008_SDM_MIO018_0166554_0166882 is -0.431462 over 326 frames.
AMI_IN1008_SDM_MIO018_0166882_0167044 BUT UH 
LOG (latgen-faster-mapped[5.2.134~1-ecd4]:DecodeUtteranceLatticeFaster():decoder-wrappers.cc:286) Log-like per frame for utterance AMI_IN1008_SDM_MIO018_0166882_0167044 is -0.209749 over 160 frames.
AMI_IN1008_SDM_MIO018_0167588_0167620 YES 
LOG (latgen-faster-mapped[5.2.134~1-ecd4]:DecodeUtteranceLatticeFaster():decoder-wrappers.cc:286) Log-like per frame for utterance AMI_IN1008_SDM_MIO018_0167588_0167620 is -0.453783 over 30 frames.
AMI_IN1008_SDM_MIO018_0168646_0168767 RIGHT 
LOG (latgen-faster-mapped[5.2.134~1-ecd4]:DecodeUtteranceLatticeFaster():decoder-wrappers.cc:286) Log-like per frame for utterance AMI_IN1008_SDM_MIO018_0168646_0168767 is -0.223049 over 119 frames.
AMI_IN1008_SDM_MIO018_0168767_0169328 BUT BUT AND I THINK OF THE <unk> TO <unk> WHAT THAT IS YES 
LOG (latgen-faster-mapped[5.2.134~1-ecd4]:DecodeUtteranceLatticeFaster():decoder-wrappers.cc:286) Log-like per frame for utterance AMI_IN1008_SDM_MIO018_0168767_0169328 is -0.486702 over 559 frames.
AMI_IN1008_SDM_MIO018_0169328_0169525 <unk> PERSON WILL ON WELL 
LOG (latgen-faster-mapped[5.2.134~1-ecd4]:DecodeUtteranceLatticeFaster():decoder-wrappers.cc:286) Log-like per frame for utterance AMI_IN1008_SDM_MIO018_0169328_0169525 is -0.558455 over 195 frames.
AMI_IN1008_SDM_MIO018_0169912_0169940 WE ARE 
LOG (latgen-faster-mapped[5.2.134~1-ecd4]:DecodeUtteranceLatticeFaster():decoder-wrappers.cc:286) Log-like per frame for utterance AMI_IN1008_SDM_MIO018_0169912_0169940 is -0.806673 over 26 frames.
LOG (latgen-faster-mapped[5.2.134~1-ecd4]:main():latgen-faster-mapped.cc:164) Time taken 125.333s: real-time factor assuming 100 frames/sec is 1.7183
LOG (latgen-faster-mapped[5.2.134~1-ecd4]:main():latgen-faster-mapped.cc:167) Done 33 utterances, failed for 0
LOG (latgen-faster-mapped[5.2.134~1-ecd4]:main():latgen-faster-mapped.cc:169) Overall log-likelihood per frame is -0.443527 over 7294 frames.
