latgen-faster-mapped --max-active=7000 --beam=15 --lattice-beam=7 --acoustic-scale=0.1 --allow-partial=true --word-symbol-table=/data/sls/scratch/haotang/ami//exp/ihm/tri3-logmel-hires/graph_ami_fsh.o3g.kn.pr1-7/words.txt /data/sls/scratch/haotang/ami//exp/ihm/tri3-logmel-hires_ali/final.mdl /data/sls/scratch/haotang/ami//exp/ihm/tri3-logmel-hires/graph_ami_fsh.o3g.kn.pr1-7/HCLG.fst ark:- 'ark:|gzip -c > /data/sls/r/u/atitus5/meng/am/logs/ami-0.1/train_ihm/baseline/frame-tdnn-450x7-step0.05/decode_sdm1/lat.29.gz' 
AMI_TS3012d_SDM_MTD048ME_0177247_0177353 OR 
LOG (latgen-faster-mapped[5.2.134~1-ecd4]:DecodeUtteranceLatticeFaster():decoder-wrappers.cc:286) Log-like per frame for utterance AMI_TS3012d_SDM_MTD048ME_0177247_0177353 is -0.520795 over 104 frames.
AMI_TS3012d_SDM_MTD048ME_0178046_0178281 MM 
LOG (latgen-faster-mapped[5.2.134~1-ecd4]:DecodeUtteranceLatticeFaster():decoder-wrappers.cc:286) Log-like per frame for utterance AMI_TS3012d_SDM_MTD048ME_0178046_0178281 is -0.230047 over 233 frames.
AMI_TS3012d_SDM_MTD048ME_0178281_0178540 <unk> REMOTE 
LOG (latgen-faster-mapped[5.2.134~1-ecd4]:DecodeUtteranceLatticeFaster():decoder-wrappers.cc:286) Log-like per frame for utterance AMI_TS3012d_SDM_MTD048ME_0178281_0178540 is -0.456556 over 257 frames.
AMI_TS3012d_SDM_MTD048ME_0178540_0178656 <unk> 
LOG (latgen-faster-mapped[5.2.134~1-ecd4]:DecodeUtteranceLatticeFaster():decoder-wrappers.cc:286) Log-like per frame for utterance AMI_TS3012d_SDM_MTD048ME_0178540_0178656 is -0.664334 over 114 frames.
AMI_TS3012d_SDM_MTD048ME_0178656_0178788 RIGHT 
LOG (latgen-faster-mapped[5.2.134~1-ecd4]:DecodeUtteranceLatticeFaster():decoder-wrappers.cc:286) Log-like per frame for utterance AMI_TS3012d_SDM_MTD048ME_0178656_0178788 is -0.540494 over 130 frames.
AMI_TS3012d_SDM_MTD048ME_0178900_0179047 <unk> OH YEAH <unk> 
LOG (latgen-faster-mapped[5.2.134~1-ecd4]:DecodeUtteranceLatticeFaster():decoder-wrappers.cc:286) Log-like per frame for utterance AMI_TS3012d_SDM_MTD048ME_0178900_0179047 is -0.444641 over 145 frames.
AMI_TS3012d_SDM_MTD048ME_0179133_0179228 UH YEAH 
LOG (latgen-faster-mapped[5.2.134~1-ecd4]:DecodeUtteranceLatticeFaster():decoder-wrappers.cc:286) Log-like per frame for utterance AMI_TS3012d_SDM_MTD048ME_0179133_0179228 is -0.441933 over 93 frames.
AMI_TS3012d_SDM_MTD048ME_0179353_0179465 <unk> UH 
LOG (latgen-faster-mapped[5.2.134~1-ecd4]:DecodeUtteranceLatticeFaster():decoder-wrappers.cc:286) Log-like per frame for utterance AMI_TS3012d_SDM_MTD048ME_0179353_0179465 is -0.406537 over 110 frames.
AMI_TS3012d_SDM_MTD048ME_0180518_0180551 YEAH 
LOG (latgen-faster-mapped[5.2.134~1-ecd4]:DecodeUtteranceLatticeFaster():decoder-wrappers.cc:286) Log-like per frame for utterance AMI_TS3012d_SDM_MTD048ME_0180518_0180551 is -0.243645 over 31 frames.
AMI_TS3012d_SDM_MTD048ME_0180787_0180829 <unk> 
LOG (latgen-faster-mapped[5.2.134~1-ecd4]:DecodeUtteranceLatticeFaster():decoder-wrappers.cc:286) Log-like per frame for utterance AMI_TS3012d_SDM_MTD048ME_0180787_0180829 is -0.456107 over 40 frames.
AMI_TS3012d_SDM_MTD048ME_0181927_0182071 <unk> OR WHAT 
LOG (latgen-faster-mapped[5.2.134~1-ecd4]:DecodeUtteranceLatticeFaster():decoder-wrappers.cc:286) Log-like per frame for utterance AMI_TS3012d_SDM_MTD048ME_0181927_0182071 is -0.610796 over 142 frames.
AMI_TS3012d_SDM_MTD048ME_0187856_0187899 MM 
LOG (latgen-faster-mapped[5.2.134~1-ecd4]:DecodeUtteranceLatticeFaster():decoder-wrappers.cc:286) Log-like per frame for utterance AMI_TS3012d_SDM_MTD048ME_0187856_0187899 is -0.292519 over 41 frames.
AMI_TS3012d_SDM_MTD048ME_0188025_0188079 YEAH 
LOG (latgen-faster-mapped[5.2.134~1-ecd4]:DecodeUtteranceLatticeFaster():decoder-wrappers.cc:286) Log-like per frame for utterance AMI_TS3012d_SDM_MTD048ME_0188025_0188079 is -0.316645 over 52 frames.
AMI_TS3012d_SDM_MTD048ME_0190864_0190929 <unk> 
LOG (latgen-faster-mapped[5.2.134~1-ecd4]:DecodeUtteranceLatticeFaster():decoder-wrappers.cc:286) Log-like per frame for utterance AMI_TS3012d_SDM_MTD048ME_0190864_0190929 is -0.350979 over 63 frames.
AMI_TS3012d_SDM_MTD048ME_0191040_0191173 YEAH <unk> 
LOG (latgen-faster-mapped[5.2.134~1-ecd4]:DecodeUtteranceLatticeFaster():decoder-wrappers.cc:286) Log-like per frame for utterance AMI_TS3012d_SDM_MTD048ME_0191040_0191173 is -0.333793 over 131 frames.
AMI_TS3012d_SDM_MTD048ME_0191359_0191412 <unk> 
LOG (latgen-faster-mapped[5.2.134~1-ecd4]:DecodeUtteranceLatticeFaster():decoder-wrappers.cc:286) Log-like per frame for utterance AMI_TS3012d_SDM_MTD048ME_0191359_0191412 is -0.526672 over 51 frames.
AMI_TS3012d_SDM_MTD048ME_0191617_0191835 NO <unk> WELL 
LOG (latgen-faster-mapped[5.2.134~1-ecd4]:DecodeUtteranceLatticeFaster():decoder-wrappers.cc:286) Log-like per frame for utterance AMI_TS3012d_SDM_MTD048ME_0191617_0191835 is -0.357188 over 216 frames.
AMI_TS3012d_SDM_MTD048ME_0192069_0192119 REMOTE 
LOG (latgen-faster-mapped[5.2.134~1-ecd4]:DecodeUtteranceLatticeFaster():decoder-wrappers.cc:286) Log-like per frame for utterance AMI_TS3012d_SDM_MTD048ME_0192069_0192119 is -0.512793 over 48 frames.
AMI_TS3012d_SDM_MTD048ME_0192473_0192551 <unk> 
LOG (latgen-faster-mapped[5.2.134~1-ecd4]:DecodeUtteranceLatticeFaster():decoder-wrappers.cc:286) Log-like per frame for utterance AMI_TS3012d_SDM_MTD048ME_0192473_0192551 is -0.49333 over 76 frames.
AMI_TS3012d_SDM_MTD048ME_0192822_0192950 R. THREE C. 
LOG (latgen-faster-mapped[5.2.134~1-ecd4]:DecodeUtteranceLatticeFaster():decoder-wrappers.cc:286) Log-like per frame for utterance AMI_TS3012d_SDM_MTD048ME_0192822_0192950 is -0.367141 over 126 frames.
AMI_TS3012d_SDM_MTD048ME_0193218_0193552 WE WE <unk> REMOTE CONTROL 
LOG (latgen-faster-mapped[5.2.134~1-ecd4]:DecodeUtteranceLatticeFaster():decoder-wrappers.cc:286) Log-like per frame for utterance AMI_TS3012d_SDM_MTD048ME_0193218_0193552 is -0.337631 over 332 frames.
AMI_TS3012d_SDM_MTD048ME_0193552_0193716 ARE WE 
LOG (latgen-faster-mapped[5.2.134~1-ecd4]:DecodeUtteranceLatticeFaster():decoder-wrappers.cc:286) Log-like per frame for utterance AMI_TS3012d_SDM_MTD048ME_0193552_0193716 is -0.28542 over 162 frames.
AMI_TS3012d_SDM_MTD048ME_0193716_0193746 <unk> 
LOG (latgen-faster-mapped[5.2.134~1-ecd4]:DecodeUtteranceLatticeFaster():decoder-wrappers.cc:286) Log-like per frame for utterance AMI_TS3012d_SDM_MTD048ME_0193716_0193746 is -0.73493 over 28 frames.
AMI_TS3012d_SDM_MTD048ME_0194463_0194554 MORE 
LOG (latgen-faster-mapped[5.2.134~1-ecd4]:DecodeUtteranceLatticeFaster():decoder-wrappers.cc:286) Log-like per frame for utterance AMI_TS3012d_SDM_MTD048ME_0194463_0194554 is -0.625035 over 89 frames.
AMI_TS3012d_SDM_MTD048ME_0194895_0194981 <unk> 
LOG (latgen-faster-mapped[5.2.134~1-ecd4]:DecodeUtteranceLatticeFaster():decoder-wrappers.cc:286) Log-like per frame for utterance AMI_TS3012d_SDM_MTD048ME_0194895_0194981 is -0.584537 over 84 frames.
AMI_TS3012d_SDM_MTD048ME_0195197_0195310 TRUE OR 
LOG (latgen-faster-mapped[5.2.134~1-ecd4]:DecodeUtteranceLatticeFaster():decoder-wrappers.cc:286) Log-like per frame for utterance AMI_TS3012d_SDM_MTD048ME_0195197_0195310 is -0.436481 over 111 frames.
AMI_TS3012d_SDM_MTD048ME_0195707_0195873 MM 
LOG (latgen-faster-mapped[5.2.134~1-ecd4]:DecodeUtteranceLatticeFaster():decoder-wrappers.cc:286) Log-like per frame for utterance AMI_TS3012d_SDM_MTD048ME_0195707_0195873 is -0.18378 over 164 frames.
AMI_TS3012d_SDM_MTD048ME_0197858_0197962 YOU 
LOG (latgen-faster-mapped[5.2.134~1-ecd4]:DecodeUtteranceLatticeFaster():decoder-wrappers.cc:286) Log-like per frame for utterance AMI_TS3012d_SDM_MTD048ME_0197858_0197962 is -0.36413 over 102 frames.
AMI_TS3012d_SDM_MTD048ME_0199970_0200015 <unk> 
LOG (latgen-faster-mapped[5.2.134~1-ecd4]:DecodeUtteranceLatticeFaster():decoder-wrappers.cc:286) Log-like per frame for utterance AMI_TS3012d_SDM_MTD048ME_0199970_0200015 is -0.589629 over 43 frames.
AMI_TS3012d_SDM_MTD048ME_0200580_0200818 <unk> YEAH <unk> 
LOG (latgen-faster-mapped[5.2.134~1-ecd4]:DecodeUtteranceLatticeFaster():decoder-wrappers.cc:286) Log-like per frame for utterance AMI_TS3012d_SDM_MTD048ME_0200580_0200818 is -0.471265 over 236 frames.
AMI_TS3012d_SDM_MTD048ME_0201583_0201657 <unk> 
LOG (latgen-faster-mapped[5.2.134~1-ecd4]:DecodeUtteranceLatticeFaster():decoder-wrappers.cc:286) Log-like per frame for utterance AMI_TS3012d_SDM_MTD048ME_0201583_0201657 is -0.419799 over 72 frames.
AMI_TS3012d_SDM_MTD048ME_0201940_0201980 YEAH 
LOG (latgen-faster-mapped[5.2.134~1-ecd4]:DecodeUtteranceLatticeFaster():decoder-wrappers.cc:286) Log-like per frame for utterance AMI_TS3012d_SDM_MTD048ME_0201940_0201980 is -0.398161 over 38 frames.
AMI_TS3012d_SDM_MTD048ME_0202403_0202453 IT'S OKAY 
LOG (latgen-faster-mapped[5.2.134~1-ecd4]:DecodeUtteranceLatticeFaster():decoder-wrappers.cc:286) Log-like per frame for utterance AMI_TS3012d_SDM_MTD048ME_0202403_0202453 is -0.553216 over 48 frames.
LOG (latgen-faster-mapped[5.2.134~1-ecd4]:main():latgen-faster-mapped.cc:164) Time taken 57.5514s: real-time factor assuming 100 frames/sec is 1.55041
LOG (latgen-faster-mapped[5.2.134~1-ecd4]:main():latgen-faster-mapped.cc:167) Done 33 utterances, failed for 0
LOG (latgen-faster-mapped[5.2.134~1-ecd4]:main():latgen-faster-mapped.cc:169) Overall log-likelihood per frame is -0.417147 over 3712 frames.
