latgen-faster-mapped --max-active=7000 --beam=15 --lattice-beam=7 --acoustic-scale=0.1 --allow-partial=true --word-symbol-table=/data/sls/scratch/haotang/ami//exp/ihm/tri3-logmel-hires/graph_ami_fsh.o3g.kn.pr1-7/words.txt /data/sls/scratch/haotang/ami//exp/ihm/tri3-logmel-hires_ali/final.mdl /data/sls/scratch/haotang/ami//exp/ihm/tri3-logmel-hires/graph_ami_fsh.o3g.kn.pr1-7/HCLG.fst ark:- 'ark:|gzip -c > /data/sls/r/u/atitus5/meng/am/logs/ami-0.1/train_ihm/baseline/frame-tdnn-450x7-step0.05/decode_sdm1/lat.7.gz' 
AMI_ES2009a_SDM_MEE033_0015796_0016350 I'M NOT GONNA YOU KNOW THERE FOR A <unk> ISN'T OR OR YEAH <unk> THERE ARE SO 
LOG (latgen-faster-mapped[5.2.134~1-ecd4]:DecodeUtteranceLatticeFaster():decoder-wrappers.cc:286) Log-like per frame for utterance AMI_ES2009a_SDM_MEE033_0015796_0016350 is -0.506323 over 552 frames.
AMI_ES2009a_SDM_MEE033_0016350_0016843 <unk> <unk> <unk> IF YOU'RE NOT AS WELL UM 
LOG (latgen-faster-mapped[5.2.134~1-ecd4]:DecodeUtteranceLatticeFaster():decoder-wrappers.cc:286) Log-like per frame for utterance AMI_ES2009a_SDM_MEE033_0016350_0016843 is -0.560754 over 491 frames.
AMI_ES2009a_SDM_MEE033_0016864_0017396 <unk> ARE ARE ARE THINGS THAT WE ROUND <unk> FIVE 
LOG (latgen-faster-mapped[5.2.134~1-ecd4]:RebuildRepository():determinize-lattice-pruned.cc:283) Rebuilding repository.
LOG (latgen-faster-mapped[5.2.134~1-ecd4]:DecodeUtteranceLatticeFaster():decoder-wrappers.cc:286) Log-like per frame for utterance AMI_ES2009a_SDM_MEE033_0016864_0017396 is -0.589253 over 530 frames.
AMI_ES2009a_SDM_MEE033_0017396_0017564 <unk> 
LOG (latgen-faster-mapped[5.2.134~1-ecd4]:DecodeUtteranceLatticeFaster():decoder-wrappers.cc:286) Log-like per frame for utterance AMI_ES2009a_SDM_MEE033_0017396_0017564 is -0.485814 over 166 frames.
AMI_ES2009a_SDM_MEE033_0017577_0018149 <unk> <unk> THESE WE ARE <unk> 
LOG (latgen-faster-mapped[5.2.134~1-ecd4]:DecodeUtteranceLatticeFaster():decoder-wrappers.cc:286) Log-like per frame for utterance AMI_ES2009a_SDM_MEE033_0017577_0018149 is -0.503017 over 570 frames.
AMI_ES2009a_SDM_MEE033_0018149_0018531 <unk> THIS IS <unk> 
LOG (latgen-faster-mapped[5.2.134~1-ecd4]:DecodeUtteranceLatticeFaster():decoder-wrappers.cc:286) Log-like per frame for utterance AMI_ES2009a_SDM_MEE033_0018149_0018531 is -0.419762 over 380 frames.
AMI_ES2009a_SDM_MEE033_0018531_0018817 SO <unk> IS THIS 
LOG (latgen-faster-mapped[5.2.134~1-ecd4]:DecodeUtteranceLatticeFaster():decoder-wrappers.cc:286) Log-like per frame for utterance AMI_ES2009a_SDM_MEE033_0018531_0018817 is -0.468989 over 284 frames.
AMI_ES2009a_SDM_MEE033_0019088_0019143 SO 
LOG (latgen-faster-mapped[5.2.134~1-ecd4]:DecodeUtteranceLatticeFaster():decoder-wrappers.cc:286) Log-like per frame for utterance AMI_ES2009a_SDM_MEE033_0019088_0019143 is -0.401154 over 53 frames.
AMI_ES2009a_SDM_MEE033_0019367_0019424 WHOLE 
LOG (latgen-faster-mapped[5.2.134~1-ecd4]:DecodeUtteranceLatticeFaster():decoder-wrappers.cc:286) Log-like per frame for utterance AMI_ES2009a_SDM_MEE033_0019367_0019424 is -0.46725 over 55 frames.
AMI_ES2009a_SDM_MEE033_0019424_0021498 SO I GUESS IT <unk> <unk> <unk> IN YOUR REMOTE CONTROL WHICH IS THRILLING UM UH UH <unk> NICE THING <unk> <unk> <unk> <unk> IN A LETTER IS THE UM THE WHOLE WHERE 
LOG (latgen-faster-mapped[5.2.134~1-ecd4]:RebuildRepository():determinize-lattice-pruned.cc:283) Rebuilding repository.
LOG (latgen-faster-mapped[5.2.134~1-ecd4]:RebuildRepository():determinize-lattice-pruned.cc:283) Rebuilding repository.
LOG (latgen-faster-mapped[5.2.134~1-ecd4]:RebuildRepository():determinize-lattice-pruned.cc:283) Rebuilding repository.
WARNING (latgen-faster-mapped[5.2.134~1-ecd4]:CheckMemoryUsage():determinize-lattice-pruned.cc:316) Did not reach requested beam in determinize-lattice: size exceeds maximum 50000000 bytes; (repo,arcs,elems) = (24719008,197888,25209816), after rebuilding, repo size was 15370144, effective beam was 6.2079 vs. requested beam 7
WARNING (latgen-faster-mapped[5.2.134~1-ecd4]:DecodeUtteranceLatticeFaster():decoder-wrappers.cc:274) Determinization finished earlier than the beam for utterance AMI_ES2009a_SDM_MEE033_0019424_0021498
LOG (latgen-faster-mapped[5.2.134~1-ecd4]:DecodeUtteranceLatticeFaster():decoder-wrappers.cc:286) Log-like per frame for utterance AMI_ES2009a_SDM_MEE033_0019424_0021498 is -0.437177 over 2072 frames.
AMI_ES2009a_SDM_MEE033_0021519_0022003 UM WE GOT <unk> MIX THINGS FASHIONABLE TOSS 
LOG (latgen-faster-mapped[5.2.134~1-ecd4]:DecodeUtteranceLatticeFaster():decoder-wrappers.cc:286) Log-like per frame for utterance AMI_ES2009a_SDM_MEE033_0021519_0022003 is -0.430598 over 482 frames.
AMI_ES2009a_SDM_MEE033_0022003_0023036 LET'S CALL <unk> <unk> <unk> OR STUFF <unk> THINGS THAT <unk> YOU KNOW LIKE JOHN LEWIS NICE OR <unk> OR SOMETHING 
LOG (latgen-faster-mapped[5.2.134~1-ecd4]:DecodeUtteranceLatticeFaster():decoder-wrappers.cc:286) Log-like per frame for utterance AMI_ES2009a_SDM_MEE033_0022003_0023036 is -0.520917 over 1031 frames.
AMI_ES2009a_SDM_MEE033_0023144_0024081 SO UM IS WE ARE WE <unk> WE WERE <unk> USER FRIENDLY UM SLICK SLEEK WAY 
LOG (latgen-faster-mapped[5.2.134~1-ecd4]:DecodeUtteranceLatticeFaster():decoder-wrappers.cc:286) Log-like per frame for utterance AMI_ES2009a_SDM_MEE033_0023144_0024081 is -0.403661 over 935 frames.
AMI_ES2009a_SDM_MEE033_0024081_0024681 UM <unk> IT IS THE FIRST ONE OF US ARE ON THE BASICS 
LOG (latgen-faster-mapped[5.2.134~1-ecd4]:DecodeUtteranceLatticeFaster():decoder-wrappers.cc:286) Log-like per frame for utterance AMI_ES2009a_SDM_MEE033_0024081_0024681 is -0.490238 over 598 frames.
AMI_ES2009a_SDM_MEE033_0024701_0025525 AND THAT'S FUNNY NEWS YOU GUYS USER INTERFACE DESIGNER <unk> UM UM THE OTHER DESIGNER 
LOG (latgen-faster-mapped[5.2.134~1-ecd4]:DecodeUtteranceLatticeFaster():decoder-wrappers.cc:286) Log-like per frame for utterance AMI_ES2009a_SDM_MEE033_0024701_0025525 is -0.387215 over 822 frames.
AMI_ES2009a_SDM_MEE033_0025525_0026274 <unk> <unk> RIGHT <unk> 'KAY UM 
LOG (latgen-faster-mapped[5.2.134~1-ecd4]:DecodeUtteranceLatticeFaster():decoder-wrappers.cc:286) Log-like per frame for utterance AMI_ES2009a_SDM_MEE033_0025525_0026274 is -0.368503 over 747 frames.
AMI_ES2009a_SDM_MEE033_0026330_0027358 <unk> <unk> <unk> <unk> ARE YOU <unk> <unk> <unk> <unk> X. SEE 
LOG (latgen-faster-mapped[5.2.134~1-ecd4]:RebuildRepository():determinize-lattice-pruned.cc:283) Rebuilding repository.
LOG (latgen-faster-mapped[5.2.134~1-ecd4]:RebuildRepository():determinize-lattice-pruned.cc:283) Rebuilding repository.
LOG (latgen-faster-mapped[5.2.134~1-ecd4]:RebuildRepository():determinize-lattice-pruned.cc:283) Rebuilding repository.
WARNING (latgen-faster-mapped[5.2.134~1-ecd4]:CheckMemoryUsage():determinize-lattice-pruned.cc:316) Did not reach requested beam in determinize-lattice: size exceeds maximum 50000000 bytes; (repo,arcs,elems) = (27184480,40096,23691000), after rebuilding, repo size was 19090560, effective beam was 5.11476 vs. requested beam 7
WARNING (latgen-faster-mapped[5.2.134~1-ecd4]:DecodeUtteranceLatticeFaster():decoder-wrappers.cc:274) Determinization finished earlier than the beam for utterance AMI_ES2009a_SDM_MEE033_0026330_0027358
LOG (latgen-faster-mapped[5.2.134~1-ecd4]:DecodeUtteranceLatticeFaster():decoder-wrappers.cc:286) Log-like per frame for utterance AMI_ES2009a_SDM_MEE033_0026330_0027358 is -0.457983 over 1026 frames.
AMI_ES2009a_SDM_MEE033_0027414_0028045 <unk> UM OR <unk> UM WHAT IS NECESSARY TO OR LIKE WHAT WOULD REALLY 
LOG (latgen-faster-mapped[5.2.134~1-ecd4]:DecodeUtteranceLatticeFaster():decoder-wrappers.cc:286) Log-like per frame for utterance AMI_ES2009a_SDM_MEE033_0027414_0028045 is -0.451448 over 629 frames.
AMI_ES2009a_SDM_MEE033_0028045_0028670 WHY <unk> <unk> <unk> 
LOG (latgen-faster-mapped[5.2.134~1-ecd4]:DecodeUtteranceLatticeFaster():decoder-wrappers.cc:286) Log-like per frame for utterance AMI_ES2009a_SDM_MEE033_0028045_0028670 is -0.434055 over 623 frames.
AMI_ES2009a_SDM_MEE033_0028670_0029567 YES <unk> FIVE NICE TO THE <unk> HA BUT IT'S ALSO THERE IT'S NOT LIKE REALLY SHE CLASSES <unk> 
LOG (latgen-faster-mapped[5.2.134~1-ecd4]:DecodeUtteranceLatticeFaster():decoder-wrappers.cc:286) Log-like per frame for utterance AMI_ES2009a_SDM_MEE033_0028670_0029567 is -0.470823 over 895 frames.
AMI_ES2009a_SDM_MEE033_0029567_0029654 SO 
LOG (latgen-faster-mapped[5.2.134~1-ecd4]:DecodeUtteranceLatticeFaster():decoder-wrappers.cc:286) Log-like per frame for utterance AMI_ES2009a_SDM_MEE033_0029567_0029654 is -0.372664 over 85 frames.
AMI_ES2009a_SDM_MEE033_0029683_0031523 <unk> FROM HERE <unk> <unk> <unk> FINAL WORRY IS HAND ALLOW <unk> WHAT YOU GUYS ARE <unk> SO <unk> TELL US WHAT WE CALL WILL GO 
LOG (latgen-faster-mapped[5.2.134~1-ecd4]:DecodeUtteranceLatticeFaster():decoder-wrappers.cc:286) Log-like per frame for utterance AMI_ES2009a_SDM_MEE033_0029683_0031523 is -0.445519 over 1838 frames.
AMI_ES2009a_SDM_MEE033_0031532_0032593 <unk> BASICS <unk> <unk> YOU KNOW <unk> ONE <unk> ABOUT WHAT PA <unk> 
LOG (latgen-faster-mapped[5.2.134~1-ecd4]:DecodeUtteranceLatticeFaster():decoder-wrappers.cc:286) Log-like per frame for utterance AMI_ES2009a_SDM_MEE033_0031532_0032593 is -0.512754 over 1059 frames.
AMI_ES2009a_SDM_MEE033_0032630_0032923 <unk> <unk> SEE AT ALL 
LOG (latgen-faster-mapped[5.2.134~1-ecd4]:DecodeUtteranceLatticeFaster():decoder-wrappers.cc:286) Log-like per frame for utterance AMI_ES2009a_SDM_MEE033_0032630_0032923 is -0.369143 over 291 frames.
AMI_ES2009a_SDM_MEE033_0032923_0033034 SO <unk> 
LOG (latgen-faster-mapped[5.2.134~1-ecd4]:DecodeUtteranceLatticeFaster():decoder-wrappers.cc:286) Log-like per frame for utterance AMI_ES2009a_SDM_MEE033_0032923_0033034 is -0.64127 over 109 frames.
AMI_ES2009a_SDM_MEE033_0033034_0033224 <unk> 
LOG (latgen-faster-mapped[5.2.134~1-ecd4]:DecodeUtteranceLatticeFaster():decoder-wrappers.cc:286) Log-like per frame for utterance AMI_ES2009a_SDM_MEE033_0033034_0033224 is -0.278543 over 188 frames.
AMI_ES2009a_SDM_MEE033_0033224_0033645 WELL UM RIGHT SO <unk> WHITE OR <unk> 
LOG (latgen-faster-mapped[5.2.134~1-ecd4]:DecodeUtteranceLatticeFaster():decoder-wrappers.cc:286) Log-like per frame for utterance AMI_ES2009a_SDM_MEE033_0033224_0033645 is -0.454131 over 419 frames.
AMI_ES2009a_SDM_MEE033_0033757_0034539 BASICALLY YEAH JUST SEE YOU STILL A HIGHER <unk> EITHER UM ON THIS THIS ARE CARRIER FOR OUR REMOTE SO 
LOG (latgen-faster-mapped[5.2.134~1-ecd4]:DecodeUtteranceLatticeFaster():decoder-wrappers.cc:286) Log-like per frame for utterance AMI_ES2009a_SDM_MEE033_0033757_0034539 is -0.540761 over 780 frames.
AMI_ES2009a_SDM_MEE033_0034613_0035854 UH AND I'M JUST LYING AROUND ON STILL EITHER ONE OF THE NEEDS OF MY UM <unk> <unk> <unk> FIVE SEESAW ONE WITH YOU NEED ONE 
LOG (latgen-faster-mapped[5.2.134~1-ecd4]:DecodeUtteranceLatticeFaster():decoder-wrappers.cc:286) Log-like per frame for utterance AMI_ES2009a_SDM_MEE033_0034613_0035854 is -0.513142 over 1239 frames.
AMI_ES2009a_SDM_MEE033_0035854_0036279 WELL I <unk> I MEAN WHAT ON THE UH 
LOG (latgen-faster-mapped[5.2.134~1-ecd4]:DecodeUtteranceLatticeFaster():decoder-wrappers.cc:286) Log-like per frame for utterance AMI_ES2009a_SDM_MEE033_0035854_0036279 is -0.46769 over 423 frames.
AMI_ES2009a_SDM_MEE033_0036279_0036531 UH <unk> IT'S 
LOG (latgen-faster-mapped[5.2.134~1-ecd4]:DecodeUtteranceLatticeFaster():decoder-wrappers.cc:286) Log-like per frame for utterance AMI_ES2009a_SDM_MEE033_0036279_0036531 is -0.345076 over 250 frames.
AMI_ES2009a_SDM_MEE033_0036531_0036587 NEXT 
LOG (latgen-faster-mapped[5.2.134~1-ecd4]:DecodeUtteranceLatticeFaster():decoder-wrappers.cc:286) Log-like per frame for utterance AMI_ES2009a_SDM_MEE033_0036531_0036587 is -0.648052 over 54 frames.
AMI_ES2009a_SDM_MEE033_0036692_0036857 <unk> 
LOG (latgen-faster-mapped[5.2.134~1-ecd4]:DecodeUtteranceLatticeFaster():decoder-wrappers.cc:286) Log-like per frame for utterance AMI_ES2009a_SDM_MEE033_0036692_0036857 is -0.396693 over 163 frames.
AMI_ES2009a_SDM_MEE033_0036857_0036932 ON 
LOG (latgen-faster-mapped[5.2.134~1-ecd4]:DecodeUtteranceLatticeFaster():decoder-wrappers.cc:286) Log-like per frame for utterance AMI_ES2009a_SDM_MEE033_0036857_0036932 is -0.377759 over 73 frames.
LOG (latgen-faster-mapped[5.2.134~1-ecd4]:main():latgen-faster-mapped.cc:164) Time taken 429.021s: real-time factor assuming 100 frames/sec is 2.15458
LOG (latgen-faster-mapped[5.2.134~1-ecd4]:main():latgen-faster-mapped.cc:167) Done 34 utterances, failed for 0
LOG (latgen-faster-mapped[5.2.134~1-ecd4]:main():latgen-faster-mapped.cc:169) Overall log-likelihood per frame is -0.462878 over 19912 frames.
