latgen-faster-mapped --max-active=7000 --beam=15 --lattice-beam=7 --acoustic-scale=0.1 --allow-partial=true --word-symbol-table=/data/sls/scratch/haotang/ami//exp/ihm/tri3-logmel-hires/graph_ami_fsh.o3g.kn.pr1-7/words.txt /data/sls/scratch/haotang/ami//exp/ihm/tri3-logmel-hires_ali/final.mdl /data/sls/scratch/haotang/ami//exp/ihm/tri3-logmel-hires/graph_ami_fsh.o3g.kn.pr1-7/HCLG.fst ark:- 'ark:|gzip -c > /data/sls/r/u/atitus5/meng/am/logs/ami-0.1/train_ihm/baseline/frame-tdnn-450x7-step0.05/decode_sdm1/lat.25.gz' 
AMI_TS3009c_SDM_MTD034ID_0087233_0087285 YEAH 
LOG (latgen-faster-mapped[5.2.134~1-ecd4]:DecodeUtteranceLatticeFaster():decoder-wrappers.cc:286) Log-like per frame for utterance AMI_TS3009c_SDM_MTD034ID_0087233_0087285 is -0.369693 over 50 frames.
AMI_TS3009c_SDM_MTD034ID_0087897_0088096 BUT I FOR YOUNG TOO 
LOG (latgen-faster-mapped[5.2.134~1-ecd4]:DecodeUtteranceLatticeFaster():decoder-wrappers.cc:286) Log-like per frame for utterance AMI_TS3009c_SDM_MTD034ID_0087897_0088096 is -0.584962 over 197 frames.
AMI_TS3009c_SDM_MTD034ID_0088096_0088161 <unk> 
LOG (latgen-faster-mapped[5.2.134~1-ecd4]:DecodeUtteranceLatticeFaster():decoder-wrappers.cc:286) Log-like per frame for utterance AMI_TS3009c_SDM_MTD034ID_0088096_0088161 is -0.75674 over 63 frames.
AMI_TS3009c_SDM_MTD034ID_0088161_0088176 YEAH 
LOG (latgen-faster-mapped[5.2.134~1-ecd4]:DecodeUtteranceLatticeFaster():decoder-wrappers.cc:286) Log-like per frame for utterance AMI_TS3009c_SDM_MTD034ID_0088161_0088176 is -0.952999 over 13 frames.
AMI_TS3009c_SDM_MTD034ID_0088423_0088478 IT 
LOG (latgen-faster-mapped[5.2.134~1-ecd4]:DecodeUtteranceLatticeFaster():decoder-wrappers.cc:286) Log-like per frame for utterance AMI_TS3009c_SDM_MTD034ID_0088423_0088478 is -0.653288 over 53 frames.
AMI_TS3009c_SDM_MTD034ID_0088478_0088503 YEAH 
LOG (latgen-faster-mapped[5.2.134~1-ecd4]:DecodeUtteranceLatticeFaster():decoder-wrappers.cc:286) Log-like per frame for utterance AMI_TS3009c_SDM_MTD034ID_0088478_0088503 is -0.330496 over 23 frames.
AMI_TS3009c_SDM_MTD034ID_0094314_0094556 <unk> WILL ARE WELL OR 
LOG (latgen-faster-mapped[5.2.134~1-ecd4]:DecodeUtteranceLatticeFaster():decoder-wrappers.cc:286) Log-like per frame for utterance AMI_TS3009c_SDM_MTD034ID_0094314_0094556 is -0.62526 over 240 frames.
AMI_TS3009c_SDM_MTD034ID_0095068_0095112 HMM 
LOG (latgen-faster-mapped[5.2.134~1-ecd4]:DecodeUtteranceLatticeFaster():decoder-wrappers.cc:286) Log-like per frame for utterance AMI_TS3009c_SDM_MTD034ID_0095068_0095112 is -0.416543 over 42 frames.
AMI_TS3009c_SDM_MTD034ID_0095112_0095152 ALRIGHT 
LOG (latgen-faster-mapped[5.2.134~1-ecd4]:DecodeUtteranceLatticeFaster():decoder-wrappers.cc:286) Log-like per frame for utterance AMI_TS3009c_SDM_MTD034ID_0095112_0095152 is -0.40563 over 38 frames.
AMI_TS3009c_SDM_MTD034ID_0097030_0097169 <unk> 
LOG (latgen-faster-mapped[5.2.134~1-ecd4]:DecodeUtteranceLatticeFaster():decoder-wrappers.cc:286) Log-like per frame for utterance AMI_TS3009c_SDM_MTD034ID_0097030_0097169 is -0.399902 over 137 frames.
AMI_TS3009c_SDM_MTD034ID_0100565_0100715 <unk> 
LOG (latgen-faster-mapped[5.2.134~1-ecd4]:DecodeUtteranceLatticeFaster():decoder-wrappers.cc:286) Log-like per frame for utterance AMI_TS3009c_SDM_MTD034ID_0100565_0100715 is -0.593467 over 148 frames.
AMI_TS3009c_SDM_MTD034ID_0100865_0101084 <unk> WHO THE UH 
LOG (latgen-faster-mapped[5.2.134~1-ecd4]:DecodeUtteranceLatticeFaster():decoder-wrappers.cc:286) Log-like per frame for utterance AMI_TS3009c_SDM_MTD034ID_0100865_0101084 is -0.464019 over 217 frames.
AMI_TS3009c_SDM_MTD034ID_0101264_0101397 YELLOW THAT 
LOG (latgen-faster-mapped[5.2.134~1-ecd4]:DecodeUtteranceLatticeFaster():decoder-wrappers.cc:286) Log-like per frame for utterance AMI_TS3009c_SDM_MTD034ID_0101264_0101397 is -0.563181 over 131 frames.
AMI_TS3009c_SDM_MTD034ID_0101494_0101679 <unk> OH OR 
LOG (latgen-faster-mapped[5.2.134~1-ecd4]:DecodeUtteranceLatticeFaster():decoder-wrappers.cc:286) Log-like per frame for utterance AMI_TS3009c_SDM_MTD034ID_0101494_0101679 is -0.357 over 183 frames.
AMI_TS3009c_SDM_MTD034ID_0101679_0101912 JUST 
LOG (latgen-faster-mapped[5.2.134~1-ecd4]:DecodeUtteranceLatticeFaster():decoder-wrappers.cc:286) Log-like per frame for utterance AMI_TS3009c_SDM_MTD034ID_0101679_0101912 is -0.218561 over 231 frames.
AMI_TS3009c_SDM_MTD034ID_0102650_0102886 <unk> CHANNEL WHAT YEAH 
LOG (latgen-faster-mapped[5.2.134~1-ecd4]:DecodeUtteranceLatticeFaster():decoder-wrappers.cc:286) Log-like per frame for utterance AMI_TS3009c_SDM_MTD034ID_0102650_0102886 is -0.513731 over 234 frames.
AMI_TS3009c_SDM_MTD034ID_0103327_0103539 AND THEN IT ALL THE 
LOG (latgen-faster-mapped[5.2.134~1-ecd4]:DecodeUtteranceLatticeFaster():decoder-wrappers.cc:286) Log-like per frame for utterance AMI_TS3009c_SDM_MTD034ID_0103327_0103539 is -0.457854 over 210 frames.
AMI_TS3009c_SDM_MTD034ID_0104208_0104293 NO NO 
LOG (latgen-faster-mapped[5.2.134~1-ecd4]:DecodeUtteranceLatticeFaster():decoder-wrappers.cc:286) Log-like per frame for utterance AMI_TS3009c_SDM_MTD034ID_0104208_0104293 is -0.607914 over 83 frames.
AMI_TS3009c_SDM_MTD034ID_0104891_0104932 MM-HMM 
LOG (latgen-faster-mapped[5.2.134~1-ecd4]:DecodeUtteranceLatticeFaster():decoder-wrappers.cc:286) Log-like per frame for utterance AMI_TS3009c_SDM_MTD034ID_0104891_0104932 is -0.449238 over 39 frames.
AMI_TS3009c_SDM_MTD034ID_0107860_0108105 <unk> <unk> <unk> EARLIER 
LOG (latgen-faster-mapped[5.2.134~1-ecd4]:DecodeUtteranceLatticeFaster():decoder-wrappers.cc:286) Log-like per frame for utterance AMI_TS3009c_SDM_MTD034ID_0107860_0108105 is -0.560353 over 243 frames.
AMI_TS3009c_SDM_MTD034ID_0108105_0108345 PATERSON MENU MOTHER YEAH OH 
LOG (latgen-faster-mapped[5.2.134~1-ecd4]:DecodeUtteranceLatticeFaster():decoder-wrappers.cc:286) Log-like per frame for utterance AMI_TS3009c_SDM_MTD034ID_0108105_0108345 is -0.66705 over 238 frames.
AMI_TS3009c_SDM_MTD034ID_0108345_0108707 <unk> USUAL THE <unk> YOU JUST 
LOG (latgen-faster-mapped[5.2.134~1-ecd4]:DecodeUtteranceLatticeFaster():decoder-wrappers.cc:286) Log-like per frame for utterance AMI_TS3009c_SDM_MTD034ID_0108345_0108707 is -0.573911 over 360 frames.
AMI_TS3009c_SDM_MTD034ID_0108814_0108894 <unk> IT 
LOG (latgen-faster-mapped[5.2.134~1-ecd4]:DecodeUtteranceLatticeFaster():decoder-wrappers.cc:286) Log-like per frame for utterance AMI_TS3009c_SDM_MTD034ID_0108814_0108894 is -0.505307 over 78 frames.
AMI_TS3009c_SDM_MTD034ID_0108894_0108910 YEAH 
LOG (latgen-faster-mapped[5.2.134~1-ecd4]:DecodeUtteranceLatticeFaster():decoder-wrappers.cc:286) Log-like per frame for utterance AMI_TS3009c_SDM_MTD034ID_0108894_0108910 is -0.36508 over 14 frames.
AMI_TS3009c_SDM_MTD034ID_0109174_0109233 YEAH 
LOG (latgen-faster-mapped[5.2.134~1-ecd4]:DecodeUtteranceLatticeFaster():decoder-wrappers.cc:286) Log-like per frame for utterance AMI_TS3009c_SDM_MTD034ID_0109174_0109233 is -0.251969 over 57 frames.
AMI_TS3009c_SDM_MTD034ID_0109233_0109497 AND YOU CAN YOU CAN <unk> 
LOG (latgen-faster-mapped[5.2.134~1-ecd4]:DecodeUtteranceLatticeFaster():decoder-wrappers.cc:286) Log-like per frame for utterance AMI_TS3009c_SDM_MTD034ID_0109233_0109497 is -0.542121 over 262 frames.
AMI_TS3009c_SDM_MTD034ID_0109776_0109816 NO YOU 
LOG (latgen-faster-mapped[5.2.134~1-ecd4]:DecodeUtteranceLatticeFaster():decoder-wrappers.cc:286) Log-like per frame for utterance AMI_TS3009c_SDM_MTD034ID_0109776_0109816 is -0.669775 over 38 frames.
AMI_TS3009c_SDM_MTD034ID_0112161_0112682 <unk> <unk> <unk> YEAH YEAH YEAH MM THE MICROPHONE 
LOG (latgen-faster-mapped[5.2.134~1-ecd4]:DecodeUtteranceLatticeFaster():decoder-wrappers.cc:286) Log-like per frame for utterance AMI_TS3009c_SDM_MTD034ID_0112161_0112682 is -0.411516 over 519 frames.
AMI_TS3009c_SDM_MTD034ID_0112682_0112751 <unk> 
LOG (latgen-faster-mapped[5.2.134~1-ecd4]:DecodeUtteranceLatticeFaster():decoder-wrappers.cc:286) Log-like per frame for utterance AMI_TS3009c_SDM_MTD034ID_0112682_0112751 is -0.620138 over 67 frames.
AMI_TS3009c_SDM_MTD034ID_0113304_0113335 UH-HUH 
LOG (latgen-faster-mapped[5.2.134~1-ecd4]:DecodeUtteranceLatticeFaster():decoder-wrappers.cc:286) Log-like per frame for utterance AMI_TS3009c_SDM_MTD034ID_0113304_0113335 is -0.519185 over 29 frames.
AMI_TS3009c_SDM_MTD034ID_0113956_0114035 <unk> 
LOG (latgen-faster-mapped[5.2.134~1-ecd4]:DecodeUtteranceLatticeFaster():decoder-wrappers.cc:286) Log-like per frame for utterance AMI_TS3009c_SDM_MTD034ID_0113956_0114035 is -0.538729 over 77 frames.
AMI_TS3009c_SDM_MTD034ID_0114700_0114966 
LOG (latgen-faster-mapped[5.2.134~1-ecd4]:DecodeUtteranceLatticeFaster():decoder-wrappers.cc:286) Log-like per frame for utterance AMI_TS3009c_SDM_MTD034ID_0114700_0114966 is -0.215207 over 264 frames.
AMI_TS3009c_SDM_MTD034ID_0114966_0115588 YEAH BUT UH WE DO HAVE THE THERE 
LOG (latgen-faster-mapped[5.2.134~1-ecd4]:DecodeUtteranceLatticeFaster():decoder-wrappers.cc:286) Log-like per frame for utterance AMI_TS3009c_SDM_MTD034ID_0114966_0115588 is -0.472956 over 620 frames.
LOG (latgen-faster-mapped[5.2.134~1-ecd4]:main():latgen-faster-mapped.cc:164) Time taken 97.5528s: real-time factor assuming 100 frames/sec is 1.87674
LOG (latgen-faster-mapped[5.2.134~1-ecd4]:main():latgen-faster-mapped.cc:167) Done 33 utterances, failed for 0
LOG (latgen-faster-mapped[5.2.134~1-ecd4]:main():latgen-faster-mapped.cc:169) Overall log-likelihood per frame is -0.485927 over 5198 frames.
