latgen-faster-mapped --max-active=7000 --beam=15 --lattice-beam=7 --acoustic-scale=0.1 --allow-partial=true --word-symbol-table=/data/sls/scratch/haotang/ami//exp/ihm/tri3-logmel-hires/graph_ami_fsh.o3g.kn.pr1-7/words.txt /data/sls/scratch/haotang/ami//exp/ihm/tri3-logmel-hires_ali/final.mdl /data/sls/scratch/haotang/ami//exp/ihm/tri3-logmel-hires/graph_ami_fsh.o3g.kn.pr1-7/HCLG.fst ark:- 'ark:|gzip -c > /data/sls/r/u/atitus5/meng/am/logs/ami-0.1/train_ihm/augmented_src_ihm/frame-tdnn-450x7-step0.05/ENC_C_256_256_K_3_3_P_3_3_F_/LATENT_256/DEC_F__C_256_256_K_3_3_P_3_3/ACT_ReLU_BN_false_WEIGHT_INIT_xavier_uniform/OPT_Adam_LR_0.0001_EPOCHS_25_BATCH_256_DEBUG_false/ae_ratio0.0/decode_ihm/lat.9.gz' 
AMI_ES2009a_H00_MEE033_0051392_0051429 HMM 
LOG (latgen-faster-mapped[5.2.134~1-ecd4]:DecodeUtteranceLatticeFaster():decoder-wrappers.cc:286) Log-like per frame for utterance AMI_ES2009a_H00_MEE033_0051392_0051429 is -0.498408 over 35 frames.
AMI_ES2009a_H00_MEE033_0051588_0051625 NICE 
LOG (latgen-faster-mapped[5.2.134~1-ecd4]:DecodeUtteranceLatticeFaster():decoder-wrappers.cc:286) Log-like per frame for utterance AMI_ES2009a_H00_MEE033_0051588_0051625 is -0.408755 over 35 frames.
AMI_ES2009a_H00_MEE033_0052357_0052454 OKAY YEAH YEAH 
LOG (latgen-faster-mapped[5.2.134~1-ecd4]:DecodeUtteranceLatticeFaster():decoder-wrappers.cc:286) Log-like per frame for utterance AMI_ES2009a_H00_MEE033_0052357_0052454 is -0.598139 over 95 frames.
AMI_ES2009a_H00_MEE033_0052998_0053150 WELL YEAH 
LOG (latgen-faster-mapped[5.2.134~1-ecd4]:DecodeUtteranceLatticeFaster():decoder-wrappers.cc:286) Log-like per frame for utterance AMI_ES2009a_H00_MEE033_0052998_0053150 is -0.155388 over 150 frames.
AMI_ES2009a_H00_MEE033_0053150_0053286 WELL FAMILY GUY 
LOG (latgen-faster-mapped[5.2.134~1-ecd4]:DecodeUtteranceLatticeFaster():decoder-wrappers.cc:286) Log-like per frame for utterance AMI_ES2009a_H00_MEE033_0053150_0053286 is -0.431758 over 134 frames.
AMI_ES2009a_H00_MEE033_0053286_0053458 ISN'T AS YOU WATCH TENNIS ISN'T 
LOG (latgen-faster-mapped[5.2.134~1-ecd4]:DecodeUtteranceLatticeFaster():decoder-wrappers.cc:286) Log-like per frame for utterance AMI_ES2009a_H00_MEE033_0053286_0053458 is -0.625441 over 170 frames.
AMI_ES2009a_H00_MEE033_0053745_0053953 I THINK THOSE ARE DOWNLOADING IT YEAH 
LOG (latgen-faster-mapped[5.2.134~1-ecd4]:DecodeUtteranceLatticeFaster():decoder-wrappers.cc:286) Log-like per frame for utterance AMI_ES2009a_H00_MEE033_0053745_0053953 is -0.440322 over 206 frames.
AMI_ES2009a_H00_MEE033_0056436_0056484 MM HMM 
LOG (latgen-faster-mapped[5.2.134~1-ecd4]:DecodeUtteranceLatticeFaster():decoder-wrappers.cc:286) Log-like per frame for utterance AMI_ES2009a_H00_MEE033_0056436_0056484 is -0.806671 over 46 frames.
AMI_ES2009a_H00_MEE033_0056745_0056890 AFRO BEAT ORCHESTRA 
LOG (latgen-faster-mapped[5.2.134~1-ecd4]:DecodeUtteranceLatticeFaster():decoder-wrappers.cc:286) Log-like per frame for utterance AMI_ES2009a_H00_MEE033_0056745_0056890 is -0.357508 over 143 frames.
AMI_ES2009a_H00_MEE033_0056890_0056966 THERE WE GO 
LOG (latgen-faster-mapped[5.2.134~1-ecd4]:DecodeUtteranceLatticeFaster():decoder-wrappers.cc:286) Log-like per frame for utterance AMI_ES2009a_H00_MEE033_0056890_0056966 is -0.525629 over 74 frames.
AMI_ES2009a_H00_MEE033_0056966_0056985 HMM 
LOG (latgen-faster-mapped[5.2.134~1-ecd4]:DecodeUtteranceLatticeFaster():decoder-wrappers.cc:286) Log-like per frame for utterance AMI_ES2009a_H00_MEE033_0056966_0056985 is -0.499826 over 17 frames.
AMI_ES2009a_H00_MEE033_0057655_0057711 WOW 
LOG (latgen-faster-mapped[5.2.134~1-ecd4]:DecodeUtteranceLatticeFaster():decoder-wrappers.cc:286) Log-like per frame for utterance AMI_ES2009a_H00_MEE033_0057655_0057711 is -0.420369 over 54 frames.
AMI_ES2009a_H00_MEE033_0058684_0058852 IT SORT OF <unk> PRESENTATION AS WELL 
LOG (latgen-faster-mapped[5.2.134~1-ecd4]:DecodeUtteranceLatticeFaster():decoder-wrappers.cc:286) Log-like per frame for utterance AMI_ES2009a_H00_MEE033_0058684_0058852 is -0.568259 over 166 frames.
AMI_ES2009a_H00_MEE033_0058852_0059071 IT'S DESIGNED SPECIFICALLY TALKING OR 
LOG (latgen-faster-mapped[5.2.134~1-ecd4]:DecodeUtteranceLatticeFaster():decoder-wrappers.cc:286) Log-like per frame for utterance AMI_ES2009a_H00_MEE033_0058852_0059071 is -0.53387 over 217 frames.
AMI_ES2009a_H00_MEE033_0059071_0059191 AND IT'S A BRILLIANT 
LOG (latgen-faster-mapped[5.2.134~1-ecd4]:DecodeUtteranceLatticeFaster():decoder-wrappers.cc:286) Log-like per frame for utterance AMI_ES2009a_H00_MEE033_0059071_0059191 is -0.595055 over 118 frames.
AMI_ES2009a_H00_MEE033_0059457_0059745 UM <unk> SIS IS GUESS IT 
LOG (latgen-faster-mapped[5.2.134~1-ecd4]:DecodeUtteranceLatticeFaster():decoder-wrappers.cc:286) Log-like per frame for utterance AMI_ES2009a_H00_MEE033_0059457_0059745 is -0.392959 over 286 frames.
AMI_ES2009a_H00_MEE033_0059745_0059786 <unk> 
LOG (latgen-faster-mapped[5.2.134~1-ecd4]:DecodeUtteranceLatticeFaster():decoder-wrappers.cc:286) Log-like per frame for utterance AMI_ES2009a_H00_MEE033_0059745_0059786 is -0.664264 over 39 frames.
AMI_ES2009a_H00_MEE033_0059786_0059900 YES 
LOG (latgen-faster-mapped[5.2.134~1-ecd4]:DecodeUtteranceLatticeFaster():decoder-wrappers.cc:286) Log-like per frame for utterance AMI_ES2009a_H00_MEE033_0059786_0059900 is -0.222429 over 112 frames.
AMI_ES2009a_H00_MEE033_0059900_0059994 STREET PIZZA 
LOG (latgen-faster-mapped[5.2.134~1-ecd4]:DecodeUtteranceLatticeFaster():decoder-wrappers.cc:286) Log-like per frame for utterance AMI_ES2009a_H00_MEE033_0059900_0059994 is -0.533156 over 92 frames.
AMI_ES2009a_H00_MEE033_0059994_0060104 IT'S <unk> 
LOG (latgen-faster-mapped[5.2.134~1-ecd4]:DecodeUtteranceLatticeFaster():decoder-wrappers.cc:286) Log-like per frame for utterance AMI_ES2009a_H00_MEE033_0059994_0060104 is -0.561317 over 108 frames.
AMI_ES2009a_H00_MEE033_0060270_0060650 I'VE SEEN MORE URINE IN THIS CITY THAN EVER BEFORE I MEAN 
LOG (latgen-faster-mapped[5.2.134~1-ecd4]:DecodeUtteranceLatticeFaster():decoder-wrappers.cc:286) Log-like per frame for utterance AMI_ES2009a_H00_MEE033_0060270_0060650 is -0.430324 over 378 frames.
AMI_ES2009a_H00_MEE033_0061440_0061571 IT'S OMITTING IN 
LOG (latgen-faster-mapped[5.2.134~1-ecd4]:DecodeUtteranceLatticeFaster():decoder-wrappers.cc:286) Log-like per frame for utterance AMI_ES2009a_H00_MEE033_0061440_0061571 is -0.519039 over 129 frames.
AMI_ES2009a_H00_MEE033_0061695_0061766 OH 
LOG (latgen-faster-mapped[5.2.134~1-ecd4]:DecodeUtteranceLatticeFaster():decoder-wrappers.cc:286) Log-like per frame for utterance AMI_ES2009a_H00_MEE033_0061695_0061766 is -0.489129 over 69 frames.
AMI_ES2009a_H00_MEE033_0062697_0062825 I'M GOING LOCAL 
LOG (latgen-faster-mapped[5.2.134~1-ecd4]:DecodeUtteranceLatticeFaster():decoder-wrappers.cc:286) Log-like per frame for utterance AMI_ES2009a_H00_MEE033_0062697_0062825 is -0.314493 over 126 frames.
AMI_ES2009a_H00_MEE033_0062825_0062883 <unk> LOCAL 
LOG (latgen-faster-mapped[5.2.134~1-ecd4]:DecodeUtteranceLatticeFaster():decoder-wrappers.cc:286) Log-like per frame for utterance AMI_ES2009a_H00_MEE033_0062825_0062883 is -0.718631 over 56 frames.
AMI_ES2009a_H00_MEE033_0062883_0063179 I HAVE TO BE HERE FOR THREE YEARS SUMMERS LOOK AT THE TERMINOLOGY RIGHT 
LOG (latgen-faster-mapped[5.2.134~1-ecd4]:DecodeUtteranceLatticeFaster():decoder-wrappers.cc:286) Log-like per frame for utterance AMI_ES2009a_H00_MEE033_0062883_0063179 is -0.55519 over 294 frames.
AMI_ES2009a_H00_MEE033_0063690_0063887 WELL IF YOU BEEN HOME YET 
LOG (latgen-faster-mapped[5.2.134~1-ecd4]:DecodeUtteranceLatticeFaster():decoder-wrappers.cc:286) Log-like per frame for utterance AMI_ES2009a_H00_MEE033_0063690_0063887 is -0.447126 over 195 frames.
AMI_ES2009a_H00_MEE033_0063887_0064510 THAT BE LIKE SAY SOMETHING CRAZY LIKE OH SHUT UP FAMILY 
LOG (latgen-faster-mapped[5.2.134~1-ecd4]:DecodeUtteranceLatticeFaster():decoder-wrappers.cc:286) Log-like per frame for utterance AMI_ES2009a_H00_MEE033_0063887_0064510 is -0.388062 over 621 frames.
AMI_ES2015a_H01_FEE058_0060872_0061325 AND THEY SEEM TO ENJOY THE COULD THING LIKE SUNSHINE AND UM 
LOG (latgen-faster-mapped[5.2.134~1-ecd4]:DecodeUtteranceLatticeFaster():decoder-wrappers.cc:286) Log-like per frame for utterance AMI_ES2015a_H01_FEE058_0060872_0061325 is -0.442131 over 451 frames.
AMI_ES2015a_H01_FEE058_0061325_0062479 READING AROUND OUTSIDE OF WELL IS BEING INSIDE IN IN DOING THERE'S NO NEED AND GENERALLY JUST THEY DISSING AND SO COOL AND THERE'S NO <unk> 
LOG (latgen-faster-mapped[5.2.134~1-ecd4]:DecodeUtteranceLatticeFaster():decoder-wrappers.cc:286) Log-like per frame for utterance AMI_ES2015a_H01_FEE058_0061325_0062479 is -0.476622 over 1152 frames.
AMI_ES2015a_H01_FEE058_0062479_0062754 YEAH I RECKON AS OF LOGO SORTED 
LOG (latgen-faster-mapped[5.2.134~1-ecd4]:DecodeUtteranceLatticeFaster():decoder-wrappers.cc:286) Log-like per frame for utterance AMI_ES2015a_H01_FEE058_0062479_0062754 is -0.510208 over 273 frames.
AMI_ES2015a_H01_FEE058_0062754_0062941 DON'T KNOW WHAT THEY WANT 
LOG (latgen-faster-mapped[5.2.134~1-ecd4]:DecodeUtteranceLatticeFaster():decoder-wrappers.cc:286) Log-like per frame for utterance AMI_ES2015a_H01_FEE058_0062754_0062941 is -0.316179 over 185 frames.
AMI_ES2015a_H01_FEE058_0062941_0063135 IT <unk> 
LOG (latgen-faster-mapped[5.2.134~1-ecd4]:DecodeUtteranceLatticeFaster():decoder-wrappers.cc:286) Log-like per frame for utterance AMI_ES2015a_H01_FEE058_0062941_0063135 is -0.548947 over 192 frames.
AMI_ES2015a_H01_FEE058_0063232_0063470 <unk> 
LOG (latgen-faster-mapped[5.2.134~1-ecd4]:DecodeUtteranceLatticeFaster():decoder-wrappers.cc:286) Log-like per frame for utterance AMI_ES2015a_H01_FEE058_0063232_0063470 is -0.194953 over 236 frames.
LOG (latgen-faster-mapped[5.2.134~1-ecd4]:main():latgen-faster-mapped.cc:164) Time taken 75.3039s: real-time factor assuming 100 frames/sec is 1.13171
LOG (latgen-faster-mapped[5.2.134~1-ecd4]:main():latgen-faster-mapped.cc:167) Done 34 utterances, failed for 0
LOG (latgen-faster-mapped[5.2.134~1-ecd4]:main():latgen-faster-mapped.cc:169) Overall log-likelihood per frame is -0.452459 over 6654 frames.
