latgen-faster-mapped --max-active=7000 --beam=15 --lattice-beam=7 --acoustic-scale=0.1 --allow-partial=true --word-symbol-table=/data/sls/scratch/haotang/ami//exp/ihm/tri3-logmel-hires/graph_ami_fsh.o3g.kn.pr1-7/words.txt /data/sls/scratch/haotang/ami//exp/ihm/tri3-logmel-hires_ali/final.mdl /data/sls/scratch/haotang/ami//exp/ihm/tri3-logmel-hires/graph_ami_fsh.o3g.kn.pr1-7/HCLG.fst ark:- 'ark:|gzip -c > /data/sls/r/u/atitus5/meng/am/logs/ami-0.1/train_ihm/augmented_src_ihm/frame-tdnn-450x7-step0.05/ENC_C_256_256_K_3_3_P_3_3_F_/LATENT_256/DEC_F__C_256_256_K_3_3_P_3_3/ACT_ReLU_BN_false_WEIGHT_INIT_xavier_uniform/OPT_Adam_LR_0.0001_EPOCHS_25_BATCH_256_DEBUG_false/ae_ratio0.0/decode_ihm/lat.25.gz' 
AMI_TS3009c_H02_MTD034ID_0087233_0087285 YEAH 
LOG (latgen-faster-mapped[5.2.134~1-ecd4]:DecodeUtteranceLatticeFaster():decoder-wrappers.cc:286) Log-like per frame for utterance AMI_TS3009c_H02_MTD034ID_0087233_0087285 is -0.25562 over 50 frames.
AMI_TS3009c_H02_MTD034ID_0087897_0088096 BUT IT'S IT'S NICE FOR YOUNG PEOPLE 
LOG (latgen-faster-mapped[5.2.134~1-ecd4]:DecodeUtteranceLatticeFaster():decoder-wrappers.cc:286) Log-like per frame for utterance AMI_TS3009c_H02_MTD034ID_0087897_0088096 is -0.412652 over 197 frames.
AMI_TS3009c_H02_MTD034ID_0088096_0088161 THE LIKE GET IT 
LOG (latgen-faster-mapped[5.2.134~1-ecd4]:DecodeUtteranceLatticeFaster():decoder-wrappers.cc:286) Log-like per frame for utterance AMI_TS3009c_H02_MTD034ID_0088096_0088161 is -0.656835 over 63 frames.
AMI_TS3009c_H02_MTD034ID_0088161_0088176 YEAH 
LOG (latgen-faster-mapped[5.2.134~1-ecd4]:DecodeUtteranceLatticeFaster():decoder-wrappers.cc:286) Log-like per frame for utterance AMI_TS3009c_H02_MTD034ID_0088161_0088176 is -0.453475 over 13 frames.
AMI_TS3009c_H02_MTD034ID_0088423_0088478 IF IT'S CHEAP 
LOG (latgen-faster-mapped[5.2.134~1-ecd4]:DecodeUtteranceLatticeFaster():decoder-wrappers.cc:286) Log-like per frame for utterance AMI_TS3009c_H02_MTD034ID_0088423_0088478 is -0.510028 over 53 frames.
AMI_TS3009c_H02_MTD034ID_0088478_0088503 YEAH 
LOG (latgen-faster-mapped[5.2.134~1-ecd4]:DecodeUtteranceLatticeFaster():decoder-wrappers.cc:286) Log-like per frame for utterance AMI_TS3009c_H02_MTD034ID_0088478_0088503 is -0.230144 over 23 frames.
AMI_TS3009c_H02_MTD034ID_0094314_0094556 'KAY DRAW IT NOW ALL PHONE CONTROL NO 
LOG (latgen-faster-mapped[5.2.134~1-ecd4]:DecodeUtteranceLatticeFaster():decoder-wrappers.cc:286) Log-like per frame for utterance AMI_TS3009c_H02_MTD034ID_0094314_0094556 is -0.50647 over 240 frames.
AMI_TS3009c_H02_MTD034ID_0095068_0095112 HMM 
LOG (latgen-faster-mapped[5.2.134~1-ecd4]:DecodeUtteranceLatticeFaster():decoder-wrappers.cc:286) Log-like per frame for utterance AMI_TS3009c_H02_MTD034ID_0095068_0095112 is -0.286344 over 42 frames.
AMI_TS3009c_H02_MTD034ID_0095112_0095152 ALRIGHT 
LOG (latgen-faster-mapped[5.2.134~1-ecd4]:DecodeUtteranceLatticeFaster():decoder-wrappers.cc:286) Log-like per frame for utterance AMI_TS3009c_H02_MTD034ID_0095112_0095152 is -0.338727 over 38 frames.
AMI_TS3009c_H02_MTD034ID_0097030_0097169 I SHOULD MAKE THE BUTTON YEAH 
LOG (latgen-faster-mapped[5.2.134~1-ecd4]:DecodeUtteranceLatticeFaster():decoder-wrappers.cc:286) Log-like per frame for utterance AMI_TS3009c_H02_MTD034ID_0097030_0097169 is -0.570744 over 137 frames.
AMI_TS3009c_H02_MTD034ID_0100565_0100715 AS A JUST A BANANA SHAPE 
LOG (latgen-faster-mapped[5.2.134~1-ecd4]:DecodeUtteranceLatticeFaster():decoder-wrappers.cc:286) Log-like per frame for utterance AMI_TS3009c_H02_MTD034ID_0100565_0100715 is -0.535165 over 148 frames.
AMI_TS3009c_H02_MTD034ID_0100865_0101084 BECAUSE OF THE FRUITY A FASHION 
LOG (latgen-faster-mapped[5.2.134~1-ecd4]:DecodeUtteranceLatticeFaster():decoder-wrappers.cc:286) Log-like per frame for utterance AMI_TS3009c_H02_MTD034ID_0100865_0101084 is -0.360063 over 217 frames.
AMI_TS3009c_H02_MTD034ID_0101264_0101397 YELLOW UH 
LOG (latgen-faster-mapped[5.2.134~1-ecd4]:DecodeUtteranceLatticeFaster():decoder-wrappers.cc:286) Log-like per frame for utterance AMI_TS3009c_H02_MTD034ID_0101264_0101397 is -0.3163 over 131 frames.
AMI_TS3009c_H02_MTD034ID_0101494_0101679 YEAH OUR I'VE UH 
LOG (latgen-faster-mapped[5.2.134~1-ecd4]:DecodeUtteranceLatticeFaster():decoder-wrappers.cc:286) Log-like per frame for utterance AMI_TS3009c_H02_MTD034ID_0101494_0101679 is -0.305505 over 183 frames.
AMI_TS3009c_H02_MTD034ID_0101679_0101912 JUST THE HOMES 
LOG (latgen-faster-mapped[5.2.134~1-ecd4]:DecodeUtteranceLatticeFaster():decoder-wrappers.cc:286) Log-like per frame for utterance AMI_TS3009c_H02_MTD034ID_0101679_0101912 is -0.255663 over 231 frames.
AMI_TS3009c_H02_MTD034ID_0102650_0102886 THOSE ARE THE THE CHANGE THE CHANNEL BUTTONS OF COURSE 
LOG (latgen-faster-mapped[5.2.134~1-ecd4]:DecodeUtteranceLatticeFaster():decoder-wrappers.cc:286) Log-like per frame for utterance AMI_TS3009c_H02_MTD034ID_0102650_0102886 is -0.453675 over 234 frames.
AMI_TS3009c_H02_MTD034ID_0103327_0103539 AND THEN BELOW IS THE L. C. D. SCREEN 
LOG (latgen-faster-mapped[5.2.134~1-ecd4]:DecodeUtteranceLatticeFaster():decoder-wrappers.cc:286) Log-like per frame for utterance AMI_TS3009c_H02_MTD034ID_0103327_0103539 is -0.559044 over 210 frames.
AMI_TS3009c_H02_MTD034ID_0104208_0104293 ALRIGHT WELL 
LOG (latgen-faster-mapped[5.2.134~1-ecd4]:DecodeUtteranceLatticeFaster():decoder-wrappers.cc:286) Log-like per frame for utterance AMI_TS3009c_H02_MTD034ID_0104208_0104293 is -0.482234 over 83 frames.
AMI_TS3009c_H02_MTD034ID_0104891_0104932 MM-HMM 
LOG (latgen-faster-mapped[5.2.134~1-ecd4]:DecodeUtteranceLatticeFaster():decoder-wrappers.cc:286) Log-like per frame for utterance AMI_TS3009c_H02_MTD034ID_0104891_0104932 is -0.248789 over 39 frames.
AMI_TS3009c_H02_MTD034ID_0107860_0108105 YEAH BY BY PRESSING THE MENU BUTTON AGAIN 
LOG (latgen-faster-mapped[5.2.134~1-ecd4]:DecodeUtteranceLatticeFaster():decoder-wrappers.cc:286) Log-like per frame for utterance AMI_TS3009c_H02_MTD034ID_0107860_0108105 is -0.443402 over 243 frames.
AMI_TS3009c_H02_MTD034ID_0108105_0108345 BY PRESSING THE MENU BUTTON AGAIN YOU GO UH OH 
LOG (latgen-faster-mapped[5.2.134~1-ecd4]:DecodeUtteranceLatticeFaster():decoder-wrappers.cc:286) Log-like per frame for utterance AMI_TS3009c_H02_MTD034ID_0108105_0108345 is -0.47512 over 238 frames.
AMI_TS3009c_H02_MTD034ID_0108345_0108707 IT'S YOU USE ALL THE THE THE THE KIND OF THE WAY THEY LOOK 
LOG (latgen-faster-mapped[5.2.134~1-ecd4]:DecodeUtteranceLatticeFaster():decoder-wrappers.cc:286) Log-like per frame for utterance AMI_TS3009c_H02_MTD034ID_0108345_0108707 is -0.441115 over 360 frames.
AMI_TS3009c_H02_MTD034ID_0108814_0108894 YEAH 
LOG (latgen-faster-mapped[5.2.134~1-ecd4]:DecodeUtteranceLatticeFaster():decoder-wrappers.cc:286) Log-like per frame for utterance AMI_TS3009c_H02_MTD034ID_0108814_0108894 is -0.147339 over 78 frames.
AMI_TS3009c_H02_MTD034ID_0108894_0108910 YEAH 
LOG (latgen-faster-mapped[5.2.134~1-ecd4]:DecodeUtteranceLatticeFaster():decoder-wrappers.cc:286) Log-like per frame for utterance AMI_TS3009c_H02_MTD034ID_0108894_0108910 is -0.373209 over 14 frames.
AMI_TS3009c_H02_MTD034ID_0109174_0109233 YEAH 
LOG (latgen-faster-mapped[5.2.134~1-ecd4]:DecodeUtteranceLatticeFaster():decoder-wrappers.cc:286) Log-like per frame for utterance AMI_TS3009c_H02_MTD034ID_0109174_0109233 is -0.172311 over 57 frames.
AMI_TS3009c_H02_MTD034ID_0109233_0109497 WHAT YOU CAN MAYBE YOU CAN PRESS MENU AGAIN TO GET OUT 
LOG (latgen-faster-mapped[5.2.134~1-ecd4]:DecodeUtteranceLatticeFaster():decoder-wrappers.cc:286) Log-like per frame for utterance AMI_TS3009c_H02_MTD034ID_0109233_0109497 is -0.509783 over 262 frames.
AMI_TS3009c_H02_MTD034ID_0109776_0109816 NO 
LOG (latgen-faster-mapped[5.2.134~1-ecd4]:DecodeUtteranceLatticeFaster():decoder-wrappers.cc:286) Log-like per frame for utterance AMI_TS3009c_H02_MTD034ID_0109776_0109816 is -0.261648 over 38 frames.
AMI_TS3009c_H02_MTD034ID_0112161_0112682 WHERE WOULD YOU WILL PUT IT UH THEN AND WAYS THEY'RE RECORDING UH THE MICROPHONE 
LOG (latgen-faster-mapped[5.2.134~1-ecd4]:DecodeUtteranceLatticeFaster():decoder-wrappers.cc:286) Log-like per frame for utterance AMI_TS3009c_H02_MTD034ID_0112161_0112682 is -0.443484 over 519 frames.
AMI_TS3009c_H02_MTD034ID_0112682_0112751 WHERE WOULD YOU PUT IT 
LOG (latgen-faster-mapped[5.2.134~1-ecd4]:DecodeUtteranceLatticeFaster():decoder-wrappers.cc:286) Log-like per frame for utterance AMI_TS3009c_H02_MTD034ID_0112682_0112751 is -0.705793 over 67 frames.
AMI_TS3009c_H02_MTD034ID_0113304_0113335 UH-HUH 
LOG (latgen-faster-mapped[5.2.134~1-ecd4]:DecodeUtteranceLatticeFaster():decoder-wrappers.cc:286) Log-like per frame for utterance AMI_TS3009c_H02_MTD034ID_0113304_0113335 is -0.686873 over 29 frames.
AMI_TS3009c_H02_MTD034ID_0113956_0114035 MICROPHONE OH 
LOG (latgen-faster-mapped[5.2.134~1-ecd4]:DecodeUtteranceLatticeFaster():decoder-wrappers.cc:286) Log-like per frame for utterance AMI_TS3009c_H02_MTD034ID_0113956_0114035 is -0.617246 over 77 frames.
AMI_TS3009c_H02_MTD034ID_0114700_0114966 HI I'M STEM 
LOG (latgen-faster-mapped[5.2.134~1-ecd4]:DecodeUtteranceLatticeFaster():decoder-wrappers.cc:286) Log-like per frame for utterance AMI_TS3009c_H02_MTD034ID_0114700_0114966 is -0.279827 over 264 frames.
AMI_TS3009c_H02_MTD034ID_0114966_0115588 UH BUT SO WE COULD UH DO DO BUT IT'S HAVE MORE EXPENSIVE UH THE SPEAKER ON THE BACK OR SOMETHING 
LOG (latgen-faster-mapped[5.2.134~1-ecd4]:DecodeUtteranceLatticeFaster():decoder-wrappers.cc:286) Log-like per frame for utterance AMI_TS3009c_H02_MTD034ID_0114966_0115588 is -0.483696 over 620 frames.
LOG (latgen-faster-mapped[5.2.134~1-ecd4]:main():latgen-faster-mapped.cc:164) Time taken 53.5437s: real-time factor assuming 100 frames/sec is 1.03008
LOG (latgen-faster-mapped[5.2.134~1-ecd4]:main():latgen-faster-mapped.cc:167) Done 33 utterances, failed for 0
LOG (latgen-faster-mapped[5.2.134~1-ecd4]:main():latgen-faster-mapped.cc:169) Overall log-likelihood per frame is -0.433568 over 5198 frames.
