latgen-faster-mapped --max-active=7000 --beam=15 --lattice-beam=7 --acoustic-scale=0.1 --allow-partial=true --word-symbol-table=/data/sls/scratch/haotang/ami//exp/ihm/tri3-logmel-hires/graph_ami_fsh.o3g.kn.pr1-7/words.txt /data/sls/scratch/haotang/ami//exp/ihm/tri3-logmel-hires_ali/final.mdl /data/sls/scratch/haotang/ami//exp/ihm/tri3-logmel-hires/graph_ami_fsh.o3g.kn.pr1-7/HCLG.fst ark:- 'ark:|gzip -c > /data/sls/r/u/atitus5/meng/am/logs/ami-0.1/train_ihm/augmented_src_ihm/frame-tdnn-450x7-step0.05/ENC_C_256_256_K_3_3_P_3_3_F_/LATENT_256/DEC_F__C_256_256_K_3_3_P_3_3/ACT_ReLU_BN_false_WEIGHT_INIT_xavier_uniform/OPT_Adam_LR_0.0001_EPOCHS_25_BATCH_256_DEBUG_false/ae_ratio0.0/decode_ihm/lat.20.gz' 
AMI_IS1006c_H01_MIO040_0036842_0036898 YEAH 
LOG (latgen-faster-mapped[5.2.134~1-ecd4]:DecodeUtteranceLatticeFaster():decoder-wrappers.cc:286) Log-like per frame for utterance AMI_IS1006c_H01_MIO040_0036842_0036898 is -0.193263 over 54 frames.
AMI_IS1006c_H01_MIO040_0041124_0041157 OKAY 
LOG (latgen-faster-mapped[5.2.134~1-ecd4]:DecodeUtteranceLatticeFaster():decoder-wrappers.cc:286) Log-like per frame for utterance AMI_IS1006c_H01_MIO040_0041124_0041157 is -0.334221 over 31 frames.
AMI_IS1006c_H01_MIO040_0041565_0042135 OKAY AND STILL HAVE A HAMSTER CLOTHES THEY ALLOW US TO DISPLAY 
LOG (latgen-faster-mapped[5.2.134~1-ecd4]:DecodeUtteranceLatticeFaster():decoder-wrappers.cc:286) Log-like per frame for utterance AMI_IS1006c_H01_MIO040_0041565_0042135 is -0.442178 over 568 frames.
AMI_IS1006c_H01_MIO040_0042135_0042321 L. C. D. YEAH <unk> 
LOG (latgen-faster-mapped[5.2.134~1-ecd4]:DecodeUtteranceLatticeFaster():decoder-wrappers.cc:286) Log-like per frame for utterance AMI_IS1006c_H01_MIO040_0042135_0042321 is -0.408156 over 184 frames.
AMI_IS1006c_H01_MIO040_0042460_0043102 OR IT'S NOT GONNA BE AT NOW TOUCHABLE BUT STILL LIKE A SOURCE FOR INFORMATION OR SOURCE FOR MENUS 
LOG (latgen-faster-mapped[5.2.134~1-ecd4]:DecodeUtteranceLatticeFaster():decoder-wrappers.cc:286) Log-like per frame for utterance AMI_IS1006c_H01_MIO040_0042460_0043102 is -0.459649 over 640 frames.
AMI_IS1006c_H01_MIO040_0044034_0044235 OKAY SO LET'S HAVE LOST 
LOG (latgen-faster-mapped[5.2.134~1-ecd4]:DecodeUtteranceLatticeFaster():decoder-wrappers.cc:286) Log-like per frame for utterance AMI_IS1006c_H01_MIO040_0044034_0044235 is -0.429517 over 199 frames.
AMI_IS1006c_H01_MIO040_0045358_0046000 YEAH UH YEAH IT'S NOT GONNA BE A TOUCH PART TO JUST DISPLAY FOR THE NEW INFORMATION 
LOG (latgen-faster-mapped[5.2.134~1-ecd4]:DecodeUtteranceLatticeFaster():decoder-wrappers.cc:286) Log-like per frame for utterance AMI_IS1006c_H01_MIO040_0045358_0046000 is -0.410817 over 640 frames.
AMI_IS1006c_H01_MIO040_0046414_0046444 MM-HMM 
LOG (latgen-faster-mapped[5.2.134~1-ecd4]:DecodeUtteranceLatticeFaster():decoder-wrappers.cc:286) Log-like per frame for utterance AMI_IS1006c_H01_MIO040_0046414_0046444 is -0.262267 over 28 frames.
AMI_IS1006c_H01_MIO040_0048982_0049074 MM-HMM 
LOG (latgen-faster-mapped[5.2.134~1-ecd4]:DecodeUtteranceLatticeFaster():decoder-wrappers.cc:286) Log-like per frame for utterance AMI_IS1006c_H01_MIO040_0048982_0049074 is -0.250119 over 90 frames.
AMI_IS1006c_H01_MIO040_0049074_0049102 MM-HMM 
LOG (latgen-faster-mapped[5.2.134~1-ecd4]:DecodeUtteranceLatticeFaster():decoder-wrappers.cc:286) Log-like per frame for utterance AMI_IS1006c_H01_MIO040_0049074_0049102 is -0.341464 over 26 frames.
AMI_IS1006c_H01_MIO040_0056191_0056292 NO MORE QUESTIONS 
LOG (latgen-faster-mapped[5.2.134~1-ecd4]:DecodeUtteranceLatticeFaster():decoder-wrappers.cc:286) Log-like per frame for utterance AMI_IS1006c_H01_MIO040_0056191_0056292 is -0.462874 over 99 frames.
AMI_IS1006c_H01_MIO040_0056539_0056654 YEAH UM YEAH 
LOG (latgen-faster-mapped[5.2.134~1-ecd4]:DecodeUtteranceLatticeFaster():decoder-wrappers.cc:286) Log-like per frame for utterance AMI_IS1006c_H01_MIO040_0056539_0056654 is -0.490058 over 113 frames.
AMI_IS1006c_H01_MIO040_0057657_0059091 BUT STILL I LIST IS ALREADY <unk> CELLS HAMMER NOT JUST SORRY 
LOG (latgen-faster-mapped[5.2.134~1-ecd4]:DecodeUtteranceLatticeFaster():decoder-wrappers.cc:286) Log-like per frame for utterance AMI_IS1006c_H01_MIO040_0057657_0059091 is -0.22083 over 1432 frames.
AMI_IS1006c_H01_MIO040_0059091_0059411 UH <unk> FOR THAT'S NOT TOO MUCH 
LOG (latgen-faster-mapped[5.2.134~1-ecd4]:DecodeUtteranceLatticeFaster():decoder-wrappers.cc:286) Log-like per frame for utterance AMI_IS1006c_H01_MIO040_0059091_0059411 is -0.410324 over 318 frames.
AMI_IS1006c_H01_MIO040_0059411_0059579 OKAY 
LOG (latgen-faster-mapped[5.2.134~1-ecd4]:DecodeUtteranceLatticeFaster():decoder-wrappers.cc:286) Log-like per frame for utterance AMI_IS1006c_H01_MIO040_0059411_0059579 is -0.140483 over 166 frames.
AMI_IS1006c_H01_MIO040_0059579_0059890 AH <unk> THAT NUMBER THREE 
LOG (latgen-faster-mapped[5.2.134~1-ecd4]:DecodeUtteranceLatticeFaster():decoder-wrappers.cc:286) Log-like per frame for utterance AMI_IS1006c_H01_MIO040_0059579_0059890 is -0.321783 over 309 frames.
AMI_IS1006c_H01_MIO040_0060004_0060092 UM 
LOG (latgen-faster-mapped[5.2.134~1-ecd4]:DecodeUtteranceLatticeFaster():decoder-wrappers.cc:286) Log-like per frame for utterance AMI_IS1006c_H01_MIO040_0060004_0060092 is -0.479576 over 86 frames.
AMI_IS1006c_H01_MIO040_0060332_0060373 HMM 
LOG (latgen-faster-mapped[5.2.134~1-ecd4]:DecodeUtteranceLatticeFaster():decoder-wrappers.cc:286) Log-like per frame for utterance AMI_IS1006c_H01_MIO040_0060332_0060373 is -0.449735 over 39 frames.
AMI_IS1006c_H01_MIO040_0060534_0060958 NO UH HOW TO CUT THIS NOW IT'S YEAH 
LOG (latgen-faster-mapped[5.2.134~1-ecd4]:DecodeUtteranceLatticeFaster():decoder-wrappers.cc:286) Log-like per frame for utterance AMI_IS1006c_H01_MIO040_0060534_0060958 is -0.315776 over 422 frames.
AMI_IS1006c_H01_MIO040_0061196_0061800 UH FOR OF UH SORROWS A CONCEPT ALL THE INTERFACE 
LOG (latgen-faster-mapped[5.2.134~1-ecd4]:DecodeUtteranceLatticeFaster():decoder-wrappers.cc:286) Log-like per frame for utterance AMI_IS1006c_H01_MIO040_0061196_0061800 is -0.329542 over 602 frames.
AMI_IS1006c_H01_MIO040_0061800_0062351 <unk> <unk> COURSE A BROAD CONCEPT BOTTLE OF OTHER INTERFACE BUT FOR 
LOG (latgen-faster-mapped[5.2.134~1-ecd4]:DecodeUtteranceLatticeFaster():decoder-wrappers.cc:286) Log-like per frame for utterance AMI_IS1006c_H01_MIO040_0061800_0062351 is -0.500352 over 549 frames.
AMI_IS1006c_H01_MIO040_0062455_0063421 POSSIBLE INSTRUCTION OR USER'S MANUAL AND ALL THE CON LIKES SAYING SETS COME TOGETHER WITH YOUR T. V. AND REMOTE CONTROLS 
LOG (latgen-faster-mapped[5.2.134~1-ecd4]:DecodeUtteranceLatticeFaster():decoder-wrappers.cc:286) Log-like per frame for utterance AMI_IS1006c_H01_MIO040_0062455_0063421 is -0.432797 over 964 frames.
AMI_IS1006c_H01_MIO040_0063421_0063602 SO LET'S START WITH US 
LOG (latgen-faster-mapped[5.2.134~1-ecd4]:DecodeUtteranceLatticeFaster():decoder-wrappers.cc:286) Log-like per frame for utterance AMI_IS1006c_H01_MIO040_0063421_0063602 is -0.386701 over 179 frames.
AMI_IS1006c_H01_MIO040_0063602_0065572 WE GOT OUR PERFECT REMOTE CONTROL WITH A LOT OF BUTTONS AND UM WE GOT EXPLANATION FOR A BUTTON AND YOU CAN YOU USE THE TIME ON TO IT TO TAKE SOME DAYS TO LEARN ALL THESE BUTTONS AND THE THE L. C. D. IS GOING TO BE SUMMARY HERE OR 
LOG (latgen-faster-mapped[5.2.134~1-ecd4]:DecodeUtteranceLatticeFaster():decoder-wrappers.cc:286) Log-like per frame for utterance AMI_IS1006c_H01_MIO040_0063602_0065572 is -0.368329 over 1968 frames.
AMI_IS1006c_H01_MIO040_0065664_0066237 AND UH GO BACK BUTTON I DON'T KNOW WHERE THE WHERE TO US MAYBE ONE OF THESE BUTTONS 
LOG (latgen-faster-mapped[5.2.134~1-ecd4]:DecodeUtteranceLatticeFaster():decoder-wrappers.cc:286) Log-like per frame for utterance AMI_IS1006c_H01_MIO040_0065664_0066237 is -0.373894 over 571 frames.
AMI_IS1006c_H01_MIO040_0066237_0067208 AND UH OR ON AND OFF MM UH I DON'T REMEMBER SO UH IT IT IT SHOULD BE MAYBE THIS BUTTON <unk> ON AND OFF 
LOG (latgen-faster-mapped[5.2.134~1-ecd4]:DecodeUtteranceLatticeFaster():decoder-wrappers.cc:286) Log-like per frame for utterance AMI_IS1006c_H01_MIO040_0066237_0067208 is -0.371413 over 969 frames.
AMI_IS1006c_H01_MIO040_0067208_0067403 OR NO IN FOR 
LOG (latgen-faster-mapped[5.2.134~1-ecd4]:DecodeUtteranceLatticeFaster():decoder-wrappers.cc:286) Log-like per frame for utterance AMI_IS1006c_H01_MIO040_0067208_0067403 is -0.315624 over 193 frames.
AMI_IS1006c_H01_MIO040_0067403_0067540 I CAN SEE NOTHING 
LOG (latgen-faster-mapped[5.2.134~1-ecd4]:DecodeUtteranceLatticeFaster():decoder-wrappers.cc:286) Log-like per frame for utterance AMI_IS1006c_H01_MIO040_0067403_0067540 is -0.530211 over 135 frames.
AMI_IS1006c_H01_MIO040_0067540_0067759 SO THAT'S OUR CONCEPT 
LOG (latgen-faster-mapped[5.2.134~1-ecd4]:DecodeUtteranceLatticeFaster():decoder-wrappers.cc:286) Log-like per frame for utterance AMI_IS1006c_H01_MIO040_0067540_0067759 is -0.267691 over 217 frames.
AMI_IS1006c_H01_MIO040_0067759_0067983 IT'S CALLED HIM ELAINE MY REMOTE CONTROL 
LOG (latgen-faster-mapped[5.2.134~1-ecd4]:DecodeUtteranceLatticeFaster():decoder-wrappers.cc:286) Log-like per frame for utterance AMI_IS1006c_H01_MIO040_0067759_0067983 is -0.564985 over 222 frames.
AMI_IS1006c_H01_MIO040_0068480_0068551 YEAH 
LOG (latgen-faster-mapped[5.2.134~1-ecd4]:DecodeUtteranceLatticeFaster():decoder-wrappers.cc:286) Log-like per frame for utterance AMI_IS1006c_H01_MIO040_0068480_0068551 is -0.332762 over 69 frames.
AMI_IS1006c_H01_MIO040_0069026_0069248 <unk> 
LOG (latgen-faster-mapped[5.2.134~1-ecd4]:DecodeUtteranceLatticeFaster():decoder-wrappers.cc:286) Log-like per frame for utterance AMI_IS1006c_H01_MIO040_0069026_0069248 is -0.159407 over 220 frames.
AMI_IS1006c_H01_MIO040_0069248_0069436 I THOUGHT YOU I GUESS 
LOG (latgen-faster-mapped[5.2.134~1-ecd4]:DecodeUtteranceLatticeFaster():decoder-wrappers.cc:286) Log-like per frame for utterance AMI_IS1006c_H01_MIO040_0069248_0069436 is -0.385433 over 186 frames.
LOG (latgen-faster-mapped[5.2.134~1-ecd4]:main():latgen-faster-mapped.cc:164) Time taken 162.948s: real-time factor assuming 100 frames/sec is 1.30484
LOG (latgen-faster-mapped[5.2.134~1-ecd4]:main():latgen-faster-mapped.cc:167) Done 33 utterances, failed for 0
LOG (latgen-faster-mapped[5.2.134~1-ecd4]:main():latgen-faster-mapped.cc:169) Overall log-likelihood per frame is -0.367919 over 12488 frames.
