latgen-faster-mapped --max-active=7000 --beam=15 --lattice-beam=7 --acoustic-scale=0.1 --allow-partial=true --word-symbol-table=/data/sls/scratch/haotang/ami//exp/ihm/tri3-logmel-hires/graph_ami_fsh.o3g.kn.pr1-7/words.txt /data/sls/scratch/haotang/ami//exp/ihm/tri3-logmel-hires_ali/final.mdl /data/sls/scratch/haotang/ami//exp/ihm/tri3-logmel-hires/graph_ami_fsh.o3g.kn.pr1-7/HCLG.fst ark:- 'ark:|gzip -c > /data/sls/r/u/atitus5/meng/am/logs/ami-0.1/train_ihm/augmented_src_ihm/frame-tdnn-450x7-step0.05/ENC_C_256_256_K_3_3_P_3_3_F_/LATENT_256/DEC_F__C_256_256_K_3_3_P_3_3/ACT_ReLU_BN_false_WEIGHT_INIT_xavier_uniform/OPT_Adam_LR_0.0001_EPOCHS_25_BATCH_256_DEBUG_false/ae_ratio0.0/decode_ihm/lat.4.gz' 
AMI_ES2003d_H01_MEE009_0188331_0188389 MM 
LOG (latgen-faster-mapped[5.2.134~1-ecd4]:DecodeUtteranceLatticeFaster():decoder-wrappers.cc:286) Log-like per frame for utterance AMI_ES2003d_H01_MEE009_0188331_0188389 is -0.22252 over 56 frames.
AMI_ES2003d_H01_MEE009_0191885_0191940 OKAY 
LOG (latgen-faster-mapped[5.2.134~1-ecd4]:DecodeUtteranceLatticeFaster():decoder-wrappers.cc:286) Log-like per frame for utterance AMI_ES2003d_H01_MEE009_0191885_0191940 is -0.583121 over 53 frames.
AMI_ES2003d_H01_MEE009_0191940_0192181 UM <unk> GO 
LOG (latgen-faster-mapped[5.2.134~1-ecd4]:DecodeUtteranceLatticeFaster():decoder-wrappers.cc:286) Log-like per frame for utterance AMI_ES2003d_H01_MEE009_0191940_0192181 is -0.453333 over 239 frames.
AMI_ES2003d_H01_MEE009_0192181_0192378 OR AT LEAST LIKE MINUTES I THINK 
LOG (latgen-faster-mapped[5.2.134~1-ecd4]:DecodeUtteranceLatticeFaster():decoder-wrappers.cc:286) Log-like per frame for utterance AMI_ES2003d_H01_MEE009_0192181_0192378 is -0.40606 over 195 frames.
AMI_ES2003d_H01_MEE009_0192378_0192757 UH MM <unk> <unk> PROJECT EVALUATION 
LOG (latgen-faster-mapped[5.2.134~1-ecd4]:DecodeUtteranceLatticeFaster():decoder-wrappers.cc:286) Log-like per frame for utterance AMI_ES2003d_H01_MEE009_0192378_0192757 is -0.343508 over 377 frames.
AMI_ES2003d_H01_MEE009_0192757_0192905 UM 
LOG (latgen-faster-mapped[5.2.134~1-ecd4]:DecodeUtteranceLatticeFaster():decoder-wrappers.cc:286) Log-like per frame for utterance AMI_ES2003d_H01_MEE009_0192757_0192905 is -0.154307 over 146 frames.
AMI_ES2003d_H01_MEE009_0193074_0193198 SO 
LOG (latgen-faster-mapped[5.2.134~1-ecd4]:DecodeUtteranceLatticeFaster():decoder-wrappers.cc:286) Log-like per frame for utterance AMI_ES2003d_H01_MEE009_0193074_0193198 is -0.186123 over 122 frames.
AMI_ES2003d_H01_MEE009_0193464_0193849 <unk> USER FOR CREAKY FOR UH SATISFACTION 
LOG (latgen-faster-mapped[5.2.134~1-ecd4]:DecodeUtteranceLatticeFaster():decoder-wrappers.cc:286) Log-like per frame for utterance AMI_ES2003d_H01_MEE009_0193464_0193849 is -0.529006 over 383 frames.
AMI_ES2003d_H01_MEE009_0194005_0194154 IS THAT WE WANT TO YOU AND 
LOG (latgen-faster-mapped[5.2.134~1-ecd4]:DecodeUtteranceLatticeFaster():decoder-wrappers.cc:286) Log-like per frame for utterance AMI_ES2003d_H01_MEE009_0194005_0194154 is -0.605379 over 147 frames.
AMI_ES2003d_H01_MEE009_0194402_0194645 UH THEY HAVE ANY OPINIONS ON ANY OF THEM 
LOG (latgen-faster-mapped[5.2.134~1-ecd4]:DecodeUtteranceLatticeFaster():decoder-wrappers.cc:286) Log-like per frame for utterance AMI_ES2003d_H01_MEE009_0194402_0194645 is -0.489593 over 241 frames.
AMI_ES2003d_H01_MEE009_0194645_0195053 FOR EXAMPLE ON WORD THAT <unk> 
LOG (latgen-faster-mapped[5.2.134~1-ecd4]:DecodeUtteranceLatticeFaster():decoder-wrappers.cc:286) Log-like per frame for utterance AMI_ES2003d_H01_MEE009_0194645_0195053 is -0.393744 over 406 frames.
AMI_ES2003d_H01_MEE009_0195053_0195679 <unk> <unk> WORK ON THIS PROJECT USING THE TECHNOLOGY WE'VE BEEN PRESENTED LIVE 
LOG (latgen-faster-mapped[5.2.134~1-ecd4]:DecodeUtteranceLatticeFaster():decoder-wrappers.cc:286) Log-like per frame for utterance AMI_ES2003d_H01_MEE009_0195053_0195679 is -0.424906 over 624 frames.
AMI_ES2003d_H01_MEE009_0195679_0196035 UM PEOPLE MADE GOOD USE OF THE 
LOG (latgen-faster-mapped[5.2.134~1-ecd4]:DecodeUtteranceLatticeFaster():decoder-wrappers.cc:286) Log-like per frame for utterance AMI_ES2003d_H01_MEE009_0195679_0196035 is -0.388073 over 354 frames.
AMI_ES2003d_H01_MEE009_0196169_0196300 UH PEN IN BEAVER 
LOG (latgen-faster-mapped[5.2.134~1-ecd4]:DecodeUtteranceLatticeFaster():decoder-wrappers.cc:286) Log-like per frame for utterance AMI_ES2003d_H01_MEE009_0196169_0196300 is -0.465703 over 129 frames.
AMI_ES2003d_H01_MEE009_0196439_0196641 I WOULD SAY <unk> 
LOG (latgen-faster-mapped[5.2.134~1-ecd4]:DecodeUtteranceLatticeFaster():decoder-wrappers.cc:286) Log-like per frame for utterance AMI_ES2003d_H01_MEE009_0196439_0196641 is -0.439698 over 200 frames.
AMI_ES2003d_H01_MEE009_0197103_0197554 I'M NOT QUITE SURE WHAT THE ADVANTAGE FOR OFF USING THE DIGITAL PEN MIGHT BE 
LOG (latgen-faster-mapped[5.2.134~1-ecd4]:DecodeUtteranceLatticeFaster():decoder-wrappers.cc:286) Log-like per frame for utterance AMI_ES2003d_H01_MEE009_0197103_0197554 is -0.44955 over 449 frames.
AMI_ES2003d_H01_MEE009_0197835_0197893 MM 
LOG (latgen-faster-mapped[5.2.134~1-ecd4]:DecodeUtteranceLatticeFaster():decoder-wrappers.cc:286) Log-like per frame for utterance AMI_ES2003d_H01_MEE009_0197835_0197893 is -0.398969 over 56 frames.
AMI_ES2003d_H01_MEE009_0198493_0198569 IN MOST 
LOG (latgen-faster-mapped[5.2.134~1-ecd4]:DecodeUtteranceLatticeFaster():decoder-wrappers.cc:286) Log-like per frame for utterance AMI_ES2003d_H01_MEE009_0198493_0198569 is -0.430491 over 74 frames.
AMI_ES2003d_H01_MEE009_0199608_0200185 THE THING LIKE PAPER STILL A HEAVY CONSIDERATION FOR <unk> 
LOG (latgen-faster-mapped[5.2.134~1-ecd4]:DecodeUtteranceLatticeFaster():decoder-wrappers.cc:286) Log-like per frame for utterance AMI_ES2003d_H01_MEE009_0199608_0200185 is -0.37223 over 575 frames.
AMI_ES2003d_H01_MEE009_0200185_0200373 SO MAYBE THIS IS WHICH WE JUST UH WE'RE UNDER 
LOG (latgen-faster-mapped[5.2.134~1-ecd4]:DecodeUtteranceLatticeFaster():decoder-wrappers.cc:286) Log-like per frame for utterance AMI_ES2003d_H01_MEE009_0200185_0200373 is -0.609067 over 186 frames.
AMI_ES2003d_H01_MEE009_0200373_0200577 UM AND ALL 
LOG (latgen-faster-mapped[5.2.134~1-ecd4]:DecodeUtteranceLatticeFaster():decoder-wrappers.cc:286) Log-like per frame for utterance AMI_ES2003d_H01_MEE009_0200373_0200577 is -0.240263 over 202 frames.
AMI_ES2003d_H01_MEE009_0200766_0201146 <unk> PEOPLE SATISFIED WITH THE TEAMWORK WE'VE MANAGED TO DISPLAY TO DO 
LOG (latgen-faster-mapped[5.2.134~1-ecd4]:DecodeUtteranceLatticeFaster():decoder-wrappers.cc:286) Log-like per frame for utterance AMI_ES2003d_H01_MEE009_0200766_0201146 is -0.575335 over 378 frames.
AMI_ES2003d_H01_MEE009_0201887_0202098 LIVE 
LOG (latgen-faster-mapped[5.2.134~1-ecd4]:DecodeUtteranceLatticeFaster():decoder-wrappers.cc:286) Log-like per frame for utterance AMI_ES2003d_H01_MEE009_0201887_0202098 is -0.246639 over 209 frames.
AMI_ES2003d_H01_MEE009_0202098_0202407 AS MUCH AS CAN BE A LEADER IN THE <unk> THING 
LOG (latgen-faster-mapped[5.2.134~1-ecd4]:DecodeUtteranceLatticeFaster():decoder-wrappers.cc:286) Log-like per frame for utterance AMI_ES2003d_H01_MEE009_0202098_0202407 is -0.464721 over 307 frames.
AMI_ES2003d_H01_MEE009_0202702_0203080 UM LAST ONE WAS ROOM FOR CREATIVITY 
LOG (latgen-faster-mapped[5.2.134~1-ecd4]:DecodeUtteranceLatticeFaster():decoder-wrappers.cc:286) Log-like per frame for utterance AMI_ES2003d_H01_MEE009_0202702_0203080 is -0.378826 over 376 frames.
AMI_ES2003d_H01_MEE009_0203080_0203323 NO YEAH I THINK WE'D ALL 
LOG (latgen-faster-mapped[5.2.134~1-ecd4]:DecodeUtteranceLatticeFaster():decoder-wrappers.cc:286) Log-like per frame for utterance AMI_ES2003d_H01_MEE009_0203080_0203323 is -0.305386 over 241 frames.
AMI_ES2003d_H01_MEE009_0204541_0205171 YEAH I THINK ALL OF IN THE END IDEAS IT COULD BE USE CAN SADLY IS THE MEETING 
LOG (latgen-faster-mapped[5.2.134~1-ecd4]:DecodeUtteranceLatticeFaster():decoder-wrappers.cc:286) Log-like per frame for utterance AMI_ES2003d_H01_MEE009_0204541_0205171 is -0.414576 over 628 frames.
AMI_ES2003d_H01_MEE009_0205171_0205702 NOT SO MUCH THAT WE ONE WHOLE OF IDEAS BOTH ONE SLOGAN ALL I WAS TO ACTUALLY BUILDER THING 
LOG (latgen-faster-mapped[5.2.134~1-ecd4]:DecodeUtteranceLatticeFaster():decoder-wrappers.cc:286) Log-like per frame for utterance AMI_ES2003d_H01_MEE009_0205171_0205702 is -0.552927 over 529 frames.
AMI_ES2003d_H01_MEE009_0205702_0205855 IT'S A BIT PITY 
LOG (latgen-faster-mapped[5.2.134~1-ecd4]:DecodeUtteranceLatticeFaster():decoder-wrappers.cc:286) Log-like per frame for utterance AMI_ES2003d_H01_MEE009_0205702_0205855 is -0.390294 over 151 frames.
AMI_ES2003d_H01_MEE009_0205855_0206148 UM I WILL HAVE TO THE IN THE 
LOG (latgen-faster-mapped[5.2.134~1-ecd4]:DecodeUtteranceLatticeFaster():decoder-wrappers.cc:286) Log-like per frame for utterance AMI_ES2003d_H01_MEE009_0205855_0206148 is -0.287349 over 291 frames.
AMI_ES2003d_H01_MEE009_0206148_0206285 I DON'T WE NEEDED A LARGER BUDGET 
LOG (latgen-faster-mapped[5.2.134~1-ecd4]:DecodeUtteranceLatticeFaster():decoder-wrappers.cc:286) Log-like per frame for utterance AMI_ES2003d_H01_MEE009_0206148_0206285 is -0.687181 over 135 frames.
AMI_ES2003d_H01_MEE009_0206410_0206884 IF YOU GOING TO WE CAN YOU'RE LIKE I'M PRODUCT MAYBE AT TECHNOLOGICAL KIND OF SHAPE TO 
LOG (latgen-faster-mapped[5.2.134~1-ecd4]:DecodeUtteranceLatticeFaster():decoder-wrappers.cc:286) Log-like per frame for utterance AMI_ES2003d_H01_MEE009_0206410_0206884 is -0.555312 over 472 frames.
AMI_ES2003d_H01_MEE009_0206884_0207267 THEN YOU CAN FORTY MAYBE JACK THE PRICE UP SLYLY FROM WHAT IT IS 
LOG (latgen-faster-mapped[5.2.134~1-ecd4]:DecodeUtteranceLatticeFaster():decoder-wrappers.cc:286) Log-like per frame for utterance AMI_ES2003d_H01_MEE009_0206884_0207267 is -0.503313 over 381 frames.
AMI_ES2003d_H01_MEE009_0207267_0207526 BECAUSE WE WILL PAY RE JUST CASH TO BE EVIL 
LOG (latgen-faster-mapped[5.2.134~1-ecd4]:DecodeUtteranceLatticeFaster():decoder-wrappers.cc:286) Log-like per frame for utterance AMI_ES2003d_H01_MEE009_0207267_0207526 is -0.580695 over 257 frames.
LOG (latgen-faster-mapped[5.2.134~1-ecd4]:main():latgen-faster-mapped.cc:164) Time taken 118.636s: real-time factor assuming 100 frames/sec is 1.23979
LOG (latgen-faster-mapped[5.2.134~1-ecd4]:main():latgen-faster-mapped.cc:167) Done 34 utterances, failed for 0
LOG (latgen-faster-mapped[5.2.134~1-ecd4]:main():latgen-faster-mapped.cc:169) Overall log-likelihood per frame is -0.436465 over 9569 frames.
