latgen-faster-mapped --max-active=7000 --beam=15 --lattice-beam=7 --acoustic-scale=0.1 --allow-partial=true --word-symbol-table=/data/sls/scratch/haotang/ami//exp/ihm/tri3-logmel-hires/graph_ami_fsh.o3g.kn.pr1-7/words.txt /data/sls/scratch/haotang/ami//exp/ihm/tri3-logmel-hires_ali/final.mdl /data/sls/scratch/haotang/ami//exp/ihm/tri3-logmel-hires/graph_ami_fsh.o3g.kn.pr1-7/HCLG.fst ark:- 'ark:|gzip -c > /data/sls/r/u/atitus5/meng/am/logs/ami-0.1/train_ihm/augmented_src_ihm/frame-tdnn-450x7-step0.05/ENC_C_256_256_K_3_3_P_3_3_F_/LATENT_256/DEC_F__C_256_256_K_3_3_P_3_3/ACT_ReLU_BN_false_WEIGHT_INIT_xavier_uniform/OPT_Adam_LR_0.0001_EPOCHS_25_BATCH_256_DEBUG_false/ae_ratio0.0/decode_ihm/lat.27.gz' 
AMI_TS3009c_H02_MTD034ID_0143389_0143555 AND THEN THE FRONT IS MADE OF PLASTIC 
LOG (latgen-faster-mapped[5.2.134~1-ecd4]:DecodeUtteranceLatticeFaster():decoder-wrappers.cc:286) Log-like per frame for utterance AMI_TS3009c_H02_MTD034ID_0143389_0143555 is -0.44802 over 164 frames.
AMI_TS3009c_H02_MTD034ID_0143555_0143938 YEAH YOU CAN UM WHAT THAT'S ON AND OFF SWITCH IT 
LOG (latgen-faster-mapped[5.2.134~1-ecd4]:DecodeUtteranceLatticeFaster():decoder-wrappers.cc:286) Log-like per frame for utterance AMI_TS3009c_H02_MTD034ID_0143555_0143938 is -0.388875 over 381 frames.
AMI_TS3009c_H02_MTD034ID_0144329_0144536 NO BUT YOU HAVE TITANIUM OF COURSE 
LOG (latgen-faster-mapped[5.2.134~1-ecd4]:DecodeUtteranceLatticeFaster():decoder-wrappers.cc:286) Log-like per frame for utterance AMI_TS3009c_H02_MTD034ID_0144329_0144536 is -0.427881 over 205 frames.
AMI_TS3009c_H02_MTD034ID_0144536_0144795 WELL YOU HAVE THE BEST OF BOTH WORLDS 
LOG (latgen-faster-mapped[5.2.134~1-ecd4]:DecodeUtteranceLatticeFaster():decoder-wrappers.cc:286) Log-like per frame for utterance AMI_TS3009c_H02_MTD034ID_0144536_0144795 is -0.379196 over 257 frames.
AMI_TS3009c_H02_MTD034ID_0145366_0145612 YEAH OF COURSE THEN YOU HAVE THE THE THE PLASTIC FRONT DONE 
LOG (latgen-faster-mapped[5.2.134~1-ecd4]:DecodeUtteranceLatticeFaster():decoder-wrappers.cc:286) Log-like per frame for utterance AMI_TS3009c_H02_MTD034ID_0145366_0145612 is -0.494187 over 244 frames.
AMI_TS3009c_H02_MTD034ID_0145612_0145828 BUT YOU ALSO HAVE THE TITANIUM 
LOG (latgen-faster-mapped[5.2.134~1-ecd4]:DecodeUtteranceLatticeFaster():decoder-wrappers.cc:286) Log-like per frame for utterance AMI_TS3009c_H02_MTD034ID_0145612_0145828 is -0.318162 over 214 frames.
AMI_TS3009c_H02_MTD034ID_0145996_0146203 YEAH OF COURSE BUT THERE OH YOU HAVE TO MAKE A 
LOG (latgen-faster-mapped[5.2.134~1-ecd4]:DecodeUtteranceLatticeFaster():decoder-wrappers.cc:286) Log-like per frame for utterance AMI_TS3009c_H02_MTD034ID_0145996_0146203 is -0.568569 over 205 frames.
AMI_TS3009c_H02_MTD034ID_0146372_0146436 DECISION 
LOG (latgen-faster-mapped[5.2.134~1-ecd4]:DecodeUtteranceLatticeFaster():decoder-wrappers.cc:286) Log-like per frame for utterance AMI_TS3009c_H02_MTD034ID_0146372_0146436 is -0.42245 over 62 frames.
AMI_TS3009c_H02_MTD034ID_0146917_0146973 I GUESS SO 
LOG (latgen-faster-mapped[5.2.134~1-ecd4]:DecodeUtteranceLatticeFaster():decoder-wrappers.cc:286) Log-like per frame for utterance AMI_TS3009c_H02_MTD034ID_0146917_0146973 is -0.50003 over 54 frames.
AMI_TS3009c_H02_MTD034ID_0146973_0147175 UH TITANIUM I SHOULD I THINK YEAH 
LOG (latgen-faster-mapped[5.2.134~1-ecd4]:DecodeUtteranceLatticeFaster():decoder-wrappers.cc:286) Log-like per frame for utterance AMI_TS3009c_H02_MTD034ID_0146973_0147175 is -0.465474 over 200 frames.
AMI_TS3009c_H02_MTD034ID_0147267_0147321 UH 
LOG (latgen-faster-mapped[5.2.134~1-ecd4]:DecodeUtteranceLatticeFaster():decoder-wrappers.cc:286) Log-like per frame for utterance AMI_TS3009c_H02_MTD034ID_0147267_0147321 is -0.221251 over 52 frames.
AMI_TS3009c_H02_MTD034ID_0147321_0147424 WELL NO WELL 
LOG (latgen-faster-mapped[5.2.134~1-ecd4]:DecodeUtteranceLatticeFaster():decoder-wrappers.cc:286) Log-like per frame for utterance AMI_TS3009c_H02_MTD034ID_0147321_0147424 is -0.551049 over 101 frames.
AMI_TS3009c_H02_MTD034ID_0147639_0148309 GOING TO MY SOURCE SURE IT'S IT'S TOTALLY POSSIBLE TO MAKE AN ENTIRE UH UH TITANIUM IS AVAILABLE 
LOG (latgen-faster-mapped[5.2.134~1-ecd4]:DecodeUtteranceLatticeFaster():decoder-wrappers.cc:286) Log-like per frame for utterance AMI_TS3009c_H02_MTD034ID_0147639_0148309 is -0.44934 over 668 frames.
AMI_TS3009c_H02_MTD034ID_0148309_0148630 AND THAT WE CAN UH MAKE A AN ENTIRE REMOTE OUT OF IT IF YOU WANT 
LOG (latgen-faster-mapped[5.2.134~1-ecd4]:DecodeUtteranceLatticeFaster():decoder-wrappers.cc:286) Log-like per frame for utterance AMI_TS3009c_H02_MTD034ID_0148309_0148630 is -0.514053 over 319 frames.
AMI_TS3009c_H02_MTD034ID_0148892_0148917 MM 
LOG (latgen-faster-mapped[5.2.134~1-ecd4]:DecodeUtteranceLatticeFaster():decoder-wrappers.cc:286) Log-like per frame for utterance AMI_TS3009c_H02_MTD034ID_0148892_0148917 is -0.294874 over 23 frames.
AMI_TS3009c_H02_MTD034ID_0149152_0149203 NO UM 
LOG (latgen-faster-mapped[5.2.134~1-ecd4]:DecodeUtteranceLatticeFaster():decoder-wrappers.cc:286) Log-like per frame for utterance AMI_TS3009c_H02_MTD034ID_0149152_0149203 is -0.576584 over 49 frames.
AMI_TS3009c_H02_MTD034ID_0149878_0150171 YEAH I THINK THAT'S A NICE TRADE OFF 
LOG (latgen-faster-mapped[5.2.134~1-ecd4]:DecodeUtteranceLatticeFaster():decoder-wrappers.cc:286) Log-like per frame for utterance AMI_TS3009c_H02_MTD034ID_0149878_0150171 is -0.348699 over 291 frames.
AMI_TS3009c_H02_MTD034ID_0150740_0150764 ALRIGHT 
LOG (latgen-faster-mapped[5.2.134~1-ecd4]:DecodeUtteranceLatticeFaster():decoder-wrappers.cc:286) Log-like per frame for utterance AMI_TS3009c_H02_MTD034ID_0150740_0150764 is -0.471375 over 22 frames.
AMI_TS3009c_H02_MTD034ID_0151845_0152090 YEAH FOR THE FRONT AND THEN TITANIUM FOR THE BACK 
LOG (latgen-faster-mapped[5.2.134~1-ecd4]:DecodeUtteranceLatticeFaster():decoder-wrappers.cc:286) Log-like per frame for utterance AMI_TS3009c_H02_MTD034ID_0151845_0152090 is -0.549552 over 243 frames.
AMI_TS3009c_H02_MTD034ID_0152252_0152430 WHAT I'M ALL REMOVABLE PART 
LOG (latgen-faster-mapped[5.2.134~1-ecd4]:DecodeUtteranceLatticeFaster():decoder-wrappers.cc:286) Log-like per frame for utterance AMI_TS3009c_H02_MTD034ID_0152252_0152430 is -0.562995 over 176 frames.
AMI_TS3009c_H02_MTD034ID_0153382_0153474 WELL BUT 
LOG (latgen-faster-mapped[5.2.134~1-ecd4]:DecodeUtteranceLatticeFaster():decoder-wrappers.cc:286) Log-like per frame for utterance AMI_TS3009c_H02_MTD034ID_0153382_0153474 is -0.323364 over 90 frames.
AMI_TS3009c_H02_MTD034ID_0153590_0154197 <unk> <unk> YEAH TITANIUM IS ISN'T VERY YEAH IT IT DOESN'T THE CURVES 
LOG (latgen-faster-mapped[5.2.134~1-ecd4]:DecodeUtteranceLatticeFaster():decoder-wrappers.cc:286) Log-like per frame for utterance AMI_TS3009c_H02_MTD034ID_0153590_0154197 is -0.35839 over 605 frames.
AMI_TS3009c_H02_MTD034ID_0154197_0154382 NO UH I 
LOG (latgen-faster-mapped[5.2.134~1-ecd4]:DecodeUtteranceLatticeFaster():decoder-wrappers.cc:286) Log-like per frame for utterance AMI_TS3009c_H02_MTD034ID_0154197_0154382 is -0.299772 over 183 frames.
AMI_TS3009c_H02_MTD034ID_0154382_0154739 BUT IF IT'S VERY <unk> NO BUT YOU KNOW <unk> TITANIUM IS VERY BASIC ALL 
LOG (latgen-faster-mapped[5.2.134~1-ecd4]:DecodeUtteranceLatticeFaster():decoder-wrappers.cc:286) Log-like per frame for utterance AMI_TS3009c_H02_MTD034ID_0154382_0154739 is -0.584743 over 355 frames.
AMI_TS3009c_H02_MTD034ID_0154739_0155072 AND IT DOESN'T REALLY MATTER IF YOU HAVE A PURPLE FRONT ON IT OR UH OR <unk> 
LOG (latgen-faster-mapped[5.2.134~1-ecd4]:DecodeUtteranceLatticeFaster():decoder-wrappers.cc:286) Log-like per frame for utterance AMI_TS3009c_H02_MTD034ID_0154739_0155072 is -0.501492 over 331 frames.
AMI_TS3009c_H02_MTD034ID_0155072_0155478 I DON'T KNOW IF YOU DISAGREE BUT I THINK IT'S DOESN'T MATTER VERY MUCH 
LOG (latgen-faster-mapped[5.2.134~1-ecd4]:DecodeUtteranceLatticeFaster():decoder-wrappers.cc:286) Log-like per frame for utterance AMI_TS3009c_H02_MTD034ID_0155072_0155478 is -0.405967 over 404 frames.
AMI_TS3009c_H02_MTD034ID_0155721_0156294 AND EVEN IF IT DOES IT DOESN'T MATCH SHAPE IT ALL UH PEOPLE LIKE COULDN'T COLOUR THAT DON'T MATCH 
LOG (latgen-faster-mapped[5.2.134~1-ecd4]:DecodeUtteranceLatticeFaster():decoder-wrappers.cc:286) Log-like per frame for utterance AMI_TS3009c_H02_MTD034ID_0155721_0156294 is -0.441819 over 571 frames.
AMI_TS3009c_H02_MTD034ID_0156669_0156836 <unk> COVER UH <unk> 
LOG (latgen-faster-mapped[5.2.134~1-ecd4]:DecodeUtteranceLatticeFaster():decoder-wrappers.cc:286) Log-like per frame for utterance AMI_TS3009c_H02_MTD034ID_0156669_0156836 is -0.497856 over 165 frames.
AMI_TS3009c_H02_MTD034ID_0157179_0157253 EXCUSE ME 
LOG (latgen-faster-mapped[5.2.134~1-ecd4]:DecodeUtteranceLatticeFaster():decoder-wrappers.cc:286) Log-like per frame for utterance AMI_TS3009c_H02_MTD034ID_0157179_0157253 is -0.452689 over 72 frames.
AMI_TS3009c_H02_MTD034ID_0157618_0157831 YEAH OVER IT JUST TO BE A BASIC UH 
LOG (latgen-faster-mapped[5.2.134~1-ecd4]:DecodeUtteranceLatticeFaster():decoder-wrappers.cc:286) Log-like per frame for utterance AMI_TS3009c_H02_MTD034ID_0157618_0157831 is -0.519751 over 211 frames.
AMI_TS3009c_H02_MTD034ID_0158057_0158113 YEAH IN 
LOG (latgen-faster-mapped[5.2.134~1-ecd4]:DecodeUtteranceLatticeFaster():decoder-wrappers.cc:286) Log-like per frame for utterance AMI_TS3009c_H02_MTD034ID_0158057_0158113 is -0.391547 over 54 frames.
AMI_TS3009c_H02_MTD034ID_0158249_0158547 YEAH ALL INSIDE THE REMOTE CONTROL WE USE A COUPLE OF UH 
LOG (latgen-faster-mapped[5.2.134~1-ecd4]:DecodeUtteranceLatticeFaster():decoder-wrappers.cc:286) Log-like per frame for utterance AMI_TS3009c_H02_MTD034ID_0158249_0158547 is -0.445929 over 296 frames.
AMI_TS3012d_H03_MTD048ME_0146779_0146878 YEAH 
LOG (latgen-faster-mapped[5.2.134~1-ecd4]:DecodeUtteranceLatticeFaster():decoder-wrappers.cc:286) Log-like per frame for utterance AMI_TS3012d_H03_MTD048ME_0146779_0146878 is -0.257029 over 97 frames.
LOG (latgen-faster-mapped[5.2.134~1-ecd4]:main():latgen-faster-mapped.cc:164) Time taken 82.9823s: real-time factor assuming 100 frames/sec is 1.12686
LOG (latgen-faster-mapped[5.2.134~1-ecd4]:main():latgen-faster-mapped.cc:167) Done 33 utterances, failed for 0
LOG (latgen-faster-mapped[5.2.134~1-ecd4]:main():latgen-faster-mapped.cc:169) Overall log-likelihood per frame is -0.443001 over 7364 frames.
