latgen-faster-mapped --max-active=7000 --beam=15 --lattice-beam=7 --acoustic-scale=0.1 --allow-partial=true --word-symbol-table=/data/sls/scratch/haotang/ami//exp/ihm/tri3-logmel-hires/graph_ami_fsh.o3g.kn.pr1-7/words.txt /data/sls/scratch/haotang/ami//exp/ihm/tri3-logmel-hires_ali/final.mdl /data/sls/scratch/haotang/ami//exp/ihm/tri3-logmel-hires/graph_ami_fsh.o3g.kn.pr1-7/HCLG.fst ark:- 'ark:|gzip -c > /data/sls/r/u/atitus5/meng/am/logs/ami-0.1/train_ihm/augmented_src_ihm/frame-tdnn-450x7-step0.05/ENC_C_256_256_K_3_3_P_3_3_F_/LATENT_256/DEC_F__C_256_256_K_3_3_P_3_3/ACT_ReLU_BN_false_WEIGHT_INIT_xavier_uniform/OPT_Adam_LR_0.0001_EPOCHS_25_BATCH_256_DEBUG_false/ae_ratio0.0/decode_ihm/lat.26.gz' 
AMI_TS3009c_H02_MTD034ID_0116513_0116538 ALRIGHT 
LOG (latgen-faster-mapped[5.2.134~1-ecd4]:DecodeUtteranceLatticeFaster():decoder-wrappers.cc:286) Log-like per frame for utterance AMI_TS3009c_H02_MTD034ID_0116513_0116538 is -0.461346 over 23 frames.
AMI_TS3009c_H02_MTD034ID_0118764_0118900 WELL YEAH YEAH YEAH 
LOG (latgen-faster-mapped[5.2.134~1-ecd4]:DecodeUtteranceLatticeFaster():decoder-wrappers.cc:286) Log-like per frame for utterance AMI_TS3009c_H02_MTD034ID_0118764_0118900 is -0.405827 over 134 frames.
AMI_TS3009c_H02_MTD034ID_0119273_0119346 I CAN LIVE WITH IT 
LOG (latgen-faster-mapped[5.2.134~1-ecd4]:DecodeUtteranceLatticeFaster():decoder-wrappers.cc:286) Log-like per frame for utterance AMI_TS3009c_H02_MTD034ID_0119273_0119346 is -0.722552 over 71 frames.
AMI_TS3009c_H02_MTD034ID_0120807_0120991 THEY DO THEY DON'T LOOK FRUITY ENOUGH 
LOG (latgen-faster-mapped[5.2.134~1-ecd4]:DecodeUtteranceLatticeFaster():decoder-wrappers.cc:286) Log-like per frame for utterance AMI_TS3009c_H02_MTD034ID_0120807_0120991 is -0.526705 over 182 frames.
AMI_TS3009c_H02_MTD034ID_0121886_0121982 THOSE ARE THOSE 
LOG (latgen-faster-mapped[5.2.134~1-ecd4]:DecodeUtteranceLatticeFaster():decoder-wrappers.cc:286) Log-like per frame for utterance AMI_TS3009c_H02_MTD034ID_0121886_0121982 is -0.53407 over 94 frames.
AMI_TS3009c_H02_MTD034ID_0122228_0122390 BUT IT DOESN'T <unk> 
LOG (latgen-faster-mapped[5.2.134~1-ecd4]:DecodeUtteranceLatticeFaster():decoder-wrappers.cc:286) Log-like per frame for utterance AMI_TS3009c_H02_MTD034ID_0122228_0122390 is -0.429324 over 160 frames.
AMI_TS3009c_H02_MTD034ID_0122686_0122763 YEAH OKAY YEAH 
LOG (latgen-faster-mapped[5.2.134~1-ecd4]:DecodeUtteranceLatticeFaster():decoder-wrappers.cc:286) Log-like per frame for utterance AMI_TS3009c_H02_MTD034ID_0122686_0122763 is -0.460665 over 75 frames.
AMI_TS3009c_H02_MTD034ID_0123140_0123521 BUT IT IT MIGHT LOOK TOO CHILDISH OF COURSE OH 
LOG (latgen-faster-mapped[5.2.134~1-ecd4]:DecodeUtteranceLatticeFaster():decoder-wrappers.cc:286) Log-like per frame for utterance AMI_TS3009c_H02_MTD034ID_0123140_0123521 is -0.390378 over 379 frames.
AMI_TS3009c_H02_MTD034ID_0124797_0124910 BUT IT'S AN YEAH OR 
LOG (latgen-faster-mapped[5.2.134~1-ecd4]:DecodeUtteranceLatticeFaster():decoder-wrappers.cc:286) Log-like per frame for utterance AMI_TS3009c_H02_MTD034ID_0124797_0124910 is -0.481302 over 111 frames.
AMI_TS3009c_H02_MTD034ID_0126263_0126430 NOT NOT TOO STRANGE 
LOG (latgen-faster-mapped[5.2.134~1-ecd4]:DecodeUtteranceLatticeFaster():decoder-wrappers.cc:286) Log-like per frame for utterance AMI_TS3009c_H02_MTD034ID_0126263_0126430 is -0.247536 over 165 frames.
AMI_TS3009c_H02_MTD034ID_0126430_0126508 OH NO 
LOG (latgen-faster-mapped[5.2.134~1-ecd4]:DecodeUtteranceLatticeFaster():decoder-wrappers.cc:286) Log-like per frame for utterance AMI_TS3009c_H02_MTD034ID_0126430_0126508 is -0.301443 over 76 frames.
AMI_TS3009c_H02_MTD034ID_0129442_0129597 EXCEL TAKE YEAH 
LOG (latgen-faster-mapped[5.2.134~1-ecd4]:DecodeUtteranceLatticeFaster():decoder-wrappers.cc:286) Log-like per frame for utterance AMI_TS3009c_H02_MTD034ID_0129442_0129597 is -0.414157 over 153 frames.
AMI_TS3009c_H02_MTD034ID_0129597_0129727 WE HAVE TO YEAH YEAH 
LOG (latgen-faster-mapped[5.2.134~1-ecd4]:DecodeUtteranceLatticeFaster():decoder-wrappers.cc:286) Log-like per frame for utterance AMI_TS3009c_H02_MTD034ID_0129597_0129727 is -0.385671 over 128 frames.
AMI_TS3009c_H02_MTD034ID_0129727_0129911 OUR DESIGN IT WE DESIGN IT LATER 
LOG (latgen-faster-mapped[5.2.134~1-ecd4]:DecodeUtteranceLatticeFaster():decoder-wrappers.cc:286) Log-like per frame for utterance AMI_TS3009c_H02_MTD034ID_0129727_0129911 is -0.530991 over 182 frames.
AMI_TS3009c_H02_MTD034ID_0129911_0130101 SO WE'LL GET TO THAT LATER I GUESS 
LOG (latgen-faster-mapped[5.2.134~1-ecd4]:DecodeUtteranceLatticeFaster():decoder-wrappers.cc:286) Log-like per frame for utterance AMI_TS3009c_H02_MTD034ID_0129911_0130101 is -0.366793 over 188 frames.
AMI_TS3009c_H02_MTD034ID_0130392_0130499 THERE'S SPECIFIC SHAPE 
LOG (latgen-faster-mapped[5.2.134~1-ecd4]:DecodeUtteranceLatticeFaster():decoder-wrappers.cc:286) Log-like per frame for utterance AMI_TS3009c_H02_MTD034ID_0130392_0130499 is -0.587091 over 105 frames.
AMI_TS3009c_H02_MTD034ID_0130499_0130579 THE 
LOG (latgen-faster-mapped[5.2.134~1-ecd4]:DecodeUtteranceLatticeFaster():decoder-wrappers.cc:286) Log-like per frame for utterance AMI_TS3009c_H02_MTD034ID_0130499_0130579 is -0.369035 over 78 frames.
AMI_TS3009c_H02_MTD034ID_0131408_0131632 OUR SOURCES 
LOG (latgen-faster-mapped[5.2.134~1-ecd4]:DecodeUtteranceLatticeFaster():decoder-wrappers.cc:286) Log-like per frame for utterance AMI_TS3009c_H02_MTD034ID_0131408_0131632 is -0.269414 over 222 frames.
AMI_TS3009c_H02_MTD034ID_0135285_0135415 BUT UH WE SHOULD DECIDE NOW 
LOG (latgen-faster-mapped[5.2.134~1-ecd4]:DecodeUtteranceLatticeFaster():decoder-wrappers.cc:286) Log-like per frame for utterance AMI_TS3009c_H02_MTD034ID_0135285_0135415 is -0.44471 over 128 frames.
AMI_TS3009c_H02_MTD034ID_0136349_0136568 SO WE HAVE TO UH PUT IT IN ONE AND DOCUMENT TO UH 
LOG (latgen-faster-mapped[5.2.134~1-ecd4]:DecodeUtteranceLatticeFaster():decoder-wrappers.cc:286) Log-like per frame for utterance AMI_TS3009c_H02_MTD034ID_0136349_0136568 is -0.535289 over 217 frames.
AMI_TS3009c_H02_MTD034ID_0136959_0137698 COPY PASTE UH THIS STORY INTO A INTO WORD DOCUMENT UH THEN UH PUT THE ALSO SOFTER THE SUBJECTS 
LOG (latgen-faster-mapped[5.2.134~1-ecd4]:DecodeUtteranceLatticeFaster():decoder-wrappers.cc:286) Log-like per frame for utterance AMI_TS3009c_H02_MTD034ID_0136959_0137698 is -0.395238 over 737 frames.
AMI_TS3009c_H02_MTD034ID_0137698_0137723 YEAH 
LOG (latgen-faster-mapped[5.2.134~1-ecd4]:DecodeUtteranceLatticeFaster():decoder-wrappers.cc:286) Log-like per frame for utterance AMI_TS3009c_H02_MTD034ID_0137698_0137723 is -0.237206 over 23 frames.
AMI_TS3009c_H02_MTD034ID_0138238_0138388 OH WE HAVE TO DECIDE OH THING 
LOG (latgen-faster-mapped[5.2.134~1-ecd4]:DecodeUtteranceLatticeFaster():decoder-wrappers.cc:286) Log-like per frame for utterance AMI_TS3009c_H02_MTD034ID_0138238_0138388 is -0.511074 over 148 frames.
AMI_TS3009c_H02_MTD034ID_0138992_0139204 WE CAN UH OVER WRITER 
LOG (latgen-faster-mapped[5.2.134~1-ecd4]:DecodeUtteranceLatticeFaster():decoder-wrappers.cc:286) Log-like per frame for utterance AMI_TS3009c_H02_MTD034ID_0138992_0139204 is -0.428824 over 210 frames.
AMI_TS3009c_H02_MTD034ID_0139570_0139655 WELL I CASE 
LOG (latgen-faster-mapped[5.2.134~1-ecd4]:DecodeUtteranceLatticeFaster():decoder-wrappers.cc:286) Log-like per frame for utterance AMI_TS3009c_H02_MTD034ID_0139570_0139655 is -0.443468 over 83 frames.
AMI_TS3009c_H02_MTD034ID_0139655_0139744 UH THAT'S ME 
LOG (latgen-faster-mapped[5.2.134~1-ecd4]:DecodeUtteranceLatticeFaster():decoder-wrappers.cc:286) Log-like per frame for utterance AMI_TS3009c_H02_MTD034ID_0139655_0139744 is -0.598575 over 87 frames.
AMI_TS3009c_H02_MTD034ID_0139744_0140094 UH I SUGGEST WELL WHAT TWO I SUGGEST ACTUALLY WORK 
LOG (latgen-faster-mapped[5.2.134~1-ecd4]:DecodeUtteranceLatticeFaster():decoder-wrappers.cc:286) Log-like per frame for utterance AMI_TS3009c_H02_MTD034ID_0139744_0140094 is -0.484237 over 348 frames.
AMI_TS3009c_H02_MTD034ID_0140240_0140590 FASHION SOLAR THAT UH YEAH 
LOG (latgen-faster-mapped[5.2.134~1-ecd4]:DecodeUtteranceLatticeFaster():decoder-wrappers.cc:286) Log-like per frame for utterance AMI_TS3009c_H02_MTD034ID_0140240_0140590 is -0.249842 over 348 frames.
AMI_TS3009c_H02_MTD034ID_0140590_0140612 YEAH 
LOG (latgen-faster-mapped[5.2.134~1-ecd4]:DecodeUtteranceLatticeFaster():decoder-wrappers.cc:286) Log-like per frame for utterance AMI_TS3009c_H02_MTD034ID_0140590_0140612 is -0.26323 over 20 frames.
AMI_TS3009c_H02_MTD034ID_0141864_0142091 YEAH I UNDERSTAND UH UH YEAH 
LOG (latgen-faster-mapped[5.2.134~1-ecd4]:DecodeUtteranceLatticeFaster():decoder-wrappers.cc:286) Log-like per frame for utterance AMI_TS3009c_H02_MTD034ID_0141864_0142091 is -0.328938 over 225 frames.
AMI_TS3009c_H02_MTD034ID_0142091_0142198 YEAH 
LOG (latgen-faster-mapped[5.2.134~1-ecd4]:DecodeUtteranceLatticeFaster():decoder-wrappers.cc:286) Log-like per frame for utterance AMI_TS3009c_H02_MTD034ID_0142091_0142198 is -0.117797 over 105 frames.
AMI_TS3009c_H02_MTD034ID_0142198_0142365 SO WE HAVE TITANIUM 
LOG (latgen-faster-mapped[5.2.134~1-ecd4]:DecodeUtteranceLatticeFaster():decoder-wrappers.cc:286) Log-like per frame for utterance AMI_TS3009c_H02_MTD034ID_0142198_0142365 is -0.368892 over 165 frames.
AMI_TS3009c_H02_MTD034ID_0142455_0143389 HAVE THE <unk> OF THE OF THE REMOTE SO NOT THE FRONT COULD BE TITANIUM TO GIVE THAT A STRONG LOOK 
LOG (latgen-faster-mapped[5.2.134~1-ecd4]:DecodeUtteranceLatticeFaster():decoder-wrappers.cc:286) Log-like per frame for utterance AMI_TS3009c_H02_MTD034ID_0142455_0143389 is -0.337209 over 932 frames.
LOG (latgen-faster-mapped[5.2.134~1-ecd4]:main():latgen-faster-mapped.cc:164) Time taken 63.8857s: real-time factor assuming 100 frames/sec is 1.01374
LOG (latgen-faster-mapped[5.2.134~1-ecd4]:main():latgen-faster-mapped.cc:167) Done 33 utterances, failed for 0
LOG (latgen-faster-mapped[5.2.134~1-ecd4]:main():latgen-faster-mapped.cc:169) Overall log-likelihood per frame is -0.397644 over 6302 frames.
