# mkdir -p /data/sls/r/u/atitus5/meng/am/logs/ami-0.1/train_sdm1/baseline/frame-tdnn-450x7-step0.05/decode_sdm1/ascore_9/ && lattice-scale --inv-acoustic-scale=9 "ark:gunzip -c /data/sls/r/u/atitus5/meng/am/logs/ami-0.1/train_sdm1/baseline/frame-tdnn-450x7-step0.05/decode_sdm1/lat.23.gz|" ark:- | lattice-limit-depth ark:- ark:- | lattice-push --push-strings=false ark:- ark:- | lattice-align-words-lexicon --max-expand=10.0 /data/sls/scratch/haotang/ami//exp/ihm/tri3-logmel-hires/graph_ami_fsh.o3g.kn.pr1-7/phones/align_lexicon.int /data/sls/scratch/haotang/ami//exp/ihm/tri3-logmel-hires_ali/final.mdl ark:- ark:- | lattice-to-ctm-conf --decode-mbr=true ark:- - | /data/sls/r/u/atitus5/meng/utils/int2sym.pl -f 5 /data/sls/scratch/haotang/ami//exp/ihm/tri3-logmel-hires/graph_ami_fsh.o3g.kn.pr1-7/words.txt | /data/sls/r/u/atitus5/meng/utils/convert_ctm.pl /data/sls/scratch/haotang/ami//sls-data/ami-0.1/sdm1-dev/segments /data/sls/scratch/haotang/ami//sls-data/ami-0.1/sdm1-dev/reco2file_and_channel > /data/sls/r/u/atitus5/meng/am/logs/ami-0.1/train_sdm1/baseline/frame-tdnn-450x7-step0.05/decode_sdm1/ascore_9/sdm1-dev.23.ctm 
# Started at Sun Feb 25 16:22:13 EST 2018
#
lattice-to-ctm-conf --decode-mbr=true ark:- - 
lattice-push --push-strings=false ark:- ark:- 
lattice-limit-depth ark:- ark:- 
lattice-scale --inv-acoustic-scale=9 'ark:gunzip -c /data/sls/r/u/atitus5/meng/am/logs/ami-0.1/train_sdm1/baseline/frame-tdnn-450x7-step0.05/decode_sdm1/lat.23.gz|' ark:- 
lattice-align-words-lexicon --max-expand=10.0 /data/sls/scratch/haotang/ami//exp/ihm/tri3-logmel-hires/graph_ami_fsh.o3g.kn.pr1-7/phones/align_lexicon.int /data/sls/scratch/haotang/ami//exp/ihm/tri3-logmel-hires_ali/final.mdl ark:- ark:- 
LOG (lattice-to-ctm-conf[5.2.134~1-ecd4]:main():lattice-to-ctm-conf.cc:172) For utterance AMI_TS3006d_SDM_MTD022ID_0193039_0193112, Bayes Risk 0.229106, avg. confidence per-word 0.770894
LOG (lattice-to-ctm-conf[5.2.134~1-ecd4]:main():lattice-to-ctm-conf.cc:172) For utterance AMI_TS3006d_SDM_MTD022ID_0193633_0193752, Bayes Risk 0.368348, avg. confidence per-word 0.984817
LOG (lattice-to-ctm-conf[5.2.134~1-ecd4]:main():lattice-to-ctm-conf.cc:172) For utterance AMI_TS3006d_SDM_MTD022ID_0193893_0194245, Bayes Risk 0.303566, avg. confidence per-word 0.99881
LOG (lattice-to-ctm-conf[5.2.134~1-ecd4]:main():lattice-to-ctm-conf.cc:172) For utterance AMI_TS3006d_SDM_MTD022ID_0194245_0194486, Bayes Risk 0.00285346, avg. confidence per-word 1
LOG (lattice-to-ctm-conf[5.2.134~1-ecd4]:main():lattice-to-ctm-conf.cc:172) For utterance AMI_TS3006d_SDM_MTD022ID_0195285_0195472, Bayes Risk 0.0483041, avg. confidence per-word 1
LOG (lattice-to-ctm-conf[5.2.134~1-ecd4]:main():lattice-to-ctm-conf.cc:172) For utterance AMI_TS3006d_SDM_MTD022ID_0196544_0196613, Bayes Risk 0, avg. confidence per-word 1
LOG (lattice-to-ctm-conf[5.2.134~1-ecd4]:main():lattice-to-ctm-conf.cc:172) For utterance AMI_TS3006d_SDM_MTD022ID_0199134_0199265, Bayes Risk 0.0553944, avg. confidence per-word 0.967827
LOG (lattice-to-ctm-conf[5.2.134~1-ecd4]:main():lattice-to-ctm-conf.cc:172) For utterance AMI_TS3006d_SDM_MTD022ID_0199354_0199429, Bayes Risk 0.530653, avg. confidence per-word 0.470607
LOG (lattice-to-ctm-conf[5.2.134~1-ecd4]:main():lattice-to-ctm-conf.cc:172) For utterance AMI_TS3006d_SDM_MTD022ID_0199891_0200054, Bayes Risk 0.28796, avg. confidence per-word 0.856458
LOG (lattice-to-ctm-conf[5.2.134~1-ecd4]:main():lattice-to-ctm-conf.cc:172) For utterance AMI_TS3006d_SDM_MTD022ID_0200235_0200401, Bayes Risk 0.0493807, avg. confidence per-word 0.985391
LOG (lattice-to-ctm-conf[5.2.134~1-ecd4]:main():lattice-to-ctm-conf.cc:172) For utterance AMI_TS3006d_SDM_MTD022ID_0200589_0200748, Bayes Risk 0.0455051, avg. confidence per-word 0.981032
LOG (lattice-to-ctm-conf[5.2.134~1-ecd4]:main():lattice-to-ctm-conf.cc:172) For utterance AMI_TS3006d_SDM_MTD022ID_0200748_0200995, Bayes Risk 0.844428, avg. confidence per-word 0.434161
LOG (lattice-to-ctm-conf[5.2.134~1-ecd4]:main():lattice-to-ctm-conf.cc:172) For utterance AMI_TS3006d_SDM_MTD022ID_0200995_0201231, Bayes Risk 0.201918, avg. confidence per-word 0.961381
LOG (lattice-to-ctm-conf[5.2.134~1-ecd4]:main():lattice-to-ctm-conf.cc:172) For utterance AMI_TS3006d_SDM_MTD022ID_0201231_0201491, Bayes Risk 0.955063, avg. confidence per-word 0.576335
LOG (lattice-to-ctm-conf[5.2.134~1-ecd4]:main():lattice-to-ctm-conf.cc:172) For utterance AMI_TS3006d_SDM_MTD022ID_0201491_0202174, Bayes Risk 1.65739, avg. confidence per-word 0.954944
LOG (lattice-to-ctm-conf[5.2.134~1-ecd4]:main():lattice-to-ctm-conf.cc:172) For utterance AMI_TS3006d_SDM_MTD022ID_0202579_0202752, Bayes Risk 0.290275, avg. confidence per-word 0.824707
LOG (lattice-to-ctm-conf[5.2.134~1-ecd4]:main():lattice-to-ctm-conf.cc:172) For utterance AMI_TS3006d_SDM_MTD022ID_0203175_0203451, Bayes Risk 0.523616, avg. confidence per-word 0.9351
LOG (lattice-to-ctm-conf[5.2.134~1-ecd4]:main():lattice-to-ctm-conf.cc:172) For utterance AMI_TS3006d_SDM_MTD022ID_0203544_0203728, Bayes Risk 0.345765, avg. confidence per-word 0.877333
LOG (lattice-to-ctm-conf[5.2.134~1-ecd4]:main():lattice-to-ctm-conf.cc:172) For utterance AMI_TS3006d_SDM_MTD022ID_0203912_0204051, Bayes Risk 0.638841, avg. confidence per-word 0.364484
LOG (lattice-to-ctm-conf[5.2.134~1-ecd4]:main():lattice-to-ctm-conf.cc:172) For utterance AMI_TS3006d_SDM_MTD022ID_0204051_0204116, Bayes Risk 0.781013, avg. confidence per-word 0.220168
LOG (lattice-to-ctm-conf[5.2.134~1-ecd4]:main():lattice-to-ctm-conf.cc:172) For utterance AMI_TS3006d_SDM_MTD022ID_0204462_0204764, Bayes Risk 0.479943, avg. confidence per-word 0.628871
LOG (lattice-to-ctm-conf[5.2.134~1-ecd4]:main():lattice-to-ctm-conf.cc:172) For utterance AMI_TS3006d_SDM_MTD022ID_0205625_0205751, Bayes Risk 0.363605, avg. confidence per-word 0.829607
LOG (lattice-to-ctm-conf[5.2.134~1-ecd4]:main():lattice-to-ctm-conf.cc:172) For utterance AMI_TS3006d_SDM_MTD022ID_0207548_0207635, Bayes Risk 1.23595, avg. confidence per-word 0.36865
LOG (lattice-to-ctm-conf[5.2.134~1-ecd4]:main():lattice-to-ctm-conf.cc:172) For utterance AMI_TS3006d_SDM_MTD022ID_0208194_0208254, Bayes Risk 0.0279521, avg. confidence per-word 0.988868
LOG (lattice-to-ctm-conf[5.2.134~1-ecd4]:main():lattice-to-ctm-conf.cc:172) For utterance AMI_TS3006d_SDM_MTD022ID_0208382_0208541, Bayes Risk 0.116428, avg. confidence per-word 0.895702
LOG (lattice-to-ctm-conf[5.2.134~1-ecd4]:main():lattice-to-ctm-conf.cc:172) For utterance AMI_TS3006d_SDM_MTD022ID_0209112_0209489, Bayes Risk 1.0823, avg. confidence per-word 0.476275
LOG (lattice-to-ctm-conf[5.2.134~1-ecd4]:main():lattice-to-ctm-conf.cc:172) For utterance AMI_TS3006d_SDM_MTD022ID_0209676_0209823, Bayes Risk 0.72532, avg. confidence per-word 0.27968
LOG (lattice-to-ctm-conf[5.2.134~1-ecd4]:main():lattice-to-ctm-conf.cc:172) For utterance AMI_TS3006d_SDM_MTD022ID_0210285_0210408, Bayes Risk 0.821015, avg. confidence per-word 0.68367
LOG (lattice-to-ctm-conf[5.2.134~1-ecd4]:main():lattice-to-ctm-conf.cc:172) For utterance AMI_TS3006d_SDM_MTD022ID_0210408_0210530, Bayes Risk 0.46968, avg. confidence per-word 0.531581
LOG (lattice-scale[5.2.134~1-ecd4]:main():lattice-scale.cc:90) Done 33 lattices.
LOG (lattice-to-ctm-conf[5.2.134~1-ecd4]:main():lattice-to-ctm-conf.cc:172) For utterance AMI_TS3006d_SDM_MTD022ID_0210667_0210821, Bayes Risk 1.66481, avg. confidence per-word 0.461879
LOG (lattice-limit-depth[5.2.134~1-ecd4]:main():lattice-limit-depth.cc:103) Done 33 lattices.
LOG (lattice-limit-depth[5.2.134~1-ecd4]:main():lattice-limit-depth.cc:104) Overall density changed from 30.222 to 30.222
LOG (lattice-to-ctm-conf[5.2.134~1-ecd4]:main():lattice-to-ctm-conf.cc:172) For utterance AMI_TS3006d_SDM_MTD022ID_0211359_0211610, Bayes Risk 0.548612, avg. confidence per-word 0.74248
LOG (lattice-to-ctm-conf[5.2.134~1-ecd4]:main():lattice-to-ctm-conf.cc:172) For utterance AMI_TS3006d_SDM_MTD022ID_0211741_0211842, Bayes Risk 0.156779, avg. confidence per-word 0.893336
LOG (lattice-push[5.2.134~1-ecd4]:main():lattice-push.cc:98) Pushed 33 lattices, errors on 0
LOG (lattice-to-ctm-conf[5.2.134~1-ecd4]:main():lattice-to-ctm-conf.cc:172) For utterance AMI_TS3006d_SDM_MTD022ID_0212016_0212062, Bayes Risk 0.671078, avg. confidence per-word 0.32938
LOG (lattice-align-words-lexicon[5.2.134~1-ecd4]:main():lattice-align-words-lexicon.cc:138) Successfully aligned 33 lattices; 0 had errors.
LOG (lattice-to-ctm-conf[5.2.134~1-ecd4]:main():lattice-to-ctm-conf.cc:181) Done 33 lattices.
LOG (lattice-to-ctm-conf[5.2.134~1-ecd4]:main():lattice-to-ctm-conf.cc:182) Overall average Bayes Risk per sentence is 0.500693 and per word, 0.305979
# Accounting: time=15 threads=1
# Ended (code 0) at Sun Feb 25 16:22:28 EST 2018, elapsed time 15 seconds
