# mkdir -p /data/sls/r/u/atitus5/meng/am/logs/ami-0.1/train_sdm1/baseline/frame-tdnn-450x7-step0.05/decode_sdm1/ascore_10/ && lattice-scale --inv-acoustic-scale=10 "ark:gunzip -c /data/sls/r/u/atitus5/meng/am/logs/ami-0.1/train_sdm1/baseline/frame-tdnn-450x7-step0.05/decode_sdm1/lat.16.gz|" ark:- | lattice-limit-depth ark:- ark:- | lattice-push --push-strings=false ark:- ark:- | lattice-align-words-lexicon --max-expand=10.0 /data/sls/scratch/haotang/ami//exp/ihm/tri3-logmel-hires/graph_ami_fsh.o3g.kn.pr1-7/phones/align_lexicon.int /data/sls/scratch/haotang/ami//exp/ihm/tri3-logmel-hires_ali/final.mdl ark:- ark:- | lattice-to-ctm-conf --decode-mbr=true ark:- - | /data/sls/r/u/atitus5/meng/utils/int2sym.pl -f 5 /data/sls/scratch/haotang/ami//exp/ihm/tri3-logmel-hires/graph_ami_fsh.o3g.kn.pr1-7/words.txt | /data/sls/r/u/atitus5/meng/utils/convert_ctm.pl /data/sls/scratch/haotang/ami//sls-data/ami-0.1/sdm1-dev/segments /data/sls/scratch/haotang/ami//sls-data/ami-0.1/sdm1-dev/reco2file_and_channel > /data/sls/r/u/atitus5/meng/am/logs/ami-0.1/train_sdm1/baseline/frame-tdnn-450x7-step0.05/decode_sdm1/ascore_10/sdm1-dev.16.ctm 
# Started at Sun Feb 25 16:22:13 EST 2018
#
lattice-align-words-lexicon --max-expand=10.0 /data/sls/scratch/haotang/ami//exp/ihm/tri3-logmel-hires/graph_ami_fsh.o3g.kn.pr1-7/phones/align_lexicon.int /data/sls/scratch/haotang/ami//exp/ihm/tri3-logmel-hires_ali/final.mdl ark:- ark:- 
lattice-scale --inv-acoustic-scale=10 'ark:gunzip -c /data/sls/r/u/atitus5/meng/am/logs/ami-0.1/train_sdm1/baseline/frame-tdnn-450x7-step0.05/decode_sdm1/lat.16.gz|' ark:- 
lattice-push --push-strings=false ark:- ark:- 
lattice-to-ctm-conf --decode-mbr=true ark:- - 
lattice-limit-depth ark:- ark:- 
LOG (lattice-to-ctm-conf[5.2.134~1-ecd4]:main():lattice-to-ctm-conf.cc:172) For utterance AMI_IS1001b_SDM_FIO074_0060589_0060648, Bayes Risk 0, avg. confidence per-word 1
LOG (lattice-to-ctm-conf[5.2.134~1-ecd4]:main():lattice-to-ctm-conf.cc:172) For utterance AMI_IS1001b_SDM_FIO074_0060648_0061086, Bayes Risk 0.0331868, avg. confidence per-word 0.999071
LOG (lattice-to-ctm-conf[5.2.134~1-ecd4]:main():lattice-to-ctm-conf.cc:172) For utterance AMI_IS1001b_SDM_FIO074_0062238_0062554, Bayes Risk 0.548842, avg. confidence per-word 0.86291
LOG (lattice-to-ctm-conf[5.2.134~1-ecd4]:main():lattice-to-ctm-conf.cc:172) For utterance AMI_IS1001b_SDM_FIO074_0062716_0063154, Bayes Risk 1.4767, avg. confidence per-word 0.766529
LOG (lattice-to-ctm-conf[5.2.134~1-ecd4]:main():lattice-to-ctm-conf.cc:172) For utterance AMI_IS1001b_SDM_FIO074_0063154_0064354, Bayes Risk 5.09652, avg. confidence per-word 0.717046
LOG (lattice-to-ctm-conf[5.2.134~1-ecd4]:main():lattice-to-ctm-conf.cc:172) For utterance AMI_IS1001b_SDM_FIO074_0064486_0064673, Bayes Risk 0.0437665, avg. confidence per-word 0.980198
LOG (lattice-to-ctm-conf[5.2.134~1-ecd4]:main():lattice-to-ctm-conf.cc:172) For utterance AMI_IS1001b_SDM_FIO074_0064673_0065673, Bayes Risk 1.86416, avg. confidence per-word 0.915286
LOG (lattice-to-ctm-conf[5.2.134~1-ecd4]:main():lattice-to-ctm-conf.cc:172) For utterance AMI_IS1001b_SDM_FIO074_0065673_0066190, Bayes Risk 1.02973, avg. confidence per-word 0.88997
LOG (lattice-to-ctm-conf[5.2.134~1-ecd4]:main():lattice-to-ctm-conf.cc:172) For utterance AMI_IS1001b_SDM_FIO074_0066333_0066679, Bayes Risk 1.98978, avg. confidence per-word 0.773231
LOG (lattice-to-ctm-conf[5.2.134~1-ecd4]:main():lattice-to-ctm-conf.cc:172) For utterance AMI_IS1001b_SDM_FIO074_0066876_0067193, Bayes Risk 0.94556, avg. confidence per-word 0.81815
LOG (lattice-to-ctm-conf[5.2.134~1-ecd4]:main():lattice-to-ctm-conf.cc:172) For utterance AMI_IS1001b_SDM_FIO074_0067364_0067415, Bayes Risk 0.689906, avg. confidence per-word 0.729228
LOG (lattice-to-ctm-conf[5.2.134~1-ecd4]:main():lattice-to-ctm-conf.cc:172) For utterance AMI_IS1001b_SDM_FIO074_0069023_0069050, Bayes Risk 0.0320222, avg. confidence per-word 0.968904
LOG (lattice-to-ctm-conf[5.2.134~1-ecd4]:main():lattice-to-ctm-conf.cc:172) For utterance AMI_IS1001b_SDM_FIO074_0070065_0070107, Bayes Risk 0.0316941, avg. confidence per-word 0.975112
LOG (lattice-to-ctm-conf[5.2.134~1-ecd4]:main():lattice-to-ctm-conf.cc:172) For utterance AMI_IS1001b_SDM_FIO074_0070656_0071952, Bayes Risk 2.71206, avg. confidence per-word 0.696782
LOG (lattice-to-ctm-conf[5.2.134~1-ecd4]:main():lattice-to-ctm-conf.cc:172) For utterance AMI_IS1001b_SDM_FIO074_0072289_0073354, Bayes Risk 1.74986, avg. confidence per-word 0.888216
LOG (lattice-to-ctm-conf[5.2.134~1-ecd4]:main():lattice-to-ctm-conf.cc:172) For utterance AMI_IS1001b_SDM_FIO074_0073354_0075166, Bayes Risk 5.20362, avg. confidence per-word 0.787235
LOG (lattice-to-ctm-conf[5.2.134~1-ecd4]:main():lattice-to-ctm-conf.cc:172) For utterance AMI_IS1001b_SDM_FIO074_0075166_0076104, Bayes Risk 1.94119, avg. confidence per-word 0.907906
LOG (lattice-to-ctm-conf[5.2.134~1-ecd4]:main():lattice-to-ctm-conf.cc:172) For utterance AMI_IS1001b_SDM_FIO074_0076225_0076432, Bayes Risk 0.585955, avg. confidence per-word 0.501635
LOG (lattice-to-ctm-conf[5.2.134~1-ecd4]:main():lattice-to-ctm-conf.cc:172) For utterance AMI_IS1001b_SDM_FIO074_0076542_0076570, Bayes Risk 0.532931, avg. confidence per-word -nan
LOG (lattice-to-ctm-conf[5.2.134~1-ecd4]:main():lattice-to-ctm-conf.cc:172) For utterance AMI_IS1001b_SDM_FIO074_0076713_0079054, Bayes Risk 6.4074, avg. confidence per-word 0.875932
LOG (lattice-to-ctm-conf[5.2.134~1-ecd4]:main():lattice-to-ctm-conf.cc:172) For utterance AMI_IS1001b_SDM_FIO074_0079191_0079444, Bayes Risk 0.53762, avg. confidence per-word 0.494755
LOG (lattice-to-ctm-conf[5.2.134~1-ecd4]:main():lattice-to-ctm-conf.cc:172) For utterance AMI_IS1001b_SDM_FIO074_0079444_0079725, Bayes Risk 0.552467, avg. confidence per-word 0.915944
LOG (lattice-to-ctm-conf[5.2.134~1-ecd4]:main():lattice-to-ctm-conf.cc:172) For utterance AMI_IS1001b_SDM_FIO074_0079832_0080209, Bayes Risk 0.647229, avg. confidence per-word 0.998631
LOG (lattice-to-ctm-conf[5.2.134~1-ecd4]:main():lattice-to-ctm-conf.cc:172) For utterance AMI_IS1001b_SDM_FIO074_0080312_0080650, Bayes Risk 0.00770079, avg. confidence per-word 0.997433
LOG (lattice-scale[5.2.134~1-ecd4]:main():lattice-scale.cc:90) Done 33 lattices.
LOG (lattice-to-ctm-conf[5.2.134~1-ecd4]:main():lattice-to-ctm-conf.cc:172) For utterance AMI_IS1001b_SDM_FIO074_0080650_0082538, Bayes Risk 5.53559, avg. confidence per-word 0.860978
LOG (lattice-to-ctm-conf[5.2.134~1-ecd4]:main():lattice-to-ctm-conf.cc:172) For utterance AMI_IS1001b_SDM_FIO074_0082538_0082952, Bayes Risk 0.191303, avg. confidence per-word 0.997442
LOG (lattice-to-ctm-conf[5.2.134~1-ecd4]:main():lattice-to-ctm-conf.cc:172) For utterance AMI_IS1001b_SDM_FIO074_0082952_0082974, Bayes Risk 0, avg. confidence per-word 1
LOG (lattice-to-ctm-conf[5.2.134~1-ecd4]:main():lattice-to-ctm-conf.cc:172) For utterance AMI_IS1001b_SDM_FIO074_0084493_0084705, Bayes Risk 0.478199, avg. confidence per-word 0.827157
LOG (lattice-to-ctm-conf[5.2.134~1-ecd4]:main():lattice-to-ctm-conf.cc:172) For utterance AMI_IS1001b_SDM_FIO074_0084705_0084999, Bayes Risk 0.745428, avg. confidence per-word 0.601993
LOG (lattice-limit-depth[5.2.134~1-ecd4]:main():lattice-limit-depth.cc:103) Done 33 lattices.
LOG (lattice-limit-depth[5.2.134~1-ecd4]:main():lattice-limit-depth.cc:104) Overall density changed from 63.0291 to 63.0291
LOG (lattice-to-ctm-conf[5.2.134~1-ecd4]:main():lattice-to-ctm-conf.cc:172) For utterance AMI_IS1001b_SDM_FIO074_0084999_0085837, Bayes Risk 2.47584, avg. confidence per-word 0.844337
LOG (lattice-to-ctm-conf[5.2.134~1-ecd4]:main():lattice-to-ctm-conf.cc:172) For utterance AMI_IS1001b_SDM_FIO074_0085837_0086183, Bayes Risk 1.76328, avg. confidence per-word 0.727441
LOG (lattice-push[5.2.134~1-ecd4]:main():lattice-push.cc:98) Pushed 33 lattices, errors on 0
LOG (lattice-align-words-lexicon[5.2.134~1-ecd4]:main():lattice-align-words-lexicon.cc:138) Successfully aligned 33 lattices; 0 had errors.
LOG (lattice-to-ctm-conf[5.2.134~1-ecd4]:main():lattice-to-ctm-conf.cc:172) For utterance AMI_IS1001b_SDM_FIO074_0086183_0087694, Bayes Risk 4.92622, avg. confidence per-word 0.772512
LOG (lattice-to-ctm-conf[5.2.134~1-ecd4]:main():lattice-to-ctm-conf.cc:172) For utterance AMI_IS1001b_SDM_FIO074_0087947_0088198, Bayes Risk 1.7889, avg. confidence per-word 0.7665
LOG (lattice-to-ctm-conf[5.2.134~1-ecd4]:main():lattice-to-ctm-conf.cc:181) Done 33 lattices.
LOG (lattice-to-ctm-conf[5.2.134~1-ecd4]:main():lattice-to-ctm-conf.cc:182) Overall average Bayes Risk per sentence is 1.59287 and per word, 0.241122
# Accounting: time=20 threads=1
# Ended (code 0) at Sun Feb 25 16:22:33 EST 2018, elapsed time 20 seconds
