# mkdir -p /data/sls/r/u/atitus5/meng/am/logs/ami-0.1/train_sdm1/baseline/frame-tdnn-450x7-step0.05/decode_sdm1/ascore_9/ && lattice-scale --inv-acoustic-scale=9 "ark:gunzip -c /data/sls/r/u/atitus5/meng/am/logs/ami-0.1/train_sdm1/baseline/frame-tdnn-450x7-step0.05/decode_sdm1/lat.15.gz|" ark:- | lattice-limit-depth ark:- ark:- | lattice-push --push-strings=false ark:- ark:- | lattice-align-words-lexicon --max-expand=10.0 /data/sls/scratch/haotang/ami//exp/ihm/tri3-logmel-hires/graph_ami_fsh.o3g.kn.pr1-7/phones/align_lexicon.int /data/sls/scratch/haotang/ami//exp/ihm/tri3-logmel-hires_ali/final.mdl ark:- ark:- | lattice-to-ctm-conf --decode-mbr=true ark:- - | /data/sls/r/u/atitus5/meng/utils/int2sym.pl -f 5 /data/sls/scratch/haotang/ami//exp/ihm/tri3-logmel-hires/graph_ami_fsh.o3g.kn.pr1-7/words.txt | /data/sls/r/u/atitus5/meng/utils/convert_ctm.pl /data/sls/scratch/haotang/ami//sls-data/ami-0.1/sdm1-dev/segments /data/sls/scratch/haotang/ami//sls-data/ami-0.1/sdm1-dev/reco2file_and_channel > /data/sls/r/u/atitus5/meng/am/logs/ami-0.1/train_sdm1/baseline/frame-tdnn-450x7-step0.05/decode_sdm1/ascore_9/sdm1-dev.15.ctm 
# Started at Sun Feb 25 16:22:13 EST 2018
#
lattice-to-ctm-conf --decode-mbr=true ark:- - 
lattice-scale --inv-acoustic-scale=9 'ark:gunzip -c /data/sls/r/u/atitus5/meng/am/logs/ami-0.1/train_sdm1/baseline/frame-tdnn-450x7-step0.05/decode_sdm1/lat.15.gz|' ark:- 
lattice-align-words-lexicon --max-expand=10.0 /data/sls/scratch/haotang/ami//exp/ihm/tri3-logmel-hires/graph_ami_fsh.o3g.kn.pr1-7/phones/align_lexicon.int /data/sls/scratch/haotang/ami//exp/ihm/tri3-logmel-hires_ali/final.mdl ark:- ark:- 
lattice-limit-depth ark:- ark:- 
lattice-push --push-strings=false ark:- ark:- 
LOG (lattice-to-ctm-conf[5.2.134~1-ecd4]:main():lattice-to-ctm-conf.cc:172) For utterance AMI_IN1008_SDM_MIO018_0185002_0185391, Bayes Risk 1.59994, avg. confidence per-word 0.859559
LOG (lattice-to-ctm-conf[5.2.134~1-ecd4]:main():lattice-to-ctm-conf.cc:172) For utterance AMI_IN1008_SDM_MIO018_0185391_0186186, Bayes Risk 2.86595, avg. confidence per-word 0.890963
LOG (lattice-to-ctm-conf[5.2.134~1-ecd4]:main():lattice-to-ctm-conf.cc:172) For utterance AMI_IN1008_SDM_MIO018_0186186_0186349, Bayes Risk 0.727936, avg. confidence per-word 0.87715
LOG (lattice-to-ctm-conf[5.2.134~1-ecd4]:main():lattice-to-ctm-conf.cc:172) For utterance AMI_IN1008_SDM_MIO018_0186696_0187700, Bayes Risk 7.35452, avg. confidence per-word 0.733429
LOG (lattice-to-ctm-conf[5.2.134~1-ecd4]:main():lattice-to-ctm-conf.cc:172) For utterance AMI_IN1008_SDM_MIO018_0187700_0188213, Bayes Risk 2.40991, avg. confidence per-word 0.680787
LOG (lattice-to-ctm-conf[5.2.134~1-ecd4]:main():lattice-to-ctm-conf.cc:172) For utterance AMI_IN1008_SDM_MIO018_0188213_0188854, Bayes Risk 1.13803, avg. confidence per-word 0.920587
LOG (lattice-to-ctm-conf[5.2.134~1-ecd4]:main():lattice-to-ctm-conf.cc:172) For utterance AMI_IN1008_SDM_MIO018_0189119_0189150, Bayes Risk 0, avg. confidence per-word 1
LOG (lattice-to-ctm-conf[5.2.134~1-ecd4]:main():lattice-to-ctm-conf.cc:172) For utterance AMI_IN1008_SDM_MIO018_0189150_0189310, Bayes Risk 0.101421, avg. confidence per-word 0.999488
LOG (lattice-to-ctm-conf[5.2.134~1-ecd4]:main():lattice-to-ctm-conf.cc:172) For utterance AMI_IN1008_SDM_MIO018_0189310_0189472, Bayes Risk 0.255309, avg. confidence per-word 0.877554
LOG (lattice-to-ctm-conf[5.2.134~1-ecd4]:main():lattice-to-ctm-conf.cc:172) For utterance AMI_IN1008_SDM_MIO018_0190362_0190387, Bayes Risk 0.13865, avg. confidence per-word 0.863537
LOG (lattice-to-ctm-conf[5.2.134~1-ecd4]:main():lattice-to-ctm-conf.cc:172) For utterance AMI_IN1008_SDM_MIO018_0191014_0191418, Bayes Risk 1.00904, avg. confidence per-word 0.835527
LOG (lattice-to-ctm-conf[5.2.134~1-ecd4]:main():lattice-to-ctm-conf.cc:172) For utterance AMI_IN1008_SDM_MIO018_0191418_0191561, Bayes Risk 1.57462, avg. confidence per-word 0.756391
LOG (lattice-to-ctm-conf[5.2.134~1-ecd4]:main():lattice-to-ctm-conf.cc:172) For utterance AMI_IN1008_SDM_MIO018_0191561_0191657, Bayes Risk 0, avg. confidence per-word 1
LOG (lattice-to-ctm-conf[5.2.134~1-ecd4]:main():lattice-to-ctm-conf.cc:172) For utterance AMI_IN1008_SDM_MIO018_0191998_0192062, Bayes Risk 0, avg. confidence per-word 1
LOG (lattice-to-ctm-conf[5.2.134~1-ecd4]:main():lattice-to-ctm-conf.cc:172) For utterance AMI_IN1008_SDM_MIO018_0192684_0192730, Bayes Risk 0.00176765, avg. confidence per-word 0.998232
LOG (lattice-to-ctm-conf[5.2.134~1-ecd4]:main():lattice-to-ctm-conf.cc:172) For utterance AMI_IN1008_SDM_MIO018_0193218_0193276, Bayes Risk 0.0349445, avg. confidence per-word 1
LOG (lattice-to-ctm-conf[5.2.134~1-ecd4]:main():lattice-to-ctm-conf.cc:172) For utterance AMI_IN1008_SDM_MIO018_0193468_0193495, Bayes Risk 0, avg. confidence per-word 1
LOG (lattice-to-ctm-conf[5.2.134~1-ecd4]:main():lattice-to-ctm-conf.cc:172) For utterance AMI_IN1008_SDM_MIO018_0193730_0193847, Bayes Risk 1.99174, avg. confidence per-word 0.655011
LOG (lattice-to-ctm-conf[5.2.134~1-ecd4]:main():lattice-to-ctm-conf.cc:172) For utterance AMI_IN1008_SDM_MIO018_0193847_0194568, Bayes Risk 1.20995, avg. confidence per-word 0.921889
LOG (lattice-to-ctm-conf[5.2.134~1-ecd4]:main():lattice-to-ctm-conf.cc:172) For utterance AMI_IN1008_SDM_MIO018_0194568_0194904, Bayes Risk 0.407238, avg. confidence per-word 0.949095
LOG (lattice-to-ctm-conf[5.2.134~1-ecd4]:main():lattice-to-ctm-conf.cc:172) For utterance AMI_IN1008_SDM_MIO018_0194904_0194991, Bayes Risk 0.00525575, avg. confidence per-word 0.994744
LOG (lattice-to-ctm-conf[5.2.134~1-ecd4]:main():lattice-to-ctm-conf.cc:172) For utterance AMI_IN1008_SDM_MIO018_0195328_0195473, Bayes Risk 0, avg. confidence per-word 1
LOG (lattice-to-ctm-conf[5.2.134~1-ecd4]:main():lattice-to-ctm-conf.cc:172) For utterance AMI_IN1008_SDM_MIO018_0195640_0195795, Bayes Risk 0.224116, avg. confidence per-word 1
LOG (lattice-to-ctm-conf[5.2.134~1-ecd4]:main():lattice-to-ctm-conf.cc:172) For utterance AMI_IN1008_SDM_MIO018_0195795_0196461, Bayes Risk 2.44679, avg. confidence per-word 0.851454
LOG (lattice-to-ctm-conf[5.2.134~1-ecd4]:main():lattice-to-ctm-conf.cc:172) For utterance AMI_IN1008_SDM_MIO018_0196461_0196869, Bayes Risk 1.52277, avg. confidence per-word 0.869883
LOG (lattice-to-ctm-conf[5.2.134~1-ecd4]:main():lattice-to-ctm-conf.cc:172) For utterance AMI_IN1008_SDM_MIO018_0196869_0197170, Bayes Risk 1.01113, avg. confidence per-word 0.520093
LOG (lattice-to-ctm-conf[5.2.134~1-ecd4]:main():lattice-to-ctm-conf.cc:172) For utterance AMI_IN1008_SDM_MIO018_0197170_0198395, Bayes Risk 2.1035, avg. confidence per-word 0.912529
LOG (lattice-to-ctm-conf[5.2.134~1-ecd4]:main():lattice-to-ctm-conf.cc:172) For utterance AMI_IN1008_SDM_MIO018_0198395_0198812, Bayes Risk 0.82656, avg. confidence per-word 0.927249
LOG (lattice-scale[5.2.134~1-ecd4]:main():lattice-scale.cc:90) Done 33 lattices.
LOG (lattice-limit-depth[5.2.134~1-ecd4]:main():lattice-limit-depth.cc:103) Done 33 lattices.
LOG (lattice-limit-depth[5.2.134~1-ecd4]:main():lattice-limit-depth.cc:104) Overall density changed from 33.0448 to 33.0448
LOG (lattice-to-ctm-conf[5.2.134~1-ecd4]:main():lattice-to-ctm-conf.cc:172) For utterance AMI_IS1001b_SDM_FIO074_0056461_0057565, Bayes Risk 2.74574, avg. confidence per-word 0.89414
LOG (lattice-push[5.2.134~1-ecd4]:main():lattice-push.cc:98) Pushed 33 lattices, errors on 0
LOG (lattice-to-ctm-conf[5.2.134~1-ecd4]:main():lattice-to-ctm-conf.cc:172) For utterance AMI_IS1001b_SDM_FIO074_0057565_0058737, Bayes Risk 2.35302, avg. confidence per-word 0.844944
LOG (lattice-to-ctm-conf[5.2.134~1-ecd4]:main():lattice-to-ctm-conf.cc:172) For utterance AMI_IS1001b_SDM_FIO074_0058986_0059023, Bayes Risk 0, avg. confidence per-word 1
LOG (lattice-to-ctm-conf[5.2.134~1-ecd4]:main():lattice-to-ctm-conf.cc:172) For utterance AMI_IS1001b_SDM_FIO074_0059023_0059739, Bayes Risk 1.33725, avg. confidence per-word 0.890482
LOG (lattice-align-words-lexicon[5.2.134~1-ecd4]:main():lattice-align-words-lexicon.cc:138) Successfully aligned 33 lattices; 0 had errors.
LOG (lattice-to-ctm-conf[5.2.134~1-ecd4]:main():lattice-to-ctm-conf.cc:172) For utterance AMI_IS1001b_SDM_FIO074_0060170_0060209, Bayes Risk 0.000994319, avg. confidence per-word 1
LOG (lattice-to-ctm-conf[5.2.134~1-ecd4]:main():lattice-to-ctm-conf.cc:181) Done 33 lattices.
LOG (lattice-to-ctm-conf[5.2.134~1-ecd4]:main():lattice-to-ctm-conf.cc:182) Overall average Bayes Risk per sentence is 1.13328 and per word, 0.181544
# Accounting: time=8 threads=1
# Ended (code 0) at Sun Feb 25 16:22:21 EST 2018, elapsed time 8 seconds
