# mkdir -p /data/sls/r/u/atitus5/meng/am/logs/ami-0.1/train_sdm1/baseline/frame-tdnn-450x7-step0.05/decode_sdm1/ascore_9/ && lattice-scale --inv-acoustic-scale=9 "ark:gunzip -c /data/sls/r/u/atitus5/meng/am/logs/ami-0.1/train_sdm1/baseline/frame-tdnn-450x7-step0.05/decode_sdm1/lat.7.gz|" ark:- | lattice-limit-depth ark:- ark:- | lattice-push --push-strings=false ark:- ark:- | lattice-align-words-lexicon --max-expand=10.0 /data/sls/scratch/haotang/ami//exp/ihm/tri3-logmel-hires/graph_ami_fsh.o3g.kn.pr1-7/phones/align_lexicon.int /data/sls/scratch/haotang/ami//exp/ihm/tri3-logmel-hires_ali/final.mdl ark:- ark:- | lattice-to-ctm-conf --decode-mbr=true ark:- - | /data/sls/r/u/atitus5/meng/utils/int2sym.pl -f 5 /data/sls/scratch/haotang/ami//exp/ihm/tri3-logmel-hires/graph_ami_fsh.o3g.kn.pr1-7/words.txt | /data/sls/r/u/atitus5/meng/utils/convert_ctm.pl /data/sls/scratch/haotang/ami//sls-data/ami-0.1/sdm1-dev/segments /data/sls/scratch/haotang/ami//sls-data/ami-0.1/sdm1-dev/reco2file_and_channel > /data/sls/r/u/atitus5/meng/am/logs/ami-0.1/train_sdm1/baseline/frame-tdnn-450x7-step0.05/decode_sdm1/ascore_9/sdm1-dev.7.ctm 
# Started at Sun Feb 25 12:06:06 EST 2018
#
lattice-align-words-lexicon --max-expand=10.0 /data/sls/scratch/haotang/ami//exp/ihm/tri3-logmel-hires/graph_ami_fsh.o3g.kn.pr1-7/phones/align_lexicon.int /data/sls/scratch/haotang/ami//exp/ihm/tri3-logmel-hires_ali/final.mdl ark:- ark:- 
lattice-to-ctm-conf --decode-mbr=true ark:- - 
lattice-scale --inv-acoustic-scale=9 'ark:gunzip -c /data/sls/r/u/atitus5/meng/am/logs/ami-0.1/train_sdm1/baseline/frame-tdnn-450x7-step0.05/decode_sdm1/lat.7.gz|' ark:- 
lattice-push --push-strings=false ark:- ark:- 
lattice-limit-depth ark:- ark:- 
LOG (lattice-to-ctm-conf[5.2.134~1-ecd4]:main():lattice-to-ctm-conf.cc:172) For utterance AMI_ES2009a_SDM_MEE033_0015796_0016350, Bayes Risk 2.24775, avg. confidence per-word 0.842298
LOG (lattice-to-ctm-conf[5.2.134~1-ecd4]:main():lattice-to-ctm-conf.cc:172) For utterance AMI_ES2009a_SDM_MEE033_0016350_0016843, Bayes Risk 2.05229, avg. confidence per-word 0.822486
LOG (lattice-to-ctm-conf[5.2.134~1-ecd4]:main():lattice-to-ctm-conf.cc:172) For utterance AMI_ES2009a_SDM_MEE033_0016864_0017396, Bayes Risk 2.61386, avg. confidence per-word 0.841894
LOG (lattice-to-ctm-conf[5.2.134~1-ecd4]:main():lattice-to-ctm-conf.cc:172) For utterance AMI_ES2009a_SDM_MEE033_0017396_0017564, Bayes Risk 0.734599, avg. confidence per-word 0.895381
LOG (lattice-to-ctm-conf[5.2.134~1-ecd4]:main():lattice-to-ctm-conf.cc:172) For utterance AMI_ES2009a_SDM_MEE033_0017577_0018149, Bayes Risk 3.15285, avg. confidence per-word 0.85
LOG (lattice-to-ctm-conf[5.2.134~1-ecd4]:main():lattice-to-ctm-conf.cc:172) For utterance AMI_ES2009a_SDM_MEE033_0018149_0018531, Bayes Risk 0.794705, avg. confidence per-word 0.855667
LOG (lattice-to-ctm-conf[5.2.134~1-ecd4]:main():lattice-to-ctm-conf.cc:172) For utterance AMI_ES2009a_SDM_MEE033_0018531_0018817, Bayes Risk 1.9786, avg. confidence per-word 0.744014
LOG (lattice-to-ctm-conf[5.2.134~1-ecd4]:main():lattice-to-ctm-conf.cc:172) For utterance AMI_ES2009a_SDM_MEE033_0019088_0019143, Bayes Risk 0.0290206, avg. confidence per-word 0.970979
LOG (lattice-to-ctm-conf[5.2.134~1-ecd4]:main():lattice-to-ctm-conf.cc:172) For utterance AMI_ES2009a_SDM_MEE033_0019367_0019424, Bayes Risk 0, avg. confidence per-word 1
LOG (lattice-to-ctm-conf[5.2.134~1-ecd4]:main():lattice-to-ctm-conf.cc:172) For utterance AMI_ES2009a_SDM_MEE033_0019424_0021498, Bayes Risk 7.3101, avg. confidence per-word 0.875119
LOG (lattice-to-ctm-conf[5.2.134~1-ecd4]:main():lattice-to-ctm-conf.cc:172) For utterance AMI_ES2009a_SDM_MEE033_0021519_0022003, Bayes Risk 0.976474, avg. confidence per-word 0.904994
LOG (lattice-to-ctm-conf[5.2.134~1-ecd4]:main():lattice-to-ctm-conf.cc:172) For utterance AMI_ES2009a_SDM_MEE033_0022003_0023036, Bayes Risk 2.94328, avg. confidence per-word 0.877447
LOG (lattice-to-ctm-conf[5.2.134~1-ecd4]:main():lattice-to-ctm-conf.cc:172) For utterance AMI_ES2009a_SDM_MEE033_0023144_0024081, Bayes Risk 1.92265, avg. confidence per-word 0.932722
LOG (lattice-to-ctm-conf[5.2.134~1-ecd4]:main():lattice-to-ctm-conf.cc:172) For utterance AMI_ES2009a_SDM_MEE033_0024081_0024681, Bayes Risk 3.35059, avg. confidence per-word 0.828578
LOG (lattice-to-ctm-conf[5.2.134~1-ecd4]:main():lattice-to-ctm-conf.cc:172) For utterance AMI_ES2009a_SDM_MEE033_0024701_0025525, Bayes Risk 1.99123, avg. confidence per-word 0.917471
LOG (lattice-to-ctm-conf[5.2.134~1-ecd4]:main():lattice-to-ctm-conf.cc:172) For utterance AMI_ES2009a_SDM_MEE033_0025525_0026274, Bayes Risk 1.99129, avg. confidence per-word 0.635849
LOG (lattice-to-ctm-conf[5.2.134~1-ecd4]:main():lattice-to-ctm-conf.cc:172) For utterance AMI_ES2009a_SDM_MEE033_0026330_0027358, Bayes Risk 5.14506, avg. confidence per-word 0.851054
LOG (lattice-to-ctm-conf[5.2.134~1-ecd4]:main():lattice-to-ctm-conf.cc:172) For utterance AMI_ES2009a_SDM_MEE033_0027414_0028045, Bayes Risk 2.35273, avg. confidence per-word 0.865249
LOG (lattice-to-ctm-conf[5.2.134~1-ecd4]:main():lattice-to-ctm-conf.cc:172) For utterance AMI_ES2009a_SDM_MEE033_0028045_0028670, Bayes Risk 3.86509, avg. confidence per-word 0.771261
LOG (lattice-to-ctm-conf[5.2.134~1-ecd4]:main():lattice-to-ctm-conf.cc:172) For utterance AMI_ES2009a_SDM_MEE033_0028670_0029567, Bayes Risk 2.9698, avg. confidence per-word 0.905471
LOG (lattice-to-ctm-conf[5.2.134~1-ecd4]:main():lattice-to-ctm-conf.cc:172) For utterance AMI_ES2009a_SDM_MEE033_0029567_0029654, Bayes Risk 0.536955, avg. confidence per-word 0.994349
LOG (lattice-to-ctm-conf[5.2.134~1-ecd4]:main():lattice-to-ctm-conf.cc:172) For utterance AMI_ES2009a_SDM_MEE033_0029683_0031523, Bayes Risk 9.35289, avg. confidence per-word 0.846084
LOG (lattice-to-ctm-conf[5.2.134~1-ecd4]:main():lattice-to-ctm-conf.cc:172) For utterance AMI_ES2009a_SDM_MEE033_0031532_0032593, Bayes Risk 3.42778, avg. confidence per-word 0.883874
LOG (lattice-to-ctm-conf[5.2.134~1-ecd4]:main():lattice-to-ctm-conf.cc:172) For utterance AMI_ES2009a_SDM_MEE033_0032630_0032923, Bayes Risk 0.454367, avg. confidence per-word 0.943648
LOG (lattice-to-ctm-conf[5.2.134~1-ecd4]:main():lattice-to-ctm-conf.cc:172) For utterance AMI_ES2009a_SDM_MEE033_0032923_0033034, Bayes Risk 1.3596, avg. confidence per-word 0.791417
LOG (lattice-to-ctm-conf[5.2.134~1-ecd4]:main():lattice-to-ctm-conf.cc:172) For utterance AMI_ES2009a_SDM_MEE033_0033034_0033224, Bayes Risk 0.603839, avg. confidence per-word 0.815295
LOG (lattice-to-ctm-conf[5.2.134~1-ecd4]:main():lattice-to-ctm-conf.cc:172) For utterance AMI_ES2009a_SDM_MEE033_0033224_0033645, Bayes Risk 0.409112, avg. confidence per-word 0.97197
LOG (lattice-to-ctm-conf[5.2.134~1-ecd4]:main():lattice-to-ctm-conf.cc:172) For utterance AMI_ES2009a_SDM_MEE033_0033757_0034539, Bayes Risk 3.5102, avg. confidence per-word 0.838495
LOG (lattice-scale[5.2.134~1-ecd4]:main():lattice-scale.cc:90) Done 34 lattices.
LOG (lattice-to-ctm-conf[5.2.134~1-ecd4]:main():lattice-to-ctm-conf.cc:172) For utterance AMI_ES2009a_SDM_MEE033_0034613_0035854, Bayes Risk 11.2499, avg. confidence per-word 0.691425
LOG (lattice-limit-depth[5.2.134~1-ecd4]:main():lattice-limit-depth.cc:103) Done 34 lattices.
LOG (lattice-limit-depth[5.2.134~1-ecd4]:main():lattice-limit-depth.cc:104) Overall density changed from 62.2945 to 62.2945
LOG (lattice-to-ctm-conf[5.2.134~1-ecd4]:main():lattice-to-ctm-conf.cc:172) For utterance AMI_ES2009a_SDM_MEE033_0035854_0036279, Bayes Risk 3.06188, avg. confidence per-word 0.835511
LOG (lattice-push[5.2.134~1-ecd4]:main():lattice-push.cc:98) Pushed 34 lattices, errors on 0
LOG (lattice-to-ctm-conf[5.2.134~1-ecd4]:main():lattice-to-ctm-conf.cc:172) For utterance AMI_ES2009a_SDM_MEE033_0036279_0036531, Bayes Risk 1.16734, avg. confidence per-word 0.673955
LOG (lattice-to-ctm-conf[5.2.134~1-ecd4]:main():lattice-to-ctm-conf.cc:172) For utterance AMI_ES2009a_SDM_MEE033_0036531_0036587, Bayes Risk 0, avg. confidence per-word 1
LOG (lattice-align-words-lexicon[5.2.134~1-ecd4]:main():lattice-align-words-lexicon.cc:138) Successfully aligned 34 lattices; 0 had errors.
LOG (lattice-to-ctm-conf[5.2.134~1-ecd4]:main():lattice-to-ctm-conf.cc:172) For utterance AMI_ES2009a_SDM_MEE033_0036692_0036857, Bayes Risk 0.674459, avg. confidence per-word 0.884037
LOG (lattice-to-ctm-conf[5.2.134~1-ecd4]:main():lattice-to-ctm-conf.cc:172) For utterance AMI_ES2009a_SDM_MEE033_0036857_0036932, Bayes Risk 0.00525574, avg. confidence per-word 0.994744
LOG (lattice-to-ctm-conf[5.2.134~1-ecd4]:main():lattice-to-ctm-conf.cc:181) Done 34 lattices.
LOG (lattice-to-ctm-conf[5.2.134~1-ecd4]:main():lattice-to-ctm-conf.cc:182) Overall average Bayes Risk per sentence is 2.47752 and per word, 0.197736
# Accounting: time=93 threads=1
# Ended (code 0) at Sun Feb 25 12:07:39 EST 2018, elapsed time 93 seconds
