# mkdir -p /data/sls/r/u/atitus5/meng/am/logs/ami-0.1/train_sdm1/baseline/frame-tdnn-450x7-step0.05/decode_sdm1/ascore_12/ && lattice-scale --inv-acoustic-scale=12 "ark:gunzip -c /data/sls/r/u/atitus5/meng/am/logs/ami-0.1/train_sdm1/baseline/frame-tdnn-450x7-step0.05/decode_sdm1/lat.8.gz|" ark:- | lattice-limit-depth ark:- ark:- | lattice-push --push-strings=false ark:- ark:- | lattice-align-words-lexicon --max-expand=10.0 /data/sls/scratch/haotang/ami//exp/ihm/tri3-logmel-hires/graph_ami_fsh.o3g.kn.pr1-7/phones/align_lexicon.int /data/sls/scratch/haotang/ami//exp/ihm/tri3-logmel-hires_ali/final.mdl ark:- ark:- | lattice-to-ctm-conf --decode-mbr=true ark:- - | /data/sls/r/u/atitus5/meng/utils/int2sym.pl -f 5 /data/sls/scratch/haotang/ami//exp/ihm/tri3-logmel-hires/graph_ami_fsh.o3g.kn.pr1-7/words.txt | /data/sls/r/u/atitus5/meng/utils/convert_ctm.pl /data/sls/scratch/haotang/ami//sls-data/ami-0.1/sdm1-dev/segments /data/sls/scratch/haotang/ami//sls-data/ami-0.1/sdm1-dev/reco2file_and_channel > /data/sls/r/u/atitus5/meng/am/logs/ami-0.1/train_sdm1/baseline/frame-tdnn-450x7-step0.05/decode_sdm1/ascore_12/sdm1-dev.8.ctm 
# Started at Sun Feb 25 16:22:13 EST 2018
#
lattice-to-ctm-conf --decode-mbr=true ark:- - 
lattice-scale --inv-acoustic-scale=12 'ark:gunzip -c /data/sls/r/u/atitus5/meng/am/logs/ami-0.1/train_sdm1/baseline/frame-tdnn-450x7-step0.05/decode_sdm1/lat.8.gz|' ark:- 
lattice-limit-depth ark:- ark:- 
lattice-push --push-strings=false ark:- ark:- 
lattice-align-words-lexicon --max-expand=10.0 /data/sls/scratch/haotang/ami//exp/ihm/tri3-logmel-hires/graph_ami_fsh.o3g.kn.pr1-7/phones/align_lexicon.int /data/sls/scratch/haotang/ami//exp/ihm/tri3-logmel-hires_ali/final.mdl ark:- ark:- 
LOG (lattice-to-ctm-conf[5.2.134~1-ecd4]:main():lattice-to-ctm-conf.cc:172) For utterance AMI_ES2009a_SDM_MEE033_0036932_0037583, Bayes Risk 3.39484, avg. confidence per-word 0.672652
LOG (lattice-to-ctm-conf[5.2.134~1-ecd4]:main():lattice-to-ctm-conf.cc:172) For utterance AMI_ES2009a_SDM_MEE033_0037583_0037774, Bayes Risk 0.00525574, avg. confidence per-word 0.994744
LOG (lattice-to-ctm-conf[5.2.134~1-ecd4]:main():lattice-to-ctm-conf.cc:172) For utterance AMI_ES2009a_SDM_MEE033_0037774_0037861, Bayes Risk 0.00510207, avg. confidence per-word 0.996381
LOG (lattice-to-ctm-conf[5.2.134~1-ecd4]:main():lattice-to-ctm-conf.cc:172) For utterance AMI_ES2009a_SDM_MEE033_0038707_0038958, Bayes Risk 1.34921, avg. confidence per-word 0.565773
LOG (lattice-to-ctm-conf[5.2.134~1-ecd4]:main():lattice-to-ctm-conf.cc:172) For utterance AMI_ES2009a_SDM_MEE033_0038999_0039116, Bayes Risk 0.287186, avg. confidence per-word 0.730478
LOG (lattice-to-ctm-conf[5.2.134~1-ecd4]:main():lattice-to-ctm-conf.cc:172) For utterance AMI_ES2009a_SDM_MEE033_0040674_0040879, Bayes Risk 0.598979, avg. confidence per-word 0.66047
LOG (lattice-to-ctm-conf[5.2.134~1-ecd4]:main():lattice-to-ctm-conf.cc:172) For utterance AMI_ES2009a_SDM_MEE033_0040879_0040951, Bayes Risk 0.79487, avg. confidence per-word 0.20799
LOG (lattice-to-ctm-conf[5.2.134~1-ecd4]:main():lattice-to-ctm-conf.cc:172) For utterance AMI_ES2009a_SDM_MEE033_0040951_0040969, Bayes Risk 0.00744785, avg. confidence per-word 0.992552
LOG (lattice-to-ctm-conf[5.2.134~1-ecd4]:main():lattice-to-ctm-conf.cc:172) For utterance AMI_ES2009a_SDM_MEE033_0040969_0041203, Bayes Risk 0.0293818, avg. confidence per-word 1
LOG (lattice-to-ctm-conf[5.2.134~1-ecd4]:main():lattice-to-ctm-conf.cc:172) For utterance AMI_ES2009a_SDM_MEE033_0041203_0041583, Bayes Risk 0.0292806, avg. confidence per-word 1
LOG (lattice-to-ctm-conf[5.2.134~1-ecd4]:main():lattice-to-ctm-conf.cc:172) For utterance AMI_ES2009a_SDM_MEE033_0041583_0041635, Bayes Risk 0.686521, avg. confidence per-word -nan
LOG (lattice-to-ctm-conf[5.2.134~1-ecd4]:main():lattice-to-ctm-conf.cc:172) For utterance AMI_ES2009a_SDM_MEE033_0041926_0042237, Bayes Risk 0.151008, avg. confidence per-word 1
LOG (lattice-to-ctm-conf[5.2.134~1-ecd4]:main():lattice-to-ctm-conf.cc:172) For utterance AMI_ES2009a_SDM_MEE033_0042237_0042730, Bayes Risk 0.927357, avg. confidence per-word 0.762221
LOG (lattice-to-ctm-conf[5.2.134~1-ecd4]:main():lattice-to-ctm-conf.cc:172) For utterance AMI_ES2009a_SDM_MEE033_0042749_0043329, Bayes Risk 1.97421, avg. confidence per-word 0.647034
LOG (lattice-to-ctm-conf[5.2.134~1-ecd4]:main():lattice-to-ctm-conf.cc:172) For utterance AMI_ES2009a_SDM_MEE033_0043329_0043464, Bayes Risk 0.465118, avg. confidence per-word 0.568296
LOG (lattice-to-ctm-conf[5.2.134~1-ecd4]:main():lattice-to-ctm-conf.cc:172) For utterance AMI_ES2009a_SDM_MEE033_0043697_0043872, Bayes Risk 0.943006, avg. confidence per-word 0.451165
LOG (lattice-to-ctm-conf[5.2.134~1-ecd4]:main():lattice-to-ctm-conf.cc:172) For utterance AMI_ES2009a_SDM_MEE033_0043872_0043926, Bayes Risk 0, avg. confidence per-word 1
LOG (lattice-to-ctm-conf[5.2.134~1-ecd4]:main():lattice-to-ctm-conf.cc:172) For utterance AMI_ES2009a_SDM_MEE033_0044056_0044133, Bayes Risk 0.681514, avg. confidence per-word 0.504905
LOG (lattice-to-ctm-conf[5.2.134~1-ecd4]:main():lattice-to-ctm-conf.cc:172) For utterance AMI_ES2009a_SDM_MEE033_0044632_0044983, Bayes Risk 1.28647, avg. confidence per-word 0.840993
LOG (lattice-to-ctm-conf[5.2.134~1-ecd4]:main():lattice-to-ctm-conf.cc:172) For utterance AMI_ES2009a_SDM_MEE033_0044983_0045108, Bayes Risk 0.0110164, avg. confidence per-word 0.990902
LOG (lattice-to-ctm-conf[5.2.134~1-ecd4]:main():lattice-to-ctm-conf.cc:172) For utterance AMI_ES2009a_SDM_MEE033_0045108_0045475, Bayes Risk 0.0252366, avg. confidence per-word 0.995808
LOG (lattice-to-ctm-conf[5.2.134~1-ecd4]:main():lattice-to-ctm-conf.cc:172) For utterance AMI_ES2009a_SDM_MEE033_0045475_0045683, Bayes Risk 0.545485, avg. confidence per-word 0.464557
LOG (lattice-to-ctm-conf[5.2.134~1-ecd4]:main():lattice-to-ctm-conf.cc:172) For utterance AMI_ES2009a_SDM_MEE033_0045683_0046077, Bayes Risk 0.13255, avg. confidence per-word 0.98895
LOG (lattice-to-ctm-conf[5.2.134~1-ecd4]:main():lattice-to-ctm-conf.cc:172) For utterance AMI_ES2009a_SDM_MEE033_0046077_0046781, Bayes Risk 1.50426, avg. confidence per-word 0.640289
LOG (lattice-to-ctm-conf[5.2.134~1-ecd4]:main():lattice-to-ctm-conf.cc:172) For utterance AMI_ES2009a_SDM_MEE033_0046781_0046807, Bayes Risk 0.533943, avg. confidence per-word 0.552074
LOG (lattice-to-ctm-conf[5.2.134~1-ecd4]:main():lattice-to-ctm-conf.cc:172) For utterance AMI_ES2009a_SDM_MEE033_0047323_0047798, Bayes Risk 0.808633, avg. confidence per-word 0.784458
LOG (lattice-to-ctm-conf[5.2.134~1-ecd4]:main():lattice-to-ctm-conf.cc:172) For utterance AMI_ES2009a_SDM_MEE033_0047798_0047855, Bayes Risk 0.00416643, avg. confidence per-word 0.996792
LOG (lattice-to-ctm-conf[5.2.134~1-ecd4]:main():lattice-to-ctm-conf.cc:172) For utterance AMI_ES2009a_SDM_MEE033_0047855_0047994, Bayes Risk 0.0312308, avg. confidence per-word 0.997841
LOG (lattice-to-ctm-conf[5.2.134~1-ecd4]:main():lattice-to-ctm-conf.cc:172) For utterance AMI_ES2009a_SDM_MEE033_0047994_0048221, Bayes Risk 0.125789, avg. confidence per-word 1
LOG (lattice-to-ctm-conf[5.2.134~1-ecd4]:main():lattice-to-ctm-conf.cc:172) For utterance AMI_ES2009a_SDM_MEE033_0048221_0048351, Bayes Risk 0.811724, avg. confidence per-word 0.196919
LOG (lattice-to-ctm-conf[5.2.134~1-ecd4]:main():lattice-to-ctm-conf.cc:172) For utterance AMI_ES2009a_SDM_MEE033_0048351_0048426, Bayes Risk 1.10734, avg. confidence per-word 0.44633
LOG (lattice-scale[5.2.134~1-ecd4]:main():lattice-scale.cc:90) Done 34 lattices.
LOG (lattice-limit-depth[5.2.134~1-ecd4]:main():lattice-limit-depth.cc:103) Done 34 lattices.
LOG (lattice-limit-depth[5.2.134~1-ecd4]:main():lattice-limit-depth.cc:104) Overall density changed from 64.9063 to 64.9063
LOG (lattice-push[5.2.134~1-ecd4]:main():lattice-push.cc:98) Pushed 34 lattices, errors on 0
LOG (lattice-to-ctm-conf[5.2.134~1-ecd4]:main():lattice-to-ctm-conf.cc:172) For utterance AMI_ES2009a_SDM_MEE033_0048426_0048940, Bayes Risk 1.3761, avg. confidence per-word 0.487182
LOG (lattice-align-words-lexicon[5.2.134~1-ecd4]:main():lattice-align-words-lexicon.cc:138) Successfully aligned 34 lattices; 0 had errors.
LOG (lattice-to-ctm-conf[5.2.134~1-ecd4]:main():lattice-to-ctm-conf.cc:172) For utterance AMI_ES2009a_SDM_MEE033_0049071_0049197, Bayes Risk 0.0459814, avg. confidence per-word 1
LOG (lattice-to-ctm-conf[5.2.134~1-ecd4]:main():lattice-to-ctm-conf.cc:172) For utterance AMI_ES2009a_SDM_MEE033_0049992_0050010, Bayes Risk 0.0135811, avg. confidence per-word 0.986419
LOG (lattice-to-ctm-conf[5.2.134~1-ecd4]:main():lattice-to-ctm-conf.cc:181) Done 34 lattices.
LOG (lattice-to-ctm-conf[5.2.134~1-ecd4]:main():lattice-to-ctm-conf.cc:182) Overall average Bayes Risk per sentence is 0.608641 and per word, 0.390449
# Accounting: time=18 threads=1
# Ended (code 0) at Sun Feb 25 16:22:31 EST 2018, elapsed time 18 seconds
