# cp /data/sls/scratch/haotang/ami//sls-data/ami-0.1/sdm1-dev/stm /data/sls/r/u/atitus5/meng/am/logs/ami-0.1/train_sdm1/baseline/frame-tdnn-450x7-step0.05/decode_sdm1/ascore_12/ && cp /data/sls/r/u/atitus5/meng/am/logs/ami-0.1/train_sdm1/baseline/frame-tdnn-450x7-step0.05/decode_sdm1/ascore_12/sdm1-dev.ctm /data/sls/r/u/atitus5/meng/am/logs/ami-0.1/train_sdm1/baseline/frame-tdnn-450x7-step0.05/decode_sdm1/ascore_12/sdm1-dev_o4.ctm && /data/sls/r/u/atitus5/scratch/kaldi/tools/sctk/bin/hubscr.pl -G -v -m 1:2 -o4 -a -C -B 8192 -p /data/sls/r/u/atitus5/scratch/kaldi/tools/sctk/bin -V -l english -h rt-stt -g /data/sls/scratch/haotang/ami//sls-data/ami-0.1/sdm1-dev/glm -r /data/sls/r/u/atitus5/meng/am/logs/ami-0.1/train_sdm1/baseline/frame-tdnn-450x7-step0.05/decode_sdm1/ascore_12/stm /data/sls/r/u/atitus5/meng/am/logs/ami-0.1/train_sdm1/baseline/frame-tdnn-450x7-step0.05/decode_sdm1/ascore_12/sdm1-dev_o4.ctm 
# Started at Sun Feb 25 12:07:39 EST 2018
#
Filtering Files:
   Filtering english file '/data/sls/r/u/atitus5/meng/am/logs/ami-0.1/train_sdm1/baseline/frame-tdnn-450x7-step0.05/decode_sdm1/ascore_12/stm', stm format
      Exec: /data/sls/r/u/atitus5/scratch/kaldi/tools/sctk/bin/hubscr.pl sortSTM <  /data/sls/r/u/atitus5/meng/am/logs/ami-0.1/train_sdm1/baseline/frame-tdnn-450x7-step0.05/decode_sdm1/ascore_12/stm | cat | csrfilt.sh -i stm -t ref -dh /data/sls/scratch/haotang/ami//sls-data/ami-0.1/sdm1-dev/glm > /data/sls/r/u/atitus5/meng/am/logs/ami-0.1/train_sdm1/baseline/frame-tdnn-450x7-step0.05/decode_sdm1/ascore_12/stm.filt
   Filtering english file '/data/sls/r/u/atitus5/meng/am/logs/ami-0.1/train_sdm1/baseline/frame-tdnn-450x7-step0.05/decode_sdm1/ascore_12/sdm1-dev_o4.ctm', ctm format
      Exec: /data/sls/r/u/atitus5/scratch/kaldi/tools/sctk/bin/hubscr.pl sortCTM <  /data/sls/r/u/atitus5/meng/am/logs/ami-0.1/train_sdm1/baseline/frame-tdnn-450x7-step0.05/decode_sdm1/ascore_12/sdm1-dev_o4.ctm | perl -nae 'if ($_ =~ /^;;/ || $#F < 6) {print} else {s/^\s+//; if ($F[6] eq 'lex') { $st = 6; $st-- if ($F[5] =~ /^na$/i); splice(@F, $st, 10); print join(" " ,@F)."\n" }}'  | csrfilt.sh -i ctm -t hyp -dh /data/sls/scratch/haotang/ami//sls-data/ami-0.1/sdm1-dev/glm > /data/sls/r/u/atitus5/meng/am/logs/ami-0.1/train_sdm1/baseline/frame-tdnn-450x7-step0.05/decode_sdm1/ascore_12/sdm1-dev_o4.ctm.filt
Scoring english Hyp '/data/sls/r/u/atitus5/meng/am/logs/ami-0.1/train_sdm1/baseline/frame-tdnn-450x7-step0.05/decode_sdm1/ascore_12/sdm1-dev_o4.ctm.filt' against ref '/data/sls/r/u/atitus5/meng/am/logs/ami-0.1/train_sdm1/baseline/frame-tdnn-450x7-step0.05/decode_sdm1/ascore_12/stm.filt'
   Exec: asclite -f 6  -overlap-limit 4 -adaptive-cost -time-prune 100 -word-time-align 100 -force-memory-compression -memory-compression 8192 -memory-limit 1 -difficulty-limit 2 -r /data/sls/r/u/atitus5/meng/am/logs/ami-0.1/train_sdm1/baseline/frame-tdnn-450x7-step0.05/decode_sdm1/ascore_12/stm.filt stm -h /data/sls/r/u/atitus5/meng/am/logs/ami-0.1/train_sdm1/baseline/frame-tdnn-450x7-step0.05/decode_sdm1/ascore_12/sdm1-dev_o4.ctm.filt ctm /data/sls/r/u/atitus5/meng/am/logs/ami-0.1/train_sdm1/baseline/frame-tdnn-450x7-step0.05/decode_sdm1/ascore_12/sdm1-dev_o4.ctm -F -D -spkrautooverlap ref -o sgml sum rsum 2> /data/sls/r/u/atitus5/meng/am/logs/ami-0.1/train_sdm1/baseline/frame-tdnn-450x7-step0.05/decode_sdm1/ascore_12/sdm1-dev_o4.ctm.filt.aligninfo.csv
   Exec: mkdir -p /data/sls/r/u/atitus5/meng/am/logs/ami-0.1/train_sdm1/baseline/frame-tdnn-450x7-step0.05/decode_sdm1/ascore_12/sdm1-dev_o4.ctm.filt.alignments ; align2html.pl  -a /data/sls/r/u/atitus5/meng/am/logs/ami-0.1/train_sdm1/baseline/frame-tdnn-450x7-step0.05/decode_sdm1/ascore_12/sdm1-dev_o4.ctm.filt.aligninfo.csv -o /data/sls/r/u/atitus5/meng/am/logs/ami-0.1/train_sdm1/baseline/frame-tdnn-450x7-step0.05/decode_sdm1/ascore_12/sdm1-dev_o4.ctm.filt.alignments
sclite: 2.10 TK Version 1.3
Loading Piped input. . . 1 systems loaded.
    Writing overall detailed scoring report '/data/sls/r/u/atitus5/meng/am/logs/ami-0.1/train_sdm1/baseline/frame-tdnn-450x7-step0.05/decode_sdm1/ascore_12/sdm1-dev_o4.ctm.filt.dtl'
    Writing string alignments to '/data/sls/r/u/atitus5/meng/am/logs/ami-0.1/train_sdm1/baseline/frame-tdnn-450x7-step0.05/decode_sdm1/ascore_12/sdm1-dev_o4.ctm.filt.pra'
    Writing string alignments to '/data/sls/r/u/atitus5/meng/am/logs/ami-0.1/train_sdm1/baseline/frame-tdnn-450x7-step0.05/decode_sdm1/ascore_12/sdm1-dev_o4.ctm.filt.prf'
    Writing DET Curve to '/data/sls/r/u/atitus5/meng/am/logs/ami-0.1/train_sdm1/baseline/frame-tdnn-450x7-step0.05/decode_sdm1/ascore_12/sdm1-dev_o4.ctm.filt.det.[plt,dat]'
    Writing Confidence Histogram '/data/sls/r/u/atitus5/meng/am/logs/ami-0.1/train_sdm1/baseline/frame-tdnn-450x7-step0.05/decode_sdm1/ascore_12/sdm1-dev_o4.ctm.filt.hist.[plt,dat]'
    Writing Scaled Binned Histogram '/data/sls/r/u/atitus5/meng/am/logs/ami-0.1/train_sdm1/baseline/frame-tdnn-450x7-step0.05/decode_sdm1/ascore_12/sdm1-dev_o4.ctm.filt.sbhist.[plt,dat]'

Successful Completion
# Accounting: time=16 threads=1
# Ended (code 0) at Sun Feb 25 12:07:55 EST 2018, elapsed time 16 seconds
