Setting up environment...
Environment set up.
Training convolutional multidecoder...
Constructing model...
Done constructing model.
CNNMultidecoder (
  (encoder_conv): Sequential (
    (conv2d_0): Conv2d(1, 256, kernel_size=(3, 3), stride=(1, 1))
    (Tanh_0): Tanh ()
    (maxpool2d_0): MaxPool2d (size=(1, 3), stride=(1, 3), dilation=(1, 1))
    (conv2d_1): Conv2d(256, 256, kernel_size=(3, 3), stride=(1, 1))
    (Tanh_1): Tanh ()
    (maxpool2d_1): MaxPool2d (size=(1, 3), stride=(1, 3), dilation=(1, 1))
    (conv2d_2): Conv2d(256, 256, kernel_size=(3, 3), stride=(1, 1))
    (Tanh_2): Tanh ()
    (maxpool2d_2): MaxPool2d (size=(1, 3), stride=(1, 3), dilation=(1, 1))
  )
  (encoder_fc): Sequential (
    (lin_0): Linear (2560 -> 2048)
    (Tanh_0): Tanh ()
    (lin_1): Linear (2048 -> 2048)
    (Tanh_1): Tanh ()
    (lin_final): Linear (2048 -> 1024)
    (Tanh_final): Tanh ()
  )
  (decoder_fc_ihm): Sequential (
    (lin_0): Linear (1024 -> 2048)
    (Tanh_0): Tanh ()
    (lin_1): Linear (2048 -> 2048)
    (Tanh_1): Tanh ()
    (lin_final): Linear (2048 -> 2560)
    (Tanh_final): Tanh ()
  )
  (decoder_deconv_ihm): Sequential (
    (maxunpool2d_0): MaxUnpool2d (size=(1, 3), stride=(1, 3), padding=(0, 0))
    (conv2d_0): Conv2d(256, 256, kernel_size=(3, 3), stride=(1, 1), padding=(2, 2))
    (Tanh_0): Tanh ()
    (maxunpool2d_1): MaxUnpool2d (size=(1, 3), stride=(1, 3), padding=(0, 0))
    (conv2d_1): Conv2d(256, 256, kernel_size=(3, 3), stride=(1, 1), padding=(2, 2))
    (Tanh_1): Tanh ()
    (maxunpool2d_2): MaxUnpool2d (size=(1, 3), stride=(1, 3), padding=(0, 0))
    (conv2d_2): Conv2d(256, 1, kernel_size=(3, 3), stride=(1, 1), padding=(2, 2))
    (Tanh_2): Tanh ()
  )
  (decoder_fc_sdm1): Sequential (
    (lin_0): Linear (1024 -> 2048)
    (Tanh_0): Tanh ()
    (lin_1): Linear (2048 -> 2048)
    (Tanh_1): Tanh ()
    (lin_final): Linear (2048 -> 2560)
    (Tanh_final): Tanh ()
  )
  (decoder_deconv_sdm1): Sequential (
    (maxunpool2d_0): MaxUnpool2d (size=(1, 3), stride=(1, 3), padding=(0, 0))
    (conv2d_0): Conv2d(256, 256, kernel_size=(3, 3), stride=(1, 1), padding=(2, 2))
    (Tanh_0): Tanh ()
    (maxunpool2d_1): MaxUnpool2d (size=(1, 3), stride=(1, 3), padding=(0, 0))
    (conv2d_1): Conv2d(256, 256, kernel_size=(3, 3), stride=(1, 1), padding=(2, 2))
    (Tanh_1): Tanh ()
    (maxunpool2d_2): MaxUnpool2d (size=(1, 3), stride=(1, 3), padding=(0, 0))
    (conv2d_2): Conv2d(256, 1, kernel_size=(3, 3), stride=(1, 1), padding=(2, 2))
    (Tanh_2): Tanh ()
  )
)
Setting up data...
Setting up training datasets...
Using 2407138 training features (9403 batches) for class ihm
Using 2407138 training features (9403 batches) for class sdm1
Setting up dev datasets...
Using 249565 dev features (975 batches) for class ihm
Using 249565 dev features (975 batches) for class sdm1
Setting up minibatch shuffling for training...
18806 total batches: {'ihm': 9403, 'sdm1': 9403}
Done setting up data.
Starting training!
Train epoch 1: [1000/18806 (5.3%)]	Loss: 0.414455
Train epoch 1: [2000/18806 (10.6%)]	Loss: 0.319587
Train epoch 1: [3000/18806 (16.0%)]	Loss: 0.279749
Train epoch 1: [4000/18806 (21.3%)]	Loss: 0.255360
Train epoch 1: [5000/18806 (26.6%)]	Loss: 0.240893
Train epoch 1: [6000/18806 (31.9%)]	Loss: 0.231200
Train epoch 1: [7000/18806 (37.2%)]	Loss: 0.223130
Train epoch 1: [8000/18806 (42.5%)]	Loss: 0.217262
Train epoch 1: [9000/18806 (47.9%)]	Loss: 0.212339
Train epoch 1: [10000/18806 (53.2%)]	Loss: 0.207511
Train epoch 1: [11000/18806 (58.5%)]	Loss: 0.203568
Train epoch 1: [12000/18806 (63.8%)]	Loss: 0.200202
Train epoch 1: [13000/18806 (69.1%)]	Loss: 0.197210
Train epoch 1: [14000/18806 (74.4%)]	Loss: 0.194721
Train epoch 1: [15000/18806 (79.8%)]	Loss: 0.192316
Train epoch 1: [16000/18806 (85.1%)]	Loss: 0.189695
Train epoch 1: [17000/18806 (90.4%)]	Loss: 0.187404
Train epoch 1: [18000/18806 (95.7%)]	Loss: 0.185997
====> Epoch 1: Average train loss 0.184388
====> Dev set loss: 0.150101
New best dev set loss: 0.150101
Saved checkpoint for model
Train epoch 2: [1000/18806 (5.3%)]	Loss: 0.147773
Train epoch 2: [2000/18806 (10.6%)]	Loss: 0.148382
Train epoch 2: [3000/18806 (16.0%)]	Loss: 0.151159
Train epoch 2: [4000/18806 (21.3%)]	Loss: 0.151664
Train epoch 2: [5000/18806 (26.6%)]	Loss: 0.152899
Train epoch 2: [6000/18806 (31.9%)]	Loss: 0.153342
Train epoch 2: [7000/18806 (37.2%)]	Loss: 0.153037
Train epoch 2: [8000/18806 (42.5%)]	Loss: 0.153765
Train epoch 2: [9000/18806 (47.9%)]	Loss: 0.153608
Train epoch 2: [10000/18806 (53.2%)]	Loss: 0.153491
Train epoch 2: [11000/18806 (58.5%)]	Loss: 0.152880
Train epoch 2: [12000/18806 (63.8%)]	Loss: 0.153048
Train epoch 2: [13000/18806 (69.1%)]	Loss: 0.152759
Train epoch 2: [14000/18806 (74.4%)]	Loss: 0.152987
Train epoch 2: [15000/18806 (79.8%)]	Loss: 0.152549
Train epoch 2: [16000/18806 (85.1%)]	Loss: 0.152052
Train epoch 2: [17000/18806 (90.4%)]	Loss: 0.151507
Train epoch 2: [18000/18806 (95.7%)]	Loss: 0.151373
====> Epoch 2: Average train loss 0.150986
====> Dev set loss: 0.145695
New best dev set loss: 0.145695
Saved checkpoint for model
Train epoch 3: [1000/18806 (5.3%)]	Loss: 0.146366
Train epoch 3: [2000/18806 (10.6%)]	Loss: 0.145247
Train epoch 3: [3000/18806 (16.0%)]	Loss: 0.147076
Train epoch 3: [4000/18806 (21.3%)]	Loss: 0.146738
Train epoch 3: [5000/18806 (26.6%)]	Loss: 0.148167
Train epoch 3: [6000/18806 (31.9%)]	Loss: 0.148257
Train epoch 3: [7000/18806 (37.2%)]	Loss: 0.148563
Train epoch 3: [8000/18806 (42.5%)]	Loss: 0.149043
Train epoch 3: [9000/18806 (47.9%)]	Loss: 0.149521
Train epoch 3: [10000/18806 (53.2%)]	Loss: 0.149284
Train epoch 3: [11000/18806 (58.5%)]	Loss: 0.148628
Train epoch 3: [12000/18806 (63.8%)]	Loss: 0.148808
Train epoch 3: [13000/18806 (69.1%)]	Loss: 0.148495
Train epoch 3: [14000/18806 (74.4%)]	Loss: 0.148758
Train epoch 3: [15000/18806 (79.8%)]	Loss: 0.148535
Train epoch 3: [16000/18806 (85.1%)]	Loss: 0.148133
Train epoch 3: [17000/18806 (90.4%)]	Loss: 0.147556
Train epoch 3: [18000/18806 (95.7%)]	Loss: 0.147580
====> Epoch 3: Average train loss 0.147246
====> Dev set loss: 0.142324
New best dev set loss: 0.142324
Saved checkpoint for model
Train epoch 4: [1000/18806 (5.3%)]	Loss: 0.141270
Train epoch 4: [2000/18806 (10.6%)]	Loss: 0.140663
Train epoch 4: [3000/18806 (16.0%)]	Loss: 0.143988
Train epoch 4: [4000/18806 (21.3%)]	Loss: 0.144608
Train epoch 4: [5000/18806 (26.6%)]	Loss: 0.145746
Train epoch 4: [6000/18806 (31.9%)]	Loss: 0.146189
Train epoch 4: [7000/18806 (37.2%)]	Loss: 0.145936
Train epoch 4: [8000/18806 (42.5%)]	Loss: 0.146801
Train epoch 4: [9000/18806 (47.9%)]	Loss: 0.146901
Train epoch 4: [10000/18806 (53.2%)]	Loss: 0.146819
Train epoch 4: [11000/18806 (58.5%)]	Loss: 0.146491
Train epoch 4: [12000/18806 (63.8%)]	Loss: 0.146646
Train epoch 4: [13000/18806 (69.1%)]	Loss: 0.146638
Train epoch 4: [14000/18806 (74.4%)]	Loss: 0.146861
Train epoch 4: [15000/18806 (79.8%)]	Loss: 0.146485
Train epoch 4: [16000/18806 (85.1%)]	Loss: 0.146325
Train epoch 4: [17000/18806 (90.4%)]	Loss: 0.145713
Train epoch 4: [18000/18806 (95.7%)]	Loss: 0.145570
====> Epoch 4: Average train loss 0.145448
====> Dev set loss: 0.141467
New best dev set loss: 0.141467
Saved checkpoint for model
Train epoch 5: [1000/18806 (5.3%)]	Loss: 0.138873
Train epoch 5: [2000/18806 (10.6%)]	Loss: 0.139271
Train epoch 5: [3000/18806 (16.0%)]	Loss: 0.142740
Train epoch 5: [4000/18806 (21.3%)]	Loss: 0.142750
Train epoch 5: [5000/18806 (26.6%)]	Loss: 0.144101
Train epoch 5: [6000/18806 (31.9%)]	Loss: 0.144723
Train epoch 5: [7000/18806 (37.2%)]	Loss: 0.144469
Train epoch 5: [8000/18806 (42.5%)]	Loss: 0.145866
Train epoch 5: [9000/18806 (47.9%)]	Loss: 0.145561
Train epoch 5: [10000/18806 (53.2%)]	Loss: 0.145588
Train epoch 5: [11000/18806 (58.5%)]	Loss: 0.145018
Train epoch 5: [12000/18806 (63.8%)]	Loss: 0.145146
Train epoch 5: [13000/18806 (69.1%)]	Loss: 0.145213
Train epoch 5: [14000/18806 (74.4%)]	Loss: 0.145594
Train epoch 5: [15000/18806 (79.8%)]	Loss: 0.145256
Train epoch 5: [16000/18806 (85.1%)]	Loss: 0.144952
Train epoch 5: [17000/18806 (90.4%)]	Loss: 0.144462
Train epoch 5: [18000/18806 (95.7%)]	Loss: 0.144450
====> Epoch 5: Average train loss 0.144253
====> Dev set loss: 0.140836
New best dev set loss: 0.140836
Saved checkpoint for model
Train epoch 6: [1000/18806 (5.3%)]	Loss: 0.137982
Train epoch 6: [2000/18806 (10.6%)]	Loss: 0.139023
Train epoch 6: [3000/18806 (16.0%)]	Loss: 0.141573
Train epoch 6: [4000/18806 (21.3%)]	Loss: 0.141672
Train epoch 6: [5000/18806 (26.6%)]	Loss: 0.143643
Train epoch 6: [6000/18806 (31.9%)]	Loss: 0.144107
Train epoch 6: [7000/18806 (37.2%)]	Loss: 0.143878
Train epoch 6: [8000/18806 (42.5%)]	Loss: 0.145070
Train epoch 6: [9000/18806 (47.9%)]	Loss: 0.144993
Train epoch 6: [10000/18806 (53.2%)]	Loss: 0.144838
Train epoch 6: [11000/18806 (58.5%)]	Loss: 0.144675
Train epoch 6: [12000/18806 (63.8%)]	Loss: 0.144595
Train epoch 6: [13000/18806 (69.1%)]	Loss: 0.144322
Train epoch 6: [14000/18806 (74.4%)]	Loss: 0.144783
Train epoch 6: [15000/18806 (79.8%)]	Loss: 0.144604
Train epoch 6: [16000/18806 (85.1%)]	Loss: 0.144262
Train epoch 6: [17000/18806 (90.4%)]	Loss: 0.143782
Train epoch 6: [18000/18806 (95.7%)]	Loss: 0.143795
====> Epoch 6: Average train loss 0.143630
====> Dev set loss: 0.140456
New best dev set loss: 0.140456
Saved checkpoint for model
Train epoch 7: [1000/18806 (5.3%)]	Loss: 0.138150
Train epoch 7: [2000/18806 (10.6%)]	Loss: 0.139338
Train epoch 7: [3000/18806 (16.0%)]	Loss: 0.141183
Train epoch 7: [4000/18806 (21.3%)]	Loss: 0.141908
Train epoch 7: [5000/18806 (26.6%)]	Loss: 0.142969
Train epoch 7: [6000/18806 (31.9%)]	Loss: 0.143297
Train epoch 7: [7000/18806 (37.2%)]	Loss: 0.143328
Train epoch 7: [8000/18806 (42.5%)]	Loss: 0.144630
Train epoch 7: [9000/18806 (47.9%)]	Loss: 0.144349
Train epoch 7: [10000/18806 (53.2%)]	Loss: 0.144396
Train epoch 7: [11000/18806 (58.5%)]	Loss: 0.144000
Train epoch 7: [12000/18806 (63.8%)]	Loss: 0.144063
Train epoch 7: [13000/18806 (69.1%)]	Loss: 0.144026
Train epoch 7: [14000/18806 (74.4%)]	Loss: 0.144276
Train epoch 7: [15000/18806 (79.8%)]	Loss: 0.143952
Train epoch 7: [16000/18806 (85.1%)]	Loss: 0.143622
Train epoch 7: [17000/18806 (90.4%)]	Loss: 0.143256
Train epoch 7: [18000/18806 (95.7%)]	Loss: 0.143329
====> Epoch 7: Average train loss 0.143089
====> Dev set loss: 0.140221
New best dev set loss: 0.140221
Saved checkpoint for model
Train epoch 8: [1000/18806 (5.3%)]	Loss: 0.137514
Train epoch 8: [2000/18806 (10.6%)]	Loss: 0.138765
Train epoch 8: [3000/18806 (16.0%)]	Loss: 0.140794
Train epoch 8: [4000/18806 (21.3%)]	Loss: 0.140832
Train epoch 8: [5000/18806 (26.6%)]	Loss: 0.142234
Train epoch 8: [6000/18806 (31.9%)]	Loss: 0.143110
Train epoch 8: [7000/18806 (37.2%)]	Loss: 0.143024
Train epoch 8: [8000/18806 (42.5%)]	Loss: 0.143837
Train epoch 8: [9000/18806 (47.9%)]	Loss: 0.144227
Train epoch 8: [10000/18806 (53.2%)]	Loss: 0.143994
Train epoch 8: [11000/18806 (58.5%)]	Loss: 0.143614
Train epoch 8: [12000/18806 (63.8%)]	Loss: 0.143613
Train epoch 8: [13000/18806 (69.1%)]	Loss: 0.143694
Train epoch 8: [14000/18806 (74.4%)]	Loss: 0.144023
Train epoch 8: [15000/18806 (79.8%)]	Loss: 0.143662
Train epoch 8: [16000/18806 (85.1%)]	Loss: 0.143303
Train epoch 8: [17000/18806 (90.4%)]	Loss: 0.142958
Train epoch 8: [18000/18806 (95.7%)]	Loss: 0.142988
====> Epoch 8: Average train loss 0.142765
====> Dev set loss: 0.140319
No improvement in 1 epochs (best dev set loss: 0.140221)
Not saving checkpoint; no improvement made
Train epoch 9: [1000/18806 (5.3%)]	Loss: 0.137461
Train epoch 9: [2000/18806 (10.6%)]	Loss: 0.138079
Train epoch 9: [3000/18806 (16.0%)]	Loss: 0.140260
Train epoch 9: [4000/18806 (21.3%)]	Loss: 0.140397
Train epoch 9: [5000/18806 (26.6%)]	Loss: 0.141939
Train epoch 9: [6000/18806 (31.9%)]	Loss: 0.142472
Train epoch 9: [7000/18806 (37.2%)]	Loss: 0.142642
Train epoch 9: [8000/18806 (42.5%)]	Loss: 0.143946
Train epoch 9: [9000/18806 (47.9%)]	Loss: 0.143792
Train epoch 9: [10000/18806 (53.2%)]	Loss: 0.143594
Train epoch 9: [11000/18806 (58.5%)]	Loss: 0.143199
Train epoch 9: [12000/18806 (63.8%)]	Loss: 0.143322
Train epoch 9: [13000/18806 (69.1%)]	Loss: 0.143187
Train epoch 9: [14000/18806 (74.4%)]	Loss: 0.143513
Train epoch 9: [15000/18806 (79.8%)]	Loss: 0.143302
Train epoch 9: [16000/18806 (85.1%)]	Loss: 0.143036
Train epoch 9: [17000/18806 (90.4%)]	Loss: 0.142556
Train epoch 9: [18000/18806 (95.7%)]	Loss: 0.142551
====> Epoch 9: Average train loss 0.142358
====> Dev set loss: 0.141438
No improvement in 2 epochs (best dev set loss: 0.140221)
Not saving checkpoint; no improvement made
Train epoch 10: [1000/18806 (5.3%)]	Loss: 0.136406
Train epoch 10: [2000/18806 (10.6%)]	Loss: 0.137324
Train epoch 10: [3000/18806 (16.0%)]	Loss: 0.139652
Train epoch 10: [4000/18806 (21.3%)]	Loss: 0.139664
Train epoch 10: [5000/18806 (26.6%)]	Loss: 0.141741
Train epoch 10: [6000/18806 (31.9%)]	Loss: 0.142425
Train epoch 10: [7000/18806 (37.2%)]	Loss: 0.142260
Train epoch 10: [8000/18806 (42.5%)]	Loss: 0.143557
Train epoch 10: [9000/18806 (47.9%)]	Loss: 0.143317
Train epoch 10: [10000/18806 (53.2%)]	Loss: 0.143249
Train epoch 10: [11000/18806 (58.5%)]	Loss: 0.142832
Train epoch 10: [12000/18806 (63.8%)]	Loss: 0.142978
Train epoch 10: [13000/18806 (69.1%)]	Loss: 0.142758
Train epoch 10: [14000/18806 (74.4%)]	Loss: 0.143206
Train epoch 10: [15000/18806 (79.8%)]	Loss: 0.143005
Train epoch 10: [16000/18806 (85.1%)]	Loss: 0.142784
Train epoch 10: [17000/18806 (90.4%)]	Loss: 0.142224
Train epoch 10: [18000/18806 (95.7%)]	Loss: 0.142223
====> Epoch 10: Average train loss 0.142040
====> Dev set loss: 0.139036
New best dev set loss: 0.139036
Saved checkpoint for model
Train epoch 11: [1000/18806 (5.3%)]	Loss: 0.136069
Train epoch 11: [2000/18806 (10.6%)]	Loss: 0.135765
Train epoch 11: [3000/18806 (16.0%)]	Loss: 0.139557
Train epoch 11: [4000/18806 (21.3%)]	Loss: 0.139786
Train epoch 11: [5000/18806 (26.6%)]	Loss: 0.141547
Train epoch 11: [6000/18806 (31.9%)]	Loss: 0.141928
Train epoch 11: [7000/18806 (37.2%)]	Loss: 0.141869
Train epoch 11: [8000/18806 (42.5%)]	Loss: 0.142799
Train epoch 11: [9000/18806 (47.9%)]	Loss: 0.143202
Train epoch 11: [10000/18806 (53.2%)]	Loss: 0.143048
Train epoch 11: [11000/18806 (58.5%)]	Loss: 0.142620
Train epoch 11: [12000/18806 (63.8%)]	Loss: 0.142737
Train epoch 11: [13000/18806 (69.1%)]	Loss: 0.142615
Train epoch 11: [14000/18806 (74.4%)]	Loss: 0.143004
Train epoch 11: [15000/18806 (79.8%)]	Loss: 0.142730
Train epoch 11: [16000/18806 (85.1%)]	Loss: 0.142384
Train epoch 11: [17000/18806 (90.4%)]	Loss: 0.141952
Train epoch 11: [18000/18806 (95.7%)]	Loss: 0.141943
====> Epoch 11: Average train loss 0.141770
====> Dev set loss: 0.139291
No improvement in 1 epochs (best dev set loss: 0.139036)
Not saving checkpoint; no improvement made
Train epoch 12: [1000/18806 (5.3%)]	Loss: 0.136647
Train epoch 12: [2000/18806 (10.6%)]	Loss: 0.137237
Train epoch 12: [3000/18806 (16.0%)]	Loss: 0.139342
Train epoch 12: [4000/18806 (21.3%)]	Loss: 0.139453
Train epoch 12: [5000/18806 (26.6%)]	Loss: 0.141250
Train epoch 12: [6000/18806 (31.9%)]	Loss: 0.141906
Train epoch 12: [7000/18806 (37.2%)]	Loss: 0.141716
Train epoch 12: [8000/18806 (42.5%)]	Loss: 0.142908
Train epoch 12: [9000/18806 (47.9%)]	Loss: 0.142947
Train epoch 12: [10000/18806 (53.2%)]	Loss: 0.142769
Train epoch 12: [11000/18806 (58.5%)]	Loss: 0.142300
Train epoch 12: [12000/18806 (63.8%)]	Loss: 0.142484
Train epoch 12: [13000/18806 (69.1%)]	Loss: 0.142405
Train epoch 12: [14000/18806 (74.4%)]	Loss: 0.142770
Train epoch 12: [15000/18806 (79.8%)]	Loss: 0.142483
Train epoch 12: [16000/18806 (85.1%)]	Loss: 0.142171
Train epoch 12: [17000/18806 (90.4%)]	Loss: 0.141646
Train epoch 12: [18000/18806 (95.7%)]	Loss: 0.141793
====> Epoch 12: Average train loss 0.141557
====> Dev set loss: 0.139228
No improvement in 2 epochs (best dev set loss: 0.139036)
Not saving checkpoint; no improvement made
Train epoch 13: [1000/18806 (5.3%)]	Loss: 0.137498
Train epoch 13: [2000/18806 (10.6%)]	Loss: 0.136711
Train epoch 13: [3000/18806 (16.0%)]	Loss: 0.139159
Train epoch 13: [4000/18806 (21.3%)]	Loss: 0.139471
Train epoch 13: [5000/18806 (26.6%)]	Loss: 0.140825
Train epoch 13: [6000/18806 (31.9%)]	Loss: 0.141516
Train epoch 13: [7000/18806 (37.2%)]	Loss: 0.141990
Train epoch 13: [8000/18806 (42.5%)]	Loss: 0.142407
Train epoch 13: [9000/18806 (47.9%)]	Loss: 0.142758
Train epoch 13: [10000/18806 (53.2%)]	Loss: 0.142600
Train epoch 13: [11000/18806 (58.5%)]	Loss: 0.142160
Train epoch 13: [12000/18806 (63.8%)]	Loss: 0.142281
Train epoch 13: [13000/18806 (69.1%)]	Loss: 0.142320
Train epoch 13: [14000/18806 (74.4%)]	Loss: 0.142487
Train epoch 13: [15000/18806 (79.8%)]	Loss: 0.142271
Train epoch 13: [16000/18806 (85.1%)]	Loss: 0.141980
Train epoch 13: [17000/18806 (90.4%)]	Loss: 0.141523
Train epoch 13: [18000/18806 (95.7%)]	Loss: 0.141531
====> Epoch 13: Average train loss 0.141344
====> Dev set loss: 0.138747
New best dev set loss: 0.138747
Saved checkpoint for model
Train epoch 14: [1000/18806 (5.3%)]	Loss: 0.136813
Train epoch 14: [2000/18806 (10.6%)]	Loss: 0.135338
Train epoch 14: [3000/18806 (16.0%)]	Loss: 0.139096
Train epoch 14: [4000/18806 (21.3%)]	Loss: 0.139876
Train epoch 14: [5000/18806 (26.6%)]	Loss: 0.140866
Train epoch 14: [6000/18806 (31.9%)]	Loss: 0.141502
Train epoch 14: [7000/18806 (37.2%)]	Loss: 0.141430
Train epoch 14: [8000/18806 (42.5%)]	Loss: 0.142334
Train epoch 14: [9000/18806 (47.9%)]	Loss: 0.142462
Train epoch 14: [10000/18806 (53.2%)]	Loss: 0.142510
Train epoch 14: [11000/18806 (58.5%)]	Loss: 0.142074
Train epoch 14: [12000/18806 (63.8%)]	Loss: 0.142149
Train epoch 14: [13000/18806 (69.1%)]	Loss: 0.142107
Train epoch 14: [14000/18806 (74.4%)]	Loss: 0.142336
Train epoch 14: [15000/18806 (79.8%)]	Loss: 0.142110
Train epoch 14: [16000/18806 (85.1%)]	Loss: 0.141813
Train epoch 14: [17000/18806 (90.4%)]	Loss: 0.141332
Train epoch 14: [18000/18806 (95.7%)]	Loss: 0.141358
====> Epoch 14: Average train loss 0.141140
====> Dev set loss: 0.138367
New best dev set loss: 0.138367
Saved checkpoint for model
Train epoch 15: [1000/18806 (5.3%)]	Loss: 0.135807
Train epoch 15: [2000/18806 (10.6%)]	Loss: 0.136456
Train epoch 15: [3000/18806 (16.0%)]	Loss: 0.139183
Train epoch 15: [4000/18806 (21.3%)]	Loss: 0.139588
Train epoch 15: [5000/18806 (26.6%)]	Loss: 0.140462
Train epoch 15: [6000/18806 (31.9%)]	Loss: 0.141103
Train epoch 15: [7000/18806 (37.2%)]	Loss: 0.141029
Train epoch 15: [8000/18806 (42.5%)]	Loss: 0.141878
Train epoch 15: [9000/18806 (47.9%)]	Loss: 0.142186
Train epoch 15: [10000/18806 (53.2%)]	Loss: 0.142099
Train epoch 15: [11000/18806 (58.5%)]	Loss: 0.141739
Train epoch 15: [12000/18806 (63.8%)]	Loss: 0.141769
Train epoch 15: [13000/18806 (69.1%)]	Loss: 0.141727
Train epoch 15: [14000/18806 (74.4%)]	Loss: 0.142164
Train epoch 15: [15000/18806 (79.8%)]	Loss: 0.141833
Train epoch 15: [16000/18806 (85.1%)]	Loss: 0.141543
Train epoch 15: [17000/18806 (90.4%)]	Loss: 0.141112
Train epoch 15: [18000/18806 (95.7%)]	Loss: 0.141179
====> Epoch 15: Average train loss 0.140940
====> Dev set loss: 0.138535
No improvement in 1 epochs (best dev set loss: 0.138367)
Not saving checkpoint; no improvement made
Train epoch 16: [1000/18806 (5.3%)]	Loss: 0.134647
Train epoch 16: [2000/18806 (10.6%)]	Loss: 0.135297
Train epoch 16: [3000/18806 (16.0%)]	Loss: 0.139012
Train epoch 16: [4000/18806 (21.3%)]	Loss: 0.138564
Train epoch 16: [5000/18806 (26.6%)]	Loss: 0.140523
Train epoch 16: [6000/18806 (31.9%)]	Loss: 0.141033
Train epoch 16: [7000/18806 (37.2%)]	Loss: 0.140869
Train epoch 16: [8000/18806 (42.5%)]	Loss: 0.141811
Train epoch 16: [9000/18806 (47.9%)]	Loss: 0.141989
Train epoch 16: [10000/18806 (53.2%)]	Loss: 0.141875
Train epoch 16: [11000/18806 (58.5%)]	Loss: 0.141554
Train epoch 16: [12000/18806 (63.8%)]	Loss: 0.141606
Train epoch 16: [13000/18806 (69.1%)]	Loss: 0.141664
Train epoch 16: [14000/18806 (74.4%)]	Loss: 0.142002
Train epoch 16: [15000/18806 (79.8%)]	Loss: 0.141593
Train epoch 16: [16000/18806 (85.1%)]	Loss: 0.141251
Train epoch 16: [17000/18806 (90.4%)]	Loss: 0.140940
Train epoch 16: [18000/18806 (95.7%)]	Loss: 0.140991
====> Epoch 16: Average train loss 0.140769
====> Dev set loss: 0.138314
New best dev set loss: 0.138314
Saved checkpoint for model
Train epoch 17: [1000/18806 (5.3%)]	Loss: 0.134962
Train epoch 17: [2000/18806 (10.6%)]	Loss: 0.135204
Train epoch 17: [3000/18806 (16.0%)]	Loss: 0.138377
Train epoch 17: [4000/18806 (21.3%)]	Loss: 0.138478
Train epoch 17: [5000/18806 (26.6%)]	Loss: 0.139990
Train epoch 17: [6000/18806 (31.9%)]	Loss: 0.140964
Train epoch 17: [7000/18806 (37.2%)]	Loss: 0.140777
Train epoch 17: [8000/18806 (42.5%)]	Loss: 0.141728
Train epoch 17: [9000/18806 (47.9%)]	Loss: 0.141983
Train epoch 17: [10000/18806 (53.2%)]	Loss: 0.141816
Train epoch 17: [11000/18806 (58.5%)]	Loss: 0.141435
Train epoch 17: [12000/18806 (63.8%)]	Loss: 0.141567
Train epoch 17: [13000/18806 (69.1%)]	Loss: 0.141380
Train epoch 17: [14000/18806 (74.4%)]	Loss: 0.141781
Train epoch 17: [15000/18806 (79.8%)]	Loss: 0.141574
Train epoch 17: [16000/18806 (85.1%)]	Loss: 0.141374
Train epoch 17: [17000/18806 (90.4%)]	Loss: 0.140830
Train epoch 17: [18000/18806 (95.7%)]	Loss: 0.140670
====> Epoch 17: Average train loss 0.140645
====> Dev set loss: 0.139049
No improvement in 1 epochs (best dev set loss: 0.138314)
Not saving checkpoint; no improvement made
Train epoch 18: [1000/18806 (5.3%)]	Loss: 0.134628
Train epoch 18: [2000/18806 (10.6%)]	Loss: 0.135394
Train epoch 18: [3000/18806 (16.0%)]	Loss: 0.138453
Train epoch 18: [4000/18806 (21.3%)]	Loss: 0.138463
Train epoch 18: [5000/18806 (26.6%)]	Loss: 0.140254
Train epoch 18: [6000/18806 (31.9%)]	Loss: 0.140902
Train epoch 18: [7000/18806 (37.2%)]	Loss: 0.140630
Train epoch 18: [8000/18806 (42.5%)]	Loss: 0.141525
Train epoch 18: [9000/18806 (47.9%)]	Loss: 0.141927
Train epoch 18: [10000/18806 (53.2%)]	Loss: 0.141659
Train epoch 18: [11000/18806 (58.5%)]	Loss: 0.141226
Train epoch 18: [12000/18806 (63.8%)]	Loss: 0.141414
Train epoch 18: [13000/18806 (69.1%)]	Loss: 0.141447
Train epoch 18: [14000/18806 (74.4%)]	Loss: 0.141691
Train epoch 18: [15000/18806 (79.8%)]	Loss: 0.141426
Train epoch 18: [16000/18806 (85.1%)]	Loss: 0.141010
Train epoch 18: [17000/18806 (90.4%)]	Loss: 0.140684
Train epoch 18: [18000/18806 (95.7%)]	Loss: 0.140725
====> Epoch 18: Average train loss 0.140497
====> Dev set loss: 0.137540
New best dev set loss: 0.137540
Saved checkpoint for model
Train epoch 19: [1000/18806 (5.3%)]	Loss: 0.135378
Train epoch 19: [2000/18806 (10.6%)]	Loss: 0.136070
Train epoch 19: [3000/18806 (16.0%)]	Loss: 0.138186
Train epoch 19: [4000/18806 (21.3%)]	Loss: 0.138075
Train epoch 19: [5000/18806 (26.6%)]	Loss: 0.139913
Train epoch 19: [6000/18806 (31.9%)]	Loss: 0.140736
Train epoch 19: [7000/18806 (37.2%)]	Loss: 0.140866
Train epoch 19: [8000/18806 (42.5%)]	Loss: 0.140360
Train epoch 19: [9000/18806 (47.9%)]	Loss: 0.141887
Train epoch 19: [10000/18806 (53.2%)]	Loss: 0.141527
Train epoch 19: [11000/18806 (58.5%)]	Loss: 0.141250
Train epoch 19: [12000/18806 (63.8%)]	Loss: 0.141235
Train epoch 19: [13000/18806 (69.1%)]	Loss: 0.141411
Train epoch 19: [14000/18806 (74.4%)]	Loss: 0.141289
Train epoch 19: [15000/18806 (79.8%)]	Loss: 0.141081
Train epoch 19: [16000/18806 (85.1%)]	Loss: 0.140838
Train epoch 19: [17000/18806 (90.4%)]	Loss: 0.140518
Train epoch 19: [18000/18806 (95.7%)]	Loss: 0.140553
====> Epoch 19: Average train loss 0.140334
====> Dev set loss: 0.138847
No improvement in 1 epochs (best dev set loss: 0.137540)
Not saving checkpoint; no improvement made
Train epoch 20: [1000/18806 (5.3%)]	Loss: 0.134949
Train epoch 20: [2000/18806 (10.6%)]	Loss: 0.135717
Train epoch 20: [3000/18806 (16.0%)]	Loss: 0.137796
Train epoch 20: [4000/18806 (21.3%)]	Loss: 0.137917
Train epoch 20: [5000/18806 (26.6%)]	Loss: 0.139564
Train epoch 20: [6000/18806 (31.9%)]	Loss: 0.140584
Train epoch 20: [7000/18806 (37.2%)]	Loss: 0.140348
Train epoch 20: [8000/18806 (42.5%)]	Loss: 0.141550
Train epoch 20: [9000/18806 (47.9%)]	Loss: 0.141506
Train epoch 20: [10000/18806 (53.2%)]	Loss: 0.141348
Train epoch 20: [11000/18806 (58.5%)]	Loss: 0.140987
Train epoch 20: [12000/18806 (63.8%)]	Loss: 0.141131
Train epoch 20: [13000/18806 (69.1%)]	Loss: 0.141104
Train epoch 20: [14000/18806 (74.4%)]	Loss: 0.141460
Train epoch 20: [15000/18806 (79.8%)]	Loss: 0.141131
Train epoch 20: [16000/18806 (85.1%)]	Loss: 0.140757
Train epoch 20: [17000/18806 (90.4%)]	Loss: 0.140353
Train epoch 20: [18000/18806 (95.7%)]	Loss: 0.140431
====> Epoch 20: Average train loss 0.140195
====> Dev set loss: 0.137473
New best dev set loss: 0.137473
Saved checkpoint for model
Train epoch 21: [1000/18806 (5.3%)]	Loss: 0.134400
Train epoch 21: [2000/18806 (10.6%)]	Loss: 0.135250
Train epoch 21: [3000/18806 (16.0%)]	Loss: 0.137780
Train epoch 21: [4000/18806 (21.3%)]	Loss: 0.137735
Train epoch 21: [5000/18806 (26.6%)]	Loss: 0.139422
Train epoch 21: [6000/18806 (31.9%)]	Loss: 0.140062
Train epoch 21: [7000/18806 (37.2%)]	Loss: 0.140260
Train epoch 21: [8000/18806 (42.5%)]	Loss: 0.141137
Train epoch 21: [9000/18806 (47.9%)]	Loss: 0.141364
Train epoch 21: [10000/18806 (53.2%)]	Loss: 0.141173
Train epoch 21: [11000/18806 (58.5%)]	Loss: 0.140896
Train epoch 21: [12000/18806 (63.8%)]	Loss: 0.140881
Train epoch 21: [13000/18806 (69.1%)]	Loss: 0.141072
Train epoch 21: [14000/18806 (74.4%)]	Loss: 0.141293
Train epoch 21: [15000/18806 (79.8%)]	Loss: 0.140998
Train epoch 21: [16000/18806 (85.1%)]	Loss: 0.140696
Train epoch 21: [17000/18806 (90.4%)]	Loss: 0.140248
Train epoch 21: [18000/18806 (95.7%)]	Loss: 0.140279
====> Epoch 21: Average train loss 0.140089
====> Dev set loss: 0.137032
New best dev set loss: 0.137032
Saved checkpoint for model
Train epoch 22: [1000/18806 (5.3%)]	Loss: 0.133486
Train epoch 22: [2000/18806 (10.6%)]	Loss: 0.134340
Train epoch 22: [3000/18806 (16.0%)]	Loss: 0.137586
Train epoch 22: [4000/18806 (21.3%)]	Loss: 0.137953
Train epoch 22: [5000/18806 (26.6%)]	Loss: 0.139488
Train epoch 22: [6000/18806 (31.9%)]	Loss: 0.140111
Train epoch 22: [7000/18806 (37.2%)]	Loss: 0.140057
Train epoch 22: [8000/18806 (42.5%)]	Loss: 0.141286
Train epoch 22: [9000/18806 (47.9%)]	Loss: 0.140996
Train epoch 22: [10000/18806 (53.2%)]	Loss: 0.141041
Train epoch 22: [11000/18806 (58.5%)]	Loss: 0.140626
Train epoch 22: [12000/18806 (63.8%)]	Loss: 0.140804
Train epoch 22: [13000/18806 (69.1%)]	Loss: 0.140629
Train epoch 22: [14000/18806 (74.4%)]	Loss: 0.141085
Train epoch 22: [15000/18806 (79.8%)]	Loss: 0.140751
Train epoch 22: [16000/18806 (85.1%)]	Loss: 0.140519
Train epoch 22: [17000/18806 (90.4%)]	Loss: 0.139963
Train epoch 22: [18000/18806 (95.7%)]	Loss: 0.140097
====> Epoch 22: Average train loss 0.139892
====> Dev set loss: 0.136625
New best dev set loss: 0.136625
Saved checkpoint for model
Train epoch 23: [1000/18806 (5.3%)]	Loss: 0.134119
Train epoch 23: [2000/18806 (10.6%)]	Loss: 0.134486
Train epoch 23: [3000/18806 (16.0%)]	Loss: 0.137494
Train epoch 23: [4000/18806 (21.3%)]	Loss: 0.137350
Train epoch 23: [5000/18806 (26.6%)]	Loss: 0.139038
Train epoch 23: [6000/18806 (31.9%)]	Loss: 0.139803
Train epoch 23: [7000/18806 (37.2%)]	Loss: 0.139851
Train epoch 23: [8000/18806 (42.5%)]	Loss: 0.140735
Train epoch 23: [9000/18806 (47.9%)]	Loss: 0.141112
Train epoch 23: [10000/18806 (53.2%)]	Loss: 0.140950
Train epoch 23: [11000/18806 (58.5%)]	Loss: 0.140443
Train epoch 23: [12000/18806 (63.8%)]	Loss: 0.140630
Train epoch 23: [13000/18806 (69.1%)]	Loss: 0.140353
Train epoch 23: [14000/18806 (74.4%)]	Loss: 0.140760
Train epoch 23: [15000/18806 (79.8%)]	Loss: 0.140611
Train epoch 23: [16000/18806 (85.1%)]	Loss: 0.140458
Train epoch 23: [17000/18806 (90.4%)]	Loss: 0.139882
Train epoch 23: [18000/18806 (95.7%)]	Loss: 0.139882
====> Epoch 23: Average train loss 0.139708
====> Dev set loss: 0.136945
No improvement in 1 epochs (best dev set loss: 0.136625)
Not saving checkpoint; no improvement made
Train epoch 24: [1000/18806 (5.3%)]	Loss: 0.133802
Train epoch 24: [2000/18806 (10.6%)]	Loss: 0.135072
Train epoch 24: [3000/18806 (16.0%)]	Loss: 0.137213
Train epoch 24: [4000/18806 (21.3%)]	Loss: 0.137431
Train epoch 24: [5000/18806 (26.6%)]	Loss: 0.139346
Train epoch 24: [6000/18806 (31.9%)]	Loss: 0.139863
Train epoch 24: [7000/18806 (37.2%)]	Loss: 0.139643
Train epoch 24: [8000/18806 (42.5%)]	Loss: 0.141025
Train epoch 24: [9000/18806 (47.9%)]	Loss: 0.140791
Train epoch 24: [10000/18806 (53.2%)]	Loss: 0.140621
Train epoch 24: [11000/18806 (58.5%)]	Loss: 0.140474
Train epoch 24: [12000/18806 (63.8%)]	Loss: 0.140407
Train epoch 24: [13000/18806 (69.1%)]	Loss: 0.140359
Train epoch 24: [14000/18806 (74.4%)]	Loss: 0.140697
Train epoch 24: [15000/18806 (79.8%)]	Loss: 0.140463
Train epoch 24: [16000/18806 (85.1%)]	Loss: 0.140176
Train epoch 24: [17000/18806 (90.4%)]	Loss: 0.139746
Train epoch 24: [18000/18806 (95.7%)]	Loss: 0.139743
====> Epoch 24: Average train loss 0.139553
====> Dev set loss: 0.136789
No improvement in 2 epochs (best dev set loss: 0.136625)
Not saving checkpoint; no improvement made
Train epoch 25: [1000/18806 (5.3%)]	Loss: 0.134164
Train epoch 25: [2000/18806 (10.6%)]	Loss: 0.134382
Train epoch 25: [3000/18806 (16.0%)]	Loss: 0.137382
Train epoch 25: [4000/18806 (21.3%)]	Loss: 0.137369
Train epoch 25: [5000/18806 (26.6%)]	Loss: 0.139235
Train epoch 25: [6000/18806 (31.9%)]	Loss: 0.139624
Train epoch 25: [7000/18806 (37.2%)]	Loss: 0.139448
Train epoch 25: [8000/18806 (42.5%)]	Loss: 0.140429
Train epoch 25: [9000/18806 (47.9%)]	Loss: 0.140830
Train epoch 25: [10000/18806 (53.2%)]	Loss: 0.140603
Train epoch 25: [11000/18806 (58.5%)]	Loss: 0.140252
Train epoch 25: [12000/18806 (63.8%)]	Loss: 0.140262
Train epoch 25: [13000/18806 (69.1%)]	Loss: 0.140354
Train epoch 25: [14000/18806 (74.4%)]	Loss: 0.140641
Train epoch 25: [15000/18806 (79.8%)]	Loss: 0.140276
Train epoch 25: [16000/18806 (85.1%)]	Loss: 0.140062
Train epoch 25: [17000/18806 (90.4%)]	Loss: 0.139591
Train epoch 25: [18000/18806 (95.7%)]	Loss: 0.139544
====> Epoch 25: Average train loss 0.139395
====> Dev set loss: 0.136083
New best dev set loss: 0.136083
Saved checkpoint for model
Train epoch 26: [1000/18806 (5.3%)]	Loss: 0.133756
Train epoch 26: [2000/18806 (10.6%)]	Loss: 0.134709
Train epoch 26: [3000/18806 (16.0%)]	Loss: 0.137047
Train epoch 26: [4000/18806 (21.3%)]	Loss: 0.137873
Train epoch 26: [5000/18806 (26.6%)]	Loss: 0.138820
Train epoch 26: [6000/18806 (31.9%)]	Loss: 0.139542
Train epoch 26: [7000/18806 (37.2%)]	Loss: 0.139418
Train epoch 26: [8000/18806 (42.5%)]	Loss: 0.140689
Train epoch 26: [9000/18806 (47.9%)]	Loss: 0.140422
Train epoch 26: [10000/18806 (53.2%)]	Loss: 0.140404
Train epoch 26: [11000/18806 (58.5%)]	Loss: 0.140115
Train epoch 26: [12000/18806 (63.8%)]	Loss: 0.140057
Train epoch 26: [13000/18806 (69.1%)]	Loss: 0.139872
Train epoch 26: [14000/18806 (74.4%)]	Loss: 0.140375
Train epoch 26: [15000/18806 (79.8%)]	Loss: 0.140195
Train epoch 26: [16000/18806 (85.1%)]	Loss: 0.139937
Train epoch 26: [17000/18806 (90.4%)]	Loss: 0.139374
Train epoch 26: [18000/18806 (95.7%)]	Loss: 0.139402
====> Epoch 26: Average train loss 0.139200
====> Dev set loss: 0.136033
New best dev set loss: 0.136033
Saved checkpoint for model
Train epoch 27: [1000/18806 (5.3%)]	Loss: 0.133577
Train epoch 27: [2000/18806 (10.6%)]	Loss: 0.134370
Train epoch 27: [3000/18806 (16.0%)]	Loss: 0.136728
Train epoch 27: [4000/18806 (21.3%)]	Loss: 0.136407
Train epoch 27: [5000/18806 (26.6%)]	Loss: 0.138386
Train epoch 27: [6000/18806 (31.9%)]	Loss: 0.139240
Train epoch 27: [7000/18806 (37.2%)]	Loss: 0.139498
Train epoch 27: [8000/18806 (42.5%)]	Loss: 0.138806
Train epoch 27: [9000/18806 (47.9%)]	Loss: 0.140403
Train epoch 27: [10000/18806 (53.2%)]	Loss: 0.140193
Train epoch 27: [11000/18806 (58.5%)]	Loss: 0.139893
Train epoch 27: [12000/18806 (63.8%)]	Loss: 0.139955
Train epoch 27: [13000/18806 (69.1%)]	Loss: 0.139888
Train epoch 27: [14000/18806 (74.4%)]	Loss: 0.140270
Train epoch 27: [15000/18806 (79.8%)]	Loss: 0.139985
Train epoch 27: [16000/18806 (85.1%)]	Loss: 0.139788
Train epoch 27: [17000/18806 (90.4%)]	Loss: 0.139245
Train epoch 27: [18000/18806 (95.7%)]	Loss: 0.139267
====> Epoch 27: Average train loss 0.139069
====> Dev set loss: 0.135866
New best dev set loss: 0.135866
Saved checkpoint for model
Train epoch 28: [1000/18806 (5.3%)]	Loss: 0.133592
Train epoch 28: [2000/18806 (10.6%)]	Loss: 0.134301
Train epoch 28: [3000/18806 (16.0%)]	Loss: 0.136704
Train epoch 28: [4000/18806 (21.3%)]	Loss: 0.136434
Train epoch 28: [5000/18806 (26.6%)]	Loss: 0.138298
Train epoch 28: [6000/18806 (31.9%)]	Loss: 0.139188
Train epoch 28: [7000/18806 (37.2%)]	Loss: 0.138978
Train epoch 28: [8000/18806 (42.5%)]	Loss: 0.139934
Train epoch 28: [9000/18806 (47.9%)]	Loss: 0.140038
Train epoch 28: [10000/18806 (53.2%)]	Loss: 0.140081
Train epoch 28: [11000/18806 (58.5%)]	Loss: 0.139675
Train epoch 28: [12000/18806 (63.8%)]	Loss: 0.139793
Train epoch 28: [13000/18806 (69.1%)]	Loss: 0.139715
Train epoch 28: [14000/18806 (74.4%)]	Loss: 0.140076
Train epoch 28: [15000/18806 (79.8%)]	Loss: 0.139740
Train epoch 28: [16000/18806 (85.1%)]	Loss: 0.139581
Train epoch 28: [17000/18806 (90.4%)]	Loss: 0.139083
Train epoch 28: [18000/18806 (95.7%)]	Loss: 0.139035
====> Epoch 28: Average train loss 0.138871
====> Dev set loss: 0.135418
New best dev set loss: 0.135418
Saved checkpoint for model
Train epoch 29: [1000/18806 (5.3%)]	Loss: 0.132405
Train epoch 29: [2000/18806 (10.6%)]	Loss: 0.133532
Train epoch 29: [3000/18806 (16.0%)]	Loss: 0.136416
Train epoch 29: [4000/18806 (21.3%)]	Loss: 0.136532
Train epoch 29: [5000/18806 (26.6%)]	Loss: 0.138119
Train epoch 29: [6000/18806 (31.9%)]	Loss: 0.138966
Train epoch 29: [7000/18806 (37.2%)]	Loss: 0.138756
Train epoch 29: [8000/18806 (42.5%)]	Loss: 0.140070
Train epoch 29: [9000/18806 (47.9%)]	Loss: 0.139872
Train epoch 29: [10000/18806 (53.2%)]	Loss: 0.139823
Train epoch 29: [11000/18806 (58.5%)]	Loss: 0.139452
Train epoch 29: [12000/18806 (63.8%)]	Loss: 0.139584
Train epoch 29: [13000/18806 (69.1%)]	Loss: 0.139478
Train epoch 29: [14000/18806 (74.4%)]	Loss: 0.139848
Train epoch 29: [15000/18806 (79.8%)]	Loss: 0.139605
Train epoch 29: [16000/18806 (85.1%)]	Loss: 0.139326
Train epoch 29: [17000/18806 (90.4%)]	Loss: 0.138877
Train epoch 29: [18000/18806 (95.7%)]	Loss: 0.138860
====> Epoch 29: Average train loss 0.138683
====> Dev set loss: 0.135669
No improvement in 1 epochs (best dev set loss: 0.135418)
Not saving checkpoint; no improvement made
Train epoch 30: [1000/18806 (5.3%)]	Loss: 0.132420
Train epoch 30: [2000/18806 (10.6%)]	Loss: 0.132052
Train epoch 30: [3000/18806 (16.0%)]	Loss: 0.136690
Train epoch 30: [4000/18806 (21.3%)]	Loss: 0.136286
Train epoch 30: [5000/18806 (26.6%)]	Loss: 0.138001
Train epoch 30: [6000/18806 (31.9%)]	Loss: 0.138852
Train epoch 30: [7000/18806 (37.2%)]	Loss: 0.138715
Train epoch 30: [8000/18806 (42.5%)]	Loss: 0.139880
Train epoch 30: [9000/18806 (47.9%)]	Loss: 0.139525
Train epoch 30: [10000/18806 (53.2%)]	Loss: 0.139621
Train epoch 30: [11000/18806 (58.5%)]	Loss: 0.139585
Train epoch 30: [12000/18806 (63.8%)]	Loss: 0.139422
Train epoch 30: [13000/18806 (69.1%)]	Loss: 0.139264
Train epoch 30: [14000/18806 (74.4%)]	Loss: 0.139761
Train epoch 30: [15000/18806 (79.8%)]	Loss: 0.139544
Train epoch 30: [16000/18806 (85.1%)]	Loss: 0.139328
Train epoch 30: [17000/18806 (90.4%)]	Loss: 0.138785
Train epoch 30: [18000/18806 (95.7%)]	Loss: 0.138746
====> Epoch 30: Average train loss 0.138626
====> Dev set loss: 0.135713
No improvement in 2 epochs (best dev set loss: 0.135418)
Not saving checkpoint; no improvement made
Train epoch 31: [1000/18806 (5.3%)]	Loss: 0.133005
Train epoch 31: [2000/18806 (10.6%)]	Loss: 0.132923
Train epoch 31: [3000/18806 (16.0%)]	Loss: 0.136497
Train epoch 31: [4000/18806 (21.3%)]	Loss: 0.136997
Train epoch 31: [5000/18806 (26.6%)]	Loss: 0.137958
Train epoch 31: [6000/18806 (31.9%)]	Loss: 0.138731
Train epoch 31: [7000/18806 (37.2%)]	Loss: 0.138599
Train epoch 31: [8000/18806 (42.5%)]	Loss: 0.139890
Train epoch 31: [9000/18806 (47.9%)]	Loss: 0.139710
Train epoch 31: [10000/18806 (53.2%)]	Loss: 0.139670
Train epoch 31: [11000/18806 (58.5%)]	Loss: 0.139219
Train epoch 31: [12000/18806 (63.8%)]	Loss: 0.139378
Train epoch 31: [13000/18806 (69.1%)]	Loss: 0.139137
Train epoch 31: [14000/18806 (74.4%)]	Loss: 0.139608
Train epoch 31: [15000/18806 (79.8%)]	Loss: 0.139404
Train epoch 31: [16000/18806 (85.1%)]	Loss: 0.139232
Train epoch 31: [17000/18806 (90.4%)]	Loss: 0.138680
Train epoch 31: [18000/18806 (95.7%)]	Loss: 0.138632
====> Epoch 31: Average train loss 0.138498
====> Dev set loss: 0.135278
New best dev set loss: 0.135278
Saved checkpoint for model
Train epoch 32: [1000/18806 (5.3%)]	Loss: 0.133095
Train epoch 32: [2000/18806 (10.6%)]	Loss: 0.133835
Train epoch 32: [3000/18806 (16.0%)]	Loss: 0.136025
Train epoch 32: [4000/18806 (21.3%)]	Loss: 0.136243
Train epoch 32: [5000/18806 (26.6%)]	Loss: 0.138144
Train epoch 32: [6000/18806 (31.9%)]	Loss: 0.138633
Train epoch 32: [7000/18806 (37.2%)]	Loss: 0.138559
Train epoch 32: [8000/18806 (42.5%)]	Loss: 0.139425
Train epoch 32: [9000/18806 (47.9%)]	Loss: 0.139533
Train epoch 32: [10000/18806 (53.2%)]	Loss: 0.139452
Train epoch 32: [11000/18806 (58.5%)]	Loss: 0.139217
Train epoch 32: [12000/18806 (63.8%)]	Loss: 0.139159
Train epoch 32: [13000/18806 (69.1%)]	Loss: 0.139058
Train epoch 32: [14000/18806 (74.4%)]	Loss: 0.139515
Train epoch 32: [15000/18806 (79.8%)]	Loss: 0.139163
Train epoch 32: [16000/18806 (85.1%)]	Loss: 0.138975
Train epoch 32: [17000/18806 (90.4%)]	Loss: 0.138527
Train epoch 32: [18000/18806 (95.7%)]	Loss: 0.138571
====> Epoch 32: Average train loss 0.138332
====> Dev set loss: 0.136008
No improvement in 1 epochs (best dev set loss: 0.135278)
Not saving checkpoint; no improvement made
Train epoch 33: [1000/18806 (5.3%)]	Loss: 0.132585
Train epoch 33: [2000/18806 (10.6%)]	Loss: 0.132826
Train epoch 33: [3000/18806 (16.0%)]	Loss: 0.136249
Train epoch 33: [4000/18806 (21.3%)]	Loss: 0.136379
Train epoch 33: [5000/18806 (26.6%)]	Loss: 0.137704
Train epoch 33: [6000/18806 (31.9%)]	Loss: 0.138216
Train epoch 33: [7000/18806 (37.2%)]	Loss: 0.138189
Train epoch 33: [8000/18806 (42.5%)]	Loss: 0.139611
Train epoch 33: [9000/18806 (47.9%)]	Loss: 0.139165
Train epoch 33: [10000/18806 (53.2%)]	Loss: 0.139171
Train epoch 33: [11000/18806 (58.5%)]	Loss: 0.139101
Train epoch 33: [12000/18806 (63.8%)]	Loss: 0.139037
Train epoch 33: [13000/18806 (69.1%)]	Loss: 0.138859
Train epoch 33: [14000/18806 (74.4%)]	Loss: 0.139354
Train epoch 33: [15000/18806 (79.8%)]	Loss: 0.139163
Train epoch 33: [16000/18806 (85.1%)]	Loss: 0.138903
Train epoch 33: [17000/18806 (90.4%)]	Loss: 0.138430
Train epoch 33: [18000/18806 (95.7%)]	Loss: 0.138372
====> Epoch 33: Average train loss 0.138230
====> Dev set loss: 0.135204
New best dev set loss: 0.135204
Saved checkpoint for model
Train epoch 34: [1000/18806 (5.3%)]	Loss: 0.132083
Train epoch 34: [2000/18806 (10.6%)]	Loss: 0.132673
Train epoch 34: [3000/18806 (16.0%)]	Loss: 0.135712
Train epoch 34: [4000/18806 (21.3%)]	Loss: 0.135960
Train epoch 34: [5000/18806 (26.6%)]	Loss: 0.137860
Train epoch 34: [6000/18806 (31.9%)]	Loss: 0.138303
Train epoch 34: [7000/18806 (37.2%)]	Loss: 0.138187
Train epoch 34: [8000/18806 (42.5%)]	Loss: 0.139232
Train epoch 34: [9000/18806 (47.9%)]	Loss: 0.139470
Train epoch 34: [10000/18806 (53.2%)]	Loss: 0.139264
Train epoch 34: [11000/18806 (58.5%)]	Loss: 0.138891
Train epoch 34: [12000/18806 (63.8%)]	Loss: 0.139036
Train epoch 34: [13000/18806 (69.1%)]	Loss: 0.138852
Train epoch 34: [14000/18806 (74.4%)]	Loss: 0.139261
Train epoch 34: [15000/18806 (79.8%)]	Loss: 0.139026
Train epoch 34: [16000/18806 (85.1%)]	Loss: 0.138736
Train epoch 34: [17000/18806 (90.4%)]	Loss: 0.138317
Train epoch 34: [18000/18806 (95.7%)]	Loss: 0.138355
====> Epoch 34: Average train loss 0.138129
====> Dev set loss: 0.135855
No improvement in 1 epochs (best dev set loss: 0.135204)
Not saving checkpoint; no improvement made
Train epoch 35: [1000/18806 (5.3%)]	Loss: 0.132156
Train epoch 35: [2000/18806 (10.6%)]	Loss: 0.132602
Train epoch 35: [3000/18806 (16.0%)]	Loss: 0.135949
Train epoch 35: [4000/18806 (21.3%)]	Loss: 0.135942
Train epoch 35: [5000/18806 (26.6%)]	Loss: 0.137879
Train epoch 35: [6000/18806 (31.9%)]	Loss: 0.138396
Train epoch 35: [7000/18806 (37.2%)]	Loss: 0.138117
Train epoch 35: [8000/18806 (42.5%)]	Loss: 0.139145
Train epoch 35: [9000/18806 (47.9%)]	Loss: 0.139409
Train epoch 35: [10000/18806 (53.2%)]	Loss: 0.139272
Train epoch 35: [11000/18806 (58.5%)]	Loss: 0.138792
Train epoch 35: [12000/18806 (63.8%)]	Loss: 0.138939
Train epoch 35: [13000/18806 (69.1%)]	Loss: 0.138978
Train epoch 35: [14000/18806 (74.4%)]	Loss: 0.139250
Train epoch 35: [15000/18806 (79.8%)]	Loss: 0.138939
Train epoch 35: [16000/18806 (85.1%)]	Loss: 0.138708
Train epoch 35: [17000/18806 (90.4%)]	Loss: 0.138247
Train epoch 35: [18000/18806 (95.7%)]	Loss: 0.138211
====> Epoch 35: Average train loss 0.138068
====> Dev set loss: 0.135125
New best dev set loss: 0.135125
Saved checkpoint for model
Train epoch 36: [1000/18806 (5.3%)]	Loss: 0.132199
Train epoch 36: [2000/18806 (10.6%)]	Loss: 0.132535
Train epoch 36: [3000/18806 (16.0%)]	Loss: 0.135730
Train epoch 36: [4000/18806 (21.3%)]	Loss: 0.136079
Train epoch 36: [5000/18806 (26.6%)]	Loss: 0.137783
Train epoch 36: [6000/18806 (31.9%)]	Loss: 0.138289
Train epoch 36: [7000/18806 (37.2%)]	Loss: 0.138088
Train epoch 36: [8000/18806 (42.5%)]	Loss: 0.139163
Train epoch 36: [9000/18806 (47.9%)]	Loss: 0.139347
Train epoch 36: [10000/18806 (53.2%)]	Loss: 0.139077
Train epoch 36: [11000/18806 (58.5%)]	Loss: 0.138631
Train epoch 36: [12000/18806 (63.8%)]	Loss: 0.138824
Train epoch 36: [13000/18806 (69.1%)]	Loss: 0.138719
Train epoch 36: [14000/18806 (74.4%)]	Loss: 0.139096
Train epoch 36: [15000/18806 (79.8%)]	Loss: 0.138799
Train epoch 36: [16000/18806 (85.1%)]	Loss: 0.138400
Train epoch 36: [17000/18806 (90.4%)]	Loss: 0.138090
Train epoch 36: [18000/18806 (95.7%)]	Loss: 0.138115
====> Epoch 36: Average train loss 0.137903
====> Dev set loss: 0.134900
New best dev set loss: 0.134900
Saved checkpoint for model
Train epoch 37: [1000/18806 (5.3%)]	Loss: 0.131901
Train epoch 37: [2000/18806 (10.6%)]	Loss: 0.132335
Train epoch 37: [3000/18806 (16.0%)]	Loss: 0.135564
Train epoch 37: [4000/18806 (21.3%)]	Loss: 0.136311
Train epoch 37: [5000/18806 (26.6%)]	Loss: 0.137520
Train epoch 37: [6000/18806 (31.9%)]	Loss: 0.138018
Train epoch 37: [7000/18806 (37.2%)]	Loss: 0.138018
Train epoch 37: [8000/18806 (42.5%)]	Loss: 0.138907
Train epoch 37: [9000/18806 (47.9%)]	Loss: 0.139279
Train epoch 37: [10000/18806 (53.2%)]	Loss: 0.138968
Train epoch 37: [11000/18806 (58.5%)]	Loss: 0.138799
Train epoch 37: [12000/18806 (63.8%)]	Loss: 0.138736
Train epoch 37: [13000/18806 (69.1%)]	Loss: 0.138564
Train epoch 37: [14000/18806 (74.4%)]	Loss: 0.139034
Train epoch 37: [15000/18806 (79.8%)]	Loss: 0.138868
Train epoch 37: [16000/18806 (85.1%)]	Loss: 0.138608
Train epoch 37: [17000/18806 (90.4%)]	Loss: 0.138085
Train epoch 37: [18000/18806 (95.7%)]	Loss: 0.138099
====> Epoch 37: Average train loss 0.137901
====> Dev set loss: 0.134721
New best dev set loss: 0.134721
Saved checkpoint for model
Train epoch 38: [1000/18806 (5.3%)]	Loss: 0.132403
Train epoch 38: [2000/18806 (10.6%)]	Loss: 0.133131
Train epoch 38: [3000/18806 (16.0%)]	Loss: 0.135344
Train epoch 38: [4000/18806 (21.3%)]	Loss: 0.135358
Train epoch 38: [5000/18806 (26.6%)]	Loss: 0.137256
Train epoch 38: [6000/18806 (31.9%)]	Loss: 0.137849
Train epoch 38: [7000/18806 (37.2%)]	Loss: 0.138285
Train epoch 38: [8000/18806 (42.5%)]	Loss: 0.138625
Train epoch 38: [9000/18806 (47.9%)]	Loss: 0.139125
Train epoch 38: [10000/18806 (53.2%)]	Loss: 0.138781
Train epoch 38: [11000/18806 (58.5%)]	Loss: 0.138636
Train epoch 38: [12000/18806 (63.8%)]	Loss: 0.138591
Train epoch 38: [13000/18806 (69.1%)]	Loss: 0.138745
Train epoch 38: [14000/18806 (74.4%)]	Loss: 0.139037
Train epoch 38: [15000/18806 (79.8%)]	Loss: 0.138718
Train epoch 38: [16000/18806 (85.1%)]	Loss: 0.138464
Train epoch 38: [17000/18806 (90.4%)]	Loss: 0.138001
Train epoch 38: [18000/18806 (95.7%)]	Loss: 0.138059
====> Epoch 38: Average train loss 0.137840
====> Dev set loss: 0.134759
No improvement in 1 epochs (best dev set loss: 0.134721)
Not saving checkpoint; no improvement made
Train epoch 39: [1000/18806 (5.3%)]	Loss: 0.132001
Train epoch 39: [2000/18806 (10.6%)]	Loss: 0.132339
Train epoch 39: [3000/18806 (16.0%)]	Loss: 0.135413
Train epoch 39: [4000/18806 (21.3%)]	Loss: 0.135563
Train epoch 39: [5000/18806 (26.6%)]	Loss: 0.137375
Train epoch 39: [6000/18806 (31.9%)]	Loss: 0.138011
Train epoch 39: [7000/18806 (37.2%)]	Loss: 0.137917
Train epoch 39: [8000/18806 (42.5%)]	Loss: 0.139067
Train epoch 39: [9000/18806 (47.9%)]	Loss: 0.139015
Train epoch 39: [10000/18806 (53.2%)]	Loss: 0.138847
Train epoch 39: [11000/18806 (58.5%)]	Loss: 0.138577
Train epoch 39: [12000/18806 (63.8%)]	Loss: 0.138615
Train epoch 39: [13000/18806 (69.1%)]	Loss: 0.138714
Train epoch 39: [14000/18806 (74.4%)]	Loss: 0.138922
Train epoch 39: [15000/18806 (79.8%)]	Loss: 0.138649
Train epoch 39: [16000/18806 (85.1%)]	Loss: 0.138585
Train epoch 39: [17000/18806 (90.4%)]	Loss: 0.138047
Train epoch 39: [18000/18806 (95.7%)]	Loss: 0.138037
====> Epoch 39: Average train loss 0.137812
====> Dev set loss: 0.134422
New best dev set loss: 0.134422
Saved checkpoint for model
Train epoch 40: [1000/18806 (5.3%)]	Loss: 0.132047
Train epoch 40: [2000/18806 (10.6%)]	Loss: 0.132647
Train epoch 40: [3000/18806 (16.0%)]	Loss: 0.134955
Train epoch 40: [4000/18806 (21.3%)]	Loss: 0.134959
Train epoch 40: [5000/18806 (26.6%)]	Loss: 0.136716
Train epoch 40: [6000/18806 (31.9%)]	Loss: 0.137523
Train epoch 40: [7000/18806 (37.2%)]	Loss: 0.137670
Train epoch 40: [8000/18806 (42.5%)]	Loss: 0.138525
Train epoch 40: [9000/18806 (47.9%)]	Loss: 0.138690
Train epoch 40: [10000/18806 (53.2%)]	Loss: 0.138671
Train epoch 40: [11000/18806 (58.5%)]	Loss: 0.138464
Train epoch 40: [12000/18806 (63.8%)]	Loss: 0.138405
Train epoch 40: [13000/18806 (69.1%)]	Loss: 0.138151
Train epoch 40: [14000/18806 (74.4%)]	Loss: 0.138618
Train epoch 40: [15000/18806 (79.8%)]	Loss: 0.138490
Train epoch 40: [16000/18806 (85.1%)]	Loss: 0.138282
Train epoch 40: [17000/18806 (90.4%)]	Loss: 0.137735
Train epoch 40: [18000/18806 (95.7%)]	Loss: 0.137788
====> Epoch 40: Average train loss 0.137572
====> Dev set loss: 0.134858
No improvement in 1 epochs (best dev set loss: 0.134422)
Not saving checkpoint; no improvement made
Train epoch 41: [1000/18806 (5.3%)]	Loss: 0.132710
Train epoch 41: [2000/18806 (10.6%)]	Loss: 0.131021
Train epoch 41: [3000/18806 (16.0%)]	Loss: 0.135100
Train epoch 41: [4000/18806 (21.3%)]	Loss: 0.135337
Train epoch 41: [5000/18806 (26.6%)]	Loss: 0.136980
Train epoch 41: [6000/18806 (31.9%)]	Loss: 0.137666
Train epoch 41: [7000/18806 (37.2%)]	Loss: 0.137797
Train epoch 41: [8000/18806 (42.5%)]	Loss: 0.138503
Train epoch 41: [9000/18806 (47.9%)]	Loss: 0.138883
Train epoch 41: [10000/18806 (53.2%)]	Loss: 0.138760
Train epoch 41: [11000/18806 (58.5%)]	Loss: 0.138249
Train epoch 41: [12000/18806 (63.8%)]	Loss: 0.138352
Train epoch 41: [13000/18806 (69.1%)]	Loss: 0.138494
Train epoch 41: [14000/18806 (74.4%)]	Loss: 0.138724
Train epoch 41: [15000/18806 (79.8%)]	Loss: 0.138444
Train epoch 41: [16000/18806 (85.1%)]	Loss: 0.138106
Train epoch 41: [17000/18806 (90.4%)]	Loss: 0.137698
Train epoch 41: [18000/18806 (95.7%)]	Loss: 0.137740
====> Epoch 41: Average train loss 0.137547
====> Dev set loss: 0.134732
No improvement in 2 epochs (best dev set loss: 0.134422)
Not saving checkpoint; no improvement made
Train epoch 42: [1000/18806 (5.3%)]	Loss: 0.132221
Train epoch 42: [2000/18806 (10.6%)]	Loss: 0.132516
Train epoch 42: [3000/18806 (16.0%)]	Loss: 0.135107
Train epoch 42: [4000/18806 (21.3%)]	Loss: 0.135833
Train epoch 42: [5000/18806 (26.6%)]	Loss: 0.137304
Train epoch 42: [6000/18806 (31.9%)]	Loss: 0.137843
Train epoch 42: [7000/18806 (37.2%)]	Loss: 0.137639
Train epoch 42: [8000/18806 (42.5%)]	Loss: 0.138997
Train epoch 42: [9000/18806 (47.9%)]	Loss: 0.138762
Train epoch 42: [10000/18806 (53.2%)]	Loss: 0.138713
Train epoch 42: [11000/18806 (58.5%)]	Loss: 0.138487
Train epoch 42: [12000/18806 (63.8%)]	Loss: 0.138331
Train epoch 42: [13000/18806 (69.1%)]	Loss: 0.138197
Train epoch 42: [14000/18806 (74.4%)]	Loss: 0.138671
Train epoch 42: [15000/18806 (79.8%)]	Loss: 0.138497
Train epoch 42: [16000/18806 (85.1%)]	Loss: 0.138297
Train epoch 42: [17000/18806 (90.4%)]	Loss: 0.137755
Train epoch 42: [18000/18806 (95.7%)]	Loss: 0.137800
====> Epoch 42: Average train loss 0.137559
====> Dev set loss: 0.135197
No improvement in 3 epochs (best dev set loss: 0.134422)
STOPPING EARLY
Computing reconstruction loss...
Loaded checkpoint; best model ready now.
====> Training set reconstruction loss: 0.137140
====> Dev set reconstruction loss: 0.134422
Trained convolutional multidecoder.
