Setting up environment...
Environment set up.
Training convolutional variational multidecoder...
Constructing model...
Done constructing model.
CNNVariationalMultidecoder (
  (encoder_conv): Sequential (
    (conv2d_0): Conv2d(1, 256, kernel_size=(3, 3), stride=(1, 1))
    (ELU_0): ELU (alpha=1.0)
    (maxpool2d_0): MaxPool2d (size=(1, 3), stride=(1, 3), dilation=(1, 1))
    (conv2d_1): Conv2d(256, 256, kernel_size=(3, 3), stride=(1, 1))
    (ELU_1): ELU (alpha=1.0)
    (maxpool2d_1): MaxPool2d (size=(1, 3), stride=(1, 3), dilation=(1, 1))
  )
  (encoder_fc): Sequential (
    (lin_0): Linear (14336 -> 2048)
    (ELU_0): ELU (alpha=1.0)
  )
  (decoder_fc_ihm): Sequential (
    (lin_0): Linear (1024 -> 2048)
    (ELU_0): ELU (alpha=1.0)
    (lin_final): Linear (2048 -> 14336)
    (ELU_final): ELU (alpha=1.0)
  )
  (decoder_deconv_ihm): Sequential (
    (maxunpool2d_0): MaxUnpool2d (size=(1, 3), stride=(1, 3), padding=(0, 0))
    (conv2d_0): Conv2d(256, 256, kernel_size=(3, 3), stride=(1, 1), padding=(2, 2))
    (ELU_0): ELU (alpha=1.0)
    (maxunpool2d_1): MaxUnpool2d (size=(1, 3), stride=(1, 3), padding=(0, 0))
    (conv2d_1): Conv2d(256, 1, kernel_size=(3, 3), stride=(1, 1), padding=(2, 2))
    (ELU_1): ELU (alpha=1.0)
  )
  (decoder_fc_sdm1): Sequential (
    (lin_0): Linear (1024 -> 2048)
    (ELU_0): ELU (alpha=1.0)
    (lin_final): Linear (2048 -> 14336)
    (ELU_final): ELU (alpha=1.0)
  )
  (decoder_deconv_sdm1): Sequential (
    (maxunpool2d_0): MaxUnpool2d (size=(1, 3), stride=(1, 3), padding=(0, 0))
    (conv2d_0): Conv2d(256, 256, kernel_size=(3, 3), stride=(1, 1), padding=(2, 2))
    (ELU_0): ELU (alpha=1.0)
    (maxunpool2d_1): MaxUnpool2d (size=(1, 3), stride=(1, 3), padding=(0, 0))
    (conv2d_1): Conv2d(256, 1, kernel_size=(3, 3), stride=(1, 1), padding=(2, 2))
    (ELU_1): ELU (alpha=1.0)
  )
  (latent_mu): Sequential (
    (lin): Linear (2048 -> 1024)
    (ELU): ELU (alpha=1.0)
  )
  (latent_logvar): Sequential (
    (lin): Linear (2048 -> 1024)
    (ELU): ELU (alpha=1.0)
  )
)
Setting up data...
Setting up training datasets...
Using 2407138 training features (9403 batches) for class ihm
Using 2407138 training features (9403 batches) for class sdm1
Setting up dev datasets...
Using 249565 dev features (975 batches) for class ihm
Using 249565 dev features (975 batches) for class sdm1
Setting up minibatch shuffling for training...
Done setting up data.
Starting training!
Train epoch 1: [1000/18806 (5.3%)]	Loss: 0.610229
Train epoch 1: [2000/18806 (10.6%)]	Loss: 0.551027
Train epoch 1: [3000/18806 (16.0%)]	Loss: 0.527831
Train epoch 1: [4000/18806 (21.3%)]	Loss: 0.511189
Train epoch 1: [5000/18806 (26.6%)]	Loss: 0.502358
Train epoch 1: [6000/18806 (31.9%)]	Loss: 0.494282
Train epoch 1: [7000/18806 (37.2%)]	Loss: 0.485811
Train epoch 1: [8000/18806 (42.5%)]	Loss: 0.481066
Train epoch 1: [9000/18806 (47.9%)]	Loss: 0.475054
Train epoch 1: [10000/18806 (53.2%)]	Loss: 0.472989
Train epoch 1: [11000/18806 (58.5%)]	Loss: 0.467833
Train epoch 1: [12000/18806 (63.8%)]	Loss: 0.463209
Train epoch 1: [13000/18806 (69.1%)]	Loss: 0.458567
Train epoch 1: [14000/18806 (74.4%)]	Loss: 0.455102
Train epoch 1: [15000/18806 (79.8%)]	Loss: 0.453828
Train epoch 1: [16000/18806 (85.1%)]	Loss: 0.450330
Train epoch 1: [17000/18806 (90.4%)]	Loss: 0.446060
Train epoch 1: [18000/18806 (95.7%)]	Loss: 0.441963
====> Epoch 1: Average train loss 0.441977 (['ihm: 0.479392', 'sdm1: 0.404561'])
====> Dev set loss: 0.439878 (['ihm: 0.465099', 'sdm1: 0.414657'])
New best dev set loss: 0.439878
Saved checkpoint for model
Train epoch 2: [1000/18806 (5.3%)]	Loss: 0.368510
Train epoch 2: [2000/18806 (10.6%)]	Loss: 0.369313
Train epoch 2: [3000/18806 (16.0%)]	Loss: 0.370531
Train epoch 2: [4000/18806 (21.3%)]	Loss: 0.367359
Train epoch 2: [5000/18806 (26.6%)]	Loss: 0.374182
Train epoch 2: [6000/18806 (31.9%)]	Loss: 0.371511
Train epoch 2: [7000/18806 (37.2%)]	Loss: 0.368252
Train epoch 2: [8000/18806 (42.5%)]	Loss: 0.365963
Train epoch 2: [9000/18806 (47.9%)]	Loss: 0.364942
