Running training with mode vae
Constructing model...
Done constructing model.
CNNVariationalMultidecoder (
  (encoder_conv): Sequential (
    (conv2d_0): Conv2d(1, 256, kernel_size=(3, 3), stride=(1, 1))
    (ReLU_0): ReLU ()
    (maxpool2d_0): MaxPool2d (size=(1, 3), stride=(1, 3), dilation=(1, 1))
    (conv2d_1): Conv2d(256, 256, kernel_size=(3, 3), stride=(1, 1))
    (ReLU_1): ReLU ()
    (maxpool2d_1): MaxPool2d (size=(1, 3), stride=(1, 3), dilation=(1, 1))
  )
  (encoder_fc): Sequential (
    (lin_0): Linear (14336 -> 2048)
    (ReLU_0): ReLU ()
  )
  (decoder_fc_ihm): Sequential (
    (lin_0): Linear (1024 -> 2048)
    (ReLU_0): ReLU ()
    (lin_final): Linear (2048 -> 14336)
    (ReLU_final): ReLU ()
  )
  (decoder_deconv_ihm): Sequential (
    (maxunpool2d_0): MaxUnpool2d (size=(1, 3), stride=(1, 3), padding=(0, 0))
    (conv2d_0): Conv2d(256, 256, kernel_size=(3, 3), stride=(1, 1), padding=(2, 2))
    (ReLU_0): ReLU ()
    (maxunpool2d_1): MaxUnpool2d (size=(1, 3), stride=(1, 3), padding=(0, 0))
    (conv2d_1): Conv2d(256, 1, kernel_size=(3, 3), stride=(1, 1), padding=(2, 2))
    (ReLU_1): ReLU ()
  )
  (decoder_fc_sdm1): Sequential (
    (lin_0): Linear (1024 -> 2048)
    (ReLU_0): ReLU ()
    (lin_final): Linear (2048 -> 14336)
    (ReLU_final): ReLU ()
  )
  (decoder_deconv_sdm1): Sequential (
    (maxunpool2d_0): MaxUnpool2d (size=(1, 3), stride=(1, 3), padding=(0, 0))
    (conv2d_0): Conv2d(256, 256, kernel_size=(3, 3), stride=(1, 1), padding=(2, 2))
    (ReLU_0): ReLU ()
    (maxunpool2d_1): MaxUnpool2d (size=(1, 3), stride=(1, 3), padding=(0, 0))
    (conv2d_1): Conv2d(256, 1, kernel_size=(3, 3), stride=(1, 1), padding=(2, 2))
    (ReLU_1): ReLU ()
  )
  (latent_mu): Sequential (
    (lin): Linear (2048 -> 1024)
    (ReLU): ReLU ()
  )
  (latent_logvar): Sequential (
    (lin): Linear (2048 -> 1024)
    (ReLU): ReLU ()
  )
)
Setting up data...
Setting up training datasets...
Using 2407138 training features (9403 batches) for class ihm
Using 2407138 training features (9403 batches) for class sdm1
Setting up dev datasets...
Using 249565 dev features (975 batches) for class ihm
Using 249565 dev features (975 batches) for class sdm1
Setting up minibatch shuffling for training...
18806 total batches: {'ihm': 9403, 'sdm1': 9403}
Done setting up data.
Completed setup in 164.305 seconds
Starting training!
Train epoch 1: [1000/18806 (5.3%)]	RL: 0.883182, KL: 0.000673 (total 0.883855)
Train epoch 1: [2000/18806 (10.6%)]	RL: 0.832916, KL: 0.000442 (total 0.833358)
Train epoch 1: [3000/18806 (16.0%)]	RL: 0.803185, KL: 0.000347 (total 0.803533)
Train epoch 1: [4000/18806 (21.3%)]	RL: 0.784262, KL: 0.000297 (total 0.784559)
Train epoch 1: [5000/18806 (26.6%)]	RL: 0.771908, KL: 0.000266 (total 0.772174)
Train epoch 1: [6000/18806 (31.9%)]	RL: 0.766794, KL: 0.000246 (total 0.767039)
Train epoch 1: [7000/18806 (37.2%)]	RL: 0.765806, KL: 0.000231 (total 0.766036)
Train epoch 1: [8000/18806 (42.5%)]	RL: 0.761863, KL: 0.000218 (total 0.762082)
Train epoch 1: [9000/18806 (47.9%)]	RL: 0.758971, KL: 0.000208 (total 0.759179)
Train epoch 1: [10000/18806 (53.2%)]	RL: 0.756926, KL: 0.000200 (total 0.757126)
Train epoch 1: [11000/18806 (58.5%)]	RL: 0.755836, KL: 0.000193 (total 0.756029)
Train epoch 1: [12000/18806 (63.8%)]	RL: 0.754566, KL: 0.000187 (total 0.754753)
Train epoch 1: [13000/18806 (69.1%)]	RL: 0.752912, KL: 0.000183 (total 0.753094)
Train epoch 1: [14000/18806 (74.4%)]	RL: 0.751760, KL: 0.000178 (total 0.751938)
Train epoch 1: [15000/18806 (79.8%)]	RL: 0.751264, KL: 0.000175 (total 0.751439)
Train epoch 1: [16000/18806 (85.1%)]	RL: 0.751368, KL: 0.000172 (total 0.751540)
Train epoch 1: [17000/18806 (90.4%)]	RL: 0.752459, KL: 0.000169 (total 0.752629)
Train epoch 1: [18000/18806 (95.7%)]	RL: 0.753683, KL: 0.000167 (total 0.753850)
====> Epoch 1 (1875.049s): Average train RL 0.754, KL 0.000 (total 0.754) (['ihm: 0.757', 'sdm1: 0.751'])
====> Dev set (57.148s) RL 0.912, KL 0.000 (total 0.912) (['ihm: 0.934', 'sdm1: 0.889'])
New best dev set loss: 0.911848
Saved checkpoint for model
Train epoch 2: [1000/18806 (5.3%)]	RL: 0.758814, KL: 0.000126 (total 0.758940)
Train epoch 2: [2000/18806 (10.6%)]	RL: 0.756224, KL: 0.000123 (total 0.756347)
Train epoch 2: [3000/18806 (16.0%)]	RL: 0.755305, KL: 0.000122 (total 0.755427)
Train epoch 2: [4000/18806 (21.3%)]	RL: 0.751875, KL: 0.000121 (total 0.751996)
Train epoch 2: [5000/18806 (26.6%)]	RL: 0.748940, KL: 0.000120 (total 0.749060)
Train epoch 2: [6000/18806 (31.9%)]	RL: 0.750032, KL: 0.000119 (total 0.750151)
Train epoch 2: [7000/18806 (37.2%)]	RL: 0.755003, KL: 0.000118 (total 0.755122)
Train epoch 2: [8000/18806 (42.5%)]	RL: 0.754897, KL: 0.000117 (total 0.755014)
Train epoch 2: [9000/18806 (47.9%)]	RL: 0.754468, KL: 0.000116 (total 0.754584)
Train epoch 2: [10000/18806 (53.2%)]	RL: 0.754447, KL: 0.000116 (total 0.754563)
Train epoch 2: [11000/18806 (58.5%)]	RL: 0.755139, KL: 0.000115 (total 0.755254)
Train epoch 2: [12000/18806 (63.8%)]	RL: 0.754333, KL: 0.000114 (total 0.754448)
Train epoch 2: [13000/18806 (69.1%)]	RL: 0.753210, KL: 0.000114 (total 0.753324)
Train epoch 2: [14000/18806 (74.4%)]	RL: 0.752550, KL: 0.000114 (total 0.752664)
Train epoch 2: [15000/18806 (79.8%)]	RL: 0.751138, KL: 0.000113 (total 0.751251)
Train epoch 2: [16000/18806 (85.1%)]	RL: 0.750013, KL: 0.000113 (total 0.750126)
Train epoch 2: [17000/18806 (90.4%)]	RL: 0.749282, KL: 0.000113 (total 0.749394)
Train epoch 2: [18000/18806 (95.7%)]	RL: 0.748358, KL: 0.000112 (total 0.748470)
====> Epoch 2 (1870.189s): Average train RL 0.747, KL 0.000 (total 0.747) (['ihm: 0.748', 'sdm1: 0.746'])
====> Dev set (57.031s) RL 0.790, KL 0.000 (total 0.790) (['ihm: 0.740', 'sdm1: 0.840'])
New best dev set loss: 0.789672
Saved checkpoint for model
Train epoch 3: [1000/18806 (5.3%)]	RL: 0.723185, KL: 0.000108 (total 0.723294)
Train epoch 3: [2000/18806 (10.6%)]	RL: 0.719168, KL: 0.000108 (total 0.719276)
Train epoch 3: [3000/18806 (16.0%)]	RL: 0.717860, KL: 0.000108 (total 0.717969)
Train epoch 3: [4000/18806 (21.3%)]	RL: 0.714520, KL: 0.000108 (total 0.714628)
Train epoch 3: [5000/18806 (26.6%)]	RL: 0.712180, KL: 0.000108 (total 0.712288)
Train epoch 3: [6000/18806 (31.9%)]	RL: 0.713225, KL: 0.000108 (total 0.713333)
Train epoch 3: [7000/18806 (37.2%)]	RL: 0.716158, KL: 0.000108 (total 0.716266)
Train epoch 3: [8000/18806 (42.5%)]	RL: 0.715144, KL: 0.000108 (total 0.715252)
Train epoch 3: [9000/18806 (47.9%)]	RL: 0.714430, KL: 0.000108 (total 0.714538)
Train epoch 3: [10000/18806 (53.2%)]	RL: 0.714178, KL: 0.000108 (total 0.714286)
Train epoch 3: [11000/18806 (58.5%)]	RL: 0.713931, KL: 0.000108 (total 0.714039)
Train epoch 3: [12000/18806 (63.8%)]	RL: 0.713055, KL: 0.000108 (total 0.713163)
Train epoch 3: [13000/18806 (69.1%)]	RL: 0.711997, KL: 0.000108 (total 0.712105)
Train epoch 3: [14000/18806 (74.4%)]	RL: 0.711434, KL: 0.000108 (total 0.711542)
Train epoch 3: [15000/18806 (79.8%)]	RL: 0.710059, KL: 0.000108 (total 0.710167)
Train epoch 3: [16000/18806 (85.1%)]	RL: 0.709360, KL: 0.000108 (total 0.709468)
Train epoch 3: [17000/18806 (90.4%)]	RL: 0.709252, KL: 0.000108 (total 0.709360)
Train epoch 3: [18000/18806 (95.7%)]	RL: 0.709127, KL: 0.000108 (total 0.709235)
====> Epoch 3 (1873.460s): Average train RL 0.709, KL 0.000 (total 0.709) (['ihm: 0.719', 'sdm1: 0.698'])
====> Dev set (57.863s) RL 0.729, KL 0.000 (total 0.729) (['ihm: 0.700', 'sdm1: 0.758'])
New best dev set loss: 0.728871
Saved checkpoint for model
Train epoch 4: [1000/18806 (5.3%)]	RL: 0.704934, KL: 0.000108 (total 0.705042)
Train epoch 4: [2000/18806 (10.6%)]	RL: 0.699882, KL: 0.000108 (total 0.699989)
Train epoch 4: [3000/18806 (16.0%)]	RL: 0.699847, KL: 0.000108 (total 0.699955)
Train epoch 4: [4000/18806 (21.3%)]	RL: 0.698254, KL: 0.000107 (total 0.698361)
Train epoch 4: [5000/18806 (26.6%)]	RL: 0.696190, KL: 0.000107 (total 0.696297)
Train epoch 4: [6000/18806 (31.9%)]	RL: 0.698979, KL: 0.000107 (total 0.699086)
Train epoch 4: [7000/18806 (37.2%)]	RL: 0.703311, KL: 0.000107 (total 0.703417)
Train epoch 4: [8000/18806 (42.5%)]	RL: 0.702837, KL: 0.000107 (total 0.702944)
Train epoch 4: [9000/18806 (47.9%)]	RL: 0.702669, KL: 0.000107 (total 0.702775)
Train epoch 4: [10000/18806 (53.2%)]	RL: 0.703285, KL: 0.000107 (total 0.703392)
Train epoch 4: [11000/18806 (58.5%)]	RL: 0.703656, KL: 0.000107 (total 0.703762)
Train epoch 4: [12000/18806 (63.8%)]	RL: 0.703399, KL: 0.000107 (total 0.703506)
Train epoch 4: [13000/18806 (69.1%)]	RL: 0.702835, KL: 0.000106 (total 0.702941)
Train epoch 4: [14000/18806 (74.4%)]	RL: 0.702572, KL: 0.000106 (total 0.702678)
Train epoch 4: [15000/18806 (79.8%)]	RL: 0.701553, KL: 0.000106 (total 0.701659)
Train epoch 4: [16000/18806 (85.1%)]	RL: 0.700982, KL: 0.000106 (total 0.701089)
Train epoch 4: [17000/18806 (90.4%)]	RL: 0.701099, KL: 0.000106 (total 0.701205)
Train epoch 4: [18000/18806 (95.7%)]	RL: 0.701410, KL: 0.000106 (total 0.701516)
====> Epoch 4 (1875.513s): Average train RL 0.701, KL 0.000 (total 0.701) (['ihm: 0.714', 'sdm1: 0.689'])
====> Dev set (57.884s) RL 0.713, KL 0.000 (total 0.713) (['ihm: 0.694', 'sdm1: 0.731'])
New best dev set loss: 0.712696
Saved checkpoint for model
Train epoch 5: [1000/18806 (5.3%)]	RL: 0.701766, KL: 0.000106 (total 0.701872)
Train epoch 5: [2000/18806 (10.6%)]	RL: 0.698218, KL: 0.000106 (total 0.698324)
Train epoch 5: [3000/18806 (16.0%)]	RL: 0.698534, KL: 0.000106 (total 0.698640)
Train epoch 5: [4000/18806 (21.3%)]	RL: 0.696044, KL: 0.000106 (total 0.696150)
Train epoch 5: [5000/18806 (26.6%)]	RL: 0.693873, KL: 0.000106 (total 0.693979)
Train epoch 5: [6000/18806 (31.9%)]	RL: 0.695700, KL: 0.000106 (total 0.695807)
Train epoch 5: [7000/18806 (37.2%)]	RL: 0.700677, KL: 0.000106 (total 0.700783)
Train epoch 5: [8000/18806 (42.5%)]	RL: 0.699544, KL: 0.000106 (total 0.699650)
Train epoch 5: [9000/18806 (47.9%)]	RL: 0.699858, KL: 0.000106 (total 0.699965)
Train epoch 5: [10000/18806 (53.2%)]	RL: 0.700741, KL: 0.000106 (total 0.700847)
Train epoch 5: [11000/18806 (58.5%)]	RL: 0.701247, KL: 0.000106 (total 0.701353)
Train epoch 5: [12000/18806 (63.8%)]	RL: 0.700929, KL: 0.000106 (total 0.701035)
Train epoch 5: [13000/18806 (69.1%)]	RL: 0.700473, KL: 0.000106 (total 0.700579)
Train epoch 5: [14000/18806 (74.4%)]	RL: 0.700217, KL: 0.000106 (total 0.700323)
Train epoch 5: [15000/18806 (79.8%)]	RL: 0.699601, KL: 0.000106 (total 0.699707)
Train epoch 5: [16000/18806 (85.1%)]	RL: 0.699040, KL: 0.000106 (total 0.699146)
Train epoch 5: [17000/18806 (90.4%)]	RL: 0.699128, KL: 0.000106 (total 0.699234)
Train epoch 5: [18000/18806 (95.7%)]	RL: 0.699415, KL: 0.000106 (total 0.699522)
====> Epoch 5 (1872.055s): Average train RL 0.699, KL 0.000 (total 0.699) (['ihm: 0.713', 'sdm1: 0.686'])
====> Dev set (57.784s) RL 0.707, KL 0.000 (total 0.707) (['ihm: 0.694', 'sdm1: 0.719'])
New best dev set loss: 0.706630
Saved checkpoint for model
Train epoch 6: [1000/18806 (5.3%)]	RL: 0.702056, KL: 0.000106 (total 0.702162)
Train epoch 6: [2000/18806 (10.6%)]	RL: 0.697419, KL: 0.000106 (total 0.697525)
Train epoch 6: [3000/18806 (16.0%)]	RL: 0.696092, KL: 0.000106 (total 0.696198)
Train epoch 6: [4000/18806 (21.3%)]	RL: 0.693571, KL: 0.000106 (total 0.693677)
Train epoch 6: [5000/18806 (26.6%)]	RL: 0.692070, KL: 0.000106 (total 0.692176)
Train epoch 6: [6000/18806 (31.9%)]	RL: 0.694790, KL: 0.000106 (total 0.694896)
Train epoch 6: [7000/18806 (37.2%)]	RL: 0.699077, KL: 0.000106 (total 0.699183)
Train epoch 6: [8000/18806 (42.5%)]	RL: 0.698682, KL: 0.000106 (total 0.698788)
Train epoch 6: [9000/18806 (47.9%)]	RL: 0.698482, KL: 0.000106 (total 0.698589)
Train epoch 6: [10000/18806 (53.2%)]	RL: 0.699060, KL: 0.000106 (total 0.699166)
Train epoch 6: [11000/18806 (58.5%)]	RL: 0.699701, KL: 0.000106 (total 0.699808)
Train epoch 6: [12000/18806 (63.8%)]	RL: 0.699315, KL: 0.000106 (total 0.699421)
Train epoch 6: [13000/18806 (69.1%)]	RL: 0.698625, KL: 0.000106 (total 0.698731)
Train epoch 6: [14000/18806 (74.4%)]	RL: 0.698835, KL: 0.000106 (total 0.698941)
Train epoch 6: [15000/18806 (79.8%)]	RL: 0.697811, KL: 0.000106 (total 0.697917)
Train epoch 6: [16000/18806 (85.1%)]	RL: 0.697559, KL: 0.000106 (total 0.697665)
Train epoch 6: [17000/18806 (90.4%)]	RL: 0.697745, KL: 0.000106 (total 0.697851)
Train epoch 6: [18000/18806 (95.7%)]	RL: 0.697871, KL: 0.000106 (total 0.697977)
====> Epoch 6 (1874.127s): Average train RL 0.698, KL 0.000 (total 0.698) (['ihm: 0.712', 'sdm1: 0.684'])
====> Dev set (57.153s) RL 0.704, KL 0.000 (total 0.704) (['ihm: 0.693', 'sdm1: 0.715'])
New best dev set loss: 0.704071
Saved checkpoint for model
Train epoch 7: [1000/18806 (5.3%)]	RL: 0.701789, KL: 0.000106 (total 0.701895)
Train epoch 7: [2000/18806 (10.6%)]	RL: 0.696341, KL: 0.000106 (total 0.696447)
Train epoch 7: [3000/18806 (16.0%)]	RL: 0.695842, KL: 0.000106 (total 0.695948)
Train epoch 7: [4000/18806 (21.3%)]	RL: 0.693171, KL: 0.000106 (total 0.693277)
Train epoch 7: [5000/18806 (26.6%)]	RL: 0.691668, KL: 0.000106 (total 0.691774)
Train epoch 7: [6000/18806 (31.9%)]	RL: 0.694074, KL: 0.000106 (total 0.694180)
Train epoch 7: [7000/18806 (37.2%)]	RL: 0.697867, KL: 0.000106 (total 0.697973)
Train epoch 7: [8000/18806 (42.5%)]	RL: 0.697061, KL: 0.000106 (total 0.697167)
Train epoch 7: [9000/18806 (47.9%)]	RL: 0.697368, KL: 0.000106 (total 0.697474)
Train epoch 7: [10000/18806 (53.2%)]	RL: 0.697988, KL: 0.000106 (total 0.698094)
Train epoch 7: [11000/18806 (58.5%)]	RL: 0.698682, KL: 0.000106 (total 0.698788)
Train epoch 7: [12000/18806 (63.8%)]	RL: 0.698776, KL: 0.000106 (total 0.698882)
Train epoch 7: [13000/18806 (69.1%)]	RL: 0.698112, KL: 0.000106 (total 0.698219)
Train epoch 7: [14000/18806 (74.4%)]	RL: 0.698067, KL: 0.000106 (total 0.698173)
Train epoch 7: [15000/18806 (79.8%)]	RL: 0.697038, KL: 0.000106 (total 0.697144)
Train epoch 7: [16000/18806 (85.1%)]	RL: 0.696820, KL: 0.000106 (total 0.696926)
Train epoch 7: [17000/18806 (90.4%)]	RL: 0.696978, KL: 0.000106 (total 0.697084)
Train epoch 7: [18000/18806 (95.7%)]	RL: 0.697134, KL: 0.000106 (total 0.697240)
====> Epoch 7 (1866.916s): Average train RL 0.697, KL 0.000 (total 0.697) (['ihm: 0.712', 'sdm1: 0.683'])
====> Dev set (57.893s) RL 0.702, KL 0.000 (total 0.702) (['ihm: 0.692', 'sdm1: 0.713'])
New best dev set loss: 0.702497
Saved checkpoint for model
Train epoch 8: [1000/18806 (5.3%)]	RL: 0.700877, KL: 0.000106 (total 0.700983)
Train epoch 8: [2000/18806 (10.6%)]	RL: 0.695643, KL: 0.000106 (total 0.695749)
Train epoch 8: [3000/18806 (16.0%)]	RL: 0.694932, KL: 0.000106 (total 0.695038)
Train epoch 8: [4000/18806 (21.3%)]	RL: 0.691970, KL: 0.000106 (total 0.692076)
Train epoch 8: [5000/18806 (26.6%)]	RL: 0.692168, KL: 0.000106 (total 0.692274)
Train epoch 8: [6000/18806 (31.9%)]	RL: 0.693292, KL: 0.000106 (total 0.693398)
Train epoch 8: [7000/18806 (37.2%)]	RL: 0.697505, KL: 0.000106 (total 0.697611)
Train epoch 8: [8000/18806 (42.5%)]	RL: 0.697162, KL: 0.000106 (total 0.697268)
Train epoch 8: [9000/18806 (47.9%)]	RL: 0.697182, KL: 0.000106 (total 0.697289)
Train epoch 8: [10000/18806 (53.2%)]	RL: 0.697628, KL: 0.000106 (total 0.697734)
Train epoch 8: [11000/18806 (58.5%)]	RL: 0.698327, KL: 0.000106 (total 0.698434)
Train epoch 8: [12000/18806 (63.8%)]	RL: 0.698310, KL: 0.000106 (total 0.698416)
Train epoch 8: [13000/18806 (69.1%)]	RL: 0.697606, KL: 0.000106 (total 0.697712)
Train epoch 8: [14000/18806 (74.4%)]	RL: 0.697323, KL: 0.000106 (total 0.697429)
Train epoch 8: [15000/18806 (79.8%)]	RL: 0.696637, KL: 0.000106 (total 0.696743)
Train epoch 8: [16000/18806 (85.1%)]	RL: 0.696322, KL: 0.000106 (total 0.696428)
Train epoch 8: [17000/18806 (90.4%)]	RL: 0.696504, KL: 0.000106 (total 0.696610)
Train epoch 8: [18000/18806 (95.7%)]	RL: 0.696601, KL: 0.000106 (total 0.696707)
====> Epoch 8 (1873.391s): Average train RL 0.696, KL 0.000 (total 0.697) (['ihm: 0.711', 'sdm1: 0.682'])
====> Dev set (57.778s) RL 0.701, KL 0.000 (total 0.701) (['ihm: 0.691', 'sdm1: 0.712'])
New best dev set loss: 0.701425
Saved checkpoint for model
Train epoch 9: [1000/18806 (5.3%)]	RL: 0.698759, KL: 0.000106 (total 0.698865)
Train epoch 9: [2000/18806 (10.6%)]	RL: 0.694861, KL: 0.000106 (total 0.694967)
Train epoch 9: [3000/18806 (16.0%)]	RL: 0.694076, KL: 0.000106 (total 0.694182)
Train epoch 9: [4000/18806 (21.3%)]	RL: 0.691780, KL: 0.000106 (total 0.691887)
Train epoch 9: [5000/18806 (26.6%)]	RL: 0.691125, KL: 0.000106 (total 0.691231)
Train epoch 9: [6000/18806 (31.9%)]	RL: 0.692732, KL: 0.000106 (total 0.692838)
Train epoch 9: [7000/18806 (37.2%)]	RL: 0.696756, KL: 0.000106 (total 0.696862)
Train epoch 9: [8000/18806 (42.5%)]	RL: 0.696418, KL: 0.000106 (total 0.696524)
Train epoch 9: [9000/18806 (47.9%)]	RL: 0.696723, KL: 0.000106 (total 0.696829)
Train epoch 9: [10000/18806 (53.2%)]	RL: 0.697181, KL: 0.000106 (total 0.697287)
Train epoch 9: [11000/18806 (58.5%)]	RL: 0.697602, KL: 0.000106 (total 0.697709)
Train epoch 9: [12000/18806 (63.8%)]	RL: 0.697547, KL: 0.000106 (total 0.697653)
Train epoch 9: [13000/18806 (69.1%)]	RL: 0.696848, KL: 0.000106 (total 0.696954)
Train epoch 9: [14000/18806 (74.4%)]	RL: 0.696802, KL: 0.000106 (total 0.696908)
Train epoch 9: [15000/18806 (79.8%)]	RL: 0.696050, KL: 0.000106 (total 0.696156)
Train epoch 9: [16000/18806 (85.1%)]	RL: 0.695618, KL: 0.000106 (total 0.695724)
Train epoch 9: [17000/18806 (90.4%)]	RL: 0.695890, KL: 0.000106 (total 0.695997)
Train epoch 9: [18000/18806 (95.7%)]	RL: 0.696149, KL: 0.000106 (total 0.696255)
====> Epoch 9 (1874.423s): Average train RL 0.696, KL 0.000 (total 0.696) (['ihm: 0.711', 'sdm1: 0.681'])
====> Dev set (58.142s) RL 0.700, KL 0.000 (total 0.700) (['ihm: 0.690', 'sdm1: 0.711'])
New best dev set loss: 0.700393
Saved checkpoint for model
Train epoch 10: [1000/18806 (5.3%)]	RL: 0.698159, KL: 0.000106 (total 0.698266)
Train epoch 10: [2000/18806 (10.6%)]	RL: 0.695102, KL: 0.000106 (total 0.695208)
Train epoch 10: [3000/18806 (16.0%)]	RL: 0.693066, KL: 0.000106 (total 0.693172)
Train epoch 10: [4000/18806 (21.3%)]	RL: 0.691610, KL: 0.000106 (total 0.691716)
Train epoch 10: [5000/18806 (26.6%)]	RL: 0.689565, KL: 0.000106 (total 0.689671)
Train epoch 10: [6000/18806 (31.9%)]	RL: 0.692289, KL: 0.000106 (total 0.692395)
Train epoch 10: [7000/18806 (37.2%)]	RL: 0.696653, KL: 0.000106 (total 0.696759)
Train epoch 10: [8000/18806 (42.5%)]	RL: 0.695451, KL: 0.000106 (total 0.695557)
Train epoch 10: [9000/18806 (47.9%)]	RL: 0.696080, KL: 0.000106 (total 0.696186)
Train epoch 10: [10000/18806 (53.2%)]	RL: 0.696915, KL: 0.000106 (total 0.697021)
Train epoch 10: [11000/18806 (58.5%)]	RL: 0.697119, KL: 0.000106 (total 0.697225)
Train epoch 10: [12000/18806 (63.8%)]	RL: 0.696908, KL: 0.000106 (total 0.697014)
Train epoch 10: [13000/18806 (69.1%)]	RL: 0.696325, KL: 0.000106 (total 0.696432)
Train epoch 10: [14000/18806 (74.4%)]	RL: 0.696356, KL: 0.000106 (total 0.696462)
Train epoch 10: [15000/18806 (79.8%)]	RL: 0.695481, KL: 0.000106 (total 0.695587)
Train epoch 10: [16000/18806 (85.1%)]	RL: 0.694940, KL: 0.000106 (total 0.695046)
Train epoch 10: [17000/18806 (90.4%)]	RL: 0.695430, KL: 0.000106 (total 0.695536)
Train epoch 10: [18000/18806 (95.7%)]	RL: 0.695543, KL: 0.000106 (total 0.695650)
====> Epoch 10 (1872.714s): Average train RL 0.696, KL 0.000 (total 0.696) (['ihm: 0.711', 'sdm1: 0.681'])
====> Dev set (57.781s) RL 0.700, KL 0.000 (total 0.700) (['ihm: 0.688', 'sdm1: 0.711'])
New best dev set loss: 0.699848
Saved checkpoint for model
Train epoch 11: [1000/18806 (5.3%)]	RL: 0.694557, KL: 0.000106 (total 0.694663)
Train epoch 11: [2000/18806 (10.6%)]	RL: 0.694729, KL: 0.000106 (total 0.694835)
Train epoch 11: [3000/18806 (16.0%)]	RL: 0.693469, KL: 0.000106 (total 0.693575)
Train epoch 11: [4000/18806 (21.3%)]	RL: 0.690885, KL: 0.000106 (total 0.690991)
Train epoch 11: [5000/18806 (26.6%)]	RL: 0.689324, KL: 0.000106 (total 0.689430)
Train epoch 11: [6000/18806 (31.9%)]	RL: 0.692356, KL: 0.000106 (total 0.692462)
Train epoch 11: [7000/18806 (37.2%)]	RL: 0.696383, KL: 0.000106 (total 0.696489)
Train epoch 11: [8000/18806 (42.5%)]	RL: 0.695934, KL: 0.000106 (total 0.696040)
Train epoch 11: [9000/18806 (47.9%)]	RL: 0.696003, KL: 0.000106 (total 0.696109)
Train epoch 11: [10000/18806 (53.2%)]	RL: 0.696496, KL: 0.000106 (total 0.696602)
Train epoch 11: [11000/18806 (58.5%)]	RL: 0.696988, KL: 0.000106 (total 0.697094)
Train epoch 11: [12000/18806 (63.8%)]	RL: 0.696838, KL: 0.000106 (total 0.696944)
Train epoch 11: [13000/18806 (69.1%)]	RL: 0.696114, KL: 0.000106 (total 0.696220)
Train epoch 11: [14000/18806 (74.4%)]	RL: 0.696174, KL: 0.000106 (total 0.696280)
Train epoch 11: [15000/18806 (79.8%)]	RL: 0.695358, KL: 0.000106 (total 0.695464)
Train epoch 11: [16000/18806 (85.1%)]	RL: 0.695249, KL: 0.000106 (total 0.695356)
Train epoch 11: [17000/18806 (90.4%)]	RL: 0.695190, KL: 0.000106 (total 0.695296)
Train epoch 11: [18000/18806 (95.7%)]	RL: 0.695365, KL: 0.000106 (total 0.695471)
====> Epoch 11 (1874.897s): Average train RL 0.695, KL 0.000 (total 0.695) (['ihm: 0.711', 'sdm1: 0.680'])
====> Dev set (57.455s) RL 0.700, KL 0.000 (total 0.700) (['ihm: 0.688', 'sdm1: 0.712'])
No improvement in 1 epochs (best dev set loss: 0.699848)
Not saving checkpoint; no improvement made
Train epoch 12: [1000/18806 (5.3%)]	RL: 0.699814, KL: 0.000106 (total 0.699920)
Train epoch 12: [2000/18806 (10.6%)]	RL: 0.694697, KL: 0.000106 (total 0.694803)
Train epoch 12: [3000/18806 (16.0%)]	RL: 0.693461, KL: 0.000106 (total 0.693567)
Train epoch 12: [4000/18806 (21.3%)]	RL: 0.690818, KL: 0.000106 (total 0.690925)
Train epoch 12: [5000/18806 (26.6%)]	RL: 0.689508, KL: 0.000106 (total 0.689614)
Train epoch 12: [6000/18806 (31.9%)]	RL: 0.691975, KL: 0.000106 (total 0.692081)
Train epoch 12: [7000/18806 (37.2%)]	RL: 0.695771, KL: 0.000106 (total 0.695877)
Train epoch 12: [8000/18806 (42.5%)]	RL: 0.695536, KL: 0.000106 (total 0.695642)
Train epoch 12: [9000/18806 (47.9%)]	RL: 0.695693, KL: 0.000106 (total 0.695799)
Train epoch 12: [10000/18806 (53.2%)]	RL: 0.696081, KL: 0.000106 (total 0.696187)
Train epoch 12: [11000/18806 (58.5%)]	RL: 0.696648, KL: 0.000106 (total 0.696754)
Train epoch 12: [12000/18806 (63.8%)]	RL: 0.696821, KL: 0.000106 (total 0.696927)
Train epoch 12: [13000/18806 (69.1%)]	RL: 0.695859, KL: 0.000106 (total 0.695965)
Train epoch 12: [14000/18806 (74.4%)]	RL: 0.695966, KL: 0.000106 (total 0.696072)
Train epoch 12: [15000/18806 (79.8%)]	RL: 0.695311, KL: 0.000106 (total 0.695417)
Train epoch 12: [16000/18806 (85.1%)]	RL: 0.694986, KL: 0.000106 (total 0.695092)
Train epoch 12: [17000/18806 (90.4%)]	RL: 0.695309, KL: 0.000106 (total 0.695415)
Train epoch 12: [18000/18806 (95.7%)]	RL: 0.695303, KL: 0.000106 (total 0.695409)
====> Epoch 12 (1867.210s): Average train RL 0.695, KL 0.000 (total 0.695) (['ihm: 0.710', 'sdm1: 0.680'])
====> Dev set (57.249s) RL 0.700, KL 0.000 (total 0.700) (['ihm: 0.686', 'sdm1: 0.713'])
No improvement in 2 epochs (best dev set loss: 0.699848)
Not saving checkpoint; no improvement made
Train epoch 13: [1000/18806 (5.3%)]	RL: 0.697548, KL: 0.000106 (total 0.697654)
Train epoch 13: [2000/18806 (10.6%)]	RL: 0.694217, KL: 0.000106 (total 0.694323)
Train epoch 13: [3000/18806 (16.0%)]	RL: 0.692905, KL: 0.000106 (total 0.693011)
Train epoch 13: [4000/18806 (21.3%)]	RL: 0.690690, KL: 0.000106 (total 0.690796)
Train epoch 13: [5000/18806 (26.6%)]	RL: 0.690489, KL: 0.000106 (total 0.690595)
Train epoch 13: [6000/18806 (31.9%)]	RL: 0.691573, KL: 0.000106 (total 0.691679)
Train epoch 13: [7000/18806 (37.2%)]	RL: 0.695605, KL: 0.000106 (total 0.695711)
Train epoch 13: [8000/18806 (42.5%)]	RL: 0.695472, KL: 0.000106 (total 0.695578)
Train epoch 13: [9000/18806 (47.9%)]	RL: 0.695549, KL: 0.000106 (total 0.695655)
Train epoch 13: [10000/18806 (53.2%)]	RL: 0.696055, KL: 0.000106 (total 0.696161)
Train epoch 13: [11000/18806 (58.5%)]	RL: 0.696547, KL: 0.000106 (total 0.696653)
Train epoch 13: [12000/18806 (63.8%)]	RL: 0.696245, KL: 0.000106 (total 0.696351)
Train epoch 13: [13000/18806 (69.1%)]	RL: 0.696029, KL: 0.000106 (total 0.696135)
Train epoch 13: [14000/18806 (74.4%)]	RL: 0.695953, KL: 0.000106 (total 0.696059)
Train epoch 13: [15000/18806 (79.8%)]	RL: 0.695154, KL: 0.000106 (total 0.695260)
Train epoch 13: [16000/18806 (85.1%)]	RL: 0.694583, KL: 0.000106 (total 0.694689)
Train epoch 13: [17000/18806 (90.4%)]	RL: 0.694759, KL: 0.000106 (total 0.694865)
Train epoch 13: [18000/18806 (95.7%)]	RL: 0.695067, KL: 0.000106 (total 0.695173)
====> Epoch 13 (1867.722s): Average train RL 0.695, KL 0.000 (total 0.695) (['ihm: 0.710', 'sdm1: 0.680'])
====> Dev set (57.152s) RL 0.700, KL 0.000 (total 0.700) (['ihm: 0.684', 'sdm1: 0.715'])
New best dev set loss: 0.699815
Saved checkpoint for model
Train epoch 14: [1000/18806 (5.3%)]	RL: 0.692160, KL: 0.000106 (total 0.692266)
Train epoch 14: [2000/18806 (10.6%)]	RL: 0.693661, KL: 0.000106 (total 0.693767)
Train epoch 14: [3000/18806 (16.0%)]	RL: 0.692952, KL: 0.000106 (total 0.693058)
Train epoch 14: [4000/18806 (21.3%)]	RL: 0.690662, KL: 0.000106 (total 0.690769)
Train epoch 14: [5000/18806 (26.6%)]	RL: 0.689187, KL: 0.000106 (total 0.689293)
Train epoch 14: [6000/18806 (31.9%)]	RL: 0.691664, KL: 0.000106 (total 0.691770)
Train epoch 14: [7000/18806 (37.2%)]	RL: 0.695436, KL: 0.000106 (total 0.695542)
Train epoch 14: [8000/18806 (42.5%)]	RL: 0.695269, KL: 0.000106 (total 0.695375)
Train epoch 14: [9000/18806 (47.9%)]	RL: 0.695335, KL: 0.000106 (total 0.695441)
Train epoch 14: [10000/18806 (53.2%)]	RL: 0.695691, KL: 0.000106 (total 0.695798)
Train epoch 14: [11000/18806 (58.5%)]	RL: 0.696308, KL: 0.000106 (total 0.696414)
Train epoch 14: [12000/18806 (63.8%)]	RL: 0.696297, KL: 0.000106 (total 0.696403)
Train epoch 14: [13000/18806 (69.1%)]	RL: 0.695858, KL: 0.000106 (total 0.695965)
Train epoch 14: [14000/18806 (74.4%)]	RL: 0.695657, KL: 0.000106 (total 0.695763)
Train epoch 14: [15000/18806 (79.8%)]	RL: 0.694671, KL: 0.000106 (total 0.694778)
Train epoch 14: [16000/18806 (85.1%)]	RL: 0.694328, KL: 0.000106 (total 0.694434)
Train epoch 14: [17000/18806 (90.4%)]	RL: 0.694639, KL: 0.000106 (total 0.694746)
Train epoch 14: [18000/18806 (95.7%)]	RL: 0.694943, KL: 0.000106 (total 0.695049)
====> Epoch 14 (1868.200s): Average train RL 0.695, KL 0.000 (total 0.695) (['ihm: 0.710', 'sdm1: 0.679'])
====> Dev set (57.183s) RL 0.699, KL 0.000 (total 0.699) (['ihm: 0.682', 'sdm1: 0.716'])
New best dev set loss: 0.699303
Saved checkpoint for model
Train epoch 15: [1000/18806 (5.3%)]	RL: 0.698175, KL: 0.000106 (total 0.698281)
Train epoch 15: [2000/18806 (10.6%)]	RL: 0.694215, KL: 0.000106 (total 0.694321)
Train epoch 15: [3000/18806 (16.0%)]	RL: 0.693548, KL: 0.000106 (total 0.693654)
Train epoch 15: [4000/18806 (21.3%)]	RL: 0.691093, KL: 0.000106 (total 0.691199)
Train epoch 15: [5000/18806 (26.6%)]	RL: 0.689027, KL: 0.000106 (total 0.689133)
Train epoch 15: [6000/18806 (31.9%)]	RL: 0.690983, KL: 0.000106 (total 0.691089)
Train epoch 15: [7000/18806 (37.2%)]	RL: 0.695598, KL: 0.000106 (total 0.695704)
Train epoch 15: [8000/18806 (42.5%)]	RL: 0.695234, KL: 0.000106 (total 0.695340)
Train epoch 15: [9000/18806 (47.9%)]	RL: 0.695181, KL: 0.000106 (total 0.695288)
Train epoch 15: [10000/18806 (53.2%)]	RL: 0.695953, KL: 0.000106 (total 0.696059)
Train epoch 15: [11000/18806 (58.5%)]	RL: 0.696169, KL: 0.000106 (total 0.696276)
Train epoch 15: [12000/18806 (63.8%)]	RL: 0.696117, KL: 0.000106 (total 0.696223)
Train epoch 15: [13000/18806 (69.1%)]	RL: 0.695430, KL: 0.000106 (total 0.695536)
Train epoch 15: [14000/18806 (74.4%)]	RL: 0.695476, KL: 0.000106 (total 0.695582)
Train epoch 15: [15000/18806 (79.8%)]	RL: 0.694889, KL: 0.000106 (total 0.694995)
Train epoch 15: [16000/18806 (85.1%)]	RL: 0.694298, KL: 0.000106 (total 0.694404)
Train epoch 15: [17000/18806 (90.4%)]	RL: 0.694498, KL: 0.000106 (total 0.694604)
Train epoch 15: [18000/18806 (95.7%)]	RL: 0.694800, KL: 0.000106 (total 0.694906)
====> Epoch 15 (1867.937s): Average train RL 0.695, KL 0.000 (total 0.695) (['ihm: 0.710', 'sdm1: 0.679'])
====> Dev set (57.199s) RL 0.699, KL 0.000 (total 0.699) (['ihm: 0.680', 'sdm1: 0.718'])
New best dev set loss: 0.698916
Saved checkpoint for model
Train epoch 16: [1000/18806 (5.3%)]	RL: 0.693703, KL: 0.000106 (total 0.693809)
Train epoch 16: [2000/18806 (10.6%)]	RL: 0.693216, KL: 0.000106 (total 0.693322)
Train epoch 16: [3000/18806 (16.0%)]	RL: 0.692692, KL: 0.000106 (total 0.692798)
Train epoch 16: [4000/18806 (21.3%)]	RL: 0.690034, KL: 0.000106 (total 0.690140)
Train epoch 16: [5000/18806 (26.6%)]	RL: 0.688540, KL: 0.000106 (total 0.688646)
Train epoch 16: [6000/18806 (31.9%)]	RL: 0.691225, KL: 0.000106 (total 0.691331)
Train epoch 16: [7000/18806 (37.2%)]	RL: 0.695171, KL: 0.000106 (total 0.695278)
Train epoch 16: [8000/18806 (42.5%)]	RL: 0.694897, KL: 0.000106 (total 0.695003)
Train epoch 16: [9000/18806 (47.9%)]	RL: 0.695016, KL: 0.000106 (total 0.695122)
Train epoch 16: [10000/18806 (53.2%)]	RL: 0.695645, KL: 0.000106 (total 0.695751)
Train epoch 16: [11000/18806 (58.5%)]	RL: 0.695993, KL: 0.000106 (total 0.696099)
Train epoch 16: [12000/18806 (63.8%)]	RL: 0.696336, KL: 0.000106 (total 0.696442)
Train epoch 16: [13000/18806 (69.1%)]	RL: 0.695619, KL: 0.000106 (total 0.695725)
Train epoch 16: [14000/18806 (74.4%)]	RL: 0.695376, KL: 0.000106 (total 0.695482)
Train epoch 16: [15000/18806 (79.8%)]	RL: 0.694531, KL: 0.000106 (total 0.694637)
Train epoch 16: [16000/18806 (85.1%)]	RL: 0.694266, KL: 0.000106 (total 0.694372)
Train epoch 16: [17000/18806 (90.4%)]	RL: 0.694530, KL: 0.000106 (total 0.694636)
Train epoch 16: [18000/18806 (95.7%)]	RL: 0.694671, KL: 0.000106 (total 0.694777)
====> Epoch 16 (1869.969s): Average train RL 0.695, KL 0.000 (total 0.695) (['ihm: 0.710', 'sdm1: 0.679'])
====> Dev set (57.701s) RL 0.699, KL 0.000 (total 0.699) (['ihm: 0.678', 'sdm1: 0.720'])
New best dev set loss: 0.698853
Saved checkpoint for model
Train epoch 17: [1000/18806 (5.3%)]	RL: 0.697040, KL: 0.000106 (total 0.697146)
Train epoch 17: [2000/18806 (10.6%)]	RL: 0.693075, KL: 0.000106 (total 0.693181)
Train epoch 17: [3000/18806 (16.0%)]	RL: 0.692580, KL: 0.000106 (total 0.692686)
Train epoch 17: [4000/18806 (21.3%)]	RL: 0.689918, KL: 0.000106 (total 0.690024)
Train epoch 17: [5000/18806 (26.6%)]	RL: 0.689382, KL: 0.000106 (total 0.689489)
Train epoch 17: [6000/18806 (31.9%)]	RL: 0.691100, KL: 0.000106 (total 0.691206)
Train epoch 17: [7000/18806 (37.2%)]	RL: 0.695419, KL: 0.000106 (total 0.695525)
Train epoch 17: [8000/18806 (42.5%)]	RL: 0.694778, KL: 0.000106 (total 0.694884)
Train epoch 17: [9000/18806 (47.9%)]	RL: 0.695091, KL: 0.000106 (total 0.695197)
Train epoch 17: [10000/18806 (53.2%)]	RL: 0.695622, KL: 0.000106 (total 0.695728)
Train epoch 17: [11000/18806 (58.5%)]	RL: 0.696027, KL: 0.000106 (total 0.696133)
Train epoch 17: [12000/18806 (63.8%)]	RL: 0.695943, KL: 0.000106 (total 0.696049)
Train epoch 17: [13000/18806 (69.1%)]	RL: 0.695270, KL: 0.000106 (total 0.695376)
Train epoch 17: [14000/18806 (74.4%)]	RL: 0.695319, KL: 0.000106 (total 0.695425)
Train epoch 17: [15000/18806 (79.8%)]	RL: 0.694329, KL: 0.000106 (total 0.694436)
Train epoch 17: [16000/18806 (85.1%)]	RL: 0.693829, KL: 0.000106 (total 0.693936)
Train epoch 17: [17000/18806 (90.4%)]	RL: 0.694150, KL: 0.000106 (total 0.694256)
Train epoch 17: [18000/18806 (95.7%)]	RL: 0.694150, KL: 0.000106 (total 0.694256)
====> Epoch 17 (1868.722s): Average train RL 0.694, KL 0.000 (total 0.695) (['ihm: 0.710', 'sdm1: 0.679'])
====> Dev set (57.511s) RL 0.699, KL 0.000 (total 0.699) (['ihm: 0.676', 'sdm1: 0.722'])
No improvement in 1 epochs (best dev set loss: 0.698853)
Not saving checkpoint; no improvement made
Train epoch 18: [1000/18806 (5.3%)]	RL: 0.698048, KL: 0.000106 (total 0.698155)
Train epoch 18: [2000/18806 (10.6%)]	RL: 0.692597, KL: 0.000106 (total 0.692703)
Train epoch 18: [3000/18806 (16.0%)]	RL: 0.692514, KL: 0.000106 (total 0.692620)
Train epoch 18: [4000/18806 (21.3%)]	RL: 0.690207, KL: 0.000106 (total 0.690314)
Train epoch 18: [5000/18806 (26.6%)]	RL: 0.688757, KL: 0.000106 (total 0.688863)
Train epoch 18: [6000/18806 (31.9%)]	RL: 0.691261, KL: 0.000106 (total 0.691367)
Train epoch 18: [7000/18806 (37.2%)]	RL: 0.695305, KL: 0.000106 (total 0.695411)
Train epoch 18: [8000/18806 (42.5%)]	RL: 0.694813, KL: 0.000106 (total 0.694919)
Train epoch 18: [9000/18806 (47.9%)]	RL: 0.695092, KL: 0.000106 (total 0.695198)
Train epoch 18: [10000/18806 (53.2%)]	RL: 0.695681, KL: 0.000106 (total 0.695787)
Train epoch 18: [11000/18806 (58.5%)]	RL: 0.696049, KL: 0.000106 (total 0.696155)
Train epoch 18: [12000/18806 (63.8%)]	RL: 0.695853, KL: 0.000106 (total 0.695959)
Train epoch 18: [13000/18806 (69.1%)]	RL: 0.695360, KL: 0.000106 (total 0.695466)
Train epoch 18: [14000/18806 (74.4%)]	RL: 0.695305, KL: 0.000106 (total 0.695411)
Train epoch 18: [15000/18806 (79.8%)]	RL: 0.694616, KL: 0.000106 (total 0.694722)
Train epoch 18: [16000/18806 (85.1%)]	RL: 0.694213, KL: 0.000106 (total 0.694319)
Train epoch 18: [17000/18806 (90.4%)]	RL: 0.694275, KL: 0.000106 (total 0.694381)
Train epoch 18: [18000/18806 (95.7%)]	RL: 0.694531, KL: 0.000106 (total 0.694637)
====> Epoch 18 (1869.284s): Average train RL 0.694, KL 0.000 (total 0.694) (['ihm: 0.710', 'sdm1: 0.679'])
====> Dev set (57.309s) RL 0.699, KL 0.000 (total 0.700) (['ihm: 0.674', 'sdm1: 0.725'])
No improvement in 2 epochs (best dev set loss: 0.698853)
Not saving checkpoint; no improvement made
Train epoch 19: [1000/18806 (5.3%)]	RL: 0.699472, KL: 0.000106 (total 0.699578)
Train epoch 19: [2000/18806 (10.6%)]	RL: 0.693057, KL: 0.000106 (total 0.693163)
Train epoch 19: [3000/18806 (16.0%)]	RL: 0.692718, KL: 0.000106 (total 0.692824)
Train epoch 19: [4000/18806 (21.3%)]	RL: 0.690077, KL: 0.000106 (total 0.690184)
Train epoch 19: [5000/18806 (26.6%)]	RL: 0.690297, KL: 0.000106 (total 0.690403)
Train epoch 19: [6000/18806 (31.9%)]	RL: 0.690357, KL: 0.000106 (total 0.690463)
Train epoch 19: [7000/18806 (37.2%)]	RL: 0.694781, KL: 0.000106 (total 0.694887)
Train epoch 19: [8000/18806 (42.5%)]	RL: 0.694399, KL: 0.000106 (total 0.694505)
Train epoch 19: [9000/18806 (47.9%)]	RL: 0.695068, KL: 0.000106 (total 0.695175)
Train epoch 19: [10000/18806 (53.2%)]	RL: 0.695473, KL: 0.000106 (total 0.695579)
Train epoch 19: [11000/18806 (58.5%)]	RL: 0.696241, KL: 0.000106 (total 0.696348)
Train epoch 19: [12000/18806 (63.8%)]	RL: 0.696120, KL: 0.000106 (total 0.696226)
Train epoch 19: [13000/18806 (69.1%)]	RL: 0.695577, KL: 0.000106 (total 0.695683)
Train epoch 19: [14000/18806 (74.4%)]	RL: 0.695168, KL: 0.000106 (total 0.695274)
Train epoch 19: [15000/18806 (79.8%)]	RL: 0.694386, KL: 0.000106 (total 0.694492)
Train epoch 19: [16000/18806 (85.1%)]	RL: 0.693988, KL: 0.000106 (total 0.694094)
Train epoch 19: [17000/18806 (90.4%)]	RL: 0.694330, KL: 0.000106 (total 0.694436)
Train epoch 19: [18000/18806 (95.7%)]	RL: 0.694440, KL: 0.000106 (total 0.694546)
====> Epoch 19 (1873.482s): Average train RL 0.694, KL 0.000 (total 0.694) (['ihm: 0.710', 'sdm1: 0.679'])
====> Dev set (57.129s) RL 0.700, KL 0.000 (total 0.700) (['ihm: 0.672', 'sdm1: 0.727'])
No improvement in 3 epochs (best dev set loss: 0.698853)
STOPPING EARLY
Computing reconstruction loss...
Loaded checkpoint; best model ready now.
====> Training set reconstruction loss: 0.744038 (['ihm: 0.727532', 'sdm1: 0.760544'])
====> Dev set reconstruction loss: 0.698747 (['ihm: 0.677816', 'sdm1: 0.719678'])
Completed training run in 37481.904 seconds
