latgen-faster-mapped --max-active=7000 --beam=15 --lattice-beam=7 --acoustic-scale=0.1 --allow-partial=true --word-symbol-table=/data/sls/scratch/haotang/ami//exp/ihm/tri3-logmel-hires/graph_ami_fsh.o3g.kn.pr1-7/words.txt /data/sls/scratch/haotang/ami//exp/ihm/tri3-logmel-hires_ali/final.mdl /data/sls/scratch/haotang/ami//exp/ihm/tri3-logmel-hires/graph_ami_fsh.o3g.kn.pr1-7/HCLG.fst ark:- 'ark:|gzip -c > /data/sls/r/u/atitus5/meng/am/logs/ami-0.1/train_sdm1/augmented_src_ihm/frame-tdnn-450x7-step0.05/ENC_C_256_256_K_3_3_P_3_3_F_/LATENT_256/DEC_F__C_256_256_K_3_3_P_3_3/ACT_ReLU_BN_false_WEIGHT_INIT_xavier_uniform/OPT_Adam_LR_0.0001_EPOCHS_25_BATCH_256_DEBUG_false/ae_ratio0.0/decode_ihm/lat.1.gz' 
AMI_EN2006b_H01_FEE087_0071279_0071383 YES OKAY 
LOG (latgen-faster-mapped[5.2.134~1-ecd4]:DecodeUtteranceLatticeFaster():decoder-wrappers.cc:286) Log-like per frame for utterance AMI_EN2006b_H01_FEE087_0071279_0071383 is -0.282289 over 102 frames.
AMI_EN2006b_H01_FEE087_0071620_0071670 YEP 
LOG (latgen-faster-mapped[5.2.134~1-ecd4]:DecodeUtteranceLatticeFaster():decoder-wrappers.cc:286) Log-like per frame for utterance AMI_EN2006b_H01_FEE087_0071620_0071670 is -0.277993 over 48 frames.
AMI_EN2006b_H01_FEE087_0071898_0072103 YEAH I DON'T KNOW WHAT WAS MARKED HERE 
LOG (latgen-faster-mapped[5.2.134~1-ecd4]:DecodeUtteranceLatticeFaster():decoder-wrappers.cc:286) Log-like per frame for utterance AMI_EN2006b_H01_FEE087_0071898_0072103 is -0.449715 over 203 frames.
AMI_EN2006b_H01_FEE087_0072103_0072321 <unk> THIS PAGE 
LOG (latgen-faster-mapped[5.2.134~1-ecd4]:DecodeUtteranceLatticeFaster():decoder-wrappers.cc:286) Log-like per frame for utterance AMI_EN2006b_H01_FEE087_0072103_0072321 is -0.385529 over 216 frames.
AMI_EN2006b_H01_FEE087_0072321_0072391 <unk> 
LOG (latgen-faster-mapped[5.2.134~1-ecd4]:DecodeUtteranceLatticeFaster():decoder-wrappers.cc:286) Log-like per frame for utterance AMI_EN2006b_H01_FEE087_0072321_0072391 is -0.669662 over 68 frames.
AMI_EN2006b_H01_FEE087_0073322_0073506 NO 
LOG (latgen-faster-mapped[5.2.134~1-ecd4]:DecodeUtteranceLatticeFaster():decoder-wrappers.cc:286) Log-like per frame for utterance AMI_EN2006b_H01_FEE087_0073322_0073506 is -0.247062 over 182 frames.
AMI_EN2006b_H01_FEE087_0073506_0073780 I SAID THAT WEAK LINE WAS 
LOG (latgen-faster-mapped[5.2.134~1-ecd4]:DecodeUtteranceLatticeFaster():decoder-wrappers.cc:286) Log-like per frame for utterance AMI_EN2006b_H01_FEE087_0073506_0073780 is -0.342924 over 272 frames.
AMI_EN2006b_H01_FEE087_0073780_0074139 BECAUSE MODIFY SHOULD BE INCLUDED <unk> SHOULD 
LOG (latgen-faster-mapped[5.2.134~1-ecd4]:DecodeUtteranceLatticeFaster():decoder-wrappers.cc:286) Log-like per frame for utterance AMI_EN2006b_H01_FEE087_0073780_0074139 is -0.39032 over 357 frames.
AMI_EN2006b_H01_FEE087_0074139_0074454 <unk> TIME RADIO GALAXIES IT THEY SHOULD BE UNDERLINED 
LOG (latgen-faster-mapped[5.2.134~1-ecd4]:DecodeUtteranceLatticeFaster():decoder-wrappers.cc:286) Log-like per frame for utterance AMI_EN2006b_H01_FEE087_0074139_0074454 is -0.474478 over 313 frames.
AMI_EN2006b_H01_FEE087_0074454_0074507 WE SHOULD BE GREEN 
LOG (latgen-faster-mapped[5.2.134~1-ecd4]:DecodeUtteranceLatticeFaster():decoder-wrappers.cc:286) Log-like per frame for utterance AMI_EN2006b_H01_FEE087_0074454_0074507 is -0.627388 over 51 frames.
AMI_EN2006b_H01_FEE087_0075191_0075277 OH RIGHT OKAY 
LOG (latgen-faster-mapped[5.2.134~1-ecd4]:DecodeUtteranceLatticeFaster():decoder-wrappers.cc:286) Log-like per frame for utterance AMI_EN2006b_H01_FEE087_0075191_0075277 is -0.321319 over 84 frames.
AMI_EN2006b_H01_FEE087_0075277_0075493 BUT WE THE SAME ON THE BOTTOM LINE 
LOG (latgen-faster-mapped[5.2.134~1-ecd4]:DecodeUtteranceLatticeFaster():decoder-wrappers.cc:286) Log-like per frame for utterance AMI_EN2006b_H01_FEE087_0075277_0075493 is -0.428545 over 214 frames.
AMI_EN2006b_H01_FEE087_0075625_0076086 OKAY SO THE QUESTION IS <unk> YEAH 
LOG (latgen-faster-mapped[5.2.134~1-ecd4]:DecodeUtteranceLatticeFaster():decoder-wrappers.cc:286) Log-like per frame for utterance AMI_EN2006b_H01_FEE087_0075625_0076086 is -0.264977 over 459 frames.
AMI_EN2006b_H01_FEE087_0076086_0076430 I'VE GOT LINE THAT'S FINE 
LOG (latgen-faster-mapped[5.2.134~1-ecd4]:DecodeUtteranceLatticeFaster():decoder-wrappers.cc:286) Log-like per frame for utterance AMI_EN2006b_H01_FEE087_0076086_0076430 is -0.225453 over 342 frames.
AMI_EN2006b_H01_FEE087_0076430_0076664 LINE COMES OUT AND AND SHOULD COME OUT AS WELL 
LOG (latgen-faster-mapped[5.2.134~1-ecd4]:DecodeUtteranceLatticeFaster():decoder-wrappers.cc:286) Log-like per frame for utterance AMI_EN2006b_H01_FEE087_0076430_0076664 is -0.425815 over 232 frames.
AMI_EN2006b_H01_FEE087_0076948_0077195 SO THOSE ARE RIGHT BUT I THINK WEAK LINE SHOULD BE IN 
LOG (latgen-faster-mapped[5.2.134~1-ecd4]:DecodeUtteranceLatticeFaster():decoder-wrappers.cc:286) Log-like per frame for utterance AMI_EN2006b_H01_FEE087_0076948_0077195 is -0.430737 over 245 frames.
AMI_EN2006b_H01_FEE087_0077458_0077660 BUT THEN WE'VE HAD BROAD LINE IT WOULD BE IN THERE 
LOG (latgen-faster-mapped[5.2.134~1-ecd4]:DecodeUtteranceLatticeFaster():decoder-wrappers.cc:286) Log-like per frame for utterance AMI_EN2006b_H01_FEE087_0077458_0077660 is -0.585835 over 200 frames.
AMI_EN2006b_H01_FEE087_0078016_0078042 RIGHT 
LOG (latgen-faster-mapped[5.2.134~1-ecd4]:DecodeUtteranceLatticeFaster():decoder-wrappers.cc:286) Log-like per frame for utterance AMI_EN2006b_H01_FEE087_0078016_0078042 is -0.379432 over 24 frames.
AMI_EN2006b_H01_FEE087_0079031_0079472 YEAH 
LOG (latgen-faster-mapped[5.2.134~1-ecd4]:DecodeUtteranceLatticeFaster():decoder-wrappers.cc:286) Log-like per frame for utterance AMI_EN2006b_H01_FEE087_0079031_0079472 is -0.101037 over 439 frames.
AMI_EN2006b_H01_FEE087_0079779_0079856 OKAY 
LOG (latgen-faster-mapped[5.2.134~1-ecd4]:DecodeUtteranceLatticeFaster():decoder-wrappers.cc:286) Log-like per frame for utterance AMI_EN2006b_H01_FEE087_0079779_0079856 is -0.382758 over 75 frames.
AMI_EN2006b_H01_FEE087_0080851_0080972 I'M FINE AGAIN 
LOG (latgen-faster-mapped[5.2.134~1-ecd4]:DecodeUtteranceLatticeFaster():decoder-wrappers.cc:286) Log-like per frame for utterance AMI_EN2006b_H01_FEE087_0080851_0080972 is -0.482429 over 119 frames.
AMI_EN2006b_H01_FEE087_0081300_0081498 IF THE EMISSION LINE INNOVATION 
LOG (latgen-faster-mapped[5.2.134~1-ecd4]:DecodeUtteranceLatticeFaster():decoder-wrappers.cc:286) Log-like per frame for utterance AMI_EN2006b_H01_FEE087_0081300_0081498 is -0.451398 over 196 frames.
AMI_EN2006b_H01_FEE087_0081498_0081602 THAT'S FINE 
LOG (latgen-faster-mapped[5.2.134~1-ecd4]:DecodeUtteranceLatticeFaster():decoder-wrappers.cc:286) Log-like per frame for utterance AMI_EN2006b_H01_FEE087_0081498_0081602 is -0.19829 over 102 frames.
AMI_EN2006b_H01_FEE087_0081602_0081767 INFRARED GALAXIES 
LOG (latgen-faster-mapped[5.2.134~1-ecd4]:DecodeUtteranceLatticeFaster():decoder-wrappers.cc:286) Log-like per frame for utterance AMI_EN2006b_H01_FEE087_0081602_0081767 is -0.295943 over 163 frames.
AMI_EN2006b_H01_FEE087_0081767_0081885 <unk> 
LOG (latgen-faster-mapped[5.2.134~1-ecd4]:DecodeUtteranceLatticeFaster():decoder-wrappers.cc:286) Log-like per frame for utterance AMI_EN2006b_H01_FEE087_0081767_0081885 is -0.490573 over 116 frames.
AMI_EN2006b_H01_FEE087_0081885_0081935 <unk> 
LOG (latgen-faster-mapped[5.2.134~1-ecd4]:DecodeUtteranceLatticeFaster():decoder-wrappers.cc:286) Log-like per frame for utterance AMI_EN2006b_H01_FEE087_0081885_0081935 is -0.587184 over 48 frames.
AMI_EN2006b_H01_FEE087_0081935_0082006 <unk> 
LOG (latgen-faster-mapped[5.2.134~1-ecd4]:DecodeUtteranceLatticeFaster():decoder-wrappers.cc:286) Log-like per frame for utterance AMI_EN2006b_H01_FEE087_0081935_0082006 is -0.5392 over 69 frames.
AMI_EN2006b_H01_FEE087_0082006_0082030 YEAH 
LOG (latgen-faster-mapped[5.2.134~1-ecd4]:DecodeUtteranceLatticeFaster():decoder-wrappers.cc:286) Log-like per frame for utterance AMI_EN2006b_H01_FEE087_0082006_0082030 is -0.241335 over 22 frames.
AMI_EN2006b_H01_FEE087_0082249_0082282 MM 
LOG (latgen-faster-mapped[5.2.134~1-ecd4]:DecodeUtteranceLatticeFaster():decoder-wrappers.cc:286) Log-like per frame for utterance AMI_EN2006b_H01_FEE087_0082249_0082282 is -0.446191 over 31 frames.
AMI_EN2006b_H01_FEE087_0082772_0082811 LINE 
LOG (latgen-faster-mapped[5.2.134~1-ecd4]:DecodeUtteranceLatticeFaster():decoder-wrappers.cc:286) Log-like per frame for utterance AMI_EN2006b_H01_FEE087_0082772_0082811 is -0.425756 over 37 frames.
AMI_EN2006b_H01_FEE087_0083801_0084078 MM MM 
LOG (latgen-faster-mapped[5.2.134~1-ecd4]:DecodeUtteranceLatticeFaster():decoder-wrappers.cc:286) Log-like per frame for utterance AMI_EN2006b_H01_FEE087_0083801_0084078 is -0.183647 over 275 frames.
AMI_EN2006b_H01_FEE087_0084260_0084645 EMISSION FEATURE WHICH WE INCLUDING NOW 
LOG (latgen-faster-mapped[5.2.134~1-ecd4]:DecodeUtteranceLatticeFaster():decoder-wrappers.cc:286) Log-like per frame for utterance AMI_EN2006b_H01_FEE087_0084260_0084645 is -0.25065 over 383 frames.
AMI_EN2006b_H01_FEE087_0085277_0085328 MM-HMM 
LOG (latgen-faster-mapped[5.2.134~1-ecd4]:DecodeUtteranceLatticeFaster():decoder-wrappers.cc:286) Log-like per frame for utterance AMI_EN2006b_H01_FEE087_0085277_0085328 is -0.310623 over 49 frames.
AMI_EN2006b_H01_FEE087_0085582_0085727 STAR FORMING GALAXIES 
LOG (latgen-faster-mapped[5.2.134~1-ecd4]:DecodeUtteranceLatticeFaster():decoder-wrappers.cc:286) Log-like per frame for utterance AMI_EN2006b_H01_FEE087_0085582_0085727 is -0.377942 over 143 frames.
LOG (latgen-faster-mapped[5.2.134~1-ecd4]:main():latgen-faster-mapped.cc:164) Time taken 73.6538s: real-time factor assuming 100 frames/sec is 1.25283
LOG (latgen-faster-mapped[5.2.134~1-ecd4]:main():latgen-faster-mapped.cc:167) Done 34 utterances, failed for 0
LOG (latgen-faster-mapped[5.2.134~1-ecd4]:main():latgen-faster-mapped.cc:169) Overall log-likelihood per frame is -0.34508 over 5879 frames.
