latgen-faster-mapped --max-active=7000 --beam=15 --lattice-beam=7 --acoustic-scale=0.1 --allow-partial=true --word-symbol-table=/data/sls/scratch/haotang/ami//exp/ihm/tri3-logmel-hires/graph_ami_fsh.o3g.kn.pr1-7/words.txt /data/sls/scratch/haotang/ami//exp/ihm/tri3-logmel-hires_ali/final.mdl /data/sls/scratch/haotang/ami//exp/ihm/tri3-logmel-hires/graph_ami_fsh.o3g.kn.pr1-7/HCLG.fst ark:- 'ark:|gzip -c > /data/sls/r/u/atitus5/meng/am/logs/ami-0.1/train_sdm1/augmented_src_ihm/frame-tdnn-450x7-step0.05/ENC_C_256_256_K_3_3_P_3_3_F_/LATENT_256/DEC_F__C_256_256_K_3_3_P_3_3/ACT_ReLU_BN_false_WEIGHT_INIT_xavier_uniform/OPT_Adam_LR_0.0001_EPOCHS_25_BATCH_256_DEBUG_false/ae_ratio0.0/decode_ihm/lat.23.gz' 
AMI_TS3006d_H02_MTD022ID_0193039_0193112 SO IT'S RIGHT 
LOG (latgen-faster-mapped[5.2.134~1-ecd4]:DecodeUtteranceLatticeFaster():decoder-wrappers.cc:286) Log-like per frame for utterance AMI_TS3006d_H02_MTD022ID_0193039_0193112 is -0.489874 over 71 frames.
AMI_TS3006d_H02_MTD022ID_0193633_0193752 NO 
LOG (latgen-faster-mapped[5.2.134~1-ecd4]:DecodeUtteranceLatticeFaster():decoder-wrappers.cc:286) Log-like per frame for utterance AMI_TS3006d_H02_MTD022ID_0193633_0193752 is -0.330223 over 117 frames.
AMI_TS3006d_H02_MTD022ID_0193893_0194245 OKAY UH WE STILL GONNA GO FOR THE FANCY COLOURS 
LOG (latgen-faster-mapped[5.2.134~1-ecd4]:DecodeUtteranceLatticeFaster():decoder-wrappers.cc:286) Log-like per frame for utterance AMI_TS3006d_H02_MTD022ID_0193893_0194245 is -0.443291 over 350 frames.
AMI_TS3006d_H02_MTD022ID_0194245_0194486 UH ARE WE GONNA STICK WITH THE GREEN OR ARE WE GONNA TO BLOW 
LOG (latgen-faster-mapped[5.2.134~1-ecd4]:DecodeUtteranceLatticeFaster():decoder-wrappers.cc:286) Log-like per frame for utterance AMI_TS3006d_H02_MTD022ID_0194245_0194486 is -0.602594 over 239 frames.
AMI_TS3006d_H02_MTD022ID_0195285_0195472 ONE SCROLL BUTTON AND 
LOG (latgen-faster-mapped[5.2.134~1-ecd4]:DecodeUtteranceLatticeFaster():decoder-wrappers.cc:286) Log-like per frame for utterance AMI_TS3006d_H02_MTD022ID_0195285_0195472 is -0.35917 over 185 frames.
AMI_TS3006d_H02_MTD022ID_0196544_0196613 FOUR 
LOG (latgen-faster-mapped[5.2.134~1-ecd4]:DecodeUtteranceLatticeFaster():decoder-wrappers.cc:286) Log-like per frame for utterance AMI_TS3006d_H02_MTD022ID_0196544_0196613 is -0.408863 over 67 frames.
AMI_TS3006d_H02_MTD022ID_0199134_0199265 SO YOU GIVE IT SOME TO UM 
LOG (latgen-faster-mapped[5.2.134~1-ecd4]:DecodeUtteranceLatticeFaster():decoder-wrappers.cc:286) Log-like per frame for utterance AMI_TS3006d_H02_MTD022ID_0199134_0199265 is -0.572377 over 129 frames.
AMI_TS3006d_H02_MTD022ID_0199354_0199429 YEAH YEAH 
LOG (latgen-faster-mapped[5.2.134~1-ecd4]:DecodeUtteranceLatticeFaster():decoder-wrappers.cc:286) Log-like per frame for utterance AMI_TS3006d_H02_MTD022ID_0199354_0199429 is -0.359219 over 73 frames.
AMI_TS3006d_H02_MTD022ID_0199891_0200054 HAVE TO TAKE THIS <unk> 
LOG (latgen-faster-mapped[5.2.134~1-ecd4]:DecodeUtteranceLatticeFaster():decoder-wrappers.cc:286) Log-like per frame for utterance AMI_TS3006d_H02_MTD022ID_0199891_0200054 is -0.441346 over 161 frames.
AMI_TS3006d_H02_MTD022ID_0200235_0200401 AND THIS UM 
LOG (latgen-faster-mapped[5.2.134~1-ecd4]:DecodeUtteranceLatticeFaster():decoder-wrappers.cc:286) Log-like per frame for utterance AMI_TS3006d_H02_MTD022ID_0200235_0200401 is -0.290444 over 164 frames.
AMI_TS3006d_H02_MTD022ID_0200589_0200748 OH YEAH OF COURSE 
LOG (latgen-faster-mapped[5.2.134~1-ecd4]:DecodeUtteranceLatticeFaster():decoder-wrappers.cc:286) Log-like per frame for utterance AMI_TS3006d_H02_MTD022ID_0200589_0200748 is -0.287856 over 157 frames.
AMI_TS3006d_H02_MTD022ID_0200748_0200995 UH UM YEAH 
LOG (latgen-faster-mapped[5.2.134~1-ecd4]:DecodeUtteranceLatticeFaster():decoder-wrappers.cc:286) Log-like per frame for utterance AMI_TS3006d_H02_MTD022ID_0200748_0200995 is -0.259858 over 245 frames.
AMI_TS3006d_H02_MTD022ID_0200995_0201231 FOUR MONTHS 
LOG (latgen-faster-mapped[5.2.134~1-ecd4]:DecodeUtteranceLatticeFaster():decoder-wrappers.cc:286) Log-like per frame for utterance AMI_TS3006d_H02_MTD022ID_0200995_0201231 is -0.262085 over 234 frames.
AMI_TS3006d_H02_MTD022ID_0201231_0201491 CORRECT RIGHTS 
LOG (latgen-faster-mapped[5.2.134~1-ecd4]:DecodeUtteranceLatticeFaster():decoder-wrappers.cc:286) Log-like per frame for utterance AMI_TS3006d_H02_MTD022ID_0201231_0201491 is -0.389688 over 258 frames.
AMI_TS3006d_H02_MTD022ID_0201491_0202174 OH THERE WE DID HAVE SPECIAL COLOURS UH A LINE WE IT'S NO IT'S I UM 
LOG (latgen-faster-mapped[5.2.134~1-ecd4]:DecodeUtteranceLatticeFaster():decoder-wrappers.cc:286) Log-like per frame for utterance AMI_TS3006d_H02_MTD022ID_0201491_0202174 is -0.359623 over 681 frames.
AMI_TS3006d_H02_MTD022ID_0202579_0202752 IT'S A WAS <unk> SCORE 
LOG (latgen-faster-mapped[5.2.134~1-ecd4]:DecodeUtteranceLatticeFaster():decoder-wrappers.cc:286) Log-like per frame for utterance AMI_TS3006d_H02_MTD022ID_0202579_0202752 is -0.544447 over 171 frames.
AMI_TS3006d_H02_MTD022ID_0203175_0203451 HORIZONTAL EASIER TIME SO YOU CAN 
LOG (latgen-faster-mapped[5.2.134~1-ecd4]:DecodeUtteranceLatticeFaster():decoder-wrappers.cc:286) Log-like per frame for utterance AMI_TS3006d_H02_MTD022ID_0203175_0203451 is -0.489026 over 274 frames.
AMI_TS3006d_H02_MTD022ID_0203544_0203728 IT'S MORE NATURAL THAN THIS 
LOG (latgen-faster-mapped[5.2.134~1-ecd4]:DecodeUtteranceLatticeFaster():decoder-wrappers.cc:286) Log-like per frame for utterance AMI_TS3006d_H02_MTD022ID_0203544_0203728 is -0.426262 over 182 frames.
AMI_TS3006d_H02_MTD022ID_0203912_0204051 THAT'S UH 
LOG (latgen-faster-mapped[5.2.134~1-ecd4]:DecodeUtteranceLatticeFaster():decoder-wrappers.cc:286) Log-like per frame for utterance AMI_TS3006d_H02_MTD022ID_0203912_0204051 is -0.477223 over 137 frames.
AMI_TS3006d_H02_MTD022ID_0204051_0204116 UH 
LOG (latgen-faster-mapped[5.2.134~1-ecd4]:DecodeUtteranceLatticeFaster():decoder-wrappers.cc:286) Log-like per frame for utterance AMI_TS3006d_H02_MTD022ID_0204051_0204116 is -0.3596 over 63 frames.
AMI_TS3006d_H02_MTD022ID_0204462_0204764 BASICALLY 
LOG (latgen-faster-mapped[5.2.134~1-ecd4]:DecodeUtteranceLatticeFaster():decoder-wrappers.cc:286) Log-like per frame for utterance AMI_TS3006d_H02_MTD022ID_0204462_0204764 is -0.224617 over 300 frames.
AMI_TS3006d_H02_MTD022ID_0205625_0205751 IT'S REALLY UGLY 
LOG (latgen-faster-mapped[5.2.134~1-ecd4]:DecodeUtteranceLatticeFaster():decoder-wrappers.cc:286) Log-like per frame for utterance AMI_TS3006d_H02_MTD022ID_0205625_0205751 is -0.478294 over 124 frames.
AMI_TS3006d_H02_MTD022ID_0207548_0207635 OH 
LOG (latgen-faster-mapped[5.2.134~1-ecd4]:DecodeUtteranceLatticeFaster():decoder-wrappers.cc:286) Log-like per frame for utterance AMI_TS3006d_H02_MTD022ID_0207548_0207635 is -0.337266 over 85 frames.
AMI_TS3006d_H02_MTD022ID_0208194_0208254 ANYTHING 
LOG (latgen-faster-mapped[5.2.134~1-ecd4]:DecodeUtteranceLatticeFaster():decoder-wrappers.cc:286) Log-like per frame for utterance AMI_TS3006d_H02_MTD022ID_0208194_0208254 is -0.638685 over 58 frames.
AMI_TS3006d_H02_MTD022ID_0208382_0208541 <unk> COLOUR AND THIS ONE 
LOG (latgen-faster-mapped[5.2.134~1-ecd4]:DecodeUtteranceLatticeFaster():decoder-wrappers.cc:286) Log-like per frame for utterance AMI_TS3006d_H02_MTD022ID_0208382_0208541 is -0.502591 over 157 frames.
AMI_TS3006d_H02_MTD022ID_0209112_0209489 YEAH CAN WE DO WHAT UH <unk> PRINT 
LOG (latgen-faster-mapped[5.2.134~1-ecd4]:DecodeUtteranceLatticeFaster():decoder-wrappers.cc:286) Log-like per frame for utterance AMI_TS3006d_H02_MTD022ID_0209112_0209489 is -0.415195 over 375 frames.
AMI_TS3006d_H02_MTD022ID_0209676_0209823 I THINK WE HAVE TO CHOOSE YEAH 
LOG (latgen-faster-mapped[5.2.134~1-ecd4]:DecodeUtteranceLatticeFaster():decoder-wrappers.cc:286) Log-like per frame for utterance AMI_TS3006d_H02_MTD022ID_0209676_0209823 is -0.436847 over 145 frames.
AMI_TS3006d_H02_MTD022ID_0210285_0210408 'KAY SPECIAL COLOUR 
LOG (latgen-faster-mapped[5.2.134~1-ecd4]:DecodeUtteranceLatticeFaster():decoder-wrappers.cc:286) Log-like per frame for utterance AMI_TS3006d_H02_MTD022ID_0210285_0210408 is -0.470207 over 121 frames.
AMI_TS3006d_H02_MTD022ID_0210408_0210530 WE DO HAVE SPECIAL COLOUR 
LOG (latgen-faster-mapped[5.2.134~1-ecd4]:DecodeUtteranceLatticeFaster():decoder-wrappers.cc:286) Log-like per frame for utterance AMI_TS3006d_H02_MTD022ID_0210408_0210530 is -0.483452 over 120 frames.
AMI_TS3006d_H02_MTD022ID_0210667_0210821 DOES THAT MEAN THAT 
LOG (latgen-faster-mapped[5.2.134~1-ecd4]:DecodeUtteranceLatticeFaster():decoder-wrappers.cc:286) Log-like per frame for utterance AMI_TS3006d_H02_MTD022ID_0210667_0210821 is -0.32465 over 152 frames.
AMI_TS3006d_H02_MTD022ID_0211359_0211610 SO IT IS <unk> IT'S ON THAT TO MAKE IT LOOK PRETTY 
LOG (latgen-faster-mapped[5.2.134~1-ecd4]:DecodeUtteranceLatticeFaster():decoder-wrappers.cc:286) Log-like per frame for utterance AMI_TS3006d_H02_MTD022ID_0211359_0211610 is -0.542731 over 249 frames.
AMI_TS3006d_H02_MTD022ID_0211741_0211842 PRETTY 
LOG (latgen-faster-mapped[5.2.134~1-ecd4]:DecodeUtteranceLatticeFaster():decoder-wrappers.cc:286) Log-like per frame for utterance AMI_TS3006d_H02_MTD022ID_0211741_0211842 is -0.381726 over 99 frames.
AMI_TS3006d_H02_MTD022ID_0212016_0212062 PURPLE 
LOG (latgen-faster-mapped[5.2.134~1-ecd4]:DecodeUtteranceLatticeFaster():decoder-wrappers.cc:286) Log-like per frame for utterance AMI_TS3006d_H02_MTD022ID_0212016_0212062 is -0.453828 over 44 frames.
LOG (latgen-faster-mapped[5.2.134~1-ecd4]:main():latgen-faster-mapped.cc:164) Time taken 78.6828s: real-time factor assuming 100 frames/sec is 1.31423
LOG (latgen-faster-mapped[5.2.134~1-ecd4]:main():latgen-faster-mapped.cc:167) Done 33 utterances, failed for 0
LOG (latgen-faster-mapped[5.2.134~1-ecd4]:main():latgen-faster-mapped.cc:169) Overall log-likelihood per frame is -0.407721 over 5987 frames.
