latgen-faster-mapped --max-active=7000 --beam=15 --lattice-beam=7 --acoustic-scale=0.1 --allow-partial=true --word-symbol-table=/data/sls/scratch/haotang/ami//exp/ihm/tri3-logmel-hires/graph_ami_fsh.o3g.kn.pr1-7/words.txt /data/sls/scratch/haotang/ami//exp/ihm/tri3-logmel-hires_ali/final.mdl /data/sls/scratch/haotang/ami//exp/ihm/tri3-logmel-hires/graph_ami_fsh.o3g.kn.pr1-7/HCLG.fst ark:- 'ark:|gzip -c > /data/sls/r/u/atitus5/meng/am/logs/ami-0.1/train_sdm1/augmented_src_ihm/frame-tdnn-450x7-step0.05/ENC_C_256_256_K_3_3_P_3_3_F_/LATENT_256/DEC_F__C_256_256_K_3_3_P_3_3/ACT_ReLU_BN_false_WEIGHT_INIT_xavier_uniform/OPT_Adam_LR_0.0001_EPOCHS_25_BATCH_256_DEBUG_false/ae_ratio0.0/decode_ihm/lat.9.gz' 
AMI_ES2009a_H00_MEE033_0051392_0051429 HMM 
LOG (latgen-faster-mapped[5.2.134~1-ecd4]:DecodeUtteranceLatticeFaster():decoder-wrappers.cc:286) Log-like per frame for utterance AMI_ES2009a_H00_MEE033_0051392_0051429 is -0.369981 over 35 frames.
AMI_ES2009a_H00_MEE033_0051588_0051625 NICE 
LOG (latgen-faster-mapped[5.2.134~1-ecd4]:DecodeUtteranceLatticeFaster():decoder-wrappers.cc:286) Log-like per frame for utterance AMI_ES2009a_H00_MEE033_0051588_0051625 is -0.407763 over 35 frames.
AMI_ES2009a_H00_MEE033_0052357_0052454 OKAY YEAH 
LOG (latgen-faster-mapped[5.2.134~1-ecd4]:DecodeUtteranceLatticeFaster():decoder-wrappers.cc:286) Log-like per frame for utterance AMI_ES2009a_H00_MEE033_0052357_0052454 is -0.504957 over 95 frames.
AMI_ES2009a_H00_MEE033_0052998_0053150 WELL YEAH 
LOG (latgen-faster-mapped[5.2.134~1-ecd4]:DecodeUtteranceLatticeFaster():decoder-wrappers.cc:286) Log-like per frame for utterance AMI_ES2009a_H00_MEE033_0052998_0053150 is -0.157113 over 150 frames.
AMI_ES2009a_H00_MEE033_0053150_0053286 ALL FAMILY GUY 
LOG (latgen-faster-mapped[5.2.134~1-ecd4]:DecodeUtteranceLatticeFaster():decoder-wrappers.cc:286) Log-like per frame for utterance AMI_ES2009a_H00_MEE033_0053150_0053286 is -0.414697 over 134 frames.
AMI_ES2009a_H00_MEE033_0053286_0053458 IS IT YOU WATCH ANY SEASON 
LOG (latgen-faster-mapped[5.2.134~1-ecd4]:DecodeUtteranceLatticeFaster():decoder-wrappers.cc:286) Log-like per frame for utterance AMI_ES2009a_H00_MEE033_0053286_0053458 is -0.537452 over 170 frames.
AMI_ES2009a_H00_MEE033_0053745_0053953 I THINK THOSE ARE DOWNLOADING YEAH 
LOG (latgen-faster-mapped[5.2.134~1-ecd4]:DecodeUtteranceLatticeFaster():decoder-wrappers.cc:286) Log-like per frame for utterance AMI_ES2009a_H00_MEE033_0053745_0053953 is -0.437542 over 206 frames.
AMI_ES2009a_H00_MEE033_0056436_0056484 MM 
LOG (latgen-faster-mapped[5.2.134~1-ecd4]:DecodeUtteranceLatticeFaster():decoder-wrappers.cc:286) Log-like per frame for utterance AMI_ES2009a_H00_MEE033_0056436_0056484 is -0.428761 over 46 frames.
AMI_ES2009a_H00_MEE033_0056745_0056890 AFRO BEAT ORCHESTRA 
LOG (latgen-faster-mapped[5.2.134~1-ecd4]:DecodeUtteranceLatticeFaster():decoder-wrappers.cc:286) Log-like per frame for utterance AMI_ES2009a_H00_MEE033_0056745_0056890 is -0.362454 over 143 frames.
AMI_ES2009a_H00_MEE033_0056890_0056966 VERY COOL 
LOG (latgen-faster-mapped[5.2.134~1-ecd4]:DecodeUtteranceLatticeFaster():decoder-wrappers.cc:286) Log-like per frame for utterance AMI_ES2009a_H00_MEE033_0056890_0056966 is -0.526241 over 74 frames.
AMI_ES2009a_H00_MEE033_0056966_0056985 HMM 
LOG (latgen-faster-mapped[5.2.134~1-ecd4]:DecodeUtteranceLatticeFaster():decoder-wrappers.cc:286) Log-like per frame for utterance AMI_ES2009a_H00_MEE033_0056966_0056985 is -0.645396 over 17 frames.
AMI_ES2009a_H00_MEE033_0057655_0057711 WOW 
LOG (latgen-faster-mapped[5.2.134~1-ecd4]:DecodeUtteranceLatticeFaster():decoder-wrappers.cc:286) Log-like per frame for utterance AMI_ES2009a_H00_MEE033_0057655_0057711 is -0.402764 over 54 frames.
AMI_ES2009a_H00_MEE033_0058684_0058852 IT'S <unk> PRESENTATION THIS WHOLE 
LOG (latgen-faster-mapped[5.2.134~1-ecd4]:DecodeUtteranceLatticeFaster():decoder-wrappers.cc:286) Log-like per frame for utterance AMI_ES2009a_H00_MEE033_0058684_0058852 is -0.564065 over 166 frames.
AMI_ES2009a_H00_MEE033_0058852_0059071 IT'S <unk> SPECIFICALLY TALKING OR UH 
LOG (latgen-faster-mapped[5.2.134~1-ecd4]:DecodeUtteranceLatticeFaster():decoder-wrappers.cc:286) Log-like per frame for utterance AMI_ES2009a_H00_MEE033_0058852_0059071 is -0.566407 over 217 frames.
AMI_ES2009a_H00_MEE033_0059071_0059191 AND IT'S A BRILLIANT 
LOG (latgen-faster-mapped[5.2.134~1-ecd4]:DecodeUtteranceLatticeFaster():decoder-wrappers.cc:286) Log-like per frame for utterance AMI_ES2009a_H00_MEE033_0059071_0059191 is -0.585072 over 118 frames.
AMI_ES2009a_H00_MEE033_0059457_0059745 UH YEAH THIS IS <unk> IT 
LOG (latgen-faster-mapped[5.2.134~1-ecd4]:DecodeUtteranceLatticeFaster():decoder-wrappers.cc:286) Log-like per frame for utterance AMI_ES2009a_H00_MEE033_0059457_0059745 is -0.395489 over 286 frames.
AMI_ES2009a_H00_MEE033_0059745_0059786 <unk> 
LOG (latgen-faster-mapped[5.2.134~1-ecd4]:DecodeUtteranceLatticeFaster():decoder-wrappers.cc:286) Log-like per frame for utterance AMI_ES2009a_H00_MEE033_0059745_0059786 is -0.834426 over 39 frames.
AMI_ES2009a_H00_MEE033_0059786_0059900 YES 
LOG (latgen-faster-mapped[5.2.134~1-ecd4]:DecodeUtteranceLatticeFaster():decoder-wrappers.cc:286) Log-like per frame for utterance AMI_ES2009a_H00_MEE033_0059786_0059900 is -0.255412 over 112 frames.
AMI_ES2009a_H00_MEE033_0059900_0059994 STREET PIZZA 
LOG (latgen-faster-mapped[5.2.134~1-ecd4]:DecodeUtteranceLatticeFaster():decoder-wrappers.cc:286) Log-like per frame for utterance AMI_ES2009a_H00_MEE033_0059900_0059994 is -0.575879 over 92 frames.
AMI_ES2009a_H00_MEE033_0059994_0060104 IT'S 
LOG (latgen-faster-mapped[5.2.134~1-ecd4]:DecodeUtteranceLatticeFaster():decoder-wrappers.cc:286) Log-like per frame for utterance AMI_ES2009a_H00_MEE033_0059994_0060104 is -0.591571 over 108 frames.
AMI_ES2009a_H00_MEE033_0060270_0060650 I'VE SEEN MORE YOU'RE IN IN THIS CITY THAN EVER BEFORE I MEAN 
LOG (latgen-faster-mapped[5.2.134~1-ecd4]:DecodeUtteranceLatticeFaster():decoder-wrappers.cc:286) Log-like per frame for utterance AMI_ES2009a_H00_MEE033_0060270_0060650 is -0.419934 over 378 frames.
AMI_ES2009a_H00_MEE033_0061440_0061571 IT'S SOUND MEETING IN 
LOG (latgen-faster-mapped[5.2.134~1-ecd4]:DecodeUtteranceLatticeFaster():decoder-wrappers.cc:286) Log-like per frame for utterance AMI_ES2009a_H00_MEE033_0061440_0061571 is -0.528751 over 129 frames.
AMI_ES2009a_H00_MEE033_0061695_0061766 <unk> 
LOG (latgen-faster-mapped[5.2.134~1-ecd4]:DecodeUtteranceLatticeFaster():decoder-wrappers.cc:286) Log-like per frame for utterance AMI_ES2009a_H00_MEE033_0061695_0061766 is -0.464472 over 69 frames.
AMI_ES2009a_H00_MEE033_0062697_0062825 AND GOING LOCAL 
LOG (latgen-faster-mapped[5.2.134~1-ecd4]:DecodeUtteranceLatticeFaster():decoder-wrappers.cc:286) Log-like per frame for utterance AMI_ES2009a_H00_MEE033_0062697_0062825 is -0.417917 over 126 frames.
AMI_ES2009a_H00_MEE033_0062825_0062883 <unk> 
LOG (latgen-faster-mapped[5.2.134~1-ecd4]:DecodeUtteranceLatticeFaster():decoder-wrappers.cc:286) Log-like per frame for utterance AMI_ES2009a_H00_MEE033_0062825_0062883 is -0.710669 over 56 frames.
AMI_ES2009a_H00_MEE033_0062883_0063179 I HAVE TO BE HERE FOR THREE OR SOME AS LOOK AT THE TERMINOLOGY RIGHT 
LOG (latgen-faster-mapped[5.2.134~1-ecd4]:DecodeUtteranceLatticeFaster():decoder-wrappers.cc:286) Log-like per frame for utterance AMI_ES2009a_H00_MEE033_0062883_0063179 is -0.582597 over 294 frames.
AMI_ES2009a_H00_MEE033_0063690_0063887 WELL <unk> 
LOG (latgen-faster-mapped[5.2.134~1-ecd4]:DecodeUtteranceLatticeFaster():decoder-wrappers.cc:286) Log-like per frame for utterance AMI_ES2009a_H00_MEE033_0063690_0063887 is -0.451527 over 195 frames.
AMI_ES2009a_H00_MEE033_0063887_0064510 IT'LL BE LIKE SAY SOMETHING BRITISH UH 
LOG (latgen-faster-mapped[5.2.134~1-ecd4]:DecodeUtteranceLatticeFaster():decoder-wrappers.cc:286) Log-like per frame for utterance AMI_ES2009a_H00_MEE033_0063887_0064510 is -0.360204 over 621 frames.
AMI_ES2015a_H01_FEE058_0060872_0061325 AND THEY SEEM TO ENJOY THE COULD THINGS BUT FUN SHINE AND UM 
LOG (latgen-faster-mapped[5.2.134~1-ecd4]:DecodeUtteranceLatticeFaster():decoder-wrappers.cc:286) Log-like per frame for utterance AMI_ES2015a_H01_FEE058_0060872_0061325 is -0.45189 over 451 frames.
AMI_ES2015a_H01_FEE058_0061325_0062479 READING AROUND OUTSIDE OF WELDERS THING INSIDE AND ENJOYING THEIR <unk> AND CHANNEL EDITH THEY DECISION SO COOL I HAVEN'T WE 
LOG (latgen-faster-mapped[5.2.134~1-ecd4]:DecodeUtteranceLatticeFaster():decoder-wrappers.cc:286) Log-like per frame for utterance AMI_ES2015a_H01_FEE058_0061325_0062479 is -0.491947 over 1152 frames.
AMI_ES2015a_H01_FEE058_0062479_0062754 YEAH I RECKON THERE'S LEGALESE OF IT 
LOG (latgen-faster-mapped[5.2.134~1-ecd4]:DecodeUtteranceLatticeFaster():decoder-wrappers.cc:286) Log-like per frame for utterance AMI_ES2015a_H01_FEE058_0062479_0062754 is -0.504884 over 273 frames.
AMI_ES2015a_H01_FEE058_0062754_0062941 BUT NO WHAT THEY WANT 
LOG (latgen-faster-mapped[5.2.134~1-ecd4]:DecodeUtteranceLatticeFaster():decoder-wrappers.cc:286) Log-like per frame for utterance AMI_ES2015a_H01_FEE058_0062754_0062941 is -0.306913 over 185 frames.
AMI_ES2015a_H01_FEE058_0062941_0063135 IT WAS LIKE UP 
LOG (latgen-faster-mapped[5.2.134~1-ecd4]:DecodeUtteranceLatticeFaster():decoder-wrappers.cc:286) Log-like per frame for utterance AMI_ES2015a_H01_FEE058_0062941_0063135 is -0.531886 over 192 frames.
AMI_ES2015a_H01_FEE058_0063232_0063470 YEAH 
LOG (latgen-faster-mapped[5.2.134~1-ecd4]:DecodeUtteranceLatticeFaster():decoder-wrappers.cc:286) Log-like per frame for utterance AMI_ES2015a_H01_FEE058_0063232_0063470 is -0.170403 over 236 frames.
LOG (latgen-faster-mapped[5.2.134~1-ecd4]:main():latgen-faster-mapped.cc:164) Time taken 114.732s: real-time factor assuming 100 frames/sec is 1.72425
LOG (latgen-faster-mapped[5.2.134~1-ecd4]:main():latgen-faster-mapped.cc:167) Done 34 utterances, failed for 0
LOG (latgen-faster-mapped[5.2.134~1-ecd4]:main():latgen-faster-mapped.cc:169) Overall log-likelihood per frame is -0.450511 over 6654 frames.
