latgen-faster-mapped --max-active=7000 --beam=15 --lattice-beam=7 --acoustic-scale=0.1 --allow-partial=true --word-symbol-table=/data/sls/scratch/haotang/ami//exp/ihm/tri3-logmel-hires/graph_ami_fsh.o3g.kn.pr1-7/words.txt /data/sls/scratch/haotang/ami//exp/ihm/tri3-logmel-hires_ali/final.mdl /data/sls/scratch/haotang/ami//exp/ihm/tri3-logmel-hires/graph_ami_fsh.o3g.kn.pr1-7/HCLG.fst ark:- 'ark:|gzip -c > /data/sls/r/u/atitus5/meng/am/logs/ami-0.1/train_sdm1/augmented_src_ihm/frame-tdnn-450x7-step0.05/ENC_C_256_256_K_3_3_P_3_3_F_/LATENT_256/DEC_F__C_256_256_K_3_3_P_3_3/ACT_ReLU_BN_false_WEIGHT_INIT_xavier_uniform/OPT_Adam_LR_0.0001_EPOCHS_25_BATCH_256_DEBUG_false/ae_ratio0.0/decode_ihm/lat.11.gz' 
AMI_ES2015a_H01_FEE058_0110642_0110753 INDUSTRIAL DESIGNER 
LOG (latgen-faster-mapped[5.2.134~1-ecd4]:DecodeUtteranceLatticeFaster():decoder-wrappers.cc:286) Log-like per frame for utterance AMI_ES2015a_H01_FEE058_0110642_0110753 is -0.414641 over 109 frames.
AMI_ES2015a_H01_FEE058_0110753_0110926 THAT'S ME YEAH 
LOG (latgen-faster-mapped[5.2.134~1-ecd4]:DecodeUtteranceLatticeFaster():decoder-wrappers.cc:286) Log-like per frame for utterance AMI_ES2015a_H01_FEE058_0110753_0110926 is -0.29891 over 171 frames.
AMI_ES2015a_H01_FEE058_0111365_0111398 MM-HMM 
LOG (latgen-faster-mapped[5.2.134~1-ecd4]:DecodeUtteranceLatticeFaster():decoder-wrappers.cc:286) Log-like per frame for utterance AMI_ES2015a_H01_FEE058_0111365_0111398 is -0.300444 over 31 frames.
AMI_ES2015a_H01_FEE058_0113877_0113939 OKAY 
LOG (latgen-faster-mapped[5.2.134~1-ecd4]:DecodeUtteranceLatticeFaster():decoder-wrappers.cc:286) Log-like per frame for utterance AMI_ES2015a_H01_FEE058_0113877_0113939 is -0.303261 over 60 frames.
AMI_ES2015a_H01_FEE058_0113939_0113981 THANK YOU 
LOG (latgen-faster-mapped[5.2.134~1-ecd4]:DecodeUtteranceLatticeFaster():decoder-wrappers.cc:286) Log-like per frame for utterance AMI_ES2015a_H01_FEE058_0113939_0113981 is -0.654893 over 40 frames.
AMI_ES2015a_H02_FEE059_0016712_0017341 MY NAME'S TARA AND I'M THE USER INTERFACE DESIGNER 
LOG (latgen-faster-mapped[5.2.134~1-ecd4]:DecodeUtteranceLatticeFaster():decoder-wrappers.cc:286) Log-like per frame for utterance AMI_ES2015a_H02_FEE059_0016712_0017341 is -0.312046 over 627 frames.
AMI_ES2015a_H02_FEE059_0017341_0018470 I WILL ALSO BE RESPONSIBLE FOR THE FUNCTIONAL DESIGN PHASE THE CONCEPTUAL DESIGN PHASE AND THE DETAILED DESIGN <unk> OFF THE USER INTERFACE DESIGN OR 
LOG (latgen-faster-mapped[5.2.134~1-ecd4]:DecodeUtteranceLatticeFaster():decoder-wrappers.cc:286) Log-like per frame for utterance AMI_ES2015a_H02_FEE059_0017341_0018470 is -0.380816 over 1127 frames.
AMI_ES2015a_H02_FEE059_0040139_0040236 COOL 
LOG (latgen-faster-mapped[5.2.134~1-ecd4]:DecodeUtteranceLatticeFaster():decoder-wrappers.cc:286) Log-like per frame for utterance AMI_ES2015a_H02_FEE059_0040139_0040236 is -0.25527 over 95 frames.
AMI_ES2015a_H02_FEE059_0042255_0042828 MM 
LOG (latgen-faster-mapped[5.2.134~1-ecd4]:DecodeUtteranceLatticeFaster():decoder-wrappers.cc:286) Log-like per frame for utterance AMI_ES2015a_H02_FEE059_0042255_0042828 is -0.13238 over 571 frames.
AMI_ES2015a_H02_FEE059_0043918_0044062 AND UH 
LOG (latgen-faster-mapped[5.2.134~1-ecd4]:DecodeUtteranceLatticeFaster():decoder-wrappers.cc:286) Log-like per frame for utterance AMI_ES2015a_H02_FEE059_0043918_0044062 is -0.198547 over 142 frames.
AMI_ES2015a_H02_FEE059_0044062_0044256 BUT IF 
LOG (latgen-faster-mapped[5.2.134~1-ecd4]:DecodeUtteranceLatticeFaster():decoder-wrappers.cc:286) Log-like per frame for utterance AMI_ES2015a_H02_FEE059_0044062_0044256 is -0.308704 over 192 frames.
AMI_ES2015a_H02_FEE059_0047634_0048033 WE HAVE SHEEP <unk> 
LOG (latgen-faster-mapped[5.2.134~1-ecd4]:DecodeUtteranceLatticeFaster():decoder-wrappers.cc:286) Log-like per frame for utterance AMI_ES2015a_H02_FEE059_0047634_0048033 is -0.234423 over 397 frames.
AMI_ES2015a_H02_FEE059_0048486_0048685 GOOD 
LOG (latgen-faster-mapped[5.2.134~1-ecd4]:DecodeUtteranceLatticeFaster():decoder-wrappers.cc:286) Log-like per frame for utterance AMI_ES2015a_H02_FEE059_0048486_0048685 is -0.367773 over 197 frames.
AMI_ES2015a_H02_FEE059_0048685_0048932 <unk> 
LOG (latgen-faster-mapped[5.2.134~1-ecd4]:DecodeUtteranceLatticeFaster():decoder-wrappers.cc:286) Log-like per frame for utterance AMI_ES2015a_H02_FEE059_0048685_0048932 is -0.207276 over 245 frames.
AMI_ES2015a_H02_FEE059_0063166_0063360 MM 
LOG (latgen-faster-mapped[5.2.134~1-ecd4]:DecodeUtteranceLatticeFaster():decoder-wrappers.cc:286) Log-like per frame for utterance AMI_ES2015a_H02_FEE059_0063166_0063360 is -0.300839 over 192 frames.
AMI_ES2015a_H02_FEE059_0064249_0064329 OKAY 
LOG (latgen-faster-mapped[5.2.134~1-ecd4]:DecodeUtteranceLatticeFaster():decoder-wrappers.cc:286) Log-like per frame for utterance AMI_ES2015a_H02_FEE059_0064249_0064329 is -0.356578 over 78 frames.
AMI_ES2015a_H02_FEE059_0064329_0064991 I I THINK ANIMAL WOULD BE A STAR BUTTON YOU THINK FEATURE OR ONE 
LOG (latgen-faster-mapped[5.2.134~1-ecd4]:DecodeUtteranceLatticeFaster():decoder-wrappers.cc:286) Log-like per frame for utterance AMI_ES2015a_H02_FEE059_0064329_0064991 is -0.413121 over 660 frames.
AMI_ES2015a_H02_FEE059_0064991_0065323 I I'VE DRAWN AT ALL 
LOG (latgen-faster-mapped[5.2.134~1-ecd4]:DecodeUtteranceLatticeFaster():decoder-wrappers.cc:286) Log-like per frame for utterance AMI_ES2015a_H02_FEE059_0064991_0065323 is -0.368581 over 330 frames.
AMI_ES2015a_H02_FEE059_0065323_0065914 UH TEN STRAW SNOW COVE CONTROL 
LOG (latgen-faster-mapped[5.2.134~1-ecd4]:DecodeUtteranceLatticeFaster():decoder-wrappers.cc:286) Log-like per frame for utterance AMI_ES2015a_H02_FEE059_0065323_0065914 is -0.418031 over 589 frames.
AMI_ES2015a_H02_FEE059_0065914_0065986 UM 
LOG (latgen-faster-mapped[5.2.134~1-ecd4]:DecodeUtteranceLatticeFaster():decoder-wrappers.cc:286) Log-like per frame for utterance AMI_ES2015a_H02_FEE059_0065914_0065986 is -0.235423 over 70 frames.
AMI_ES2015a_H02_FEE059_0066189_0066733 RIGHT IT'S GONNA BE REALLY IF OF AGE ARE CAUSE I'M NOT SURE HOW TO DRAW A DOG 
LOG (latgen-faster-mapped[5.2.134~1-ecd4]:DecodeUtteranceLatticeFaster():decoder-wrappers.cc:286) Log-like per frame for utterance AMI_ES2015a_H02_FEE059_0066189_0066733 is -0.533662 over 542 frames.
AMI_ES2015a_H02_FEE059_0067146_0067444 <unk> DARK THING 
LOG (latgen-faster-mapped[5.2.134~1-ecd4]:DecodeUtteranceLatticeFaster():decoder-wrappers.cc:286) Log-like per frame for utterance AMI_ES2015a_H02_FEE059_0067146_0067444 is -0.394987 over 296 frames.
AMI_ES2015a_H02_FEE059_0067444_0067857 I THOUGHT THAT UM OUR 
LOG (latgen-faster-mapped[5.2.134~1-ecd4]:DecodeUtteranceLatticeFaster():decoder-wrappers.cc:286) Log-like per frame for utterance AMI_ES2015a_H02_FEE059_0067444_0067857 is -0.250464 over 411 frames.
AMI_ES2015a_H02_FEE059_0067857_0068144 IT IS UH 
LOG (latgen-faster-mapped[5.2.134~1-ecd4]:DecodeUtteranceLatticeFaster():decoder-wrappers.cc:286) Log-like per frame for utterance AMI_ES2015a_H02_FEE059_0067857_0068144 is -0.341944 over 285 frames.
AMI_ES2015a_H02_FEE059_0068411_0068801 THE THIS THAT DOES NOT 
LOG (latgen-faster-mapped[5.2.134~1-ecd4]:DecodeUtteranceLatticeFaster():decoder-wrappers.cc:286) Log-like per frame for utterance AMI_ES2015a_H02_FEE059_0068411_0068801 is -0.256958 over 388 frames.
AMI_ES2015a_H02_FEE059_0068801_0069196 I 
LOG (latgen-faster-mapped[5.2.134~1-ecd4]:DecodeUtteranceLatticeFaster():decoder-wrappers.cc:286) Log-like per frame for utterance AMI_ES2015a_H02_FEE059_0068801_0069196 is -0.1394 over 393 frames.
AMI_ES2015a_H02_FEE059_0069640_0069892 IS A LOT <unk> 
LOG (latgen-faster-mapped[5.2.134~1-ecd4]:DecodeUtteranceLatticeFaster():decoder-wrappers.cc:286) Log-like per frame for utterance AMI_ES2015a_H02_FEE059_0069640_0069892 is -0.380741 over 250 frames.
AMI_ES2015a_H02_FEE059_0069892_0069981 RIGHT 
LOG (latgen-faster-mapped[5.2.134~1-ecd4]:DecodeUtteranceLatticeFaster():decoder-wrappers.cc:286) Log-like per frame for utterance AMI_ES2015a_H02_FEE059_0069892_0069981 is -0.252851 over 87 frames.
AMI_ES2015a_H02_FEE059_0069981_0070400 USE KNOW WHAT IT OR UH 
LOG (latgen-faster-mapped[5.2.134~1-ecd4]:DecodeUtteranceLatticeFaster():decoder-wrappers.cc:286) Log-like per frame for utterance AMI_ES2015a_H02_FEE059_0069981_0070400 is -0.303729 over 417 frames.
AMI_ES2015a_H02_FEE059_0070400_0070764 MM 
LOG (latgen-faster-mapped[5.2.134~1-ecd4]:DecodeUtteranceLatticeFaster():decoder-wrappers.cc:286) Log-like per frame for utterance AMI_ES2015a_H02_FEE059_0070400_0070764 is -0.184645 over 362 frames.
AMI_ES2015a_H02_FEE059_0070764_0071308 UM DARK RECALL AS UM THE <unk> THE HUMAN IF 
LOG (latgen-faster-mapped[5.2.134~1-ecd4]:DecodeUtteranceLatticeFaster():decoder-wrappers.cc:286) Log-like per frame for utterance AMI_ES2015a_H02_FEE059_0070764_0071308 is -0.437295 over 542 frames.
AMI_ES2015a_H02_FEE059_0071308_0071975 LIKELY CAN BE TRAINED TO BE PROBABLY START FUN SEEN AGE OUT THIN FRIENDLY ANIMAL 
LOG (latgen-faster-mapped[5.2.134~1-ecd4]:DecodeUtteranceLatticeFaster():decoder-wrappers.cc:286) Log-like per frame for utterance AMI_ES2015a_H02_FEE059_0071308_0071975 is -0.522031 over 665 frames.
AMI_ES2015a_H02_FEE059_0071975_0072457 AND LIKE THE COMPANION THING CAT 
LOG (latgen-faster-mapped[5.2.134~1-ecd4]:DecodeUtteranceLatticeFaster():decoder-wrappers.cc:286) Log-like per frame for utterance AMI_ES2015a_H02_FEE059_0071975_0072457 is -0.362703 over 480 frames.
LOG (latgen-faster-mapped[5.2.134~1-ecd4]:main():latgen-faster-mapped.cc:164) Time taken 180.899s: real-time factor assuming 100 frames/sec is 1.63843
LOG (latgen-faster-mapped[5.2.134~1-ecd4]:main():latgen-faster-mapped.cc:167) Done 33 utterances, failed for 0
LOG (latgen-faster-mapped[5.2.134~1-ecd4]:main():latgen-faster-mapped.cc:169) Overall log-likelihood per frame is -0.339734 over 11041 frames.
