latgen-faster-mapped --max-active=7000 --beam=15 --lattice-beam=7 --acoustic-scale=0.1 --allow-partial=true --word-symbol-table=/data/sls/scratch/haotang/ami//exp/ihm/tri3-logmel-hires/graph_ami_fsh.o3g.kn.pr1-7/words.txt /data/sls/scratch/haotang/ami//exp/ihm/tri3-logmel-hires_ali/final.mdl /data/sls/scratch/haotang/ami//exp/ihm/tri3-logmel-hires/graph_ami_fsh.o3g.kn.pr1-7/HCLG.fst ark:- 'ark:|gzip -c > /data/sls/r/u/atitus5/meng/am/logs/ami-0.1/train_sdm1/augmented_src_ihm/frame-tdnn-450x7-step0.05/ENC_C_256_256_K_3_3_P_3_3_F_/LATENT_256/DEC_F__C_256_256_K_3_3_P_3_3/ACT_ReLU_BN_false_WEIGHT_INIT_xavier_uniform/OPT_Adam_LR_0.0001_EPOCHS_25_BATCH_256_DEBUG_false/ae_ratio0.0/decode_ihm/lat.10.gz' 
AMI_ES2015a_H01_FEE058_0064030_0064235 YEAH 
LOG (latgen-faster-mapped[5.2.134~1-ecd4]:DecodeUtteranceLatticeFaster():decoder-wrappers.cc:286) Log-like per frame for utterance AMI_ES2015a_H01_FEE058_0064030_0064235 is -0.139204 over 203 frames.
AMI_ES2015a_H01_FEE058_0064921_0064966 MM 
LOG (latgen-faster-mapped[5.2.134~1-ecd4]:DecodeUtteranceLatticeFaster():decoder-wrappers.cc:286) Log-like per frame for utterance AMI_ES2015a_H01_FEE058_0064921_0064966 is -0.227784 over 43 frames.
AMI_ES2015a_H01_FEE058_0066734_0067190 WELL THEY'RE LOW TO DIFFERENT TYPES OF <unk> WITH THAN ONE KIND OF THAT 
LOG (latgen-faster-mapped[5.2.134~1-ecd4]:DecodeUtteranceLatticeFaster():decoder-wrappers.cc:286) Log-like per frame for utterance AMI_ES2015a_H01_FEE058_0066734_0067190 is -0.505974 over 454 frames.
AMI_ES2015a_H01_FEE058_0068747_0069628 <unk> <unk> 
LOG (latgen-faster-mapped[5.2.134~1-ecd4]:DecodeUtteranceLatticeFaster():decoder-wrappers.cc:286) Log-like per frame for utterance AMI_ES2015a_H01_FEE058_0068747_0069628 is -0.143447 over 879 frames.
AMI_ES2015a_H01_FEE058_0070085_0070765 OKAY 
LOG (latgen-faster-mapped[5.2.134~1-ecd4]:DecodeUtteranceLatticeFaster():decoder-wrappers.cc:286) Log-like per frame for utterance AMI_ES2015a_H01_FEE058_0070085_0070765 is -0.147408 over 678 frames.
AMI_ES2015a_H01_FEE058_0072464_0072585 YEAH 
LOG (latgen-faster-mapped[5.2.134~1-ecd4]:DecodeUtteranceLatticeFaster():decoder-wrappers.cc:286) Log-like per frame for utterance AMI_ES2015a_H01_FEE058_0072464_0072585 is -0.326944 over 119 frames.
AMI_ES2015a_H01_FEE058_0080720_0080860 <unk> 
LOG (latgen-faster-mapped[5.2.134~1-ecd4]:DecodeUtteranceLatticeFaster():decoder-wrappers.cc:286) Log-like per frame for utterance AMI_ES2015a_H01_FEE058_0080720_0080860 is -0.38609 over 138 frames.
AMI_ES2015a_H01_FEE058_0083007_0083097 OKAY 
LOG (latgen-faster-mapped[5.2.134~1-ecd4]:DecodeUtteranceLatticeFaster():decoder-wrappers.cc:286) Log-like per frame for utterance AMI_ES2015a_H01_FEE058_0083007_0083097 is -0.122911 over 88 frames.
AMI_ES2015a_H01_FEE058_0095397_0095476 OKAY 
LOG (latgen-faster-mapped[5.2.134~1-ecd4]:DecodeUtteranceLatticeFaster():decoder-wrappers.cc:286) Log-like per frame for utterance AMI_ES2015a_H01_FEE058_0095397_0095476 is -0.303158 over 77 frames.
AMI_ES2015a_H01_FEE058_0095617_0096107 OH SPEND IN AH HOUSE THE REMOTE CONTROL ALWAYS GET ANYTHING 
LOG (latgen-faster-mapped[5.2.134~1-ecd4]:DecodeUtteranceLatticeFaster():decoder-wrappers.cc:286) Log-like per frame for utterance AMI_ES2015a_H01_FEE058_0095617_0096107 is -0.416181 over 488 frames.
AMI_ES2015a_H01_FEE058_0096107_0096368 IT WILL WAIT WHERE IS THE REMOTE CONTROL 
LOG (latgen-faster-mapped[5.2.134~1-ecd4]:DecodeUtteranceLatticeFaster():decoder-wrappers.cc:286) Log-like per frame for utterance AMI_ES2015a_H01_FEE058_0096107_0096368 is -0.386988 over 259 frames.
AMI_ES2015a_H01_FEE058_0096368_0096557 SO MAYBE IF YOU COULD HAVE SOME KIND OF 
LOG (latgen-faster-mapped[5.2.134~1-ecd4]:DecodeUtteranceLatticeFaster():decoder-wrappers.cc:286) Log-like per frame for utterance AMI_ES2015a_H01_FEE058_0096368_0096557 is -0.444305 over 187 frames.
AMI_ES2015a_H01_FEE058_0096664_0097253 <unk> TO THE REMOTE CONTROL OF THAN SIGNAL THAT YOU COULD FIND OUT WHERE WHAT FOR 
LOG (latgen-faster-mapped[5.2.134~1-ecd4]:DecodeUtteranceLatticeFaster():decoder-wrappers.cc:286) Log-like per frame for utterance AMI_ES2015a_H01_FEE058_0096664_0097253 is -0.47475 over 587 frames.
AMI_ES2015a_H01_FEE058_0097253_0097459 I DIDN'T UM KIND OF A LOT 
LOG (latgen-faster-mapped[5.2.134~1-ecd4]:DecodeUtteranceLatticeFaster():decoder-wrappers.cc:286) Log-like per frame for utterance AMI_ES2015a_H01_FEE058_0097253_0097459 is -0.513625 over 204 frames.
AMI_ES2015a_H01_FEE058_0097459_0097977 YOU CAN PRESS THE BUTTON ON YOU WILL YOU KNOW THE OH IT'S OF 
LOG (latgen-faster-mapped[5.2.134~1-ecd4]:DecodeUtteranceLatticeFaster():decoder-wrappers.cc:286) Log-like per frame for utterance AMI_ES2015a_H01_FEE058_0097459_0097977 is -0.386544 over 516 frames.
AMI_ES2015a_H01_FEE058_0098757_0098884 YEAH 
LOG (latgen-faster-mapped[5.2.134~1-ecd4]:DecodeUtteranceLatticeFaster():decoder-wrappers.cc:286) Log-like per frame for utterance AMI_ES2015a_H01_FEE058_0098757_0098884 is -0.138491 over 125 frames.
AMI_ES2015a_H01_FEE058_0098884_0099344 YEAH THEY DON'T USE HALF OF THEM 
LOG (latgen-faster-mapped[5.2.134~1-ecd4]:DecodeUtteranceLatticeFaster():decoder-wrappers.cc:286) Log-like per frame for utterance AMI_ES2015a_H01_FEE058_0098884_0099344 is -0.243324 over 458 frames.
AMI_ES2015a_H01_FEE058_0100137_0100432 YEAH THAT'S THAT'S YEAH IT IS 
LOG (latgen-faster-mapped[5.2.134~1-ecd4]:DecodeUtteranceLatticeFaster():decoder-wrappers.cc:286) Log-like per frame for utterance AMI_ES2015a_H01_FEE058_0100137_0100432 is -0.298336 over 293 frames.
AMI_ES2015a_H01_FEE058_0100432_0100490 YEAH 
LOG (latgen-faster-mapped[5.2.134~1-ecd4]:DecodeUtteranceLatticeFaster():decoder-wrappers.cc:286) Log-like per frame for utterance AMI_ES2015a_H01_FEE058_0100432_0100490 is -0.133414 over 56 frames.
AMI_ES2015a_H01_FEE058_0100812_0100916 YEAH 
LOG (latgen-faster-mapped[5.2.134~1-ecd4]:DecodeUtteranceLatticeFaster():decoder-wrappers.cc:286) Log-like per frame for utterance AMI_ES2015a_H01_FEE058_0100812_0100916 is -0.132079 over 102 frames.
AMI_ES2015a_H01_FEE058_0102863_0102923 MM 
LOG (latgen-faster-mapped[5.2.134~1-ecd4]:DecodeUtteranceLatticeFaster():decoder-wrappers.cc:286) Log-like per frame for utterance AMI_ES2015a_H01_FEE058_0102863_0102923 is -0.315482 over 58 frames.
AMI_ES2015a_H01_FEE058_0103065_0103533 OKAY AND NOT WHAT SEE 
LOG (latgen-faster-mapped[5.2.134~1-ecd4]:DecodeUtteranceLatticeFaster():decoder-wrappers.cc:286) Log-like per frame for utterance AMI_ES2015a_H01_FEE058_0103065_0103533 is -0.257539 over 466 frames.
AMI_ES2015a_H01_FEE058_0103533_0103767 ARE WE GOING IN TO KIND OF NOVELTY FACTORS HERE 
LOG (latgen-faster-mapped[5.2.134~1-ecd4]:DecodeUtteranceLatticeFaster():decoder-wrappers.cc:286) Log-like per frame for utterance AMI_ES2015a_H01_FEE058_0103533_0103767 is -0.562847 over 232 frames.
AMI_ES2015a_H01_FEE058_0103767_0104138 LIKE I'VE SEEN LIKE UH OKAY 
LOG (latgen-faster-mapped[5.2.134~1-ecd4]:DecodeUtteranceLatticeFaster():decoder-wrappers.cc:286) Log-like per frame for utterance AMI_ES2015a_H01_FEE058_0103767_0104138 is -0.314628 over 369 frames.
AMI_ES2015a_H01_FEE058_0104323_0104367 YEAH 
LOG (latgen-faster-mapped[5.2.134~1-ecd4]:DecodeUtteranceLatticeFaster():decoder-wrappers.cc:286) Log-like per frame for utterance AMI_ES2015a_H01_FEE058_0104323_0104367 is -0.16708 over 42 frames.
AMI_ES2015a_H01_FEE058_0104473_0104513 MM-HMM 
LOG (latgen-faster-mapped[5.2.134~1-ecd4]:DecodeUtteranceLatticeFaster():decoder-wrappers.cc:286) Log-like per frame for utterance AMI_ES2015a_H01_FEE058_0104473_0104513 is -0.264064 over 38 frames.
AMI_ES2015a_H01_FEE058_0105027_0105074 YEAH 
LOG (latgen-faster-mapped[5.2.134~1-ecd4]:DecodeUtteranceLatticeFaster():decoder-wrappers.cc:286) Log-like per frame for utterance AMI_ES2015a_H01_FEE058_0105027_0105074 is -0.214226 over 45 frames.
AMI_ES2015a_H01_FEE058_0105232_0106025 SO IF WE HAVING TO UH HAVE IT LIKE MAKE HUGE PROFIT OUT OF THIS NEEDS TO BE QUITE A YOU KNOW THIS THE ACCEPTED THING 
LOG (latgen-faster-mapped[5.2.134~1-ecd4]:DecodeUtteranceLatticeFaster():decoder-wrappers.cc:286) Log-like per frame for utterance AMI_ES2015a_H01_FEE058_0105232_0106025 is -0.465178 over 791 frames.
AMI_ES2015a_H01_FEE058_0106025_0106463 I CAN NOVELTY THING MIGHT ANY SELL A FEW THINGS RATHER THAN LIKE 
LOG (latgen-faster-mapped[5.2.134~1-ecd4]:DecodeUtteranceLatticeFaster():decoder-wrappers.cc:286) Log-like per frame for utterance AMI_ES2015a_H01_FEE058_0106025_0106463 is -0.44411 over 436 frames.
AMI_ES2015a_H01_FEE058_0106463_0107129 IT GENERAL KIND OF MORE ACCEPTABLE BUT WE DON'T WANNA GO TO WHAT POINT IS THAT ONE SELL LIGHT OF 
LOG (latgen-faster-mapped[5.2.134~1-ecd4]:DecodeUtteranceLatticeFaster():decoder-wrappers.cc:286) Log-like per frame for utterance AMI_ES2015a_H01_FEE058_0106463_0107129 is -0.440424 over 664 frames.
AMI_ES2015a_H01_FEE058_0107129_0107238 BUT 
LOG (latgen-faster-mapped[5.2.134~1-ecd4]:DecodeUtteranceLatticeFaster():decoder-wrappers.cc:286) Log-like per frame for utterance AMI_ES2015a_H01_FEE058_0107129_0107238 is -0.21696 over 107 frames.
AMI_ES2015a_H01_FEE058_0107568_0107590 YEAH 
LOG (latgen-faster-mapped[5.2.134~1-ecd4]:DecodeUtteranceLatticeFaster():decoder-wrappers.cc:286) Log-like per frame for utterance AMI_ES2015a_H01_FEE058_0107568_0107590 is -0.269651 over 20 frames.
AMI_ES2015a_H01_FEE058_0107924_0108008 YEAH 
LOG (latgen-faster-mapped[5.2.134~1-ecd4]:DecodeUtteranceLatticeFaster():decoder-wrappers.cc:286) Log-like per frame for utterance AMI_ES2015a_H01_FEE058_0107924_0108008 is -0.105191 over 82 frames.
AMI_ES2015a_H01_FEE058_0109294_0109333 YEAH 
LOG (latgen-faster-mapped[5.2.134~1-ecd4]:DecodeUtteranceLatticeFaster():decoder-wrappers.cc:286) Log-like per frame for utterance AMI_ES2015a_H01_FEE058_0109294_0109333 is -0.221394 over 37 frames.
LOG (latgen-faster-mapped[5.2.134~1-ecd4]:main():latgen-faster-mapped.cc:164) Time taken 155.866s: real-time factor assuming 100 frames/sec is 1.66862
LOG (latgen-faster-mapped[5.2.134~1-ecd4]:main():latgen-faster-mapped.cc:167) Done 34 utterances, failed for 0
LOG (latgen-faster-mapped[5.2.134~1-ecd4]:main():latgen-faster-mapped.cc:169) Overall log-likelihood per frame is -0.335908 over 9341 frames.
