Setting up environment...
Environment set up.
Training convolutional variational multidecoder...
Constructing model...
Done constructing model.
CNNVariationalMultidecoder (
  (encoder_conv): Sequential (
    (conv2d_0): Conv2d(1, 256, kernel_size=(3, 3), stride=(1, 1))
    (SELU_0): SELU
    (maxpool2d_0): MaxPool2d (size=(1, 3), stride=(1, 3), dilation=(1, 1))
    (conv2d_1): Conv2d(256, 256, kernel_size=(3, 3), stride=(1, 1))
    (SELU_1): SELU
    (maxpool2d_1): MaxPool2d (size=(1, 3), stride=(1, 3), dilation=(1, 1))
  )
  (encoder_fc): Sequential (
    (lin_0): Linear (14336 -> 2048)
    (SELU_0): SELU
  )
  (decoder_fc_ihm): Sequential (
    (lin_0): Linear (1024 -> 2048)
    (SELU_0): SELU
    (lin_final): Linear (2048 -> 14336)
    (SELU_final): SELU
  )
  (decoder_deconv_ihm): Sequential (
    (maxunpool2d_0): MaxUnpool2d (size=(1, 3), stride=(1, 3), padding=(0, 0))
    (conv2d_0): Conv2d(256, 256, kernel_size=(3, 3), stride=(1, 1), padding=(2, 2))
    (SELU_0): SELU
    (maxunpool2d_1): MaxUnpool2d (size=(1, 3), stride=(1, 3), padding=(0, 0))
    (conv2d_1): Conv2d(256, 1, kernel_size=(3, 3), stride=(1, 1), padding=(2, 2))
    (SELU_1): SELU
  )
  (decoder_fc_sdm1): Sequential (
    (lin_0): Linear (1024 -> 2048)
    (SELU_0): SELU
    (lin_final): Linear (2048 -> 14336)
    (SELU_final): SELU
  )
  (decoder_deconv_sdm1): Sequential (
    (maxunpool2d_0): MaxUnpool2d (size=(1, 3), stride=(1, 3), padding=(0, 0))
    (conv2d_0): Conv2d(256, 256, kernel_size=(3, 3), stride=(1, 1), padding=(2, 2))
    (SELU_0): SELU
    (maxunpool2d_1): MaxUnpool2d (size=(1, 3), stride=(1, 3), padding=(0, 0))
    (conv2d_1): Conv2d(256, 1, kernel_size=(3, 3), stride=(1, 1), padding=(2, 2))
    (SELU_1): SELU
  )
  (latent_mu): Sequential (
    (lin): Linear (2048 -> 1024)
    (SELU): SELU
  )
  (latent_logvar): Sequential (
    (lin): Linear (2048 -> 1024)
    (SELU): SELU
  )
)
Setting up data...
Setting up training datasets...
