Setting up environment...
Environment set up.
Training convolutional denoising multidecoder...
Noising 10.000% of input features
Constructing model...
Done constructing model.
CNNMultidecoder (
  (encoder_conv): Sequential (
    (conv2d_0): Conv2d(1, 256, kernel_size=(3, 3), stride=(1, 1))
    (SELU_0): SELU
    (maxpool2d_0): MaxPool2d (size=(1, 3), stride=(1, 3), dilation=(1, 1))
    (conv2d_1): Conv2d(256, 256, kernel_size=(3, 3), stride=(1, 1))
    (SELU_1): SELU
    (maxpool2d_1): MaxPool2d (size=(1, 3), stride=(1, 3), dilation=(1, 1))
  )
  (encoder_fc): Sequential (
    (lin_0): Linear (14336 -> 2048)
    (SELU_0): SELU
    (lin_final): Linear (2048 -> 1024)
    (SELU_final): SELU
  )
  (decoder_fc_ihm): Sequential (
    (lin_0): Linear (1024 -> 2048)
    (SELU_0): SELU
    (lin_final): Linear (2048 -> 14336)
    (SELU_final): SELU
  )
  (decoder_deconv_ihm): Sequential (
    (maxunpool2d_0): MaxUnpool2d (size=(1, 3), stride=(1, 3), padding=(0, 0))
    (conv2d_0): Conv2d(256, 256, kernel_size=(3, 3), stride=(1, 1), padding=(2, 2))
    (SELU_0): SELU
    (maxunpool2d_1): MaxUnpool2d (size=(1, 3), stride=(1, 3), padding=(0, 0))
    (conv2d_1): Conv2d(256, 1, kernel_size=(3, 3), stride=(1, 1), padding=(2, 2))
    (SELU_1): SELU
  )
  (decoder_fc_sdm1): Sequential (
    (lin_0): Linear (1024 -> 2048)
    (SELU_0): SELU
    (lin_final): Linear (2048 -> 14336)
    (SELU_final): SELU
  )
  (decoder_deconv_sdm1): Sequential (
    (maxunpool2d_0): MaxUnpool2d (size=(1, 3), stride=(1, 3), padding=(0, 0))
    (conv2d_0): Conv2d(256, 256, kernel_size=(3, 3), stride=(1, 1), padding=(2, 2))
    (SELU_0): SELU
    (maxunpool2d_1): MaxUnpool2d (size=(1, 3), stride=(1, 3), padding=(0, 0))
    (conv2d_1): Conv2d(256, 1, kernel_size=(3, 3), stride=(1, 1), padding=(2, 2))
    (SELU_1): SELU
  )
)
Setting up data...
Setting up training datasets...
Using 2407138 training features (9403 batches) for class ihm
Using 2407138 training features (9403 batches) for class sdm1
Setting up dev datasets...
Using 249565 dev features (975 batches) for class ihm
Using 249565 dev features (975 batches) for class sdm1
Setting up minibatch shuffling for training...
18806 total batches: {'ihm': 9403, 'sdm1': 9403}
Done setting up data.
Starting training!
Train epoch 1: [1000/18806 (5.3%)]	Loss: 0.254721
Train epoch 1: [2000/18806 (10.6%)]	Loss: 0.184081
Train epoch 1: [3000/18806 (16.0%)]	Loss: 0.156500
Train epoch 1: [4000/18806 (21.3%)]	Loss: 0.139450
Train epoch 1: [5000/18806 (26.6%)]	Loss: 0.127246
Train epoch 1: [6000/18806 (31.9%)]	Loss: 0.120034
Train epoch 1: [7000/18806 (37.2%)]	Loss: 0.114647
Train epoch 1: [8000/18806 (42.5%)]	Loss: 0.108780
Train epoch 1: [9000/18806 (47.9%)]	Loss: 0.103811
Train epoch 1: [10000/18806 (53.2%)]	Loss: 0.099576
Train epoch 1: [11000/18806 (58.5%)]	Loss: 0.097065
Train epoch 1: [12000/18806 (63.8%)]	Loss: 0.093963
Train epoch 1: [13000/18806 (69.1%)]	Loss: 0.091121
Train epoch 1: [14000/18806 (74.4%)]	Loss: 0.088799
Train epoch 1: [15000/18806 (79.8%)]	Loss: 0.087030
Train epoch 1: [16000/18806 (85.1%)]	Loss: 0.084913
Train epoch 1: [17000/18806 (90.4%)]	Loss: 0.082944
Train epoch 1: [18000/18806 (95.7%)]	Loss: 0.081492
====> Epoch 1: Average train loss 0.080091 (['ihm: 0.071937', 'sdm1: 0.088245'])
====> Dev set loss: 0.048402 (['ihm: 0.040420', 'sdm1: 0.056385'])
New best dev set loss: 0.048402
Saved checkpoint for model
Train epoch 2: [1000/18806 (5.3%)]	Loss: 0.048503
Train epoch 2: [2000/18806 (10.6%)]	Loss: 0.051619
Train epoch 2: [3000/18806 (16.0%)]	Loss: 0.049806
Train epoch 2: [4000/18806 (21.3%)]	Loss: 0.050798
Train epoch 2: [5000/18806 (26.6%)]	Loss: 0.049583
Train epoch 2: [6000/18806 (31.9%)]	Loss: 0.048830
Train epoch 2: [7000/18806 (37.2%)]	Loss: 0.048333
Train epoch 2: [8000/18806 (42.5%)]	Loss: 0.047874
Train epoch 2: [9000/18806 (47.9%)]	Loss: 0.047353
Train epoch 2: [10000/18806 (53.2%)]	Loss: 0.046749
Train epoch 2: [11000/18806 (58.5%)]	Loss: 0.046321
Train epoch 2: [12000/18806 (63.8%)]	Loss: 0.045658
Train epoch 2: [13000/18806 (69.1%)]	Loss: 0.045590
Train epoch 2: [14000/18806 (74.4%)]	Loss: 0.045405
Train epoch 2: [15000/18806 (79.8%)]	Loss: 0.045070
Train epoch 2: [16000/18806 (85.1%)]	Loss: 0.044616
Train epoch 2: [17000/18806 (90.4%)]	Loss: 0.044478
Train epoch 2: [18000/18806 (95.7%)]	Loss: 0.044402
====> Epoch 2: Average train loss 0.044120 (['ihm: 0.037158', 'sdm1: 0.051082'])
====> Dev set loss: 0.036002 (['ihm: 0.030644', 'sdm1: 0.041361'])
New best dev set loss: 0.036002
Saved checkpoint for model
Train epoch 3: [1000/18806 (5.3%)]	Loss: 0.037840
Train epoch 3: [2000/18806 (10.6%)]	Loss: 0.038040
Train epoch 3: [3000/18806 (16.0%)]	Loss: 0.038221
Train epoch 3: [4000/18806 (21.3%)]	Loss: 0.039081
Train epoch 3: [5000/18806 (26.6%)]	Loss: 0.038518
Train epoch 3: [6000/18806 (31.9%)]	Loss: 0.038033
Train epoch 3: [7000/18806 (37.2%)]	Loss: 0.037667
Train epoch 3: [8000/18806 (42.5%)]	Loss: 0.037550
Train epoch 3: [9000/18806 (47.9%)]	Loss: 0.037628
Train epoch 3: [10000/18806 (53.2%)]	Loss: 0.037434
Train epoch 3: [11000/18806 (58.5%)]	Loss: 0.037277
Train epoch 3: [12000/18806 (63.8%)]	Loss: 0.037020
Train epoch 3: [13000/18806 (69.1%)]	Loss: 0.037033
Train epoch 3: [14000/18806 (74.4%)]	Loss: 0.036955
Train epoch 3: [15000/18806 (79.8%)]	Loss: 0.036810
Train epoch 3: [16000/18806 (85.1%)]	Loss: 0.036620
Train epoch 3: [17000/18806 (90.4%)]	Loss: 0.036413
Train epoch 3: [18000/18806 (95.7%)]	Loss: 0.036458
====> Epoch 3: Average train loss 0.036269 (['ihm: 0.029923', 'sdm1: 0.042615'])
====> Dev set loss: 0.032845 (['ihm: 0.026816', 'sdm1: 0.038873'])
New best dev set loss: 0.032845
Saved checkpoint for model
Train epoch 4: [1000/18806 (5.3%)]	Loss: 0.037536
Train epoch 4: [2000/18806 (10.6%)]	Loss: 0.035924
Train epoch 4: [3000/18806 (16.0%)]	Loss: 0.034914
Train epoch 4: [4000/18806 (21.3%)]	Loss: 0.034857
Train epoch 4: [5000/18806 (26.6%)]	Loss: 0.034312
Train epoch 4: [6000/18806 (31.9%)]	Loss: 0.034190
Train epoch 4: [7000/18806 (37.2%)]	Loss: 0.033690
Train epoch 4: [8000/18806 (42.5%)]	Loss: 0.033720
Train epoch 4: [9000/18806 (47.9%)]	Loss: 0.033966
Train epoch 4: [10000/18806 (53.2%)]	Loss: 0.033627
Train epoch 4: [11000/18806 (58.5%)]	Loss: 0.033393
Train epoch 4: [12000/18806 (63.8%)]	Loss: 0.033253
Train epoch 4: [13000/18806 (69.1%)]	Loss: 0.033234
Train epoch 4: [14000/18806 (74.4%)]	Loss: 0.033224
Train epoch 4: [15000/18806 (79.8%)]	Loss: 0.033155
Train epoch 4: [16000/18806 (85.1%)]	Loss: 0.033059
Train epoch 4: [17000/18806 (90.4%)]	Loss: 0.032969
Train epoch 4: [18000/18806 (95.7%)]	Loss: 0.032886
====> Epoch 4: Average train loss 0.032758 (['ihm: 0.027013', 'sdm1: 0.038503'])
====> Dev set loss: 0.029986 (['ihm: 0.025075', 'sdm1: 0.034898'])
New best dev set loss: 0.029986
Saved checkpoint for model
Train epoch 5: [1000/18806 (5.3%)]	Loss: 0.031188
Train epoch 5: [2000/18806 (10.6%)]	Loss: 0.031429
Train epoch 5: [3000/18806 (16.0%)]	Loss: 0.031282
Train epoch 5: [4000/18806 (21.3%)]	Loss: 0.031401
Train epoch 5: [5000/18806 (26.6%)]	Loss: 0.031457
Train epoch 5: [6000/18806 (31.9%)]	Loss: 0.031961
Train epoch 5: [7000/18806 (37.2%)]	Loss: 0.031738
Train epoch 5: [8000/18806 (42.5%)]	Loss: 0.031875
Train epoch 5: [9000/18806 (47.9%)]	Loss: 0.031781
Train epoch 5: [10000/18806 (53.2%)]	Loss: 0.031563
Train epoch 5: [11000/18806 (58.5%)]	Loss: 0.031385
Train epoch 5: [12000/18806 (63.8%)]	Loss: 0.031181
Train epoch 5: [13000/18806 (69.1%)]	Loss: 0.031019
Train epoch 5: [14000/18806 (74.4%)]	Loss: 0.031205
Train epoch 5: [15000/18806 (79.8%)]	Loss: 0.031372
Train epoch 5: [16000/18806 (85.1%)]	Loss: 0.031212
Train epoch 5: [17000/18806 (90.4%)]	Loss: 0.031078
Train epoch 5: [18000/18806 (95.7%)]	Loss: 0.031111
====> Epoch 5: Average train loss 0.031014 (['ihm: 0.025337', 'sdm1: 0.036690'])
====> Dev set loss: 0.027491 (['ihm: 0.022541', 'sdm1: 0.032441'])
New best dev set loss: 0.027491
Saved checkpoint for model
Train epoch 6: [1000/18806 (5.3%)]	Loss: 0.028620
Train epoch 6: [2000/18806 (10.6%)]	Loss: 0.030552
Train epoch 6: [3000/18806 (16.0%)]	Loss: 0.030888
Train epoch 6: [4000/18806 (21.3%)]	Loss: 0.031380
Train epoch 6: [5000/18806 (26.6%)]	Loss: 0.030875
Train epoch 6: [6000/18806 (31.9%)]	Loss: 0.030651
Train epoch 6: [7000/18806 (37.2%)]	Loss: 0.030241
Train epoch 6: [8000/18806 (42.5%)]	Loss: 0.030076
Train epoch 6: [9000/18806 (47.9%)]	Loss: 0.029980
Train epoch 6: [10000/18806 (53.2%)]	Loss: 0.029929
Train epoch 6: [11000/18806 (58.5%)]	Loss: 0.029925
Train epoch 6: [12000/18806 (63.8%)]	Loss: 0.029902
Train epoch 6: [13000/18806 (69.1%)]	Loss: 0.029943
Train epoch 6: [14000/18806 (74.4%)]	Loss: 0.029845
Train epoch 6: [15000/18806 (79.8%)]	Loss: 0.029948
Train epoch 6: [16000/18806 (85.1%)]	Loss: 0.029821
Train epoch 6: [17000/18806 (90.4%)]	Loss: 0.029730
Train epoch 6: [18000/18806 (95.7%)]	Loss: 0.029650
====> Epoch 6: Average train loss 0.029552 (['ihm: 0.023896', 'sdm1: 0.035207'])
====> Dev set loss: 0.027489 (['ihm: 0.022448', 'sdm1: 0.032530'])
New best dev set loss: 0.027489
Saved checkpoint for model
Train epoch 7: [1000/18806 (5.3%)]	Loss: 0.030760
Train epoch 7: [2000/18806 (10.6%)]	Loss: 0.030098
Train epoch 7: [3000/18806 (16.0%)]	Loss: 0.029420
Train epoch 7: [4000/18806 (21.3%)]	Loss: 0.029568
Train epoch 7: [5000/18806 (26.6%)]	Loss: 0.029205
Train epoch 7: [6000/18806 (31.9%)]	Loss: 0.028934
Train epoch 7: [7000/18806 (37.2%)]	Loss: 0.028844
Train epoch 7: [8000/18806 (42.5%)]	Loss: 0.028853
Train epoch 7: [9000/18806 (47.9%)]	Loss: 0.028640
Train epoch 7: [10000/18806 (53.2%)]	Loss: 0.028608
Train epoch 7: [11000/18806 (58.5%)]	Loss: 0.028488
Train epoch 7: [12000/18806 (63.8%)]	Loss: 0.028369
Train epoch 7: [13000/18806 (69.1%)]	Loss: 0.028327
Train epoch 7: [14000/18806 (74.4%)]	Loss: 0.028347
Train epoch 7: [15000/18806 (79.8%)]	Loss: 0.028512
Train epoch 7: [16000/18806 (85.1%)]	Loss: 0.028400
Train epoch 7: [17000/18806 (90.4%)]	Loss: 0.028264
Train epoch 7: [18000/18806 (95.7%)]	Loss: 0.028356
====> Epoch 7: Average train loss 0.028301 (['ihm: 0.022818', 'sdm1: 0.033784'])
====> Dev set loss: 0.025523 (['ihm: 0.020495', 'sdm1: 0.030551'])
New best dev set loss: 0.025523
Saved checkpoint for model
Train epoch 8: [1000/18806 (5.3%)]	Loss: 0.030309
Train epoch 8: [2000/18806 (10.6%)]	Loss: 0.029435
Train epoch 8: [3000/18806 (16.0%)]	Loss: 0.028580
Train epoch 8: [4000/18806 (21.3%)]	Loss: 0.028562
Train epoch 8: [5000/18806 (26.6%)]	Loss: 0.028476
Train epoch 8: [6000/18806 (31.9%)]	Loss: 0.028277
Train epoch 8: [7000/18806 (37.2%)]	Loss: 0.028044
Train epoch 8: [8000/18806 (42.5%)]	Loss: 0.027986
Train epoch 8: [9000/18806 (47.9%)]	Loss: 0.027838
Train epoch 8: [10000/18806 (53.2%)]	Loss: 0.027888
Train epoch 8: [11000/18806 (58.5%)]	Loss: 0.027955
Train epoch 8: [12000/18806 (63.8%)]	Loss: 0.027908
Train epoch 8: [13000/18806 (69.1%)]	Loss: 0.027844
Train epoch 8: [14000/18806 (74.4%)]	Loss: 0.027805
Train epoch 8: [15000/18806 (79.8%)]	Loss: 0.027964
Train epoch 8: [16000/18806 (85.1%)]	Loss: 0.027823
Train epoch 8: [17000/18806 (90.4%)]	Loss: 0.027702
Train epoch 8: [18000/18806 (95.7%)]	Loss: 0.027772
====> Epoch 8: Average train loss 0.027713 (['ihm: 0.022379', 'sdm1: 0.033047'])
====> Dev set loss: 0.026360 (['ihm: 0.021363', 'sdm1: 0.031357'])
No improvement in 1 epochs (best dev set loss: 0.025523)
Not saving checkpoint; no improvement made
Train epoch 9: [1000/18806 (5.3%)]	Loss: 0.026856
Train epoch 9: [2000/18806 (10.6%)]	Loss: 0.028508
Train epoch 9: [3000/18806 (16.0%)]	Loss: 0.028124
Train epoch 9: [4000/18806 (21.3%)]	Loss: 0.028181
Train epoch 9: [5000/18806 (26.6%)]	Loss: 0.027856
Train epoch 9: [6000/18806 (31.9%)]	Loss: 0.027627
Train epoch 9: [7000/18806 (37.2%)]	Loss: 0.027281
Train epoch 9: [8000/18806 (42.5%)]	Loss: 0.027182
Train epoch 9: [9000/18806 (47.9%)]	Loss: 0.027095
Train epoch 9: [10000/18806 (53.2%)]	Loss: 0.027046
Train epoch 9: [11000/18806 (58.5%)]	Loss: 0.027243
Train epoch 9: [12000/18806 (63.8%)]	Loss: 0.027084
Train epoch 9: [13000/18806 (69.1%)]	Loss: 0.027159
Train epoch 9: [14000/18806 (74.4%)]	Loss: 0.027140
Train epoch 9: [15000/18806 (79.8%)]	Loss: 0.027065
Train epoch 9: [16000/18806 (85.1%)]	Loss: 0.026984
Train epoch 9: [17000/18806 (90.4%)]	Loss: 0.026976
Train epoch 9: [18000/18806 (95.7%)]	Loss: 0.026985
====> Epoch 9: Average train loss 0.026893 (['ihm: 0.021483', 'sdm1: 0.032303'])
====> Dev set loss: 0.024811 (['ihm: 0.019616', 'sdm1: 0.030007'])
New best dev set loss: 0.024811
Saved checkpoint for model
Train epoch 10: [1000/18806 (5.3%)]	Loss: 0.029103
Train epoch 10: [2000/18806 (10.6%)]	Loss: 0.028074
Train epoch 10: [3000/18806 (16.0%)]	Loss: 0.027410
Train epoch 10: [4000/18806 (21.3%)]	Loss: 0.027147
Train epoch 10: [5000/18806 (26.6%)]	Loss: 0.026956
Train epoch 10: [6000/18806 (31.9%)]	Loss: 0.027057
Train epoch 10: [7000/18806 (37.2%)]	Loss: 0.026891
Train epoch 10: [8000/18806 (42.5%)]	Loss: 0.026729
Train epoch 10: [9000/18806 (47.9%)]	Loss: 0.026948
Train epoch 10: [10000/18806 (53.2%)]	Loss: 0.026849
Train epoch 10: [11000/18806 (58.5%)]	Loss: 0.026649
Train epoch 10: [12000/18806 (63.8%)]	Loss: 0.026627
Train epoch 10: [13000/18806 (69.1%)]	Loss: 0.026686
Train epoch 10: [14000/18806 (74.4%)]	Loss: 0.026583
Train epoch 10: [15000/18806 (79.8%)]	Loss: 0.026760
Train epoch 10: [16000/18806 (85.1%)]	Loss: 0.026684
Train epoch 10: [17000/18806 (90.4%)]	Loss: 0.026521
Train epoch 10: [18000/18806 (95.7%)]	Loss: 0.026525
====> Epoch 10: Average train loss 0.026422 (['ihm: 0.021093', 'sdm1: 0.031751'])
====> Dev set loss: 0.032613 (['ihm: 0.020066', 'sdm1: 0.045159'])
No improvement in 1 epochs (best dev set loss: 0.024811)
Not saving checkpoint; no improvement made
Train epoch 11: [1000/18806 (5.3%)]	Loss: 0.026565
Train epoch 11: [2000/18806 (10.6%)]	Loss: 0.026313
Train epoch 11: [3000/18806 (16.0%)]	Loss: 0.026532
Train epoch 11: [4000/18806 (21.3%)]	Loss: 0.026930
Train epoch 11: [5000/18806 (26.6%)]	Loss: 0.026749
Train epoch 11: [6000/18806 (31.9%)]	Loss: 0.026543
Train epoch 11: [7000/18806 (37.2%)]	Loss: 0.026370
Train epoch 11: [8000/18806 (42.5%)]	Loss: 0.026278
Train epoch 11: [9000/18806 (47.9%)]	Loss: 0.026135
Train epoch 11: [10000/18806 (53.2%)]	Loss: 0.026123
Train epoch 11: [11000/18806 (58.5%)]	Loss: 0.026040
Train epoch 11: [12000/18806 (63.8%)]	Loss: 0.025933
Train epoch 11: [13000/18806 (69.1%)]	Loss: 0.025954
Train epoch 11: [14000/18806 (74.4%)]	Loss: 0.026005
Train epoch 11: [15000/18806 (79.8%)]	Loss: 0.026026
Train epoch 11: [16000/18806 (85.1%)]	Loss: 0.025936
Train epoch 11: [17000/18806 (90.4%)]	Loss: 0.025876
Train epoch 11: [18000/18806 (95.7%)]	Loss: 0.025966
====> Epoch 11: Average train loss 0.025893 (['ihm: 0.020731', 'sdm1: 0.031055'])
====> Dev set loss: 0.026029 (['ihm: 0.020764', 'sdm1: 0.031294'])
No improvement in 2 epochs (best dev set loss: 0.024811)
Not saving checkpoint; no improvement made
Train epoch 12: [1000/18806 (5.3%)]	Loss: 0.031243
Train epoch 12: [2000/18806 (10.6%)]	Loss: 0.028521
Train epoch 12: [3000/18806 (16.0%)]	Loss: 0.027026
Train epoch 12: [4000/18806 (21.3%)]	Loss: 0.026668
Train epoch 12: [5000/18806 (26.6%)]	Loss: 0.026526
Train epoch 12: [6000/18806 (31.9%)]	Loss: 0.026393
Train epoch 12: [7000/18806 (37.2%)]	Loss: 0.026040
Train epoch 12: [8000/18806 (42.5%)]	Loss: 0.026221
Train epoch 12: [9000/18806 (47.9%)]	Loss: 0.026031
Train epoch 12: [10000/18806 (53.2%)]	Loss: 0.025931
Train epoch 12: [11000/18806 (58.5%)]	Loss: 0.025797
Train epoch 12: [12000/18806 (63.8%)]	Loss: 0.025646
Train epoch 12: [13000/18806 (69.1%)]	Loss: 0.025785
Train epoch 12: [14000/18806 (74.4%)]	Loss: 0.025684
Train epoch 12: [15000/18806 (79.8%)]	Loss: 0.025655
Train epoch 12: [16000/18806 (85.1%)]	Loss: 0.025558
Train epoch 12: [17000/18806 (90.4%)]	Loss: 0.025539
Train epoch 12: [18000/18806 (95.7%)]	Loss: 0.025792
====> Epoch 12: Average train loss 0.025819 (['ihm: 0.020645', 'sdm1: 0.030993'])
====> Dev set loss: 0.023075 (['ihm: 0.018437', 'sdm1: 0.027713'])
New best dev set loss: 0.023075
Saved checkpoint for model
Train epoch 13: [1000/18806 (5.3%)]	Loss: 0.024409
Train epoch 13: [2000/18806 (10.6%)]	Loss: 0.024623
Train epoch 13: [3000/18806 (16.0%)]	Loss: 0.024489
Train epoch 13: [4000/18806 (21.3%)]	Loss: 0.025216
Train epoch 13: [5000/18806 (26.6%)]	Loss: 0.025288
Train epoch 13: [6000/18806 (31.9%)]	Loss: 0.025369
Train epoch 13: [7000/18806 (37.2%)]	Loss: 0.025148
Train epoch 13: [8000/18806 (42.5%)]	Loss: 0.025185
Train epoch 13: [9000/18806 (47.9%)]	Loss: 0.025103
Train epoch 13: [10000/18806 (53.2%)]	Loss: 0.025103
Train epoch 13: [11000/18806 (58.5%)]	Loss: 0.025025
Train epoch 13: [12000/18806 (63.8%)]	Loss: 0.024942
Train epoch 13: [13000/18806 (69.1%)]	Loss: 0.025015
Train epoch 13: [14000/18806 (74.4%)]	Loss: 0.024986
Train epoch 13: [15000/18806 (79.8%)]	Loss: 0.024963
Train epoch 13: [16000/18806 (85.1%)]	Loss: 0.024945
Train epoch 13: [17000/18806 (90.4%)]	Loss: 0.024954
Train epoch 13: [18000/18806 (95.7%)]	Loss: 0.024982
====> Epoch 13: Average train loss 0.024908 (['ihm: 0.019893', 'sdm1: 0.029922'])
====> Dev set loss: 0.024201 (['ihm: 0.019028', 'sdm1: 0.029375'])
No improvement in 1 epochs (best dev set loss: 0.023075)
Not saving checkpoint; no improvement made
Train epoch 14: [1000/18806 (5.3%)]	Loss: 0.025547
Train epoch 14: [2000/18806 (10.6%)]	Loss: 0.025409
Train epoch 14: [3000/18806 (16.0%)]	Loss: 0.024996
Train epoch 14: [4000/18806 (21.3%)]	Loss: 0.024868
Train epoch 14: [5000/18806 (26.6%)]	Loss: 0.024815
Train epoch 14: [6000/18806 (31.9%)]	Loss: 0.024804
Train epoch 14: [7000/18806 (37.2%)]	Loss: 0.024675
Train epoch 14: [8000/18806 (42.5%)]	Loss: 0.024881
Train epoch 14: [9000/18806 (47.9%)]	Loss: 0.024853
Train epoch 14: [10000/18806 (53.2%)]	Loss: 0.024760
Train epoch 14: [11000/18806 (58.5%)]	Loss: 0.024718
Train epoch 14: [12000/18806 (63.8%)]	Loss: 0.024765
Train epoch 14: [13000/18806 (69.1%)]	Loss: 0.024647
Train epoch 14: [14000/18806 (74.4%)]	Loss: 0.024838
Train epoch 14: [15000/18806 (79.8%)]	Loss: 0.024831
Train epoch 14: [16000/18806 (85.1%)]	Loss: 0.024722
Train epoch 14: [17000/18806 (90.4%)]	Loss: 0.024742
Train epoch 14: [18000/18806 (95.7%)]	Loss: 0.024744
====> Epoch 14: Average train loss 0.024714 (['ihm: 0.019702', 'sdm1: 0.029726'])
====> Dev set loss: 0.030797 (['ihm: 0.019481', 'sdm1: 0.042113'])
No improvement in 2 epochs (best dev set loss: 0.023075)
Not saving checkpoint; no improvement made
Train epoch 15: [1000/18806 (5.3%)]	Loss: 0.024150
Train epoch 15: [2000/18806 (10.6%)]	Loss: 0.024689
Train epoch 15: [3000/18806 (16.0%)]	Loss: 0.024740
Train epoch 15: [4000/18806 (21.3%)]	Loss: 0.024722
Train epoch 15: [5000/18806 (26.6%)]	Loss: 0.024815
Train epoch 15: [6000/18806 (31.9%)]	Loss: 0.024635
Train epoch 15: [7000/18806 (37.2%)]	Loss: 0.024337
Train epoch 15: [8000/18806 (42.5%)]	Loss: 0.024321
Train epoch 15: [9000/18806 (47.9%)]	Loss: 0.024486
Train epoch 15: [10000/18806 (53.2%)]	Loss: 0.024368
Train epoch 15: [11000/18806 (58.5%)]	Loss: 0.024451
Train epoch 15: [12000/18806 (63.8%)]	Loss: 0.024417
Train epoch 15: [13000/18806 (69.1%)]	Loss: 0.024518
Train epoch 15: [14000/18806 (74.4%)]	Loss: 0.024379
Train epoch 15: [15000/18806 (79.8%)]	Loss: 0.024546
Train epoch 15: [16000/18806 (85.1%)]	Loss: 0.024456
Train epoch 15: [17000/18806 (90.4%)]	Loss: 0.024459
Train epoch 15: [18000/18806 (95.7%)]	Loss: 0.024500
====> Epoch 15: Average train loss 0.024445 (['ihm: 0.019463', 'sdm1: 0.029427'])
====> Dev set loss: 0.024111 (['ihm: 0.018214', 'sdm1: 0.030009'])
No improvement in 3 epochs (best dev set loss: 0.023075)
STOPPING EARLY
Computing reconstruction loss...
Loaded checkpoint; best model ready now.
====> Training set reconstruction loss w/o noising: 0.015979 (['ihm: 0.014162', 'sdm1: 0.017796'])
====> Dev set reconstruction loss w/o noising: 0.015890 (['ihm: 0.014173', 'sdm1: 0.017608'])
Trained convolutional denoising multidecoder.
