latgen-faster-mapped --max-active=7000 --beam=15 --lattice-beam=7 --acoustic-scale=0.1 --allow-partial=true --word-symbol-table=/data/sls/scratch/haotang/ami//exp/ihm/tri3-logmel-hires/graph_ami_fsh.o3g.kn.pr1-7/words.txt /data/sls/scratch/haotang/ami//exp/ihm/tri3-logmel-hires_ali/final.mdl /data/sls/scratch/haotang/ami//exp/ihm/tri3-logmel-hires/graph_ami_fsh.o3g.kn.pr1-7/HCLG.fst ark:- 'ark:|gzip -c > /data/sls/r/u/atitus5/meng/am/logs/ami-0.1/train_ihm/baseline/frame-tdnn-450x7-step0.05/decode_ihm/lat.29.gz' 
AMI_TS3012d_H03_MTD048ME_0177247_0177353 OR FRUIT AN EYE 
LOG (latgen-faster-mapped[5.2.134~1-ecd4]:DecodeUtteranceLatticeFaster():decoder-wrappers.cc:286) Log-like per frame for utterance AMI_TS3012d_H03_MTD048ME_0177247_0177353 is -0.582095 over 104 frames.
AMI_TS3012d_H03_MTD048ME_0178046_0178281 FRUIT NAME OR SOMETHING LIKE THAT 
LOG (latgen-faster-mapped[5.2.134~1-ecd4]:DecodeUtteranceLatticeFaster():decoder-wrappers.cc:286) Log-like per frame for utterance AMI_TS3012d_H03_MTD048ME_0178046_0178281 is -0.345841 over 233 frames.
AMI_TS3012d_H03_MTD048ME_0178281_0178540 THE BANANA REMOTE OR SOMETHING 
LOG (latgen-faster-mapped[5.2.134~1-ecd4]:DecodeUtteranceLatticeFaster():decoder-wrappers.cc:286) Log-like per frame for utterance AMI_TS3012d_H03_MTD048ME_0178281_0178540 is -0.299738 over 257 frames.
AMI_TS3012d_H03_MTD048ME_0178540_0178656 I DON'T KNOW 
LOG (latgen-faster-mapped[5.2.134~1-ecd4]:DecodeUtteranceLatticeFaster():decoder-wrappers.cc:286) Log-like per frame for utterance AMI_TS3012d_H03_MTD048ME_0178540_0178656 is -0.294643 over 114 frames.
AMI_TS3012d_H03_MTD048ME_0178656_0178788 IT'S THE FORM 
LOG (latgen-faster-mapped[5.2.134~1-ecd4]:DecodeUtteranceLatticeFaster():decoder-wrappers.cc:286) Log-like per frame for utterance AMI_TS3012d_H03_MTD048ME_0178656_0178788 is -0.557606 over 130 frames.
AMI_TS3012d_H03_MTD048ME_0178900_0179047 YEAH OH YEAH 
LOG (latgen-faster-mapped[5.2.134~1-ecd4]:DecodeUtteranceLatticeFaster():decoder-wrappers.cc:286) Log-like per frame for utterance AMI_TS3012d_H03_MTD048ME_0178900_0179047 is -0.297335 over 145 frames.
AMI_TS3012d_H03_MTD048ME_0179133_0179228 UH YEAH 
LOG (latgen-faster-mapped[5.2.134~1-ecd4]:DecodeUtteranceLatticeFaster():decoder-wrappers.cc:286) Log-like per frame for utterance AMI_TS3012d_H03_MTD048ME_0179133_0179228 is -0.28248 over 93 frames.
AMI_TS3012d_H03_MTD048ME_0179353_0179465 UM 
LOG (latgen-faster-mapped[5.2.134~1-ecd4]:DecodeUtteranceLatticeFaster():decoder-wrappers.cc:286) Log-like per frame for utterance AMI_TS3012d_H03_MTD048ME_0179353_0179465 is -0.25977 over 110 frames.
AMI_TS3012d_H03_MTD048ME_0180518_0180551 YEAH 
LOG (latgen-faster-mapped[5.2.134~1-ecd4]:DecodeUtteranceLatticeFaster():decoder-wrappers.cc:286) Log-like per frame for utterance AMI_TS3012d_H03_MTD048ME_0180518_0180551 is -0.197254 over 31 frames.
AMI_TS3012d_H03_MTD048ME_0180787_0180829 SURE 
LOG (latgen-faster-mapped[5.2.134~1-ecd4]:DecodeUtteranceLatticeFaster():decoder-wrappers.cc:286) Log-like per frame for utterance AMI_TS3012d_H03_MTD048ME_0180787_0180829 is -0.573444 over 40 frames.
AMI_TS3012d_H03_MTD048ME_0181927_0182071 <unk> REAL REACTION 
LOG (latgen-faster-mapped[5.2.134~1-ecd4]:DecodeUtteranceLatticeFaster():decoder-wrappers.cc:286) Log-like per frame for utterance AMI_TS3012d_H03_MTD048ME_0181927_0182071 is -0.492095 over 142 frames.
AMI_TS3012d_H03_MTD048ME_0187856_0187899 THE THING 
LOG (latgen-faster-mapped[5.2.134~1-ecd4]:DecodeUtteranceLatticeFaster():decoder-wrappers.cc:286) Log-like per frame for utterance AMI_TS3012d_H03_MTD048ME_0187856_0187899 is -0.654998 over 41 frames.
AMI_TS3012d_H03_MTD048ME_0188025_0188079 THE 
LOG (latgen-faster-mapped[5.2.134~1-ecd4]:DecodeUtteranceLatticeFaster():decoder-wrappers.cc:286) Log-like per frame for utterance AMI_TS3012d_H03_MTD048ME_0188025_0188079 is -0.362707 over 52 frames.
AMI_TS3012d_H03_MTD048ME_0190864_0190929 YOU KNOW SURE 
LOG (latgen-faster-mapped[5.2.134~1-ecd4]:DecodeUtteranceLatticeFaster():decoder-wrappers.cc:286) Log-like per frame for utterance AMI_TS3012d_H03_MTD048ME_0190864_0190929 is -0.624242 over 63 frames.
AMI_TS3012d_H03_MTD048ME_0191040_0191173 THAT 
LOG (latgen-faster-mapped[5.2.134~1-ecd4]:DecodeUtteranceLatticeFaster():decoder-wrappers.cc:286) Log-like per frame for utterance AMI_TS3012d_H03_MTD048ME_0191040_0191173 is -0.335975 over 131 frames.
AMI_TS3012d_H03_MTD048ME_0191359_0191412 REMOTE 
LOG (latgen-faster-mapped[5.2.134~1-ecd4]:DecodeUtteranceLatticeFaster():decoder-wrappers.cc:286) Log-like per frame for utterance AMI_TS3012d_H03_MTD048ME_0191359_0191412 is -0.446171 over 51 frames.
AMI_TS3012d_H03_MTD048ME_0191617_0191835 BANANA REECE OR <unk> 
LOG (latgen-faster-mapped[5.2.134~1-ecd4]:DecodeUtteranceLatticeFaster():decoder-wrappers.cc:286) Log-like per frame for utterance AMI_TS3012d_H03_MTD048ME_0191617_0191835 is -0.366067 over 216 frames.
AMI_TS3012d_H03_MTD048ME_0192069_0192119 REMOTE 
LOG (latgen-faster-mapped[5.2.134~1-ecd4]:DecodeUtteranceLatticeFaster():decoder-wrappers.cc:286) Log-like per frame for utterance AMI_TS3012d_H03_MTD048ME_0192069_0192119 is -0.407434 over 48 frames.
AMI_TS3012d_H03_MTD048ME_0192473_0192551 OR THREE C. 
LOG (latgen-faster-mapped[5.2.134~1-ecd4]:DecodeUtteranceLatticeFaster():decoder-wrappers.cc:286) Log-like per frame for utterance AMI_TS3012d_H03_MTD048ME_0192473_0192551 is -0.492731 over 76 frames.
AMI_TS3012d_H03_MTD048ME_0192822_0192950 R. THREE C. 
LOG (latgen-faster-mapped[5.2.134~1-ecd4]:DecodeUtteranceLatticeFaster():decoder-wrappers.cc:286) Log-like per frame for utterance AMI_TS3012d_H03_MTD048ME_0192822_0192950 is -0.365603 over 126 frames.
AMI_TS3012d_H03_MTD048ME_0193218_0193552 RE REACTION REMOTE CONTROL 
LOG (latgen-faster-mapped[5.2.134~1-ecd4]:DecodeUtteranceLatticeFaster():decoder-wrappers.cc:286) Log-like per frame for utterance AMI_TS3012d_H03_MTD048ME_0193218_0193552 is -0.227203 over 332 frames.
AMI_TS3012d_H03_MTD048ME_0193552_0193716 R. THREE C. 
LOG (latgen-faster-mapped[5.2.134~1-ecd4]:DecodeUtteranceLatticeFaster():decoder-wrappers.cc:286) Log-like per frame for utterance AMI_TS3012d_H03_MTD048ME_0193552_0193716 is -0.296563 over 162 frames.
AMI_TS3012d_H03_MTD048ME_0193716_0193746 WELL YEAH 
LOG (latgen-faster-mapped[5.2.134~1-ecd4]:DecodeUtteranceLatticeFaster():decoder-wrappers.cc:286) Log-like per frame for utterance AMI_TS3012d_H03_MTD048ME_0193716_0193746 is -0.724134 over 28 frames.
AMI_TS3012d_H03_MTD048ME_0194463_0194554 YEAH TRIPLE R. 
LOG (latgen-faster-mapped[5.2.134~1-ecd4]:DecodeUtteranceLatticeFaster():decoder-wrappers.cc:286) Log-like per frame for utterance AMI_TS3012d_H03_MTD048ME_0194463_0194554 is -0.640799 over 89 frames.
AMI_TS3012d_H03_MTD048ME_0194895_0194981 TRIPLE R. C. 
LOG (latgen-faster-mapped[5.2.134~1-ecd4]:DecodeUtteranceLatticeFaster():decoder-wrappers.cc:286) Log-like per frame for utterance AMI_TS3012d_H03_MTD048ME_0194895_0194981 is -0.548665 over 84 frames.
AMI_TS3012d_H03_MTD048ME_0195197_0195310 THE TRIPLE R. C. 
LOG (latgen-faster-mapped[5.2.134~1-ecd4]:DecodeUtteranceLatticeFaster():decoder-wrappers.cc:286) Log-like per frame for utterance AMI_TS3012d_H03_MTD048ME_0195197_0195310 is -0.529998 over 111 frames.
AMI_TS3012d_H03_MTD048ME_0195707_0195873 OR OR FREEZE 
LOG (latgen-faster-mapped[5.2.134~1-ecd4]:DecodeUtteranceLatticeFaster():decoder-wrappers.cc:286) Log-like per frame for utterance AMI_TS3012d_H03_MTD048ME_0195707_0195873 is -0.423745 over 164 frames.
AMI_TS3012d_H03_MTD048ME_0197858_0197962 <unk> 
LOG (latgen-faster-mapped[5.2.134~1-ecd4]:DecodeUtteranceLatticeFaster():decoder-wrappers.cc:286) Log-like per frame for utterance AMI_TS3012d_H03_MTD048ME_0197858_0197962 is -0.614813 over 102 frames.
AMI_TS3012d_H03_MTD048ME_0199970_0200015 THAT 
LOG (latgen-faster-mapped[5.2.134~1-ecd4]:DecodeUtteranceLatticeFaster():decoder-wrappers.cc:286) Log-like per frame for utterance AMI_TS3012d_H03_MTD048ME_0199970_0200015 is -0.492954 over 43 frames.
AMI_TS3012d_H03_MTD048ME_0200580_0200818 YEAH 
LOG (latgen-faster-mapped[5.2.134~1-ecd4]:DecodeUtteranceLatticeFaster():decoder-wrappers.cc:286) Log-like per frame for utterance AMI_TS3012d_H03_MTD048ME_0200580_0200818 is -0.161155 over 236 frames.
AMI_TS3012d_H03_MTD048ME_0201583_0201657 <unk> 
LOG (latgen-faster-mapped[5.2.134~1-ecd4]:DecodeUtteranceLatticeFaster():decoder-wrappers.cc:286) Log-like per frame for utterance AMI_TS3012d_H03_MTD048ME_0201583_0201657 is -0.586623 over 72 frames.
AMI_TS3012d_H03_MTD048ME_0201940_0201980 YEAH 
LOG (latgen-faster-mapped[5.2.134~1-ecd4]:DecodeUtteranceLatticeFaster():decoder-wrappers.cc:286) Log-like per frame for utterance AMI_TS3012d_H03_MTD048ME_0201940_0201980 is -0.216664 over 38 frames.
AMI_TS3012d_H03_MTD048ME_0202403_0202453 IT'S OKAY 
LOG (latgen-faster-mapped[5.2.134~1-ecd4]:DecodeUtteranceLatticeFaster():decoder-wrappers.cc:286) Log-like per frame for utterance AMI_TS3012d_H03_MTD048ME_0202403_0202453 is -0.447361 over 48 frames.
LOG (latgen-faster-mapped[5.2.134~1-ecd4]:main():latgen-faster-mapped.cc:164) Time taken 30.908s: real-time factor assuming 100 frames/sec is 0.832652
LOG (latgen-faster-mapped[5.2.134~1-ecd4]:main():latgen-faster-mapped.cc:167) Done 33 utterances, failed for 0
LOG (latgen-faster-mapped[5.2.134~1-ecd4]:main():latgen-faster-mapped.cc:169) Overall log-likelihood per frame is -0.38366 over 3712 frames.
