latgen-faster-mapped --max-active=7000 --beam=15 --lattice-beam=7 --acoustic-scale=0.1 --allow-partial=true --word-symbol-table=/data/sls/scratch/haotang/ami//exp/ihm/tri3-logmel-hires/graph_ami_fsh.o3g.kn.pr1-7/words.txt /data/sls/scratch/haotang/ami//exp/ihm/tri3-logmel-hires_ali/final.mdl /data/sls/scratch/haotang/ami//exp/ihm/tri3-logmel-hires/graph_ami_fsh.o3g.kn.pr1-7/HCLG.fst ark:- 'ark:|gzip -c > /data/sls/r/u/atitus5/meng/am/logs/ami-0.1/train_ihm/baseline/frame-tdnn-450x7-step0.05/decode_ihm/lat.21.gz' 
AMI_IS1006c_H01_MIO040_0069436_0069823 OH OH OKAY JUST PRESS THE BUTTON 
LOG (latgen-faster-mapped[5.2.134~1-ecd4]:DecodeUtteranceLatticeFaster():decoder-wrappers.cc:286) Log-like per frame for utterance AMI_IS1006c_H01_MIO040_0069436_0069823 is -0.325149 over 385 frames.
AMI_IS1006c_H01_MIO040_0070047_0070244 YEAH I WILL NOT USE THIS 
LOG (latgen-faster-mapped[5.2.134~1-ecd4]:DecodeUtteranceLatticeFaster():decoder-wrappers.cc:286) Log-like per frame for utterance AMI_IS1006c_H01_MIO040_0070047_0070244 is -0.337483 over 195 frames.
AMI_IS1006c_H01_MIO040_0070244_0070423 WELL WHAT IS THIS 
LOG (latgen-faster-mapped[5.2.134~1-ecd4]:DecodeUtteranceLatticeFaster():decoder-wrappers.cc:286) Log-like per frame for utterance AMI_IS1006c_H01_MIO040_0070244_0070423 is -0.282258 over 177 frames.
AMI_IS1006c_H01_MIO040_0070423_0070961 BUT INSTEAD OF THIS I WOULD DEVICE THAT'S OUR COURSES 
LOG (latgen-faster-mapped[5.2.134~1-ecd4]:DecodeUtteranceLatticeFaster():decoder-wrappers.cc:286) Log-like per frame for utterance AMI_IS1006c_H01_MIO040_0070423_0070961 is -0.308717 over 536 frames.
AMI_IS1006c_H01_MIO040_0071125_0071728 AND IS GOOD JUST FEW BUTTONS QUITE TO ALL LOOKING AND ALL THIS STUFF WE ALREADY 
LOG (latgen-faster-mapped[5.2.134~1-ecd4]:DecodeUtteranceLatticeFaster():decoder-wrappers.cc:286) Log-like per frame for utterance AMI_IS1006c_H01_MIO040_0071125_0071728 is -0.458583 over 601 frames.
AMI_IS1006c_H01_MIO040_0071948_0072218 WE ALREADY DISCUSSED 
LOG (latgen-faster-mapped[5.2.134~1-ecd4]:DecodeUtteranceLatticeFaster():decoder-wrappers.cc:286) Log-like per frame for utterance AMI_IS1006c_H01_MIO040_0071948_0072218 is -0.25025 over 268 frames.
AMI_IS1006c_H01_MIO040_0072218_0072406 AND UH WHAT WILL PEOPLE SAY 
LOG (latgen-faster-mapped[5.2.134~1-ecd4]:DecodeUtteranceLatticeFaster():decoder-wrappers.cc:286) Log-like per frame for utterance AMI_IS1006c_H01_MIO040_0072218_0072406 is -0.389523 over 186 frames.
AMI_IS1006c_H01_MIO040_0072575_0072821 THEY'LL SAY IT'S PERFECT 
LOG (latgen-faster-mapped[5.2.134~1-ecd4]:DecodeUtteranceLatticeFaster():decoder-wrappers.cc:286) Log-like per frame for utterance AMI_IS1006c_H01_MIO040_0072575_0072821 is -0.367122 over 244 frames.
AMI_IS1006c_H01_MIO040_0072821_0073055 OR WHAT WILL SAY 
LOG (latgen-faster-mapped[5.2.134~1-ecd4]:DecodeUtteranceLatticeFaster():decoder-wrappers.cc:286) Log-like per frame for utterance AMI_IS1006c_H01_MIO040_0072821_0073055 is -0.277094 over 232 frames.
AMI_IS1006c_H01_MIO040_0073055_0073275 ALTHOUGH I WILL SAY IT'S LANDED 
LOG (latgen-faster-mapped[5.2.134~1-ecd4]:DecodeUtteranceLatticeFaster():decoder-wrappers.cc:286) Log-like per frame for utterance AMI_IS1006c_H01_MIO040_0073055_0073275 is -0.500583 over 218 frames.
AMI_IS1006c_H01_MIO040_0073275_0073729 UM SO ARE ARE AROUND SO OUT BY IT 
LOG (latgen-faster-mapped[5.2.134~1-ecd4]:DecodeUtteranceLatticeFaster():decoder-wrappers.cc:286) Log-like per frame for utterance AMI_IS1006c_H01_MIO040_0073275_0073729 is -0.333695 over 452 frames.
AMI_IS1006c_H01_MIO040_0073729_0073995 AND EVERYONE'S GONNA BE A SATISFIED 
LOG (latgen-faster-mapped[5.2.134~1-ecd4]:DecodeUtteranceLatticeFaster():decoder-wrappers.cc:286) Log-like per frame for utterance AMI_IS1006c_H01_MIO040_0073729_0073995 is -0.446072 over 264 frames.
AMI_IS1006c_H01_MIO040_0074594_0075224 I WOULD MAKE OUR BACKLIGHT OF THE L. C. D. SCREEN WAS DIFFERENT COLOURS 
LOG (latgen-faster-mapped[5.2.134~1-ecd4]:DecodeUtteranceLatticeFaster():decoder-wrappers.cc:286) Log-like per frame for utterance AMI_IS1006c_H01_MIO040_0074594_0075224 is -0.410853 over 628 frames.
AMI_IS1006c_H01_MIO040_0075329_0075431 NOT THE CASE 
LOG (latgen-faster-mapped[5.2.134~1-ecd4]:DecodeUtteranceLatticeFaster():decoder-wrappers.cc:286) Log-like per frame for utterance AMI_IS1006c_H01_MIO040_0075329_0075431 is -0.498663 over 100 frames.
AMI_IS1006c_H01_MIO040_0075904_0075949 YEAH 
LOG (latgen-faster-mapped[5.2.134~1-ecd4]:DecodeUtteranceLatticeFaster():decoder-wrappers.cc:286) Log-like per frame for utterance AMI_IS1006c_H01_MIO040_0075904_0075949 is -0.305866 over 43 frames.
AMI_IS1006c_H01_MIO040_0076839_0077305 OKAY SO LET'S REMEMBER THERE'S THE KNOCKING FOR WHICH CHANGEABLE PANELS 
LOG (latgen-faster-mapped[5.2.134~1-ecd4]:DecodeUtteranceLatticeFaster():decoder-wrappers.cc:286) Log-like per frame for utterance AMI_IS1006c_H01_MIO040_0076839_0077305 is -0.410635 over 464 frames.
AMI_IS1006c_H01_MIO040_0077441_0077516 DO LIKE A 
LOG (latgen-faster-mapped[5.2.134~1-ecd4]:DecodeUtteranceLatticeFaster():decoder-wrappers.cc:286) Log-like per frame for utterance AMI_IS1006c_H01_MIO040_0077441_0077516 is -0.643018 over 73 frames.
AMI_IS1006c_H01_MIO040_0078126_0078325 THAT'S WHY YOU DON'T HAVE IT 
LOG (latgen-faster-mapped[5.2.134~1-ecd4]:DecodeUtteranceLatticeFaster():decoder-wrappers.cc:286) Log-like per frame for utterance AMI_IS1006c_H01_MIO040_0078126_0078325 is -0.336823 over 197 frames.
AMI_IS1006c_H01_MIO040_0078325_0078751 THAT'S FIVE 'CAUSE IT'S NICE TO 
LOG (latgen-faster-mapped[5.2.134~1-ecd4]:DecodeUtteranceLatticeFaster():decoder-wrappers.cc:286) Log-like per frame for utterance AMI_IS1006c_H01_MIO040_0078325_0078751 is -0.237762 over 424 frames.
AMI_IS1006c_H01_MIO040_0079183_0079213 NO 
LOG (latgen-faster-mapped[5.2.134~1-ecd4]:DecodeUtteranceLatticeFaster():decoder-wrappers.cc:286) Log-like per frame for utterance AMI_IS1006c_H01_MIO040_0079183_0079213 is -0.328393 over 28 frames.
AMI_IS1006c_H01_MIO040_0081146_0081261 HMM 
LOG (latgen-faster-mapped[5.2.134~1-ecd4]:DecodeUtteranceLatticeFaster():decoder-wrappers.cc:286) Log-like per frame for utterance AMI_IS1006c_H01_MIO040_0081146_0081261 is -0.527572 over 113 frames.
AMI_IS1006c_H01_MIO040_0082020_0082063 MM-HMM 
LOG (latgen-faster-mapped[5.2.134~1-ecd4]:DecodeUtteranceLatticeFaster():decoder-wrappers.cc:286) Log-like per frame for utterance AMI_IS1006c_H01_MIO040_0082020_0082063 is -0.220043 over 41 frames.
AMI_IS1006c_H01_MIO040_0082488_0082503 YEAH 
LOG (latgen-faster-mapped[5.2.134~1-ecd4]:DecodeUtteranceLatticeFaster():decoder-wrappers.cc:286) Log-like per frame for utterance AMI_IS1006c_H01_MIO040_0082488_0082503 is -0.674276 over 13 frames.
AMI_IS1006c_H01_MIO040_0084127_0084489 OKAY WHAT THOSE ONE WHAT THE SENSOR OR ONE OR SOME NOTION FACT 
LOG (latgen-faster-mapped[5.2.134~1-ecd4]:DecodeUtteranceLatticeFaster():decoder-wrappers.cc:286) Log-like per frame for utterance AMI_IS1006c_H01_MIO040_0084127_0084489 is -0.522926 over 360 frames.
AMI_IS1006c_H01_MIO040_0084489_0085597 UM 'CAUSE UH SOME SOME PAINTS THAT CAN CHANGE COLOUR ACCORDING TO WHERE THEY ARE LIKE THEY CAN REFLECT DIFFERENT COLOURS 
LOG (latgen-faster-mapped[5.2.134~1-ecd4]:DecodeUtteranceLatticeFaster():decoder-wrappers.cc:286) Log-like per frame for utterance AMI_IS1006c_H01_MIO040_0084489_0085597 is -0.343346 over 1106 frames.
AMI_IS1006c_H01_MIO040_0085754_0086299 DEPENDING ON WHAT IS AROUND LIKE COURT COLOURS AROUND AND DEPENDING ON THE TEMPERATURE YEAH 
LOG (latgen-faster-mapped[5.2.134~1-ecd4]:DecodeUtteranceLatticeFaster():decoder-wrappers.cc:286) Log-like per frame for utterance AMI_IS1006c_H01_MIO040_0085754_0086299 is -0.423582 over 543 frames.
AMI_IS1006c_H01_MIO040_0086407_0086591 <unk> FACT 
LOG (latgen-faster-mapped[5.2.134~1-ecd4]:DecodeUtteranceLatticeFaster():decoder-wrappers.cc:286) Log-like per frame for utterance AMI_IS1006c_H01_MIO040_0086407_0086591 is -0.411211 over 182 frames.
AMI_IS1006c_H01_MIO040_0086591_0086832 IF YOU IF YOU <unk> OKAY 
LOG (latgen-faster-mapped[5.2.134~1-ecd4]:DecodeUtteranceLatticeFaster():decoder-wrappers.cc:286) Log-like per frame for utterance AMI_IS1006c_H01_MIO040_0086591_0086832 is -0.371899 over 239 frames.
AMI_IS1006c_H01_MIO040_0087264_0087479 MM-HMM MM-HMM SO 
LOG (latgen-faster-mapped[5.2.134~1-ecd4]:DecodeUtteranceLatticeFaster():decoder-wrappers.cc:286) Log-like per frame for utterance AMI_IS1006c_H01_MIO040_0087264_0087479 is -0.260462 over 213 frames.
AMI_IS1006c_H01_MIO040_0089856_0089899 UH-HUH 
LOG (latgen-faster-mapped[5.2.134~1-ecd4]:DecodeUtteranceLatticeFaster():decoder-wrappers.cc:286) Log-like per frame for utterance AMI_IS1006c_H01_MIO040_0089856_0089899 is -0.336032 over 41 frames.
AMI_TS3006d_H02_MTD022ID_0176463_0176594 AND THEN YOU CAN COUNT THEM TOGETHER 
LOG (latgen-faster-mapped[5.2.134~1-ecd4]:DecodeUtteranceLatticeFaster():decoder-wrappers.cc:286) Log-like per frame for utterance AMI_TS3006d_H02_MTD022ID_0176463_0176594 is -0.51492 over 129 frames.
AMI_TS3006d_H02_MTD022ID_0177895_0178014 YEAH OF UM 
LOG (latgen-faster-mapped[5.2.134~1-ecd4]:DecodeUtteranceLatticeFaster():decoder-wrappers.cc:286) Log-like per frame for utterance AMI_TS3006d_H02_MTD022ID_0177895_0178014 is -0.37221 over 117 frames.
AMI_TS3006d_H02_MTD022ID_0178014_0178083 FIFTEEN 
LOG (latgen-faster-mapped[5.2.134~1-ecd4]:DecodeUtteranceLatticeFaster():decoder-wrappers.cc:286) Log-like per frame for utterance AMI_TS3006d_H02_MTD022ID_0178014_0178083 is -0.459009 over 67 frames.
LOG (latgen-faster-mapped[5.2.134~1-ecd4]:main():latgen-faster-mapped.cc:164) Time taken 101.106s: real-time factor assuming 100 frames/sec is 1.13871
LOG (latgen-faster-mapped[5.2.134~1-ecd4]:main():latgen-faster-mapped.cc:167) Done 33 utterances, failed for 0
LOG (latgen-faster-mapped[5.2.134~1-ecd4]:main():latgen-faster-mapped.cc:169) Overall log-likelihood per frame is -0.375843 over 8879 frames.
