latgen-faster-mapped --max-active=7000 --beam=15 --lattice-beam=7 --acoustic-scale=0.1 --allow-partial=true --word-symbol-table=/data/sls/scratch/haotang/ami//exp/ihm/tri3-logmel-hires/graph_ami_fsh.o3g.kn.pr1-7/words.txt /data/sls/scratch/haotang/ami//exp/ihm/tri3-logmel-hires_ali/final.mdl /data/sls/scratch/haotang/ami//exp/ihm/tri3-logmel-hires/graph_ami_fsh.o3g.kn.pr1-7/HCLG.fst ark:- 'ark:|gzip -c > /data/sls/r/u/atitus5/meng/am/logs/ami-0.1/train_ihm/baseline/frame-tdnn-450x7-step0.05/decode_ihm/lat.26.gz' 
AMI_TS3009c_H02_MTD034ID_0116513_0116538 ALRIGHT 
LOG (latgen-faster-mapped[5.2.134~1-ecd4]:DecodeUtteranceLatticeFaster():decoder-wrappers.cc:286) Log-like per frame for utterance AMI_TS3009c_H02_MTD034ID_0116513_0116538 is -0.423381 over 23 frames.
AMI_TS3009c_H02_MTD034ID_0118764_0118900 WELL YEAH YEAH YEAH 
LOG (latgen-faster-mapped[5.2.134~1-ecd4]:DecodeUtteranceLatticeFaster():decoder-wrappers.cc:286) Log-like per frame for utterance AMI_TS3009c_H02_MTD034ID_0118764_0118900 is -0.385112 over 134 frames.
AMI_TS3009c_H02_MTD034ID_0119273_0119346 I CAN LIVE WITH IT 
LOG (latgen-faster-mapped[5.2.134~1-ecd4]:DecodeUtteranceLatticeFaster():decoder-wrappers.cc:286) Log-like per frame for utterance AMI_TS3009c_H02_MTD034ID_0119273_0119346 is -0.643187 over 71 frames.
AMI_TS3009c_H02_MTD034ID_0120807_0120991 THEY DO THEY DON'T LOOK FRUITY ENOUGH 
LOG (latgen-faster-mapped[5.2.134~1-ecd4]:DecodeUtteranceLatticeFaster():decoder-wrappers.cc:286) Log-like per frame for utterance AMI_TS3009c_H02_MTD034ID_0120807_0120991 is -0.518482 over 182 frames.
AMI_TS3009c_H02_MTD034ID_0121886_0121982 NO YEAH THOSE 
LOG (latgen-faster-mapped[5.2.134~1-ecd4]:DecodeUtteranceLatticeFaster():decoder-wrappers.cc:286) Log-like per frame for utterance AMI_TS3009c_H02_MTD034ID_0121886_0121982 is -0.558922 over 94 frames.
AMI_TS3009c_H02_MTD034ID_0122228_0122390 BUT IT DOESN'T IT 
LOG (latgen-faster-mapped[5.2.134~1-ecd4]:DecodeUtteranceLatticeFaster():decoder-wrappers.cc:286) Log-like per frame for utterance AMI_TS3009c_H02_MTD034ID_0122228_0122390 is -0.447851 over 160 frames.
AMI_TS3009c_H02_MTD034ID_0122686_0122763 YEAH I YEAH 
LOG (latgen-faster-mapped[5.2.134~1-ecd4]:DecodeUtteranceLatticeFaster():decoder-wrappers.cc:286) Log-like per frame for utterance AMI_TS3009c_H02_MTD034ID_0122686_0122763 is -0.489864 over 75 frames.
AMI_TS3009c_H02_MTD034ID_0123140_0123521 BUT IT IT MIGHT LOOK TOO CHILDISH OF COURSE I 
LOG (latgen-faster-mapped[5.2.134~1-ecd4]:DecodeUtteranceLatticeFaster():decoder-wrappers.cc:286) Log-like per frame for utterance AMI_TS3009c_H02_MTD034ID_0123140_0123521 is -0.409271 over 379 frames.
AMI_TS3009c_H02_MTD034ID_0124797_0124910 BUT IT'S YEAH OR 
LOG (latgen-faster-mapped[5.2.134~1-ecd4]:DecodeUtteranceLatticeFaster():decoder-wrappers.cc:286) Log-like per frame for utterance AMI_TS3009c_H02_MTD034ID_0124797_0124910 is -0.441452 over 111 frames.
AMI_TS3009c_H02_MTD034ID_0126263_0126430 NOT NOT TOO STRANGE 
LOG (latgen-faster-mapped[5.2.134~1-ecd4]:DecodeUtteranceLatticeFaster():decoder-wrappers.cc:286) Log-like per frame for utterance AMI_TS3009c_H02_MTD034ID_0126263_0126430 is -0.269564 over 165 frames.
AMI_TS3009c_H02_MTD034ID_0126430_0126508 NOW 
LOG (latgen-faster-mapped[5.2.134~1-ecd4]:DecodeUtteranceLatticeFaster():decoder-wrappers.cc:286) Log-like per frame for utterance AMI_TS3009c_H02_MTD034ID_0126430_0126508 is -0.440031 over 76 frames.
AMI_TS3009c_H02_MTD034ID_0129442_0129597 X. ALL TAKE YEAH 
LOG (latgen-faster-mapped[5.2.134~1-ecd4]:DecodeUtteranceLatticeFaster():decoder-wrappers.cc:286) Log-like per frame for utterance AMI_TS3009c_H02_MTD034ID_0129442_0129597 is -0.422794 over 153 frames.
AMI_TS3009c_H02_MTD034ID_0129597_0129727 WE HAVE TO YEAH YEAH 
LOG (latgen-faster-mapped[5.2.134~1-ecd4]:DecodeUtteranceLatticeFaster():decoder-wrappers.cc:286) Log-like per frame for utterance AMI_TS3009c_H02_MTD034ID_0129597_0129727 is -0.374845 over 128 frames.
AMI_TS3009c_H02_MTD034ID_0129727_0129911 OUR DESIGN IT WE DESIGN IT LATER 
LOG (latgen-faster-mapped[5.2.134~1-ecd4]:DecodeUtteranceLatticeFaster():decoder-wrappers.cc:286) Log-like per frame for utterance AMI_TS3009c_H02_MTD034ID_0129727_0129911 is -0.493792 over 182 frames.
AMI_TS3009c_H02_MTD034ID_0129911_0130101 SO WE'LL GET TO THAT LATER I GUESS 
LOG (latgen-faster-mapped[5.2.134~1-ecd4]:DecodeUtteranceLatticeFaster():decoder-wrappers.cc:286) Log-like per frame for utterance AMI_TS3009c_H02_MTD034ID_0129911_0130101 is -0.364107 over 188 frames.
AMI_TS3009c_H02_MTD034ID_0130392_0130499 THERE'S SPECIFIC SHAPE 
LOG (latgen-faster-mapped[5.2.134~1-ecd4]:DecodeUtteranceLatticeFaster():decoder-wrappers.cc:286) Log-like per frame for utterance AMI_TS3009c_H02_MTD034ID_0130392_0130499 is -0.5405 over 105 frames.
AMI_TS3009c_H02_MTD034ID_0130499_0130579 YEAH 
LOG (latgen-faster-mapped[5.2.134~1-ecd4]:DecodeUtteranceLatticeFaster():decoder-wrappers.cc:286) Log-like per frame for utterance AMI_TS3009c_H02_MTD034ID_0130499_0130579 is -0.362459 over 78 frames.
AMI_TS3009c_H02_MTD034ID_0131408_0131632 OUR SOURCES 
LOG (latgen-faster-mapped[5.2.134~1-ecd4]:DecodeUtteranceLatticeFaster():decoder-wrappers.cc:286) Log-like per frame for utterance AMI_TS3009c_H02_MTD034ID_0131408_0131632 is -0.256859 over 222 frames.
AMI_TS3009c_H02_MTD034ID_0135285_0135415 BUT ARE WE SHOULD DECIDE NOW 
LOG (latgen-faster-mapped[5.2.134~1-ecd4]:DecodeUtteranceLatticeFaster():decoder-wrappers.cc:286) Log-like per frame for utterance AMI_TS3009c_H02_MTD034ID_0135285_0135415 is -0.455354 over 128 frames.
AMI_TS3009c_H02_MTD034ID_0136349_0136568 SO WE HAVE TO UH PUT IT IN ONE AND DOCUMENT 
LOG (latgen-faster-mapped[5.2.134~1-ecd4]:DecodeUtteranceLatticeFaster():decoder-wrappers.cc:286) Log-like per frame for utterance AMI_TS3009c_H02_MTD034ID_0136349_0136568 is -0.511556 over 217 frames.
AMI_TS3009c_H02_MTD034ID_0136959_0137698 COPY PASTE UH THIS STORY INTO A INTO WORD DOCUMENT AN UH PUT THE ALSO SOFTER THE SUBJECTS 
LOG (latgen-faster-mapped[5.2.134~1-ecd4]:DecodeUtteranceLatticeFaster():decoder-wrappers.cc:286) Log-like per frame for utterance AMI_TS3009c_H02_MTD034ID_0136959_0137698 is -0.402923 over 737 frames.
AMI_TS3009c_H02_MTD034ID_0137698_0137723 YEAH 
LOG (latgen-faster-mapped[5.2.134~1-ecd4]:DecodeUtteranceLatticeFaster():decoder-wrappers.cc:286) Log-like per frame for utterance AMI_TS3009c_H02_MTD034ID_0137698_0137723 is -0.236477 over 23 frames.
AMI_TS3009c_H02_MTD034ID_0138238_0138388 WELL WE HAVE TO DECIDE WORKING 
LOG (latgen-faster-mapped[5.2.134~1-ecd4]:DecodeUtteranceLatticeFaster():decoder-wrappers.cc:286) Log-like per frame for utterance AMI_TS3009c_H02_MTD034ID_0138238_0138388 is -0.533831 over 148 frames.
AMI_TS3009c_H02_MTD034ID_0138992_0139204 WE CAN UH OVER RIGHT ON 
LOG (latgen-faster-mapped[5.2.134~1-ecd4]:DecodeUtteranceLatticeFaster():decoder-wrappers.cc:286) Log-like per frame for utterance AMI_TS3009c_H02_MTD034ID_0138992_0139204 is -0.38718 over 210 frames.
AMI_TS3009c_H02_MTD034ID_0139570_0139655 WELL I CASE 
LOG (latgen-faster-mapped[5.2.134~1-ecd4]:DecodeUtteranceLatticeFaster():decoder-wrappers.cc:286) Log-like per frame for utterance AMI_TS3009c_H02_MTD034ID_0139570_0139655 is -0.460343 over 83 frames.
AMI_TS3009c_H02_MTD034ID_0139655_0139744 YEAH THAT'S ME 
LOG (latgen-faster-mapped[5.2.134~1-ecd4]:DecodeUtteranceLatticeFaster():decoder-wrappers.cc:286) Log-like per frame for utterance AMI_TS3009c_H02_MTD034ID_0139655_0139744 is -0.512102 over 87 frames.
AMI_TS3009c_H02_MTD034ID_0139744_0140094 UH I SUGGEST WELL WHAT DO I SUGGEST ACTUALLY WORK 
LOG (latgen-faster-mapped[5.2.134~1-ecd4]:DecodeUtteranceLatticeFaster():decoder-wrappers.cc:286) Log-like per frame for utterance AMI_TS3009c_H02_MTD034ID_0139744_0140094 is -0.467466 over 348 frames.
AMI_TS3009c_H02_MTD034ID_0140240_0140590 NATIONAL SAW THAT UH YEAH 
LOG (latgen-faster-mapped[5.2.134~1-ecd4]:DecodeUtteranceLatticeFaster():decoder-wrappers.cc:286) Log-like per frame for utterance AMI_TS3009c_H02_MTD034ID_0140240_0140590 is -0.267419 over 348 frames.
AMI_TS3009c_H02_MTD034ID_0140590_0140612 YEAH 
LOG (latgen-faster-mapped[5.2.134~1-ecd4]:DecodeUtteranceLatticeFaster():decoder-wrappers.cc:286) Log-like per frame for utterance AMI_TS3009c_H02_MTD034ID_0140590_0140612 is -0.264481 over 20 frames.
AMI_TS3009c_H02_MTD034ID_0141864_0142091 YEAH I UNDERSTAND UH 
LOG (latgen-faster-mapped[5.2.134~1-ecd4]:DecodeUtteranceLatticeFaster():decoder-wrappers.cc:286) Log-like per frame for utterance AMI_TS3009c_H02_MTD034ID_0141864_0142091 is -0.326194 over 225 frames.
AMI_TS3009c_H02_MTD034ID_0142091_0142198 YEAH 
LOG (latgen-faster-mapped[5.2.134~1-ecd4]:DecodeUtteranceLatticeFaster():decoder-wrappers.cc:286) Log-like per frame for utterance AMI_TS3009c_H02_MTD034ID_0142091_0142198 is -0.11037 over 105 frames.
AMI_TS3009c_H02_MTD034ID_0142198_0142365 SO WE HAVE TITANIUM 
LOG (latgen-faster-mapped[5.2.134~1-ecd4]:DecodeUtteranceLatticeFaster():decoder-wrappers.cc:286) Log-like per frame for utterance AMI_TS3009c_H02_MTD034ID_0142198_0142365 is -0.386546 over 165 frames.
AMI_TS3009c_H02_MTD034ID_0142455_0143389 HAVE THE NON REMOVABLE ELEMENTS OF THE OF THE REMOTE SO NOT THE FRONT COULD BE TITANIUM TO GIVE THAT A STRONG LOOK 
LOG (latgen-faster-mapped[5.2.134~1-ecd4]:DecodeUtteranceLatticeFaster():decoder-wrappers.cc:286) Log-like per frame for utterance AMI_TS3009c_H02_MTD034ID_0142455_0143389 is -0.337481 over 932 frames.
LOG (latgen-faster-mapped[5.2.134~1-ecd4]:main():latgen-faster-mapped.cc:164) Time taken 62.7326s: real-time factor assuming 100 frames/sec is 0.99544
LOG (latgen-faster-mapped[5.2.134~1-ecd4]:main():latgen-faster-mapped.cc:167) Done 33 utterances, failed for 0
LOG (latgen-faster-mapped[5.2.134~1-ecd4]:main():latgen-faster-mapped.cc:169) Overall log-likelihood per frame is -0.396139 over 6302 frames.
