latgen-faster-mapped --max-active=7000 --beam=15 --lattice-beam=7 --acoustic-scale=0.1 --allow-partial=true --word-symbol-table=/data/sls/scratch/haotang/ami//exp/ihm/tri3-logmel-hires/graph_ami_fsh.o3g.kn.pr1-7/words.txt /data/sls/scratch/haotang/ami//exp/ihm/tri3-logmel-hires_ali/final.mdl /data/sls/scratch/haotang/ami//exp/ihm/tri3-logmel-hires/graph_ami_fsh.o3g.kn.pr1-7/HCLG.fst ark:- 'ark:|gzip -c > /data/sls/r/u/atitus5/meng/am/logs/ami-0.1/train_ihm/baseline/frame-tdnn-450x7-step0.05/decode_ihm/lat.24.gz' 
AMI_TS3006d_H02_MTD022ID_0212369_0212476 YEAH YEAH 
LOG (latgen-faster-mapped[5.2.134~1-ecd4]:DecodeUtteranceLatticeFaster():decoder-wrappers.cc:286) Log-like per frame for utterance AMI_TS3006d_H02_MTD022ID_0212369_0212476 is -0.157069 over 105 frames.
AMI_TS3006d_H02_MTD022ID_0212877_0213073 OH NO MY REMOTE HAS ACNE 
LOG (latgen-faster-mapped[5.2.134~1-ecd4]:DecodeUtteranceLatticeFaster():decoder-wrappers.cc:286) Log-like per frame for utterance AMI_TS3006d_H02_MTD022ID_0212877_0213073 is -0.518423 over 194 frames.
AMI_TS3006d_H02_MTD022ID_0213271_0213483 NO NO 
LOG (latgen-faster-mapped[5.2.134~1-ecd4]:DecodeUtteranceLatticeFaster():decoder-wrappers.cc:286) Log-like per frame for utterance AMI_TS3006d_H02_MTD022ID_0213271_0213483 is -0.25716 over 210 frames.
AMI_TS3006d_H02_MTD022ID_0213483_0213626 THAT'S WHY WE HAVE THAT BUTTON 
LOG (latgen-faster-mapped[5.2.134~1-ecd4]:DecodeUtteranceLatticeFaster():decoder-wrappers.cc:286) Log-like per frame for utterance AMI_TS3006d_H02_MTD022ID_0213483_0213626 is -0.548876 over 141 frames.
AMI_TS3006d_H02_MTD022ID_0214636_0214777 IT'S SO CUTE 
LOG (latgen-faster-mapped[5.2.134~1-ecd4]:DecodeUtteranceLatticeFaster():decoder-wrappers.cc:286) Log-like per frame for utterance AMI_TS3006d_H02_MTD022ID_0214636_0214777 is -0.407081 over 139 frames.
AMI_TS3006d_H02_MTD022ID_0215071_0215091 YEAH 
LOG (latgen-faster-mapped[5.2.134~1-ecd4]:DecodeUtteranceLatticeFaster():decoder-wrappers.cc:286) Log-like per frame for utterance AMI_TS3006d_H02_MTD022ID_0215071_0215091 is -0.518706 over 18 frames.
AMI_TS3006d_H02_MTD022ID_0216427_0216519 IS THAT THAT 
LOG (latgen-faster-mapped[5.2.134~1-ecd4]:DecodeUtteranceLatticeFaster():decoder-wrappers.cc:286) Log-like per frame for utterance AMI_TS3006d_H02_MTD022ID_0216427_0216519 is -0.399202 over 90 frames.
AMI_TS3006d_H02_MTD022ID_0216994_0217244 OH THERE WE DO WE DO THAT 
LOG (latgen-faster-mapped[5.2.134~1-ecd4]:DecodeUtteranceLatticeFaster():decoder-wrappers.cc:286) Log-like per frame for utterance AMI_TS3006d_H02_MTD022ID_0216994_0217244 is -0.375399 over 248 frames.
AMI_TS3006d_H02_MTD022ID_0218026_0218123 WE CAN TRY 
LOG (latgen-faster-mapped[5.2.134~1-ecd4]:DecodeUtteranceLatticeFaster():decoder-wrappers.cc:286) Log-like per frame for utterance AMI_TS3006d_H02_MTD022ID_0218026_0218123 is -0.437393 over 95 frames.
AMI_TS3006d_H02_MTD022ID_0218301_0218588 IT DOESN'T RESPOND ALSO TO LEARN TO 
LOG (latgen-faster-mapped[5.2.134~1-ecd4]:DecodeUtteranceLatticeFaster():decoder-wrappers.cc:286) Log-like per frame for utterance AMI_TS3006d_H02_MTD022ID_0218301_0218588 is -0.350938 over 285 frames.
AMI_TS3006d_H02_MTD022ID_0218588_0218714 IT LOOKS LIKE IT 
LOG (latgen-faster-mapped[5.2.134~1-ecd4]:DecodeUtteranceLatticeFaster():decoder-wrappers.cc:286) Log-like per frame for utterance AMI_TS3006d_H02_MTD022ID_0218588_0218714 is -0.408538 over 124 frames.
AMI_TS3006d_H02_MTD022ID_0218939_0219065 NO OKAY 
LOG (latgen-faster-mapped[5.2.134~1-ecd4]:DecodeUtteranceLatticeFaster():decoder-wrappers.cc:286) Log-like per frame for utterance AMI_TS3006d_H02_MTD022ID_0218939_0219065 is -0.368465 over 124 frames.
AMI_TS3006d_H02_MTD022ID_0219198_0219378 WHERE DO YOU WANT SOME MORE DOTS 
LOG (latgen-faster-mapped[5.2.134~1-ecd4]:DecodeUtteranceLatticeFaster():decoder-wrappers.cc:286) Log-like per frame for utterance AMI_TS3006d_H02_MTD022ID_0219198_0219378 is -0.420635 over 178 frames.
AMI_TS3006d_H02_MTD022ID_0221901_0222179 OKAY IT'S NOT THE PRETTIEST AND UH 
LOG (latgen-faster-mapped[5.2.134~1-ecd4]:DecodeUtteranceLatticeFaster():decoder-wrappers.cc:286) Log-like per frame for utterance AMI_TS3006d_H02_MTD022ID_0221901_0222179 is -0.538293 over 276 frames.
AMI_TS3006d_H02_MTD022ID_0222296_0222448 IT'S NOT SO RANDOM 
LOG (latgen-faster-mapped[5.2.134~1-ecd4]:DecodeUtteranceLatticeFaster():decoder-wrappers.cc:286) Log-like per frame for utterance AMI_TS3006d_H02_MTD022ID_0222296_0222448 is -0.494402 over 150 frames.
AMI_TS3006d_H02_MTD022ID_0223185_0223257 YEAH OKAY 
LOG (latgen-faster-mapped[5.2.134~1-ecd4]:DecodeUtteranceLatticeFaster():decoder-wrappers.cc:286) Log-like per frame for utterance AMI_TS3006d_H02_MTD022ID_0223185_0223257 is -0.443551 over 70 frames.
AMI_TS3006d_H02_MTD022ID_0224619_0224803 WE CAN MAKE A <unk> A LOGO 
LOG (latgen-faster-mapped[5.2.134~1-ecd4]:DecodeUtteranceLatticeFaster():decoder-wrappers.cc:286) Log-like per frame for utterance AMI_TS3006d_H02_MTD022ID_0224619_0224803 is -0.444217 over 182 frames.
AMI_TS3006d_H02_MTD022ID_0225016_0225416 LIKE UH YEAH AND PUT IT LIKE THIS 
LOG (latgen-faster-mapped[5.2.134~1-ecd4]:DecodeUtteranceLatticeFaster():decoder-wrappers.cc:286) Log-like per frame for utterance AMI_TS3006d_H02_MTD022ID_0225016_0225416 is -0.325065 over 398 frames.
AMI_TS3006d_H02_MTD022ID_0225917_0225998 SOMETHING LIKE YEAH 
LOG (latgen-faster-mapped[5.2.134~1-ecd4]:DecodeUtteranceLatticeFaster():decoder-wrappers.cc:286) Log-like per frame for utterance AMI_TS3006d_H02_MTD022ID_0225917_0225998 is -0.524341 over 79 frames.
AMI_TS3006d_H02_MTD022ID_0225998_0226151 I MEAN IT'S NOT TOO UH 
LOG (latgen-faster-mapped[5.2.134~1-ecd4]:DecodeUtteranceLatticeFaster():decoder-wrappers.cc:286) Log-like per frame for utterance AMI_TS3006d_H02_MTD022ID_0225998_0226151 is -0.372507 over 151 frames.
AMI_TS3006d_H02_MTD022ID_0226621_0226767 THAT'S NOT THE LOGO IS IT 
LOG (latgen-faster-mapped[5.2.134~1-ecd4]:DecodeUtteranceLatticeFaster():decoder-wrappers.cc:286) Log-like per frame for utterance AMI_TS3006d_H02_MTD022ID_0226621_0226767 is -0.471011 over 144 frames.
AMI_TS3006d_H02_MTD022ID_0227319_0227394 YEAH 
LOG (latgen-faster-mapped[5.2.134~1-ecd4]:DecodeUtteranceLatticeFaster():decoder-wrappers.cc:286) Log-like per frame for utterance AMI_TS3006d_H02_MTD022ID_0227319_0227394 is -0.168217 over 73 frames.
AMI_TS3006d_H02_MTD022ID_0227394_0227434 IT 
LOG (latgen-faster-mapped[5.2.134~1-ecd4]:DecodeUtteranceLatticeFaster():decoder-wrappers.cc:286) Log-like per frame for utterance AMI_TS3006d_H02_MTD022ID_0227394_0227434 is -0.459396 over 38 frames.
AMI_TS3006d_H02_MTD022ID_0228283_0228625 OH IT SO WE DO THE LOGO I'M BLACK OR NOT 
LOG (latgen-faster-mapped[5.2.134~1-ecd4]:DecodeUtteranceLatticeFaster():decoder-wrappers.cc:286) Log-like per frame for utterance AMI_TS3006d_H02_MTD022ID_0228283_0228625 is -0.41365 over 340 frames.
AMI_TS3006d_H02_MTD022ID_0229890_0230256 ARE YOU DISSING MY DRAWING 
LOG (latgen-faster-mapped[5.2.134~1-ecd4]:DecodeUtteranceLatticeFaster():decoder-wrappers.cc:286) Log-like per frame for utterance AMI_TS3006d_H02_MTD022ID_0229890_0230256 is -0.232553 over 364 frames.
AMI_TS3006d_H02_MTD022ID_0230256_0230307 THIS ONE 
LOG (latgen-faster-mapped[5.2.134~1-ecd4]:DecodeUtteranceLatticeFaster():decoder-wrappers.cc:286) Log-like per frame for utterance AMI_TS3006d_H02_MTD022ID_0230256_0230307 is -0.504272 over 49 frames.
AMI_TS3006d_H02_MTD022ID_0230528_0230663 IT LOOKS LIKE RIBBON 
LOG (latgen-faster-mapped[5.2.134~1-ecd4]:DecodeUtteranceLatticeFaster():decoder-wrappers.cc:286) Log-like per frame for utterance AMI_TS3006d_H02_MTD022ID_0230528_0230663 is -0.480779 over 133 frames.
AMI_TS3006d_H02_MTD022ID_0231615_0231761 SO ONE SO DRAWER 
LOG (latgen-faster-mapped[5.2.134~1-ecd4]:DecodeUtteranceLatticeFaster():decoder-wrappers.cc:286) Log-like per frame for utterance AMI_TS3006d_H02_MTD022ID_0231615_0231761 is -0.498121 over 144 frames.
AMI_TS3006d_H02_MTD022ID_0231761_0231888 THIS IS ACTUALLY QUITE FUN 
LOG (latgen-faster-mapped[5.2.134~1-ecd4]:DecodeUtteranceLatticeFaster():decoder-wrappers.cc:286) Log-like per frame for utterance AMI_TS3006d_H02_MTD022ID_0231761_0231888 is -0.460891 over 125 frames.
AMI_TS3006d_H02_MTD022ID_0231888_0232011 DO WE NEED TO DO ANYTHING 
LOG (latgen-faster-mapped[5.2.134~1-ecd4]:DecodeUtteranceLatticeFaster():decoder-wrappers.cc:286) Log-like per frame for utterance AMI_TS3006d_H02_MTD022ID_0231888_0232011 is -0.373701 over 121 frames.
AMI_TS3006d_H02_MTD022ID_0232355_0232519 YOU YOU PEOPLE ARE TYPING 
LOG (latgen-faster-mapped[5.2.134~1-ecd4]:DecodeUtteranceLatticeFaster():decoder-wrappers.cc:286) Log-like per frame for utterance AMI_TS3006d_H02_MTD022ID_0232355_0232519 is -0.459209 over 162 frames.
AMI_TS3009c_H02_MTD034ID_0085672_0085787 WELL YEAH AND SAY 
LOG (latgen-faster-mapped[5.2.134~1-ecd4]:DecodeUtteranceLatticeFaster():decoder-wrappers.cc:286) Log-like per frame for utterance AMI_TS3009c_H02_MTD034ID_0085672_0085787 is -0.516468 over 113 frames.
AMI_TS3009c_H02_MTD034ID_0085787_0085810 UP 
LOG (latgen-faster-mapped[5.2.134~1-ecd4]:DecodeUtteranceLatticeFaster():decoder-wrappers.cc:286) Log-like per frame for utterance AMI_TS3009c_H02_MTD034ID_0085787_0085810 is -0.781134 over 21 frames.
LOG (latgen-faster-mapped[5.2.134~1-ecd4]:main():latgen-faster-mapped.cc:164) Time taken 57.7568s: real-time factor assuming 100 frames/sec is 1.13605
LOG (latgen-faster-mapped[5.2.134~1-ecd4]:main():latgen-faster-mapped.cc:167) Done 33 utterances, failed for 0
LOG (latgen-faster-mapped[5.2.134~1-ecd4]:main():latgen-faster-mapped.cc:169) Overall log-likelihood per frame is -0.403834 over 5084 frames.
