latgen-faster-mapped --max-active=7000 --beam=15 --lattice-beam=7 --acoustic-scale=0.1 --allow-partial=true --word-symbol-table=/data/sls/scratch/haotang/ami//exp/ihm/tri3-logmel-hires/graph_ami_fsh.o3g.kn.pr1-7/words.txt /data/sls/scratch/haotang/ami//exp/ihm/tri3-logmel-hires_ali/final.mdl /data/sls/scratch/haotang/ami//exp/ihm/tri3-logmel-hires/graph_ami_fsh.o3g.kn.pr1-7/HCLG.fst ark:- 'ark:|gzip -c > /data/sls/r/u/atitus5/meng/am/logs/ami-0.1/train_ihm/baseline/frame-tdnn-450x7-step0.05/decode_ihm/lat.12.gz' 
AMI_ES2015a_H02_FEE059_0072457_0072574 <unk> 
LOG (latgen-faster-mapped[5.2.134~1-ecd4]:DecodeUtteranceLatticeFaster():decoder-wrappers.cc:286) Log-like per frame for utterance AMI_ES2015a_H02_FEE059_0072457_0072574 is -0.546356 over 115 frames.
AMI_ES2015a_H02_FEE059_0072574_0072958 <unk> OR LIKE <unk> LIKE 
LOG (latgen-faster-mapped[5.2.134~1-ecd4]:DecodeUtteranceLatticeFaster():decoder-wrappers.cc:286) Log-like per frame for utterance AMI_ES2015a_H02_FEE059_0072574_0072958 is -0.445801 over 382 frames.
AMI_ES2015a_H02_FEE059_0072958_0073738 BROAD <unk> MORNING NICE AND ALL THAT DON'T LIKE THAT 
LOG (latgen-faster-mapped[5.2.134~1-ecd4]:DecodeUtteranceLatticeFaster():decoder-wrappers.cc:286) Log-like per frame for utterance AMI_ES2015a_H02_FEE059_0072958_0073738 is -0.388939 over 778 frames.
AMI_ES2015a_H02_FEE059_0096120_0096270 YEAH YEAH 
LOG (latgen-faster-mapped[5.2.134~1-ecd4]:DecodeUtteranceLatticeFaster():decoder-wrappers.cc:286) Log-like per frame for utterance AMI_ES2015a_H02_FEE059_0096120_0096270 is -0.252571 over 148 frames.
AMI_ES2015a_H02_FEE059_0098138_0098323 SHE'S NOT FIND THAT UM 
LOG (latgen-faster-mapped[5.2.134~1-ecd4]:DecodeUtteranceLatticeFaster():decoder-wrappers.cc:286) Log-like per frame for utterance AMI_ES2015a_H02_FEE059_0098138_0098323 is -0.41643 over 183 frames.
AMI_ES2015a_H02_FEE059_0098329_0099008 IT'S LIKE THERE'S A LOT OF UM BUTTONS ON THE REMOTE CONTROL WE NEED TO KNOW ALL HALF IT INTO 
LOG (latgen-faster-mapped[5.2.134~1-ecd4]:DecodeUtteranceLatticeFaster():decoder-wrappers.cc:286) Log-like per frame for utterance AMI_ES2015a_H02_FEE059_0098329_0099008 is -0.382385 over 677 frames.
AMI_ES2015a_H02_FEE059_0099008_0099311 YEAH I DON'T KNOW <unk> 
LOG (latgen-faster-mapped[5.2.134~1-ecd4]:DecodeUtteranceLatticeFaster():decoder-wrappers.cc:286) Log-like per frame for utterance AMI_ES2015a_H02_FEE059_0099008_0099311 is -0.401097 over 301 frames.
AMI_ES2015a_H02_FEE059_0100087_0100217 YEAH 
LOG (latgen-faster-mapped[5.2.134~1-ecd4]:DecodeUtteranceLatticeFaster():decoder-wrappers.cc:286) Log-like per frame for utterance AMI_ES2015a_H02_FEE059_0100087_0100217 is -0.264091 over 128 frames.
AMI_ES2015a_H02_FEE059_0100694_0100758 <unk> YEAH 
LOG (latgen-faster-mapped[5.2.134~1-ecd4]:DecodeUtteranceLatticeFaster():decoder-wrappers.cc:286) Log-like per frame for utterance AMI_ES2015a_H02_FEE059_0100694_0100758 is -0.450235 over 62 frames.
AMI_ES2015a_H02_FEE059_0104499_0104578 YEAH 
LOG (latgen-faster-mapped[5.2.134~1-ecd4]:DecodeUtteranceLatticeFaster():decoder-wrappers.cc:286) Log-like per frame for utterance AMI_ES2015a_H02_FEE059_0104499_0104578 is -0.121106 over 77 frames.
AMI_ES2015a_H02_FEE059_0106066_0106130 YEAH 
LOG (latgen-faster-mapped[5.2.134~1-ecd4]:DecodeUtteranceLatticeFaster():decoder-wrappers.cc:286) Log-like per frame for utterance AMI_ES2015a_H02_FEE059_0106066_0106130 is -0.125981 over 62 frames.
AMI_ES2015a_H03_FEE060_0008483_0008742 ME TO DO THE FUNCTION F. EIGHT 
LOG (latgen-faster-mapped[5.2.134~1-ecd4]:DecodeUtteranceLatticeFaster():decoder-wrappers.cc:286) Log-like per frame for utterance AMI_ES2015a_H03_FEE060_0008483_0008742 is -0.343701 over 257 frames.
AMI_ES2015a_H03_FEE060_0008742_0008935 OH 
LOG (latgen-faster-mapped[5.2.134~1-ecd4]:DecodeUtteranceLatticeFaster():decoder-wrappers.cc:286) Log-like per frame for utterance AMI_ES2015a_H03_FEE060_0008742_0008935 is -0.201908 over 191 frames.
AMI_ES2015a_H03_FEE060_0018573_0018652 I AM GENEVIEVE 
LOG (latgen-faster-mapped[5.2.134~1-ecd4]:DecodeUtteranceLatticeFaster():decoder-wrappers.cc:286) Log-like per frame for utterance AMI_ES2015a_H03_FEE060_0018573_0018652 is -0.686287 over 77 frames.
AMI_ES2015a_H03_FEE060_0018652_0018881 I'M THE MARKETING EXPERT 
LOG (latgen-faster-mapped[5.2.134~1-ecd4]:DecodeUtteranceLatticeFaster():decoder-wrappers.cc:286) Log-like per frame for utterance AMI_ES2015a_H03_FEE060_0018652_0018881 is -0.287721 over 227 frames.
AMI_ES2015a_H03_FEE060_0018881_0019022 AND EXPERT IT MARKETING 
LOG (latgen-faster-mapped[5.2.134~1-ecd4]:DecodeUtteranceLatticeFaster():decoder-wrappers.cc:286) Log-like per frame for utterance AMI_ES2015a_H03_FEE060_0018881_0019022 is -0.506222 over 139 frames.
AMI_ES2015a_H03_FEE060_0019022_0019478 UM I'LL BE TELLING YOU GUYS ABOUT THE USER REQUIREMENT SPECIFICATIONS FOR NEW PRODUCT 
LOG (latgen-faster-mapped[5.2.134~1-ecd4]:DecodeUtteranceLatticeFaster():decoder-wrappers.cc:286) Log-like per frame for utterance AMI_ES2015a_H03_FEE060_0019022_0019478 is -0.422841 over 454 frames.
AMI_ES2015a_H03_FEE060_0019478_0020227 UM I'LL BE DOING SOME TREND WATCHING IN THE CONCEPTUAL DESIGN AND PRODUCT EVALUATION FOR THE DESIGN PHASE 
LOG (latgen-faster-mapped[5.2.134~1-ecd4]:DecodeUtteranceLatticeFaster():decoder-wrappers.cc:286) Log-like per frame for utterance AMI_ES2015a_H03_FEE060_0019478_0020227 is -0.279331 over 747 frames.
AMI_ES2015a_H03_FEE060_0035802_0035857 YEAH 
LOG (latgen-faster-mapped[5.2.134~1-ecd4]:DecodeUtteranceLatticeFaster():decoder-wrappers.cc:286) Log-like per frame for utterance AMI_ES2015a_H03_FEE060_0035802_0035857 is -0.157621 over 53 frames.
AMI_ES2015a_H03_FEE060_0035857_0035948 THANK YOU 
LOG (latgen-faster-mapped[5.2.134~1-ecd4]:DecodeUtteranceLatticeFaster():decoder-wrappers.cc:286) Log-like per frame for utterance AMI_ES2015a_H03_FEE060_0035857_0035948 is -0.199302 over 89 frames.
AMI_ES2015a_H03_FEE060_0047091_0047582 WE HAVE MOOSE TOO 
LOG (latgen-faster-mapped[5.2.134~1-ecd4]:DecodeUtteranceLatticeFaster():decoder-wrappers.cc:286) Log-like per frame for utterance AMI_ES2015a_H03_FEE060_0047091_0047582 is -0.166852 over 489 frames.
AMI_ES2015a_H03_FEE060_0048421_0048894 OH WE HAVE A GOOD ARTIST 
LOG (latgen-faster-mapped[5.2.134~1-ecd4]:DecodeUtteranceLatticeFaster():decoder-wrappers.cc:286) Log-like per frame for utterance AMI_ES2015a_H03_FEE060_0048421_0048894 is -0.236132 over 471 frames.
AMI_ES2015a_H03_FEE060_0049287_0049457 VERY SHAPELY 
LOG (latgen-faster-mapped[5.2.134~1-ecd4]:DecodeUtteranceLatticeFaster():decoder-wrappers.cc:286) Log-like per frame for utterance AMI_ES2015a_H03_FEE060_0049287_0049457 is -0.321945 over 168 frames.
AMI_ES2015a_H03_FEE060_0056506_0056586 WELL 
LOG (latgen-faster-mapped[5.2.134~1-ecd4]:DecodeUtteranceLatticeFaster():decoder-wrappers.cc:286) Log-like per frame for utterance AMI_ES2015a_H03_FEE060_0056506_0056586 is -0.270518 over 78 frames.
AMI_ES2015a_H03_FEE060_0066220_0066287 TARA 
LOG (latgen-faster-mapped[5.2.134~1-ecd4]:DecodeUtteranceLatticeFaster():decoder-wrappers.cc:286) Log-like per frame for utterance AMI_ES2015a_H03_FEE060_0066220_0066287 is -0.393873 over 65 frames.
AMI_ES2015a_H03_FEE060_0066374_0066440 UH TARA 
LOG (latgen-faster-mapped[5.2.134~1-ecd4]:DecodeUtteranceLatticeFaster():decoder-wrappers.cc:286) Log-like per frame for utterance AMI_ES2015a_H03_FEE060_0066374_0066440 is -0.538033 over 64 frames.
AMI_ES2015a_H03_FEE060_0069003_0069298 IT'S A NOKIA 
LOG (latgen-faster-mapped[5.2.134~1-ecd4]:DecodeUtteranceLatticeFaster():decoder-wrappers.cc:286) Log-like per frame for utterance AMI_ES2015a_H03_FEE060_0069003_0069298 is -0.244823 over 293 frames.
AMI_IN1008_H03_MIO018_0152327_0152488 BUT IT'S NOT VERY PRECISE 
LOG (latgen-faster-mapped[5.2.134~1-ecd4]:DecodeUtteranceLatticeFaster():decoder-wrappers.cc:286) Log-like per frame for utterance AMI_IN1008_H03_MIO018_0152327_0152488 is -0.352545 over 159 frames.
AMI_IN1008_H03_MIO018_0152488_0152693 IT'S MORE OF AN INDICATION 
LOG (latgen-faster-mapped[5.2.134~1-ecd4]:DecodeUtteranceLatticeFaster():decoder-wrappers.cc:286) Log-like per frame for utterance AMI_IN1008_H03_MIO018_0152488_0152693 is -0.317582 over 203 frames.
AMI_IN1008_H03_MIO018_0152693_0152856 AND RADIUS IS VERY BAD 
LOG (latgen-faster-mapped[5.2.134~1-ecd4]:DecodeUtteranceLatticeFaster():decoder-wrappers.cc:286) Log-like per frame for utterance AMI_IN1008_H03_MIO018_0152693_0152856 is -0.453145 over 161 frames.
AMI_IN1008_H03_MIO018_0153022_0153248 IF YOU USE A PLANAR GEOMETRY LIKE THIS ONE 
LOG (latgen-faster-mapped[5.2.134~1-ecd4]:DecodeUtteranceLatticeFaster():decoder-wrappers.cc:286) Log-like per frame for utterance AMI_IN1008_H03_MIO018_0153022_0153248 is -0.487853 over 224 frames.
AMI_IN1008_H03_MIO018_0153421_0153560 YEAH 
LOG (latgen-faster-mapped[5.2.134~1-ecd4]:DecodeUtteranceLatticeFaster():decoder-wrappers.cc:286) Log-like per frame for utterance AMI_IN1008_H03_MIO018_0153421_0153560 is -0.0852271 over 137 frames.
AMI_IN1008_H03_MIO018_0153560_0154220 UM YOU CAN USE MULTIPLE ONES AND DO SOME UM UM FRAME DIMENSION 
LOG (latgen-faster-mapped[5.2.134~1-ecd4]:DecodeUtteranceLatticeFaster():decoder-wrappers.cc:286) Log-like per frame for utterance AMI_IN1008_H03_MIO018_0153560_0154220 is -0.313124 over 658 frames.
LOG (latgen-faster-mapped[5.2.134~1-ecd4]:main():latgen-faster-mapped.cc:164) Time taken 93.0998s: real-time factor assuming 100 frames/sec is 1.11939
LOG (latgen-faster-mapped[5.2.134~1-ecd4]:main():latgen-faster-mapped.cc:167) Done 33 utterances, failed for 0
LOG (latgen-faster-mapped[5.2.134~1-ecd4]:main():latgen-faster-mapped.cc:169) Overall log-likelihood per frame is -0.33307 over 8317 frames.
