# mkdir -p /data/sls/r/u/atitus5/meng/am/logs/ami-0.1/train_sdm1/augmented_src_ihm/frame-tdnn-450x7-step0.05/ENC_C_256_256_K_3_3_P_3_3_F_/LATENT_256/DEC_F__C_256_256_K_3_3_P_3_3/ACT_ReLU_BN_false_WEIGHT_INIT_xavier_uniform/OPT_Adam_LR_0.0001_EPOCHS_25_BATCH_256_DEBUG_false/ae_ratio0.0/decode_ihm/ascore_7/ && lattice-scale --inv-acoustic-scale=7 "ark:gunzip -c /data/sls/r/u/atitus5/meng/am/logs/ami-0.1/train_sdm1/augmented_src_ihm/frame-tdnn-450x7-step0.05/ENC_C_256_256_K_3_3_P_3_3_F_/LATENT_256/DEC_F__C_256_256_K_3_3_P_3_3/ACT_ReLU_BN_false_WEIGHT_INIT_xavier_uniform/OPT_Adam_LR_0.0001_EPOCHS_25_BATCH_256_DEBUG_false/ae_ratio0.0/decode_ihm/lat.2.gz|" ark:- | lattice-limit-depth ark:- ark:- | lattice-push --push-strings=false ark:- ark:- | lattice-align-words-lexicon --max-expand=10.0 /data/sls/scratch/haotang/ami//exp/ihm/tri3-logmel-hires/graph_ami_fsh.o3g.kn.pr1-7/phones/align_lexicon.int /data/sls/scratch/haotang/ami//exp/ihm/tri3-logmel-hires_ali/final.mdl ark:- ark:- | lattice-to-ctm-conf --decode-mbr=true ark:- - | /data/sls/r/u/atitus5/meng/utils/int2sym.pl -f 5 /data/sls/scratch/haotang/ami//exp/ihm/tri3-logmel-hires/graph_ami_fsh.o3g.kn.pr1-7/words.txt | /data/sls/r/u/atitus5/meng/utils/convert_ctm.pl /data/sls/scratch/haotang/ami//sls-data/ami-0.1/ihm-dev/segments /data/sls/scratch/haotang/ami//sls-data/ami-0.1/ihm-dev/reco2file_and_channel > /data/sls/r/u/atitus5/meng/am/logs/ami-0.1/train_sdm1/augmented_src_ihm/frame-tdnn-450x7-step0.05/ENC_C_256_256_K_3_3_P_3_3_F_/LATENT_256/DEC_F__C_256_256_K_3_3_P_3_3/ACT_ReLU_BN_false_WEIGHT_INIT_xavier_uniform/OPT_Adam_LR_0.0001_EPOCHS_25_BATCH_256_DEBUG_false/ae_ratio0.0/decode_ihm/ascore_7/ihm-dev.2.ctm 
# Started at Sun Feb 25 16:36:08 EST 2018
#
lattice-limit-depth ark:- ark:- 
lattice-align-words-lexicon --max-expand=10.0 /data/sls/scratch/haotang/ami//exp/ihm/tri3-logmel-hires/graph_ami_fsh.o3g.kn.pr1-7/phones/align_lexicon.int /data/sls/scratch/haotang/ami//exp/ihm/tri3-logmel-hires_ali/final.mdl ark:- ark:- 
lattice-to-ctm-conf --decode-mbr=true ark:- - 
lattice-push --push-strings=false ark:- ark:- 
lattice-scale --inv-acoustic-scale=7 'ark:gunzip -c /data/sls/r/u/atitus5/meng/am/logs/ami-0.1/train_sdm1/augmented_src_ihm/frame-tdnn-450x7-step0.05/ENC_C_256_256_K_3_3_P_3_3_F_/LATENT_256/DEC_F__C_256_256_K_3_3_P_3_3/ACT_ReLU_BN_false_WEIGHT_INIT_xavier_uniform/OPT_Adam_LR_0.0001_EPOCHS_25_BATCH_256_DEBUG_false/ae_ratio0.0/decode_ihm/lat.2.gz|' ark:- 
LOG (lattice-to-ctm-conf[5.2.134~1-ecd4]:main():lattice-to-ctm-conf.cc:172) For utterance AMI_EN2006b_H01_FEE087_0085855_0086054, Bayes Risk 0.952985, avg. confidence per-word 0.682907
LOG (lattice-to-ctm-conf[5.2.134~1-ecd4]:main():lattice-to-ctm-conf.cc:172) For utterance AMI_EN2006b_H01_FEE087_0086054_0086259, Bayes Risk 0.375082, avg. confidence per-word 0.937486
LOG (lattice-to-ctm-conf[5.2.134~1-ecd4]:main():lattice-to-ctm-conf.cc:172) For utterance AMI_EN2006b_H01_FEE087_0086637_0086727, Bayes Risk 0.0104217, avg. confidence per-word 0.989578
LOG (lattice-to-ctm-conf[5.2.134~1-ecd4]:main():lattice-to-ctm-conf.cc:172) For utterance AMI_EN2006b_H01_FEE087_0086727_0087090, Bayes Risk 1.6454, avg. confidence per-word 0.659978
LOG (lattice-to-ctm-conf[5.2.134~1-ecd4]:main():lattice-to-ctm-conf.cc:172) For utterance AMI_EN2006b_H01_FEE087_0087090_0087402, Bayes Risk 0.871044, avg. confidence per-word 0.962402
LOG (lattice-to-ctm-conf[5.2.134~1-ecd4]:main():lattice-to-ctm-conf.cc:172) For utterance AMI_EN2006b_H01_FEE087_0087402_0087505, Bayes Risk 0.00651231, avg. confidence per-word 0.998446
LOG (lattice-to-ctm-conf[5.2.134~1-ecd4]:main():lattice-to-ctm-conf.cc:172) For utterance AMI_EN2006b_H01_FEE087_0087505_0087597, Bayes Risk 0.548623, avg. confidence per-word 0.938516
LOG (lattice-to-ctm-conf[5.2.134~1-ecd4]:main():lattice-to-ctm-conf.cc:172) For utterance AMI_EN2006b_H01_FEE087_0087597_0087706, Bayes Risk 0, avg. confidence per-word 1
LOG (lattice-to-ctm-conf[5.2.134~1-ecd4]:main():lattice-to-ctm-conf.cc:172) For utterance AMI_EN2006b_H01_FEE087_0087894_0087954, Bayes Risk 0.719668, avg. confidence per-word 0.640166
LOG (lattice-to-ctm-conf[5.2.134~1-ecd4]:main():lattice-to-ctm-conf.cc:172) For utterance AMI_EN2006b_H01_FEE087_0088110_0088466, Bayes Risk 1.21827, avg. confidence per-word 0.880762
LOG (lattice-to-ctm-conf[5.2.134~1-ecd4]:main():lattice-to-ctm-conf.cc:172) For utterance AMI_EN2006b_H01_FEE087_0088466_0088600, Bayes Risk 0.479026, avg. confidence per-word 0.880244
LOG (lattice-to-ctm-conf[5.2.134~1-ecd4]:main():lattice-to-ctm-conf.cc:172) For utterance AMI_EN2006b_H01_FEE087_0089301_0089596, Bayes Risk 0.29397, avg. confidence per-word 0.854899
LOG (lattice-to-ctm-conf[5.2.134~1-ecd4]:main():lattice-to-ctm-conf.cc:172) For utterance AMI_EN2006b_H01_FEE087_0089596_0089650, Bayes Risk 1.00062, avg. confidence per-word 0.655079
LOG (lattice-to-ctm-conf[5.2.134~1-ecd4]:main():lattice-to-ctm-conf.cc:172) For utterance AMI_EN2006b_H01_FEE087_0089924_0090002, Bayes Risk 0.247606, avg. confidence per-word 0.993079
LOG (lattice-to-ctm-conf[5.2.134~1-ecd4]:main():lattice-to-ctm-conf.cc:172) For utterance AMI_EN2006b_H01_FEE087_0090436_0090798, Bayes Risk 1.35678, avg. confidence per-word 0.806761
LOG (lattice-to-ctm-conf[5.2.134~1-ecd4]:main():lattice-to-ctm-conf.cc:172) For utterance AMI_EN2006b_H01_FEE087_0090798_0090929, Bayes Risk 0.357449, avg. confidence per-word 0.930933
LOG (lattice-to-ctm-conf[5.2.134~1-ecd4]:main():lattice-to-ctm-conf.cc:172) For utterance AMI_EN2006b_H01_FEE087_0091551_0091579, Bayes Risk 0, avg. confidence per-word 1
LOG (lattice-to-ctm-conf[5.2.134~1-ecd4]:main():lattice-to-ctm-conf.cc:172) For utterance AMI_EN2006b_H01_FEE087_0091997_0092240, Bayes Risk 1.66477, avg. confidence per-word 0.870419
LOG (lattice-to-ctm-conf[5.2.134~1-ecd4]:main():lattice-to-ctm-conf.cc:172) For utterance AMI_EN2006b_H01_FEE087_0092547_0092658, Bayes Risk 0.102746, avg. confidence per-word 0.980466
LOG (lattice-to-ctm-conf[5.2.134~1-ecd4]:main():lattice-to-ctm-conf.cc:172) For utterance AMI_EN2006b_H01_FEE087_0093330_0093439, Bayes Risk 0.586789, avg. confidence per-word 0.853422
LOG (lattice-to-ctm-conf[5.2.134~1-ecd4]:main():lattice-to-ctm-conf.cc:172) For utterance AMI_EN2006b_H01_FEE087_0093871_0093955, Bayes Risk 1.74678e-05, avg. confidence per-word 0.999983
LOG (lattice-scale[5.2.134~1-ecd4]:main():lattice-scale.cc:90) Done 34 lattices.
LOG (lattice-to-ctm-conf[5.2.134~1-ecd4]:main():lattice-to-ctm-conf.cc:172) For utterance AMI_EN2006b_H01_FEE087_0094090_0094405, Bayes Risk 1.5677, avg. confidence per-word 0.905426
LOG (lattice-to-ctm-conf[5.2.134~1-ecd4]:main():lattice-to-ctm-conf.cc:172) For utterance AMI_EN2006b_H01_FEE087_0094405_0094530, Bayes Risk 0.278571, avg. confidence per-word 0.960204
LOG (lattice-to-ctm-conf[5.2.134~1-ecd4]:main():lattice-to-ctm-conf.cc:172) For utterance AMI_EN2006b_H01_FEE087_0095464_0095539, Bayes Risk 0.167258, avg. confidence per-word 0.832742
LOG (lattice-to-ctm-conf[5.2.134~1-ecd4]:main():lattice-to-ctm-conf.cc:172) For utterance AMI_EN2006b_H01_FEE087_0095539_0095723, Bayes Risk 0.242719, avg. confidence per-word 0.990246
LOG (lattice-to-ctm-conf[5.2.134~1-ecd4]:main():lattice-to-ctm-conf.cc:172) For utterance AMI_EN2006b_H01_FEE087_0095723_0095933, Bayes Risk 0.686533, avg. confidence per-word 0.901998
LOG (lattice-to-ctm-conf[5.2.134~1-ecd4]:main():lattice-to-ctm-conf.cc:172) For utterance AMI_EN2006b_H01_FEE087_0096280_0096393, Bayes Risk 0.665818, avg. confidence per-word 0.88903
LOG (lattice-limit-depth[5.2.134~1-ecd4]:main():lattice-limit-depth.cc:103) Done 34 lattices.
LOG (lattice-limit-depth[5.2.134~1-ecd4]:main():lattice-limit-depth.cc:104) Overall density changed from 23.4606 to 23.4606
LOG (lattice-to-ctm-conf[5.2.134~1-ecd4]:main():lattice-to-ctm-conf.cc:172) For utterance AMI_EN2006b_H01_FEE087_0096727_0096842, Bayes Risk 0.781792, avg. confidence per-word 0.844333
LOG (lattice-to-ctm-conf[5.2.134~1-ecd4]:main():lattice-to-ctm-conf.cc:172) For utterance AMI_EN2006b_H01_FEE087_0098736_0098966, Bayes Risk 0.0683401, avg. confidence per-word 0.994102
LOG (lattice-to-ctm-conf[5.2.134~1-ecd4]:main():lattice-to-ctm-conf.cc:172) For utterance AMI_EN2006b_H01_FEE087_0098966_0099078, Bayes Risk 0.71482, avg. confidence per-word 0.827149
LOG (lattice-to-ctm-conf[5.2.134~1-ecd4]:main():lattice-to-ctm-conf.cc:172) For utterance AMI_EN2006b_H01_FEE087_0099342_0099430, Bayes Risk 0.0295707, avg. confidence per-word 0.98556
LOG (lattice-to-ctm-conf[5.2.134~1-ecd4]:main():lattice-to-ctm-conf.cc:172) For utterance AMI_EN2006b_H01_FEE087_0099745_0100396, Bayes Risk 1.11044, avg. confidence per-word 0.939594
LOG (lattice-push[5.2.134~1-ecd4]:main():lattice-push.cc:98) Pushed 34 lattices, errors on 0
LOG (lattice-to-ctm-conf[5.2.134~1-ecd4]:main():lattice-to-ctm-conf.cc:172) For utterance AMI_EN2006b_H01_FEE087_0100710_0101079, Bayes Risk 1.88718, avg. confidence per-word 0.850141
LOG (lattice-to-ctm-conf[5.2.134~1-ecd4]:main():lattice-to-ctm-conf.cc:172) For utterance AMI_EN2006b_H01_FEE087_0101079_0101384, Bayes Risk 1.36761, avg. confidence per-word 0.882284
LOG (lattice-align-words-lexicon[5.2.134~1-ecd4]:main():lattice-align-words-lexicon.cc:138) Successfully aligned 34 lattices; 0 had errors.
LOG (lattice-to-ctm-conf[5.2.134~1-ecd4]:main():lattice-to-ctm-conf.cc:181) Done 34 lattices.
LOG (lattice-to-ctm-conf[5.2.134~1-ecd4]:main():lattice-to-ctm-conf.cc:182) Overall average Bayes Risk per sentence is 0.647239 and per word, 0.145736
# Accounting: time=25 threads=1
# Ended (code 0) at Sun Feb 25 16:36:33 EST 2018, elapsed time 25 seconds
