# mkdir -p /data/sls/r/u/atitus5/meng/am/logs/ami-0.1/train_sdm1/augmented_src_ihm/frame-tdnn-450x7-step0.05/ENC_C_256_256_K_3_3_P_3_3_F_/LATENT_256/DEC_F__C_256_256_K_3_3_P_3_3/ACT_ReLU_BN_false_WEIGHT_INIT_xavier_uniform/OPT_Adam_LR_0.0001_EPOCHS_25_BATCH_256_DEBUG_false/ae_ratio0.0/decode_ihm/ascore_13/ && lattice-scale --inv-acoustic-scale=13 "ark:gunzip -c /data/sls/r/u/atitus5/meng/am/logs/ami-0.1/train_sdm1/augmented_src_ihm/frame-tdnn-450x7-step0.05/ENC_C_256_256_K_3_3_P_3_3_F_/LATENT_256/DEC_F__C_256_256_K_3_3_P_3_3/ACT_ReLU_BN_false_WEIGHT_INIT_xavier_uniform/OPT_Adam_LR_0.0001_EPOCHS_25_BATCH_256_DEBUG_false/ae_ratio0.0/decode_ihm/lat.2.gz|" ark:- | lattice-limit-depth ark:- ark:- | lattice-push --push-strings=false ark:- ark:- | lattice-align-words-lexicon --max-expand=10.0 /data/sls/scratch/haotang/ami//exp/ihm/tri3-logmel-hires/graph_ami_fsh.o3g.kn.pr1-7/phones/align_lexicon.int /data/sls/scratch/haotang/ami//exp/ihm/tri3-logmel-hires_ali/final.mdl ark:- ark:- | lattice-to-ctm-conf --decode-mbr=true ark:- - | /data/sls/r/u/atitus5/meng/utils/int2sym.pl -f 5 /data/sls/scratch/haotang/ami//exp/ihm/tri3-logmel-hires/graph_ami_fsh.o3g.kn.pr1-7/words.txt | /data/sls/r/u/atitus5/meng/utils/convert_ctm.pl /data/sls/scratch/haotang/ami//sls-data/ami-0.1/ihm-dev/segments /data/sls/scratch/haotang/ami//sls-data/ami-0.1/ihm-dev/reco2file_and_channel > /data/sls/r/u/atitus5/meng/am/logs/ami-0.1/train_sdm1/augmented_src_ihm/frame-tdnn-450x7-step0.05/ENC_C_256_256_K_3_3_P_3_3_F_/LATENT_256/DEC_F__C_256_256_K_3_3_P_3_3/ACT_ReLU_BN_false_WEIGHT_INIT_xavier_uniform/OPT_Adam_LR_0.0001_EPOCHS_25_BATCH_256_DEBUG_false/ae_ratio0.0/decode_ihm/ascore_13/ihm-dev.2.ctm 
# Started at Sun Feb 25 16:36:08 EST 2018
#
lattice-align-words-lexicon --max-expand=10.0 /data/sls/scratch/haotang/ami//exp/ihm/tri3-logmel-hires/graph_ami_fsh.o3g.kn.pr1-7/phones/align_lexicon.int /data/sls/scratch/haotang/ami//exp/ihm/tri3-logmel-hires_ali/final.mdl ark:- ark:- 
lattice-limit-depth ark:- ark:- 
lattice-push --push-strings=false ark:- ark:- 
lattice-to-ctm-conf --decode-mbr=true ark:- - 
lattice-scale --inv-acoustic-scale=13 'ark:gunzip -c /data/sls/r/u/atitus5/meng/am/logs/ami-0.1/train_sdm1/augmented_src_ihm/frame-tdnn-450x7-step0.05/ENC_C_256_256_K_3_3_P_3_3_F_/LATENT_256/DEC_F__C_256_256_K_3_3_P_3_3/ACT_ReLU_BN_false_WEIGHT_INIT_xavier_uniform/OPT_Adam_LR_0.0001_EPOCHS_25_BATCH_256_DEBUG_false/ae_ratio0.0/decode_ihm/lat.2.gz|' ark:- 
LOG (lattice-to-ctm-conf[5.2.134~1-ecd4]:main():lattice-to-ctm-conf.cc:172) For utterance AMI_EN2006b_H01_FEE087_0085855_0086054, Bayes Risk 1.31159, avg. confidence per-word 0.563052
LOG (lattice-to-ctm-conf[5.2.134~1-ecd4]:main():lattice-to-ctm-conf.cc:172) For utterance AMI_EN2006b_H01_FEE087_0086054_0086259, Bayes Risk 0.00827888, avg. confidence per-word 0.99862
LOG (lattice-to-ctm-conf[5.2.134~1-ecd4]:main():lattice-to-ctm-conf.cc:172) For utterance AMI_EN2006b_H01_FEE087_0086637_0086727, Bayes Risk 0.233292, avg. confidence per-word 0.766708
LOG (lattice-to-ctm-conf[5.2.134~1-ecd4]:main():lattice-to-ctm-conf.cc:172) For utterance AMI_EN2006b_H01_FEE087_0086727_0087090, Bayes Risk 0.286584, avg. confidence per-word 0.9023
LOG (lattice-to-ctm-conf[5.2.134~1-ecd4]:main():lattice-to-ctm-conf.cc:172) For utterance AMI_EN2006b_H01_FEE087_0087090_0087402, Bayes Risk 0.385547, avg. confidence per-word 0.657701
LOG (lattice-to-ctm-conf[5.2.134~1-ecd4]:main():lattice-to-ctm-conf.cc:172) For utterance AMI_EN2006b_H01_FEE087_0087402_0087505, Bayes Risk 0.202124, avg. confidence per-word 0.92773
LOG (lattice-to-ctm-conf[5.2.134~1-ecd4]:main():lattice-to-ctm-conf.cc:172) For utterance AMI_EN2006b_H01_FEE087_0087505_0087597, Bayes Risk 0.0543965, avg. confidence per-word 0.987104
LOG (lattice-to-ctm-conf[5.2.134~1-ecd4]:main():lattice-to-ctm-conf.cc:172) For utterance AMI_EN2006b_H01_FEE087_0087597_0087706, Bayes Risk 0, avg. confidence per-word 1
LOG (lattice-to-ctm-conf[5.2.134~1-ecd4]:main():lattice-to-ctm-conf.cc:172) For utterance AMI_EN2006b_H01_FEE087_0087894_0087954, Bayes Risk 0.601092, avg. confidence per-word 0.557493
LOG (lattice-to-ctm-conf[5.2.134~1-ecd4]:main():lattice-to-ctm-conf.cc:172) For utterance AMI_EN2006b_H01_FEE087_0088110_0088466, Bayes Risk 0.533326, avg. confidence per-word 0.943316
LOG (lattice-to-ctm-conf[5.2.134~1-ecd4]:main():lattice-to-ctm-conf.cc:172) For utterance AMI_EN2006b_H01_FEE087_0088466_0088600, Bayes Risk 0.116465, avg. confidence per-word 0.999576
LOG (lattice-to-ctm-conf[5.2.134~1-ecd4]:main():lattice-to-ctm-conf.cc:172) For utterance AMI_EN2006b_H01_FEE087_0089301_0089596, Bayes Risk 0.469465, avg. confidence per-word 0.767398
LOG (lattice-to-ctm-conf[5.2.134~1-ecd4]:main():lattice-to-ctm-conf.cc:172) For utterance AMI_EN2006b_H01_FEE087_0089596_0089650, Bayes Risk 0.201655, avg. confidence per-word 0.970299
LOG (lattice-to-ctm-conf[5.2.134~1-ecd4]:main():lattice-to-ctm-conf.cc:172) For utterance AMI_EN2006b_H01_FEE087_0089924_0090002, Bayes Risk 0.216735, avg. confidence per-word 0.981715
LOG (lattice-to-ctm-conf[5.2.134~1-ecd4]:main():lattice-to-ctm-conf.cc:172) For utterance AMI_EN2006b_H01_FEE087_0090436_0090798, Bayes Risk 1.45334, avg. confidence per-word 0.81929
LOG (lattice-to-ctm-conf[5.2.134~1-ecd4]:main():lattice-to-ctm-conf.cc:172) For utterance AMI_EN2006b_H01_FEE087_0090798_0090929, Bayes Risk 0.173555, avg. confidence per-word 1
LOG (lattice-to-ctm-conf[5.2.134~1-ecd4]:main():lattice-to-ctm-conf.cc:172) For utterance AMI_EN2006b_H01_FEE087_0091551_0091579, Bayes Risk 0, avg. confidence per-word 1
LOG (lattice-to-ctm-conf[5.2.134~1-ecd4]:main():lattice-to-ctm-conf.cc:172) For utterance AMI_EN2006b_H01_FEE087_0091997_0092240, Bayes Risk 2.45651, avg. confidence per-word 0.705043
LOG (lattice-to-ctm-conf[5.2.134~1-ecd4]:main():lattice-to-ctm-conf.cc:172) For utterance AMI_EN2006b_H01_FEE087_0092547_0092658, Bayes Risk 0.0967651, avg. confidence per-word 0.981113
LOG (lattice-to-ctm-conf[5.2.134~1-ecd4]:main():lattice-to-ctm-conf.cc:172) For utterance AMI_EN2006b_H01_FEE087_0093330_0093439, Bayes Risk 0.540656, avg. confidence per-word 0.998243
LOG (lattice-to-ctm-conf[5.2.134~1-ecd4]:main():lattice-to-ctm-conf.cc:172) For utterance AMI_EN2006b_H01_FEE087_0093871_0093955, Bayes Risk 0.310417, avg. confidence per-word 0.689583
LOG (lattice-scale[5.2.134~1-ecd4]:main():lattice-scale.cc:90) Done 34 lattices.
LOG (lattice-to-ctm-conf[5.2.134~1-ecd4]:main():lattice-to-ctm-conf.cc:172) For utterance AMI_EN2006b_H01_FEE087_0094090_0094405, Bayes Risk 1.07134, avg. confidence per-word 0.791689
LOG (lattice-to-ctm-conf[5.2.134~1-ecd4]:main():lattice-to-ctm-conf.cc:172) For utterance AMI_EN2006b_H01_FEE087_0094405_0094530, Bayes Risk 0.2256, avg. confidence per-word 0.967771
LOG (lattice-to-ctm-conf[5.2.134~1-ecd4]:main():lattice-to-ctm-conf.cc:172) For utterance AMI_EN2006b_H01_FEE087_0095464_0095539, Bayes Risk 0.389314, avg. confidence per-word 0.610686
LOG (lattice-to-ctm-conf[5.2.134~1-ecd4]:main():lattice-to-ctm-conf.cc:172) For utterance AMI_EN2006b_H01_FEE087_0095539_0095723, Bayes Risk 0.688176, avg. confidence per-word 0.359332
LOG (lattice-to-ctm-conf[5.2.134~1-ecd4]:main():lattice-to-ctm-conf.cc:172) For utterance AMI_EN2006b_H01_FEE087_0095723_0095933, Bayes Risk 1.26413, avg. confidence per-word 0.819572
LOG (lattice-to-ctm-conf[5.2.134~1-ecd4]:main():lattice-to-ctm-conf.cc:172) For utterance AMI_EN2006b_H01_FEE087_0096280_0096393, Bayes Risk 1.64886, avg. confidence per-word 0.766772
LOG (lattice-limit-depth[5.2.134~1-ecd4]:main():lattice-limit-depth.cc:103) Done 34 lattices.
LOG (lattice-limit-depth[5.2.134~1-ecd4]:main():lattice-limit-depth.cc:104) Overall density changed from 23.4606 to 23.4606
LOG (lattice-to-ctm-conf[5.2.134~1-ecd4]:main():lattice-to-ctm-conf.cc:172) For utterance AMI_EN2006b_H01_FEE087_0096727_0096842, Bayes Risk 1.68087, avg. confidence per-word 0.665802
LOG (lattice-to-ctm-conf[5.2.134~1-ecd4]:main():lattice-to-ctm-conf.cc:172) For utterance AMI_EN2006b_H01_FEE087_0098736_0098966, Bayes Risk 1.69961, avg. confidence per-word 0.838264
LOG (lattice-to-ctm-conf[5.2.134~1-ecd4]:main():lattice-to-ctm-conf.cc:172) For utterance AMI_EN2006b_H01_FEE087_0098966_0099078, Bayes Risk 0.839712, avg. confidence per-word 0.743656
LOG (lattice-to-ctm-conf[5.2.134~1-ecd4]:main():lattice-to-ctm-conf.cc:172) For utterance AMI_EN2006b_H01_FEE087_0099342_0099430, Bayes Risk 0.0293421, avg. confidence per-word 0.986493
LOG (lattice-to-ctm-conf[5.2.134~1-ecd4]:main():lattice-to-ctm-conf.cc:172) For utterance AMI_EN2006b_H01_FEE087_0099745_0100396, Bayes Risk 2.02564, avg. confidence per-word 0.888763
LOG (lattice-push[5.2.134~1-ecd4]:main():lattice-push.cc:98) Pushed 34 lattices, errors on 0
LOG (lattice-to-ctm-conf[5.2.134~1-ecd4]:main():lattice-to-ctm-conf.cc:172) For utterance AMI_EN2006b_H01_FEE087_0100710_0101079, Bayes Risk 2.21637, avg. confidence per-word 0.819585
LOG (lattice-to-ctm-conf[5.2.134~1-ecd4]:main():lattice-to-ctm-conf.cc:172) For utterance AMI_EN2006b_H01_FEE087_0101079_0101384, Bayes Risk 1.8784, avg. confidence per-word 0.873353
LOG (lattice-align-words-lexicon[5.2.134~1-ecd4]:main():lattice-align-words-lexicon.cc:138) Successfully aligned 34 lattices; 0 had errors.
LOG (lattice-to-ctm-conf[5.2.134~1-ecd4]:main():lattice-to-ctm-conf.cc:181) Done 34 lattices.
LOG (lattice-to-ctm-conf[5.2.134~1-ecd4]:main():lattice-to-ctm-conf.cc:182) Overall average Bayes Risk per sentence is 0.744387 and per word, 0.18208
# Accounting: time=17 threads=1
# Ended (code 0) at Sun Feb 25 16:36:25 EST 2018, elapsed time 17 seconds
