# mkdir -p /data/sls/r/u/atitus5/meng/am/logs/ami-0.1/train_sdm1/augmented_src_ihm/frame-tdnn-450x7-step0.05/ENC_C_256_256_K_3_3_P_3_3_F_/LATENT_256/DEC_F__C_256_256_K_3_3_P_3_3/ACT_ReLU_BN_false_WEIGHT_INIT_xavier_uniform/OPT_Adam_LR_0.0001_EPOCHS_25_BATCH_256_DEBUG_false/ae_ratio0.0/decode_ihm/ascore_15/ && lattice-scale --inv-acoustic-scale=15 "ark:gunzip -c /data/sls/r/u/atitus5/meng/am/logs/ami-0.1/train_sdm1/augmented_src_ihm/frame-tdnn-450x7-step0.05/ENC_C_256_256_K_3_3_P_3_3_F_/LATENT_256/DEC_F__C_256_256_K_3_3_P_3_3/ACT_ReLU_BN_false_WEIGHT_INIT_xavier_uniform/OPT_Adam_LR_0.0001_EPOCHS_25_BATCH_256_DEBUG_false/ae_ratio0.0/decode_ihm/lat.8.gz|" ark:- | lattice-limit-depth ark:- ark:- | lattice-push --push-strings=false ark:- ark:- | lattice-align-words-lexicon --max-expand=10.0 /data/sls/scratch/haotang/ami//exp/ihm/tri3-logmel-hires/graph_ami_fsh.o3g.kn.pr1-7/phones/align_lexicon.int /data/sls/scratch/haotang/ami//exp/ihm/tri3-logmel-hires_ali/final.mdl ark:- ark:- | lattice-to-ctm-conf --decode-mbr=true ark:- - | /data/sls/r/u/atitus5/meng/utils/int2sym.pl -f 5 /data/sls/scratch/haotang/ami//exp/ihm/tri3-logmel-hires/graph_ami_fsh.o3g.kn.pr1-7/words.txt | /data/sls/r/u/atitus5/meng/utils/convert_ctm.pl /data/sls/scratch/haotang/ami//sls-data/ami-0.1/ihm-dev/segments /data/sls/scratch/haotang/ami//sls-data/ami-0.1/ihm-dev/reco2file_and_channel > /data/sls/r/u/atitus5/meng/am/logs/ami-0.1/train_sdm1/augmented_src_ihm/frame-tdnn-450x7-step0.05/ENC_C_256_256_K_3_3_P_3_3_F_/LATENT_256/DEC_F__C_256_256_K_3_3_P_3_3/ACT_ReLU_BN_false_WEIGHT_INIT_xavier_uniform/OPT_Adam_LR_0.0001_EPOCHS_25_BATCH_256_DEBUG_false/ae_ratio0.0/decode_ihm/ascore_15/ihm-dev.8.ctm 
# Started at Sun Feb 25 16:36:08 EST 2018
#
lattice-align-words-lexicon --max-expand=10.0 /data/sls/scratch/haotang/ami//exp/ihm/tri3-logmel-hires/graph_ami_fsh.o3g.kn.pr1-7/phones/align_lexicon.int /data/sls/scratch/haotang/ami//exp/ihm/tri3-logmel-hires_ali/final.mdl ark:- ark:- 
lattice-to-ctm-conf --decode-mbr=true ark:- - 
lattice-push --push-strings=false ark:- ark:- 
lattice-limit-depth ark:- ark:- 
lattice-scale --inv-acoustic-scale=15 'ark:gunzip -c /data/sls/r/u/atitus5/meng/am/logs/ami-0.1/train_sdm1/augmented_src_ihm/frame-tdnn-450x7-step0.05/ENC_C_256_256_K_3_3_P_3_3_F_/LATENT_256/DEC_F__C_256_256_K_3_3_P_3_3/ACT_ReLU_BN_false_WEIGHT_INIT_xavier_uniform/OPT_Adam_LR_0.0001_EPOCHS_25_BATCH_256_DEBUG_false/ae_ratio0.0/decode_ihm/lat.8.gz|' ark:- 
LOG (lattice-to-ctm-conf[5.2.134~1-ecd4]:main():lattice-to-ctm-conf.cc:172) For utterance AMI_ES2009a_H00_MEE033_0036932_0037583, Bayes Risk 4.85135, avg. confidence per-word 0.750441
LOG (lattice-to-ctm-conf[5.2.134~1-ecd4]:main():lattice-to-ctm-conf.cc:172) For utterance AMI_ES2009a_H00_MEE033_0037583_0037774, Bayes Risk 0.00375079, avg. confidence per-word 0.998125
LOG (lattice-to-ctm-conf[5.2.134~1-ecd4]:main():lattice-to-ctm-conf.cc:172) For utterance AMI_ES2009a_H00_MEE033_0037774_0037861, Bayes Risk 0, avg. confidence per-word 1
LOG (lattice-to-ctm-conf[5.2.134~1-ecd4]:main():lattice-to-ctm-conf.cc:172) For utterance AMI_ES2009a_H00_MEE033_0038707_0038958, Bayes Risk 0.907895, avg. confidence per-word 0.777613
LOG (lattice-to-ctm-conf[5.2.134~1-ecd4]:main():lattice-to-ctm-conf.cc:172) For utterance AMI_ES2009a_H00_MEE033_0038999_0039116, Bayes Risk 0.0266463, avg. confidence per-word 0.974214
LOG (lattice-to-ctm-conf[5.2.134~1-ecd4]:main():lattice-to-ctm-conf.cc:172) For utterance AMI_ES2009a_H00_MEE033_0040674_0040879, Bayes Risk 0.0727123, avg. confidence per-word 0.972169
LOG (lattice-to-ctm-conf[5.2.134~1-ecd4]:main():lattice-to-ctm-conf.cc:172) For utterance AMI_ES2009a_H00_MEE033_0040879_0040951, Bayes Risk 1.51305, avg. confidence per-word 0.415594
LOG (lattice-to-ctm-conf[5.2.134~1-ecd4]:main():lattice-to-ctm-conf.cc:172) For utterance AMI_ES2009a_H00_MEE033_0040951_0040969, Bayes Risk 0.491108, avg. confidence per-word 0.510362
LOG (lattice-to-ctm-conf[5.2.134~1-ecd4]:main():lattice-to-ctm-conf.cc:172) For utterance AMI_ES2009a_H00_MEE033_0040969_0041203, Bayes Risk 0.559141, avg. confidence per-word 0.759774
LOG (lattice-to-ctm-conf[5.2.134~1-ecd4]:main():lattice-to-ctm-conf.cc:172) For utterance AMI_ES2009a_H00_MEE033_0041203_0041583, Bayes Risk 0.00170121, avg. confidence per-word 0.999744
LOG (lattice-to-ctm-conf[5.2.134~1-ecd4]:main():lattice-to-ctm-conf.cc:172) For utterance AMI_ES2009a_H00_MEE033_0041583_0041635, Bayes Risk 0.0720299, avg. confidence per-word 0.932483
LOG (lattice-to-ctm-conf[5.2.134~1-ecd4]:main():lattice-to-ctm-conf.cc:172) For utterance AMI_ES2009a_H00_MEE033_0041926_0042237, Bayes Risk 2.02533, avg. confidence per-word 0.900686
LOG (lattice-to-ctm-conf[5.2.134~1-ecd4]:main():lattice-to-ctm-conf.cc:172) For utterance AMI_ES2009a_H00_MEE033_0042237_0042730, Bayes Risk 3.10074, avg. confidence per-word 0.884193
LOG (lattice-to-ctm-conf[5.2.134~1-ecd4]:main():lattice-to-ctm-conf.cc:172) For utterance AMI_ES2009a_H00_MEE033_0042749_0043329, Bayes Risk 5.27379, avg. confidence per-word 0.786152
LOG (lattice-to-ctm-conf[5.2.134~1-ecd4]:main():lattice-to-ctm-conf.cc:172) For utterance AMI_ES2009a_H00_MEE033_0043329_0043464, Bayes Risk 0.631656, avg. confidence per-word 0.909406
LOG (lattice-to-ctm-conf[5.2.134~1-ecd4]:main():lattice-to-ctm-conf.cc:172) For utterance AMI_ES2009a_H00_MEE033_0043697_0043872, Bayes Risk 1.03133, avg. confidence per-word 0.923995
LOG (lattice-to-ctm-conf[5.2.134~1-ecd4]:main():lattice-to-ctm-conf.cc:172) For utterance AMI_ES2009a_H00_MEE033_0043872_0043926, Bayes Risk 0.00113708, avg. confidence per-word 1
LOG (lattice-to-ctm-conf[5.2.134~1-ecd4]:main():lattice-to-ctm-conf.cc:172) For utterance AMI_ES2009a_H00_MEE033_0044056_0044133, Bayes Risk 1.21092, avg. confidence per-word 0.77033
LOG (lattice-to-ctm-conf[5.2.134~1-ecd4]:main():lattice-to-ctm-conf.cc:172) For utterance AMI_ES2009a_H00_MEE033_0044632_0044983, Bayes Risk 2.0504, avg. confidence per-word 0.852357
LOG (lattice-to-ctm-conf[5.2.134~1-ecd4]:main():lattice-to-ctm-conf.cc:172) For utterance AMI_ES2009a_H00_MEE033_0044983_0045108, Bayes Risk 0.0391209, avg. confidence per-word 0.968389
LOG (lattice-to-ctm-conf[5.2.134~1-ecd4]:main():lattice-to-ctm-conf.cc:172) For utterance AMI_ES2009a_H00_MEE033_0045108_0045475, Bayes Risk 1.18045, avg. confidence per-word 0.918498
LOG (lattice-to-ctm-conf[5.2.134~1-ecd4]:main():lattice-to-ctm-conf.cc:172) For utterance AMI_ES2009a_H00_MEE033_0045475_0045683, Bayes Risk 1.30005, avg. confidence per-word 0.679402
LOG (lattice-to-ctm-conf[5.2.134~1-ecd4]:main():lattice-to-ctm-conf.cc:172) For utterance AMI_ES2009a_H00_MEE033_0045683_0046077, Bayes Risk 1.18704, avg. confidence per-word 0.881296
LOG (lattice-to-ctm-conf[5.2.134~1-ecd4]:main():lattice-to-ctm-conf.cc:172) For utterance AMI_ES2009a_H00_MEE033_0046077_0046781, Bayes Risk 4.29409, avg. confidence per-word 0.756917
LOG (lattice-to-ctm-conf[5.2.134~1-ecd4]:main():lattice-to-ctm-conf.cc:172) For utterance AMI_ES2009a_H00_MEE033_0046781_0046807, Bayes Risk 0.111601, avg. confidence per-word 0.888399
LOG (lattice-to-ctm-conf[5.2.134~1-ecd4]:main():lattice-to-ctm-conf.cc:172) For utterance AMI_ES2009a_H00_MEE033_0047323_0047798, Bayes Risk 0.988944, avg. confidence per-word 0.944434
LOG (lattice-to-ctm-conf[5.2.134~1-ecd4]:main():lattice-to-ctm-conf.cc:172) For utterance AMI_ES2009a_H00_MEE033_0047798_0047855, Bayes Risk 1.04955, avg. confidence per-word 0.826765
LOG (lattice-to-ctm-conf[5.2.134~1-ecd4]:main():lattice-to-ctm-conf.cc:172) For utterance AMI_ES2009a_H00_MEE033_0047855_0047994, Bayes Risk 0.0117816, avg. confidence per-word 1
LOG (lattice-to-ctm-conf[5.2.134~1-ecd4]:main():lattice-to-ctm-conf.cc:172) For utterance AMI_ES2009a_H00_MEE033_0047994_0048221, Bayes Risk 0.493999, avg. confidence per-word 0.996564
LOG (lattice-scale[5.2.134~1-ecd4]:main():lattice-scale.cc:90) Done 34 lattices.
LOG (lattice-to-ctm-conf[5.2.134~1-ecd4]:main():lattice-to-ctm-conf.cc:172) For utterance AMI_ES2009a_H00_MEE033_0048221_0048351, Bayes Risk 0.228004, avg. confidence per-word 0.799726
LOG (lattice-to-ctm-conf[5.2.134~1-ecd4]:main():lattice-to-ctm-conf.cc:172) For utterance AMI_ES2009a_H00_MEE033_0048351_0048426, Bayes Risk 0.208166, avg. confidence per-word 0.895917
LOG (lattice-limit-depth[5.2.134~1-ecd4]:main():lattice-limit-depth.cc:103) Done 34 lattices.
LOG (lattice-limit-depth[5.2.134~1-ecd4]:main():lattice-limit-depth.cc:104) Overall density changed from 23.6711 to 23.6711
LOG (lattice-push[5.2.134~1-ecd4]:main():lattice-push.cc:98) Pushed 34 lattices, errors on 0
LOG (lattice-to-ctm-conf[5.2.134~1-ecd4]:main():lattice-to-ctm-conf.cc:172) For utterance AMI_ES2009a_H00_MEE033_0048426_0048940, Bayes Risk 7.07109, avg. confidence per-word 0.630029
LOG (lattice-align-words-lexicon[5.2.134~1-ecd4]:main():lattice-align-words-lexicon.cc:138) Successfully aligned 34 lattices; 0 had errors.
LOG (lattice-to-ctm-conf[5.2.134~1-ecd4]:main():lattice-to-ctm-conf.cc:172) For utterance AMI_ES2009a_H00_MEE033_0049071_0049197, Bayes Risk 0.0534889, avg. confidence per-word 0.973256
LOG (lattice-to-ctm-conf[5.2.134~1-ecd4]:main():lattice-to-ctm-conf.cc:172) For utterance AMI_ES2009a_H00_MEE033_0049992_0050010, Bayes Risk 0.713547, avg. confidence per-word 0.286453
LOG (lattice-to-ctm-conf[5.2.134~1-ecd4]:main():lattice-to-ctm-conf.cc:181) Done 34 lattices.
LOG (lattice-to-ctm-conf[5.2.134~1-ecd4]:main():lattice-to-ctm-conf.cc:182) Overall average Bayes Risk per sentence is 1.25752 and per word, 0.227423
# Accounting: time=25 threads=1
# Ended (code 0) at Sun Feb 25 16:36:33 EST 2018, elapsed time 25 seconds
