# mkdir -p /data/sls/r/u/atitus5/meng/am/logs/ami-0.1/train_sdm1/augmented_src_ihm/frame-tdnn-450x7-step0.05/ENC_C_256_256_K_3_3_P_3_3_F_/LATENT_256/DEC_F__C_256_256_K_3_3_P_3_3/ACT_ReLU_BN_false_WEIGHT_INIT_xavier_uniform/OPT_Adam_LR_0.0001_EPOCHS_25_BATCH_256_DEBUG_false/ae_ratio0.0/decode_ihm/ascore_10/ && lattice-scale --inv-acoustic-scale=10 "ark:gunzip -c /data/sls/r/u/atitus5/meng/am/logs/ami-0.1/train_sdm1/augmented_src_ihm/frame-tdnn-450x7-step0.05/ENC_C_256_256_K_3_3_P_3_3_F_/LATENT_256/DEC_F__C_256_256_K_3_3_P_3_3/ACT_ReLU_BN_false_WEIGHT_INIT_xavier_uniform/OPT_Adam_LR_0.0001_EPOCHS_25_BATCH_256_DEBUG_false/ae_ratio0.0/decode_ihm/lat.27.gz|" ark:- | lattice-limit-depth ark:- ark:- | lattice-push --push-strings=false ark:- ark:- | lattice-align-words-lexicon --max-expand=10.0 /data/sls/scratch/haotang/ami//exp/ihm/tri3-logmel-hires/graph_ami_fsh.o3g.kn.pr1-7/phones/align_lexicon.int /data/sls/scratch/haotang/ami//exp/ihm/tri3-logmel-hires_ali/final.mdl ark:- ark:- | lattice-to-ctm-conf --decode-mbr=true ark:- - | /data/sls/r/u/atitus5/meng/utils/int2sym.pl -f 5 /data/sls/scratch/haotang/ami//exp/ihm/tri3-logmel-hires/graph_ami_fsh.o3g.kn.pr1-7/words.txt | /data/sls/r/u/atitus5/meng/utils/convert_ctm.pl /data/sls/scratch/haotang/ami//sls-data/ami-0.1/ihm-dev/segments /data/sls/scratch/haotang/ami//sls-data/ami-0.1/ihm-dev/reco2file_and_channel > /data/sls/r/u/atitus5/meng/am/logs/ami-0.1/train_sdm1/augmented_src_ihm/frame-tdnn-450x7-step0.05/ENC_C_256_256_K_3_3_P_3_3_F_/LATENT_256/DEC_F__C_256_256_K_3_3_P_3_3/ACT_ReLU_BN_false_WEIGHT_INIT_xavier_uniform/OPT_Adam_LR_0.0001_EPOCHS_25_BATCH_256_DEBUG_false/ae_ratio0.0/decode_ihm/ascore_10/ihm-dev.27.ctm 
# Started at Sun Feb 25 16:36:08 EST 2018
#
lattice-push --push-strings=false ark:- ark:- 
lattice-to-ctm-conf --decode-mbr=true ark:- - 
lattice-align-words-lexicon --max-expand=10.0 /data/sls/scratch/haotang/ami//exp/ihm/tri3-logmel-hires/graph_ami_fsh.o3g.kn.pr1-7/phones/align_lexicon.int /data/sls/scratch/haotang/ami//exp/ihm/tri3-logmel-hires_ali/final.mdl ark:- ark:- 
lattice-limit-depth ark:- ark:- 
lattice-scale --inv-acoustic-scale=10 'ark:gunzip -c /data/sls/r/u/atitus5/meng/am/logs/ami-0.1/train_sdm1/augmented_src_ihm/frame-tdnn-450x7-step0.05/ENC_C_256_256_K_3_3_P_3_3_F_/LATENT_256/DEC_F__C_256_256_K_3_3_P_3_3/ACT_ReLU_BN_false_WEIGHT_INIT_xavier_uniform/OPT_Adam_LR_0.0001_EPOCHS_25_BATCH_256_DEBUG_false/ae_ratio0.0/decode_ihm/lat.27.gz|' ark:- 
LOG (lattice-to-ctm-conf[5.2.134~1-ecd4]:main():lattice-to-ctm-conf.cc:172) For utterance AMI_TS3009c_H02_MTD034ID_0143389_0143555, Bayes Risk 0.287241, avg. confidence per-word 0.964095
LOG (lattice-to-ctm-conf[5.2.134~1-ecd4]:main():lattice-to-ctm-conf.cc:172) For utterance AMI_TS3009c_H02_MTD034ID_0143555_0143938, Bayes Risk 0.557884, avg. confidence per-word 0.979088
LOG (lattice-to-ctm-conf[5.2.134~1-ecd4]:main():lattice-to-ctm-conf.cc:172) For utterance AMI_TS3009c_H02_MTD034ID_0144329_0144536, Bayes Risk 0.199329, avg. confidence per-word 0.998475
LOG (lattice-to-ctm-conf[5.2.134~1-ecd4]:main():lattice-to-ctm-conf.cc:172) For utterance AMI_TS3009c_H02_MTD034ID_0144536_0144795, Bayes Risk 0.599602, avg. confidence per-word 0.95938
LOG (lattice-to-ctm-conf[5.2.134~1-ecd4]:main():lattice-to-ctm-conf.cc:172) For utterance AMI_TS3009c_H02_MTD034ID_0145366_0145612, Bayes Risk 2.08907, avg. confidence per-word 0.889712
LOG (lattice-to-ctm-conf[5.2.134~1-ecd4]:main():lattice-to-ctm-conf.cc:172) For utterance AMI_TS3009c_H02_MTD034ID_0145612_0145828, Bayes Risk 0.066647, avg. confidence per-word 0.994728
LOG (lattice-to-ctm-conf[5.2.134~1-ecd4]:main():lattice-to-ctm-conf.cc:172) For utterance AMI_TS3009c_H02_MTD034ID_0145996_0146203, Bayes Risk 1.76436, avg. confidence per-word 0.881745
LOG (lattice-to-ctm-conf[5.2.134~1-ecd4]:main():lattice-to-ctm-conf.cc:172) For utterance AMI_TS3009c_H02_MTD034ID_0146372_0146436, Bayes Risk 0, avg. confidence per-word 1
LOG (lattice-to-ctm-conf[5.2.134~1-ecd4]:main():lattice-to-ctm-conf.cc:172) For utterance AMI_TS3009c_H02_MTD034ID_0146917_0146973, Bayes Risk 0.247314, avg. confidence per-word 0.917562
LOG (lattice-to-ctm-conf[5.2.134~1-ecd4]:main():lattice-to-ctm-conf.cc:172) For utterance AMI_TS3009c_H02_MTD034ID_0146973_0147175, Bayes Risk 1.01828, avg. confidence per-word 0.85894
LOG (lattice-to-ctm-conf[5.2.134~1-ecd4]:main():lattice-to-ctm-conf.cc:172) For utterance AMI_TS3009c_H02_MTD034ID_0147267_0147321, Bayes Risk 0.0254684, avg. confidence per-word 0.974532
LOG (lattice-to-ctm-conf[5.2.134~1-ecd4]:main():lattice-to-ctm-conf.cc:172) For utterance AMI_TS3009c_H02_MTD034ID_0147321_0147424, Bayes Risk 0.555327, avg. confidence per-word 0.850562
LOG (lattice-to-ctm-conf[5.2.134~1-ecd4]:main():lattice-to-ctm-conf.cc:172) For utterance AMI_TS3009c_H02_MTD034ID_0147639_0148309, Bayes Risk 3.7258, avg. confidence per-word 0.828953
LOG (lattice-to-ctm-conf[5.2.134~1-ecd4]:main():lattice-to-ctm-conf.cc:172) For utterance AMI_TS3009c_H02_MTD034ID_0148309_0148630, Bayes Risk 1.0273, avg. confidence per-word 0.967736
LOG (lattice-to-ctm-conf[5.2.134~1-ecd4]:main():lattice-to-ctm-conf.cc:172) For utterance AMI_TS3009c_H02_MTD034ID_0148892_0148917, Bayes Risk 0, avg. confidence per-word 1
LOG (lattice-to-ctm-conf[5.2.134~1-ecd4]:main():lattice-to-ctm-conf.cc:172) For utterance AMI_TS3009c_H02_MTD034ID_0149152_0149203, Bayes Risk 0.0156676, avg. confidence per-word 1
LOG (lattice-to-ctm-conf[5.2.134~1-ecd4]:main():lattice-to-ctm-conf.cc:172) For utterance AMI_TS3009c_H02_MTD034ID_0149878_0150171, Bayes Risk 0.0871943, avg. confidence per-word 0.999265
LOG (lattice-to-ctm-conf[5.2.134~1-ecd4]:main():lattice-to-ctm-conf.cc:172) For utterance AMI_TS3009c_H02_MTD034ID_0150740_0150764, Bayes Risk 0.466248, avg. confidence per-word 0.540153
LOG (lattice-to-ctm-conf[5.2.134~1-ecd4]:main():lattice-to-ctm-conf.cc:172) For utterance AMI_TS3009c_H02_MTD034ID_0151845_0152090, Bayes Risk 0.279492, avg. confidence per-word 0.978522
LOG (lattice-to-ctm-conf[5.2.134~1-ecd4]:main():lattice-to-ctm-conf.cc:172) For utterance AMI_TS3009c_H02_MTD034ID_0152252_0152430, Bayes Risk 1.97241, avg. confidence per-word 0.6774
LOG (lattice-to-ctm-conf[5.2.134~1-ecd4]:main():lattice-to-ctm-conf.cc:172) For utterance AMI_TS3009c_H02_MTD034ID_0153382_0153474, Bayes Risk 0.0147689, avg. confidence per-word 0.998603
LOG (lattice-to-ctm-conf[5.2.134~1-ecd4]:main():lattice-to-ctm-conf.cc:172) For utterance AMI_TS3009c_H02_MTD034ID_0153590_0154197, Bayes Risk 2.84319, avg. confidence per-word 0.819515
LOG (lattice-to-ctm-conf[5.2.134~1-ecd4]:main():lattice-to-ctm-conf.cc:172) For utterance AMI_TS3009c_H02_MTD034ID_0154197_0154382, Bayes Risk 0.349708, avg. confidence per-word 0.912267
LOG (lattice-to-ctm-conf[5.2.134~1-ecd4]:main():lattice-to-ctm-conf.cc:172) For utterance AMI_TS3009c_H02_MTD034ID_0154382_0154739, Bayes Risk 3.21263, avg. confidence per-word 0.829769
LOG (lattice-to-ctm-conf[5.2.134~1-ecd4]:main():lattice-to-ctm-conf.cc:172) For utterance AMI_TS3009c_H02_MTD034ID_0154739_0155072, Bayes Risk 1.02904, avg. confidence per-word 0.948872
LOG (lattice-to-ctm-conf[5.2.134~1-ecd4]:main():lattice-to-ctm-conf.cc:172) For utterance AMI_TS3009c_H02_MTD034ID_0155072_0155478, Bayes Risk 1.15063, avg. confidence per-word 0.942497
LOG (lattice-scale[5.2.134~1-ecd4]:main():lattice-scale.cc:90) Done 33 lattices.
LOG (lattice-to-ctm-conf[5.2.134~1-ecd4]:main():lattice-to-ctm-conf.cc:172) For utterance AMI_TS3009c_H02_MTD034ID_0155721_0156294, Bayes Risk 2.5038, avg. confidence per-word 0.888368
LOG (lattice-to-ctm-conf[5.2.134~1-ecd4]:main():lattice-to-ctm-conf.cc:172) For utterance AMI_TS3009c_H02_MTD034ID_0156669_0156836, Bayes Risk 0.518696, avg. confidence per-word 0.912249
LOG (lattice-to-ctm-conf[5.2.134~1-ecd4]:main():lattice-to-ctm-conf.cc:172) For utterance AMI_TS3009c_H02_MTD034ID_0157179_0157253, Bayes Risk 0.60992, avg. confidence per-word 0.69504
LOG (lattice-limit-depth[5.2.134~1-ecd4]:main():lattice-limit-depth.cc:103) Done 33 lattices.
LOG (lattice-limit-depth[5.2.134~1-ecd4]:main():lattice-limit-depth.cc:104) Overall density changed from 21.9085 to 21.9085
LOG (lattice-to-ctm-conf[5.2.134~1-ecd4]:main():lattice-to-ctm-conf.cc:172) For utterance AMI_TS3009c_H02_MTD034ID_0157618_0157831, Bayes Risk 2.0987, avg. confidence per-word 0.715798
LOG (lattice-to-ctm-conf[5.2.134~1-ecd4]:main():lattice-to-ctm-conf.cc:172) For utterance AMI_TS3009c_H02_MTD034ID_0158057_0158113, Bayes Risk 0.377986, avg. confidence per-word 0.811922
LOG (lattice-push[5.2.134~1-ecd4]:main():lattice-push.cc:98) Pushed 33 lattices, errors on 0
LOG (lattice-to-ctm-conf[5.2.134~1-ecd4]:main():lattice-to-ctm-conf.cc:172) For utterance AMI_TS3009c_H02_MTD034ID_0158249_0158547, Bayes Risk 1.08326, avg. confidence per-word 0.937958
LOG (lattice-to-ctm-conf[5.2.134~1-ecd4]:main():lattice-to-ctm-conf.cc:172) For utterance AMI_TS3012d_H03_MTD048ME_0146779_0146878, Bayes Risk 0.202939, avg. confidence per-word 1
LOG (lattice-align-words-lexicon[5.2.134~1-ecd4]:main():lattice-align-words-lexicon.cc:138) Successfully aligned 33 lattices; 0 had errors.
LOG (lattice-to-ctm-conf[5.2.134~1-ecd4]:main():lattice-to-ctm-conf.cc:181) Done 33 lattices.
LOG (lattice-to-ctm-conf[5.2.134~1-ecd4]:main():lattice-to-ctm-conf.cc:182) Overall average Bayes Risk per sentence is 0.938785 and per word, 0.130168
# Accounting: time=24 threads=1
# Ended (code 0) at Sun Feb 25 16:36:32 EST 2018, elapsed time 24 seconds
