# mkdir -p /data/sls/r/u/atitus5/meng/am/logs/ami-0.1/train_sdm1/augmented_src_ihm/frame-tdnn-450x7-step0.05/ENC_C_256_256_K_3_3_P_3_3_F_/LATENT_256/DEC_F__C_256_256_K_3_3_P_3_3/ACT_ReLU_BN_false_WEIGHT_INIT_xavier_uniform/OPT_Adam_LR_0.0001_EPOCHS_25_BATCH_256_DEBUG_false/ae_ratio0.0/decode_ihm/ascore_15/ && lattice-scale --inv-acoustic-scale=15 "ark:gunzip -c /data/sls/r/u/atitus5/meng/am/logs/ami-0.1/train_sdm1/augmented_src_ihm/frame-tdnn-450x7-step0.05/ENC_C_256_256_K_3_3_P_3_3_F_/LATENT_256/DEC_F__C_256_256_K_3_3_P_3_3/ACT_ReLU_BN_false_WEIGHT_INIT_xavier_uniform/OPT_Adam_LR_0.0001_EPOCHS_25_BATCH_256_DEBUG_false/ae_ratio0.0/decode_ihm/lat.17.gz|" ark:- | lattice-limit-depth ark:- ark:- | lattice-push --push-strings=false ark:- ark:- | lattice-align-words-lexicon --max-expand=10.0 /data/sls/scratch/haotang/ami//exp/ihm/tri3-logmel-hires/graph_ami_fsh.o3g.kn.pr1-7/phones/align_lexicon.int /data/sls/scratch/haotang/ami//exp/ihm/tri3-logmel-hires_ali/final.mdl ark:- ark:- | lattice-to-ctm-conf --decode-mbr=true ark:- - | /data/sls/r/u/atitus5/meng/utils/int2sym.pl -f 5 /data/sls/scratch/haotang/ami//exp/ihm/tri3-logmel-hires/graph_ami_fsh.o3g.kn.pr1-7/words.txt | /data/sls/r/u/atitus5/meng/utils/convert_ctm.pl /data/sls/scratch/haotang/ami//sls-data/ami-0.1/ihm-dev/segments /data/sls/scratch/haotang/ami//sls-data/ami-0.1/ihm-dev/reco2file_and_channel > /data/sls/r/u/atitus5/meng/am/logs/ami-0.1/train_sdm1/augmented_src_ihm/frame-tdnn-450x7-step0.05/ENC_C_256_256_K_3_3_P_3_3_F_/LATENT_256/DEC_F__C_256_256_K_3_3_P_3_3/ACT_ReLU_BN_false_WEIGHT_INIT_xavier_uniform/OPT_Adam_LR_0.0001_EPOCHS_25_BATCH_256_DEBUG_false/ae_ratio0.0/decode_ihm/ascore_15/ihm-dev.17.ctm 
# Started at Sun Feb 25 16:36:08 EST 2018
#
lattice-align-words-lexicon --max-expand=10.0 /data/sls/scratch/haotang/ami//exp/ihm/tri3-logmel-hires/graph_ami_fsh.o3g.kn.pr1-7/phones/align_lexicon.int /data/sls/scratch/haotang/ami//exp/ihm/tri3-logmel-hires_ali/final.mdl ark:- ark:- 
lattice-scale --inv-acoustic-scale=15 'ark:gunzip -c /data/sls/r/u/atitus5/meng/am/logs/ami-0.1/train_sdm1/augmented_src_ihm/frame-tdnn-450x7-step0.05/ENC_C_256_256_K_3_3_P_3_3_F_/LATENT_256/DEC_F__C_256_256_K_3_3_P_3_3/ACT_ReLU_BN_false_WEIGHT_INIT_xavier_uniform/OPT_Adam_LR_0.0001_EPOCHS_25_BATCH_256_DEBUG_false/ae_ratio0.0/decode_ihm/lat.17.gz|' ark:- 
lattice-to-ctm-conf --decode-mbr=true ark:- - 
lattice-limit-depth ark:- ark:- 
lattice-push --push-strings=false ark:- ark:- 
LOG (lattice-to-ctm-conf[5.2.134~1-ecd4]:main():lattice-to-ctm-conf.cc:172) For utterance AMI_IS1001b_H03_FIO074_0088198_0088648, Bayes Risk 0.531281, avg. confidence per-word 0.966618
LOG (lattice-to-ctm-conf[5.2.134~1-ecd4]:main():lattice-to-ctm-conf.cc:172) For utterance AMI_IS1001b_H03_FIO074_0089155_0089171, Bayes Risk 0.29096, avg. confidence per-word 0.70904
LOG (lattice-to-ctm-conf[5.2.134~1-ecd4]:main():lattice-to-ctm-conf.cc:172) For utterance AMI_IS1001b_H03_FIO074_0097114_0097128, Bayes Risk 0, avg. confidence per-word 1
LOG (lattice-to-ctm-conf[5.2.134~1-ecd4]:main():lattice-to-ctm-conf.cc:172) For utterance AMI_IS1001b_H03_FIO074_0098242_0098277, Bayes Risk 0.637987, avg. confidence per-word 0.362013
LOG (lattice-to-ctm-conf[5.2.134~1-ecd4]:main():lattice-to-ctm-conf.cc:172) For utterance AMI_IS1001b_H03_FIO074_0130781_0130810, Bayes Risk 0.168052, avg. confidence per-word 0.831948
LOG (lattice-to-ctm-conf[5.2.134~1-ecd4]:main():lattice-to-ctm-conf.cc:172) For utterance AMI_IS1001b_H03_FIO074_0131734_0131768, Bayes Risk 0, avg. confidence per-word 1
LOG (lattice-to-ctm-conf[5.2.134~1-ecd4]:main():lattice-to-ctm-conf.cc:172) For utterance AMI_IS1001b_H03_FIO074_0132663_0132711, Bayes Risk 0.00171571, avg. confidence per-word 0.998284
LOG (lattice-to-ctm-conf[5.2.134~1-ecd4]:main():lattice-to-ctm-conf.cc:172) For utterance AMI_IS1001b_H03_FIO074_0132711_0132801, Bayes Risk 0.0708947, avg. confidence per-word 0.942083
LOG (lattice-scale[5.2.134~1-ecd4]:main():lattice-scale.cc:90) Done 33 lattices.
LOG (lattice-to-ctm-conf[5.2.134~1-ecd4]:main():lattice-to-ctm-conf.cc:172) For utterance AMI_IS1001b_H03_FIO074_0133196_0134055, Bayes Risk 1.7182, avg. confidence per-word 0.954589
LOG (lattice-to-ctm-conf[5.2.134~1-ecd4]:main():lattice-to-ctm-conf.cc:172) For utterance AMI_IS1001b_H03_FIO074_0134055_0134207, Bayes Risk 0.0121744, avg. confidence per-word 0.995942
LOG (lattice-to-ctm-conf[5.2.134~1-ecd4]:main():lattice-to-ctm-conf.cc:172) For utterance AMI_IS1001b_H03_FIO074_0134207_0134228, Bayes Risk 0.0305734, avg. confidence per-word 0.969427
LOG (lattice-to-ctm-conf[5.2.134~1-ecd4]:main():lattice-to-ctm-conf.cc:172) For utterance AMI_IS1001b_H03_FIO074_0134353_0134389, Bayes Risk 0, avg. confidence per-word 1
LOG (lattice-to-ctm-conf[5.2.134~1-ecd4]:main():lattice-to-ctm-conf.cc:172) For utterance AMI_IS1001b_H03_FIO074_0139191_0139236, Bayes Risk 0.0747412, avg. confidence per-word 0.930341
LOG (lattice-to-ctm-conf[5.2.134~1-ecd4]:main():lattice-to-ctm-conf.cc:172) For utterance AMI_IS1001b_H03_FIO074_0139520_0139534, Bayes Risk 0.442753, avg. confidence per-word 0.557247
LOG (lattice-to-ctm-conf[5.2.134~1-ecd4]:main():lattice-to-ctm-conf.cc:172) For utterance AMI_IS1001b_H03_FIO074_0142367_0142380, Bayes Risk 0.520418, avg. confidence per-word 0.479582
LOG (lattice-to-ctm-conf[5.2.134~1-ecd4]:main():lattice-to-ctm-conf.cc:172) For utterance AMI_IS1001b_H03_FIO074_0146736_0146787, Bayes Risk 0.764396, avg. confidence per-word 0.235604
LOG (lattice-to-ctm-conf[5.2.134~1-ecd4]:main():lattice-to-ctm-conf.cc:172) For utterance AMI_IS1001b_H03_FIO074_0162718_0162764, Bayes Risk 0.646628, avg. confidence per-word 0.3537
LOG (lattice-to-ctm-conf[5.2.134~1-ecd4]:main():lattice-to-ctm-conf.cc:172) For utterance AMI_IS1001b_H03_FIO074_0164004_0164018, Bayes Risk 0, avg. confidence per-word 1
LOG (lattice-to-ctm-conf[5.2.134~1-ecd4]:main():lattice-to-ctm-conf.cc:172) For utterance AMI_IS1001b_H03_FIO074_0169357_0169393, Bayes Risk 0, avg. confidence per-word 1
LOG (lattice-to-ctm-conf[5.2.134~1-ecd4]:main():lattice-to-ctm-conf.cc:172) For utterance AMI_IS1001b_H03_FIO074_0194675_0194697, Bayes Risk 0.573563, avg. confidence per-word 0.430672
LOG (lattice-to-ctm-conf[5.2.134~1-ecd4]:main():lattice-to-ctm-conf.cc:172) For utterance AMI_IS1001b_H03_FIO074_0195884_0195904, Bayes Risk 0.423044, avg. confidence per-word 0.616437
LOG (lattice-to-ctm-conf[5.2.134~1-ecd4]:main():lattice-to-ctm-conf.cc:172) For utterance AMI_IS1001b_H03_FIO074_0203880_0203892, Bayes Risk 0.465581, avg. confidence per-word 0.534419
LOG (lattice-to-ctm-conf[5.2.134~1-ecd4]:main():lattice-to-ctm-conf.cc:172) For utterance AMI_IS1001b_H03_FIO074_0204220_0204306, Bayes Risk 0.0472029, avg. confidence per-word 0.960653
LOG (lattice-limit-depth[5.2.134~1-ecd4]:main():lattice-limit-depth.cc:103) Done 33 lattices.
LOG (lattice-limit-depth[5.2.134~1-ecd4]:main():lattice-limit-depth.cc:104) Overall density changed from 11.7889 to 11.7889
LOG (lattice-to-ctm-conf[5.2.134~1-ecd4]:main():lattice-to-ctm-conf.cc:172) For utterance AMI_IS1001b_H03_FIO074_0204366_0204484, Bayes Risk 0.0150135, avg. confidence per-word 0.995042
LOG (lattice-to-ctm-conf[5.2.134~1-ecd4]:main():lattice-to-ctm-conf.cc:172) For utterance AMI_IS1001b_H03_FIO074_0204484_0204611, Bayes Risk 0.627126, avg. confidence per-word 0.861756
LOG (lattice-to-ctm-conf[5.2.134~1-ecd4]:main():lattice-to-ctm-conf.cc:172) For utterance AMI_IS1001b_H03_FIO074_0207266_0207401, Bayes Risk 0.948929, avg. confidence per-word 0.684173
LOG (lattice-to-ctm-conf[5.2.134~1-ecd4]:main():lattice-to-ctm-conf.cc:172) For utterance AMI_IS1001b_H01_MIO012_0002785_0002815, Bayes Risk 0.806378, avg. confidence per-word 0.194244
LOG (lattice-to-ctm-conf[5.2.134~1-ecd4]:main():lattice-to-ctm-conf.cc:172) For utterance AMI_IS1001b_H01_MIO012_0012045_0012266, Bayes Risk 0.508071, avg. confidence per-word 0.979684
LOG (lattice-to-ctm-conf[5.2.134~1-ecd4]:main():lattice-to-ctm-conf.cc:172) For utterance AMI_IS1001b_H01_MIO012_0012266_0012490, Bayes Risk 0.00233284, avg. confidence per-word 1
LOG (lattice-to-ctm-conf[5.2.134~1-ecd4]:main():lattice-to-ctm-conf.cc:172) For utterance AMI_IS1001b_H01_MIO012_0012490_0013035, Bayes Risk 0.380955, avg. confidence per-word 0.833989
LOG (lattice-push[5.2.134~1-ecd4]:main():lattice-push.cc:98) Pushed 33 lattices, errors on 0
LOG (lattice-to-ctm-conf[5.2.134~1-ecd4]:main():lattice-to-ctm-conf.cc:172) For utterance AMI_IS1001b_H01_MIO012_0013035_0013534, Bayes Risk 1.99639, avg. confidence per-word 0.760993
LOG (lattice-to-ctm-conf[5.2.134~1-ecd4]:main():lattice-to-ctm-conf.cc:172) For utterance AMI_IS1001b_H01_MIO012_0013534_0013569, Bayes Risk 0, avg. confidence per-word 1
LOG (lattice-to-ctm-conf[5.2.134~1-ecd4]:main():lattice-to-ctm-conf.cc:172) For utterance AMI_IS1001b_H01_MIO012_0013830_0013931, Bayes Risk 0.0693557, avg. confidence per-word 0.990492
LOG (lattice-align-words-lexicon[5.2.134~1-ecd4]:main():lattice-align-words-lexicon.cc:138) Successfully aligned 33 lattices; 0 had errors.
LOG (lattice-to-ctm-conf[5.2.134~1-ecd4]:main():lattice-to-ctm-conf.cc:181) Done 33 lattices.
LOG (lattice-to-ctm-conf[5.2.134~1-ecd4]:main():lattice-to-ctm-conf.cc:182) Overall average Bayes Risk per sentence is 0.387113 and per word, 0.15208
# Accounting: time=8 threads=1
# Ended (code 0) at Sun Feb 25 16:36:17 EST 2018, elapsed time 8 seconds
