Running training with mode ae
Using generative adversarial loss
Noising 25.000% of input features
Constructing model...
Done constructing model.
CNNGANMultidecoder(
  (encoder_conv): Sequential(
    (conv2d_0): Conv2d (1, 256, kernel_size=(3, 3), stride=(1, 1))
    (SELU_0): SELU
    (maxpool2d_0): MaxPool2d(kernel_size=(1, 3), stride=(1, 3), dilation=(1, 1))
    (conv2d_1): Conv2d (256, 256, kernel_size=(3, 3), stride=(1, 1))
    (SELU_1): SELU
    (maxpool2d_1): MaxPool2d(kernel_size=(1, 3), stride=(1, 3), dilation=(1, 1))
  )
  (encoder_fc): Sequential(
    (lin_0): Linear(in_features=14336, out_features=2048)
    (SELU_0): SELU
    (lin_1): Linear(in_features=2048, out_features=2048)
    (SELU_1): SELU
    (lin_final): Linear(in_features=2048, out_features=256)
    (SELU_final): SELU
  )
  (decoder_fc_ihm): Sequential(
    (lin_0): Linear(in_features=256, out_features=2048)
    (SELU_0): SELU
    (lin_1): Linear(in_features=2048, out_features=2048)
    (SELU_1): SELU
    (lin_final): Linear(in_features=2048, out_features=14336)
    (SELU_final): SELU
  )
  (decoder_deconv_ihm): Sequential(
    (maxunpool2d_0): MaxUnpool2d(kernel_size=(1, 3), stride=(1, 3), padding=(0, 0))
    (conv2d_0): Conv2d (256, 256, kernel_size=(3, 3), stride=(1, 1), padding=(2, 2))
    (SELU_0): SELU
    (maxunpool2d_1): MaxUnpool2d(kernel_size=(1, 3), stride=(1, 3), padding=(0, 0))
    (conv2d_1): Conv2d (256, 1, kernel_size=(3, 3), stride=(1, 1), padding=(2, 2))
    (SELU_1): SELU
  )
  (decoder_fc_sdm1): Sequential(
    (lin_0): Linear(in_features=256, out_features=2048)
    (SELU_0): SELU
    (lin_1): Linear(in_features=2048, out_features=2048)
    (SELU_1): SELU
    (lin_final): Linear(in_features=2048, out_features=14336)
    (SELU_final): SELU
  )
  (decoder_deconv_sdm1): Sequential(
    (maxunpool2d_0): MaxUnpool2d(kernel_size=(1, 3), stride=(1, 3), padding=(0, 0))
    (conv2d_0): Conv2d (256, 256, kernel_size=(3, 3), stride=(1, 1), padding=(2, 2))
    (SELU_0): SELU
    (maxunpool2d_1): MaxUnpool2d(kernel_size=(1, 3), stride=(1, 3), padding=(0, 0))
    (conv2d_1): Conv2d (256, 1, kernel_size=(3, 3), stride=(1, 1), padding=(2, 2))
    (SELU_1): SELU
  )
  (gan_ihm): Sequential(
    (lin_0): Linear(in_features=880, out_features=256)
    (Sigmoid_0): Sigmoid()
    (lin_final): Linear(in_features=256, out_features=1)
    (Sigmoid_final): Sigmoid()
  )
  (gan_sdm1): Sequential(
    (lin_0): Linear(in_features=880, out_features=256)
    (Sigmoid_0): Sigmoid()
    (lin_final): Linear(in_features=256, out_features=1)
    (Sigmoid_final): Sigmoid()
  )
)
Model has 104506372 trainable parameters
Setting up data...
Setting up training datasets...
Using 2407138 training features (9403 batches) for class ihm
Using 2407138 training features (9403 batches) for class sdm1
Setting up dev datasets...
Using 249565 dev features (975 batches) for class ihm
Using 249565 dev features (975 batches) for class sdm1
Setting up minibatch shuffling for training...
18806 total batches: {'ihm': 9403, 'sdm1': 9403}
Done setting up data.
Completed setup in 143.543 seconds
Starting training!

STARTING EPOCH 1
Train epoch 1: [1000/18806 (5.3%)]
Losses:
=> Class ihm
===> autoencoding_recon_loss: 0.756
===> backtranslation_recon_loss: 0.774
===> gan_loss: -0.702
===> Total for class ihm: 0.829
=> Class sdm1
===> autoencoding_recon_loss: 0.746
===> backtranslation_recon_loss: 0.795
===> gan_loss: -0.700
===> Total for class sdm1: 0.841
TOTAL: 1.669
Train epoch 1: [2000/18806 (10.6%)]
Losses:
=> Class ihm
===> autoencoding_recon_loss: 0.641
===> backtranslation_recon_loss: 0.664
===> gan_loss: -0.699
===> Total for class ihm: 0.606
=> Class sdm1
===> autoencoding_recon_loss: 0.608
===> backtranslation_recon_loss: 0.654
===> gan_loss: -0.697
===> Total for class sdm1: 0.565
TOTAL: 1.171
Train epoch 1: [3000/18806 (16.0%)]
Losses:
=> Class ihm
===> autoencoding_recon_loss: 0.531
===> backtranslation_recon_loss: 0.556
===> gan_loss: -0.697
===> Total for class ihm: 0.389
=> Class sdm1
===> autoencoding_recon_loss: 0.513
===> backtranslation_recon_loss: 0.557
===> gan_loss: -0.696
===> Total for class sdm1: 0.374
TOTAL: 0.763
Train epoch 1: [4000/18806 (21.3%)]
Losses:
=> Class ihm
===> autoencoding_recon_loss: 0.443
===> backtranslation_recon_loss: 0.467
===> gan_loss: -0.696
===> Total for class ihm: 0.214
=> Class sdm1
===> autoencoding_recon_loss: 0.442
===> backtranslation_recon_loss: 0.481
===> gan_loss: -0.696
===> Total for class sdm1: 0.228
TOTAL: 0.442
Train epoch 1: [5000/18806 (26.6%)]
Losses:
=> Class ihm
===> autoencoding_recon_loss: 0.382
===> backtranslation_recon_loss: 0.403
===> gan_loss: -0.696
===> Total for class ihm: 0.089
=> Class sdm1
===> autoencoding_recon_loss: 0.392
===> backtranslation_recon_loss: 0.425
===> gan_loss: -0.695
===> Total for class sdm1: 0.122
TOTAL: 0.212
Train epoch 1: [6000/18806 (31.9%)]
Losses:
=> Class ihm
===> autoencoding_recon_loss: 0.341
===> backtranslation_recon_loss: 0.358
===> gan_loss: -0.696
===> Total for class ihm: 0.003
=> Class sdm1
===> autoencoding_recon_loss: 0.355
===> backtranslation_recon_loss: 0.385
===> gan_loss: -0.695
===> Total for class sdm1: 0.045
TOTAL: 0.048
Train epoch 1: [7000/18806 (37.2%)]
Losses:
=> Class ihm
===> autoencoding_recon_loss: 0.310
===> backtranslation_recon_loss: 0.325
===> gan_loss: -0.696
===> Total for class ihm: -0.061
=> Class sdm1
===> autoencoding_recon_loss: 0.328
===> backtranslation_recon_loss: 0.354
===> gan_loss: -0.695
===> Total for class sdm1: -0.012
TOTAL: -0.073
Train epoch 1: [8000/18806 (42.5%)]
Losses:
=> Class ihm
===> autoencoding_recon_loss: 0.286
===> backtranslation_recon_loss: 0.299
===> gan_loss: -0.695
===> Total for class ihm: -0.111
=> Class sdm1
===> autoencoding_recon_loss: 0.304
===> backtranslation_recon_loss: 0.328
===> gan_loss: -0.695
===> Total for class sdm1: -0.063
TOTAL: -0.174
Train epoch 1: [9000/18806 (47.9%)]
Losses:
=> Class ihm
===> autoencoding_recon_loss: 0.266
===> backtranslation_recon_loss: 0.278
===> gan_loss: -0.695
===> Total for class ihm: -0.152
=> Class sdm1
===> autoencoding_recon_loss: 0.286
===> backtranslation_recon_loss: 0.307
===> gan_loss: -0.695
===> Total for class sdm1: -0.102
TOTAL: -0.254
Train epoch 1: [10000/18806 (53.2%)]
Losses:
=> Class ihm
===> autoencoding_recon_loss: 0.249
===> backtranslation_recon_loss: 0.259
===> gan_loss: -0.695
===> Total for class ihm: -0.187
=> Class sdm1
===> autoencoding_recon_loss: 0.271
===> backtranslation_recon_loss: 0.290
===> gan_loss: -0.695
===> Total for class sdm1: -0.134
TOTAL: -0.321
Train epoch 1: [11000/18806 (58.5%)]
Losses:
=> Class ihm
===> autoencoding_recon_loss: 0.235
===> backtranslation_recon_loss: 0.243
===> gan_loss: -0.695
===> Total for class ihm: -0.217
=> Class sdm1
===> autoencoding_recon_loss: 0.258
===> backtranslation_recon_loss: 0.275
===> gan_loss: -0.695
===> Total for class sdm1: -0.161
TOTAL: -0.378
Train epoch 1: [12000/18806 (63.8%)]
Losses:
=> Class ihm
===> autoencoding_recon_loss: 0.223
===> backtranslation_recon_loss: 0.229
===> gan_loss: -0.695
===> Total for class ihm: -0.243
=> Class sdm1
===> autoencoding_recon_loss: 0.248
===> backtranslation_recon_loss: 0.263
===> gan_loss: -0.694
===> Total for class sdm1: -0.184
TOTAL: -0.427
Train epoch 1: [13000/18806 (69.1%)]
Losses:
=> Class ihm
===> autoencoding_recon_loss: 0.212
===> backtranslation_recon_loss: 0.218
===> gan_loss: -0.695
===> Total for class ihm: -0.264
=> Class sdm1
===> autoencoding_recon_loss: 0.237
===> backtranslation_recon_loss: 0.251
===> gan_loss: -0.694
===> Total for class sdm1: -0.206
TOTAL: -0.471
Train epoch 1: [14000/18806 (74.4%)]
Losses:
=> Class ihm
===> autoencoding_recon_loss: 0.203
===> backtranslation_recon_loss: 0.208
===> gan_loss: -0.695
===> Total for class ihm: -0.284
=> Class sdm1
===> autoencoding_recon_loss: 0.229
===> backtranslation_recon_loss: 0.241
===> gan_loss: -0.694
===> Total for class sdm1: -0.224
TOTAL: -0.509
Train epoch 1: [15000/18806 (79.8%)]
Losses:
=> Class ihm
===> autoencoding_recon_loss: 0.196
===> backtranslation_recon_loss: 0.199
===> gan_loss: -0.695
===> Total for class ihm: -0.300
=> Class sdm1
===> autoencoding_recon_loss: 0.221
===> backtranslation_recon_loss: 0.232
===> gan_loss: -0.694
===> Total for class sdm1: -0.241
TOTAL: -0.541
Train epoch 1: [16000/18806 (85.1%)]
Losses:
=> Class ihm
===> autoencoding_recon_loss: 0.189
===> backtranslation_recon_loss: 0.192
===> gan_loss: -0.695
===> Total for class ihm: -0.314
=> Class sdm1
===> autoencoding_recon_loss: 0.214
===> backtranslation_recon_loss: 0.223
===> gan_loss: -0.694
===> Total for class sdm1: -0.257
TOTAL: -0.571
Train epoch 1: [17000/18806 (90.4%)]
Losses:
=> Class ihm
===> autoencoding_recon_loss: 0.182
===> backtranslation_recon_loss: 0.184
===> gan_loss: -0.695
===> Total for class ihm: -0.328
=> Class sdm1
===> autoencoding_recon_loss: 0.207
===> backtranslation_recon_loss: 0.216
===> gan_loss: -0.694
===> Total for class sdm1: -0.271
TOTAL: -0.599
Train epoch 1: [18000/18806 (95.7%)]
Losses:
=> Class ihm
===> autoencoding_recon_loss: 0.176
===> backtranslation_recon_loss: 0.178
===> gan_loss: -0.694
===> Total for class ihm: -0.340
=> Class sdm1
===> autoencoding_recon_loss: 0.201
===> backtranslation_recon_loss: 0.209
===> gan_loss: -0.694
===> Total for class sdm1: -0.284
TOTAL: -0.624

EPOCH 1 TRAIN (8954.957s)
Losses:
=> Class ihm
===> autoencoding_recon_loss: 0.172
===> backtranslation_recon_loss: 0.173
===> gan_loss: -0.694
===> Total for class ihm: -0.349
=> Class sdm1
===> autoencoding_recon_loss: 0.197
===> backtranslation_recon_loss: 0.204
===> gan_loss: -0.694
===> Total for class sdm1: -0.294
TOTAL: -0.643

EPOCH 1 DEV (189.489s)
Losses:
=> Class ihm
===> autoencoding_recon_loss: 0.071
===> backtranslation_recon_loss: 0.062
===> gan_loss: -0.694
===> Total for class ihm: -0.561
=> Class sdm1
===> autoencoding_recon_loss: 0.100
===> backtranslation_recon_loss: 0.086
===> gan_loss: -0.693
===> Total for class sdm1: -0.507
TOTAL: -1.068

New best dev set loss: -1.067613
Saved checkpoint for model

STARTING EPOCH 2
Train epoch 2: [1000/18806 (5.3%)]
Losses:
=> Class ihm
===> autoencoding_recon_loss: 0.074
===> backtranslation_recon_loss: 0.067
===> gan_loss: -0.694
===> Total for class ihm: -0.553
=> Class sdm1
===> autoencoding_recon_loss: 0.105
===> backtranslation_recon_loss: 0.099
===> gan_loss: -0.693
===> Total for class sdm1: -0.490
TOTAL: -1.043
Train epoch 2: [2000/18806 (10.6%)]
Losses:
=> Class ihm
===> autoencoding_recon_loss: 0.072
===> backtranslation_recon_loss: 0.064
===> gan_loss: -0.694
===> Total for class ihm: -0.559
=> Class sdm1
===> autoencoding_recon_loss: 0.102
===> backtranslation_recon_loss: 0.094
===> gan_loss: -0.693
===> Total for class sdm1: -0.498
TOTAL: -1.057
Train epoch 2: [3000/18806 (16.0%)]
Losses:
=> Class ihm
===> autoencoding_recon_loss: 0.072
===> backtranslation_recon_loss: 0.064
===> gan_loss: -0.694
===> Total for class ihm: -0.558
=> Class sdm1
===> autoencoding_recon_loss: 0.101
===> backtranslation_recon_loss: 0.093
===> gan_loss: -0.693
===> Total for class sdm1: -0.499
TOTAL: -1.058
Train epoch 2: [4000/18806 (21.3%)]
Losses:
=> Class ihm
===> autoencoding_recon_loss: 0.070
===> backtranslation_recon_loss: 0.063
===> gan_loss: -0.694
===> Total for class ihm: -0.561
=> Class sdm1
===> autoencoding_recon_loss: 0.100
===> backtranslation_recon_loss: 0.092
===> gan_loss: -0.693
===> Total for class sdm1: -0.501
TOTAL: -1.062
Train epoch 2: [5000/18806 (26.6%)]
Losses:
=> Class ihm
===> autoencoding_recon_loss: 0.070
===> backtranslation_recon_loss: 0.062
===> gan_loss: -0.694
===> Total for class ihm: -0.562
=> Class sdm1
===> autoencoding_recon_loss: 0.098
===> backtranslation_recon_loss: 0.090
===> gan_loss: -0.693
===> Total for class sdm1: -0.505
TOTAL: -1.067
Train epoch 2: [6000/18806 (31.9%)]
Losses:
=> Class ihm
===> autoencoding_recon_loss: 0.069
===> backtranslation_recon_loss: 0.061
===> gan_loss: -0.694
===> Total for class ihm: -0.564
=> Class sdm1
===> autoencoding_recon_loss: 0.097
===> backtranslation_recon_loss: 0.090
===> gan_loss: -0.693
===> Total for class sdm1: -0.506
TOTAL: -1.070
Train epoch 2: [7000/18806 (37.2%)]
Losses:
=> Class ihm
===> autoencoding_recon_loss: 0.070
===> backtranslation_recon_loss: 0.063
===> gan_loss: -0.694
===> Total for class ihm: -0.561
=> Class sdm1
===> autoencoding_recon_loss: 0.099
===> backtranslation_recon_loss: 0.092
===> gan_loss: -0.693
===> Total for class sdm1: -0.503
TOTAL: -1.064
Train epoch 2: [8000/18806 (42.5%)]
Losses:
=> Class ihm
===> autoencoding_recon_loss: 0.069
===> backtranslation_recon_loss: 0.062
===> gan_loss: -0.694
===> Total for class ihm: -0.564
=> Class sdm1
===> autoencoding_recon_loss: 0.098
===> backtranslation_recon_loss: 0.090
===> gan_loss: -0.693
===> Total for class sdm1: -0.505
TOTAL: -1.069
Train epoch 2: [9000/18806 (47.9%)]
Losses:
=> Class ihm
===> autoencoding_recon_loss: 0.069
===> backtranslation_recon_loss: 0.061
===> gan_loss: -0.694
===> Total for class ihm: -0.564
=> Class sdm1
===> autoencoding_recon_loss: 0.096
===> backtranslation_recon_loss: 0.089
===> gan_loss: -0.693
===> Total for class sdm1: -0.508
TOTAL: -1.072
Train epoch 2: [10000/18806 (53.2%)]
Losses:
=> Class ihm
===> autoencoding_recon_loss: 0.068
===> backtranslation_recon_loss: 0.061
===> gan_loss: -0.694
===> Total for class ihm: -0.565
=> Class sdm1
===> autoencoding_recon_loss: 0.096
===> backtranslation_recon_loss: 0.089
===> gan_loss: -0.693
===> Total for class sdm1: -0.509
TOTAL: -1.073
Train epoch 2: [11000/18806 (58.5%)]
Losses:
=> Class ihm
===> autoencoding_recon_loss: 0.068
===> backtranslation_recon_loss: 0.061
===> gan_loss: -0.694
===> Total for class ihm: -0.566
=> Class sdm1
===> autoencoding_recon_loss: 0.095
===> backtranslation_recon_loss: 0.088
===> gan_loss: -0.693
===> Total for class sdm1: -0.510
TOTAL: -1.075
Train epoch 2: [12000/18806 (63.8%)]
Losses:
=> Class ihm
===> autoencoding_recon_loss: 0.067
===> backtranslation_recon_loss: 0.060
===> gan_loss: -0.694
===> Total for class ihm: -0.566
=> Class sdm1
===> autoencoding_recon_loss: 0.095
===> backtranslation_recon_loss: 0.088
===> gan_loss: -0.693
===> Total for class sdm1: -0.510
TOTAL: -1.077
Train epoch 2: [13000/18806 (69.1%)]
Losses:
=> Class ihm
===> autoencoding_recon_loss: 0.067
===> backtranslation_recon_loss: 0.060
===> gan_loss: -0.694
===> Total for class ihm: -0.568
=> Class sdm1
===> autoencoding_recon_loss: 0.094
===> backtranslation_recon_loss: 0.087
===> gan_loss: -0.693
===> Total for class sdm1: -0.512
TOTAL: -1.080
Train epoch 2: [14000/18806 (74.4%)]
Losses:
=> Class ihm
===> autoencoding_recon_loss: 0.067
===> backtranslation_recon_loss: 0.060
===> gan_loss: -0.694
===> Total for class ihm: -0.568
=> Class sdm1
===> autoencoding_recon_loss: 0.094
===> backtranslation_recon_loss: 0.087
===> gan_loss: -0.693
===> Total for class sdm1: -0.512
TOTAL: -1.080
Train epoch 2: [15000/18806 (79.8%)]
Losses:
=> Class ihm
===> autoencoding_recon_loss: 0.066
===> backtranslation_recon_loss: 0.059
===> gan_loss: -0.694
===> Total for class ihm: -0.569
=> Class sdm1
===> autoencoding_recon_loss: 0.094
===> backtranslation_recon_loss: 0.086
===> gan_loss: -0.693
===> Total for class sdm1: -0.514
TOTAL: -1.082
Train epoch 2: [16000/18806 (85.1%)]
Losses:
=> Class ihm
===> autoencoding_recon_loss: 0.066
===> backtranslation_recon_loss: 0.059
===> gan_loss: -0.694
===> Total for class ihm: -0.570
=> Class sdm1
===> autoencoding_recon_loss: 0.093
===> backtranslation_recon_loss: 0.086
===> gan_loss: -0.693
===> Total for class sdm1: -0.515
TOTAL: -1.084
Train epoch 2: [17000/18806 (90.4%)]
Losses:
=> Class ihm
===> autoencoding_recon_loss: 0.065
===> backtranslation_recon_loss: 0.058
===> gan_loss: -0.694
===> Total for class ihm: -0.570
=> Class sdm1
===> autoencoding_recon_loss: 0.092
===> backtranslation_recon_loss: 0.085
===> gan_loss: -0.693
===> Total for class sdm1: -0.516
TOTAL: -1.086
Train epoch 2: [18000/18806 (95.7%)]
Losses:
=> Class ihm
===> autoencoding_recon_loss: 0.065
===> backtranslation_recon_loss: 0.058
===> gan_loss: -0.694
===> Total for class ihm: -0.571
=> Class sdm1
===> autoencoding_recon_loss: 0.092
===> backtranslation_recon_loss: 0.084
===> gan_loss: -0.693
===> Total for class sdm1: -0.517
TOTAL: -1.089

EPOCH 2 TRAIN (8980.082s)
Losses:
=> Class ihm
===> autoencoding_recon_loss: 0.065
===> backtranslation_recon_loss: 0.057
===> gan_loss: -0.694
===> Total for class ihm: -0.572
=> Class sdm1
===> autoencoding_recon_loss: 0.092
===> backtranslation_recon_loss: 0.084
===> gan_loss: -0.693
===> Total for class sdm1: -0.518
TOTAL: -1.090

EPOCH 2 DEV (188.700s)
Losses:
=> Class ihm
===> autoencoding_recon_loss: 0.066
===> backtranslation_recon_loss: 0.052
===> gan_loss: -0.697
===> Total for class ihm: -0.579
=> Class sdm1
===> autoencoding_recon_loss: 0.088
===> backtranslation_recon_loss: 0.073
===> gan_loss: -0.694
===> Total for class sdm1: -0.532
TOTAL: -1.111

New best dev set loss: -1.111433
Saved checkpoint for model

STARTING EPOCH 3
Train epoch 3: [1000/18806 (5.3%)]
Losses:
=> Class ihm
===> autoencoding_recon_loss: 0.059
===> backtranslation_recon_loss: 0.054
===> gan_loss: -0.694
===> Total for class ihm: -0.581
=> Class sdm1
===> autoencoding_recon_loss: 0.090
===> backtranslation_recon_loss: 0.081
===> gan_loss: -0.694
===> Total for class sdm1: -0.522
TOTAL: -1.104
Train epoch 3: [2000/18806 (10.6%)]
Losses:
=> Class ihm
===> autoencoding_recon_loss: 0.060
===> backtranslation_recon_loss: 0.055
===> gan_loss: -0.694
===> Total for class ihm: -0.580
=> Class sdm1
===> autoencoding_recon_loss: 0.088
===> backtranslation_recon_loss: 0.079
===> gan_loss: -0.694
===> Total for class sdm1: -0.526
TOTAL: -1.105
Train epoch 3: [3000/18806 (16.0%)]
Losses:
=> Class ihm
===> autoencoding_recon_loss: 0.061
===> backtranslation_recon_loss: 0.055
===> gan_loss: -0.694
===> Total for class ihm: -0.579
=> Class sdm1
===> autoencoding_recon_loss: 0.088
===> backtranslation_recon_loss: 0.079
===> gan_loss: -0.694
===> Total for class sdm1: -0.526
TOTAL: -1.104
Train epoch 3: [4000/18806 (21.3%)]
Losses:
=> Class ihm
===> autoencoding_recon_loss: 0.060
===> backtranslation_recon_loss: 0.054
===> gan_loss: -0.694
===> Total for class ihm: -0.581
=> Class sdm1
===> autoencoding_recon_loss: 0.088
===> backtranslation_recon_loss: 0.079
===> gan_loss: -0.693
===> Total for class sdm1: -0.526
TOTAL: -1.107
Train epoch 3: [5000/18806 (26.6%)]
Losses:
=> Class ihm
===> autoencoding_recon_loss: 0.060
===> backtranslation_recon_loss: 0.054
===> gan_loss: -0.694
===> Total for class ihm: -0.581
=> Class sdm1
===> autoencoding_recon_loss: 0.087
===> backtranslation_recon_loss: 0.078
===> gan_loss: -0.693
===> Total for class sdm1: -0.528
TOTAL: -1.109
Train epoch 3: [6000/18806 (31.9%)]
Losses:
=> Class ihm
===> autoencoding_recon_loss: 0.059
===> backtranslation_recon_loss: 0.053
===> gan_loss: -0.694
===> Total for class ihm: -0.582
=> Class sdm1
===> autoencoding_recon_loss: 0.086
===> backtranslation_recon_loss: 0.077
===> gan_loss: -0.693
===> Total for class sdm1: -0.530
TOTAL: -1.112
Train epoch 3: [7000/18806 (37.2%)]
Losses:
=> Class ihm
===> autoencoding_recon_loss: 0.058
===> backtranslation_recon_loss: 0.052
===> gan_loss: -0.694
===> Total for class ihm: -0.583
=> Class sdm1
===> autoencoding_recon_loss: 0.086
===> backtranslation_recon_loss: 0.076
===> gan_loss: -0.693
===> Total for class sdm1: -0.531
TOTAL: -1.115
Train epoch 3: [8000/18806 (42.5%)]
Losses:
=> Class ihm
===> autoencoding_recon_loss: 0.058
===> backtranslation_recon_loss: 0.052
===> gan_loss: -0.694
===> Total for class ihm: -0.584
=> Class sdm1
===> autoencoding_recon_loss: 0.086
===> backtranslation_recon_loss: 0.076
===> gan_loss: -0.693
===> Total for class sdm1: -0.532
TOTAL: -1.115
Train epoch 3: [9000/18806 (47.9%)]
Losses:
=> Class ihm
===> autoencoding_recon_loss: 0.058
===> backtranslation_recon_loss: 0.051
===> gan_loss: -0.694
===> Total for class ihm: -0.584
=> Class sdm1
===> autoencoding_recon_loss: 0.085
===> backtranslation_recon_loss: 0.075
===> gan_loss: -0.693
===> Total for class sdm1: -0.533
TOTAL: -1.117
Train epoch 3: [10000/18806 (53.2%)]
Losses:
=> Class ihm
===> autoencoding_recon_loss: 0.058
===> backtranslation_recon_loss: 0.051
===> gan_loss: -0.694
===> Total for class ihm: -0.585
=> Class sdm1
===> autoencoding_recon_loss: 0.085
===> backtranslation_recon_loss: 0.075
===> gan_loss: -0.693
===> Total for class sdm1: -0.533
TOTAL: -1.118
Train epoch 3: [11000/18806 (58.5%)]
Losses:
=> Class ihm
===> autoencoding_recon_loss: 0.058
===> backtranslation_recon_loss: 0.051
===> gan_loss: -0.694
===> Total for class ihm: -0.585
=> Class sdm1
===> autoencoding_recon_loss: 0.085
===> backtranslation_recon_loss: 0.075
===> gan_loss: -0.693
===> Total for class sdm1: -0.533
TOTAL: -1.118
Train epoch 3: [12000/18806 (63.8%)]
Losses:
=> Class ihm
===> autoencoding_recon_loss: 0.058
===> backtranslation_recon_loss: 0.051
===> gan_loss: -0.694
===> Total for class ihm: -0.585
=> Class sdm1
===> autoencoding_recon_loss: 0.085
===> backtranslation_recon_loss: 0.076
===> gan_loss: -0.693
===> Total for class sdm1: -0.532
TOTAL: -1.117
Train epoch 3: [13000/18806 (69.1%)]
Losses:
=> Class ihm
===> autoencoding_recon_loss: 0.057
===> backtranslation_recon_loss: 0.051
===> gan_loss: -0.694
===> Total for class ihm: -0.586
=> Class sdm1
===> autoencoding_recon_loss: 0.085
===> backtranslation_recon_loss: 0.075
===> gan_loss: -0.693
===> Total for class sdm1: -0.534
TOTAL: -1.120
Train epoch 3: [14000/18806 (74.4%)]
Losses:
=> Class ihm
===> autoencoding_recon_loss: 0.057
===> backtranslation_recon_loss: 0.050
===> gan_loss: -0.694
===> Total for class ihm: -0.586
=> Class sdm1
===> autoencoding_recon_loss: 0.084
===> backtranslation_recon_loss: 0.075
===> gan_loss: -0.693
===> Total for class sdm1: -0.534
TOTAL: -1.120
Train epoch 3: [15000/18806 (79.8%)]
Losses:
=> Class ihm
===> autoencoding_recon_loss: 0.057
===> backtranslation_recon_loss: 0.050
===> gan_loss: -0.694
===> Total for class ihm: -0.586
=> Class sdm1
===> autoencoding_recon_loss: 0.084
===> backtranslation_recon_loss: 0.075
===> gan_loss: -0.693
===> Total for class sdm1: -0.535
TOTAL: -1.121
Train epoch 3: [16000/18806 (85.1%)]
Losses:
=> Class ihm
===> autoencoding_recon_loss: 0.057
===> backtranslation_recon_loss: 0.050
===> gan_loss: -0.694
===> Total for class ihm: -0.587
=> Class sdm1
===> autoencoding_recon_loss: 0.084
===> backtranslation_recon_loss: 0.074
===> gan_loss: -0.693
===> Total for class sdm1: -0.535
TOTAL: -1.122
Train epoch 3: [17000/18806 (90.4%)]
Losses:
=> Class ihm
===> autoencoding_recon_loss: 0.057
===> backtranslation_recon_loss: 0.050
===> gan_loss: -0.694
===> Total for class ihm: -0.587
=> Class sdm1
===> autoencoding_recon_loss: 0.084
===> backtranslation_recon_loss: 0.074
===> gan_loss: -0.693
===> Total for class sdm1: -0.536
TOTAL: -1.123
Train epoch 3: [18000/18806 (95.7%)]
Losses:
=> Class ihm
===> autoencoding_recon_loss: 0.057
===> backtranslation_recon_loss: 0.050
===> gan_loss: -0.694
===> Total for class ihm: -0.588
=> Class sdm1
===> autoencoding_recon_loss: 0.083
===> backtranslation_recon_loss: 0.073
===> gan_loss: -0.693
===> Total for class sdm1: -0.537
TOTAL: -1.124

EPOCH 3 TRAIN (8967.290s)
Losses:
=> Class ihm
===> autoencoding_recon_loss: 0.057
===> backtranslation_recon_loss: 0.050
===> gan_loss: -0.694
===> Total for class ihm: -0.587
=> Class sdm1
===> autoencoding_recon_loss: 0.084
===> backtranslation_recon_loss: 0.074
===> gan_loss: -0.693
===> Total for class sdm1: -0.535
TOTAL: -1.122

EPOCH 3 DEV (189.208s)
Losses:
=> Class ihm
===> autoencoding_recon_loss: 0.066
===> backtranslation_recon_loss: 0.065
===> gan_loss: -0.694
===> Total for class ihm: -0.562
=> Class sdm1
===> autoencoding_recon_loss: 0.087
===> backtranslation_recon_loss: 0.091
===> gan_loss: -0.693
===> Total for class sdm1: -0.515
TOTAL: -1.078

No improvement in 1 epochs (best dev set loss: -1.111433)
Not saving checkpoint; no improvement made

STARTING EPOCH 4
Train epoch 4: [1000/18806 (5.3%)]
Losses:
=> Class ihm
===> autoencoding_recon_loss: 0.051
===> backtranslation_recon_loss: 0.044
===> gan_loss: -0.693
===> Total for class ihm: -0.598
=> Class sdm1
===> autoencoding_recon_loss: 0.081
===> backtranslation_recon_loss: 0.070
===> gan_loss: -0.693
===> Total for class sdm1: -0.543
TOTAL: -1.141
Train epoch 4: [2000/18806 (10.6%)]
Losses:
=> Class ihm
===> autoencoding_recon_loss: 0.054
===> backtranslation_recon_loss: 0.046
===> gan_loss: -0.694
===> Total for class ihm: -0.594
=> Class sdm1
===> autoencoding_recon_loss: 0.081
===> backtranslation_recon_loss: 0.070
===> gan_loss: -0.694
===> Total for class sdm1: -0.543
TOTAL: -1.136
Train epoch 4: [3000/18806 (16.0%)]
Losses:
=> Class ihm
===> autoencoding_recon_loss: 0.054
===> backtranslation_recon_loss: 0.046
===> gan_loss: -0.694
===> Total for class ihm: -0.594
=> Class sdm1
===> autoencoding_recon_loss: 0.081
===> backtranslation_recon_loss: 0.070
===> gan_loss: -0.694
===> Total for class sdm1: -0.543
TOTAL: -1.137
Train epoch 4: [4000/18806 (21.3%)]
Losses:
=> Class ihm
===> autoencoding_recon_loss: 0.053
===> backtranslation_recon_loss: 0.046
===> gan_loss: -0.694
===> Total for class ihm: -0.595
=> Class sdm1
===> autoencoding_recon_loss: 0.080
===> backtranslation_recon_loss: 0.069
===> gan_loss: -0.693
===> Total for class sdm1: -0.544
TOTAL: -1.139
Train epoch 4: [5000/18806 (26.6%)]
Losses:
=> Class ihm
===> autoencoding_recon_loss: 0.053
===> backtranslation_recon_loss: 0.046
===> gan_loss: -0.694
===> Total for class ihm: -0.596
=> Class sdm1
===> autoencoding_recon_loss: 0.080
===> backtranslation_recon_loss: 0.068
===> gan_loss: -0.693
===> Total for class sdm1: -0.545
TOTAL: -1.141
Train epoch 4: [6000/18806 (31.9%)]
Losses:
=> Class ihm
===> autoencoding_recon_loss: 0.053
===> backtranslation_recon_loss: 0.046
===> gan_loss: -0.694
===> Total for class ihm: -0.595
=> Class sdm1
===> autoencoding_recon_loss: 0.080
===> backtranslation_recon_loss: 0.069
===> gan_loss: -0.694
===> Total for class sdm1: -0.544
TOTAL: -1.139
Train epoch 4: [7000/18806 (37.2%)]
Losses:
=> Class ihm
===> autoencoding_recon_loss: 0.053
===> backtranslation_recon_loss: 0.046
===> gan_loss: -0.694
===> Total for class ihm: -0.595
=> Class sdm1
===> autoencoding_recon_loss: 0.080
===> backtranslation_recon_loss: 0.069
===> gan_loss: -0.693
===> Total for class sdm1: -0.544
TOTAL: -1.139
Train epoch 4: [8000/18806 (42.5%)]
Losses:
=> Class ihm
===> autoencoding_recon_loss: 0.053
===> backtranslation_recon_loss: 0.046
===> gan_loss: -0.694
===> Total for class ihm: -0.595
=> Class sdm1
===> autoencoding_recon_loss: 0.080
===> backtranslation_recon_loss: 0.069
===> gan_loss: -0.693
===> Total for class sdm1: -0.544
TOTAL: -1.139
Train epoch 4: [9000/18806 (47.9%)]
Losses:
=> Class ihm
===> autoencoding_recon_loss: 0.053
===> backtranslation_recon_loss: 0.046
===> gan_loss: -0.694
===> Total for class ihm: -0.595
=> Class sdm1
===> autoencoding_recon_loss: 0.080
===> backtranslation_recon_loss: 0.068
===> gan_loss: -0.693
===> Total for class sdm1: -0.546
TOTAL: -1.141
Train epoch 4: [10000/18806 (53.2%)]
Losses:
=> Class ihm
===> autoencoding_recon_loss: 0.053
===> backtranslation_recon_loss: 0.046
===> gan_loss: -0.694
===> Total for class ihm: -0.595
=> Class sdm1
===> autoencoding_recon_loss: 0.079
===> backtranslation_recon_loss: 0.068
===> gan_loss: -0.693
===> Total for class sdm1: -0.546
TOTAL: -1.141
Train epoch 4: [11000/18806 (58.5%)]
Losses:
=> Class ihm
===> autoencoding_recon_loss: 0.053
===> backtranslation_recon_loss: 0.046
===> gan_loss: -0.694
===> Total for class ihm: -0.595
=> Class sdm1
===> autoencoding_recon_loss: 0.080
===> backtranslation_recon_loss: 0.069
===> gan_loss: -0.693
===> Total for class sdm1: -0.545
TOTAL: -1.139
Train epoch 4: [12000/18806 (63.8%)]
Losses:
=> Class ihm
===> autoencoding_recon_loss: 0.053
===> backtranslation_recon_loss: 0.046
===> gan_loss: -0.694
===> Total for class ihm: -0.595
=> Class sdm1
===> autoencoding_recon_loss: 0.080
===> backtranslation_recon_loss: 0.069
===> gan_loss: -0.693
===> Total for class sdm1: -0.545
TOTAL: -1.140
Train epoch 4: [13000/18806 (69.1%)]
Losses:
=> Class ihm
===> autoencoding_recon_loss: 0.053
===> backtranslation_recon_loss: 0.045
===> gan_loss: -0.694
===> Total for class ihm: -0.596
=> Class sdm1
===> autoencoding_recon_loss: 0.079
===> backtranslation_recon_loss: 0.068
===> gan_loss: -0.693
===> Total for class sdm1: -0.546
TOTAL: -1.142
Train epoch 4: [14000/18806 (74.4%)]
Losses:
=> Class ihm
===> autoencoding_recon_loss: 0.053
===> backtranslation_recon_loss: 0.045
===> gan_loss: -0.694
===> Total for class ihm: -0.596
=> Class sdm1
===> autoencoding_recon_loss: 0.079
===> backtranslation_recon_loss: 0.068
===> gan_loss: -0.693
===> Total for class sdm1: -0.546
TOTAL: -1.141
Train epoch 4: [15000/18806 (79.8%)]
Losses:
=> Class ihm
===> autoencoding_recon_loss: 0.053
===> backtranslation_recon_loss: 0.045
===> gan_loss: -0.694
===> Total for class ihm: -0.596
=> Class sdm1
===> autoencoding_recon_loss: 0.079
===> backtranslation_recon_loss: 0.068
===> gan_loss: -0.693
===> Total for class sdm1: -0.546
TOTAL: -1.142
Train epoch 4: [16000/18806 (85.1%)]
Losses:
=> Class ihm
===> autoencoding_recon_loss: 0.053
===> backtranslation_recon_loss: 0.045
===> gan_loss: -0.694
===> Total for class ihm: -0.596
=> Class sdm1
===> autoencoding_recon_loss: 0.079
===> backtranslation_recon_loss: 0.068
===> gan_loss: -0.693
===> Total for class sdm1: -0.546
TOTAL: -1.142
Train epoch 4: [17000/18806 (90.4%)]
Losses:
=> Class ihm
===> autoencoding_recon_loss: 0.052
===> backtranslation_recon_loss: 0.045
===> gan_loss: -0.694
===> Total for class ihm: -0.596
=> Class sdm1
===> autoencoding_recon_loss: 0.079
===> backtranslation_recon_loss: 0.068
===> gan_loss: -0.693
===> Total for class sdm1: -0.547
TOTAL: -1.143
Train epoch 4: [18000/18806 (95.7%)]
Losses:
=> Class ihm
===> autoencoding_recon_loss: 0.052
===> backtranslation_recon_loss: 0.045
===> gan_loss: -0.694
===> Total for class ihm: -0.596
=> Class sdm1
===> autoencoding_recon_loss: 0.079
===> backtranslation_recon_loss: 0.068
===> gan_loss: -0.693
===> Total for class sdm1: -0.547
TOTAL: -1.143

EPOCH 4 TRAIN (8963.278s)
Losses:
=> Class ihm
===> autoencoding_recon_loss: 0.052
===> backtranslation_recon_loss: 0.045
===> gan_loss: -0.694
===> Total for class ihm: -0.597
=> Class sdm1
===> autoencoding_recon_loss: 0.079
===> backtranslation_recon_loss: 0.067
===> gan_loss: -0.693
===> Total for class sdm1: -0.547
TOTAL: -1.144

EPOCH 4 DEV (188.919s)
Losses:
=> Class ihm
===> autoencoding_recon_loss: 0.049
===> backtranslation_recon_loss: 0.041
===> gan_loss: -0.694
===> Total for class ihm: -0.605
=> Class sdm1
===> autoencoding_recon_loss: 0.073
===> backtranslation_recon_loss: 0.060
===> gan_loss: -0.693
===> Total for class sdm1: -0.559
TOTAL: -1.164

New best dev set loss: -1.164159
Saved checkpoint for model

STARTING EPOCH 5
Train epoch 5: [1000/18806 (5.3%)]
Losses:
=> Class ihm
===> autoencoding_recon_loss: 0.053
===> backtranslation_recon_loss: 0.045
===> gan_loss: -0.695
===> Total for class ihm: -0.596
=> Class sdm1
===> autoencoding_recon_loss: 0.080
===> backtranslation_recon_loss: 0.068
===> gan_loss: -0.693
===> Total for class sdm1: -0.545
TOTAL: -1.141
Train epoch 5: [2000/18806 (10.6%)]
Losses:
=> Class ihm
===> autoencoding_recon_loss: 0.055
===> backtranslation_recon_loss: 0.049
===> gan_loss: -0.694
===> Total for class ihm: -0.591
=> Class sdm1
===> autoencoding_recon_loss: 0.081
===> backtranslation_recon_loss: 0.071
===> gan_loss: -0.693
===> Total for class sdm1: -0.541
TOTAL: -1.132
Train epoch 5: [3000/18806 (16.0%)]
Losses:
=> Class ihm
===> autoencoding_recon_loss: 0.053
===> backtranslation_recon_loss: 0.046
===> gan_loss: -0.694
===> Total for class ihm: -0.595
=> Class sdm1
===> autoencoding_recon_loss: 0.079
===> backtranslation_recon_loss: 0.068
===> gan_loss: -0.693
===> Total for class sdm1: -0.546
TOTAL: -1.142
Train epoch 5: [4000/18806 (21.3%)]
Losses:
=> Class ihm
===> autoencoding_recon_loss: 0.052
===> backtranslation_recon_loss: 0.045
===> gan_loss: -0.694
===> Total for class ihm: -0.598
=> Class sdm1
===> autoencoding_recon_loss: 0.079
===> backtranslation_recon_loss: 0.067
===> gan_loss: -0.694
===> Total for class sdm1: -0.548
TOTAL: -1.146
Train epoch 5: [5000/18806 (26.6%)]
Losses:
=> Class ihm
===> autoencoding_recon_loss: 0.052
===> backtranslation_recon_loss: 0.045
===> gan_loss: -0.694
===> Total for class ihm: -0.597
=> Class sdm1
===> autoencoding_recon_loss: 0.079
===> backtranslation_recon_loss: 0.067
===> gan_loss: -0.694
===> Total for class sdm1: -0.548
TOTAL: -1.145
Train epoch 5: [6000/18806 (31.9%)]
Losses:
=> Class ihm
===> autoencoding_recon_loss: 0.052
===> backtranslation_recon_loss: 0.046
===> gan_loss: -0.694
===> Total for class ihm: -0.596
=> Class sdm1
===> autoencoding_recon_loss: 0.080
===> backtranslation_recon_loss: 0.068
===> gan_loss: -0.694
===> Total for class sdm1: -0.546
TOTAL: -1.142
Train epoch 5: [7000/18806 (37.2%)]
Losses:
=> Class ihm
===> autoencoding_recon_loss: 0.052
===> backtranslation_recon_loss: 0.045
===> gan_loss: -0.694
===> Total for class ihm: -0.597
=> Class sdm1
===> autoencoding_recon_loss: 0.079
===> backtranslation_recon_loss: 0.067
===> gan_loss: -0.693
===> Total for class sdm1: -0.547
TOTAL: -1.144
Train epoch 5: [8000/18806 (42.5%)]
Losses:
=> Class ihm
===> autoencoding_recon_loss: 0.052
===> backtranslation_recon_loss: 0.045
===> gan_loss: -0.694
===> Total for class ihm: -0.597
=> Class sdm1
===> autoencoding_recon_loss: 0.079
===> backtranslation_recon_loss: 0.067
===> gan_loss: -0.693
===> Total for class sdm1: -0.548
TOTAL: -1.145
Train epoch 5: [9000/18806 (47.9%)]
Losses:
=> Class ihm
===> autoencoding_recon_loss: 0.052
===> backtranslation_recon_loss: 0.045
===> gan_loss: -0.694
===> Total for class ihm: -0.598
=> Class sdm1
===> autoencoding_recon_loss: 0.078
===> backtranslation_recon_loss: 0.066
===> gan_loss: -0.693
===> Total for class sdm1: -0.549
TOTAL: -1.147
Train epoch 5: [10000/18806 (53.2%)]
Losses:
=> Class ihm
===> autoencoding_recon_loss: 0.051
===> backtranslation_recon_loss: 0.044
===> gan_loss: -0.694
===> Total for class ihm: -0.598
=> Class sdm1
===> autoencoding_recon_loss: 0.078
===> backtranslation_recon_loss: 0.066
===> gan_loss: -0.693
===> Total for class sdm1: -0.549
TOTAL: -1.148
Train epoch 5: [11000/18806 (58.5%)]
Losses:
=> Class ihm
===> autoencoding_recon_loss: 0.051
===> backtranslation_recon_loss: 0.044
===> gan_loss: -0.694
===> Total for class ihm: -0.598
=> Class sdm1
===> autoencoding_recon_loss: 0.078
===> backtranslation_recon_loss: 0.066
===> gan_loss: -0.693
===> Total for class sdm1: -0.549
TOTAL: -1.148
Train epoch 5: [12000/18806 (63.8%)]
Losses:
=> Class ihm
===> autoencoding_recon_loss: 0.051
===> backtranslation_recon_loss: 0.044
===> gan_loss: -0.694
===> Total for class ihm: -0.599
=> Class sdm1
===> autoencoding_recon_loss: 0.078
===> backtranslation_recon_loss: 0.066
===> gan_loss: -0.693
===> Total for class sdm1: -0.550
TOTAL: -1.149
Train epoch 5: [13000/18806 (69.1%)]
Losses:
=> Class ihm
===> autoencoding_recon_loss: 0.051
===> backtranslation_recon_loss: 0.045
===> gan_loss: -0.694
===> Total for class ihm: -0.598
=> Class sdm1
===> autoencoding_recon_loss: 0.079
===> backtranslation_recon_loss: 0.068
===> gan_loss: -0.693
===> Total for class sdm1: -0.546
TOTAL: -1.144
Train epoch 5: [14000/18806 (74.4%)]
Losses:
=> Class ihm
===> autoencoding_recon_loss: 0.051
===> backtranslation_recon_loss: 0.044
===> gan_loss: -0.694
===> Total for class ihm: -0.599
=> Class sdm1
===> autoencoding_recon_loss: 0.079
===> backtranslation_recon_loss: 0.068
===> gan_loss: -0.693
===> Total for class sdm1: -0.546
TOTAL: -1.144
Train epoch 5: [15000/18806 (79.8%)]
Losses:
=> Class ihm
===> autoencoding_recon_loss: 0.051
===> backtranslation_recon_loss: 0.044
===> gan_loss: -0.694
===> Total for class ihm: -0.599
=> Class sdm1
===> autoencoding_recon_loss: 0.079
===> backtranslation_recon_loss: 0.068
===> gan_loss: -0.693
===> Total for class sdm1: -0.546
TOTAL: -1.145
Train epoch 5: [16000/18806 (85.1%)]
Losses:
=> Class ihm
===> autoencoding_recon_loss: 0.051
===> backtranslation_recon_loss: 0.044
===> gan_loss: -0.694
===> Total for class ihm: -0.599
=> Class sdm1
===> autoencoding_recon_loss: 0.079
===> backtranslation_recon_loss: 0.067
===> gan_loss: -0.693
===> Total for class sdm1: -0.547
TOTAL: -1.146
Train epoch 5: [17000/18806 (90.4%)]
Losses:
=> Class ihm
===> autoencoding_recon_loss: 0.051
===> backtranslation_recon_loss: 0.044
===> gan_loss: -0.694
===> Total for class ihm: -0.599
=> Class sdm1
===> autoencoding_recon_loss: 0.079
===> backtranslation_recon_loss: 0.067
===> gan_loss: -0.693
===> Total for class sdm1: -0.547
TOTAL: -1.147
Train epoch 5: [18000/18806 (95.7%)]
Losses:
=> Class ihm
===> autoencoding_recon_loss: 0.050
===> backtranslation_recon_loss: 0.044
===> gan_loss: -0.694
===> Total for class ihm: -0.600
=> Class sdm1
===> autoencoding_recon_loss: 0.078
===> backtranslation_recon_loss: 0.067
===> gan_loss: -0.693
===> Total for class sdm1: -0.548
TOTAL: -1.148

EPOCH 5 TRAIN (8964.016s)
Losses:
=> Class ihm
===> autoencoding_recon_loss: 0.050
===> backtranslation_recon_loss: 0.044
===> gan_loss: -0.694
===> Total for class ihm: -0.600
=> Class sdm1
===> autoencoding_recon_loss: 0.078
===> backtranslation_recon_loss: 0.067
===> gan_loss: -0.693
===> Total for class sdm1: -0.548
TOTAL: -1.148

EPOCH 5 DEV (189.457s)
Losses:
=> Class ihm
===> autoencoding_recon_loss: 0.048
===> backtranslation_recon_loss: 0.042
===> gan_loss: -0.693
===> Total for class ihm: -0.603
=> Class sdm1
===> autoencoding_recon_loss: 0.076
===> backtranslation_recon_loss: 0.061
===> gan_loss: -0.694
===> Total for class sdm1: -0.557
TOTAL: -1.160

No improvement in 1 epochs (best dev set loss: -1.164159)
Not saving checkpoint; no improvement made

STARTING EPOCH 6
Train epoch 6: [1000/18806 (5.3%)]
Losses:
=> Class ihm
===> autoencoding_recon_loss: 0.049
===> backtranslation_recon_loss: 0.043
===> gan_loss: -0.698
===> Total for class ihm: -0.605
=> Class sdm1
===> autoencoding_recon_loss: 0.080
===> backtranslation_recon_loss: 0.067
===> gan_loss: -0.695
===> Total for class sdm1: -0.548
TOTAL: -1.153
Train epoch 6: [2000/18806 (10.6%)]
Losses:
=> Class ihm
===> autoencoding_recon_loss: 0.050
===> backtranslation_recon_loss: 0.043
===> gan_loss: -0.696
===> Total for class ihm: -0.603
=> Class sdm1
===> autoencoding_recon_loss: 0.079
===> backtranslation_recon_loss: 0.065
===> gan_loss: -0.694
===> Total for class sdm1: -0.550
TOTAL: -1.153
Train epoch 6: [3000/18806 (16.0%)]
Losses:
=> Class ihm
===> autoencoding_recon_loss: 0.050
===> backtranslation_recon_loss: 0.043
===> gan_loss: -0.696
===> Total for class ihm: -0.602
=> Class sdm1
===> autoencoding_recon_loss: 0.078
===> backtranslation_recon_loss: 0.065
===> gan_loss: -0.694
===> Total for class sdm1: -0.551
TOTAL: -1.153
Train epoch 6: [4000/18806 (21.3%)]
Losses:
=> Class ihm
===> autoencoding_recon_loss: 0.050
===> backtranslation_recon_loss: 0.044
===> gan_loss: -0.695
===> Total for class ihm: -0.601
=> Class sdm1
===> autoencoding_recon_loss: 0.079
===> backtranslation_recon_loss: 0.066
===> gan_loss: -0.695
===> Total for class sdm1: -0.551
TOTAL: -1.152
Train epoch 6: [5000/18806 (26.6%)]
Losses:
=> Class ihm
===> autoencoding_recon_loss: 0.051
===> backtranslation_recon_loss: 0.044
===> gan_loss: -0.695
===> Total for class ihm: -0.600
=> Class sdm1
===> autoencoding_recon_loss: 0.078
===> backtranslation_recon_loss: 0.066
===> gan_loss: -0.694
===> Total for class sdm1: -0.551
TOTAL: -1.151
Train epoch 6: [6000/18806 (31.9%)]
Losses:
=> Class ihm
===> autoencoding_recon_loss: 0.051
===> backtranslation_recon_loss: 0.044
===> gan_loss: -0.695
===> Total for class ihm: -0.600
=> Class sdm1
===> autoencoding_recon_loss: 0.077
===> backtranslation_recon_loss: 0.065
===> gan_loss: -0.694
===> Total for class sdm1: -0.552
TOTAL: -1.152
Train epoch 6: [7000/18806 (37.2%)]
Losses:
=> Class ihm
===> autoencoding_recon_loss: 0.050
===> backtranslation_recon_loss: 0.043
===> gan_loss: -0.694
===> Total for class ihm: -0.601
=> Class sdm1
===> autoencoding_recon_loss: 0.077
===> backtranslation_recon_loss: 0.064
===> gan_loss: -0.694
===> Total for class sdm1: -0.553
TOTAL: -1.155
Train epoch 6: [8000/18806 (42.5%)]
Losses:
=> Class ihm
===> autoencoding_recon_loss: 0.051
===> backtranslation_recon_loss: 0.045
===> gan_loss: -0.694
===> Total for class ihm: -0.598
=> Class sdm1
===> autoencoding_recon_loss: 0.080
===> backtranslation_recon_loss: 0.069
===> gan_loss: -0.694
===> Total for class sdm1: -0.546
TOTAL: -1.144
Train epoch 6: [9000/18806 (47.9%)]
Losses:
=> Class ihm
===> autoencoding_recon_loss: 0.051
===> backtranslation_recon_loss: 0.045
===> gan_loss: -0.694
===> Total for class ihm: -0.599
=> Class sdm1
===> autoencoding_recon_loss: 0.080
===> backtranslation_recon_loss: 0.068
===> gan_loss: -0.694
===> Total for class sdm1: -0.546
TOTAL: -1.145
Train epoch 6: [10000/18806 (53.2%)]
Losses:
=> Class ihm
===> autoencoding_recon_loss: 0.050
===> backtranslation_recon_loss: 0.044
===> gan_loss: -0.694
===> Total for class ihm: -0.600
=> Class sdm1
===> autoencoding_recon_loss: 0.080
===> backtranslation_recon_loss: 0.068
===> gan_loss: -0.694
===> Total for class sdm1: -0.547
TOTAL: -1.146
Train epoch 6: [11000/18806 (58.5%)]
Losses:
=> Class ihm
===> autoencoding_recon_loss: 0.050
===> backtranslation_recon_loss: 0.044
===> gan_loss: -0.694
===> Total for class ihm: -0.600
=> Class sdm1
===> autoencoding_recon_loss: 0.079
===> backtranslation_recon_loss: 0.067
===> gan_loss: -0.694
===> Total for class sdm1: -0.548
TOTAL: -1.148
Train epoch 6: [12000/18806 (63.8%)]
Losses:
=> Class ihm
===> autoencoding_recon_loss: 0.050
===> backtranslation_recon_loss: 0.043
===> gan_loss: -0.694
===> Total for class ihm: -0.601
=> Class sdm1
===> autoencoding_recon_loss: 0.079
===> backtranslation_recon_loss: 0.067
===> gan_loss: -0.694
===> Total for class sdm1: -0.548
TOTAL: -1.149
Train epoch 6: [13000/18806 (69.1%)]
Losses:
=> Class ihm
===> autoencoding_recon_loss: 0.050
===> backtranslation_recon_loss: 0.043
===> gan_loss: -0.694
===> Total for class ihm: -0.601
=> Class sdm1
===> autoencoding_recon_loss: 0.079
===> backtranslation_recon_loss: 0.067
===> gan_loss: -0.694
===> Total for class sdm1: -0.549
TOTAL: -1.150
Train epoch 6: [14000/18806 (74.4%)]
Losses:
=> Class ihm
===> autoencoding_recon_loss: 0.050
===> backtranslation_recon_loss: 0.043
===> gan_loss: -0.694
===> Total for class ihm: -0.601
=> Class sdm1
===> autoencoding_recon_loss: 0.078
===> backtranslation_recon_loss: 0.066
===> gan_loss: -0.694
===> Total for class sdm1: -0.550
TOTAL: -1.151
Train epoch 6: [15000/18806 (79.8%)]
Losses:
=> Class ihm
===> autoencoding_recon_loss: 0.050
===> backtranslation_recon_loss: 0.043
===> gan_loss: -0.694
===> Total for class ihm: -0.602
=> Class sdm1
===> autoencoding_recon_loss: 0.078
===> backtranslation_recon_loss: 0.066
===> gan_loss: -0.694
===> Total for class sdm1: -0.550
TOTAL: -1.152
Train epoch 6: [16000/18806 (85.1%)]
Losses:
=> Class ihm
===> autoencoding_recon_loss: 0.049
===> backtranslation_recon_loss: 0.043
===> gan_loss: -0.694
===> Total for class ihm: -0.602
=> Class sdm1
===> autoencoding_recon_loss: 0.078
===> backtranslation_recon_loss: 0.066
===> gan_loss: -0.694
===> Total for class sdm1: -0.551
TOTAL: -1.153
Train epoch 6: [17000/18806 (90.4%)]
Losses:
=> Class ihm
===> autoencoding_recon_loss: 0.049
===> backtranslation_recon_loss: 0.042
===> gan_loss: -0.694
===> Total for class ihm: -0.602
=> Class sdm1
===> autoencoding_recon_loss: 0.077
===> backtranslation_recon_loss: 0.065
===> gan_loss: -0.694
===> Total for class sdm1: -0.552
TOTAL: -1.154
Train epoch 6: [18000/18806 (95.7%)]
Losses:
=> Class ihm
===> autoencoding_recon_loss: 0.049
===> backtranslation_recon_loss: 0.042
===> gan_loss: -0.694
===> Total for class ihm: -0.603
=> Class sdm1
===> autoencoding_recon_loss: 0.077
===> backtranslation_recon_loss: 0.065
===> gan_loss: -0.694
===> Total for class sdm1: -0.552
TOTAL: -1.155

EPOCH 6 TRAIN (8968.333s)
Losses:
=> Class ihm
===> autoencoding_recon_loss: 0.049
===> backtranslation_recon_loss: 0.042
===> gan_loss: -0.694
===> Total for class ihm: -0.603
=> Class sdm1
===> autoencoding_recon_loss: 0.077
===> backtranslation_recon_loss: 0.065
===> gan_loss: -0.694
===> Total for class sdm1: -0.552
TOTAL: -1.155

EPOCH 6 DEV (189.157s)
Losses:
=> Class ihm
===> autoencoding_recon_loss: 0.053
===> backtranslation_recon_loss: 0.047
===> gan_loss: -0.693
===> Total for class ihm: -0.593
=> Class sdm1
===> autoencoding_recon_loss: 0.075
===> backtranslation_recon_loss: 0.064
===> gan_loss: -0.693
===> Total for class sdm1: -0.554
TOTAL: -1.147

No improvement in 2 epochs (best dev set loss: -1.164159)
Not saving checkpoint; no improvement made

STARTING EPOCH 7
Train epoch 7: [1000/18806 (5.3%)]
Losses:
=> Class ihm
===> autoencoding_recon_loss: 0.046
===> backtranslation_recon_loss: 0.037
===> gan_loss: -0.694
===> Total for class ihm: -0.612
=> Class sdm1
===> autoencoding_recon_loss: 0.074
===> backtranslation_recon_loss: 0.059
===> gan_loss: -0.694
===> Total for class sdm1: -0.561
TOTAL: -1.173
Train epoch 7: [2000/18806 (10.6%)]
Losses:
=> Class ihm
===> autoencoding_recon_loss: 0.049
===> backtranslation_recon_loss: 0.042
===> gan_loss: -0.694
===> Total for class ihm: -0.603
=> Class sdm1
===> autoencoding_recon_loss: 0.076
===> backtranslation_recon_loss: 0.063
===> gan_loss: -0.694
===> Total for class sdm1: -0.554
TOTAL: -1.157
Train epoch 7: [3000/18806 (16.0%)]
Losses:
=> Class ihm
===> autoencoding_recon_loss: 0.049
===> backtranslation_recon_loss: 0.041
===> gan_loss: -0.695
===> Total for class ihm: -0.604
=> Class sdm1
===> autoencoding_recon_loss: 0.076
===> backtranslation_recon_loss: 0.063
===> gan_loss: -0.694
===> Total for class sdm1: -0.555
TOTAL: -1.159
Train epoch 7: [4000/18806 (21.3%)]
Losses:
=> Class ihm
===> autoencoding_recon_loss: 0.048
===> backtranslation_recon_loss: 0.042
===> gan_loss: -0.695
===> Total for class ihm: -0.605
=> Class sdm1
===> autoencoding_recon_loss: 0.075
===> backtranslation_recon_loss: 0.062
===> gan_loss: -0.694
===> Total for class sdm1: -0.556
TOTAL: -1.161
Train epoch 7: [5000/18806 (26.6%)]
Losses:
=> Class ihm
===> autoencoding_recon_loss: 0.048
===> backtranslation_recon_loss: 0.041
===> gan_loss: -0.695
===> Total for class ihm: -0.605
=> Class sdm1
===> autoencoding_recon_loss: 0.075
===> backtranslation_recon_loss: 0.062
===> gan_loss: -0.694
===> Total for class sdm1: -0.557
TOTAL: -1.162
Train epoch 7: [6000/18806 (31.9%)]
Losses:
=> Class ihm
===> autoencoding_recon_loss: 0.048
===> backtranslation_recon_loss: 0.041
===> gan_loss: -0.694
===> Total for class ihm: -0.605
=> Class sdm1
===> autoencoding_recon_loss: 0.074
===> backtranslation_recon_loss: 0.062
===> gan_loss: -0.694
===> Total for class sdm1: -0.558
TOTAL: -1.163
Train epoch 7: [7000/18806 (37.2%)]
Losses:
=> Class ihm
===> autoencoding_recon_loss: 0.049
===> backtranslation_recon_loss: 0.042
===> gan_loss: -0.694
===> Total for class ihm: -0.604
=> Class sdm1
===> autoencoding_recon_loss: 0.075
===> backtranslation_recon_loss: 0.062
===> gan_loss: -0.694
===> Total for class sdm1: -0.557
TOTAL: -1.161
Train epoch 7: [8000/18806 (42.5%)]
Losses:
=> Class ihm
===> autoencoding_recon_loss: 0.049
===> backtranslation_recon_loss: 0.042
===> gan_loss: -0.694
===> Total for class ihm: -0.604
=> Class sdm1
===> autoencoding_recon_loss: 0.075
===> backtranslation_recon_loss: 0.063
===> gan_loss: -0.694
===> Total for class sdm1: -0.556
TOTAL: -1.159
Train epoch 7: [9000/18806 (47.9%)]
Losses:
=> Class ihm
===> autoencoding_recon_loss: 0.049
===> backtranslation_recon_loss: 0.042
===> gan_loss: -0.694
===> Total for class ihm: -0.604
=> Class sdm1
===> autoencoding_recon_loss: 0.075
===> backtranslation_recon_loss: 0.062
===> gan_loss: -0.694
===> Total for class sdm1: -0.556
TOTAL: -1.160
Train epoch 7: [10000/18806 (53.2%)]
Losses:
=> Class ihm
===> autoencoding_recon_loss: 0.049
===> backtranslation_recon_loss: 0.042
===> gan_loss: -0.694
===> Total for class ihm: -0.604
=> Class sdm1
===> autoencoding_recon_loss: 0.075
===> backtranslation_recon_loss: 0.062
===> gan_loss: -0.694
===> Total for class sdm1: -0.557
TOTAL: -1.161
Train epoch 7: [11000/18806 (58.5%)]
Losses:
=> Class ihm
===> autoencoding_recon_loss: 0.049
===> backtranslation_recon_loss: 0.043
===> gan_loss: -0.694
===> Total for class ihm: -0.602
=> Class sdm1
===> autoencoding_recon_loss: 0.075
===> backtranslation_recon_loss: 0.063
===> gan_loss: -0.694
===> Total for class sdm1: -0.556
TOTAL: -1.158
Train epoch 7: [12000/18806 (63.8%)]
Losses:
=> Class ihm
===> autoencoding_recon_loss: 0.049
===> backtranslation_recon_loss: 0.042
===> gan_loss: -0.694
===> Total for class ihm: -0.603
=> Class sdm1
===> autoencoding_recon_loss: 0.075
===> backtranslation_recon_loss: 0.062
===> gan_loss: -0.694
===> Total for class sdm1: -0.556
TOTAL: -1.159
Train epoch 7: [13000/18806 (69.1%)]
Losses:
=> Class ihm
===> autoencoding_recon_loss: 0.049
===> backtranslation_recon_loss: 0.042
===> gan_loss: -0.694
===> Total for class ihm: -0.604
=> Class sdm1
===> autoencoding_recon_loss: 0.075
===> backtranslation_recon_loss: 0.062
===> gan_loss: -0.694
===> Total for class sdm1: -0.557
TOTAL: -1.160
Train epoch 7: [14000/18806 (74.4%)]
Losses:
=> Class ihm
===> autoencoding_recon_loss: 0.049
===> backtranslation_recon_loss: 0.042
===> gan_loss: -0.694
===> Total for class ihm: -0.603
=> Class sdm1
===> autoencoding_recon_loss: 0.075
===> backtranslation_recon_loss: 0.062
===> gan_loss: -0.694
===> Total for class sdm1: -0.556
TOTAL: -1.159
Train epoch 7: [15000/18806 (79.8%)]
Losses:
=> Class ihm
===> autoencoding_recon_loss: 0.049
===> backtranslation_recon_loss: 0.042
===> gan_loss: -0.694
===> Total for class ihm: -0.603
=> Class sdm1
===> autoencoding_recon_loss: 0.075
===> backtranslation_recon_loss: 0.063
===> gan_loss: -0.694
===> Total for class sdm1: -0.556
TOTAL: -1.159
Train epoch 7: [16000/18806 (85.1%)]
Losses:
=> Class ihm
===> autoencoding_recon_loss: 0.049
===> backtranslation_recon_loss: 0.042
===> gan_loss: -0.694
===> Total for class ihm: -0.603
=> Class sdm1
===> autoencoding_recon_loss: 0.075
===> backtranslation_recon_loss: 0.062
===> gan_loss: -0.694
===> Total for class sdm1: -0.556
TOTAL: -1.160
Train epoch 7: [17000/18806 (90.4%)]
Losses:
=> Class ihm
===> autoencoding_recon_loss: 0.049
===> backtranslation_recon_loss: 0.042
===> gan_loss: -0.694
===> Total for class ihm: -0.603
=> Class sdm1
===> autoencoding_recon_loss: 0.075
===> backtranslation_recon_loss: 0.062
===> gan_loss: -0.694
===> Total for class sdm1: -0.557
TOTAL: -1.160
Train epoch 7: [18000/18806 (95.7%)]
Losses:
=> Class ihm
===> autoencoding_recon_loss: 0.049
===> backtranslation_recon_loss: 0.042
===> gan_loss: -0.694
===> Total for class ihm: -0.604
=> Class sdm1
===> autoencoding_recon_loss: 0.074
===> backtranslation_recon_loss: 0.062
===> gan_loss: -0.694
===> Total for class sdm1: -0.558
TOTAL: -1.161

EPOCH 7 TRAIN (8960.884s)
Losses:
=> Class ihm
===> autoencoding_recon_loss: 0.049
===> backtranslation_recon_loss: 0.041
===> gan_loss: -0.694
===> Total for class ihm: -0.604
=> Class sdm1
===> autoencoding_recon_loss: 0.074
===> backtranslation_recon_loss: 0.062
===> gan_loss: -0.694
===> Total for class sdm1: -0.558
TOTAL: -1.162

EPOCH 7 DEV (189.393s)
Losses:
=> Class ihm
===> autoencoding_recon_loss: 0.047
===> backtranslation_recon_loss: 0.038
===> gan_loss: -0.693
===> Total for class ihm: -0.608
=> Class sdm1
===> autoencoding_recon_loss: 0.068
===> backtranslation_recon_loss: 0.056
===> gan_loss: -0.693
===> Total for class sdm1: -0.569
TOTAL: -1.177

New best dev set loss: -1.176791
Saved checkpoint for model

STARTING EPOCH 8
Train epoch 8: [1000/18806 (5.3%)]
Losses:
=> Class ihm
===> autoencoding_recon_loss: 0.046
===> backtranslation_recon_loss: 0.038
===> gan_loss: -0.694
===> Total for class ihm: -0.609
=> Class sdm1
===> autoencoding_recon_loss: 0.076
===> backtranslation_recon_loss: 0.062
===> gan_loss: -0.693
===> Total for class sdm1: -0.555
TOTAL: -1.165
Train epoch 8: [2000/18806 (10.6%)]
Losses:
=> Class ihm
===> autoencoding_recon_loss: 0.047
===> backtranslation_recon_loss: 0.039
===> gan_loss: -0.694
===> Total for class ihm: -0.607
=> Class sdm1
===> autoencoding_recon_loss: 0.075
===> backtranslation_recon_loss: 0.061
===> gan_loss: -0.693
===> Total for class sdm1: -0.557
TOTAL: -1.165
Train epoch 8: [3000/18806 (16.0%)]
Losses:
=> Class ihm
===> autoencoding_recon_loss: 0.047
===> backtranslation_recon_loss: 0.040
===> gan_loss: -0.694
===> Total for class ihm: -0.607
=> Class sdm1
===> autoencoding_recon_loss: 0.074
===> backtranslation_recon_loss: 0.060
===> gan_loss: -0.693
===> Total for class sdm1: -0.559
TOTAL: -1.165
Train epoch 8: [4000/18806 (21.3%)]
Losses:
=> Class ihm
===> autoencoding_recon_loss: 0.047
===> backtranslation_recon_loss: 0.039
===> gan_loss: -0.694
===> Total for class ihm: -0.608
=> Class sdm1
===> autoencoding_recon_loss: 0.075
===> backtranslation_recon_loss: 0.061
===> gan_loss: -0.694
===> Total for class sdm1: -0.557
TOTAL: -1.165
Train epoch 8: [5000/18806 (26.6%)]
Losses:
=> Class ihm
===> autoencoding_recon_loss: 0.047
===> backtranslation_recon_loss: 0.040
===> gan_loss: -0.694
===> Total for class ihm: -0.607
=> Class sdm1
===> autoencoding_recon_loss: 0.075
===> backtranslation_recon_loss: 0.061
===> gan_loss: -0.694
===> Total for class sdm1: -0.557
TOTAL: -1.164
Train epoch 8: [6000/18806 (31.9%)]
Losses:
=> Class ihm
===> autoencoding_recon_loss: 0.047
===> backtranslation_recon_loss: 0.040
===> gan_loss: -0.694
===> Total for class ihm: -0.607
=> Class sdm1
===> autoencoding_recon_loss: 0.075
===> backtranslation_recon_loss: 0.061
===> gan_loss: -0.694
===> Total for class sdm1: -0.557
TOTAL: -1.165
Train epoch 8: [7000/18806 (37.2%)]
Losses:
=> Class ihm
===> autoencoding_recon_loss: 0.047
===> backtranslation_recon_loss: 0.040
===> gan_loss: -0.694
===> Total for class ihm: -0.607
=> Class sdm1
===> autoencoding_recon_loss: 0.075
===> backtranslation_recon_loss: 0.061
===> gan_loss: -0.694
===> Total for class sdm1: -0.558
TOTAL: -1.164
Train epoch 8: [8000/18806 (42.5%)]
Losses:
=> Class ihm
===> autoencoding_recon_loss: 0.080
===> backtranslation_recon_loss: 25772.266
===> gan_loss: -0.693
===> Total for class ihm: 25771.652
=> Class sdm1
===> autoencoding_recon_loss: 0.096
===> backtranslation_recon_loss: 0.091
===> gan_loss: -0.694
===> Total for class sdm1: -0.507
TOTAL: 25771.146
Train epoch 8: [9000/18806 (47.9%)]
Losses:
=> Class ihm
===> autoencoding_recon_loss: 0.119
===> backtranslation_recon_loss: 23021.227
===> gan_loss: -0.691
===> Total for class ihm: 23020.655
=> Class sdm1
===> autoencoding_recon_loss: 0.100
===> backtranslation_recon_loss: 0.109
===> gan_loss: -0.693
===> Total for class sdm1: -0.484
TOTAL: 23020.171
Train epoch 8: [10000/18806 (53.2%)]
Losses:
=> Class ihm
===> autoencoding_recon_loss: 0.139
===> backtranslation_recon_loss: 20701.244
===> gan_loss: -0.688
===> Total for class ihm: 20700.695
=> Class sdm1
===> autoencoding_recon_loss: 0.105
===> backtranslation_recon_loss: 0.123
===> gan_loss: -0.693
===> Total for class sdm1: -0.465
TOTAL: 20700.230
Train epoch 8: [11000/18806 (58.5%)]
Losses:
=> Class ihm
===> autoencoding_recon_loss: 0.145
===> backtranslation_recon_loss: 18731.337
===> gan_loss: -0.686
===> Total for class ihm: 18730.797
=> Class sdm1
===> autoencoding_recon_loss: 0.107
===> backtranslation_recon_loss: 0.131
===> gan_loss: -0.693
===> Total for class sdm1: -0.456
TOTAL: 18730.341
Train epoch 8: [12000/18806 (63.8%)]
Losses:
=> Class ihm
===> autoencoding_recon_loss: 0.146
===> backtranslation_recon_loss: 17177.393
===> gan_loss: -0.684
===> Total for class ihm: 17176.855
=> Class sdm1
===> autoencoding_recon_loss: 0.107
===> backtranslation_recon_loss: 0.137
===> gan_loss: -0.693
===> Total for class sdm1: -0.449
TOTAL: 17176.407
Train epoch 8: [13000/18806 (69.1%)]
Losses:
=> Class ihm
===> autoencoding_recon_loss: 0.146
===> backtranslation_recon_loss: 15861.525
===> gan_loss: -0.683
===> Total for class ihm: 15860.988
=> Class sdm1
===> autoencoding_recon_loss: 0.106
===> backtranslation_recon_loss: 0.140
===> gan_loss: -0.693
===> Total for class sdm1: -0.447
TOTAL: 15860.541
Train epoch 8: [14000/18806 (74.4%)]
Losses:
=> Class ihm
===> autoencoding_recon_loss: 0.145
===> backtranslation_recon_loss: 14785.411
===> gan_loss: -0.683
===> Total for class ihm: 14784.873
=> Class sdm1
===> autoencoding_recon_loss: 0.105
===> backtranslation_recon_loss: 0.141
===> gan_loss: -0.693
===> Total for class sdm1: -0.446
TOTAL: 14784.426
Train epoch 8: [15000/18806 (79.8%)]
Losses:
=> Class ihm
===> autoencoding_recon_loss: 0.143
===> backtranslation_recon_loss: 13776.163
===> gan_loss: -0.684
===> Total for class ihm: 13775.622
=> Class sdm1
===> autoencoding_recon_loss: 0.104
===> backtranslation_recon_loss: 0.141
===> gan_loss: -0.693
===> Total for class sdm1: -0.448
TOTAL: 13775.174
Train epoch 8: [16000/18806 (85.1%)]
Losses:
=> Class ihm
===> autoencoding_recon_loss: 0.142
===> backtranslation_recon_loss: 12913.552
===> gan_loss: -0.685
===> Total for class ihm: 12913.008
=> Class sdm1
===> autoencoding_recon_loss: 0.102
===> backtranslation_recon_loss: 0.139
===> gan_loss: -0.693
===> Total for class sdm1: -0.451
TOTAL: 12912.557
Train epoch 8: [17000/18806 (90.4%)]
Losses:
=> Class ihm
===> autoencoding_recon_loss: 0.140
===> backtranslation_recon_loss: 12165.429
===> gan_loss: -0.686
===> Total for class ihm: 12164.882
=> Class sdm1
===> autoencoding_recon_loss: 0.101
===> backtranslation_recon_loss: 0.138
===> gan_loss: -0.693
===> Total for class sdm1: -0.455
TOTAL: 12164.427
Train epoch 8: [18000/18806 (95.7%)]
Losses:
=> Class ihm
===> autoencoding_recon_loss: 0.138
===> backtranslation_recon_loss: 11510.726
===> gan_loss: -0.687
===> Total for class ihm: 11510.177
=> Class sdm1
===> autoencoding_recon_loss: 0.100
===> backtranslation_recon_loss: 0.136
===> gan_loss: -0.693
===> Total for class sdm1: -0.457
TOTAL: 11509.720

EPOCH 8 TRAIN (8975.341s)
Losses:
=> Class ihm
===> autoencoding_recon_loss: 0.137
===> backtranslation_recon_loss: 11032.085
===> gan_loss: -0.687
===> Total for class ihm: 11031.534
=> Class sdm1
===> autoencoding_recon_loss: 0.099
===> backtranslation_recon_loss: 0.135
===> gan_loss: -0.693
===> Total for class sdm1: -0.459
TOTAL: 11031.075

EPOCH 8 DEV (189.873s)
Losses:
=> Class ihm
===> autoencoding_recon_loss: 0.102
===> backtranslation_recon_loss: 0.090
===> gan_loss: -0.665
===> Total for class ihm: -0.473
=> Class sdm1
===> autoencoding_recon_loss: 0.077
===> backtranslation_recon_loss: 0.103
===> gan_loss: -0.693
===> Total for class sdm1: -0.513
TOTAL: -0.986

No improvement in 1 epochs (best dev set loss: -1.176791)
Not saving checkpoint; no improvement made

STARTING EPOCH 9
Train epoch 9: [1000/18806 (5.3%)]
Losses:
=> Class ihm
===> autoencoding_recon_loss: 0.099
===> backtranslation_recon_loss: 0.088
===> gan_loss: -0.701
===> Total for class ihm: -0.515
=> Class sdm1
===> autoencoding_recon_loss: 0.079
===> backtranslation_recon_loss: 0.105
===> gan_loss: -0.693
===> Total for class sdm1: -0.509
TOTAL: -1.024
Train epoch 9: [2000/18806 (10.6%)]
Losses:
=> Class ihm
===> autoencoding_recon_loss: 0.100
===> backtranslation_recon_loss: 0.090
===> gan_loss: -0.704
===> Total for class ihm: -0.514
=> Class sdm1
===> autoencoding_recon_loss: 0.080
===> backtranslation_recon_loss: 0.104
===> gan_loss: -0.693
===> Total for class sdm1: -0.510
TOTAL: -1.024
Train epoch 9: [3000/18806 (16.0%)]
Losses:
=> Class ihm
===> autoencoding_recon_loss: 0.099
===> backtranslation_recon_loss: 0.089
===> gan_loss: -0.703
===> Total for class ihm: -0.516
=> Class sdm1
===> autoencoding_recon_loss: 0.080
===> backtranslation_recon_loss: 0.103
===> gan_loss: -0.693
===> Total for class sdm1: -0.511
TOTAL: -1.026
Train epoch 9: [4000/18806 (21.3%)]
Losses:
=> Class ihm
===> autoencoding_recon_loss: 0.096
===> backtranslation_recon_loss: 0.086
===> gan_loss: -0.703
===> Total for class ihm: -0.521
=> Class sdm1
===> autoencoding_recon_loss: 0.079
===> backtranslation_recon_loss: 0.101
===> gan_loss: -0.693
===> Total for class sdm1: -0.513
TOTAL: -1.033
Train epoch 9: [5000/18806 (26.6%)]
Losses:
=> Class ihm
===> autoencoding_recon_loss: 0.095
===> backtranslation_recon_loss: 0.085
===> gan_loss: -0.704
===> Total for class ihm: -0.524
=> Class sdm1
===> autoencoding_recon_loss: 0.079
===> backtranslation_recon_loss: 0.100
===> gan_loss: -0.693
===> Total for class sdm1: -0.515
TOTAL: -1.039
Train epoch 9: [6000/18806 (31.9%)]
Losses:
=> Class ihm
===> autoencoding_recon_loss: 0.094
===> backtranslation_recon_loss: 0.083
===> gan_loss: -0.703
===> Total for class ihm: -0.526
=> Class sdm1
===> autoencoding_recon_loss: 0.079
===> backtranslation_recon_loss: 0.099
===> gan_loss: -0.693
===> Total for class sdm1: -0.515
TOTAL: -1.041
Train epoch 9: [7000/18806 (37.2%)]
Losses:
=> Class ihm
===> autoencoding_recon_loss: 0.092
===> backtranslation_recon_loss: 0.082
===> gan_loss: -0.703
===> Total for class ihm: -0.529
=> Class sdm1
===> autoencoding_recon_loss: 0.079
===> backtranslation_recon_loss: 0.097
===> gan_loss: -0.693
===> Total for class sdm1: -0.518
TOTAL: -1.047
Train epoch 9: [8000/18806 (42.5%)]
Losses:
=> Class ihm
===> autoencoding_recon_loss: 0.090
===> backtranslation_recon_loss: 0.080
===> gan_loss: -0.703
===> Total for class ihm: -0.533
=> Class sdm1
===> autoencoding_recon_loss: 0.078
===> backtranslation_recon_loss: 0.095
===> gan_loss: -0.693
===> Total for class sdm1: -0.520
TOTAL: -1.053
Train epoch 9: [9000/18806 (47.9%)]
Losses:
=> Class ihm
===> autoencoding_recon_loss: 0.088
===> backtranslation_recon_loss: 0.078
===> gan_loss: -0.703
===> Total for class ihm: -0.537
=> Class sdm1
===> autoencoding_recon_loss: 0.077
===> backtranslation_recon_loss: 0.093
===> gan_loss: -0.694
===> Total for class sdm1: -0.523
TOTAL: -1.060
Train epoch 9: [10000/18806 (53.2%)]
Losses:
=> Class ihm
===> autoencoding_recon_loss: 0.087
===> backtranslation_recon_loss: 0.076
===> gan_loss: -0.702
===> Total for class ihm: -0.540
=> Class sdm1
===> autoencoding_recon_loss: 0.077
===> backtranslation_recon_loss: 0.092
===> gan_loss: -0.694
===> Total for class sdm1: -0.524
TOTAL: -1.064
Train epoch 9: [11000/18806 (58.5%)]
Losses:
=> Class ihm
===> autoencoding_recon_loss: 0.085
===> backtranslation_recon_loss: 0.074
===> gan_loss: -0.702
===> Total for class ihm: -0.542
=> Class sdm1
===> autoencoding_recon_loss: 0.077
===> backtranslation_recon_loss: 0.091
===> gan_loss: -0.693
===> Total for class sdm1: -0.526
TOTAL: -1.068
Train epoch 9: [12000/18806 (63.8%)]
Losses:
=> Class ihm
===> autoencoding_recon_loss: 0.083
===> backtranslation_recon_loss: 0.073
===> gan_loss: -0.701
===> Total for class ihm: -0.546
=> Class sdm1
===> autoencoding_recon_loss: 0.077
===> backtranslation_recon_loss: 0.089
===> gan_loss: -0.693
===> Total for class sdm1: -0.527
TOTAL: -1.073
Train epoch 9: [13000/18806 (69.1%)]
Losses:
=> Class ihm
===> autoencoding_recon_loss: 0.081
===> backtranslation_recon_loss: 0.071
===> gan_loss: -0.701
===> Total for class ihm: -0.549
=> Class sdm1
===> autoencoding_recon_loss: 0.077
===> backtranslation_recon_loss: 0.088
===> gan_loss: -0.693
===> Total for class sdm1: -0.529
TOTAL: -1.078
Train epoch 9: [14000/18806 (74.4%)]
Losses:
=> Class ihm
===> autoencoding_recon_loss: 0.079
===> backtranslation_recon_loss: 0.069
===> gan_loss: -0.701
===> Total for class ihm: -0.553
=> Class sdm1
===> autoencoding_recon_loss: 0.077
===> backtranslation_recon_loss: 0.086
===> gan_loss: -0.693
===> Total for class sdm1: -0.531
TOTAL: -1.084
Train epoch 9: [15000/18806 (79.8%)]
Losses:
=> Class ihm
===> autoencoding_recon_loss: 0.077
===> backtranslation_recon_loss: 0.067
===> gan_loss: -0.700
===> Total for class ihm: -0.556
=> Class sdm1
===> autoencoding_recon_loss: 0.076
===> backtranslation_recon_loss: 0.085
===> gan_loss: -0.694
===> Total for class sdm1: -0.533
TOTAL: -1.089
Train epoch 9: [16000/18806 (85.1%)]
Losses:
=> Class ihm
===> autoencoding_recon_loss: 0.075
===> backtranslation_recon_loss: 0.066
===> gan_loss: -0.700
===> Total for class ihm: -0.559
=> Class sdm1
===> autoencoding_recon_loss: 0.076
===> backtranslation_recon_loss: 0.083
===> gan_loss: -0.694
===> Total for class sdm1: -0.534
TOTAL: -1.093
Train epoch 9: [17000/18806 (90.4%)]
Losses:
=> Class ihm
===> autoencoding_recon_loss: 0.074
===> backtranslation_recon_loss: 0.065
===> gan_loss: -0.700
===> Total for class ihm: -0.561
=> Class sdm1
===> autoencoding_recon_loss: 0.076
===> backtranslation_recon_loss: 0.082
===> gan_loss: -0.694
===> Total for class sdm1: -0.535
TOTAL: -1.097
Train epoch 9: [18000/18806 (95.7%)]
Losses:
=> Class ihm
===> autoencoding_recon_loss: 0.073
===> backtranslation_recon_loss: 0.063
===> gan_loss: -0.699
===> Total for class ihm: -0.564
=> Class sdm1
===> autoencoding_recon_loss: 0.076
===> backtranslation_recon_loss: 0.081
===> gan_loss: -0.694
===> Total for class sdm1: -0.537
TOTAL: -1.101

EPOCH 9 TRAIN (9063.421s)
Losses:
=> Class ihm
===> autoencoding_recon_loss: 0.072
===> backtranslation_recon_loss: 0.062
===> gan_loss: -0.699
===> Total for class ihm: -0.565
=> Class sdm1
===> autoencoding_recon_loss: 0.075
===> backtranslation_recon_loss: 0.080
===> gan_loss: -0.694
===> Total for class sdm1: -0.538
TOTAL: -1.103

EPOCH 9 DEV (187.401s)
Losses:
=> Class ihm
===> autoencoding_recon_loss: 0.054
===> backtranslation_recon_loss: 0.044
===> gan_loss: -0.693
===> Total for class ihm: -0.595
=> Class sdm1
===> autoencoding_recon_loss: 0.073
===> backtranslation_recon_loss: 0.060
===> gan_loss: -0.694
===> Total for class sdm1: -0.561
TOTAL: -1.155

No improvement in 2 epochs (best dev set loss: -1.176791)
Not saving checkpoint; no improvement made

STARTING EPOCH 10
Train epoch 10: [1000/18806 (5.3%)]
Losses:
=> Class ihm
===> autoencoding_recon_loss: 0.048
===> backtranslation_recon_loss: 0.039
===> gan_loss: -0.694
===> Total for class ihm: -0.608
=> Class sdm1
===> autoencoding_recon_loss: 0.074
===> backtranslation_recon_loss: 0.061
===> gan_loss: -0.694
===> Total for class sdm1: -0.559
TOTAL: -1.167
Train epoch 10: [2000/18806 (10.6%)]
Losses:
=> Class ihm
===> autoencoding_recon_loss: 0.049
===> backtranslation_recon_loss: 0.040
===> gan_loss: -0.695
===> Total for class ihm: -0.606
=> Class sdm1
===> autoencoding_recon_loss: 0.073
===> backtranslation_recon_loss: 0.061
===> gan_loss: -0.694
===> Total for class sdm1: -0.560
TOTAL: -1.166
