latgen-faster-mapped --max-active=7000 --beam=15 --lattice-beam=7 --acoustic-scale=0.1 --allow-partial=true --word-symbol-table=/data/sls/scratch/haotang/ami//exp/ihm/tri3-logmel-hires/graph_ami_fsh.o3g.kn.pr1-7/words.txt /data/sls/scratch/haotang/ami//exp/ihm/tri3-logmel-hires_ali/final.mdl /data/sls/scratch/haotang/ami//exp/ihm/tri3-logmel-hires/graph_ami_fsh.o3g.kn.pr1-7/HCLG.fst ark:- 'ark:|gzip -c > /data/sls/r/u/atitus5/meng/am/logs/ami-0.1/train_sdm1/augmented_src_ihm/frame-tdnn-450x7-step0.05/ENC_C_256_256_K_3_3_P_3_3_F_/LATENT_256/DEC_F__C_256_256_K_3_3_P_3_3/ACT_ReLU_BN_false_WEIGHT_INIT_xavier_uniform/OPT_Adam_LR_0.0001_EPOCHS_25_BATCH_256_DEBUG_false/ae_ratio0.0/decode_sdm1/lat.7.gz' 
AMI_ES2009a_SDM_MEE033_0015796_0016350 I'M NOT YOU KNOW THERE ARE I YEAH <unk> SO 
LOG (latgen-faster-mapped[5.2.134~1-ecd4]:DecodeUtteranceLatticeFaster():decoder-wrappers.cc:286) Log-like per frame for utterance AMI_ES2009a_SDM_MEE033_0015796_0016350 is -0.429277 over 552 frames.
AMI_ES2009a_SDM_MEE033_0016350_0016843 <unk> <unk> <unk> HERE ARE NOT AS WELL UM 
LOG (latgen-faster-mapped[5.2.134~1-ecd4]:RebuildRepository():determinize-lattice-pruned.cc:283) Rebuilding repository.
LOG (latgen-faster-mapped[5.2.134~1-ecd4]:RebuildRepository():determinize-lattice-pruned.cc:283) Rebuilding repository.
LOG (latgen-faster-mapped[5.2.134~1-ecd4]:DecodeUtteranceLatticeFaster():decoder-wrappers.cc:286) Log-like per frame for utterance AMI_ES2009a_SDM_MEE033_0016350_0016843 is -0.532051 over 491 frames.
AMI_ES2009a_SDM_MEE033_0016864_0017396 <unk> <unk> <unk> 
LOG (latgen-faster-mapped[5.2.134~1-ecd4]:RebuildRepository():determinize-lattice-pruned.cc:283) Rebuilding repository.
LOG (latgen-faster-mapped[5.2.134~1-ecd4]:DecodeUtteranceLatticeFaster():decoder-wrappers.cc:286) Log-like per frame for utterance AMI_ES2009a_SDM_MEE033_0016864_0017396 is -0.475363 over 530 frames.
AMI_ES2009a_SDM_MEE033_0017396_0017564 <unk> 
LOG (latgen-faster-mapped[5.2.134~1-ecd4]:DecodeUtteranceLatticeFaster():decoder-wrappers.cc:286) Log-like per frame for utterance AMI_ES2009a_SDM_MEE033_0017396_0017564 is -0.35228 over 166 frames.
AMI_ES2009a_SDM_MEE033_0017577_0018149 <unk> EASY <unk> 
LOG (latgen-faster-mapped[5.2.134~1-ecd4]:DecodeUtteranceLatticeFaster():decoder-wrappers.cc:286) Log-like per frame for utterance AMI_ES2009a_SDM_MEE033_0017577_0018149 is -0.382801 over 570 frames.
AMI_ES2009a_SDM_MEE033_0018149_0018531 WOW <unk> THIS IS 
LOG (latgen-faster-mapped[5.2.134~1-ecd4]:DecodeUtteranceLatticeFaster():decoder-wrappers.cc:286) Log-like per frame for utterance AMI_ES2009a_SDM_MEE033_0018149_0018531 is -0.35199 over 380 frames.
AMI_ES2009a_SDM_MEE033_0018531_0018817 SO <unk> 
LOG (latgen-faster-mapped[5.2.134~1-ecd4]:DecodeUtteranceLatticeFaster():decoder-wrappers.cc:286) Log-like per frame for utterance AMI_ES2009a_SDM_MEE033_0018531_0018817 is -0.312238 over 284 frames.
AMI_ES2009a_SDM_MEE033_0019088_0019143 SO 
LOG (latgen-faster-mapped[5.2.134~1-ecd4]:DecodeUtteranceLatticeFaster():decoder-wrappers.cc:286) Log-like per frame for utterance AMI_ES2009a_SDM_MEE033_0019088_0019143 is -0.359775 over 53 frames.
AMI_ES2009a_SDM_MEE033_0019367_0019424 FALL 
LOG (latgen-faster-mapped[5.2.134~1-ecd4]:DecodeUtteranceLatticeFaster():decoder-wrappers.cc:286) Log-like per frame for utterance AMI_ES2009a_SDM_MEE033_0019367_0019424 is -0.452315 over 55 frames.
AMI_ES2009a_SDM_MEE033_0019424_0021498 SO I GUESS IT WORKS <unk> FOR MAKING A REMOTE CONTROL JUST UH I IS THAT WE CAN MAKE SOMETHING BASED ON <unk> <unk> IN HERE OR WORSE 
LOG (latgen-faster-mapped[5.2.134~1-ecd4]:RebuildRepository():determinize-lattice-pruned.cc:283) Rebuilding repository.
LOG (latgen-faster-mapped[5.2.134~1-ecd4]:DecodeUtteranceLatticeFaster():decoder-wrappers.cc:286) Log-like per frame for utterance AMI_ES2009a_SDM_MEE033_0019424_0021498 is -0.350385 over 2072 frames.
AMI_ES2009a_SDM_MEE033_0021519_0022003 UM WE SEE MAKES THESE FASHION LOSS 
LOG (latgen-faster-mapped[5.2.134~1-ecd4]:DecodeUtteranceLatticeFaster():decoder-wrappers.cc:286) Log-like per frame for utterance AMI_ES2009a_SDM_MEE033_0021519_0022003 is -0.385921 over 482 frames.
AMI_ES2009a_SDM_MEE033_0022003_0023036 LET'S CALL <unk> STUFF YOU KNOW LIKE JOHN LEWIS NICE 
LOG (latgen-faster-mapped[5.2.134~1-ecd4]:DecodeUtteranceLatticeFaster():decoder-wrappers.cc:286) Log-like per frame for utterance AMI_ES2009a_SDM_MEE033_0022003_0023036 is -0.402486 over 1031 frames.
AMI_ES2009a_SDM_MEE033_0023144_0024081 SO UM BASICALLY WE ARE WE <unk> FOR USER SLICK SLEEK A WAY 
LOG (latgen-faster-mapped[5.2.134~1-ecd4]:DecodeUtteranceLatticeFaster():decoder-wrappers.cc:286) Log-like per frame for utterance AMI_ES2009a_SDM_MEE033_0023144_0024081 is -0.306811 over 935 frames.
AMI_ES2009a_SDM_MEE033_0024081_0024681 UM <unk> <unk> BASE FIRST START ON THE BASICS 
LOG (latgen-faster-mapped[5.2.134~1-ecd4]:DecodeUtteranceLatticeFaster():decoder-wrappers.cc:286) Log-like per frame for utterance AMI_ES2009a_SDM_MEE033_0024081_0024681 is -0.405105 over 598 frames.
AMI_ES2009a_SDM_MEE033_0024701_0025525 AND THAT'S FOUND MEANS YOU GUESS USER INTERFACE DESIGNER <unk> UM UM THE DESIGNER 
LOG (latgen-faster-mapped[5.2.134~1-ecd4]:DecodeUtteranceLatticeFaster():decoder-wrappers.cc:286) Log-like per frame for utterance AMI_ES2009a_SDM_MEE033_0024701_0025525 is -0.351563 over 822 frames.
AMI_ES2009a_SDM_MEE033_0025525_0026274 <unk> <unk> RIGHT UM 
LOG (latgen-faster-mapped[5.2.134~1-ecd4]:DecodeUtteranceLatticeFaster():decoder-wrappers.cc:286) Log-like per frame for utterance AMI_ES2009a_SDM_MEE033_0025525_0026274 is -0.309863 over 747 frames.
AMI_ES2009a_SDM_MEE033_0026330_0027358 SEE YOU YOU GUYS YOU ARE <unk> SEE 
LOG (latgen-faster-mapped[5.2.134~1-ecd4]:DecodeUtteranceLatticeFaster():decoder-wrappers.cc:286) Log-like per frame for utterance AMI_ES2009a_SDM_MEE033_0026330_0027358 is -0.377445 over 1026 frames.
AMI_ES2009a_SDM_MEE033_0027414_0028045 DID UM OR FROM WHAT WHAT 
LOG (latgen-faster-mapped[5.2.134~1-ecd4]:DecodeUtteranceLatticeFaster():decoder-wrappers.cc:286) Log-like per frame for utterance AMI_ES2009a_SDM_MEE033_0027414_0028045 is -0.402375 over 629 frames.
AMI_ES2009a_SDM_MEE033_0028045_0028670 YOU'RE RIGHT I SEE THE IDEA 
LOG (latgen-faster-mapped[5.2.134~1-ecd4]:DecodeUtteranceLatticeFaster():decoder-wrappers.cc:286) Log-like per frame for utterance AMI_ES2009a_SDM_MEE033_0028045_0028670 is -0.30711 over 623 frames.
AMI_ES2009a_SDM_MEE033_0028670_0029567 YES I I NEED <unk> HEART BUT ALSO BETTER IF IT'S NOT LIKE REALLY SHE CATCH 
LOG (latgen-faster-mapped[5.2.134~1-ecd4]:DecodeUtteranceLatticeFaster():decoder-wrappers.cc:286) Log-like per frame for utterance AMI_ES2009a_SDM_MEE033_0028670_0029567 is -0.426484 over 895 frames.
AMI_ES2009a_SDM_MEE033_0029567_0029654 SO 
LOG (latgen-faster-mapped[5.2.134~1-ecd4]:DecodeUtteranceLatticeFaster():decoder-wrappers.cc:286) Log-like per frame for utterance AMI_ES2009a_SDM_MEE033_0029567_0029654 is -0.238775 over 85 frames.
AMI_ES2009a_SDM_MEE033_0029683_0031523 IS THAT WE'RE UH FROM THE FINAL FOUR ARRAY WHERE YOU THERE'S <unk> COST US A WHOLE WAY 
LOG (latgen-faster-mapped[5.2.134~1-ecd4]:DecodeUtteranceLatticeFaster():decoder-wrappers.cc:286) Log-like per frame for utterance AMI_ES2009a_SDM_MEE033_0029683_0031523 is -0.31884 over 1838 frames.
AMI_ES2009a_SDM_MEE033_0031532_0032593 THE BASICS I SEE YOU IN <unk> YOU KNOW <unk> ON THE <unk> OUT WHAT COST 
LOG (latgen-faster-mapped[5.2.134~1-ecd4]:DecodeUtteranceLatticeFaster():decoder-wrappers.cc:286) Log-like per frame for utterance AMI_ES2009a_SDM_MEE033_0031532_0032593 is -0.446364 over 1059 frames.
AMI_ES2009a_SDM_MEE033_0032630_0032923 <unk> SEE 
LOG (latgen-faster-mapped[5.2.134~1-ecd4]:DecodeUtteranceLatticeFaster():decoder-wrappers.cc:286) Log-like per frame for utterance AMI_ES2009a_SDM_MEE033_0032630_0032923 is -0.257387 over 291 frames.
AMI_ES2009a_SDM_MEE033_0032923_0033034 SO THAT'S UH 
LOG (latgen-faster-mapped[5.2.134~1-ecd4]:DecodeUtteranceLatticeFaster():decoder-wrappers.cc:286) Log-like per frame for utterance AMI_ES2009a_SDM_MEE033_0032923_0033034 is -0.47935 over 109 frames.
AMI_ES2009a_SDM_MEE033_0033034_0033224 <unk> 
LOG (latgen-faster-mapped[5.2.134~1-ecd4]:DecodeUtteranceLatticeFaster():decoder-wrappers.cc:286) Log-like per frame for utterance AMI_ES2009a_SDM_MEE033_0033034_0033224 is -0.302433 over 188 frames.
AMI_ES2009a_SDM_MEE033_0033224_0033645 UM RIGHT SO QUIET OR UH 
LOG (latgen-faster-mapped[5.2.134~1-ecd4]:DecodeUtteranceLatticeFaster():decoder-wrappers.cc:286) Log-like per frame for utterance AMI_ES2009a_SDM_MEE033_0033224_0033645 is -0.388082 over 419 frames.
AMI_ES2009a_SDM_MEE033_0033757_0034539 BASICALLY YEAH JUST THE USUALLY EITHER UM <unk> STAR <unk> 
LOG (latgen-faster-mapped[5.2.134~1-ecd4]:DecodeUtteranceLatticeFaster():decoder-wrappers.cc:286) Log-like per frame for utterance AMI_ES2009a_SDM_MEE033_0033757_0034539 is -0.424411 over 780 frames.
AMI_ES2009a_SDM_MEE033_0034613_0035854 UH AND JUST LYING YEAH <unk> MY HAND <unk> THIS <unk> <unk> <unk> <unk> FIVE SI ONE WE MAYBE ONE 
LOG (latgen-faster-mapped[5.2.134~1-ecd4]:DecodeUtteranceLatticeFaster():decoder-wrappers.cc:286) Log-like per frame for utterance AMI_ES2009a_SDM_MEE033_0034613_0035854 is -0.490109 over 1239 frames.
AMI_ES2009a_SDM_MEE033_0035854_0036279 NO I MEAN ONE 
LOG (latgen-faster-mapped[5.2.134~1-ecd4]:DecodeUtteranceLatticeFaster():decoder-wrappers.cc:286) Log-like per frame for utterance AMI_ES2009a_SDM_MEE033_0035854_0036279 is -0.351035 over 423 frames.
AMI_ES2009a_SDM_MEE033_0036279_0036531 UH <unk> <unk> 
LOG (latgen-faster-mapped[5.2.134~1-ecd4]:DecodeUtteranceLatticeFaster():decoder-wrappers.cc:286) Log-like per frame for utterance AMI_ES2009a_SDM_MEE033_0036279_0036531 is -0.270125 over 250 frames.
AMI_ES2009a_SDM_MEE033_0036531_0036587 NICE 
LOG (latgen-faster-mapped[5.2.134~1-ecd4]:DecodeUtteranceLatticeFaster():decoder-wrappers.cc:286) Log-like per frame for utterance AMI_ES2009a_SDM_MEE033_0036531_0036587 is -0.370048 over 54 frames.
AMI_ES2009a_SDM_MEE033_0036692_0036857 NEXT 
LOG (latgen-faster-mapped[5.2.134~1-ecd4]:DecodeUtteranceLatticeFaster():decoder-wrappers.cc:286) Log-like per frame for utterance AMI_ES2009a_SDM_MEE033_0036692_0036857 is -0.268925 over 163 frames.
AMI_ES2009a_SDM_MEE033_0036857_0036932 UM 
LOG (latgen-faster-mapped[5.2.134~1-ecd4]:DecodeUtteranceLatticeFaster():decoder-wrappers.cc:286) Log-like per frame for utterance AMI_ES2009a_SDM_MEE033_0036857_0036932 is -0.320476 over 73 frames.
LOG (latgen-faster-mapped[5.2.134~1-ecd4]:main():latgen-faster-mapped.cc:164) Time taken 569.259s: real-time factor assuming 100 frames/sec is 2.85887
LOG (latgen-faster-mapped[5.2.134~1-ecd4]:main():latgen-faster-mapped.cc:167) Done 34 utterances, failed for 0
LOG (latgen-faster-mapped[5.2.134~1-ecd4]:main():latgen-faster-mapped.cc:169) Overall log-likelihood per frame is -0.379182 over 19912 frames.
