latgen-faster-mapped --max-active=7000 --beam=15 --lattice-beam=7 --acoustic-scale=0.1 --allow-partial=true --word-symbol-table=/data/sls/scratch/haotang/ami//exp/ihm/tri3-logmel-hires/graph_ami_fsh.o3g.kn.pr1-7/words.txt /data/sls/scratch/haotang/ami//exp/ihm/tri3-logmel-hires_ali/final.mdl /data/sls/scratch/haotang/ami//exp/ihm/tri3-logmel-hires/graph_ami_fsh.o3g.kn.pr1-7/HCLG.fst ark:- 'ark:|gzip -c > /data/sls/r/u/atitus5/meng/am/logs/ami-0.1/train_sdm1/augmented_src_ihm/frame-tdnn-450x7-step0.05/ENC_C_256_256_K_3_3_P_3_3_F_/LATENT_256/DEC_F__C_256_256_K_3_3_P_3_3/ACT_ReLU_BN_false_WEIGHT_INIT_xavier_uniform/OPT_Adam_LR_0.0001_EPOCHS_25_BATCH_256_DEBUG_false/ae_ratio0.0/decode_sdm1/lat.16.gz' 
AMI_IS1001b_SDM_FIO074_0060589_0060648 YEAH 
LOG (latgen-faster-mapped[5.2.134~1-ecd4]:DecodeUtteranceLatticeFaster():decoder-wrappers.cc:286) Log-like per frame for utterance AMI_IS1001b_SDM_FIO074_0060589_0060648 is -0.12658 over 57 frames.
AMI_IS1001b_SDM_FIO074_0060648_0061086 AH YEAH THAT'S 
LOG (latgen-faster-mapped[5.2.134~1-ecd4]:DecodeUtteranceLatticeFaster():decoder-wrappers.cc:286) Log-like per frame for utterance AMI_IS1001b_SDM_FIO074_0060648_0061086 is -0.252127 over 436 frames.
AMI_IS1001b_SDM_FIO074_0062238_0062554 OKAY YOU CAN 
LOG (latgen-faster-mapped[5.2.134~1-ecd4]:DecodeUtteranceLatticeFaster():decoder-wrappers.cc:286) Log-like per frame for utterance AMI_IS1001b_SDM_FIO074_0062238_0062554 is -0.189102 over 314 frames.
AMI_IS1001b_SDM_FIO074_0062716_0063154 SO 
LOG (latgen-faster-mapped[5.2.134~1-ecd4]:DecodeUtteranceLatticeFaster():decoder-wrappers.cc:286) Log-like per frame for utterance AMI_IS1001b_SDM_FIO074_0062716_0063154 is -0.31063 over 436 frames.
AMI_IS1001b_SDM_FIO074_0063154_0064354 SO <unk> THEY LOST A FINE LOW WEIGHT 
LOG (latgen-faster-mapped[5.2.134~1-ecd4]:DecodeUtteranceLatticeFaster():decoder-wrappers.cc:286) Log-like per frame for utterance AMI_IS1001b_SDM_FIO074_0063154_0064354 is -0.31175 over 1198 frames.
AMI_IS1001b_SDM_FIO074_0064486_0064673 THE FIVE IT'S YEAH 
LOG (latgen-faster-mapped[5.2.134~1-ecd4]:DecodeUtteranceLatticeFaster():decoder-wrappers.cc:286) Log-like per frame for utterance AMI_IS1001b_SDM_FIO074_0064486_0064673 is -0.328375 over 185 frames.
AMI_IS1001b_SDM_FIO074_0064673_0065673 UH A LOT OF <unk> X. TOO MUCH TIME TO LEARN TO USE REMOTE CONTROL 
LOG (latgen-faster-mapped[5.2.134~1-ecd4]:DecodeUtteranceLatticeFaster():decoder-wrappers.cc:286) Log-like per frame for utterance AMI_IS1001b_SDM_FIO074_0064673_0065673 is -0.335389 over 998 frames.
AMI_IS1001b_SDM_FIO074_0065673_0066190 OR IS IT TOO 
LOG (latgen-faster-mapped[5.2.134~1-ecd4]:DecodeUtteranceLatticeFaster():decoder-wrappers.cc:286) Log-like per frame for utterance AMI_IS1001b_SDM_FIO074_0065673_0066190 is -0.35194 over 515 frames.
AMI_IS1001b_SDM_FIO074_0066333_0066679 <unk> REMOTE CONTROL 
LOG (latgen-faster-mapped[5.2.134~1-ecd4]:DecodeUtteranceLatticeFaster():decoder-wrappers.cc:286) Log-like per frame for utterance AMI_IS1001b_SDM_FIO074_0066333_0066679 is -0.381894 over 344 frames.
AMI_IS1001b_SDM_FIO074_0066876_0067193 MM 
LOG (latgen-faster-mapped[5.2.134~1-ecd4]:DecodeUtteranceLatticeFaster():decoder-wrappers.cc:286) Log-like per frame for utterance AMI_IS1001b_SDM_FIO074_0066876_0067193 is -0.169941 over 315 frames.
AMI_IS1001b_SDM_FIO074_0067364_0067415 WHEREAS I 
LOG (latgen-faster-mapped[5.2.134~1-ecd4]:DecodeUtteranceLatticeFaster():decoder-wrappers.cc:286) Log-like per frame for utterance AMI_IS1001b_SDM_FIO074_0067364_0067415 is -0.741365 over 49 frames.
AMI_IS1001b_SDM_FIO074_0069023_0069050 YEAH 
LOG (latgen-faster-mapped[5.2.134~1-ecd4]:DecodeUtteranceLatticeFaster():decoder-wrappers.cc:286) Log-like per frame for utterance AMI_IS1001b_SDM_FIO074_0069023_0069050 is -0.625426 over 25 frames.
AMI_IS1001b_SDM_FIO074_0070065_0070107 OH 
LOG (latgen-faster-mapped[5.2.134~1-ecd4]:DecodeUtteranceLatticeFaster():decoder-wrappers.cc:286) Log-like per frame for utterance AMI_IS1001b_SDM_FIO074_0070065_0070107 is -0.373362 over 40 frames.
AMI_IS1001b_SDM_FIO074_0070656_0071952 OKAY I HAVE ONE SO SO FUN YEAH 
LOG (latgen-faster-mapped[5.2.134~1-ecd4]:DecodeUtteranceLatticeFaster():decoder-wrappers.cc:286) Log-like per frame for utterance AMI_IS1001b_SDM_FIO074_0070656_0071952 is -0.252453 over 1294 frames.
AMI_IS1001b_SDM_FIO074_0072289_0073354 THE MENUS COLOUR WOW REMOTE CONTROL TO CHANGE SOMEHOW 
LOG (latgen-faster-mapped[5.2.134~1-ecd4]:DecodeUtteranceLatticeFaster():decoder-wrappers.cc:286) Log-like per frame for utterance AMI_IS1001b_SDM_FIO074_0072289_0073354 is -0.30775 over 1063 frames.
AMI_IS1001b_SDM_FIO074_0073354_0075166 UM AND UH I'M IN FASHION AND I'M NOT A LOT FOR OUR SITTING MM-HMM NOT 
LOG (latgen-faster-mapped[5.2.134~1-ecd4]:DecodeUtteranceLatticeFaster():decoder-wrappers.cc:286) Log-like per frame for utterance AMI_IS1001b_SDM_FIO074_0073354_0075166 is -0.297873 over 1810 frames.
AMI_IS1001b_SDM_FIO074_0075166_0076104 SO THAT'S UH SOMETHING <unk> THIS 
LOG (latgen-faster-mapped[5.2.134~1-ecd4]:DecodeUtteranceLatticeFaster():decoder-wrappers.cc:286) Log-like per frame for utterance AMI_IS1001b_SDM_FIO074_0075166_0076104 is -0.2418 over 936 frames.
AMI_IS1001b_SDM_FIO074_0076225_0076432 <unk> 
LOG (latgen-faster-mapped[5.2.134~1-ecd4]:DecodeUtteranceLatticeFaster():decoder-wrappers.cc:286) Log-like per frame for utterance AMI_IS1001b_SDM_FIO074_0076225_0076432 is -0.275327 over 205 frames.
AMI_IS1001b_SDM_FIO074_0076542_0076570 
LOG (latgen-faster-mapped[5.2.134~1-ecd4]:DecodeUtteranceLatticeFaster():decoder-wrappers.cc:286) Log-like per frame for utterance AMI_IS1001b_SDM_FIO074_0076542_0076570 is -0.427633 over 26 frames.
AMI_IS1001b_SDM_FIO074_0076713_0079054 SO LINE WE ASKED SOME QUESTIONS THAT UM THIS QUESTION <unk> FOR A FUNCTION FOR FIVE MORE FOR SPEECH RECOGNITION FOR YEAH YOU CAN GO WE HAVE HERE OF THE USERS 
LOG (latgen-faster-mapped[5.2.134~1-ecd4]:DecodeUtteranceLatticeFaster():decoder-wrappers.cc:286) Log-like per frame for utterance AMI_IS1001b_SDM_FIO074_0076713_0079054 is -0.380583 over 2339 frames.
AMI_IS1001b_SDM_FIO074_0079191_0079444 
LOG (latgen-faster-mapped[5.2.134~1-ecd4]:DecodeUtteranceLatticeFaster():decoder-wrappers.cc:286) Log-like per frame for utterance AMI_IS1001b_SDM_FIO074_0079191_0079444 is -0.200024 over 251 frames.
AMI_IS1001b_SDM_FIO074_0079444_0079725 SO YOU KNOW UH 
LOG (latgen-faster-mapped[5.2.134~1-ecd4]:DecodeUtteranceLatticeFaster():decoder-wrappers.cc:286) Log-like per frame for utterance AMI_IS1001b_SDM_FIO074_0079444_0079725 is -0.242959 over 279 frames.
AMI_IS1001b_SDM_FIO074_0079832_0080209 FAR OFF A YOUNGER VERY IMPORTANT 
LOG (latgen-faster-mapped[5.2.134~1-ecd4]:DecodeUtteranceLatticeFaster():decoder-wrappers.cc:286) Log-like per frame for utterance AMI_IS1001b_SDM_FIO074_0079832_0080209 is -0.400028 over 375 frames.
AMI_IS1001b_SDM_FIO074_0080312_0080650 <unk> 
LOG (latgen-faster-mapped[5.2.134~1-ecd4]:DecodeUtteranceLatticeFaster():decoder-wrappers.cc:286) Log-like per frame for utterance AMI_IS1001b_SDM_FIO074_0080312_0080650 is -0.346749 over 336 frames.
AMI_IS1001b_SDM_FIO074_0080650_0082538 AH <unk> US SO WE KNOW LIFE UH BETWEEN FIFTEEN AND TWENTY FIVE ARE YOU <unk> YOU CAN USE OKAY 
LOG (latgen-faster-mapped[5.2.134~1-ecd4]:DecodeUtteranceLatticeFaster():decoder-wrappers.cc:286) Log-like per frame for utterance AMI_IS1001b_SDM_FIO074_0080650_0082538 is -0.298057 over 1886 frames.
AMI_IS1001b_SDM_FIO074_0082538_0082952 SO WE CAN YEAH 
LOG (latgen-faster-mapped[5.2.134~1-ecd4]:DecodeUtteranceLatticeFaster():decoder-wrappers.cc:286) Log-like per frame for utterance AMI_IS1001b_SDM_FIO074_0082538_0082952 is -0.382225 over 412 frames.
AMI_IS1001b_SDM_FIO074_0082952_0082974 YEAH 
LOG (latgen-faster-mapped[5.2.134~1-ecd4]:DecodeUtteranceLatticeFaster():decoder-wrappers.cc:286) Log-like per frame for utterance AMI_IS1001b_SDM_FIO074_0082952_0082974 is -0.412918 over 20 frames.
AMI_IS1001b_SDM_FIO074_0084493_0084705 <unk> 
LOG (latgen-faster-mapped[5.2.134~1-ecd4]:DecodeUtteranceLatticeFaster():decoder-wrappers.cc:286) Log-like per frame for utterance AMI_IS1001b_SDM_FIO074_0084493_0084705 is -0.161317 over 210 frames.
AMI_IS1001b_SDM_FIO074_0084705_0084999 <unk> 
LOG (latgen-faster-mapped[5.2.134~1-ecd4]:DecodeUtteranceLatticeFaster():decoder-wrappers.cc:286) Log-like per frame for utterance AMI_IS1001b_SDM_FIO074_0084705_0084999 is -0.302601 over 292 frames.
AMI_IS1001b_SDM_FIO074_0084999_0085837 SO AS WE SAY THINGS 
LOG (latgen-faster-mapped[5.2.134~1-ecd4]:DecodeUtteranceLatticeFaster():decoder-wrappers.cc:286) Log-like per frame for utterance AMI_IS1001b_SDM_FIO074_0084999_0085837 is -0.368136 over 836 frames.
AMI_IS1001b_SDM_FIO074_0085837_0086183 NOT TOO MANY TIMES LIKE 
LOG (latgen-faster-mapped[5.2.134~1-ecd4]:DecodeUtteranceLatticeFaster():decoder-wrappers.cc:286) Log-like per frame for utterance AMI_IS1001b_SDM_FIO074_0085837_0086183 is -0.44102 over 344 frames.
AMI_IS1001b_SDM_FIO074_0086183_0087694 THE EASY TO USE UH I I WAY TO FIND EASY UH IT'S TOO <unk> MM-HMM 
LOG (latgen-faster-mapped[5.2.134~1-ecd4]:DecodeUtteranceLatticeFaster():decoder-wrappers.cc:286) Log-like per frame for utterance AMI_IS1001b_SDM_FIO074_0086183_0087694 is -0.271851 over 1509 frames.
AMI_IS1001b_SDM_FIO074_0087947_0088198 <unk> THIS 
LOG (latgen-faster-mapped[5.2.134~1-ecd4]:DecodeUtteranceLatticeFaster():decoder-wrappers.cc:286) Log-like per frame for utterance AMI_IS1001b_SDM_FIO074_0087947_0088198 is -0.261143 over 249 frames.
LOG (latgen-faster-mapped[5.2.134~1-ecd4]:main():latgen-faster-mapped.cc:164) Time taken 441.992s: real-time factor assuming 100 frames/sec is 2.2569
LOG (latgen-faster-mapped[5.2.134~1-ecd4]:main():latgen-faster-mapped.cc:167) Done 33 utterances, failed for 0
LOG (latgen-faster-mapped[5.2.134~1-ecd4]:main():latgen-faster-mapped.cc:169) Overall log-likelihood per frame is -0.309452 over 19584 frames.
