latgen-faster-mapped --max-active=7000 --beam=15 --lattice-beam=7 --acoustic-scale=0.1 --allow-partial=true --word-symbol-table=/data/sls/scratch/haotang/ami//exp/ihm/tri3-logmel-hires/graph_ami_fsh.o3g.kn.pr1-7/words.txt /data/sls/scratch/haotang/ami//exp/ihm/tri3-logmel-hires_ali/final.mdl /data/sls/scratch/haotang/ami//exp/ihm/tri3-logmel-hires/graph_ami_fsh.o3g.kn.pr1-7/HCLG.fst ark:- 'ark:|gzip -c > /data/sls/r/u/atitus5/meng/am/logs/ami-0.1/train_sdm1/augmented_src_ihm/frame-tdnn-450x7-step0.05/ENC_C_256_256_K_3_3_P_3_3_F_/LATENT_256/DEC_F__C_256_256_K_3_3_P_3_3/ACT_ReLU_BN_false_WEIGHT_INIT_xavier_uniform/OPT_Adam_LR_0.0001_EPOCHS_25_BATCH_256_DEBUG_false/ae_ratio0.0/decode_sdm1/lat.21.gz' 
AMI_IS1006c_SDM_MIO040_0069436_0069823 AH 
LOG (latgen-faster-mapped[5.2.134~1-ecd4]:DecodeUtteranceLatticeFaster():decoder-wrappers.cc:286) Log-like per frame for utterance AMI_IS1006c_SDM_MIO040_0069436_0069823 is -0.277895 over 385 frames.
AMI_IS1006c_SDM_MIO040_0070047_0070244 YEAH THIS 
LOG (latgen-faster-mapped[5.2.134~1-ecd4]:DecodeUtteranceLatticeFaster():decoder-wrappers.cc:286) Log-like per frame for utterance AMI_IS1006c_SDM_MIO040_0070047_0070244 is -0.370473 over 195 frames.
AMI_IS1006c_SDM_MIO040_0070244_0070423 <unk> 
LOG (latgen-faster-mapped[5.2.134~1-ecd4]:DecodeUtteranceLatticeFaster():decoder-wrappers.cc:286) Log-like per frame for utterance AMI_IS1006c_SDM_MIO040_0070244_0070423 is -0.280162 over 177 frames.
AMI_IS1006c_SDM_MIO040_0070423_0070961 OF COURSE OF COURSE 
LOG (latgen-faster-mapped[5.2.134~1-ecd4]:DecodeUtteranceLatticeFaster():decoder-wrappers.cc:286) Log-like per frame for utterance AMI_IS1006c_SDM_MIO040_0070423_0070961 is -0.277006 over 536 frames.
AMI_IS1006c_SDM_MIO040_0071125_0071728 JUST ALL 
LOG (latgen-faster-mapped[5.2.134~1-ecd4]:DecodeUtteranceLatticeFaster():decoder-wrappers.cc:286) Log-like per frame for utterance AMI_IS1006c_SDM_MIO040_0071125_0071728 is -0.247281 over 601 frames.
AMI_IS1006c_SDM_MIO040_0071948_0072218 MM-HMM 
LOG (latgen-faster-mapped[5.2.134~1-ecd4]:DecodeUtteranceLatticeFaster():decoder-wrappers.cc:286) Log-like per frame for utterance AMI_IS1006c_SDM_MIO040_0071948_0072218 is -0.202898 over 268 frames.
AMI_IS1006c_SDM_MIO040_0072218_0072406 <unk> 
LOG (latgen-faster-mapped[5.2.134~1-ecd4]:DecodeUtteranceLatticeFaster():decoder-wrappers.cc:286) Log-like per frame for utterance AMI_IS1006c_SDM_MIO040_0072218_0072406 is -0.270931 over 186 frames.
AMI_IS1006c_SDM_MIO040_0072575_0072821 <unk> 
LOG (latgen-faster-mapped[5.2.134~1-ecd4]:DecodeUtteranceLatticeFaster():decoder-wrappers.cc:286) Log-like per frame for utterance AMI_IS1006c_SDM_MIO040_0072575_0072821 is -0.223057 over 244 frames.
AMI_IS1006c_SDM_MIO040_0072821_0073055 <unk> 
LOG (latgen-faster-mapped[5.2.134~1-ecd4]:DecodeUtteranceLatticeFaster():decoder-wrappers.cc:286) Log-like per frame for utterance AMI_IS1006c_SDM_MIO040_0072821_0073055 is -0.165536 over 232 frames.
AMI_IS1006c_SDM_MIO040_0073055_0073275 <unk> 
LOG (latgen-faster-mapped[5.2.134~1-ecd4]:DecodeUtteranceLatticeFaster():decoder-wrappers.cc:286) Log-like per frame for utterance AMI_IS1006c_SDM_MIO040_0073055_0073275 is -0.307889 over 218 frames.
AMI_IS1006c_SDM_MIO040_0073275_0073729 OR <unk> 
LOG (latgen-faster-mapped[5.2.134~1-ecd4]:DecodeUtteranceLatticeFaster():decoder-wrappers.cc:286) Log-like per frame for utterance AMI_IS1006c_SDM_MIO040_0073275_0073729 is -0.223583 over 452 frames.
AMI_IS1006c_SDM_MIO040_0073729_0073995 <unk> 
LOG (latgen-faster-mapped[5.2.134~1-ecd4]:DecodeUtteranceLatticeFaster():decoder-wrappers.cc:286) Log-like per frame for utterance AMI_IS1006c_SDM_MIO040_0073729_0073995 is -0.28218 over 264 frames.
AMI_IS1006c_SDM_MIO040_0074594_0075224 <unk> FOR US 
LOG (latgen-faster-mapped[5.2.134~1-ecd4]:DecodeUtteranceLatticeFaster():decoder-wrappers.cc:286) Log-like per frame for utterance AMI_IS1006c_SDM_MIO040_0074594_0075224 is -0.292962 over 628 frames.
AMI_IS1006c_SDM_MIO040_0075329_0075431 YES 
LOG (latgen-faster-mapped[5.2.134~1-ecd4]:DecodeUtteranceLatticeFaster():decoder-wrappers.cc:286) Log-like per frame for utterance AMI_IS1006c_SDM_MIO040_0075329_0075431 is -0.422267 over 100 frames.
AMI_IS1006c_SDM_MIO040_0075904_0075949 YEAH 
LOG (latgen-faster-mapped[5.2.134~1-ecd4]:DecodeUtteranceLatticeFaster():decoder-wrappers.cc:286) Log-like per frame for utterance AMI_IS1006c_SDM_MIO040_0075904_0075949 is -0.258747 over 43 frames.
AMI_IS1006c_SDM_MIO040_0076839_0077305 SO OFTEN FOR US 
LOG (latgen-faster-mapped[5.2.134~1-ecd4]:DecodeUtteranceLatticeFaster():decoder-wrappers.cc:286) Log-like per frame for utterance AMI_IS1006c_SDM_MIO040_0076839_0077305 is -0.391234 over 464 frames.
AMI_IS1006c_SDM_MIO040_0077441_0077516 
LOG (latgen-faster-mapped[5.2.134~1-ecd4]:DecodeUtteranceLatticeFaster():decoder-wrappers.cc:286) Log-like per frame for utterance AMI_IS1006c_SDM_MIO040_0077441_0077516 is -0.246261 over 73 frames.
AMI_IS1006c_SDM_MIO040_0078126_0078325 YEAH 
LOG (latgen-faster-mapped[5.2.134~1-ecd4]:DecodeUtteranceLatticeFaster():decoder-wrappers.cc:286) Log-like per frame for utterance AMI_IS1006c_SDM_MIO040_0078126_0078325 is -0.390208 over 197 frames.
AMI_IS1006c_SDM_MIO040_0078325_0078751 THAT'S NICE 
LOG (latgen-faster-mapped[5.2.134~1-ecd4]:DecodeUtteranceLatticeFaster():decoder-wrappers.cc:286) Log-like per frame for utterance AMI_IS1006c_SDM_MIO040_0078325_0078751 is -0.191977 over 424 frames.
AMI_IS1006c_SDM_MIO040_0079183_0079213 
LOG (latgen-faster-mapped[5.2.134~1-ecd4]:DecodeUtteranceLatticeFaster():decoder-wrappers.cc:286) Log-like per frame for utterance AMI_IS1006c_SDM_MIO040_0079183_0079213 is -0.428361 over 28 frames.
AMI_IS1006c_SDM_MIO040_0081146_0081261 <unk> 
LOG (latgen-faster-mapped[5.2.134~1-ecd4]:DecodeUtteranceLatticeFaster():decoder-wrappers.cc:286) Log-like per frame for utterance AMI_IS1006c_SDM_MIO040_0081146_0081261 is -0.153101 over 113 frames.
AMI_IS1006c_SDM_MIO040_0082020_0082063 SO 
LOG (latgen-faster-mapped[5.2.134~1-ecd4]:DecodeUtteranceLatticeFaster():decoder-wrappers.cc:286) Log-like per frame for utterance AMI_IS1006c_SDM_MIO040_0082020_0082063 is -0.415144 over 41 frames.
AMI_IS1006c_SDM_MIO040_0082488_0082503 NO 
LOG (latgen-faster-mapped[5.2.134~1-ecd4]:DecodeUtteranceLatticeFaster():decoder-wrappers.cc:286) Log-like per frame for utterance AMI_IS1006c_SDM_MIO040_0082488_0082503 is -0.891313 over 13 frames.
AMI_IS1006c_SDM_MIO040_0084127_0084489 COLOUR AS ONE ONE <unk> 
LOG (latgen-faster-mapped[5.2.134~1-ecd4]:DecodeUtteranceLatticeFaster():decoder-wrappers.cc:286) Log-like per frame for utterance AMI_IS1006c_SDM_MIO040_0084127_0084489 is -0.473401 over 360 frames.
AMI_IS1006c_SDM_MIO040_0084489_0085597 <unk> CHANGE POWER 
LOG (latgen-faster-mapped[5.2.134~1-ecd4]:DecodeUtteranceLatticeFaster():decoder-wrappers.cc:286) Log-like per frame for utterance AMI_IS1006c_SDM_MIO040_0084489_0085597 is -0.254206 over 1106 frames.
AMI_IS1006c_SDM_MIO040_0085754_0086299 <unk> OR OFF 
LOG (latgen-faster-mapped[5.2.134~1-ecd4]:DecodeUtteranceLatticeFaster():decoder-wrappers.cc:286) Log-like per frame for utterance AMI_IS1006c_SDM_MIO040_0085754_0086299 is -0.460807 over 543 frames.
AMI_IS1006c_SDM_MIO040_0086407_0086591 YEAH YEAH 
LOG (latgen-faster-mapped[5.2.134~1-ecd4]:DecodeUtteranceLatticeFaster():decoder-wrappers.cc:286) Log-like per frame for utterance AMI_IS1006c_SDM_MIO040_0086407_0086591 is -0.253671 over 182 frames.
AMI_IS1006c_SDM_MIO040_0086591_0086832 MAYBE 
LOG (latgen-faster-mapped[5.2.134~1-ecd4]:DecodeUtteranceLatticeFaster():decoder-wrappers.cc:286) Log-like per frame for utterance AMI_IS1006c_SDM_MIO040_0086591_0086832 is -0.368129 over 239 frames.
AMI_IS1006c_SDM_MIO040_0087264_0087479 MM 
LOG (latgen-faster-mapped[5.2.134~1-ecd4]:DecodeUtteranceLatticeFaster():decoder-wrappers.cc:286) Log-like per frame for utterance AMI_IS1006c_SDM_MIO040_0087264_0087479 is -0.28147 over 213 frames.
AMI_IS1006c_SDM_MIO040_0089856_0089899 OR 
LOG (latgen-faster-mapped[5.2.134~1-ecd4]:DecodeUtteranceLatticeFaster():decoder-wrappers.cc:286) Log-like per frame for utterance AMI_IS1006c_SDM_MIO040_0089856_0089899 is -0.390521 over 41 frames.
AMI_TS3006d_SDM_MTD022ID_0176463_0176594 CAN YOU GO 
LOG (latgen-faster-mapped[5.2.134~1-ecd4]:DecodeUtteranceLatticeFaster():decoder-wrappers.cc:286) Log-like per frame for utterance AMI_TS3006d_SDM_MTD022ID_0176463_0176594 is -0.637285 over 129 frames.
AMI_TS3006d_SDM_MTD022ID_0177895_0178014 MM 
LOG (latgen-faster-mapped[5.2.134~1-ecd4]:DecodeUtteranceLatticeFaster():decoder-wrappers.cc:286) Log-like per frame for utterance AMI_TS3006d_SDM_MTD022ID_0177895_0178014 is -0.185547 over 117 frames.
AMI_TS3006d_SDM_MTD022ID_0178014_0178083 MM 
LOG (latgen-faster-mapped[5.2.134~1-ecd4]:DecodeUtteranceLatticeFaster():decoder-wrappers.cc:286) Log-like per frame for utterance AMI_TS3006d_SDM_MTD022ID_0178014_0178083 is -0.242636 over 67 frames.
LOG (latgen-faster-mapped[5.2.134~1-ecd4]:main():latgen-faster-mapped.cc:164) Time taken 172.812s: real-time factor assuming 100 frames/sec is 1.9463
LOG (latgen-faster-mapped[5.2.134~1-ecd4]:main():latgen-faster-mapped.cc:167) Done 33 utterances, failed for 0
LOG (latgen-faster-mapped[5.2.134~1-ecd4]:main():latgen-faster-mapped.cc:169) Overall log-likelihood per frame is -0.298602 over 8879 frames.
