latgen-faster-mapped --max-active=7000 --beam=15 --lattice-beam=7 --acoustic-scale=0.1 --allow-partial=true --word-symbol-table=/data/sls/scratch/haotang/ami//exp/ihm/tri3-logmel-hires/graph_ami_fsh.o3g.kn.pr1-7/words.txt /data/sls/scratch/haotang/ami//exp/ihm/tri3-logmel-hires_ali/final.mdl /data/sls/scratch/haotang/ami//exp/ihm/tri3-logmel-hires/graph_ami_fsh.o3g.kn.pr1-7/HCLG.fst ark:- 'ark:|gzip -c > /data/sls/r/u/atitus5/meng/am/logs/ami-0.1/train_sdm1/augmented_src_ihm/frame-tdnn-450x7-step0.05/ENC_C_256_256_K_3_3_P_3_3_F_/LATENT_256/DEC_F__C_256_256_K_3_3_P_3_3/ACT_ReLU_BN_false_WEIGHT_INIT_xavier_uniform/OPT_Adam_LR_0.0001_EPOCHS_25_BATCH_256_DEBUG_false/ae_ratio0.0/decode_sdm1/lat.26.gz' 
AMI_TS3009c_SDM_MTD034ID_0116513_0116538 OR 
LOG (latgen-faster-mapped[5.2.134~1-ecd4]:DecodeUtteranceLatticeFaster():decoder-wrappers.cc:286) Log-like per frame for utterance AMI_TS3009c_SDM_MTD034ID_0116513_0116538 is -0.684758 over 23 frames.
AMI_TS3009c_SDM_MTD034ID_0118764_0118900 NO YEAH YEAH 
LOG (latgen-faster-mapped[5.2.134~1-ecd4]:DecodeUtteranceLatticeFaster():decoder-wrappers.cc:286) Log-like per frame for utterance AMI_TS3009c_SDM_MTD034ID_0118764_0118900 is -0.405931 over 134 frames.
AMI_TS3009c_SDM_MTD034ID_0119273_0119346 <unk> 
LOG (latgen-faster-mapped[5.2.134~1-ecd4]:DecodeUtteranceLatticeFaster():decoder-wrappers.cc:286) Log-like per frame for utterance AMI_TS3009c_SDM_MTD034ID_0119273_0119346 is -0.537288 over 71 frames.
AMI_TS3009c_SDM_MTD034ID_0120807_0120991 YOU TOO <unk> YOU KNOW 
LOG (latgen-faster-mapped[5.2.134~1-ecd4]:DecodeUtteranceLatticeFaster():decoder-wrappers.cc:286) Log-like per frame for utterance AMI_TS3009c_SDM_MTD034ID_0120807_0120991 is -0.541026 over 182 frames.
AMI_TS3009c_SDM_MTD034ID_0121886_0121982 <unk> 
LOG (latgen-faster-mapped[5.2.134~1-ecd4]:DecodeUtteranceLatticeFaster():decoder-wrappers.cc:286) Log-like per frame for utterance AMI_TS3009c_SDM_MTD034ID_0121886_0121982 is -0.53512 over 94 frames.
AMI_TS3009c_SDM_MTD034ID_0122228_0122390 <unk> 
LOG (latgen-faster-mapped[5.2.134~1-ecd4]:DecodeUtteranceLatticeFaster():decoder-wrappers.cc:286) Log-like per frame for utterance AMI_TS3009c_SDM_MTD034ID_0122228_0122390 is -0.49908 over 160 frames.
AMI_TS3009c_SDM_MTD034ID_0122686_0122763 NO NO 
LOG (latgen-faster-mapped[5.2.134~1-ecd4]:DecodeUtteranceLatticeFaster():decoder-wrappers.cc:286) Log-like per frame for utterance AMI_TS3009c_SDM_MTD034ID_0122686_0122763 is -0.492011 over 75 frames.
AMI_TS3009c_SDM_MTD034ID_0123140_0123521 UH IS NOT A PORTION 
LOG (latgen-faster-mapped[5.2.134~1-ecd4]:DecodeUtteranceLatticeFaster():decoder-wrappers.cc:286) Log-like per frame for utterance AMI_TS3009c_SDM_MTD034ID_0123140_0123521 is -0.542289 over 379 frames.
AMI_TS3009c_SDM_MTD034ID_0124797_0124910 BUT IT YOU KNOW 
LOG (latgen-faster-mapped[5.2.134~1-ecd4]:DecodeUtteranceLatticeFaster():decoder-wrappers.cc:286) Log-like per frame for utterance AMI_TS3009c_SDM_MTD034ID_0124797_0124910 is -0.515257 over 111 frames.
AMI_TS3009c_SDM_MTD034ID_0126263_0126430 NOT NOT NOT IS THE 
LOG (latgen-faster-mapped[5.2.134~1-ecd4]:DecodeUtteranceLatticeFaster():decoder-wrappers.cc:286) Log-like per frame for utterance AMI_TS3009c_SDM_MTD034ID_0126263_0126430 is -0.605336 over 165 frames.
AMI_TS3009c_SDM_MTD034ID_0126430_0126508 <unk> 
LOG (latgen-faster-mapped[5.2.134~1-ecd4]:DecodeUtteranceLatticeFaster():decoder-wrappers.cc:286) Log-like per frame for utterance AMI_TS3009c_SDM_MTD034ID_0126430_0126508 is -0.456156 over 76 frames.
AMI_TS3009c_SDM_MTD034ID_0129442_0129597 EXOTIC YEAH 
LOG (latgen-faster-mapped[5.2.134~1-ecd4]:DecodeUtteranceLatticeFaster():decoder-wrappers.cc:286) Log-like per frame for utterance AMI_TS3009c_SDM_MTD034ID_0129442_0129597 is -0.372385 over 153 frames.
AMI_TS3009c_SDM_MTD034ID_0129597_0129727 WE 
LOG (latgen-faster-mapped[5.2.134~1-ecd4]:DecodeUtteranceLatticeFaster():decoder-wrappers.cc:286) Log-like per frame for utterance AMI_TS3009c_SDM_MTD034ID_0129597_0129727 is -0.251043 over 128 frames.
AMI_TS3009c_SDM_MTD034ID_0129727_0129911 WELL <unk> IT 
LOG (latgen-faster-mapped[5.2.134~1-ecd4]:DecodeUtteranceLatticeFaster():decoder-wrappers.cc:286) Log-like per frame for utterance AMI_TS3009c_SDM_MTD034ID_0129727_0129911 is -0.458029 over 182 frames.
AMI_TS3009c_SDM_MTD034ID_0129911_0130101 <unk> 
LOG (latgen-faster-mapped[5.2.134~1-ecd4]:DecodeUtteranceLatticeFaster():decoder-wrappers.cc:286) Log-like per frame for utterance AMI_TS3009c_SDM_MTD034ID_0129911_0130101 is -0.323936 over 188 frames.
AMI_TS3009c_SDM_MTD034ID_0130392_0130499 <unk> 
LOG (latgen-faster-mapped[5.2.134~1-ecd4]:DecodeUtteranceLatticeFaster():decoder-wrappers.cc:286) Log-like per frame for utterance AMI_TS3009c_SDM_MTD034ID_0130392_0130499 is -0.383439 over 105 frames.
AMI_TS3009c_SDM_MTD034ID_0130499_0130579 <unk> 
LOG (latgen-faster-mapped[5.2.134~1-ecd4]:DecodeUtteranceLatticeFaster():decoder-wrappers.cc:286) Log-like per frame for utterance AMI_TS3009c_SDM_MTD034ID_0130499_0130579 is -0.384361 over 78 frames.
AMI_TS3009c_SDM_MTD034ID_0131408_0131632 
LOG (latgen-faster-mapped[5.2.134~1-ecd4]:DecodeUtteranceLatticeFaster():decoder-wrappers.cc:286) Log-like per frame for utterance AMI_TS3009c_SDM_MTD034ID_0131408_0131632 is -0.289913 over 222 frames.
AMI_TS3009c_SDM_MTD034ID_0135285_0135415 BUT 
LOG (latgen-faster-mapped[5.2.134~1-ecd4]:DecodeUtteranceLatticeFaster():decoder-wrappers.cc:286) Log-like per frame for utterance AMI_TS3009c_SDM_MTD034ID_0135285_0135415 is -0.624658 over 128 frames.
AMI_TS3009c_SDM_MTD034ID_0136349_0136568 <unk> TO ONE ON THAT 
LOG (latgen-faster-mapped[5.2.134~1-ecd4]:DecodeUtteranceLatticeFaster():decoder-wrappers.cc:286) Log-like per frame for utterance AMI_TS3009c_SDM_MTD034ID_0136349_0136568 is -0.482537 over 217 frames.
AMI_TS3009c_SDM_MTD034ID_0136959_0137698 YOU DO WORK BUT YOU ALSO TO THE SHOP 
LOG (latgen-faster-mapped[5.2.134~1-ecd4]:DecodeUtteranceLatticeFaster():decoder-wrappers.cc:286) Log-like per frame for utterance AMI_TS3009c_SDM_MTD034ID_0136959_0137698 is -0.330354 over 737 frames.
AMI_TS3009c_SDM_MTD034ID_0137698_0137723 
LOG (latgen-faster-mapped[5.2.134~1-ecd4]:DecodeUtteranceLatticeFaster():decoder-wrappers.cc:286) Log-like per frame for utterance AMI_TS3009c_SDM_MTD034ID_0137698_0137723 is -0.450307 over 23 frames.
AMI_TS3009c_SDM_MTD034ID_0138238_0138388 WE HAVE TO 
LOG (latgen-faster-mapped[5.2.134~1-ecd4]:DecodeUtteranceLatticeFaster():decoder-wrappers.cc:286) Log-like per frame for utterance AMI_TS3009c_SDM_MTD034ID_0138238_0138388 is -0.475983 over 148 frames.
AMI_TS3009c_SDM_MTD034ID_0138992_0139204 <unk> 
LOG (latgen-faster-mapped[5.2.134~1-ecd4]:DecodeUtteranceLatticeFaster():decoder-wrappers.cc:286) Log-like per frame for utterance AMI_TS3009c_SDM_MTD034ID_0138992_0139204 is -0.226296 over 210 frames.
AMI_TS3009c_SDM_MTD034ID_0139570_0139655 WELL IT IS 
LOG (latgen-faster-mapped[5.2.134~1-ecd4]:DecodeUtteranceLatticeFaster():decoder-wrappers.cc:286) Log-like per frame for utterance AMI_TS3009c_SDM_MTD034ID_0139570_0139655 is -0.414028 over 83 frames.
AMI_TS3009c_SDM_MTD034ID_0139655_0139744 THAT'S ME 
LOG (latgen-faster-mapped[5.2.134~1-ecd4]:DecodeUtteranceLatticeFaster():decoder-wrappers.cc:286) Log-like per frame for utterance AMI_TS3009c_SDM_MTD034ID_0139655_0139744 is -0.464923 over 87 frames.
AMI_TS3009c_SDM_MTD034ID_0139744_0140094 YEAH I SHOULD JUST WELL WHAT DO I 
LOG (latgen-faster-mapped[5.2.134~1-ecd4]:DecodeUtteranceLatticeFaster():decoder-wrappers.cc:286) Log-like per frame for utterance AMI_TS3009c_SDM_MTD034ID_0139744_0140094 is -0.449202 over 348 frames.
AMI_TS3009c_SDM_MTD034ID_0140240_0140590 <unk> <unk> <unk> 
LOG (latgen-faster-mapped[5.2.134~1-ecd4]:DecodeUtteranceLatticeFaster():decoder-wrappers.cc:286) Log-like per frame for utterance AMI_TS3009c_SDM_MTD034ID_0140240_0140590 is -0.296766 over 348 frames.
AMI_TS3009c_SDM_MTD034ID_0140590_0140612 YEAH 
LOG (latgen-faster-mapped[5.2.134~1-ecd4]:DecodeUtteranceLatticeFaster():decoder-wrappers.cc:286) Log-like per frame for utterance AMI_TS3009c_SDM_MTD034ID_0140590_0140612 is -0.564694 over 20 frames.
AMI_TS3009c_SDM_MTD034ID_0141864_0142091 NO NO 
LOG (latgen-faster-mapped[5.2.134~1-ecd4]:DecodeUtteranceLatticeFaster():decoder-wrappers.cc:286) Log-like per frame for utterance AMI_TS3009c_SDM_MTD034ID_0141864_0142091 is -0.303094 over 225 frames.
AMI_TS3009c_SDM_MTD034ID_0142091_0142198 YEAH 
LOG (latgen-faster-mapped[5.2.134~1-ecd4]:DecodeUtteranceLatticeFaster():decoder-wrappers.cc:286) Log-like per frame for utterance AMI_TS3009c_SDM_MTD034ID_0142091_0142198 is -0.161153 over 105 frames.
AMI_TS3009c_SDM_MTD034ID_0142198_0142365 SHALL WE UH 
LOG (latgen-faster-mapped[5.2.134~1-ecd4]:DecodeUtteranceLatticeFaster():decoder-wrappers.cc:286) Log-like per frame for utterance AMI_TS3009c_SDM_MTD034ID_0142198_0142365 is -0.499171 over 165 frames.
AMI_TS3009c_SDM_MTD034ID_0142455_0143389 OH THE NON REMOVABLE ELEMENTS THE THE REMOTE OR NOT <unk> COULD BE YEAH 
LOG (latgen-faster-mapped[5.2.134~1-ecd4]:DecodeUtteranceLatticeFaster():decoder-wrappers.cc:286) Log-like per frame for utterance AMI_TS3009c_SDM_MTD034ID_0142455_0143389 is -0.364685 over 932 frames.
LOG (latgen-faster-mapped[5.2.134~1-ecd4]:main():latgen-faster-mapped.cc:164) Time taken 115.806s: real-time factor assuming 100 frames/sec is 1.8376
LOG (latgen-faster-mapped[5.2.134~1-ecd4]:main():latgen-faster-mapped.cc:167) Done 33 utterances, failed for 0
LOG (latgen-faster-mapped[5.2.134~1-ecd4]:main():latgen-faster-mapped.cc:169) Overall log-likelihood per frame is -0.404409 over 6302 frames.
