latgen-faster-mapped --max-active=7000 --beam=15 --lattice-beam=7 --acoustic-scale=0.1 --allow-partial=true --word-symbol-table=/data/sls/scratch/haotang/ami//exp/ihm/tri3-logmel-hires/graph_ami_fsh.o3g.kn.pr1-7/words.txt /data/sls/scratch/haotang/ami//exp/ihm/tri3-logmel-hires_ali/final.mdl /data/sls/scratch/haotang/ami//exp/ihm/tri3-logmel-hires/graph_ami_fsh.o3g.kn.pr1-7/HCLG.fst ark:- 'ark:|gzip -c > /data/sls/r/u/atitus5/meng/am/logs/ami-0.1/train_sdm1/augmented_src_ihm/frame-tdnn-450x7-step0.05/ENC_C_256_256_K_3_3_P_3_3_F_/LATENT_256/DEC_F__C_256_256_K_3_3_P_3_3/ACT_ReLU_BN_false_WEIGHT_INIT_xavier_uniform/OPT_Adam_LR_0.0001_EPOCHS_25_BATCH_256_DEBUG_false/ae_ratio0.0/decode_sdm1/lat.14.gz' 
AMI_IN1008_SDM_MIO018_0170313_0170715 <unk> <unk> ISN'T JUST UH I GUESS IT YOUR QUESTIONS 
LOG (latgen-faster-mapped[5.2.134~1-ecd4]:DecodeUtteranceLatticeFaster():decoder-wrappers.cc:286) Log-like per frame for utterance AMI_IN1008_SDM_MIO018_0170313_0170715 is -0.443127 over 400 frames.
AMI_IN1008_SDM_MIO018_0171071_0171098 YEAH 
LOG (latgen-faster-mapped[5.2.134~1-ecd4]:DecodeUtteranceLatticeFaster():decoder-wrappers.cc:286) Log-like per frame for utterance AMI_IN1008_SDM_MIO018_0171071_0171098 is -0.63305 over 25 frames.
AMI_IN1008_SDM_MIO018_0171241_0171572 NO THE OF THE LOWEST LAYER WOULD BE THE FIRST TWO QUESTIONS 
LOG (latgen-faster-mapped[5.2.134~1-ecd4]:DecodeUtteranceLatticeFaster():decoder-wrappers.cc:286) Log-like per frame for utterance AMI_IN1008_SDM_MIO018_0171241_0171572 is -0.507406 over 329 frames.
AMI_IN1008_SDM_MIO018_0171572_0172250 THE U. R. STABLE SO WHAT WE DID A ACTIVITY 
LOG (latgen-faster-mapped[5.2.134~1-ecd4]:DecodeUtteranceLatticeFaster():decoder-wrappers.cc:286) Log-like per frame for utterance AMI_IN1008_SDM_MIO018_0171572_0172250 is -0.313643 over 676 frames.
AMI_IN1008_SDM_MIO018_0172250_0172578 CAUSE HE USE RESULTING <unk> FEW 
LOG (latgen-faster-mapped[5.2.134~1-ecd4]:DecodeUtteranceLatticeFaster():decoder-wrappers.cc:286) Log-like per frame for utterance AMI_IN1008_SDM_MIO018_0172250_0172578 is -0.565239 over 326 frames.
AMI_IN1008_SDM_MIO018_0172913_0173004 AH 
LOG (latgen-faster-mapped[5.2.134~1-ecd4]:DecodeUtteranceLatticeFaster():decoder-wrappers.cc:286) Log-like per frame for utterance AMI_IN1008_SDM_MIO018_0172913_0173004 is -0.460122 over 89 frames.
AMI_IN1008_SDM_MIO018_0173004_0173147 OKAY 
LOG (latgen-faster-mapped[5.2.134~1-ecd4]:DecodeUtteranceLatticeFaster():decoder-wrappers.cc:286) Log-like per frame for utterance AMI_IN1008_SDM_MIO018_0173004_0173147 is -0.138743 over 141 frames.
AMI_IN1008_SDM_MIO018_0173147_0173309 AND YOU YOU FOR EACH 
LOG (latgen-faster-mapped[5.2.134~1-ecd4]:DecodeUtteranceLatticeFaster():decoder-wrappers.cc:286) Log-like per frame for utterance AMI_IN1008_SDM_MIO018_0173147_0173309 is -0.487228 over 160 frames.
AMI_IN1008_SDM_MIO018_0173526_0173545 UH 
LOG (latgen-faster-mapped[5.2.134~1-ecd4]:DecodeUtteranceLatticeFaster():decoder-wrappers.cc:286) Log-like per frame for utterance AMI_IN1008_SDM_MIO018_0173526_0173545 is -0.952621 over 17 frames.
AMI_IN1008_SDM_MIO018_0174021_0174038 YEP 
LOG (latgen-faster-mapped[5.2.134~1-ecd4]:DecodeUtteranceLatticeFaster():decoder-wrappers.cc:286) Log-like per frame for utterance AMI_IN1008_SDM_MIO018_0174021_0174038 is -0.631628 over 15 frames.
AMI_IN1008_SDM_MIO018_0174328_0174352 YEP 
LOG (latgen-faster-mapped[5.2.134~1-ecd4]:DecodeUtteranceLatticeFaster():decoder-wrappers.cc:286) Log-like per frame for utterance AMI_IN1008_SDM_MIO018_0174328_0174352 is -0.496104 over 22 frames.
AMI_IN1008_SDM_MIO018_0174663_0174700 <unk> 
LOG (latgen-faster-mapped[5.2.134~1-ecd4]:DecodeUtteranceLatticeFaster():decoder-wrappers.cc:286) Log-like per frame for utterance AMI_IN1008_SDM_MIO018_0174663_0174700 is -0.633231 over 35 frames.
AMI_IN1008_SDM_MIO018_0175024_0175071 IF YOU 
LOG (latgen-faster-mapped[5.2.134~1-ecd4]:DecodeUtteranceLatticeFaster():decoder-wrappers.cc:286) Log-like per frame for utterance AMI_IN1008_SDM_MIO018_0175024_0175071 is -0.768485 over 45 frames.
AMI_IN1008_SDM_MIO018_0175651_0175742 UH 
LOG (latgen-faster-mapped[5.2.134~1-ecd4]:DecodeUtteranceLatticeFaster():decoder-wrappers.cc:286) Log-like per frame for utterance AMI_IN1008_SDM_MIO018_0175651_0175742 is -0.307828 over 89 frames.
AMI_IN1008_SDM_MIO018_0176644_0176744 MM YES 
LOG (latgen-faster-mapped[5.2.134~1-ecd4]:DecodeUtteranceLatticeFaster():decoder-wrappers.cc:286) Log-like per frame for utterance AMI_IN1008_SDM_MIO018_0176644_0176744 is -0.366885 over 98 frames.
AMI_IN1008_SDM_MIO018_0176744_0176883 YEAH 
LOG (latgen-faster-mapped[5.2.134~1-ecd4]:DecodeUtteranceLatticeFaster():decoder-wrappers.cc:286) Log-like per frame for utterance AMI_IN1008_SDM_MIO018_0176744_0176883 is -0.103499 over 137 frames.
AMI_IN1008_SDM_MIO018_0176883_0177438 AND USE A GO <unk> YOU DON'T SEE YES 
LOG (latgen-faster-mapped[5.2.134~1-ecd4]:DecodeUtteranceLatticeFaster():decoder-wrappers.cc:286) Log-like per frame for utterance AMI_IN1008_SDM_MIO018_0176883_0177438 is -0.449692 over 553 frames.
AMI_IN1008_SDM_MIO018_0177438_0178233 SO UH YOU OR <unk> <unk> QUESTIONS JUST IN TIME 
LOG (latgen-faster-mapped[5.2.134~1-ecd4]:DecodeUtteranceLatticeFaster():decoder-wrappers.cc:286) Log-like per frame for utterance AMI_IN1008_SDM_MIO018_0177438_0178233 is -0.313664 over 793 frames.
AMI_IN1008_SDM_MIO018_0178233_0178512 WE USE IT <unk> ACTION 
LOG (latgen-faster-mapped[5.2.134~1-ecd4]:DecodeUtteranceLatticeFaster():decoder-wrappers.cc:286) Log-like per frame for utterance AMI_IN1008_SDM_MIO018_0178233_0178512 is -0.373579 over 277 frames.
AMI_IN1008_SDM_MIO018_0178512_0178884 WE'LL <unk> WITH FORM 
LOG (latgen-faster-mapped[5.2.134~1-ecd4]:DecodeUtteranceLatticeFaster():decoder-wrappers.cc:286) Log-like per frame for utterance AMI_IN1008_SDM_MIO018_0178512_0178884 is -0.427566 over 370 frames.
AMI_IN1008_SDM_MIO018_0178884_0179003 SO UH 
LOG (latgen-faster-mapped[5.2.134~1-ecd4]:DecodeUtteranceLatticeFaster():decoder-wrappers.cc:286) Log-like per frame for utterance AMI_IN1008_SDM_MIO018_0178884_0179003 is -0.321499 over 117 frames.
AMI_IN1008_SDM_MIO018_0179332_0180071 YOU SPEAK UH SPEECH JUST IGNORE MEANS SMALL FRIENDS YES SIXTEEN ISN'T US 
LOG (latgen-faster-mapped[5.2.134~1-ecd4]:DecodeUtteranceLatticeFaster():decoder-wrappers.cc:286) Log-like per frame for utterance AMI_IN1008_SDM_MIO018_0179332_0180071 is -0.391518 over 737 frames.
AMI_IN1008_SDM_MIO018_0180071_0180143 <unk> 
LOG (latgen-faster-mapped[5.2.134~1-ecd4]:DecodeUtteranceLatticeFaster():decoder-wrappers.cc:286) Log-like per frame for utterance AMI_IN1008_SDM_MIO018_0180071_0180143 is -0.607781 over 70 frames.
AMI_IN1008_SDM_MIO018_0180307_0180957 UH EACH FRAME IS DIGITS OR <unk> JUST TO DO THIS 
LOG (latgen-faster-mapped[5.2.134~1-ecd4]:DecodeUtteranceLatticeFaster():decoder-wrappers.cc:286) Log-like per frame for utterance AMI_IN1008_SDM_MIO018_0180307_0180957 is -0.388811 over 648 frames.
AMI_IN1008_SDM_MIO018_0180957_0181483 THERE IS ONE FRAME RATE SIXTEEN MISERABLE <unk> OF PERSONS 
LOG (latgen-faster-mapped[5.2.134~1-ecd4]:DecodeUtteranceLatticeFaster():decoder-wrappers.cc:286) Log-like per frame for utterance AMI_IN1008_SDM_MIO018_0180957_0181483 is -0.502126 over 524 frames.
AMI_IN1008_SDM_MIO018_0181767_0181858 UM 
LOG (latgen-faster-mapped[5.2.134~1-ecd4]:DecodeUtteranceLatticeFaster():decoder-wrappers.cc:286) Log-like per frame for utterance AMI_IN1008_SDM_MIO018_0181767_0181858 is -0.267041 over 89 frames.
AMI_IN1008_SDM_MIO018_0182161_0182274 <unk> EACH 
LOG (latgen-faster-mapped[5.2.134~1-ecd4]:DecodeUtteranceLatticeFaster():decoder-wrappers.cc:286) Log-like per frame for utterance AMI_IN1008_SDM_MIO018_0182161_0182274 is -0.516981 over 111 frames.
AMI_IN1008_SDM_MIO018_0182274_0182381 IT SHIFTING IS IT 
LOG (latgen-faster-mapped[5.2.134~1-ecd4]:DecodeUtteranceLatticeFaster():decoder-wrappers.cc:286) Log-like per frame for utterance AMI_IN1008_SDM_MIO018_0182274_0182381 is -0.629551 over 105 frames.
AMI_IN1008_SDM_MIO018_0182671_0182775 <unk> DESIGN 
LOG (latgen-faster-mapped[5.2.134~1-ecd4]:DecodeUtteranceLatticeFaster():decoder-wrappers.cc:286) Log-like per frame for utterance AMI_IN1008_SDM_MIO018_0182671_0182775 is -0.67917 over 102 frames.
AMI_IN1008_SDM_MIO018_0182775_0183117 IT'S JUST YOU KNOW <unk> 
LOG (latgen-faster-mapped[5.2.134~1-ecd4]:DecodeUtteranceLatticeFaster():decoder-wrappers.cc:286) Log-like per frame for utterance AMI_IN1008_SDM_MIO018_0182775_0183117 is -0.379367 over 340 frames.
AMI_IN1008_SDM_MIO018_0183117_0183204 UH 
LOG (latgen-faster-mapped[5.2.134~1-ecd4]:DecodeUtteranceLatticeFaster():decoder-wrappers.cc:286) Log-like per frame for utterance AMI_IN1008_SDM_MIO018_0183117_0183204 is -0.387486 over 85 frames.
AMI_IN1008_SDM_MIO018_0183651_0183838 WELL IT'S UH THE RIGHT 
LOG (latgen-faster-mapped[5.2.134~1-ecd4]:DecodeUtteranceLatticeFaster():decoder-wrappers.cc:286) Log-like per frame for utterance AMI_IN1008_SDM_MIO018_0183651_0183838 is -0.383646 over 185 frames.
AMI_IN1008_SDM_MIO018_0184011_0185002 BECAUSE <unk> USUALLY WHEN YOU DO WITH FIFTY <unk> WE'RE GETTING INTO DETAILS BUT YOU YOU <unk> WHEN DO MM-HMM 
LOG (latgen-faster-mapped[5.2.134~1-ecd4]:DecodeUtteranceLatticeFaster():decoder-wrappers.cc:286) Log-like per frame for utterance AMI_IN1008_SDM_MIO018_0184011_0185002 is -0.455115 over 989 frames.
LOG (latgen-faster-mapped[5.2.134~1-ecd4]:main():latgen-faster-mapped.cc:164) Time taken 178.997s: real-time factor assuming 100 frames/sec is 2.05768
LOG (latgen-faster-mapped[5.2.134~1-ecd4]:main():latgen-faster-mapped.cc:167) Done 33 utterances, failed for 0
LOG (latgen-faster-mapped[5.2.134~1-ecd4]:main():latgen-faster-mapped.cc:169) Overall log-likelihood per frame is -0.414764 over 8699 frames.
