latgen-faster-mapped --max-active=7000 --beam=15 --lattice-beam=7 --acoustic-scale=0.1 --allow-partial=true --word-symbol-table=/data/sls/scratch/haotang/ami//exp/ihm/tri3-logmel-hires/graph_ami_fsh.o3g.kn.pr1-7/words.txt /data/sls/scratch/haotang/ami//exp/ihm/tri3-logmel-hires_ali/final.mdl /data/sls/scratch/haotang/ami//exp/ihm/tri3-logmel-hires/graph_ami_fsh.o3g.kn.pr1-7/HCLG.fst ark:- 'ark:|gzip -c > /data/sls/r/u/atitus5/meng/am/logs/ami-0.1/train_sdm1/augmented_src_ihm/frame-tdnn-450x7-step0.05/ENC_C_256_256_K_3_3_P_3_3_F_/LATENT_256/DEC_F__C_256_256_K_3_3_P_3_3/ACT_ReLU_BN_false_WEIGHT_INIT_xavier_uniform/OPT_Adam_LR_0.0001_EPOCHS_25_BATCH_256_DEBUG_false/ae_ratio0.0/decode_sdm1/lat.3.gz' 
AMI_EN2006b_SDM_FEE087_0101700_0101753 MM 
LOG (latgen-faster-mapped[5.2.134~1-ecd4]:DecodeUtteranceLatticeFaster():decoder-wrappers.cc:286) Log-like per frame for utterance AMI_EN2006b_SDM_FEE087_0101700_0101753 is -0.289872 over 51 frames.
AMI_EN2006b_SDM_FEE087_0102543_0102680 YEAH OKAY 
LOG (latgen-faster-mapped[5.2.134~1-ecd4]:DecodeUtteranceLatticeFaster():decoder-wrappers.cc:286) Log-like per frame for utterance AMI_EN2006b_SDM_FEE087_0102543_0102680 is -0.338084 over 135 frames.
AMI_EN2006b_SDM_FEE087_0104014_0104027 
LOG (latgen-faster-mapped[5.2.134~1-ecd4]:DecodeUtteranceLatticeFaster():decoder-wrappers.cc:286) Log-like per frame for utterance AMI_EN2006b_SDM_FEE087_0104014_0104027 is -0.861096 over 11 frames.
AMI_EN2006b_SDM_FEE087_0104027_0104128 UH 
LOG (latgen-faster-mapped[5.2.134~1-ecd4]:DecodeUtteranceLatticeFaster():decoder-wrappers.cc:286) Log-like per frame for utterance AMI_EN2006b_SDM_FEE087_0104027_0104128 is -0.48861 over 99 frames.
AMI_EN2006b_SDM_FEE087_0104385_0104482 WELL YOU SEE 
LOG (latgen-faster-mapped[5.2.134~1-ecd4]:DecodeUtteranceLatticeFaster():decoder-wrappers.cc:286) Log-like per frame for utterance AMI_EN2006b_SDM_FEE087_0104385_0104482 is -0.554784 over 95 frames.
AMI_EN2006b_SDM_FEE087_0104482_0104649 I DON'T I SHOULD 
LOG (latgen-faster-mapped[5.2.134~1-ecd4]:DecodeUtteranceLatticeFaster():decoder-wrappers.cc:286) Log-like per frame for utterance AMI_EN2006b_SDM_FEE087_0104482_0104649 is -0.471084 over 165 frames.
AMI_EN2006b_SDM_FEE087_0104649_0105115 BUT IF IT'S A WAITING <unk> 
LOG (latgen-faster-mapped[5.2.134~1-ecd4]:DecodeUtteranceLatticeFaster():decoder-wrappers.cc:286) Log-like per frame for utterance AMI_EN2006b_SDM_FEE087_0104649_0105115 is -0.333401 over 464 frames.
AMI_EN2006b_SDM_FEE087_0105730_0105796 YEAH 
LOG (latgen-faster-mapped[5.2.134~1-ecd4]:DecodeUtteranceLatticeFaster():decoder-wrappers.cc:286) Log-like per frame for utterance AMI_EN2006b_SDM_FEE087_0105730_0105796 is -0.180438 over 64 frames.
AMI_EN2006b_SDM_FEE087_0106442_0106506 YEAH YEAH 
LOG (latgen-faster-mapped[5.2.134~1-ecd4]:DecodeUtteranceLatticeFaster():decoder-wrappers.cc:286) Log-like per frame for utterance AMI_EN2006b_SDM_FEE087_0106442_0106506 is -0.446703 over 62 frames.
AMI_EN2006b_SDM_FEE087_0106946_0107110 LINE <unk> <unk> 
LOG (latgen-faster-mapped[5.2.134~1-ecd4]:DecodeUtteranceLatticeFaster():decoder-wrappers.cc:286) Log-like per frame for utterance AMI_EN2006b_SDM_FEE087_0106946_0107110 is -0.437909 over 162 frames.
AMI_EN2006b_SDM_FEE087_0107110_0107415 NOT LIKE YOU CAN'T ISN'T 
LOG (latgen-faster-mapped[5.2.134~1-ecd4]:DecodeUtteranceLatticeFaster():decoder-wrappers.cc:286) Log-like per frame for utterance AMI_EN2006b_SDM_FEE087_0107110_0107415 is -0.416973 over 303 frames.
AMI_EN2006b_SDM_FEE087_0107415_0107613 <unk> BE UH 
LOG (latgen-faster-mapped[5.2.134~1-ecd4]:DecodeUtteranceLatticeFaster():decoder-wrappers.cc:286) Log-like per frame for utterance AMI_EN2006b_SDM_FEE087_0107415_0107613 is -0.484739 over 196 frames.
AMI_EN2006b_SDM_FEE087_0107895_0108008 <unk> 
LOG (latgen-faster-mapped[5.2.134~1-ecd4]:DecodeUtteranceLatticeFaster():decoder-wrappers.cc:286) Log-like per frame for utterance AMI_EN2006b_SDM_FEE087_0107895_0108008 is -0.613515 over 111 frames.
AMI_EN2006b_SDM_FEE087_0108813_0108926 MM <unk> 
LOG (latgen-faster-mapped[5.2.134~1-ecd4]:DecodeUtteranceLatticeFaster():decoder-wrappers.cc:286) Log-like per frame for utterance AMI_EN2006b_SDM_FEE087_0108813_0108926 is -0.432299 over 111 frames.
AMI_EN2006b_SDM_FEE087_0109280_0109391 UH 
LOG (latgen-faster-mapped[5.2.134~1-ecd4]:DecodeUtteranceLatticeFaster():decoder-wrappers.cc:286) Log-like per frame for utterance AMI_EN2006b_SDM_FEE087_0109280_0109391 is -0.277271 over 109 frames.
AMI_EN2006b_SDM_FEE087_0110289_0110535 MM YOU 
LOG (latgen-faster-mapped[5.2.134~1-ecd4]:DecodeUtteranceLatticeFaster():decoder-wrappers.cc:286) Log-like per frame for utterance AMI_EN2006b_SDM_FEE087_0110289_0110535 is -0.34903 over 244 frames.
AMI_EN2006b_SDM_FEE087_0110535_0111215 OH STAR THAT'S THAT STYLUS LIKE <unk> THAT'S THAT'S A CLASS 
LOG (latgen-faster-mapped[5.2.134~1-ecd4]:DecodeUtteranceLatticeFaster():decoder-wrappers.cc:286) Log-like per frame for utterance AMI_EN2006b_SDM_FEE087_0110535_0111215 is -0.363669 over 678 frames.
AMI_EN2006b_SDM_FEE087_0111344_0111514 <unk> <unk> 
LOG (latgen-faster-mapped[5.2.134~1-ecd4]:DecodeUtteranceLatticeFaster():decoder-wrappers.cc:286) Log-like per frame for utterance AMI_EN2006b_SDM_FEE087_0111344_0111514 is -0.373096 over 168 frames.
AMI_EN2006b_SDM_FEE087_0111875_0112133 <unk> CLASS 
LOG (latgen-faster-mapped[5.2.134~1-ecd4]:DecodeUtteranceLatticeFaster():decoder-wrappers.cc:286) Log-like per frame for utterance AMI_EN2006b_SDM_FEE087_0111875_0112133 is -0.605461 over 256 frames.
AMI_EN2006b_SDM_FEE087_0112339_0112648 BECAUSE 
LOG (latgen-faster-mapped[5.2.134~1-ecd4]:DecodeUtteranceLatticeFaster():decoder-wrappers.cc:286) Log-like per frame for utterance AMI_EN2006b_SDM_FEE087_0112339_0112648 is -0.538646 over 307 frames.
AMI_EN2006b_SDM_FEE087_0112648_0112680 <unk> 
LOG (latgen-faster-mapped[5.2.134~1-ecd4]:DecodeUtteranceLatticeFaster():decoder-wrappers.cc:286) Log-like per frame for utterance AMI_EN2006b_SDM_FEE087_0112648_0112680 is -0.840099 over 30 frames.
AMI_EN2006b_SDM_FEE087_0112883_0112983 BUT IT IS NOT YET 
LOG (latgen-faster-mapped[5.2.134~1-ecd4]:DecodeUtteranceLatticeFaster():decoder-wrappers.cc:286) Log-like per frame for utterance AMI_EN2006b_SDM_FEE087_0112883_0112983 is -0.722649 over 98 frames.
AMI_EN2006b_SDM_FEE087_0112983_0113252 <unk> <unk> <unk> 
LOG (latgen-faster-mapped[5.2.134~1-ecd4]:DecodeUtteranceLatticeFaster():decoder-wrappers.cc:286) Log-like per frame for utterance AMI_EN2006b_SDM_FEE087_0112983_0113252 is -0.497985 over 267 frames.
AMI_EN2006b_SDM_FEE087_0113422_0113639 EASY ACCESS 
LOG (latgen-faster-mapped[5.2.134~1-ecd4]:DecodeUtteranceLatticeFaster():decoder-wrappers.cc:286) Log-like per frame for utterance AMI_EN2006b_SDM_FEE087_0113422_0113639 is -0.369582 over 215 frames.
AMI_EN2006b_SDM_FEE087_0113639_0113969 <unk> <unk> YES YEAH 
LOG (latgen-faster-mapped[5.2.134~1-ecd4]:DecodeUtteranceLatticeFaster():decoder-wrappers.cc:286) Log-like per frame for utterance AMI_EN2006b_SDM_FEE087_0113639_0113969 is -0.485946 over 328 frames.
AMI_EN2006b_SDM_FEE087_0114808_0114996 <unk> <unk> <unk> 
LOG (latgen-faster-mapped[5.2.134~1-ecd4]:DecodeUtteranceLatticeFaster():decoder-wrappers.cc:286) Log-like per frame for utterance AMI_EN2006b_SDM_FEE087_0114808_0114996 is -0.476689 over 186 frames.
AMI_EN2006b_SDM_FEE087_0115299_0115352 MM 
LOG (latgen-faster-mapped[5.2.134~1-ecd4]:DecodeUtteranceLatticeFaster():decoder-wrappers.cc:286) Log-like per frame for utterance AMI_EN2006b_SDM_FEE087_0115299_0115352 is -0.366704 over 51 frames.
AMI_EN2006b_SDM_FEE087_0115500_0115668 USER DECIDE IF YOU MARK 
LOG (latgen-faster-mapped[5.2.134~1-ecd4]:DecodeUtteranceLatticeFaster():decoder-wrappers.cc:286) Log-like per frame for utterance AMI_EN2006b_SDM_FEE087_0115500_0115668 is -0.628423 over 166 frames.
AMI_EN2006b_SDM_FEE087_0116183_0116228 <unk> 
LOG (latgen-faster-mapped[5.2.134~1-ecd4]:DecodeUtteranceLatticeFaster():decoder-wrappers.cc:286) Log-like per frame for utterance AMI_EN2006b_SDM_FEE087_0116183_0116228 is -0.726475 over 43 frames.
AMI_EN2006b_SDM_FEE087_0116565_0116595 OH 
LOG (latgen-faster-mapped[5.2.134~1-ecd4]:DecodeUtteranceLatticeFaster():decoder-wrappers.cc:286) Log-like per frame for utterance AMI_EN2006b_SDM_FEE087_0116565_0116595 is -0.516368 over 28 frames.
AMI_EN2006b_SDM_FEE087_0116595_0116665 YEAH 
LOG (latgen-faster-mapped[5.2.134~1-ecd4]:DecodeUtteranceLatticeFaster():decoder-wrappers.cc:286) Log-like per frame for utterance AMI_EN2006b_SDM_FEE087_0116595_0116665 is -0.486702 over 68 frames.
AMI_EN2006b_SDM_FEE087_0116665_0116915 THEY ARE LATER <unk> STAY I GO 
LOG (latgen-faster-mapped[5.2.134~1-ecd4]:DecodeUtteranceLatticeFaster():decoder-wrappers.cc:286) Log-like per frame for utterance AMI_EN2006b_SDM_FEE087_0116665_0116915 is -0.610703 over 248 frames.
AMI_ES2003d_SDM_MEE009_0185776_0185927 <unk> 
LOG (latgen-faster-mapped[5.2.134~1-ecd4]:DecodeUtteranceLatticeFaster():decoder-wrappers.cc:286) Log-like per frame for utterance AMI_ES2003d_SDM_MEE009_0185776_0185927 is -0.403041 over 149 frames.
AMI_ES2003d_SDM_MEE009_0185927_0186105 <unk> 
LOG (latgen-faster-mapped[5.2.134~1-ecd4]:DecodeUtteranceLatticeFaster():decoder-wrappers.cc:286) Log-like per frame for utterance AMI_ES2003d_SDM_MEE009_0185927_0186105 is -0.476188 over 176 frames.
LOG (latgen-faster-mapped[5.2.134~1-ecd4]:main():latgen-faster-mapped.cc:164) Time taken 126.906s: real-time factor assuming 100 frames/sec is 2.17155
LOG (latgen-faster-mapped[5.2.134~1-ecd4]:main():latgen-faster-mapped.cc:167) Done 34 utterances, failed for 0
LOG (latgen-faster-mapped[5.2.134~1-ecd4]:main():latgen-faster-mapped.cc:169) Overall log-likelihood per frame is -0.453396 over 5844 frames.
