latgen-faster-mapped --max-active=7000 --beam=15 --lattice-beam=7 --acoustic-scale=0.1 --allow-partial=true --word-symbol-table=/data/sls/scratch/haotang/ami//exp/ihm/tri3-logmel-hires/graph_ami_fsh.o3g.kn.pr1-7/words.txt /data/sls/scratch/haotang/ami//exp/ihm/tri3-logmel-hires_ali/final.mdl /data/sls/scratch/haotang/ami//exp/ihm/tri3-logmel-hires/graph_ami_fsh.o3g.kn.pr1-7/HCLG.fst ark:- 'ark:|gzip -c > /data/sls/r/u/atitus5/meng/am/logs/ami-0.1/train_sdm1/augmented_src_ihm/frame-tdnn-450x7-step0.05/ENC_C_256_256_K_3_3_P_3_3_F_/LATENT_256/DEC_F__C_256_256_K_3_3_P_3_3/ACT_ReLU_BN_false_WEIGHT_INIT_xavier_uniform/OPT_Adam_LR_0.0001_EPOCHS_25_BATCH_256_DEBUG_false/ae_ratio0.0/decode_sdm1/lat.17.gz' 
AMI_IS1001b_SDM_FIO074_0088198_0088648 I DUNNO IF YOU SEE 
LOG (latgen-faster-mapped[5.2.134~1-ecd4]:DecodeUtteranceLatticeFaster():decoder-wrappers.cc:286) Log-like per frame for utterance AMI_IS1001b_SDM_FIO074_0088198_0088648 is -0.305203 over 448 frames.
AMI_IS1001b_SDM_FIO074_0089155_0089171 MM 
LOG (latgen-faster-mapped[5.2.134~1-ecd4]:DecodeUtteranceLatticeFaster():decoder-wrappers.cc:286) Log-like per frame for utterance AMI_IS1001b_SDM_FIO074_0089155_0089171 is -0.535322 over 14 frames.
AMI_IS1001b_SDM_FIO074_0097114_0097128 YEAH 
LOG (latgen-faster-mapped[5.2.134~1-ecd4]:DecodeUtteranceLatticeFaster():decoder-wrappers.cc:286) Log-like per frame for utterance AMI_IS1001b_SDM_FIO074_0097114_0097128 is -0.454149 over 12 frames.
AMI_IS1001b_SDM_FIO074_0098242_0098277 OH 
LOG (latgen-faster-mapped[5.2.134~1-ecd4]:DecodeUtteranceLatticeFaster():decoder-wrappers.cc:286) Log-like per frame for utterance AMI_IS1001b_SDM_FIO074_0098242_0098277 is -0.545805 over 33 frames.
AMI_IS1001b_SDM_FIO074_0130781_0130810 <unk> 
LOG (latgen-faster-mapped[5.2.134~1-ecd4]:DecodeUtteranceLatticeFaster():decoder-wrappers.cc:286) Log-like per frame for utterance AMI_IS1001b_SDM_FIO074_0130781_0130810 is -0.558911 over 27 frames.
AMI_IS1001b_SDM_FIO074_0131734_0131768 OH 
LOG (latgen-faster-mapped[5.2.134~1-ecd4]:DecodeUtteranceLatticeFaster():decoder-wrappers.cc:286) Log-like per frame for utterance AMI_IS1001b_SDM_FIO074_0131734_0131768 is -0.49854 over 32 frames.
AMI_IS1001b_SDM_FIO074_0132663_0132711 <unk> 
LOG (latgen-faster-mapped[5.2.134~1-ecd4]:DecodeUtteranceLatticeFaster():decoder-wrappers.cc:286) Log-like per frame for utterance AMI_IS1001b_SDM_FIO074_0132663_0132711 is -0.526453 over 46 frames.
AMI_IS1001b_SDM_FIO074_0132711_0132801 <unk> 
LOG (latgen-faster-mapped[5.2.134~1-ecd4]:DecodeUtteranceLatticeFaster():decoder-wrappers.cc:286) Log-like per frame for utterance AMI_IS1001b_SDM_FIO074_0132711_0132801 is -0.570559 over 88 frames.
AMI_IS1001b_SDM_FIO074_0133196_0134055 UH YEAH I I WELL NO 
LOG (latgen-faster-mapped[5.2.134~1-ecd4]:DecodeUtteranceLatticeFaster():decoder-wrappers.cc:286) Log-like per frame for utterance AMI_IS1001b_SDM_FIO074_0133196_0134055 is -0.317438 over 857 frames.
AMI_IS1001b_SDM_FIO074_0134055_0134207 MM 
LOG (latgen-faster-mapped[5.2.134~1-ecd4]:DecodeUtteranceLatticeFaster():decoder-wrappers.cc:286) Log-like per frame for utterance AMI_IS1001b_SDM_FIO074_0134055_0134207 is -0.306421 over 150 frames.
AMI_IS1001b_SDM_FIO074_0134207_0134228 <unk> 
LOG (latgen-faster-mapped[5.2.134~1-ecd4]:DecodeUtteranceLatticeFaster():decoder-wrappers.cc:286) Log-like per frame for utterance AMI_IS1001b_SDM_FIO074_0134207_0134228 is -0.63094 over 19 frames.
AMI_IS1001b_SDM_FIO074_0134353_0134389 
LOG (latgen-faster-mapped[5.2.134~1-ecd4]:DecodeUtteranceLatticeFaster():decoder-wrappers.cc:286) Log-like per frame for utterance AMI_IS1001b_SDM_FIO074_0134353_0134389 is -0.420791 over 34 frames.
AMI_IS1001b_SDM_FIO074_0139191_0139236 YEAH 
LOG (latgen-faster-mapped[5.2.134~1-ecd4]:DecodeUtteranceLatticeFaster():decoder-wrappers.cc:286) Log-like per frame for utterance AMI_IS1001b_SDM_FIO074_0139191_0139236 is -0.512554 over 43 frames.
AMI_IS1001b_SDM_FIO074_0139520_0139534 <unk> 
LOG (latgen-faster-mapped[5.2.134~1-ecd4]:DecodeUtteranceLatticeFaster():decoder-wrappers.cc:286) Log-like per frame for utterance AMI_IS1001b_SDM_FIO074_0139520_0139534 is -0.744403 over 12 frames.
AMI_IS1001b_SDM_FIO074_0142367_0142380 MM 
LOG (latgen-faster-mapped[5.2.134~1-ecd4]:DecodeUtteranceLatticeFaster():decoder-wrappers.cc:286) Log-like per frame for utterance AMI_IS1001b_SDM_FIO074_0142367_0142380 is -0.57936 over 11 frames.
AMI_IS1001b_SDM_FIO074_0146736_0146787 WITHOUT 
LOG (latgen-faster-mapped[5.2.134~1-ecd4]:DecodeUtteranceLatticeFaster():decoder-wrappers.cc:286) Log-like per frame for utterance AMI_IS1001b_SDM_FIO074_0146736_0146787 is -0.551555 over 49 frames.
AMI_IS1001b_SDM_FIO074_0162718_0162764 <unk> 
LOG (latgen-faster-mapped[5.2.134~1-ecd4]:DecodeUtteranceLatticeFaster():decoder-wrappers.cc:286) Log-like per frame for utterance AMI_IS1001b_SDM_FIO074_0162718_0162764 is -0.492023 over 44 frames.
AMI_IS1001b_SDM_FIO074_0164004_0164018 MM 
LOG (latgen-faster-mapped[5.2.134~1-ecd4]:DecodeUtteranceLatticeFaster():decoder-wrappers.cc:286) Log-like per frame for utterance AMI_IS1001b_SDM_FIO074_0164004_0164018 is -0.606529 over 12 frames.
AMI_IS1001b_SDM_FIO074_0169357_0169393 MM-HMM 
LOG (latgen-faster-mapped[5.2.134~1-ecd4]:DecodeUtteranceLatticeFaster():decoder-wrappers.cc:286) Log-like per frame for utterance AMI_IS1001b_SDM_FIO074_0169357_0169393 is -0.708074 over 34 frames.
AMI_IS1001b_SDM_FIO074_0194675_0194697 MM 
LOG (latgen-faster-mapped[5.2.134~1-ecd4]:DecodeUtteranceLatticeFaster():decoder-wrappers.cc:286) Log-like per frame for utterance AMI_IS1001b_SDM_FIO074_0194675_0194697 is -0.419829 over 20 frames.
AMI_IS1001b_SDM_FIO074_0195884_0195904 MM 
LOG (latgen-faster-mapped[5.2.134~1-ecd4]:DecodeUtteranceLatticeFaster():decoder-wrappers.cc:286) Log-like per frame for utterance AMI_IS1001b_SDM_FIO074_0195884_0195904 is -0.741086 over 18 frames.
AMI_IS1001b_SDM_FIO074_0203880_0203892 <unk> 
LOG (latgen-faster-mapped[5.2.134~1-ecd4]:DecodeUtteranceLatticeFaster():decoder-wrappers.cc:286) Log-like per frame for utterance AMI_IS1001b_SDM_FIO074_0203880_0203892 is -1.01322 over 10 frames.
AMI_IS1001b_SDM_FIO074_0204220_0204306 UH 
LOG (latgen-faster-mapped[5.2.134~1-ecd4]:DecodeUtteranceLatticeFaster():decoder-wrappers.cc:286) Log-like per frame for utterance AMI_IS1001b_SDM_FIO074_0204220_0204306 is -0.146898 over 84 frames.
AMI_IS1001b_SDM_FIO074_0204366_0204484 NOT WORK JUST AL 
LOG (latgen-faster-mapped[5.2.134~1-ecd4]:DecodeUtteranceLatticeFaster():decoder-wrappers.cc:286) Log-like per frame for utterance AMI_IS1001b_SDM_FIO074_0204366_0204484 is -0.583613 over 116 frames.
AMI_IS1001b_SDM_FIO074_0204484_0204611 UH 
LOG (latgen-faster-mapped[5.2.134~1-ecd4]:DecodeUtteranceLatticeFaster():decoder-wrappers.cc:286) Log-like per frame for utterance AMI_IS1001b_SDM_FIO074_0204484_0204611 is -0.486908 over 125 frames.
AMI_IS1001b_SDM_FIO074_0207266_0207401 <unk> 
LOG (latgen-faster-mapped[5.2.134~1-ecd4]:DecodeUtteranceLatticeFaster():decoder-wrappers.cc:286) Log-like per frame for utterance AMI_IS1001b_SDM_FIO074_0207266_0207401 is -0.458486 over 133 frames.
AMI_IS1001b_SDM_MIO012_0002785_0002815 WELL 
LOG (latgen-faster-mapped[5.2.134~1-ecd4]:DecodeUtteranceLatticeFaster():decoder-wrappers.cc:286) Log-like per frame for utterance AMI_IS1001b_SDM_MIO012_0002785_0002815 is -0.731317 over 28 frames.
AMI_IS1001b_SDM_MIO012_0012045_0012266 MM 
LOG (latgen-faster-mapped[5.2.134~1-ecd4]:DecodeUtteranceLatticeFaster():decoder-wrappers.cc:286) Log-like per frame for utterance AMI_IS1001b_SDM_MIO012_0012045_0012266 is -0.175778 over 219 frames.
AMI_IS1001b_SDM_MIO012_0012266_0012490 UH 
LOG (latgen-faster-mapped[5.2.134~1-ecd4]:DecodeUtteranceLatticeFaster():decoder-wrappers.cc:286) Log-like per frame for utterance AMI_IS1001b_SDM_MIO012_0012266_0012490 is -0.117844 over 222 frames.
AMI_IS1001b_SDM_MIO012_0012490_0013035 MM 
LOG (latgen-faster-mapped[5.2.134~1-ecd4]:DecodeUtteranceLatticeFaster():decoder-wrappers.cc:286) Log-like per frame for utterance AMI_IS1001b_SDM_MIO012_0012490_0013035 is -0.0931345 over 543 frames.
AMI_IS1001b_SDM_MIO012_0013035_0013534 MM-HMM 
LOG (latgen-faster-mapped[5.2.134~1-ecd4]:DecodeUtteranceLatticeFaster():decoder-wrappers.cc:286) Log-like per frame for utterance AMI_IS1001b_SDM_MIO012_0013035_0013534 is -0.189947 over 497 frames.
AMI_IS1001b_SDM_MIO012_0013534_0013569 
LOG (latgen-faster-mapped[5.2.134~1-ecd4]:DecodeUtteranceLatticeFaster():decoder-wrappers.cc:286) Log-like per frame for utterance AMI_IS1001b_SDM_MIO012_0013534_0013569 is -0.510604 over 33 frames.
AMI_IS1001b_SDM_MIO012_0013830_0013931 MM 
LOG (latgen-faster-mapped[5.2.134~1-ecd4]:DecodeUtteranceLatticeFaster():decoder-wrappers.cc:286) Log-like per frame for utterance AMI_IS1001b_SDM_MIO012_0013830_0013931 is -0.239668 over 99 frames.
LOG (latgen-faster-mapped[5.2.134~1-ecd4]:main():latgen-faster-mapped.cc:164) Time taken 69.3946s: real-time factor assuming 100 frames/sec is 1.68761
LOG (latgen-faster-mapped[5.2.134~1-ecd4]:main():latgen-faster-mapped.cc:167) Done 33 utterances, failed for 0
LOG (latgen-faster-mapped[5.2.134~1-ecd4]:main():latgen-faster-mapped.cc:169) Overall log-likelihood per frame is -0.301378 over 4112 frames.
