latgen-faster-mapped --max-active=7000 --beam=15 --lattice-beam=7 --acoustic-scale=0.1 --allow-partial=true --word-symbol-table=/data/sls/scratch/haotang/ami//exp/ihm/tri3-logmel-hires/graph_ami_fsh.o3g.kn.pr1-7/words.txt /data/sls/scratch/haotang/ami//exp/ihm/tri3-logmel-hires_ali/final.mdl /data/sls/scratch/haotang/ami//exp/ihm/tri3-logmel-hires/graph_ami_fsh.o3g.kn.pr1-7/HCLG.fst ark:- 'ark:|gzip -c > /data/sls/r/u/atitus5/meng/am/logs/ami-0.1/train_sdm1/augmented_src_ihm/frame-tdnn-450x7-step0.05/ENC_C_256_256_K_3_3_P_3_3_F_/LATENT_256/DEC_F__C_256_256_K_3_3_P_3_3/ACT_ReLU_BN_false_WEIGHT_INIT_xavier_uniform/OPT_Adam_LR_0.0001_EPOCHS_25_BATCH_256_DEBUG_false/ae_ratio0.0/decode_sdm1/lat.20.gz' 
AMI_IS1006c_SDM_MIO040_0036842_0036898 NO 
LOG (latgen-faster-mapped[5.2.134~1-ecd4]:DecodeUtteranceLatticeFaster():decoder-wrappers.cc:286) Log-like per frame for utterance AMI_IS1006c_SDM_MIO040_0036842_0036898 is -0.535375 over 54 frames.
AMI_IS1006c_SDM_MIO040_0041124_0041157 YEAH 
LOG (latgen-faster-mapped[5.2.134~1-ecd4]:DecodeUtteranceLatticeFaster():decoder-wrappers.cc:286) Log-like per frame for utterance AMI_IS1006c_SDM_MIO040_0041124_0041157 is -0.359984 over 31 frames.
AMI_IS1006c_SDM_MIO040_0041565_0042135 <unk> 
LOG (latgen-faster-mapped[5.2.134~1-ecd4]:DecodeUtteranceLatticeFaster():decoder-wrappers.cc:286) Log-like per frame for utterance AMI_IS1006c_SDM_MIO040_0041565_0042135 is -0.3237 over 568 frames.
AMI_IS1006c_SDM_MIO040_0042135_0042321 NOT <unk> 
LOG (latgen-faster-mapped[5.2.134~1-ecd4]:DecodeUtteranceLatticeFaster():decoder-wrappers.cc:286) Log-like per frame for utterance AMI_IS1006c_SDM_MIO040_0042135_0042321 is -0.309411 over 184 frames.
AMI_IS1006c_SDM_MIO040_0042460_0043102 WELL SAY NO TOUCHABLE STILL <unk> SORT <unk> US 
LOG (latgen-faster-mapped[5.2.134~1-ecd4]:DecodeUtteranceLatticeFaster():decoder-wrappers.cc:286) Log-like per frame for utterance AMI_IS1006c_SDM_MIO040_0042460_0043102 is -0.488203 over 640 frames.
AMI_IS1006c_SDM_MIO040_0044034_0044235 <unk> 
LOG (latgen-faster-mapped[5.2.134~1-ecd4]:DecodeUtteranceLatticeFaster():decoder-wrappers.cc:286) Log-like per frame for utterance AMI_IS1006c_SDM_MIO040_0044034_0044235 is -0.501895 over 199 frames.
AMI_IS1006c_SDM_MIO040_0045358_0046000 THAT'S JUST TO DISPLAY FOR <unk> 
LOG (latgen-faster-mapped[5.2.134~1-ecd4]:DecodeUtteranceLatticeFaster():decoder-wrappers.cc:286) Log-like per frame for utterance AMI_IS1006c_SDM_MIO040_0045358_0046000 is -0.398992 over 640 frames.
AMI_IS1006c_SDM_MIO040_0046414_0046444 MM-HMM 
LOG (latgen-faster-mapped[5.2.134~1-ecd4]:DecodeUtteranceLatticeFaster():decoder-wrappers.cc:286) Log-like per frame for utterance AMI_IS1006c_SDM_MIO040_0046414_0046444 is -0.262061 over 28 frames.
AMI_IS1006c_SDM_MIO040_0048982_0049074 MM-HMM 
LOG (latgen-faster-mapped[5.2.134~1-ecd4]:DecodeUtteranceLatticeFaster():decoder-wrappers.cc:286) Log-like per frame for utterance AMI_IS1006c_SDM_MIO040_0048982_0049074 is -0.340514 over 90 frames.
AMI_IS1006c_SDM_MIO040_0049074_0049102 MM-HMM 
LOG (latgen-faster-mapped[5.2.134~1-ecd4]:DecodeUtteranceLatticeFaster():decoder-wrappers.cc:286) Log-like per frame for utterance AMI_IS1006c_SDM_MIO040_0049074_0049102 is -0.279071 over 26 frames.
AMI_IS1006c_SDM_MIO040_0056191_0056292 YEAH 
LOG (latgen-faster-mapped[5.2.134~1-ecd4]:DecodeUtteranceLatticeFaster():decoder-wrappers.cc:286) Log-like per frame for utterance AMI_IS1006c_SDM_MIO040_0056191_0056292 is -0.470326 over 99 frames.
AMI_IS1006c_SDM_MIO040_0056539_0056654 UH 
LOG (latgen-faster-mapped[5.2.134~1-ecd4]:DecodeUtteranceLatticeFaster():decoder-wrappers.cc:286) Log-like per frame for utterance AMI_IS1006c_SDM_MIO040_0056539_0056654 is -0.466365 over 113 frames.
AMI_IS1006c_SDM_MIO040_0057657_0059091 <unk> UH ALMOST IS ALREADY LAST OR NOT 
LOG (latgen-faster-mapped[5.2.134~1-ecd4]:DecodeUtteranceLatticeFaster():decoder-wrappers.cc:286) Log-like per frame for utterance AMI_IS1006c_SDM_MIO040_0057657_0059091 is -0.264789 over 1432 frames.
AMI_IS1006c_SDM_MIO040_0059091_0059411 SO NOW 
LOG (latgen-faster-mapped[5.2.134~1-ecd4]:DecodeUtteranceLatticeFaster():decoder-wrappers.cc:286) Log-like per frame for utterance AMI_IS1006c_SDM_MIO040_0059091_0059411 is -0.412626 over 318 frames.
AMI_IS1006c_SDM_MIO040_0059411_0059579 YEAH 
LOG (latgen-faster-mapped[5.2.134~1-ecd4]:DecodeUtteranceLatticeFaster():decoder-wrappers.cc:286) Log-like per frame for utterance AMI_IS1006c_SDM_MIO040_0059411_0059579 is -0.430033 over 166 frames.
AMI_IS1006c_SDM_MIO040_0059579_0059890 OH 
LOG (latgen-faster-mapped[5.2.134~1-ecd4]:DecodeUtteranceLatticeFaster():decoder-wrappers.cc:286) Log-like per frame for utterance AMI_IS1006c_SDM_MIO040_0059579_0059890 is -0.192533 over 309 frames.
AMI_IS1006c_SDM_MIO040_0060004_0060092 ARE 
LOG (latgen-faster-mapped[5.2.134~1-ecd4]:DecodeUtteranceLatticeFaster():decoder-wrappers.cc:286) Log-like per frame for utterance AMI_IS1006c_SDM_MIO040_0060004_0060092 is -0.398651 over 86 frames.
AMI_IS1006c_SDM_MIO040_0060332_0060373 MM 
LOG (latgen-faster-mapped[5.2.134~1-ecd4]:DecodeUtteranceLatticeFaster():decoder-wrappers.cc:286) Log-like per frame for utterance AMI_IS1006c_SDM_MIO040_0060332_0060373 is -0.416009 over 39 frames.
AMI_IS1006c_SDM_MIO040_0060534_0060958 YEAH 
LOG (latgen-faster-mapped[5.2.134~1-ecd4]:DecodeUtteranceLatticeFaster():decoder-wrappers.cc:286) Log-like per frame for utterance AMI_IS1006c_SDM_MIO040_0060534_0060958 is -0.140702 over 422 frames.
AMI_IS1006c_SDM_MIO040_0061196_0061800 PARTS OF US 
LOG (latgen-faster-mapped[5.2.134~1-ecd4]:DecodeUtteranceLatticeFaster():decoder-wrappers.cc:286) Log-like per frame for utterance AMI_IS1006c_SDM_MIO040_0061196_0061800 is -0.260756 over 602 frames.
AMI_IS1006c_SDM_MIO040_0061800_0062351 <unk> 
LOG (latgen-faster-mapped[5.2.134~1-ecd4]:DecodeUtteranceLatticeFaster():decoder-wrappers.cc:286) Log-like per frame for utterance AMI_IS1006c_SDM_MIO040_0061800_0062351 is -0.318906 over 549 frames.
AMI_IS1006c_SDM_MIO040_0062455_0063421 <unk> CALL <unk> 
LOG (latgen-faster-mapped[5.2.134~1-ecd4]:DecodeUtteranceLatticeFaster():decoder-wrappers.cc:286) Log-like per frame for utterance AMI_IS1006c_SDM_MIO040_0062455_0063421 is -0.237653 over 964 frames.
AMI_IS1006c_SDM_MIO040_0063421_0063602 SO 
LOG (latgen-faster-mapped[5.2.134~1-ecd4]:DecodeUtteranceLatticeFaster():decoder-wrappers.cc:286) Log-like per frame for utterance AMI_IS1006c_SDM_MIO040_0063421_0063602 is -0.254521 over 179 frames.
AMI_IS1006c_SDM_MIO040_0063602_0065572 OR <unk> FOR A BOTTOM SOME TASTE BUTTONS <unk> YOUR 
LOG (latgen-faster-mapped[5.2.134~1-ecd4]:DecodeUtteranceLatticeFaster():decoder-wrappers.cc:286) Log-like per frame for utterance AMI_IS1006c_SDM_MIO040_0063602_0065572 is -0.306371 over 1968 frames.
AMI_IS1006c_SDM_MIO040_0065664_0066237 AND UH <unk> <unk> <unk> <unk> 
LOG (latgen-faster-mapped[5.2.134~1-ecd4]:DecodeUtteranceLatticeFaster():decoder-wrappers.cc:286) Log-like per frame for utterance AMI_IS1006c_SDM_MIO040_0065664_0066237 is -0.366322 over 571 frames.
AMI_IS1006c_SDM_MIO040_0066237_0067208 OR OR <unk> OR NO 
LOG (latgen-faster-mapped[5.2.134~1-ecd4]:DecodeUtteranceLatticeFaster():decoder-wrappers.cc:286) Log-like per frame for utterance AMI_IS1006c_SDM_MIO040_0066237_0067208 is -0.31468 over 969 frames.
AMI_IS1006c_SDM_MIO040_0067208_0067403 <unk> OR 
LOG (latgen-faster-mapped[5.2.134~1-ecd4]:DecodeUtteranceLatticeFaster():decoder-wrappers.cc:286) Log-like per frame for utterance AMI_IS1006c_SDM_MIO040_0067208_0067403 is -0.23073 over 193 frames.
AMI_IS1006c_SDM_MIO040_0067403_0067540 NOTHING 
LOG (latgen-faster-mapped[5.2.134~1-ecd4]:DecodeUtteranceLatticeFaster():decoder-wrappers.cc:286) Log-like per frame for utterance AMI_IS1006c_SDM_MIO040_0067403_0067540 is -0.336934 over 135 frames.
AMI_IS1006c_SDM_MIO040_0067540_0067759 SO CAUSE 
LOG (latgen-faster-mapped[5.2.134~1-ecd4]:DecodeUtteranceLatticeFaster():decoder-wrappers.cc:286) Log-like per frame for utterance AMI_IS1006c_SDM_MIO040_0067540_0067759 is -0.317639 over 217 frames.
AMI_IS1006c_SDM_MIO040_0067759_0067983 IT'S CALLED 
LOG (latgen-faster-mapped[5.2.134~1-ecd4]:DecodeUtteranceLatticeFaster():decoder-wrappers.cc:286) Log-like per frame for utterance AMI_IS1006c_SDM_MIO040_0067759_0067983 is -0.29355 over 222 frames.
AMI_IS1006c_SDM_MIO040_0068480_0068551 YEAH 
LOG (latgen-faster-mapped[5.2.134~1-ecd4]:DecodeUtteranceLatticeFaster():decoder-wrappers.cc:286) Log-like per frame for utterance AMI_IS1006c_SDM_MIO040_0068480_0068551 is -0.237786 over 69 frames.
AMI_IS1006c_SDM_MIO040_0069026_0069248 <unk> 
LOG (latgen-faster-mapped[5.2.134~1-ecd4]:DecodeUtteranceLatticeFaster():decoder-wrappers.cc:286) Log-like per frame for utterance AMI_IS1006c_SDM_MIO040_0069026_0069248 is -0.156986 over 220 frames.
AMI_IS1006c_SDM_MIO040_0069248_0069436 OH 
LOG (latgen-faster-mapped[5.2.134~1-ecd4]:DecodeUtteranceLatticeFaster():decoder-wrappers.cc:286) Log-like per frame for utterance AMI_IS1006c_SDM_MIO040_0069248_0069436 is -0.474596 over 186 frames.
LOG (latgen-faster-mapped[5.2.134~1-ecd4]:main():latgen-faster-mapped.cc:164) Time taken 307.048s: real-time factor assuming 100 frames/sec is 2.45875
LOG (latgen-faster-mapped[5.2.134~1-ecd4]:main():latgen-faster-mapped.cc:167) Done 33 utterances, failed for 0
LOG (latgen-faster-mapped[5.2.134~1-ecd4]:main():latgen-faster-mapped.cc:169) Overall log-likelihood per frame is -0.314804 over 12488 frames.
