latgen-faster-mapped --max-active=7000 --beam=15 --lattice-beam=7 --acoustic-scale=0.1 --allow-partial=true --word-symbol-table=/data/sls/scratch/haotang/ami//exp/ihm/tri3-logmel-hires/graph_ami_fsh.o3g.kn.pr1-7/words.txt /data/sls/scratch/haotang/ami//exp/ihm/tri3-logmel-hires_ali/final.mdl /data/sls/scratch/haotang/ami//exp/ihm/tri3-logmel-hires/graph_ami_fsh.o3g.kn.pr1-7/HCLG.fst ark:- 'ark:|gzip -c > /data/sls/r/u/atitus5/meng/am/logs/ami-0.1/train_sdm1/baseline/frame-tdnn-450x7-step0.05/decode_sdm1/lat.4.gz' 
AMI_ES2003d_SDM_MEE009_0188331_0188389 MM-HMM 
LOG (latgen-faster-mapped[5.2.134~1-ecd4]:DecodeUtteranceLatticeFaster():decoder-wrappers.cc:286) Log-like per frame for utterance AMI_ES2003d_SDM_MEE009_0188331_0188389 is -0.624169 over 56 frames.
AMI_ES2003d_SDM_MEE009_0191885_0191940 OKAY 
LOG (latgen-faster-mapped[5.2.134~1-ecd4]:DecodeUtteranceLatticeFaster():decoder-wrappers.cc:286) Log-like per frame for utterance AMI_ES2003d_SDM_MEE009_0191885_0191940 is -0.347522 over 53 frames.
AMI_ES2003d_SDM_MEE009_0191940_0192181 UM 
LOG (latgen-faster-mapped[5.2.134~1-ecd4]:DecodeUtteranceLatticeFaster():decoder-wrappers.cc:286) Log-like per frame for utterance AMI_ES2003d_SDM_MEE009_0191940_0192181 is -0.382664 over 239 frames.
AMI_ES2003d_SDM_MEE009_0192181_0192378 I THINK 
LOG (latgen-faster-mapped[5.2.134~1-ecd4]:DecodeUtteranceLatticeFaster():decoder-wrappers.cc:286) Log-like per frame for utterance AMI_ES2003d_SDM_MEE009_0192181_0192378 is -0.381291 over 195 frames.
AMI_ES2003d_SDM_MEE009_0192378_0192757 UM 
LOG (latgen-faster-mapped[5.2.134~1-ecd4]:DecodeUtteranceLatticeFaster():decoder-wrappers.cc:286) Log-like per frame for utterance AMI_ES2003d_SDM_MEE009_0192378_0192757 is -0.401807 over 377 frames.
AMI_ES2003d_SDM_MEE009_0192757_0192905 UM 
LOG (latgen-faster-mapped[5.2.134~1-ecd4]:DecodeUtteranceLatticeFaster():decoder-wrappers.cc:286) Log-like per frame for utterance AMI_ES2003d_SDM_MEE009_0192757_0192905 is -0.276103 over 146 frames.
AMI_ES2003d_SDM_MEE009_0193074_0193198 SO 
LOG (latgen-faster-mapped[5.2.134~1-ecd4]:DecodeUtteranceLatticeFaster():decoder-wrappers.cc:286) Log-like per frame for utterance AMI_ES2003d_SDM_MEE009_0193074_0193198 is -0.151895 over 122 frames.
AMI_ES2003d_SDM_MEE009_0193464_0193849 HMM USER FOR FOR SATISFACTION 
LOG (latgen-faster-mapped[5.2.134~1-ecd4]:DecodeUtteranceLatticeFaster():decoder-wrappers.cc:286) Log-like per frame for utterance AMI_ES2003d_SDM_MEE009_0193464_0193849 is -0.505224 over 383 frames.
AMI_ES2003d_SDM_MEE009_0194005_0194154 'CAUSE EVERYONE UM 
LOG (latgen-faster-mapped[5.2.134~1-ecd4]:DecodeUtteranceLatticeFaster():decoder-wrappers.cc:286) Log-like per frame for utterance AMI_ES2003d_SDM_MEE009_0194005_0194154 is -0.566291 over 147 frames.
AMI_ES2003d_SDM_MEE009_0194402_0194645 YEAH 
LOG (latgen-faster-mapped[5.2.134~1-ecd4]:DecodeUtteranceLatticeFaster():decoder-wrappers.cc:286) Log-like per frame for utterance AMI_ES2003d_SDM_MEE009_0194402_0194645 is -0.357581 over 241 frames.
AMI_ES2003d_SDM_MEE009_0194645_0195053 WELL I SUPPOSE 
LOG (latgen-faster-mapped[5.2.134~1-ecd4]:DecodeUtteranceLatticeFaster():decoder-wrappers.cc:286) Log-like per frame for utterance AMI_ES2003d_SDM_MEE009_0194645_0195053 is -0.396203 over 406 frames.
AMI_ES2003d_SDM_MEE009_0195053_0195679 <unk> <unk> TECHNOLOGY PER CENT OF 
LOG (latgen-faster-mapped[5.2.134~1-ecd4]:DecodeUtteranceLatticeFaster():decoder-wrappers.cc:286) Log-like per frame for utterance AMI_ES2003d_SDM_MEE009_0195053_0195679 is -0.365301 over 624 frames.
AMI_ES2003d_SDM_MEE009_0195679_0196035 UM PEOPLE WILL BE 
LOG (latgen-faster-mapped[5.2.134~1-ecd4]:DecodeUtteranceLatticeFaster():decoder-wrappers.cc:286) Log-like per frame for utterance AMI_ES2003d_SDM_MEE009_0195679_0196035 is -0.368479 over 354 frames.
AMI_ES2003d_SDM_MEE009_0196169_0196300 UH 
LOG (latgen-faster-mapped[5.2.134~1-ecd4]:DecodeUtteranceLatticeFaster():decoder-wrappers.cc:286) Log-like per frame for utterance AMI_ES2003d_SDM_MEE009_0196169_0196300 is -0.391056 over 129 frames.
AMI_ES2003d_SDM_MEE009_0196439_0196641 OH YEAH 
LOG (latgen-faster-mapped[5.2.134~1-ecd4]:DecodeUtteranceLatticeFaster():decoder-wrappers.cc:286) Log-like per frame for utterance AMI_ES2003d_SDM_MEE009_0196439_0196641 is -0.426504 over 200 frames.
AMI_ES2003d_SDM_MEE009_0197103_0197554 AND THE 
LOG (latgen-faster-mapped[5.2.134~1-ecd4]:DecodeUtteranceLatticeFaster():decoder-wrappers.cc:286) Log-like per frame for utterance AMI_ES2003d_SDM_MEE009_0197103_0197554 is -0.459536 over 449 frames.
AMI_ES2003d_SDM_MEE009_0197835_0197893 YEAH 
LOG (latgen-faster-mapped[5.2.134~1-ecd4]:DecodeUtteranceLatticeFaster():decoder-wrappers.cc:286) Log-like per frame for utterance AMI_ES2003d_SDM_MEE009_0197835_0197893 is -0.490386 over 56 frames.
AMI_ES2003d_SDM_MEE009_0198493_0198569 RIGHT 
LOG (latgen-faster-mapped[5.2.134~1-ecd4]:DecodeUtteranceLatticeFaster():decoder-wrappers.cc:286) Log-like per frame for utterance AMI_ES2003d_SDM_MEE009_0198493_0198569 is -0.559228 over 74 frames.
AMI_ES2003d_SDM_MEE009_0199608_0200185 DOESN'T LIKE MAYBE CONSIDERATION FOR US 
LOG (latgen-faster-mapped[5.2.134~1-ecd4]:DecodeUtteranceLatticeFaster():decoder-wrappers.cc:286) Log-like per frame for utterance AMI_ES2003d_SDM_MEE009_0199608_0200185 is -0.365397 over 575 frames.
AMI_ES2003d_SDM_MEE009_0200185_0200373 SO THAT 
LOG (latgen-faster-mapped[5.2.134~1-ecd4]:DecodeUtteranceLatticeFaster():decoder-wrappers.cc:286) Log-like per frame for utterance AMI_ES2003d_SDM_MEE009_0200185_0200373 is -0.545793 over 186 frames.
AMI_ES2003d_SDM_MEE009_0200373_0200577 UM NO 
LOG (latgen-faster-mapped[5.2.134~1-ecd4]:DecodeUtteranceLatticeFaster():decoder-wrappers.cc:286) Log-like per frame for utterance AMI_ES2003d_SDM_MEE009_0200373_0200577 is -0.191459 over 202 frames.
AMI_ES2003d_SDM_MEE009_0200766_0201146 <unk> <unk> DISPLAYED 
LOG (latgen-faster-mapped[5.2.134~1-ecd4]:DecodeUtteranceLatticeFaster():decoder-wrappers.cc:286) Log-like per frame for utterance AMI_ES2003d_SDM_MEE009_0200766_0201146 is -0.465148 over 378 frames.
AMI_ES2003d_SDM_MEE009_0201887_0202098 <unk> 
LOG (latgen-faster-mapped[5.2.134~1-ecd4]:DecodeUtteranceLatticeFaster():decoder-wrappers.cc:286) Log-like per frame for utterance AMI_ES2003d_SDM_MEE009_0201887_0202098 is -0.185787 over 209 frames.
AMI_ES2003d_SDM_MEE009_0202098_0202407 WE WE DO THAT 
LOG (latgen-faster-mapped[5.2.134~1-ecd4]:DecodeUtteranceLatticeFaster():decoder-wrappers.cc:286) Log-like per frame for utterance AMI_ES2003d_SDM_MEE009_0202098_0202407 is -0.474749 over 307 frames.
AMI_ES2003d_SDM_MEE009_0202702_0203080 UM <unk> CREATIVITY 
LOG (latgen-faster-mapped[5.2.134~1-ecd4]:DecodeUtteranceLatticeFaster():decoder-wrappers.cc:286) Log-like per frame for utterance AMI_ES2003d_SDM_MEE009_0202702_0203080 is -0.429995 over 376 frames.
AMI_ES2003d_SDM_MEE009_0203080_0203323 WELL 
LOG (latgen-faster-mapped[5.2.134~1-ecd4]:DecodeUtteranceLatticeFaster():decoder-wrappers.cc:286) Log-like per frame for utterance AMI_ES2003d_SDM_MEE009_0203080_0203323 is -0.424721 over 241 frames.
AMI_ES2003d_SDM_MEE009_0204541_0205171 YEAH I THINK ALL WE CAN WE YOU MEAN 
LOG (latgen-faster-mapped[5.2.134~1-ecd4]:DecodeUtteranceLatticeFaster():decoder-wrappers.cc:286) Log-like per frame for utterance AMI_ES2003d_SDM_MEE009_0204541_0205171 is -0.390362 over 628 frames.
AMI_ES2003d_SDM_MEE009_0205171_0205702 NOT LIKE ONE SEVEN ON THE THING MM-HMM 
LOG (latgen-faster-mapped[5.2.134~1-ecd4]:DecodeUtteranceLatticeFaster():decoder-wrappers.cc:286) Log-like per frame for utterance AMI_ES2003d_SDM_MEE009_0205171_0205702 is -0.521053 over 529 frames.
AMI_ES2003d_SDM_MEE009_0205702_0205855 THAT'S A BIT 
LOG (latgen-faster-mapped[5.2.134~1-ecd4]:DecodeUtteranceLatticeFaster():decoder-wrappers.cc:286) Log-like per frame for utterance AMI_ES2003d_SDM_MEE009_0205702_0205855 is -0.346616 over 151 frames.
AMI_ES2003d_SDM_MEE009_0205855_0206148 UM I DON'T HAVE THAT 
LOG (latgen-faster-mapped[5.2.134~1-ecd4]:DecodeUtteranceLatticeFaster():decoder-wrappers.cc:286) Log-like per frame for utterance AMI_ES2003d_SDM_MEE009_0205855_0206148 is -0.332546 over 291 frames.
AMI_ES2003d_SDM_MEE009_0206148_0206285 <unk> 
LOG (latgen-faster-mapped[5.2.134~1-ecd4]:DecodeUtteranceLatticeFaster():decoder-wrappers.cc:286) Log-like per frame for utterance AMI_ES2003d_SDM_MEE009_0206148_0206285 is -0.579628 over 135 frames.
AMI_ES2003d_SDM_MEE009_0206410_0206884 UH WHAT KIND OF SECTOR 
LOG (latgen-faster-mapped[5.2.134~1-ecd4]:DecodeUtteranceLatticeFaster():decoder-wrappers.cc:286) Log-like per frame for utterance AMI_ES2003d_SDM_MEE009_0206410_0206884 is -0.497802 over 472 frames.
AMI_ES2003d_SDM_MEE009_0206884_0207267 THEN YOU CAN FOR A JOB LIKE THIS 
LOG (latgen-faster-mapped[5.2.134~1-ecd4]:DecodeUtteranceLatticeFaster():decoder-wrappers.cc:286) Log-like per frame for utterance AMI_ES2003d_SDM_MEE009_0206884_0207267 is -0.465044 over 381 frames.
AMI_ES2003d_SDM_MEE009_0207267_0207526 OKAY 
LOG (latgen-faster-mapped[5.2.134~1-ecd4]:DecodeUtteranceLatticeFaster():decoder-wrappers.cc:286) Log-like per frame for utterance AMI_ES2003d_SDM_MEE009_0207267_0207526 is -0.498438 over 257 frames.
LOG (latgen-faster-mapped[5.2.134~1-ecd4]:main():latgen-faster-mapped.cc:164) Time taken 301.458s: real-time factor assuming 100 frames/sec is 3.15036
LOG (latgen-faster-mapped[5.2.134~1-ecd4]:main():latgen-faster-mapped.cc:167) Done 34 utterances, failed for 0
LOG (latgen-faster-mapped[5.2.134~1-ecd4]:main():latgen-faster-mapped.cc:169) Overall log-likelihood per frame is -0.416524 over 9569 frames.
