latgen-faster-mapped --max-active=7000 --beam=15 --lattice-beam=7 --acoustic-scale=0.1 --allow-partial=true --word-symbol-table=/data/sls/scratch/haotang/ami//exp/ihm/tri3-logmel-hires/graph_ami_fsh.o3g.kn.pr1-7/words.txt /data/sls/scratch/haotang/ami//exp/ihm/tri3-logmel-hires_ali/final.mdl /data/sls/scratch/haotang/ami//exp/ihm/tri3-logmel-hires/graph_ami_fsh.o3g.kn.pr1-7/HCLG.fst ark:- 'ark:|gzip -c > /data/sls/r/u/atitus5/meng/am/logs/ami-0.1/train_sdm1/baseline/frame-tdnn-450x7-step0.05/decode_sdm1/lat.3.gz' 
AMI_EN2006b_SDM_FEE087_0101700_0101753 HMM 
LOG (latgen-faster-mapped[5.2.134~1-ecd4]:DecodeUtteranceLatticeFaster():decoder-wrappers.cc:286) Log-like per frame for utterance AMI_EN2006b_SDM_FEE087_0101700_0101753 is -0.333725 over 51 frames.
AMI_EN2006b_SDM_FEE087_0102543_0102680 YEAH THAT'S OKAY 
LOG (latgen-faster-mapped[5.2.134~1-ecd4]:DecodeUtteranceLatticeFaster():decoder-wrappers.cc:286) Log-like per frame for utterance AMI_EN2006b_SDM_FEE087_0102543_0102680 is -0.274533 over 135 frames.
AMI_EN2006b_SDM_FEE087_0104014_0104027 SO 
LOG (latgen-faster-mapped[5.2.134~1-ecd4]:DecodeUtteranceLatticeFaster():decoder-wrappers.cc:286) Log-like per frame for utterance AMI_EN2006b_SDM_FEE087_0104014_0104027 is -0.896708 over 11 frames.
AMI_EN2006b_SDM_FEE087_0104027_0104128 MM-HMM 
LOG (latgen-faster-mapped[5.2.134~1-ecd4]:DecodeUtteranceLatticeFaster():decoder-wrappers.cc:286) Log-like per frame for utterance AMI_EN2006b_SDM_FEE087_0104027_0104128 is -0.431238 over 99 frames.
AMI_EN2006b_SDM_FEE087_0104385_0104482 ONLY YOU'D BE 
LOG (latgen-faster-mapped[5.2.134~1-ecd4]:DecodeUtteranceLatticeFaster():decoder-wrappers.cc:286) Log-like per frame for utterance AMI_EN2006b_SDM_FEE087_0104385_0104482 is -0.478375 over 95 frames.
AMI_EN2006b_SDM_FEE087_0104482_0104649 AND IT SHOULD BE 
LOG (latgen-faster-mapped[5.2.134~1-ecd4]:DecodeUtteranceLatticeFaster():decoder-wrappers.cc:286) Log-like per frame for utterance AMI_EN2006b_SDM_FEE087_0104482_0104649 is -0.425073 over 165 frames.
AMI_EN2006b_SDM_FEE087_0104649_0105115 BUT IF IT'S A WAITING FOR THAT 
LOG (latgen-faster-mapped[5.2.134~1-ecd4]:DecodeUtteranceLatticeFaster():decoder-wrappers.cc:286) Log-like per frame for utterance AMI_EN2006b_SDM_FEE087_0104649_0105115 is -0.368219 over 464 frames.
AMI_EN2006b_SDM_FEE087_0105730_0105796 YEAH 
LOG (latgen-faster-mapped[5.2.134~1-ecd4]:DecodeUtteranceLatticeFaster():decoder-wrappers.cc:286) Log-like per frame for utterance AMI_EN2006b_SDM_FEE087_0105730_0105796 is -0.283891 over 64 frames.
AMI_EN2006b_SDM_FEE087_0106442_0106506 YEAH 
LOG (latgen-faster-mapped[5.2.134~1-ecd4]:DecodeUtteranceLatticeFaster():decoder-wrappers.cc:286) Log-like per frame for utterance AMI_EN2006b_SDM_FEE087_0106442_0106506 is -0.33178 over 62 frames.
AMI_EN2006b_SDM_FEE087_0106946_0107110 LINE CENTRE 
LOG (latgen-faster-mapped[5.2.134~1-ecd4]:DecodeUtteranceLatticeFaster():decoder-wrappers.cc:286) Log-like per frame for utterance AMI_EN2006b_SDM_FEE087_0106946_0107110 is -0.398046 over 162 frames.
AMI_EN2006b_SDM_FEE087_0107110_0107415 <unk> <unk> LINES AND 
LOG (latgen-faster-mapped[5.2.134~1-ecd4]:DecodeUtteranceLatticeFaster():decoder-wrappers.cc:286) Log-like per frame for utterance AMI_EN2006b_SDM_FEE087_0107110_0107415 is -0.510314 over 303 frames.
AMI_EN2006b_SDM_FEE087_0107415_0107613 IT SHOULD BE I THINK 
LOG (latgen-faster-mapped[5.2.134~1-ecd4]:DecodeUtteranceLatticeFaster():decoder-wrappers.cc:286) Log-like per frame for utterance AMI_EN2006b_SDM_FEE087_0107415_0107613 is -0.514458 over 196 frames.
AMI_EN2006b_SDM_FEE087_0107895_0108008 <unk> POINT 
LOG (latgen-faster-mapped[5.2.134~1-ecd4]:DecodeUtteranceLatticeFaster():decoder-wrappers.cc:286) Log-like per frame for utterance AMI_EN2006b_SDM_FEE087_0107895_0108008 is -0.499014 over 111 frames.
AMI_EN2006b_SDM_FEE087_0108813_0108926 MM RIGHT 
LOG (latgen-faster-mapped[5.2.134~1-ecd4]:DecodeUtteranceLatticeFaster():decoder-wrappers.cc:286) Log-like per frame for utterance AMI_EN2006b_SDM_FEE087_0108813_0108926 is -0.408561 over 111 frames.
AMI_EN2006b_SDM_FEE087_0109280_0109391 YEAH 
LOG (latgen-faster-mapped[5.2.134~1-ecd4]:DecodeUtteranceLatticeFaster():decoder-wrappers.cc:286) Log-like per frame for utterance AMI_EN2006b_SDM_FEE087_0109280_0109391 is -0.379974 over 109 frames.
AMI_EN2006b_SDM_FEE087_0110289_0110535 MM INSTEAD 
LOG (latgen-faster-mapped[5.2.134~1-ecd4]:DecodeUtteranceLatticeFaster():decoder-wrappers.cc:286) Log-like per frame for utterance AMI_EN2006b_SDM_FEE087_0110289_0110535 is -0.435022 over 244 frames.
AMI_EN2006b_SDM_FEE087_0110535_0111215 OH STAR BURST ACTIVE STAR BURST LIKE ACTIVITY THAT'S 
LOG (latgen-faster-mapped[5.2.134~1-ecd4]:DecodeUtteranceLatticeFaster():decoder-wrappers.cc:286) Log-like per frame for utterance AMI_EN2006b_SDM_FEE087_0110535_0111215 is -0.339285 over 678 frames.
AMI_EN2006b_SDM_FEE087_0111344_0111514 IT'S 
LOG (latgen-faster-mapped[5.2.134~1-ecd4]:DecodeUtteranceLatticeFaster():decoder-wrappers.cc:286) Log-like per frame for utterance AMI_EN2006b_SDM_FEE087_0111344_0111514 is -0.373706 over 168 frames.
AMI_EN2006b_SDM_FEE087_0111875_0112133 BUT 
LOG (latgen-faster-mapped[5.2.134~1-ecd4]:DecodeUtteranceLatticeFaster():decoder-wrappers.cc:286) Log-like per frame for utterance AMI_EN2006b_SDM_FEE087_0111875_0112133 is -0.42744 over 256 frames.
AMI_EN2006b_SDM_FEE087_0112339_0112648 THAT WAS IT 
LOG (latgen-faster-mapped[5.2.134~1-ecd4]:DecodeUtteranceLatticeFaster():decoder-wrappers.cc:286) Log-like per frame for utterance AMI_EN2006b_SDM_FEE087_0112339_0112648 is -0.548625 over 307 frames.
AMI_EN2006b_SDM_FEE087_0112648_0112680 I 
LOG (latgen-faster-mapped[5.2.134~1-ecd4]:DecodeUtteranceLatticeFaster():decoder-wrappers.cc:286) Log-like per frame for utterance AMI_EN2006b_SDM_FEE087_0112648_0112680 is -0.797254 over 30 frames.
AMI_EN2006b_SDM_FEE087_0112883_0112983 BUT 
LOG (latgen-faster-mapped[5.2.134~1-ecd4]:DecodeUtteranceLatticeFaster():decoder-wrappers.cc:286) Log-like per frame for utterance AMI_EN2006b_SDM_FEE087_0112883_0112983 is -0.585818 over 98 frames.
AMI_EN2006b_SDM_FEE087_0112983_0113252 IT'S THE SAME 
LOG (latgen-faster-mapped[5.2.134~1-ecd4]:DecodeUtteranceLatticeFaster():decoder-wrappers.cc:286) Log-like per frame for utterance AMI_EN2006b_SDM_FEE087_0112983_0113252 is -0.514607 over 267 frames.
AMI_EN2006b_SDM_FEE087_0113422_0113639 GALAXY 
LOG (latgen-faster-mapped[5.2.134~1-ecd4]:DecodeUtteranceLatticeFaster():decoder-wrappers.cc:286) Log-like per frame for utterance AMI_EN2006b_SDM_FEE087_0113422_0113639 is -0.384965 over 215 frames.
AMI_EN2006b_SDM_FEE087_0113639_0113969 IF THIS MEANS STAR BURST GALAXY LIKE 
LOG (latgen-faster-mapped[5.2.134~1-ecd4]:DecodeUtteranceLatticeFaster():decoder-wrappers.cc:286) Log-like per frame for utterance AMI_EN2006b_SDM_FEE087_0113639_0113969 is -0.446202 over 328 frames.
AMI_EN2006b_SDM_FEE087_0114808_0114996 BUT STAR THAT'S PREFERS TO 
LOG (latgen-faster-mapped[5.2.134~1-ecd4]:DecodeUtteranceLatticeFaster():decoder-wrappers.cc:286) Log-like per frame for utterance AMI_EN2006b_SDM_FEE087_0114808_0114996 is -0.551394 over 186 frames.
AMI_EN2006b_SDM_FEE087_0115299_0115352 MM 
LOG (latgen-faster-mapped[5.2.134~1-ecd4]:DecodeUtteranceLatticeFaster():decoder-wrappers.cc:286) Log-like per frame for utterance AMI_EN2006b_SDM_FEE087_0115299_0115352 is -0.457794 over 51 frames.
AMI_EN2006b_SDM_FEE087_0115500_0115668 MM-HMM 
LOG (latgen-faster-mapped[5.2.134~1-ecd4]:DecodeUtteranceLatticeFaster():decoder-wrappers.cc:286) Log-like per frame for utterance AMI_EN2006b_SDM_FEE087_0115500_0115668 is -0.540106 over 166 frames.
AMI_EN2006b_SDM_FEE087_0116183_0116228 MM-HMM 
LOG (latgen-faster-mapped[5.2.134~1-ecd4]:DecodeUtteranceLatticeFaster():decoder-wrappers.cc:286) Log-like per frame for utterance AMI_EN2006b_SDM_FEE087_0116183_0116228 is -0.539958 over 43 frames.
AMI_EN2006b_SDM_FEE087_0116565_0116595 OKAY 
LOG (latgen-faster-mapped[5.2.134~1-ecd4]:DecodeUtteranceLatticeFaster():decoder-wrappers.cc:286) Log-like per frame for utterance AMI_EN2006b_SDM_FEE087_0116565_0116595 is -0.415052 over 28 frames.
AMI_EN2006b_SDM_FEE087_0116595_0116665 I 
LOG (latgen-faster-mapped[5.2.134~1-ecd4]:DecodeUtteranceLatticeFaster():decoder-wrappers.cc:286) Log-like per frame for utterance AMI_EN2006b_SDM_FEE087_0116595_0116665 is -0.595285 over 68 frames.
AMI_EN2006b_SDM_FEE087_0116665_0116915 THEY'RE THE SAME BOTH STAY OR 
LOG (latgen-faster-mapped[5.2.134~1-ecd4]:DecodeUtteranceLatticeFaster():decoder-wrappers.cc:286) Log-like per frame for utterance AMI_EN2006b_SDM_FEE087_0116665_0116915 is -0.521358 over 248 frames.
AMI_ES2003d_SDM_MEE009_0185776_0185927 <unk> OKAY 
LOG (latgen-faster-mapped[5.2.134~1-ecd4]:DecodeUtteranceLatticeFaster():decoder-wrappers.cc:286) Log-like per frame for utterance AMI_ES2003d_SDM_MEE009_0185776_0185927 is -0.611923 over 149 frames.
AMI_ES2003d_SDM_MEE009_0185927_0186105 FINE 
LOG (latgen-faster-mapped[5.2.134~1-ecd4]:DecodeUtteranceLatticeFaster():decoder-wrappers.cc:286) Log-like per frame for utterance AMI_ES2003d_SDM_MEE009_0185927_0186105 is -0.547292 over 176 frames.
LOG (latgen-faster-mapped[5.2.134~1-ecd4]:main():latgen-faster-mapped.cc:164) Time taken 156.114s: real-time factor assuming 100 frames/sec is 2.67136
LOG (latgen-faster-mapped[5.2.134~1-ecd4]:main():latgen-faster-mapped.cc:167) Done 34 utterances, failed for 0
LOG (latgen-faster-mapped[5.2.134~1-ecd4]:main():latgen-faster-mapped.cc:169) Overall log-likelihood per frame is -0.449394 over 5844 frames.
