latgen-faster-mapped --max-active=7000 --beam=15 --lattice-beam=7 --acoustic-scale=0.1 --allow-partial=true --word-symbol-table=/data/sls/scratch/haotang/ami//exp/ihm/tri3-logmel-hires/graph_ami_fsh.o3g.kn.pr1-7/words.txt /data/sls/scratch/haotang/ami//exp/ihm/tri3-logmel-hires_ali/final.mdl /data/sls/scratch/haotang/ami//exp/ihm/tri3-logmel-hires/graph_ami_fsh.o3g.kn.pr1-7/HCLG.fst ark:- 'ark:|gzip -c > /data/sls/r/u/atitus5/meng/am/logs/ami-0.1/train_sdm1/baseline/frame-tdnn-450x7-step0.05/decode_sdm1/lat.8.gz' 
AMI_ES2009a_SDM_MEE033_0036932_0037583 OH MY UM WITH TO ME THAT THE END OF YOUR CAUTION 
LOG (latgen-faster-mapped[5.2.134~1-ecd4]:DecodeUtteranceLatticeFaster():decoder-wrappers.cc:286) Log-like per frame for utterance AMI_ES2009a_SDM_MEE033_0036932_0037583 is -0.47392 over 649 frames.
AMI_ES2009a_SDM_MEE033_0037583_0037774 UM 
LOG (latgen-faster-mapped[5.2.134~1-ecd4]:DecodeUtteranceLatticeFaster():decoder-wrappers.cc:286) Log-like per frame for utterance AMI_ES2009a_SDM_MEE033_0037583_0037774 is -0.119502 over 189 frames.
AMI_ES2009a_SDM_MEE033_0037774_0037861 SO 
LOG (latgen-faster-mapped[5.2.134~1-ecd4]:DecodeUtteranceLatticeFaster():decoder-wrappers.cc:286) Log-like per frame for utterance AMI_ES2009a_SDM_MEE033_0037774_0037861 is -0.179391 over 85 frames.
AMI_ES2009a_SDM_MEE033_0038707_0038958 THANKS FOR EX 
LOG (latgen-faster-mapped[5.2.134~1-ecd4]:DecodeUtteranceLatticeFaster():decoder-wrappers.cc:286) Log-like per frame for utterance AMI_ES2009a_SDM_MEE033_0038707_0038958 is -0.457204 over 249 frames.
AMI_ES2009a_SDM_MEE033_0038999_0039116 OKAY 
LOG (latgen-faster-mapped[5.2.134~1-ecd4]:DecodeUtteranceLatticeFaster():decoder-wrappers.cc:286) Log-like per frame for utterance AMI_ES2009a_SDM_MEE033_0038999_0039116 is -0.437859 over 115 frames.
AMI_ES2009a_SDM_MEE033_0040674_0040879 <unk> 
LOG (latgen-faster-mapped[5.2.134~1-ecd4]:DecodeUtteranceLatticeFaster():decoder-wrappers.cc:286) Log-like per frame for utterance AMI_ES2009a_SDM_MEE033_0040674_0040879 is -0.416593 over 203 frames.
AMI_ES2009a_SDM_MEE033_0040879_0040951 UH 
LOG (latgen-faster-mapped[5.2.134~1-ecd4]:DecodeUtteranceLatticeFaster():decoder-wrappers.cc:286) Log-like per frame for utterance AMI_ES2009a_SDM_MEE033_0040879_0040951 is -0.366818 over 70 frames.
AMI_ES2009a_SDM_MEE033_0040951_0040969 COOL 
LOG (latgen-faster-mapped[5.2.134~1-ecd4]:DecodeUtteranceLatticeFaster():decoder-wrappers.cc:286) Log-like per frame for utterance AMI_ES2009a_SDM_MEE033_0040951_0040969 is -0.70957 over 16 frames.
AMI_ES2009a_SDM_MEE033_0040969_0041203 OKAY 
LOG (latgen-faster-mapped[5.2.134~1-ecd4]:DecodeUtteranceLatticeFaster():decoder-wrappers.cc:286) Log-like per frame for utterance AMI_ES2009a_SDM_MEE033_0040969_0041203 is -0.278491 over 232 frames.
AMI_ES2009a_SDM_MEE033_0041203_0041583 RIGHT SO 
LOG (latgen-faster-mapped[5.2.134~1-ecd4]:DecodeUtteranceLatticeFaster():decoder-wrappers.cc:286) Log-like per frame for utterance AMI_ES2009a_SDM_MEE033_0041203_0041583 is -0.241134 over 378 frames.
AMI_ES2009a_SDM_MEE033_0041583_0041635 
LOG (latgen-faster-mapped[5.2.134~1-ecd4]:DecodeUtteranceLatticeFaster():decoder-wrappers.cc:286) Log-like per frame for utterance AMI_ES2009a_SDM_MEE033_0041583_0041635 is -0.277221 over 50 frames.
AMI_ES2009a_SDM_MEE033_0041926_0042237 WELL 
LOG (latgen-faster-mapped[5.2.134~1-ecd4]:DecodeUtteranceLatticeFaster():decoder-wrappers.cc:286) Log-like per frame for utterance AMI_ES2009a_SDM_MEE033_0041926_0042237 is -0.428911 over 309 frames.
AMI_ES2009a_SDM_MEE033_0042237_0042730 SO BUT 
LOG (latgen-faster-mapped[5.2.134~1-ecd4]:DecodeUtteranceLatticeFaster():decoder-wrappers.cc:286) Log-like per frame for utterance AMI_ES2009a_SDM_MEE033_0042237_0042730 is -0.502075 over 491 frames.
AMI_ES2009a_SDM_MEE033_0042749_0043329 IT'LL BE SLOW 
LOG (latgen-faster-mapped[5.2.134~1-ecd4]:DecodeUtteranceLatticeFaster():decoder-wrappers.cc:286) Log-like per frame for utterance AMI_ES2009a_SDM_MEE033_0042749_0043329 is -0.480786 over 578 frames.
AMI_ES2009a_SDM_MEE033_0043329_0043464 YEAH 
LOG (latgen-faster-mapped[5.2.134~1-ecd4]:DecodeUtteranceLatticeFaster():decoder-wrappers.cc:286) Log-like per frame for utterance AMI_ES2009a_SDM_MEE033_0043329_0043464 is -0.519167 over 133 frames.
AMI_ES2009a_SDM_MEE033_0043697_0043872 <unk> 
LOG (latgen-faster-mapped[5.2.134~1-ecd4]:DecodeUtteranceLatticeFaster():decoder-wrappers.cc:286) Log-like per frame for utterance AMI_ES2009a_SDM_MEE033_0043697_0043872 is -0.483495 over 173 frames.
AMI_ES2009a_SDM_MEE033_0043872_0043926 WOW 
LOG (latgen-faster-mapped[5.2.134~1-ecd4]:DecodeUtteranceLatticeFaster():decoder-wrappers.cc:286) Log-like per frame for utterance AMI_ES2009a_SDM_MEE033_0043872_0043926 is -0.460516 over 52 frames.
AMI_ES2009a_SDM_MEE033_0044056_0044133 OR 
LOG (latgen-faster-mapped[5.2.134~1-ecd4]:DecodeUtteranceLatticeFaster():decoder-wrappers.cc:286) Log-like per frame for utterance AMI_ES2009a_SDM_MEE033_0044056_0044133 is -0.603408 over 75 frames.
AMI_ES2009a_SDM_MEE033_0044632_0044983 TALL LIKE TAKE I 
LOG (latgen-faster-mapped[5.2.134~1-ecd4]:DecodeUtteranceLatticeFaster():decoder-wrappers.cc:286) Log-like per frame for utterance AMI_ES2009a_SDM_MEE033_0044632_0044983 is -0.535951 over 349 frames.
AMI_ES2009a_SDM_MEE033_0044983_0045108 YEAH 
LOG (latgen-faster-mapped[5.2.134~1-ecd4]:DecodeUtteranceLatticeFaster():decoder-wrappers.cc:286) Log-like per frame for utterance AMI_ES2009a_SDM_MEE033_0044983_0045108 is -0.258787 over 123 frames.
AMI_ES2009a_SDM_MEE033_0045108_0045475 UM OKAY SO BADLY 
LOG (latgen-faster-mapped[5.2.134~1-ecd4]:DecodeUtteranceLatticeFaster():decoder-wrappers.cc:286) Log-like per frame for utterance AMI_ES2009a_SDM_MEE033_0045108_0045475 is -0.362735 over 365 frames.
AMI_ES2009a_SDM_MEE033_0045475_0045683 YEAH 
LOG (latgen-faster-mapped[5.2.134~1-ecd4]:DecodeUtteranceLatticeFaster():decoder-wrappers.cc:286) Log-like per frame for utterance AMI_ES2009a_SDM_MEE033_0045475_0045683 is -0.390297 over 206 frames.
AMI_ES2009a_SDM_MEE033_0045683_0046077 UM 
LOG (latgen-faster-mapped[5.2.134~1-ecd4]:DecodeUtteranceLatticeFaster():decoder-wrappers.cc:286) Log-like per frame for utterance AMI_ES2009a_SDM_MEE033_0045683_0046077 is -0.353582 over 392 frames.
AMI_ES2009a_SDM_MEE033_0046077_0046781 UM UM WELL UM 
LOG (latgen-faster-mapped[5.2.134~1-ecd4]:DecodeUtteranceLatticeFaster():decoder-wrappers.cc:286) Log-like per frame for utterance AMI_ES2009a_SDM_MEE033_0046077_0046781 is -0.376146 over 702 frames.
AMI_ES2009a_SDM_MEE033_0046781_0046807 HMM 
LOG (latgen-faster-mapped[5.2.134~1-ecd4]:DecodeUtteranceLatticeFaster():decoder-wrappers.cc:286) Log-like per frame for utterance AMI_ES2009a_SDM_MEE033_0046781_0046807 is -0.790527 over 24 frames.
AMI_ES2009a_SDM_MEE033_0047323_0047798 OKAY SO THAT 
LOG (latgen-faster-mapped[5.2.134~1-ecd4]:DecodeUtteranceLatticeFaster():decoder-wrappers.cc:286) Log-like per frame for utterance AMI_ES2009a_SDM_MEE033_0047323_0047798 is -0.380133 over 473 frames.
AMI_ES2009a_SDM_MEE033_0047798_0047855 OKAY 
LOG (latgen-faster-mapped[5.2.134~1-ecd4]:DecodeUtteranceLatticeFaster():decoder-wrappers.cc:286) Log-like per frame for utterance AMI_ES2009a_SDM_MEE033_0047798_0047855 is -0.592568 over 55 frames.
AMI_ES2009a_SDM_MEE033_0047855_0047994 YEAH 
LOG (latgen-faster-mapped[5.2.134~1-ecd4]:DecodeUtteranceLatticeFaster():decoder-wrappers.cc:286) Log-like per frame for utterance AMI_ES2009a_SDM_MEE033_0047855_0047994 is -0.403565 over 137 frames.
AMI_ES2009a_SDM_MEE033_0047994_0048221 YEAH 
LOG (latgen-faster-mapped[5.2.134~1-ecd4]:DecodeUtteranceLatticeFaster():decoder-wrappers.cc:286) Log-like per frame for utterance AMI_ES2009a_SDM_MEE033_0047994_0048221 is -0.340546 over 225 frames.
AMI_ES2009a_SDM_MEE033_0048221_0048351 OH 
LOG (latgen-faster-mapped[5.2.134~1-ecd4]:DecodeUtteranceLatticeFaster():decoder-wrappers.cc:286) Log-like per frame for utterance AMI_ES2009a_SDM_MEE033_0048221_0048351 is -0.270443 over 128 frames.
AMI_ES2009a_SDM_MEE033_0048351_0048426 THAT'S IT 
LOG (latgen-faster-mapped[5.2.134~1-ecd4]:DecodeUtteranceLatticeFaster():decoder-wrappers.cc:286) Log-like per frame for utterance AMI_ES2009a_SDM_MEE033_0048351_0048426 is -0.460108 over 73 frames.
AMI_ES2009a_SDM_MEE033_0048426_0048940 <unk> BY ONE 
LOG (latgen-faster-mapped[5.2.134~1-ecd4]:DecodeUtteranceLatticeFaster():decoder-wrappers.cc:286) Log-like per frame for utterance AMI_ES2009a_SDM_MEE033_0048426_0048940 is -0.462548 over 512 frames.
AMI_ES2009a_SDM_MEE033_0049071_0049197 FOR 
LOG (latgen-faster-mapped[5.2.134~1-ecd4]:DecodeUtteranceLatticeFaster():decoder-wrappers.cc:286) Log-like per frame for utterance AMI_ES2009a_SDM_MEE033_0049071_0049197 is -0.358963 over 124 frames.
AMI_ES2009a_SDM_MEE033_0049992_0050010 MM 
LOG (latgen-faster-mapped[5.2.134~1-ecd4]:DecodeUtteranceLatticeFaster():decoder-wrappers.cc:286) Log-like per frame for utterance AMI_ES2009a_SDM_MEE033_0049992_0050010 is -0.646569 over 16 frames.
LOG (latgen-faster-mapped[5.2.134~1-ecd4]:main():latgen-faster-mapped.cc:164) Time taken 228.206s: real-time factor assuming 100 frames/sec is 2.87016
LOG (latgen-faster-mapped[5.2.134~1-ecd4]:main():latgen-faster-mapped.cc:167) Done 34 utterances, failed for 0
LOG (latgen-faster-mapped[5.2.134~1-ecd4]:main():latgen-faster-mapped.cc:169) Overall log-likelihood per frame is -0.40714 over 7951 frames.
