latgen-faster-mapped --max-active=7000 --beam=15 --lattice-beam=7 --acoustic-scale=0.1 --allow-partial=true --word-symbol-table=/data/sls/scratch/haotang/ami//exp/ihm/tri3-logmel-hires/graph_ami_fsh.o3g.kn.pr1-7/words.txt /data/sls/scratch/haotang/ami//exp/ihm/tri3-logmel-hires_ali/final.mdl /data/sls/scratch/haotang/ami//exp/ihm/tri3-logmel-hires/graph_ami_fsh.o3g.kn.pr1-7/HCLG.fst ark:- 'ark:|gzip -c > /data/sls/r/u/atitus5/meng/am/logs/ami-0.1/train_sdm1/baseline/frame-tdnn-450x7-step0.05/decode_sdm1/lat.14.gz' 
AMI_IN1008_SDM_MIO018_0170313_0170715 YOU HAVE TO PRESENT UH QUESTIONS 
LOG (latgen-faster-mapped[5.2.134~1-ecd4]:DecodeUtteranceLatticeFaster():decoder-wrappers.cc:286) Log-like per frame for utterance AMI_IN1008_SDM_MIO018_0170313_0170715 is -0.429914 over 400 frames.
AMI_IN1008_SDM_MIO018_0171071_0171098 YEAH 
LOG (latgen-faster-mapped[5.2.134~1-ecd4]:DecodeUtteranceLatticeFaster():decoder-wrappers.cc:286) Log-like per frame for utterance AMI_IN1008_SDM_MIO018_0171071_0171098 is -0.378016 over 25 frames.
AMI_IN1008_SDM_MIO018_0171241_0171572 BUT UH THE LOWEST LAYER WOULD BE THE FIRST TWO QUESTIONS 
LOG (latgen-faster-mapped[5.2.134~1-ecd4]:DecodeUtteranceLatticeFaster():decoder-wrappers.cc:286) Log-like per frame for utterance AMI_IN1008_SDM_MIO018_0171241_0171572 is -0.460138 over 329 frames.
AMI_IN1008_SDM_MIO018_0171572_0172250 UM YOU'RE A STABLE FOR TO DETECT UM ACTIVITY 
LOG (latgen-faster-mapped[5.2.134~1-ecd4]:DecodeUtteranceLatticeFaster():decoder-wrappers.cc:286) Log-like per frame for utterance AMI_IN1008_SDM_MIO018_0171572_0172250 is -0.290059 over 676 frames.
AMI_IN1008_SDM_MIO018_0172250_0172578 <unk> 
LOG (latgen-faster-mapped[5.2.134~1-ecd4]:DecodeUtteranceLatticeFaster():decoder-wrappers.cc:286) Log-like per frame for utterance AMI_IN1008_SDM_MIO018_0172250_0172578 is -0.481733 over 326 frames.
AMI_IN1008_SDM_MIO018_0172913_0173004 OH 
LOG (latgen-faster-mapped[5.2.134~1-ecd4]:DecodeUtteranceLatticeFaster():decoder-wrappers.cc:286) Log-like per frame for utterance AMI_IN1008_SDM_MIO018_0172913_0173004 is -0.394934 over 89 frames.
AMI_IN1008_SDM_MIO018_0173004_0173147 OKAY 
LOG (latgen-faster-mapped[5.2.134~1-ecd4]:DecodeUtteranceLatticeFaster():decoder-wrappers.cc:286) Log-like per frame for utterance AMI_IN1008_SDM_MIO018_0173004_0173147 is -0.136078 over 141 frames.
AMI_IN1008_SDM_MIO018_0173147_0173309 MENU FOR PITCH 
LOG (latgen-faster-mapped[5.2.134~1-ecd4]:DecodeUtteranceLatticeFaster():decoder-wrappers.cc:286) Log-like per frame for utterance AMI_IN1008_SDM_MIO018_0173147_0173309 is -0.538923 over 160 frames.
AMI_IN1008_SDM_MIO018_0173526_0173545 
LOG (latgen-faster-mapped[5.2.134~1-ecd4]:DecodeUtteranceLatticeFaster():decoder-wrappers.cc:286) Log-like per frame for utterance AMI_IN1008_SDM_MIO018_0173526_0173545 is -0.69199 over 17 frames.
AMI_IN1008_SDM_MIO018_0174021_0174038 YEAH 
LOG (latgen-faster-mapped[5.2.134~1-ecd4]:DecodeUtteranceLatticeFaster():decoder-wrappers.cc:286) Log-like per frame for utterance AMI_IN1008_SDM_MIO018_0174021_0174038 is -0.433024 over 15 frames.
AMI_IN1008_SDM_MIO018_0174328_0174352 YEAH 
LOG (latgen-faster-mapped[5.2.134~1-ecd4]:DecodeUtteranceLatticeFaster():decoder-wrappers.cc:286) Log-like per frame for utterance AMI_IN1008_SDM_MIO018_0174328_0174352 is -0.379798 over 22 frames.
AMI_IN1008_SDM_MIO018_0174663_0174700 MM-HMM 
LOG (latgen-faster-mapped[5.2.134~1-ecd4]:DecodeUtteranceLatticeFaster():decoder-wrappers.cc:286) Log-like per frame for utterance AMI_IN1008_SDM_MIO018_0174663_0174700 is -0.506378 over 35 frames.
AMI_IN1008_SDM_MIO018_0175024_0175071 OR 
LOG (latgen-faster-mapped[5.2.134~1-ecd4]:DecodeUtteranceLatticeFaster():decoder-wrappers.cc:286) Log-like per frame for utterance AMI_IN1008_SDM_MIO018_0175024_0175071 is -0.538433 over 45 frames.
AMI_IN1008_SDM_MIO018_0175651_0175742 UH 
LOG (latgen-faster-mapped[5.2.134~1-ecd4]:DecodeUtteranceLatticeFaster():decoder-wrappers.cc:286) Log-like per frame for utterance AMI_IN1008_SDM_MIO018_0175651_0175742 is -0.256458 over 89 frames.
AMI_IN1008_SDM_MIO018_0176644_0176744 MM YES 
LOG (latgen-faster-mapped[5.2.134~1-ecd4]:DecodeUtteranceLatticeFaster():decoder-wrappers.cc:286) Log-like per frame for utterance AMI_IN1008_SDM_MIO018_0176644_0176744 is -0.28221 over 98 frames.
AMI_IN1008_SDM_MIO018_0176744_0176883 YEAH 
LOG (latgen-faster-mapped[5.2.134~1-ecd4]:DecodeUtteranceLatticeFaster():decoder-wrappers.cc:286) Log-like per frame for utterance AMI_IN1008_SDM_MIO018_0176744_0176883 is -0.1364 over 137 frames.
AMI_IN1008_SDM_MIO018_0176883_0177438 AND IT WAS FIFTY WHAT CAN BE DONE YES 
LOG (latgen-faster-mapped[5.2.134~1-ecd4]:DecodeUtteranceLatticeFaster():decoder-wrappers.cc:286) Log-like per frame for utterance AMI_IN1008_SDM_MIO018_0176883_0177438 is -0.42839 over 553 frames.
AMI_IN1008_SDM_MIO018_0177438_0178233 SO UH QUESTIONS THE SAME TIME 
LOG (latgen-faster-mapped[5.2.134~1-ecd4]:DecodeUtteranceLatticeFaster():decoder-wrappers.cc:286) Log-like per frame for utterance AMI_IN1008_SDM_MIO018_0177438_0178233 is -0.276999 over 793 frames.
AMI_IN1008_SDM_MIO018_0178233_0178512 WE USE UH FIFTY TO DO DETECTION 
LOG (latgen-faster-mapped[5.2.134~1-ecd4]:DecodeUtteranceLatticeFaster():decoder-wrappers.cc:286) Log-like per frame for utterance AMI_IN1008_SDM_MIO018_0178233_0178512 is -0.321349 over 277 frames.
AMI_IN1008_SDM_MIO018_0178512_0178884 WILL THE WILL FORM OR FORM 
LOG (latgen-faster-mapped[5.2.134~1-ecd4]:DecodeUtteranceLatticeFaster():decoder-wrappers.cc:286) Log-like per frame for utterance AMI_IN1008_SDM_MIO018_0178512_0178884 is -0.374771 over 370 frames.
AMI_IN1008_SDM_MIO018_0178884_0179003 SO UM 
LOG (latgen-faster-mapped[5.2.134~1-ecd4]:DecodeUtteranceLatticeFaster():decoder-wrappers.cc:286) Log-like per frame for utterance AMI_IN1008_SDM_MIO018_0178884_0179003 is -0.280511 over 117 frames.
AMI_IN1008_SDM_MIO018_0179332_0180071 WE SPLIT UM DISPLAY THE SIGNAL IN SMALL FRAMES YES 
LOG (latgen-faster-mapped[5.2.134~1-ecd4]:DecodeUtteranceLatticeFaster():decoder-wrappers.cc:286) Log-like per frame for utterance AMI_IN1008_SDM_MIO018_0179332_0180071 is -0.356021 over 737 frames.
AMI_IN1008_SDM_MIO018_0180071_0180143 <unk> 
LOG (latgen-faster-mapped[5.2.134~1-ecd4]:DecodeUtteranceLatticeFaster():decoder-wrappers.cc:286) Log-like per frame for utterance AMI_IN1008_SDM_MIO018_0180071_0180143 is -0.503729 over 70 frames.
AMI_IN1008_SDM_MIO018_0180307_0180957 UM EACH FOR US TO DO 
LOG (latgen-faster-mapped[5.2.134~1-ecd4]:DecodeUtteranceLatticeFaster():decoder-wrappers.cc:286) Log-like per frame for utterance AMI_IN1008_SDM_MIO018_0180307_0180957 is -0.384351 over 648 frames.
AMI_IN1008_SDM_MIO018_0180957_0181483 AND THERE IS ONE FOR A SECOND UH FIFTY PERCENT 
LOG (latgen-faster-mapped[5.2.134~1-ecd4]:DecodeUtteranceLatticeFaster():decoder-wrappers.cc:286) Log-like per frame for utterance AMI_IN1008_SDM_MIO018_0180957_0181483 is -0.420888 over 524 frames.
AMI_IN1008_SDM_MIO018_0181767_0181858 UM 
LOG (latgen-faster-mapped[5.2.134~1-ecd4]:DecodeUtteranceLatticeFaster():decoder-wrappers.cc:286) Log-like per frame for utterance AMI_IN1008_SDM_MIO018_0181767_0181858 is -0.170637 over 89 frames.
AMI_IN1008_SDM_MIO018_0182161_0182274 YEAH EACH 
LOG (latgen-faster-mapped[5.2.134~1-ecd4]:DecodeUtteranceLatticeFaster():decoder-wrappers.cc:286) Log-like per frame for utterance AMI_IN1008_SDM_MIO018_0182161_0182274 is -0.336505 over 111 frames.
AMI_IN1008_SDM_MIO018_0182274_0182381 SECOND 
LOG (latgen-faster-mapped[5.2.134~1-ecd4]:DecodeUtteranceLatticeFaster():decoder-wrappers.cc:286) Log-like per frame for utterance AMI_IN1008_SDM_MIO018_0182274_0182381 is -0.579843 over 105 frames.
AMI_IN1008_SDM_MIO018_0182671_0182775 WELL THESE ARE THE TWO 
LOG (latgen-faster-mapped[5.2.134~1-ecd4]:DecodeUtteranceLatticeFaster():decoder-wrappers.cc:286) Log-like per frame for utterance AMI_IN1008_SDM_MIO018_0182671_0182775 is -0.568598 over 102 frames.
AMI_IN1008_SDM_MIO018_0182775_0183117 IS JUST TO BE AN IDEA 
LOG (latgen-faster-mapped[5.2.134~1-ecd4]:DecodeUtteranceLatticeFaster():decoder-wrappers.cc:286) Log-like per frame for utterance AMI_IN1008_SDM_MIO018_0182775_0183117 is -0.288343 over 340 frames.
AMI_IN1008_SDM_MIO018_0183117_0183204 SOMETHING LIKE THAT 
LOG (latgen-faster-mapped[5.2.134~1-ecd4]:DecodeUtteranceLatticeFaster():decoder-wrappers.cc:286) Log-like per frame for utterance AMI_IN1008_SDM_MIO018_0183117_0183204 is -0.46875 over 85 frames.
AMI_IN1008_SDM_MIO018_0183651_0183838 WELL IT'S UH WE HAVE A RAW 
LOG (latgen-faster-mapped[5.2.134~1-ecd4]:DecodeUtteranceLatticeFaster():decoder-wrappers.cc:286) Log-like per frame for utterance AMI_IN1008_SDM_MIO018_0183651_0183838 is -0.426973 over 185 frames.
AMI_IN1008_SDM_MIO018_0184011_0185002 BECAUSE THE MAIN INTEREST YOU WHEN YOU DO WITH FIFTY FOR GETTING INTO DETAILS BUT YOU ARE UM THE WE KNOW MM-HMM EFFECT 
LOG (latgen-faster-mapped[5.2.134~1-ecd4]:DecodeUtteranceLatticeFaster():decoder-wrappers.cc:286) Log-like per frame for utterance AMI_IN1008_SDM_MIO018_0184011_0185002 is -0.435874 over 989 frames.
LOG (latgen-faster-mapped[5.2.134~1-ecd4]:main():latgen-faster-mapped.cc:164) Time taken 129.154s: real-time factor assuming 100 frames/sec is 1.4847
LOG (latgen-faster-mapped[5.2.134~1-ecd4]:main():latgen-faster-mapped.cc:167) Done 33 utterances, failed for 0
LOG (latgen-faster-mapped[5.2.134~1-ecd4]:main():latgen-faster-mapped.cc:169) Overall log-likelihood per frame is -0.375665 over 8699 frames.
