latgen-faster-mapped --max-active=7000 --beam=15 --lattice-beam=7 --acoustic-scale=0.1 --allow-partial=true --word-symbol-table=/data/sls/scratch/haotang/ami//exp/ihm/tri3-logmel-hires/graph_ami_fsh.o3g.kn.pr1-7/words.txt /data/sls/scratch/haotang/ami//exp/ihm/tri3-logmel-hires_ali/final.mdl /data/sls/scratch/haotang/ami//exp/ihm/tri3-logmel-hires/graph_ami_fsh.o3g.kn.pr1-7/HCLG.fst ark:- 'ark:|gzip -c > /data/sls/r/u/atitus5/meng/am/logs/ami-0.1/train_sdm1/baseline/frame-tdnn-450x7-step0.05/decode_sdm1/lat.18.gz' 
AMI_IS1001b_SDM_MIO012_0014203_0014358 MM 
LOG (latgen-faster-mapped[5.2.134~1-ecd4]:DecodeUtteranceLatticeFaster():decoder-wrappers.cc:286) Log-like per frame for utterance AMI_IS1001b_SDM_MIO012_0014203_0014358 is -0.182806 over 153 frames.
AMI_IS1001b_SDM_MIO012_0014358_0014421 MM 
LOG (latgen-faster-mapped[5.2.134~1-ecd4]:DecodeUtteranceLatticeFaster():decoder-wrappers.cc:286) Log-like per frame for utterance AMI_IS1001b_SDM_MIO012_0014358_0014421 is -0.18752 over 61 frames.
AMI_IS1001b_SDM_MIO012_0015782_0016028 IN THE FOLDER 
LOG (latgen-faster-mapped[5.2.134~1-ecd4]:DecodeUtteranceLatticeFaster():decoder-wrappers.cc:286) Log-like per frame for utterance AMI_IS1001b_SDM_MIO012_0015782_0016028 is -0.460192 over 244 frames.
AMI_IS1001b_SDM_MIO012_0016182_0016258 OOH 
LOG (latgen-faster-mapped[5.2.134~1-ecd4]:DecodeUtteranceLatticeFaster():decoder-wrappers.cc:286) Log-like per frame for utterance AMI_IS1001b_SDM_MIO012_0016182_0016258 is -0.503461 over 74 frames.
AMI_IS1001b_SDM_MIO012_0016470_0016631 IT WAS SOMETHING LIKE THIS 
LOG (latgen-faster-mapped[5.2.134~1-ecd4]:DecodeUtteranceLatticeFaster():decoder-wrappers.cc:286) Log-like per frame for utterance AMI_IS1001b_SDM_MIO012_0016470_0016631 is -0.55702 over 159 frames.
AMI_IS1001b_SDM_MIO012_0017127_0017161 <unk> 
LOG (latgen-faster-mapped[5.2.134~1-ecd4]:DecodeUtteranceLatticeFaster():decoder-wrappers.cc:286) Log-like per frame for utterance AMI_IS1001b_SDM_MIO012_0017127_0017161 is -0.70675 over 32 frames.
AMI_IS1001b_SDM_MIO012_0017380_0017440 THEN 
LOG (latgen-faster-mapped[5.2.134~1-ecd4]:DecodeUtteranceLatticeFaster():decoder-wrappers.cc:286) Log-like per frame for utterance AMI_IS1001b_SDM_MIO012_0017380_0017440 is -0.612007 over 58 frames.
AMI_IS1001b_SDM_MIO012_0017660_0017719 AND THEN 
LOG (latgen-faster-mapped[5.2.134~1-ecd4]:DecodeUtteranceLatticeFaster():decoder-wrappers.cc:286) Log-like per frame for utterance AMI_IS1001b_SDM_MIO012_0017660_0017719 is -0.495875 over 57 frames.
AMI_IS1001b_SDM_MIO012_0017867_0017946 NO 
LOG (latgen-faster-mapped[5.2.134~1-ecd4]:DecodeUtteranceLatticeFaster():decoder-wrappers.cc:286) Log-like per frame for utterance AMI_IS1001b_SDM_MIO012_0017867_0017946 is -0.201839 over 77 frames.
AMI_IS1001b_SDM_MIO012_0017946_0017985 OKAY 
LOG (latgen-faster-mapped[5.2.134~1-ecd4]:DecodeUtteranceLatticeFaster():decoder-wrappers.cc:286) Log-like per frame for utterance AMI_IS1001b_SDM_MIO012_0017946_0017985 is -0.57699 over 37 frames.
AMI_IS1001b_SDM_MIO012_0018204_0018333 UH 
LOG (latgen-faster-mapped[5.2.134~1-ecd4]:DecodeUtteranceLatticeFaster():decoder-wrappers.cc:286) Log-like per frame for utterance AMI_IS1001b_SDM_MIO012_0018204_0018333 is -0.468709 over 127 frames.
AMI_IS1001b_SDM_MIO012_0018517_0018557 BUT IN THAT 
LOG (latgen-faster-mapped[5.2.134~1-ecd4]:DecodeUtteranceLatticeFaster():decoder-wrappers.cc:286) Log-like per frame for utterance AMI_IS1001b_SDM_MIO012_0018517_0018557 is -0.772545 over 38 frames.
AMI_IS1001b_SDM_MIO012_0019012_0019044 YEAH 
LOG (latgen-faster-mapped[5.2.134~1-ecd4]:DecodeUtteranceLatticeFaster():decoder-wrappers.cc:286) Log-like per frame for utterance AMI_IS1001b_SDM_MIO012_0019012_0019044 is -0.423856 over 30 frames.
AMI_IS1001b_SDM_MIO012_0019044_0019103 MM-HMM 
LOG (latgen-faster-mapped[5.2.134~1-ecd4]:DecodeUtteranceLatticeFaster():decoder-wrappers.cc:286) Log-like per frame for utterance AMI_IS1001b_SDM_MIO012_0019044_0019103 is -0.365093 over 57 frames.
AMI_IS1001b_SDM_MIO012_0019809_0020005 YEAH 
LOG (latgen-faster-mapped[5.2.134~1-ecd4]:DecodeUtteranceLatticeFaster():decoder-wrappers.cc:286) Log-like per frame for utterance AMI_IS1001b_SDM_MIO012_0019809_0020005 is -0.340542 over 194 frames.
AMI_IS1001b_SDM_MIO012_0020005_0020093 OTHERWISE COULD YOU 
LOG (latgen-faster-mapped[5.2.134~1-ecd4]:DecodeUtteranceLatticeFaster():decoder-wrappers.cc:286) Log-like per frame for utterance AMI_IS1001b_SDM_MIO012_0020005_0020093 is -0.552374 over 86 frames.
AMI_IS1001b_SDM_MIO012_0020430_0020460 YEAH 
LOG (latgen-faster-mapped[5.2.134~1-ecd4]:DecodeUtteranceLatticeFaster():decoder-wrappers.cc:286) Log-like per frame for utterance AMI_IS1001b_SDM_MIO012_0020430_0020460 is -0.542298 over 28 frames.
AMI_IS1001b_SDM_MIO012_0020644_0020675 
LOG (latgen-faster-mapped[5.2.134~1-ecd4]:DecodeUtteranceLatticeFaster():decoder-wrappers.cc:286) Log-like per frame for utterance AMI_IS1001b_SDM_MIO012_0020644_0020675 is -0.513084 over 29 frames.
AMI_IS1001b_SDM_MIO012_0020818_0020911 YEAH 
LOG (latgen-faster-mapped[5.2.134~1-ecd4]:DecodeUtteranceLatticeFaster():decoder-wrappers.cc:286) Log-like per frame for utterance AMI_IS1001b_SDM_MIO012_0020818_0020911 is -0.274146 over 91 frames.
AMI_IS1001b_SDM_MIO012_0020911_0021006 THAT'S 
LOG (latgen-faster-mapped[5.2.134~1-ecd4]:DecodeUtteranceLatticeFaster():decoder-wrappers.cc:286) Log-like per frame for utterance AMI_IS1001b_SDM_MIO012_0020911_0021006 is -0.369006 over 93 frames.
AMI_IS1001b_SDM_MIO012_0021006_0021468 BUT YEAH 
LOG (latgen-faster-mapped[5.2.134~1-ecd4]:DecodeUtteranceLatticeFaster():decoder-wrappers.cc:286) Log-like per frame for utterance AMI_IS1001b_SDM_MIO012_0021006_0021468 is -0.353103 over 460 frames.
AMI_IS1001b_SDM_MIO012_0021468_0021760 SO UH UH 
LOG (latgen-faster-mapped[5.2.134~1-ecd4]:DecodeUtteranceLatticeFaster():decoder-wrappers.cc:286) Log-like per frame for utterance AMI_IS1001b_SDM_MIO012_0021468_0021760 is -0.453021 over 290 frames.
AMI_IS1001b_SDM_MIO012_0021760_0022418 SO HARD UH FOR THAT I FIVE MM-HMM 
LOG (latgen-faster-mapped[5.2.134~1-ecd4]:DecodeUtteranceLatticeFaster():decoder-wrappers.cc:286) Log-like per frame for utterance AMI_IS1001b_SDM_MIO012_0021760_0022418 is -0.391088 over 656 frames.
AMI_IS1001b_SDM_MIO012_0022418_0023952 UH FOR ONE FOR UH UH AND WE ALSO WANT TO HAVE THE MOST A WHOLE LOT 
LOG (latgen-faster-mapped[5.2.134~1-ecd4]:DecodeUtteranceLatticeFaster():decoder-wrappers.cc:286) Log-like per frame for utterance AMI_IS1001b_SDM_MIO012_0022418_0023952 is -0.385825 over 1532 frames.
AMI_IS1001b_SDM_MIO012_0024060_0024933 SO THERE'S A COMPLEX THAT MORE WITH THE COMPUTER STUFF 
LOG (latgen-faster-mapped[5.2.134~1-ecd4]:DecodeUtteranceLatticeFaster():decoder-wrappers.cc:286) Log-like per frame for utterance AMI_IS1001b_SDM_MIO012_0024060_0024933 is -0.413748 over 871 frames.
AMI_IS1001b_SDM_MIO012_0024933_0025184 SO THERE'S ONE 
LOG (latgen-faster-mapped[5.2.134~1-ecd4]:DecodeUtteranceLatticeFaster():decoder-wrappers.cc:286) Log-like per frame for utterance AMI_IS1001b_SDM_MIO012_0024933_0025184 is -0.354698 over 249 frames.
AMI_IS1001b_SDM_MIO012_0025184_0025441 UH 
LOG (latgen-faster-mapped[5.2.134~1-ecd4]:DecodeUtteranceLatticeFaster():decoder-wrappers.cc:286) Log-like per frame for utterance AMI_IS1001b_SDM_MIO012_0025184_0025441 is -0.29145 over 255 frames.
AMI_IS1001b_SDM_MIO012_0025596_0025920 THE FIVE 
LOG (latgen-faster-mapped[5.2.134~1-ecd4]:DecodeUtteranceLatticeFaster():decoder-wrappers.cc:286) Log-like per frame for utterance AMI_IS1001b_SDM_MIO012_0025596_0025920 is -0.345676 over 322 frames.
AMI_IS1001b_SDM_MIO012_0025920_0026237 UH IF YOU ARE THE FOR THE FUTURE 
LOG (latgen-faster-mapped[5.2.134~1-ecd4]:DecodeUtteranceLatticeFaster():decoder-wrappers.cc:286) Log-like per frame for utterance AMI_IS1001b_SDM_MIO012_0025920_0026237 is -0.444446 over 315 frames.
AMI_IS1006c_SDM_MIO008_0166692_0167186 SO WE HAVE TO 
LOG (latgen-faster-mapped[5.2.134~1-ecd4]:DecodeUtteranceLatticeFaster():decoder-wrappers.cc:286) Log-like per frame for utterance AMI_IS1006c_SDM_MIO008_0166692_0167186 is -0.342376 over 492 frames.
AMI_IS1006c_SDM_MIO008_0167186_0167669 AND I SAID WE CAN ALSO TRY TO UH SO 
LOG (latgen-faster-mapped[5.2.134~1-ecd4]:DecodeUtteranceLatticeFaster():decoder-wrappers.cc:286) Log-like per frame for utterance AMI_IS1006c_SDM_MIO008_0167186_0167669 is -0.380628 over 481 frames.
AMI_IS1006c_SDM_MIO008_0167669_0167763 SO 
LOG (latgen-faster-mapped[5.2.134~1-ecd4]:DecodeUtteranceLatticeFaster():decoder-wrappers.cc:286) Log-like per frame for utterance AMI_IS1006c_SDM_MIO008_0167669_0167763 is -0.486845 over 92 frames.
AMI_IS1006c_SDM_MIO008_0168092_0168396 WELL THAT'S TWO CENTS 
LOG (latgen-faster-mapped[5.2.134~1-ecd4]:DecodeUtteranceLatticeFaster():decoder-wrappers.cc:286) Log-like per frame for utterance AMI_IS1006c_SDM_MIO008_0168092_0168396 is -0.414363 over 302 frames.
LOG (latgen-faster-mapped[5.2.134~1-ecd4]:main():latgen-faster-mapped.cc:164) Time taken 171.465s: real-time factor assuming 100 frames/sec is 2.13212
LOG (latgen-faster-mapped[5.2.134~1-ecd4]:main():latgen-faster-mapped.cc:167) Done 33 utterances, failed for 0
LOG (latgen-faster-mapped[5.2.134~1-ecd4]:main():latgen-faster-mapped.cc:169) Overall log-likelihood per frame is -0.393349 over 8042 frames.
