latgen-faster-mapped --max-active=7000 --beam=15 --lattice-beam=7 --acoustic-scale=0.1 --allow-partial=true --word-symbol-table=/data/sls/scratch/haotang/ami//exp/ihm/tri3-logmel-hires/graph_ami_fsh.o3g.kn.pr1-7/words.txt /data/sls/scratch/haotang/ami//exp/ihm/tri3-logmel-hires_ali/final.mdl /data/sls/scratch/haotang/ami//exp/ihm/tri3-logmel-hires/graph_ami_fsh.o3g.kn.pr1-7/HCLG.fst ark:- 'ark:|gzip -c > /data/sls/r/u/atitus5/meng/am/logs/ami-0.1/train_sdm1/baseline/frame-tdnn-450x7-step0.05/decode_sdm1/lat.30.gz' 
AMI_TS3012d_SDM_MTD048ME_0203048_0203396 YEAH 
LOG (latgen-faster-mapped[5.2.134~1-ecd4]:DecodeUtteranceLatticeFaster():decoder-wrappers.cc:286) Log-like per frame for utterance AMI_TS3012d_SDM_MTD048ME_0203048_0203396 is -0.27979 over 346 frames.
AMI_TS3012d_SDM_MTD048ME_0203396_0203563 YEAH 
LOG (latgen-faster-mapped[5.2.134~1-ecd4]:DecodeUtteranceLatticeFaster():decoder-wrappers.cc:286) Log-like per frame for utterance AMI_TS3012d_SDM_MTD048ME_0203396_0203563 is -0.200332 over 165 frames.
AMI_TS3012d_SDM_MTD048ME_0203774_0203928 YEAH 
LOG (latgen-faster-mapped[5.2.134~1-ecd4]:DecodeUtteranceLatticeFaster():decoder-wrappers.cc:286) Log-like per frame for utterance AMI_TS3012d_SDM_MTD048ME_0203774_0203928 is -0.301718 over 152 frames.
AMI_TS3012d_SDM_MTD048ME_0204165_0204351 <unk> OR 
LOG (latgen-faster-mapped[5.2.134~1-ecd4]:DecodeUtteranceLatticeFaster():decoder-wrappers.cc:286) Log-like per frame for utterance AMI_TS3012d_SDM_MTD048ME_0204165_0204351 is -0.442456 over 184 frames.
AMI_TS3012d_SDM_MTD048ME_0204507_0204529 YEAH 
LOG (latgen-faster-mapped[5.2.134~1-ecd4]:DecodeUtteranceLatticeFaster():decoder-wrappers.cc:286) Log-like per frame for utterance AMI_TS3012d_SDM_MTD048ME_0204507_0204529 is -0.649212 over 20 frames.
AMI_TS3012d_SDM_MTD048ME_0207276_0207332 OKAY 
LOG (latgen-faster-mapped[5.2.134~1-ecd4]:DecodeUtteranceLatticeFaster():decoder-wrappers.cc:286) Log-like per frame for utterance AMI_TS3012d_SDM_MTD048ME_0207276_0207332 is -0.342244 over 54 frames.
AMI_TS3012d_SDM_MTD048ME_0207332_0207392 <unk> 
LOG (latgen-faster-mapped[5.2.134~1-ecd4]:DecodeUtteranceLatticeFaster():decoder-wrappers.cc:286) Log-like per frame for utterance AMI_TS3012d_SDM_MTD048ME_0207332_0207392 is -0.466378 over 58 frames.
AMI_TS3012d_SDM_MTD048ME_0209729_0209764 OKAY 
LOG (latgen-faster-mapped[5.2.134~1-ecd4]:DecodeUtteranceLatticeFaster():decoder-wrappers.cc:286) Log-like per frame for utterance AMI_TS3012d_SDM_MTD048ME_0209729_0209764 is -0.24231 over 33 frames.
AMI_TS3012d_SDM_MTD048ME_0210404_0210417 YEAH 
LOG (latgen-faster-mapped[5.2.134~1-ecd4]:DecodeUtteranceLatticeFaster():decoder-wrappers.cc:286) Log-like per frame for utterance AMI_TS3012d_SDM_MTD048ME_0210404_0210417 is -0.830701 over 11 frames.
AMI_TS3012d_SDM_MTD048ME_0210982_0211157 MM 
LOG (latgen-faster-mapped[5.2.134~1-ecd4]:DecodeUtteranceLatticeFaster():decoder-wrappers.cc:286) Log-like per frame for utterance AMI_TS3012d_SDM_MTD048ME_0210982_0211157 is -0.30771 over 173 frames.
AMI_TS3012d_SDM_MTD048ME_0211560_0211713 NO 
LOG (latgen-faster-mapped[5.2.134~1-ecd4]:DecodeUtteranceLatticeFaster():decoder-wrappers.cc:286) Log-like per frame for utterance AMI_TS3012d_SDM_MTD048ME_0211560_0211713 is -0.418096 over 151 frames.
AMI_TS3012d_SDM_MTD048ME_0216500_0216562 <unk> 
LOG (latgen-faster-mapped[5.2.134~1-ecd4]:DecodeUtteranceLatticeFaster():decoder-wrappers.cc:286) Log-like per frame for utterance AMI_TS3012d_SDM_MTD048ME_0216500_0216562 is -0.225498 over 60 frames.
AMI_TS3012d_SDM_MTD048ME_0216844_0216914 HMM 
LOG (latgen-faster-mapped[5.2.134~1-ecd4]:DecodeUtteranceLatticeFaster():decoder-wrappers.cc:286) Log-like per frame for utterance AMI_TS3012d_SDM_MTD048ME_0216844_0216914 is -0.394615 over 68 frames.
AMI_TS3012d_SDM_MTD048ME_0217812_0218254 YEAH THAT'S TRUE I NEED TO IT 
LOG (latgen-faster-mapped[5.2.134~1-ecd4]:DecodeUtteranceLatticeFaster():decoder-wrappers.cc:286) Log-like per frame for utterance AMI_TS3012d_SDM_MTD048ME_0217812_0218254 is -0.416738 over 440 frames.
AMI_TS3012d_SDM_MTD048ME_0218254_0218576 SO UH 
LOG (latgen-faster-mapped[5.2.134~1-ecd4]:DecodeUtteranceLatticeFaster():decoder-wrappers.cc:286) Log-like per frame for utterance AMI_TS3012d_SDM_MTD048ME_0218254_0218576 is -0.173837 over 320 frames.
AMI_TS3012d_SDM_MTD048ME_0218881_0218938 BUT 
LOG (latgen-faster-mapped[5.2.134~1-ecd4]:DecodeUtteranceLatticeFaster():decoder-wrappers.cc:286) Log-like per frame for utterance AMI_TS3012d_SDM_MTD048ME_0218881_0218938 is -0.680234 over 55 frames.
AMI_TS3012d_SDM_MTD048ME_0219117_0219148 HMM 
LOG (latgen-faster-mapped[5.2.134~1-ecd4]:DecodeUtteranceLatticeFaster():decoder-wrappers.cc:286) Log-like per frame for utterance AMI_TS3012d_SDM_MTD048ME_0219117_0219148 is -0.543843 over 29 frames.
AMI_TS3012d_SDM_MTD048ME_0219369_0219406 OKAY 
LOG (latgen-faster-mapped[5.2.134~1-ecd4]:DecodeUtteranceLatticeFaster():decoder-wrappers.cc:286) Log-like per frame for utterance AMI_TS3012d_SDM_MTD048ME_0219369_0219406 is -0.448995 over 35 frames.
AMI_TS3012d_SDM_MTD048ME_0219558_0219617 <unk> 
LOG (latgen-faster-mapped[5.2.134~1-ecd4]:DecodeUtteranceLatticeFaster():decoder-wrappers.cc:286) Log-like per frame for utterance AMI_TS3012d_SDM_MTD048ME_0219558_0219617 is -0.297776 over 57 frames.
AMI_TS3012d_SDM_MTD048ME_0222151_0222205 YEAH 
LOG (latgen-faster-mapped[5.2.134~1-ecd4]:DecodeUtteranceLatticeFaster():decoder-wrappers.cc:286) Log-like per frame for utterance AMI_TS3012d_SDM_MTD048ME_0222151_0222205 is -0.354657 over 52 frames.
AMI_TS3012d_SDM_MTD048ME_0222319_0222398 <unk> 
LOG (latgen-faster-mapped[5.2.134~1-ecd4]:DecodeUtteranceLatticeFaster():decoder-wrappers.cc:286) Log-like per frame for utterance AMI_TS3012d_SDM_MTD048ME_0222319_0222398 is -0.407753 over 77 frames.
AMI_TS3012d_SDM_MTD048ME_0222398_0222517 IT'S ONE ONE 
LOG (latgen-faster-mapped[5.2.134~1-ecd4]:DecodeUtteranceLatticeFaster():decoder-wrappers.cc:286) Log-like per frame for utterance AMI_TS3012d_SDM_MTD048ME_0222398_0222517 is -0.371966 over 117 frames.
AMI_TS3012d_SDM_MTD048ME_0222641_0223083 THAT WAS THAT THING 
LOG (latgen-faster-mapped[5.2.134~1-ecd4]:DecodeUtteranceLatticeFaster():decoder-wrappers.cc:286) Log-like per frame for utterance AMI_TS3012d_SDM_MTD048ME_0222641_0223083 is -0.36237 over 440 frames.
AMI_TS3012d_SDM_MTD048ME_0223083_0223186 YEAH 
LOG (latgen-faster-mapped[5.2.134~1-ecd4]:DecodeUtteranceLatticeFaster():decoder-wrappers.cc:286) Log-like per frame for utterance AMI_TS3012d_SDM_MTD048ME_0223083_0223186 is -0.28079 over 101 frames.
AMI_TS3012d_SDM_MTD048ME_0227048_0227080 YEAH 
LOG (latgen-faster-mapped[5.2.134~1-ecd4]:DecodeUtteranceLatticeFaster():decoder-wrappers.cc:286) Log-like per frame for utterance AMI_TS3012d_SDM_MTD048ME_0227048_0227080 is -0.233795 over 30 frames.
AMI_TS3012d_SDM_MTD048ME_0227742_0227792 AH 
LOG (latgen-faster-mapped[5.2.134~1-ecd4]:DecodeUtteranceLatticeFaster():decoder-wrappers.cc:286) Log-like per frame for utterance AMI_TS3012d_SDM_MTD048ME_0227742_0227792 is -0.573024 over 48 frames.
AMI_TS3012d_SDM_MTD048ME_0228691_0228856 OH YEAH 
LOG (latgen-faster-mapped[5.2.134~1-ecd4]:DecodeUtteranceLatticeFaster():decoder-wrappers.cc:286) Log-like per frame for utterance AMI_TS3012d_SDM_MTD048ME_0228691_0228856 is -0.241821 over 163 frames.
AMI_TS3012d_SDM_MTD048ME_0229364_0229459 
LOG (latgen-faster-mapped[5.2.134~1-ecd4]:DecodeUtteranceLatticeFaster():decoder-wrappers.cc:286) Log-like per frame for utterance AMI_TS3012d_SDM_MTD048ME_0229364_0229459 is -0.389714 over 93 frames.
AMI_TS3012d_SDM_MTD048ME_0229459_0229845 <unk> 
LOG (latgen-faster-mapped[5.2.134~1-ecd4]:DecodeUtteranceLatticeFaster():decoder-wrappers.cc:286) Log-like per frame for utterance AMI_TS3012d_SDM_MTD048ME_0229459_0229845 is -0.205805 over 384 frames.
AMI_TS3012d_SDM_MTD048ME_0230011_0230278 <unk> 
LOG (latgen-faster-mapped[5.2.134~1-ecd4]:DecodeUtteranceLatticeFaster():decoder-wrappers.cc:286) Log-like per frame for utterance AMI_TS3012d_SDM_MTD048ME_0230011_0230278 is -0.236759 over 265 frames.
AMI_TS3012d_SDM_MTD048ME_0230278_0230313 YES 
LOG (latgen-faster-mapped[5.2.134~1-ecd4]:DecodeUtteranceLatticeFaster():decoder-wrappers.cc:286) Log-like per frame for utterance AMI_TS3012d_SDM_MTD048ME_0230278_0230313 is -0.379783 over 33 frames.
AMI_TS3012d_SDM_MTD048ME_0230804_0230825 YEAH 
LOG (latgen-faster-mapped[5.2.134~1-ecd4]:DecodeUtteranceLatticeFaster():decoder-wrappers.cc:286) Log-like per frame for utterance AMI_TS3012d_SDM_MTD048ME_0230804_0230825 is -0.73808 over 19 frames.
AMI_TS3012d_SDM_MTD048ME_0232390_0232439 YEAH 
LOG (latgen-faster-mapped[5.2.134~1-ecd4]:DecodeUtteranceLatticeFaster():decoder-wrappers.cc:286) Log-like per frame for utterance AMI_TS3012d_SDM_MTD048ME_0232390_0232439 is -0.228565 over 47 frames.
LOG (latgen-faster-mapped[5.2.134~1-ecd4]:main():latgen-faster-mapped.cc:164) Time taken 74.8806s: real-time factor assuming 100 frames/sec is 1.74955
LOG (latgen-faster-mapped[5.2.134~1-ecd4]:main():latgen-faster-mapped.cc:167) Done 33 utterances, failed for 0
LOG (latgen-faster-mapped[5.2.134~1-ecd4]:main():latgen-faster-mapped.cc:169) Overall log-likelihood per frame is -0.323549 over 4280 frames.
