Setting up environment...
Environment set up.
Training convolutional multidecoder...
Constructing model...
Done constructing model.
CNNMultidecoder (
  (encoder_conv): Sequential (
    (conv2d_0): Conv2d(1, 128, kernel_size=(3, 3), stride=(1, 1))
    (Tanh_0): Tanh ()
    (maxpool2d_0): MaxPool2d (size=(1, 3), stride=(1, 3), dilation=(1, 1))
    (conv2d_1): Conv2d(128, 256, kernel_size=(3, 3), stride=(1, 1))
    (Tanh_1): Tanh ()
    (maxpool2d_1): MaxPool2d (size=(1, 3), stride=(1, 3), dilation=(1, 1))
  )
  (encoder_fc): Sequential (
    (lin_0): Linear (14336 -> 2048)
    (Tanh_0): Tanh ()
    (lin_1): Linear (2048 -> 2048)
    (Tanh_1): Tanh ()
    (lin_final): Linear (2048 -> 1024)
    (Tanh_final): Tanh ()
  )
  (decoder_fc_ihm): Sequential (
    (lin_0): Linear (1024 -> 2048)
    (Tanh_0): Tanh ()
    (lin_1): Linear (2048 -> 2048)
    (Tanh_1): Tanh ()
    (lin_final): Linear (2048 -> 14336)
    (Tanh_final): Tanh ()
  )
  (decoder_deconv_ihm): Sequential (
    (maxunpool2d_0): MaxUnpool2d (size=(1, 3), stride=(1, 3), padding=(0, 0))
    (conv2d_0): Conv2d(256, 128, kernel_size=(3, 3), stride=(1, 1), padding=(2, 2))
    (Tanh_0): Tanh ()
    (maxunpool2d_1): MaxUnpool2d (size=(1, 3), stride=(1, 3), padding=(0, 0))
    (conv2d_1): Conv2d(128, 1, kernel_size=(3, 3), stride=(1, 1), padding=(2, 2))
    (Tanh_1): Tanh ()
  )
  (decoder_fc_sdm1): Sequential (
    (lin_0): Linear (1024 -> 2048)
    (Tanh_0): Tanh ()
    (lin_1): Linear (2048 -> 2048)
    (Tanh_1): Tanh ()
    (lin_final): Linear (2048 -> 14336)
    (Tanh_final): Tanh ()
  )
  (decoder_deconv_sdm1): Sequential (
    (maxunpool2d_0): MaxUnpool2d (size=(1, 3), stride=(1, 3), padding=(0, 0))
    (conv2d_0): Conv2d(256, 128, kernel_size=(3, 3), stride=(1, 1), padding=(2, 2))
    (Tanh_0): Tanh ()
    (maxunpool2d_1): MaxUnpool2d (size=(1, 3), stride=(1, 3), padding=(0, 0))
    (conv2d_1): Conv2d(128, 1, kernel_size=(3, 3), stride=(1, 1), padding=(2, 2))
    (Tanh_1): Tanh ()
  )
)
Setting up data...
Setting up training datasets...
Using 2407138 training features (18806 batches) for class ihm
Using 2407138 training features (18806 batches) for class sdm1
Setting up dev datasets...
Using 249565 dev features (1950 batches) for class ihm
Using 249565 dev features (1950 batches) for class sdm1
Setting up minibatch shuffling for training...
37612 total batches: {'ihm': 18806, 'sdm1': 18806}
Done setting up data.
Starting training!
Train epoch 1: [1000/37612 (2.7%)]	Loss: 0.375610
Train epoch 1: [2000/37612 (5.3%)]	Loss: 0.290187
Train epoch 1: [3000/37612 (8.0%)]	Loss: 0.260573
Train epoch 1: [4000/37612 (10.6%)]	Loss: 0.237355
Train epoch 1: [5000/37612 (13.3%)]	Loss: 0.228287
Train epoch 1: [6000/37612 (16.0%)]	Loss: 0.218434
Train epoch 1: [7000/37612 (18.6%)]	Loss: 0.213755
Train epoch 1: [8000/37612 (21.3%)]	Loss: 0.210501
Train epoch 1: [9000/37612 (23.9%)]	Loss: 0.205312
Train epoch 1: [10000/37612 (26.6%)]	Loss: 0.203408
Train epoch 1: [11000/37612 (29.2%)]	Loss: 0.201509
Train epoch 1: [12000/37612 (31.9%)]	Loss: 0.197502
Train epoch 1: [13000/37612 (34.6%)]	Loss: 0.194428
Train epoch 1: [14000/37612 (37.2%)]	Loss: 0.192424
Train epoch 1: [15000/37612 (39.9%)]	Loss: 0.190386
Train epoch 1: [16000/37612 (42.5%)]	Loss: 0.187678
Train epoch 1: [17000/37612 (45.2%)]	Loss: 0.185876
Train epoch 1: [18000/37612 (47.9%)]	Loss: 0.183938
Train epoch 1: [19000/37612 (50.5%)]	Loss: 0.182380
Train epoch 1: [20000/37612 (53.2%)]	Loss: 0.181505
Train epoch 1: [21000/37612 (55.8%)]	Loss: 0.180369
Train epoch 1: [22000/37612 (58.5%)]	Loss: 0.179289
Train epoch 1: [23000/37612 (61.2%)]	Loss: 0.177979
Train epoch 1: [24000/37612 (63.8%)]	Loss: 0.176793
Train epoch 1: [25000/37612 (66.5%)]	Loss: 0.175519
Train epoch 1: [26000/37612 (69.1%)]	Loss: 0.175030
Train epoch 1: [27000/37612 (71.8%)]	Loss: 0.174267
Train epoch 1: [28000/37612 (74.4%)]	Loss: 0.173744
Train epoch 1: [29000/37612 (77.1%)]	Loss: 0.173115
Train epoch 1: [30000/37612 (79.8%)]	Loss: 0.172455
Train epoch 1: [31000/37612 (82.4%)]	Loss: 0.171773
Train epoch 1: [32000/37612 (85.1%)]	Loss: 0.171245
Train epoch 1: [33000/37612 (87.7%)]	Loss: 0.170954
Train epoch 1: [34000/37612 (90.4%)]	Loss: 0.170725
Train epoch 1: [35000/37612 (93.1%)]	Loss: 0.170484
Train epoch 1: [36000/37612 (95.7%)]	Loss: 0.170213
Train epoch 1: [37000/37612 (98.4%)]	Loss: 0.170072
====> Epoch 1: Average train loss 0.170367
====> Dev set loss: 0.150175
New best dev set loss: 0.150175
Saved checkpoint for model
Train epoch 2: [1000/37612 (2.7%)]	Loss: 0.158951
Train epoch 2: [2000/37612 (5.3%)]	Loss: 0.152231
Train epoch 2: [3000/37612 (8.0%)]	Loss: 0.152661
Train epoch 2: [4000/37612 (10.6%)]	Loss: 0.149200
Train epoch 2: [5000/37612 (13.3%)]	Loss: 0.150056
Train epoch 2: [6000/37612 (16.0%)]	Loss: 0.149411
Train epoch 2: [7000/37612 (18.6%)]	Loss: 0.151281
Train epoch 2: [8000/37612 (21.3%)]	Loss: 0.152684
Train epoch 2: [9000/37612 (23.9%)]	Loss: 0.151217
Train epoch 2: [10000/37612 (26.6%)]	Loss: 0.153257
Train epoch 2: [11000/37612 (29.2%)]	Loss: 0.154289
Train epoch 2: [12000/37612 (31.9%)]	Loss: 0.153054
Train epoch 2: [13000/37612 (34.6%)]	Loss: 0.152417
Train epoch 2: [14000/37612 (37.2%)]	Loss: 0.152778
Train epoch 2: [15000/37612 (39.9%)]	Loss: 0.152259
Train epoch 2: [16000/37612 (42.5%)]	Loss: 0.151460
Train epoch 2: [17000/37612 (45.2%)]	Loss: 0.150908
Train epoch 2: [18000/37612 (47.9%)]	Loss: 0.150740
Train epoch 2: [19000/37612 (50.5%)]	Loss: 0.150322
Train epoch 2: [20000/37612 (53.2%)]	Loss: 0.151066
Train epoch 2: [21000/37612 (55.8%)]	Loss: 0.150731
Train epoch 2: [22000/37612 (58.5%)]	Loss: 0.150509
Train epoch 2: [23000/37612 (61.2%)]	Loss: 0.150129
Train epoch 2: [24000/37612 (63.8%)]	Loss: 0.149871
Train epoch 2: [25000/37612 (66.5%)]	Loss: 0.149368
Train epoch 2: [26000/37612 (69.1%)]	Loss: 0.149719
Train epoch 2: [27000/37612 (71.8%)]	Loss: 0.149609
Train epoch 2: [28000/37612 (74.4%)]	Loss: 0.149559
Train epoch 2: [29000/37612 (77.1%)]	Loss: 0.149565
Train epoch 2: [30000/37612 (79.8%)]	Loss: 0.149379
Train epoch 2: [31000/37612 (82.4%)]	Loss: 0.149282
Train epoch 2: [32000/37612 (85.1%)]	Loss: 0.149403
Train epoch 2: [33000/37612 (87.7%)]	Loss: 0.149663
Train epoch 2: [34000/37612 (90.4%)]	Loss: 0.150072
Train epoch 2: [35000/37612 (93.1%)]	Loss: 0.150053
Train epoch 2: [36000/37612 (95.7%)]	Loss: 0.150416
Train epoch 2: [37000/37612 (98.4%)]	Loss: 0.150576
====> Epoch 2: Average train loss 0.151098
====> Dev set loss: 0.148183
New best dev set loss: 0.148183
Saved checkpoint for model
Train epoch 3: [1000/37612 (2.7%)]	Loss: 0.157343
Train epoch 3: [2000/37612 (5.3%)]	Loss: 0.148673
Train epoch 3: [3000/37612 (8.0%)]	Loss: 0.148674
Train epoch 3: [4000/37612 (10.6%)]	Loss: 0.145296
Train epoch 3: [5000/37612 (13.3%)]	Loss: 0.146404
Train epoch 3: [6000/37612 (16.0%)]	Loss: 0.145507
Train epoch 3: [7000/37612 (18.6%)]	Loss: 0.147404
Train epoch 3: [8000/37612 (21.3%)]	Loss: 0.149286
Train epoch 3: [9000/37612 (23.9%)]	Loss: 0.147605
Train epoch 3: [10000/37612 (26.6%)]	Loss: 0.149562
Train epoch 3: [11000/37612 (29.2%)]	Loss: 0.150575
Train epoch 3: [12000/37612 (31.9%)]	Loss: 0.149565
Train epoch 3: [13000/37612 (34.6%)]	Loss: 0.148912
Train epoch 3: [14000/37612 (37.2%)]	Loss: 0.149294
Train epoch 3: [15000/37612 (39.9%)]	Loss: 0.148871
Train epoch 3: [16000/37612 (42.5%)]	Loss: 0.148171
Train epoch 3: [17000/37612 (45.2%)]	Loss: 0.147555
Train epoch 3: [18000/37612 (47.9%)]	Loss: 0.147369
Train epoch 3: [19000/37612 (50.5%)]	Loss: 0.147063
Train epoch 3: [20000/37612 (53.2%)]	Loss: 0.147503
Train epoch 3: [21000/37612 (55.8%)]	Loss: 0.147422
Train epoch 3: [22000/37612 (58.5%)]	Loss: 0.147290
Train epoch 3: [23000/37612 (61.2%)]	Loss: 0.146972
Train epoch 3: [24000/37612 (63.8%)]	Loss: 0.146655
Train epoch 3: [25000/37612 (66.5%)]	Loss: 0.146277
Train epoch 3: [26000/37612 (69.1%)]	Loss: 0.146602
Train epoch 3: [27000/37612 (71.8%)]	Loss: 0.146499
Train epoch 3: [28000/37612 (74.4%)]	Loss: 0.146506
Train epoch 3: [29000/37612 (77.1%)]	Loss: 0.146590
Train epoch 3: [30000/37612 (79.8%)]	Loss: 0.146479
Train epoch 3: [31000/37612 (82.4%)]	Loss: 0.146345
Train epoch 3: [32000/37612 (85.1%)]	Loss: 0.146563
Train epoch 3: [33000/37612 (87.7%)]	Loss: 0.146569
Train epoch 3: [34000/37612 (90.4%)]	Loss: 0.147155
Train epoch 3: [35000/37612 (93.1%)]	Loss: 0.147199
Train epoch 3: [36000/37612 (95.7%)]	Loss: 0.147451
Train epoch 3: [37000/37612 (98.4%)]	Loss: 0.147714
====> Epoch 3: Average train loss 0.148218
====> Dev set loss: 0.145926
New best dev set loss: 0.145926
Saved checkpoint for model
Train epoch 4: [1000/37612 (2.7%)]	Loss: 0.154317
Train epoch 4: [2000/37612 (5.3%)]	Loss: 0.146366
Train epoch 4: [3000/37612 (8.0%)]	Loss: 0.146663
Train epoch 4: [4000/37612 (10.6%)]	Loss: 0.142840
Train epoch 4: [5000/37612 (13.3%)]	Loss: 0.143637
Train epoch 4: [6000/37612 (16.0%)]	Loss: 0.143214
Train epoch 4: [7000/37612 (18.6%)]	Loss: 0.144903
Train epoch 4: [8000/37612 (21.3%)]	Loss: 0.146353
Train epoch 4: [9000/37612 (23.9%)]	Loss: 0.145177
Train epoch 4: [10000/37612 (26.6%)]	Loss: 0.147653
Train epoch 4: [11000/37612 (29.2%)]	Loss: 0.147918
Train epoch 4: [12000/37612 (31.9%)]	Loss: 0.147186
Train epoch 4: [13000/37612 (34.6%)]	Loss: 0.146834
Train epoch 4: [14000/37612 (37.2%)]	Loss: 0.146885
Train epoch 4: [15000/37612 (39.9%)]	Loss: 0.146710
Train epoch 4: [16000/37612 (42.5%)]	Loss: 0.145554
Train epoch 4: [17000/37612 (45.2%)]	Loss: 0.145341
Train epoch 4: [18000/37612 (47.9%)]	Loss: 0.144866
Train epoch 4: [19000/37612 (50.5%)]	Loss: 0.144583
Train epoch 4: [20000/37612 (53.2%)]	Loss: 0.145193
Train epoch 4: [21000/37612 (55.8%)]	Loss: 0.145065
Train epoch 4: [22000/37612 (58.5%)]	Loss: 0.144939
Train epoch 4: [23000/37612 (61.2%)]	Loss: 0.144558
Train epoch 4: [24000/37612 (63.8%)]	Loss: 0.144209
Train epoch 4: [25000/37612 (66.5%)]	Loss: 0.143887
Train epoch 4: [26000/37612 (69.1%)]	Loss: 0.144132
Train epoch 4: [27000/37612 (71.8%)]	Loss: 0.144110
Train epoch 4: [28000/37612 (74.4%)]	Loss: 0.144040
Train epoch 4: [29000/37612 (77.1%)]	Loss: 0.144219
Train epoch 4: [30000/37612 (79.8%)]	Loss: 0.144077
Train epoch 4: [31000/37612 (82.4%)]	Loss: 0.143957
Train epoch 4: [32000/37612 (85.1%)]	Loss: 0.144075
Train epoch 4: [33000/37612 (87.7%)]	Loss: 0.144264
Train epoch 4: [34000/37612 (90.4%)]	Loss: 0.144516
Train epoch 4: [35000/37612 (93.1%)]	Loss: 0.144855
Train epoch 4: [36000/37612 (95.7%)]	Loss: 0.144986
Train epoch 4: [37000/37612 (98.4%)]	Loss: 0.145296
====> Epoch 4: Average train loss 0.145830
====> Dev set loss: 0.142576
New best dev set loss: 0.142576
Saved checkpoint for model
Train epoch 5: [1000/37612 (2.7%)]	Loss: 0.152104
Train epoch 5: [2000/37612 (5.3%)]	Loss: 0.144113
Train epoch 5: [3000/37612 (8.0%)]	Loss: 0.144312
Train epoch 5: [4000/37612 (10.6%)]	Loss: 0.140755
Train epoch 5: [5000/37612 (13.3%)]	Loss: 0.141764
Train epoch 5: [6000/37612 (16.0%)]	Loss: 0.140946
Train epoch 5: [7000/37612 (18.6%)]	Loss: 0.142669
Train epoch 5: [8000/37612 (21.3%)]	Loss: 0.142986
Train epoch 5: [9000/37612 (23.9%)]	Loss: 0.143485
Train epoch 5: [10000/37612 (26.6%)]	Loss: 0.145610
Train epoch 5: [11000/37612 (29.2%)]	Loss: 0.146052
Train epoch 5: [12000/37612 (31.9%)]	Loss: 0.145280
Train epoch 5: [13000/37612 (34.6%)]	Loss: 0.144908
Train epoch 5: [14000/37612 (37.2%)]	Loss: 0.144928
Train epoch 5: [15000/37612 (39.9%)]	Loss: 0.144727
Train epoch 5: [16000/37612 (42.5%)]	Loss: 0.143759
Train epoch 5: [17000/37612 (45.2%)]	Loss: 0.143497
Train epoch 5: [18000/37612 (47.9%)]	Loss: 0.143072
Train epoch 5: [19000/37612 (50.5%)]	Loss: 0.142759
Train epoch 5: [20000/37612 (53.2%)]	Loss: 0.143176
Train epoch 5: [21000/37612 (55.8%)]	Loss: 0.143139
Train epoch 5: [22000/37612 (58.5%)]	Loss: 0.143044
Train epoch 5: [23000/37612 (61.2%)]	Loss: 0.142656
Train epoch 5: [24000/37612 (63.8%)]	Loss: 0.142387
Train epoch 5: [25000/37612 (66.5%)]	Loss: 0.142037
Train epoch 5: [26000/37612 (69.1%)]	Loss: 0.142360
Train epoch 5: [27000/37612 (71.8%)]	Loss: 0.142288
Train epoch 5: [28000/37612 (74.4%)]	Loss: 0.142313
Train epoch 5: [29000/37612 (77.1%)]	Loss: 0.142364
Train epoch 5: [30000/37612 (79.8%)]	Loss: 0.142174
Train epoch 5: [31000/37612 (82.4%)]	Loss: 0.142171
Train epoch 5: [32000/37612 (85.1%)]	Loss: 0.142429
Train epoch 5: [33000/37612 (87.7%)]	Loss: 0.142550
Train epoch 5: [34000/37612 (90.4%)]	Loss: 0.143066
Train epoch 5: [35000/37612 (93.1%)]	Loss: 0.143069
Train epoch 5: [36000/37612 (95.7%)]	Loss: 0.143366
Train epoch 5: [37000/37612 (98.4%)]	Loss: 0.143609
====> Epoch 5: Average train loss 0.144175
====> Dev set loss: 0.144047
No improvement in 1 epochs (best dev set loss: 0.142576)
Not saving checkpoint; no improvement made
Train epoch 6: [1000/37612 (2.7%)]	Loss: 0.149248
Train epoch 6: [2000/37612 (5.3%)]	Loss: 0.143438
Train epoch 6: [3000/37612 (8.0%)]	Loss: 0.142929
Train epoch 6: [4000/37612 (10.6%)]	Loss: 0.139486
Train epoch 6: [5000/37612 (13.3%)]	Loss: 0.140585
Train epoch 6: [6000/37612 (16.0%)]	Loss: 0.139860
Train epoch 6: [7000/37612 (18.6%)]	Loss: 0.141700
Train epoch 6: [8000/37612 (21.3%)]	Loss: 0.142759
Train epoch 6: [9000/37612 (23.9%)]	Loss: 0.142044
Train epoch 6: [10000/37612 (26.6%)]	Loss: 0.144076
Train epoch 6: [11000/37612 (29.2%)]	Loss: 0.145115
Train epoch 6: [12000/37612 (31.9%)]	Loss: 0.144001
Train epoch 6: [13000/37612 (34.6%)]	Loss: 0.143390
Train epoch 6: [14000/37612 (37.2%)]	Loss: 0.143837
Train epoch 6: [15000/37612 (39.9%)]	Loss: 0.143468
Train epoch 6: [16000/37612 (42.5%)]	Loss: 0.142654
Train epoch 6: [17000/37612 (45.2%)]	Loss: 0.142328
Train epoch 6: [18000/37612 (47.9%)]	Loss: 0.142081
Train epoch 6: [19000/37612 (50.5%)]	Loss: 0.141608
Train epoch 6: [20000/37612 (53.2%)]	Loss: 0.142079
Train epoch 6: [21000/37612 (55.8%)]	Loss: 0.142084
Train epoch 6: [22000/37612 (58.5%)]	Loss: 0.141897
Train epoch 6: [23000/37612 (61.2%)]	Loss: 0.141641
Train epoch 6: [24000/37612 (63.8%)]	Loss: 0.141506
Train epoch 6: [25000/37612 (66.5%)]	Loss: 0.140904
Train epoch 6: [26000/37612 (69.1%)]	Loss: 0.141265
Train epoch 6: [27000/37612 (71.8%)]	Loss: 0.141233
Train epoch 6: [28000/37612 (74.4%)]	Loss: 0.141215
Train epoch 6: [29000/37612 (77.1%)]	Loss: 0.141332
Train epoch 6: [30000/37612 (79.8%)]	Loss: 0.141128
Train epoch 6: [31000/37612 (82.4%)]	Loss: 0.141075
Train epoch 6: [32000/37612 (85.1%)]	Loss: 0.141233
Train epoch 6: [33000/37612 (87.7%)]	Loss: 0.141458
Train epoch 6: [34000/37612 (90.4%)]	Loss: 0.141975
Train epoch 6: [35000/37612 (93.1%)]	Loss: 0.142031
Train epoch 6: [36000/37612 (95.7%)]	Loss: 0.142221
Train epoch 6: [37000/37612 (98.4%)]	Loss: 0.142548
====> Epoch 6: Average train loss 0.143090
====> Dev set loss: 0.143083
No improvement in 2 epochs (best dev set loss: 0.142576)
Not saving checkpoint; no improvement made
Train epoch 7: [1000/37612 (2.7%)]	Loss: 0.149838
Train epoch 7: [2000/37612 (5.3%)]	Loss: 0.141988
Train epoch 7: [3000/37612 (8.0%)]	Loss: 0.141857
Train epoch 7: [4000/37612 (10.6%)]	Loss: 0.138572
Train epoch 7: [5000/37612 (13.3%)]	Loss: 0.139586
Train epoch 7: [6000/37612 (16.0%)]	Loss: 0.138826
Train epoch 7: [7000/37612 (18.6%)]	Loss: 0.140635
Train epoch 7: [8000/37612 (21.3%)]	Loss: 0.142178
Train epoch 7: [9000/37612 (23.9%)]	Loss: 0.140964
Train epoch 7: [10000/37612 (26.6%)]	Loss: 0.142984
Train epoch 7: [11000/37612 (29.2%)]	Loss: 0.143904
Train epoch 7: [12000/37612 (31.9%)]	Loss: 0.143012
Train epoch 7: [13000/37612 (34.6%)]	Loss: 0.142453
Train epoch 7: [14000/37612 (37.2%)]	Loss: 0.142861
Train epoch 7: [15000/37612 (39.9%)]	Loss: 0.143429
Train epoch 7: [16000/37612 (42.5%)]	Loss: 0.142534
Train epoch 7: [17000/37612 (45.2%)]	Loss: 0.141862
Train epoch 7: [18000/37612 (47.9%)]	Loss: 0.141587
Train epoch 7: [19000/37612 (50.5%)]	Loss: 0.141186
Train epoch 7: [20000/37612 (53.2%)]	Loss: 0.141940
Train epoch 7: [21000/37612 (55.8%)]	Loss: 0.141549
Train epoch 7: [22000/37612 (58.5%)]	Loss: 0.141397
Train epoch 7: [23000/37612 (61.2%)]	Loss: 0.141064
Train epoch 7: [24000/37612 (63.8%)]	Loss: 0.140825
Train epoch 7: [25000/37612 (66.5%)]	Loss: 0.140351
Train epoch 7: [26000/37612 (69.1%)]	Loss: 0.140715
Train epoch 7: [27000/37612 (71.8%)]	Loss: 0.140638
Train epoch 7: [28000/37612 (74.4%)]	Loss: 0.140552
Train epoch 7: [29000/37612 (77.1%)]	Loss: 0.140683
Train epoch 7: [30000/37612 (79.8%)]	Loss: 0.140476
Train epoch 7: [31000/37612 (82.4%)]	Loss: 0.140486
Train epoch 7: [32000/37612 (85.1%)]	Loss: 0.140640
Train epoch 7: [33000/37612 (87.7%)]	Loss: 0.140894
Train epoch 7: [34000/37612 (90.4%)]	Loss: 0.141385
Train epoch 7: [35000/37612 (93.1%)]	Loss: 0.141409
Train epoch 7: [36000/37612 (95.7%)]	Loss: 0.141717
Train epoch 7: [37000/37612 (98.4%)]	Loss: 0.141987
====> Epoch 7: Average train loss 0.142526
====> Dev set loss: 0.140598
New best dev set loss: 0.140598
Saved checkpoint for model
Train epoch 8: [1000/37612 (2.7%)]	Loss: 0.150066
Train epoch 8: [2000/37612 (5.3%)]	Loss: 0.141503
Train epoch 8: [3000/37612 (8.0%)]	Loss: 0.141845
Train epoch 8: [4000/37612 (10.6%)]	Loss: 0.138076
Train epoch 8: [5000/37612 (13.3%)]	Loss: 0.139235
Train epoch 8: [6000/37612 (16.0%)]	Loss: 0.138638
Train epoch 8: [7000/37612 (18.6%)]	Loss: 0.140399
Train epoch 8: [8000/37612 (21.3%)]	Loss: 0.141700
Train epoch 8: [9000/37612 (23.9%)]	Loss: 0.140473
Train epoch 8: [10000/37612 (26.6%)]	Loss: 0.142520
Train epoch 8: [11000/37612 (29.2%)]	Loss: 0.143651
Train epoch 8: [12000/37612 (31.9%)]	Loss: 0.142438
Train epoch 8: [13000/37612 (34.6%)]	Loss: 0.141757
Train epoch 8: [14000/37612 (37.2%)]	Loss: 0.142309
Train epoch 8: [15000/37612 (39.9%)]	Loss: 0.141779
Train epoch 8: [16000/37612 (42.5%)]	Loss: 0.141199
Train epoch 8: [17000/37612 (45.2%)]	Loss: 0.140722
Train epoch 8: [18000/37612 (47.9%)]	Loss: 0.140291
Train epoch 8: [19000/37612 (50.5%)]	Loss: 0.140101
Train epoch 8: [20000/37612 (53.2%)]	Loss: 0.140835
Train epoch 8: [21000/37612 (55.8%)]	Loss: 0.140755
Train epoch 8: [22000/37612 (58.5%)]	Loss: 0.140556
Train epoch 8: [23000/37612 (61.2%)]	Loss: 0.140197
Train epoch 8: [24000/37612 (63.8%)]	Loss: 0.140222
Train epoch 8: [25000/37612 (66.5%)]	Loss: 0.139514
Train epoch 8: [26000/37612 (69.1%)]	Loss: 0.139876
Train epoch 8: [27000/37612 (71.8%)]	Loss: 0.139880
Train epoch 8: [28000/37612 (74.4%)]	Loss: 0.139865
Train epoch 8: [29000/37612 (77.1%)]	Loss: 0.139941
Train epoch 8: [30000/37612 (79.8%)]	Loss: 0.139816
Train epoch 8: [31000/37612 (82.4%)]	Loss: 0.139712
Train epoch 8: [32000/37612 (85.1%)]	Loss: 0.139961
Train epoch 8: [33000/37612 (87.7%)]	Loss: 0.140145
Train epoch 8: [34000/37612 (90.4%)]	Loss: 0.140493
Train epoch 8: [35000/37612 (93.1%)]	Loss: 0.140690
Train epoch 8: [36000/37612 (95.7%)]	Loss: 0.140951
Train epoch 8: [37000/37612 (98.4%)]	Loss: 0.141250
====> Epoch 8: Average train loss 0.141777
====> Dev set loss: 0.139371
New best dev set loss: 0.139371
Saved checkpoint for model
Train epoch 9: [1000/37612 (2.7%)]	Loss: 0.148137
Train epoch 9: [2000/37612 (5.3%)]	Loss: 0.141158
Train epoch 9: [3000/37612 (8.0%)]	Loss: 0.140851
Train epoch 9: [4000/37612 (10.6%)]	Loss: 0.137407
Train epoch 9: [5000/37612 (13.3%)]	Loss: 0.138623
Train epoch 9: [6000/37612 (16.0%)]	Loss: 0.137911
Train epoch 9: [7000/37612 (18.6%)]	Loss: 0.139577
Train epoch 9: [8000/37612 (21.3%)]	Loss: 0.140847
Train epoch 9: [9000/37612 (23.9%)]	Loss: 0.139939
Train epoch 9: [10000/37612 (26.6%)]	Loss: 0.141895
Train epoch 9: [11000/37612 (29.2%)]	Loss: 0.142974
Train epoch 9: [12000/37612 (31.9%)]	Loss: 0.141974
Train epoch 9: [13000/37612 (34.6%)]	Loss: 0.141328
Train epoch 9: [14000/37612 (37.2%)]	Loss: 0.141794
Train epoch 9: [15000/37612 (39.9%)]	Loss: 0.141459
Train epoch 9: [16000/37612 (42.5%)]	Loss: 0.140766
Train epoch 9: [17000/37612 (45.2%)]	Loss: 0.140105
Train epoch 9: [18000/37612 (47.9%)]	Loss: 0.139852
Train epoch 9: [19000/37612 (50.5%)]	Loss: 0.139526
Train epoch 9: [20000/37612 (53.2%)]	Loss: 0.140453
Train epoch 9: [21000/37612 (55.8%)]	Loss: 0.140200
Train epoch 9: [22000/37612 (58.5%)]	Loss: 0.139990
Train epoch 9: [23000/37612 (61.2%)]	Loss: 0.139609
Train epoch 9: [24000/37612 (63.8%)]	Loss: 0.139623
Train epoch 9: [25000/37612 (66.5%)]	Loss: 0.138940
Train epoch 9: [26000/37612 (69.1%)]	Loss: 0.139245
Train epoch 9: [27000/37612 (71.8%)]	Loss: 0.139252
Train epoch 9: [28000/37612 (74.4%)]	Loss: 0.139282
Train epoch 9: [29000/37612 (77.1%)]	Loss: 0.139374
Train epoch 9: [30000/37612 (79.8%)]	Loss: 0.139161
Train epoch 9: [31000/37612 (82.4%)]	Loss: 0.139161
Train epoch 9: [32000/37612 (85.1%)]	Loss: 0.139351
Train epoch 9: [33000/37612 (87.7%)]	Loss: 0.139560
Train epoch 9: [34000/37612 (90.4%)]	Loss: 0.139968
Train epoch 9: [35000/37612 (93.1%)]	Loss: 0.140090
Train epoch 9: [36000/37612 (95.7%)]	Loss: 0.140365
Train epoch 9: [37000/37612 (98.4%)]	Loss: 0.140628
====> Epoch 9: Average train loss 0.141174
====> Dev set loss: 0.138456
New best dev set loss: 0.138456
Saved checkpoint for model
Train epoch 10: [1000/37612 (2.7%)]	Loss: 0.149749
Train epoch 10: [2000/37612 (5.3%)]	Loss: 0.143158
Train epoch 10: [3000/37612 (8.0%)]	Loss: 0.142634
Train epoch 10: [4000/37612 (10.6%)]	Loss: 0.138273
Train epoch 10: [5000/37612 (13.3%)]	Loss: 0.138754
Train epoch 10: [6000/37612 (16.0%)]	Loss: 0.138257
Train epoch 10: [7000/37612 (18.6%)]	Loss: 0.139214
Train epoch 10: [8000/37612 (21.3%)]	Loss: 0.139196
Train epoch 10: [9000/37612 (23.9%)]	Loss: 0.139857
Train epoch 10: [10000/37612 (26.6%)]	Loss: 0.141882
Train epoch 10: [11000/37612 (29.2%)]	Loss: 0.142411
Train epoch 10: [12000/37612 (31.9%)]	Loss: 0.141682
Train epoch 10: [13000/37612 (34.6%)]	Loss: 0.141445
Train epoch 10: [14000/37612 (37.2%)]	Loss: 0.141312
Train epoch 10: [15000/37612 (39.9%)]	Loss: 0.141126
Train epoch 10: [16000/37612 (42.5%)]	Loss: 0.140096
Train epoch 10: [17000/37612 (45.2%)]	Loss: 0.139803
Train epoch 10: [18000/37612 (47.9%)]	Loss: 0.139405
Train epoch 10: [19000/37612 (50.5%)]	Loss: 0.139118
Train epoch 10: [20000/37612 (53.2%)]	Loss: 0.139743
Train epoch 10: [21000/37612 (55.8%)]	Loss: 0.139694
Train epoch 10: [22000/37612 (58.5%)]	Loss: 0.139485
Train epoch 10: [23000/37612 (61.2%)]	Loss: 0.139175
Train epoch 10: [24000/37612 (63.8%)]	Loss: 0.138825
Train epoch 10: [25000/37612 (66.5%)]	Loss: 0.138537
Train epoch 10: [26000/37612 (69.1%)]	Loss: 0.138833
Train epoch 10: [27000/37612 (71.8%)]	Loss: 0.138788
Train epoch 10: [28000/37612 (74.4%)]	Loss: 0.138759
Train epoch 10: [29000/37612 (77.1%)]	Loss: 0.138909
Train epoch 10: [30000/37612 (79.8%)]	Loss: 0.138745
Train epoch 10: [31000/37612 (82.4%)]	Loss: 0.138734
Train epoch 10: [32000/37612 (85.1%)]	Loss: 0.138804
Train epoch 10: [33000/37612 (87.7%)]	Loss: 0.139047
Train epoch 10: [34000/37612 (90.4%)]	Loss: 0.139470
Train epoch 10: [35000/37612 (93.1%)]	Loss: 0.139653
Train epoch 10: [36000/37612 (95.7%)]	Loss: 0.139909
Train epoch 10: [37000/37612 (98.4%)]	Loss: 0.140204
====> Epoch 10: Average train loss 0.140768
====> Dev set loss: 0.138064
New best dev set loss: 0.138064
Saved checkpoint for model
Train epoch 11: [1000/37612 (2.7%)]	Loss: 0.148058
Train epoch 11: [2000/37612 (5.3%)]	Loss: 0.139915
Train epoch 11: [3000/37612 (8.0%)]	Loss: 0.140570
Train epoch 11: [4000/37612 (10.6%)]	Loss: 0.136573
Train epoch 11: [5000/37612 (13.3%)]	Loss: 0.137593
Train epoch 11: [6000/37612 (16.0%)]	Loss: 0.136876
Train epoch 11: [7000/37612 (18.6%)]	Loss: 0.138409
Train epoch 11: [8000/37612 (21.3%)]	Loss: 0.139727
Train epoch 11: [9000/37612 (23.9%)]	Loss: 0.139144
Train epoch 11: [10000/37612 (26.6%)]	Loss: 0.141517
Train epoch 11: [11000/37612 (29.2%)]	Loss: 0.141900
Train epoch 11: [12000/37612 (31.9%)]	Loss: 0.141061
Train epoch 11: [13000/37612 (34.6%)]	Loss: 0.140472
Train epoch 11: [14000/37612 (37.2%)]	Loss: 0.140794
Train epoch 11: [15000/37612 (39.9%)]	Loss: 0.140384
Train epoch 11: [16000/37612 (42.5%)]	Loss: 0.139752
Train epoch 11: [17000/37612 (45.2%)]	Loss: 0.139169
Train epoch 11: [18000/37612 (47.9%)]	Loss: 0.139106
Train epoch 11: [19000/37612 (50.5%)]	Loss: 0.138675
Train epoch 11: [20000/37612 (53.2%)]	Loss: 0.139485
Train epoch 11: [21000/37612 (55.8%)]	Loss: 0.139184
Train epoch 11: [22000/37612 (58.5%)]	Loss: 0.139032
Train epoch 11: [23000/37612 (61.2%)]	Loss: 0.138738
Train epoch 11: [24000/37612 (63.8%)]	Loss: 0.138631
Train epoch 11: [25000/37612 (66.5%)]	Loss: 0.138056
Train epoch 11: [26000/37612 (69.1%)]	Loss: 0.138388
Train epoch 11: [27000/37612 (71.8%)]	Loss: 0.138416
Train epoch 11: [28000/37612 (74.4%)]	Loss: 0.138389
Train epoch 11: [29000/37612 (77.1%)]	Loss: 0.138515
Train epoch 11: [30000/37612 (79.8%)]	Loss: 0.138401
Train epoch 11: [31000/37612 (82.4%)]	Loss: 0.138301
Train epoch 11: [32000/37612 (85.1%)]	Loss: 0.138559
Train epoch 11: [33000/37612 (87.7%)]	Loss: 0.138708
Train epoch 11: [34000/37612 (90.4%)]	Loss: 0.139219
Train epoch 11: [35000/37612 (93.1%)]	Loss: 0.139314
Train epoch 11: [36000/37612 (95.7%)]	Loss: 0.139498
Train epoch 11: [37000/37612 (98.4%)]	Loss: 0.139859
====> Epoch 11: Average train loss 0.140408
====> Dev set loss: 0.138365
No improvement in 1 epochs (best dev set loss: 0.138064)
Not saving checkpoint; no improvement made
Train epoch 12: [1000/37612 (2.7%)]	Loss: 0.148720
Train epoch 12: [2000/37612 (5.3%)]	Loss: 0.139631
Train epoch 12: [3000/37612 (8.0%)]	Loss: 0.145225
Train epoch 12: [4000/37612 (10.6%)]	Loss: 0.140327
Train epoch 12: [5000/37612 (13.3%)]	Loss: 0.140397
Train epoch 12: [6000/37612 (16.0%)]	Loss: 0.139350
Train epoch 12: [7000/37612 (18.6%)]	Loss: 0.139899
Train epoch 12: [8000/37612 (21.3%)]	Loss: 0.140977
Train epoch 12: [9000/37612 (23.9%)]	Loss: 0.140353
Train epoch 12: [10000/37612 (26.6%)]	Loss: 0.142351
Train epoch 12: [11000/37612 (29.2%)]	Loss: 0.142695
Train epoch 12: [12000/37612 (31.9%)]	Loss: 0.141750
Train epoch 12: [13000/37612 (34.6%)]	Loss: 0.141063
Train epoch 12: [14000/37612 (37.2%)]	Loss: 0.141418
Train epoch 12: [15000/37612 (39.9%)]	Loss: 0.140985
Train epoch 12: [16000/37612 (42.5%)]	Loss: 0.140216
Train epoch 12: [17000/37612 (45.2%)]	Loss: 0.139644
Train epoch 12: [18000/37612 (47.9%)]	Loss: 0.139407
Train epoch 12: [19000/37612 (50.5%)]	Loss: 0.139037
Train epoch 12: [20000/37612 (53.2%)]	Loss: 0.139901
Train epoch 12: [21000/37612 (55.8%)]	Loss: 0.139627
Train epoch 12: [22000/37612 (58.5%)]	Loss: 0.139406
Train epoch 12: [23000/37612 (61.2%)]	Loss: 0.139059
Train epoch 12: [24000/37612 (63.8%)]	Loss: 0.139062
Train epoch 12: [25000/37612 (66.5%)]	Loss: 0.138316
Train epoch 12: [26000/37612 (69.1%)]	Loss: 0.138639
Train epoch 12: [27000/37612 (71.8%)]	Loss: 0.138647
Train epoch 12: [28000/37612 (74.4%)]	Loss: 0.138765
Train epoch 12: [29000/37612 (77.1%)]	Loss: 0.138595
Train epoch 12: [30000/37612 (79.8%)]	Loss: 0.138622
Train epoch 12: [31000/37612 (82.4%)]	Loss: 0.138614
Train epoch 12: [32000/37612 (85.1%)]	Loss: 0.138776
Train epoch 12: [33000/37612 (87.7%)]	Loss: 0.138873
Train epoch 12: [34000/37612 (90.4%)]	Loss: 0.139422
Train epoch 12: [35000/37612 (93.1%)]	Loss: 0.139435
Train epoch 12: [36000/37612 (95.7%)]	Loss: 0.139743
Train epoch 12: [37000/37612 (98.4%)]	Loss: 0.140018
====> Epoch 12: Average train loss 0.140570
====> Dev set loss: 0.137944
New best dev set loss: 0.137944
Saved checkpoint for model
Train epoch 13: [1000/37612 (2.7%)]	Loss: 0.148544
Train epoch 13: [2000/37612 (5.3%)]	Loss: 0.139351
Train epoch 13: [3000/37612 (8.0%)]	Loss: 0.139637
Train epoch 13: [4000/37612 (10.6%)]	Loss: 0.136150
Train epoch 13: [5000/37612 (13.3%)]	Loss: 0.136843
Train epoch 13: [6000/37612 (16.0%)]	Loss: 0.136555
Train epoch 13: [7000/37612 (18.6%)]	Loss: 0.138140
Train epoch 13: [8000/37612 (21.3%)]	Loss: 0.139327
Train epoch 13: [9000/37612 (23.9%)]	Loss: 0.138653
Train epoch 13: [10000/37612 (26.6%)]	Loss: 0.140683
Train epoch 13: [11000/37612 (29.2%)]	Loss: 0.143244
Train epoch 13: [12000/37612 (31.9%)]	Loss: 0.142961
Train epoch 13: [13000/37612 (34.6%)]	Loss: 0.142184
Train epoch 13: [14000/37612 (37.2%)]	Loss: 0.142362
Train epoch 13: [15000/37612 (39.9%)]	Loss: 0.141846
Train epoch 13: [16000/37612 (42.5%)]	Loss: 0.140926
Train epoch 13: [17000/37612 (45.2%)]	Loss: 0.140152
Train epoch 13: [18000/37612 (47.9%)]	Loss: 0.139937
Train epoch 13: [19000/37612 (50.5%)]	Loss: 0.139428
Train epoch 13: [20000/37612 (53.2%)]	Loss: 0.140213
Train epoch 13: [21000/37612 (55.8%)]	Loss: 0.139818
Train epoch 13: [22000/37612 (58.5%)]	Loss: 0.139593
Train epoch 13: [23000/37612 (61.2%)]	Loss: 0.139241
Train epoch 13: [24000/37612 (63.8%)]	Loss: 0.139222
Train epoch 13: [25000/37612 (66.5%)]	Loss: 0.138543
Train epoch 13: [26000/37612 (69.1%)]	Loss: 0.138781
Train epoch 13: [27000/37612 (71.8%)]	Loss: 0.138815
Train epoch 13: [28000/37612 (74.4%)]	Loss: 0.138892
Train epoch 13: [29000/37612 (77.1%)]	Loss: 0.138693
Train epoch 13: [30000/37612 (79.8%)]	Loss: 0.138714
Train epoch 13: [31000/37612 (82.4%)]	Loss: 0.138761
Train epoch 13: [32000/37612 (85.1%)]	Loss: 0.138888
Train epoch 13: [33000/37612 (87.7%)]	Loss: 0.138901
Train epoch 13: [34000/37612 (90.4%)]	Loss: 0.139514
Train epoch 13: [35000/37612 (93.1%)]	Loss: 0.139513
Train epoch 13: [36000/37612 (95.7%)]	Loss: 0.139851
Train epoch 13: [37000/37612 (98.4%)]	Loss: 0.140106
====> Epoch 13: Average train loss 0.140638
====> Dev set loss: 0.139066
No improvement in 1 epochs (best dev set loss: 0.137944)
Not saving checkpoint; no improvement made
Train epoch 14: [1000/37612 (2.7%)]	Loss: 0.146709
Train epoch 14: [2000/37612 (5.3%)]	Loss: 0.139570
Train epoch 14: [3000/37612 (8.0%)]	Loss: 0.139751
Train epoch 14: [4000/37612 (10.6%)]	Loss: 0.136117
Train epoch 14: [5000/37612 (13.3%)]	Loss: 0.136905
Train epoch 14: [6000/37612 (16.0%)]	Loss: 0.136654
Train epoch 14: [7000/37612 (18.6%)]	Loss: 0.138214
Train epoch 14: [8000/37612 (21.3%)]	Loss: 0.139047
Train epoch 14: [9000/37612 (23.9%)]	Loss: 0.139054
Train epoch 14: [10000/37612 (26.6%)]	Loss: 0.141079
Train epoch 14: [11000/37612 (29.2%)]	Loss: 0.141643
Train epoch 14: [12000/37612 (31.9%)]	Loss: 0.140665
Train epoch 14: [13000/37612 (34.6%)]	Loss: 0.140174
Train epoch 14: [14000/37612 (37.2%)]	Loss: 0.140451
Train epoch 14: [15000/37612 (39.9%)]	Loss: 0.140222
Train epoch 14: [16000/37612 (42.5%)]	Loss: 0.139664
Train epoch 14: [17000/37612 (45.2%)]	Loss: 0.139083
Train epoch 14: [18000/37612 (47.9%)]	Loss: 0.138723
Train epoch 14: [19000/37612 (50.5%)]	Loss: 0.138283
Train epoch 14: [20000/37612 (53.2%)]	Loss: 0.139169
Train epoch 14: [21000/37612 (55.8%)]	Loss: 0.138939
Train epoch 14: [22000/37612 (58.5%)]	Loss: 0.138692
Train epoch 14: [23000/37612 (61.2%)]	Loss: 0.138289
Train epoch 14: [24000/37612 (63.8%)]	Loss: 0.138330
Train epoch 14: [25000/37612 (66.5%)]	Loss: 0.137574
Train epoch 14: [26000/37612 (69.1%)]	Loss: 0.137955
Train epoch 14: [27000/37612 (71.8%)]	Loss: 0.138014
Train epoch 14: [28000/37612 (74.4%)]	Loss: 0.138039
Train epoch 14: [29000/37612 (77.1%)]	Loss: 0.137963
Train epoch 14: [30000/37612 (79.8%)]	Loss: 0.137999
Train epoch 14: [31000/37612 (82.4%)]	Loss: 0.137904
Train epoch 14: [32000/37612 (85.1%)]	Loss: 0.138096
Train epoch 14: [33000/37612 (87.7%)]	Loss: 0.138318
Train epoch 14: [34000/37612 (90.4%)]	Loss: 0.138857
Train epoch 14: [35000/37612 (93.1%)]	Loss: 0.138865
Train epoch 14: [36000/37612 (95.7%)]	Loss: 0.139213
Train epoch 14: [37000/37612 (98.4%)]	Loss: 0.139478
====> Epoch 14: Average train loss 0.140036
====> Dev set loss: 0.137431
New best dev set loss: 0.137431
Saved checkpoint for model
Train epoch 15: [1000/37612 (2.7%)]	Loss: 0.145922
Train epoch 15: [2000/37612 (5.3%)]	Loss: 0.139322
Train epoch 15: [3000/37612 (8.0%)]	Loss: 0.139460
Train epoch 15: [4000/37612 (10.6%)]	Loss: 0.136197
Train epoch 15: [5000/37612 (13.3%)]	Loss: 0.136712
Train epoch 15: [6000/37612 (16.0%)]	Loss: 0.136267
Train epoch 15: [7000/37612 (18.6%)]	Loss: 0.138071
Train epoch 15: [8000/37612 (21.3%)]	Loss: 0.139717
Train epoch 15: [9000/37612 (23.9%)]	Loss: 0.138562
Train epoch 15: [10000/37612 (26.6%)]	Loss: 0.140402
Train epoch 15: [11000/37612 (29.2%)]	Loss: 0.141514
Train epoch 15: [12000/37612 (31.9%)]	Loss: 0.140489
Train epoch 15: [13000/37612 (34.6%)]	Loss: 0.139822
Train epoch 15: [14000/37612 (37.2%)]	Loss: 0.140378
Train epoch 15: [15000/37612 (39.9%)]	Loss: 0.139968
Train epoch 15: [16000/37612 (42.5%)]	Loss: 0.139219
Train epoch 15: [17000/37612 (45.2%)]	Loss: 0.138681
Train epoch 15: [18000/37612 (47.9%)]	Loss: 0.138436
Train epoch 15: [19000/37612 (50.5%)]	Loss: 0.138083
Train epoch 15: [20000/37612 (53.2%)]	Loss: 0.139022
Train epoch 15: [21000/37612 (55.8%)]	Loss: 0.138809
Train epoch 15: [22000/37612 (58.5%)]	Loss: 0.138629
Train epoch 15: [23000/37612 (61.2%)]	Loss: 0.138082
Train epoch 15: [24000/37612 (63.8%)]	Loss: 0.138151
Train epoch 15: [25000/37612 (66.5%)]	Loss: 0.137634
Train epoch 15: [26000/37612 (69.1%)]	Loss: 0.137775
Train epoch 15: [27000/37612 (71.8%)]	Loss: 0.137913
Train epoch 15: [28000/37612 (74.4%)]	Loss: 0.137849
Train epoch 15: [29000/37612 (77.1%)]	Loss: 0.137720
Train epoch 15: [30000/37612 (79.8%)]	Loss: 0.137820
Train epoch 15: [31000/37612 (82.4%)]	Loss: 0.137786
Train epoch 15: [32000/37612 (85.1%)]	Loss: 0.138026
Train epoch 15: [33000/37612 (87.7%)]	Loss: 0.138045
Train epoch 15: [34000/37612 (90.4%)]	Loss: 0.138705
Train epoch 15: [35000/37612 (93.1%)]	Loss: 0.138709
Train epoch 15: [36000/37612 (95.7%)]	Loss: 0.139039
Train epoch 15: [37000/37612 (98.4%)]	Loss: 0.139298
====> Epoch 15: Average train loss 0.139840
====> Dev set loss: 0.138696
No improvement in 1 epochs (best dev set loss: 0.137431)
Not saving checkpoint; no improvement made
Train epoch 16: [1000/37612 (2.7%)]	Loss: 0.145785
Train epoch 16: [2000/37612 (5.3%)]	Loss: 0.139543
Train epoch 16: [3000/37612 (8.0%)]	Loss: 0.139528
Train epoch 16: [4000/37612 (10.6%)]	Loss: 0.135788
Train epoch 16: [5000/37612 (13.3%)]	Loss: 0.137204
Train epoch 16: [6000/37612 (16.0%)]	Loss: 0.136379
Train epoch 16: [7000/37612 (18.6%)]	Loss: 0.137850
Train epoch 16: [8000/37612 (21.3%)]	Loss: 0.139755
Train epoch 16: [9000/37612 (23.9%)]	Loss: 0.138300
Train epoch 16: [10000/37612 (26.6%)]	Loss: 0.142767
Train epoch 16: [11000/37612 (29.2%)]	Loss: 0.144501
Train epoch 16: [12000/37612 (31.9%)]	Loss: 0.143365
Train epoch 16: [13000/37612 (34.6%)]	Loss: 0.142422
Train epoch 16: [14000/37612 (37.2%)]	Loss: 0.142626
Train epoch 16: [15000/37612 (39.9%)]	Loss: 0.141964
Train epoch 16: [16000/37612 (42.5%)]	Loss: 0.141044
Train epoch 16: [17000/37612 (45.2%)]	Loss: 0.140409
Train epoch 16: [18000/37612 (47.9%)]	Loss: 0.139979
Train epoch 16: [19000/37612 (50.5%)]	Loss: 0.139496
Train epoch 16: [20000/37612 (53.2%)]	Loss: 0.140341
Train epoch 16: [21000/37612 (55.8%)]	Loss: 0.140055
Train epoch 16: [22000/37612 (58.5%)]	Loss: 0.139785
Train epoch 16: [23000/37612 (61.2%)]	Loss: 0.139210
Train epoch 16: [24000/37612 (63.8%)]	Loss: 0.139252
Train epoch 16: [25000/37612 (66.5%)]	Loss: 0.138497
Train epoch 16: [26000/37612 (69.1%)]	Loss: 0.138870
Train epoch 16: [27000/37612 (71.8%)]	Loss: 0.138835
Train epoch 16: [28000/37612 (74.4%)]	Loss: 0.138770
Train epoch 16: [29000/37612 (77.1%)]	Loss: 0.138701
Train epoch 16: [30000/37612 (79.8%)]	Loss: 0.138676
Train epoch 16: [31000/37612 (82.4%)]	Loss: 0.138651
Train epoch 16: [32000/37612 (85.1%)]	Loss: 0.138789
Train epoch 16: [33000/37612 (87.7%)]	Loss: 0.138923
Train epoch 16: [34000/37612 (90.4%)]	Loss: 0.139458
Train epoch 16: [35000/37612 (93.1%)]	Loss: 0.139454
Train epoch 16: [36000/37612 (95.7%)]	Loss: 0.139728
Train epoch 16: [37000/37612 (98.4%)]	Loss: 0.139999
====> Epoch 16: Average train loss 0.140524
====> Dev set loss: 0.137022
New best dev set loss: 0.137022
Saved checkpoint for model
Train epoch 17: [1000/37612 (2.7%)]	Loss: 0.145297
Train epoch 17: [2000/37612 (5.3%)]	Loss: 0.139292
Train epoch 17: [3000/37612 (8.0%)]	Loss: 0.139176
Train epoch 17: [4000/37612 (10.6%)]	Loss: 0.135584
Train epoch 17: [5000/37612 (13.3%)]	Loss: 0.136464
Train epoch 17: [6000/37612 (16.0%)]	Loss: 0.136006
Train epoch 17: [7000/37612 (18.6%)]	Loss: 0.138896
Train epoch 17: [8000/37612 (21.3%)]	Loss: 0.139903
Train epoch 17: [9000/37612 (23.9%)]	Loss: 0.138981
Train epoch 17: [10000/37612 (26.6%)]	Loss: 0.140729
Train epoch 17: [11000/37612 (29.2%)]	Loss: 0.141637
Train epoch 17: [12000/37612 (31.9%)]	Loss: 0.140563
Train epoch 17: [13000/37612 (34.6%)]	Loss: 0.139855
Train epoch 17: [14000/37612 (37.2%)]	Loss: 0.140228
Train epoch 17: [15000/37612 (39.9%)]	Loss: 0.139805
Train epoch 17: [16000/37612 (42.5%)]	Loss: 0.139132
Train epoch 17: [17000/37612 (45.2%)]	Loss: 0.139969
Train epoch 17: [18000/37612 (47.9%)]	Loss: 0.139495
Train epoch 17: [19000/37612 (50.5%)]	Loss: 0.139078
Train epoch 17: [20000/37612 (53.2%)]	Loss: 0.139461
Train epoch 17: [21000/37612 (55.8%)]	Loss: 0.139326
Train epoch 17: [22000/37612 (58.5%)]	Loss: 0.139069
Train epoch 17: [23000/37612 (61.2%)]	Loss: 0.138704
Train epoch 17: [24000/37612 (63.8%)]	Loss: 0.138367
Train epoch 17: [25000/37612 (66.5%)]	Loss: 0.137832
Train epoch 17: [26000/37612 (69.1%)]	Loss: 0.138182
Train epoch 17: [27000/37612 (71.8%)]	Loss: 0.138068
Train epoch 17: [28000/37612 (74.4%)]	Loss: 0.137959
Train epoch 17: [29000/37612 (77.1%)]	Loss: 0.138191
Train epoch 17: [30000/37612 (79.8%)]	Loss: 0.137936
Train epoch 17: [31000/37612 (82.4%)]	Loss: 0.137945
Train epoch 17: [32000/37612 (85.1%)]	Loss: 0.138208
Train epoch 17: [33000/37612 (87.7%)]	Loss: 0.138318
Train epoch 17: [34000/37612 (90.4%)]	Loss: 0.138844
Train epoch 17: [35000/37612 (93.1%)]	Loss: 0.138864
Train epoch 17: [36000/37612 (95.7%)]	Loss: 0.139148
Train epoch 17: [37000/37612 (98.4%)]	Loss: 0.139399
====> Epoch 17: Average train loss 0.139962
====> Dev set loss: 0.138896
No improvement in 1 epochs (best dev set loss: 0.137022)
Not saving checkpoint; no improvement made
Train epoch 18: [1000/37612 (2.7%)]	Loss: 0.146430
Train epoch 18: [2000/37612 (5.3%)]	Loss: 0.139394
Train epoch 18: [3000/37612 (8.0%)]	Loss: 0.138751
Train epoch 18: [4000/37612 (10.6%)]	Loss: 0.135605
Train epoch 18: [5000/37612 (13.3%)]	Loss: 0.136416
Train epoch 18: [6000/37612 (16.0%)]	Loss: 0.136053
Train epoch 18: [7000/37612 (18.6%)]	Loss: 0.137627
Train epoch 18: [8000/37612 (21.3%)]	Loss: 0.138037
Train epoch 18: [9000/37612 (23.9%)]	Loss: 0.138552
Train epoch 18: [10000/37612 (26.6%)]	Loss: 0.140493
Train epoch 18: [11000/37612 (29.2%)]	Loss: 0.140865
Train epoch 18: [12000/37612 (31.9%)]	Loss: 0.140344
Train epoch 18: [13000/37612 (34.6%)]	Loss: 0.140243
Train epoch 18: [14000/37612 (37.2%)]	Loss: 0.140143
Train epoch 18: [15000/37612 (39.9%)]	Loss: 0.139953
Train epoch 18: [16000/37612 (42.5%)]	Loss: 0.138677
Train epoch 18: [17000/37612 (45.2%)]	Loss: 0.138461
Train epoch 18: [18000/37612 (47.9%)]	Loss: 0.138112
Train epoch 18: [19000/37612 (50.5%)]	Loss: 0.137896
Train epoch 18: [20000/37612 (53.2%)]	Loss: 0.138351
Train epoch 18: [21000/37612 (55.8%)]	Loss: 0.138295
Train epoch 18: [22000/37612 (58.5%)]	Loss: 0.138819
Train epoch 18: [23000/37612 (61.2%)]	Loss: 0.138376
Train epoch 18: [24000/37612 (63.8%)]	Loss: 0.138023
Train epoch 18: [25000/37612 (66.5%)]	Loss: 0.137546
Train epoch 18: [26000/37612 (69.1%)]	Loss: 0.137809
Train epoch 18: [27000/37612 (71.8%)]	Loss: 0.137733
Train epoch 18: [28000/37612 (74.4%)]	Loss: 0.137655
Train epoch 18: [29000/37612 (77.1%)]	Loss: 0.137852
Train epoch 18: [30000/37612 (79.8%)]	Loss: 0.137714
Train epoch 18: [31000/37612 (82.4%)]	Loss: 0.137601
Train epoch 18: [32000/37612 (85.1%)]	Loss: 0.137721
Train epoch 18: [33000/37612 (87.7%)]	Loss: 0.137951
Train epoch 18: [34000/37612 (90.4%)]	Loss: 0.138367
Train epoch 18: [35000/37612 (93.1%)]	Loss: 0.138592
Train epoch 18: [36000/37612 (95.7%)]	Loss: 0.138761
Train epoch 18: [37000/37612 (98.4%)]	Loss: 0.139111
====> Epoch 18: Average train loss 0.139618
====> Dev set loss: 0.137063
No improvement in 2 epochs (best dev set loss: 0.137022)
Not saving checkpoint; no improvement made
Train epoch 19: [1000/37612 (2.7%)]	Loss: 0.145747
Train epoch 19: [2000/37612 (5.3%)]	Loss: 0.139675
Train epoch 19: [3000/37612 (8.0%)]	Loss: 0.138947
Train epoch 19: [4000/37612 (10.6%)]	Loss: 0.135491
Train epoch 19: [5000/37612 (13.3%)]	Loss: 0.136426
Train epoch 19: [6000/37612 (16.0%)]	Loss: 0.135897
Train epoch 19: [7000/37612 (18.6%)]	Loss: 0.137615
Train epoch 19: [8000/37612 (21.3%)]	Loss: 0.139238
Train epoch 19: [9000/37612 (23.9%)]	Loss: 0.137945
Train epoch 19: [10000/37612 (26.6%)]	Loss: 0.140182
Train epoch 19: [11000/37612 (29.2%)]	Loss: 0.140990
Train epoch 19: [12000/37612 (31.9%)]	Loss: 0.140053
Train epoch 19: [13000/37612 (34.6%)]	Loss: 0.139393
Train epoch 19: [14000/37612 (37.2%)]	Loss: 0.139937
Train epoch 19: [15000/37612 (39.9%)]	Loss: 0.139551
Train epoch 19: [16000/37612 (42.5%)]	Loss: 0.138856
Train epoch 19: [17000/37612 (45.2%)]	Loss: 0.138308
Train epoch 19: [18000/37612 (47.9%)]	Loss: 0.138148
Train epoch 19: [19000/37612 (50.5%)]	Loss: 0.137827
Train epoch 19: [20000/37612 (53.2%)]	Loss: 0.138644
Train epoch 19: [21000/37612 (55.8%)]	Loss: 0.138325
Train epoch 19: [22000/37612 (58.5%)]	Loss: 0.138153
Train epoch 19: [23000/37612 (61.2%)]	Loss: 0.137852
Train epoch 19: [24000/37612 (63.8%)]	Loss: 0.137604
Train epoch 19: [25000/37612 (66.5%)]	Loss: 0.137151
Train epoch 19: [26000/37612 (69.1%)]	Loss: 0.137539
Train epoch 19: [27000/37612 (71.8%)]	Loss: 0.137471
Train epoch 19: [28000/37612 (74.4%)]	Loss: 0.137631
Train epoch 19: [29000/37612 (77.1%)]	Loss: 0.137860
Train epoch 19: [30000/37612 (79.8%)]	Loss: 0.137661
Train epoch 19: [31000/37612 (82.4%)]	Loss: 0.137459
Train epoch 19: [32000/37612 (85.1%)]	Loss: 0.137554
Train epoch 19: [33000/37612 (87.7%)]	Loss: 0.137813
Train epoch 19: [34000/37612 (90.4%)]	Loss: 0.138197
Train epoch 19: [35000/37612 (93.1%)]	Loss: 0.138394
Train epoch 19: [36000/37612 (95.7%)]	Loss: 0.138579
Train epoch 19: [37000/37612 (98.4%)]	Loss: 0.138934
====> Epoch 19: Average train loss 0.139485
====> Dev set loss: 0.136731
New best dev set loss: 0.136731
Saved checkpoint for model
Train epoch 20: [1000/37612 (2.7%)]	Loss: 0.165250
Train epoch 20: [2000/37612 (5.3%)]	Loss: 0.149270
Train epoch 20: [3000/37612 (8.0%)]	Loss: 0.146175
Train epoch 20: [4000/37612 (10.6%)]	Loss: 0.140021
Train epoch 20: [5000/37612 (13.3%)]	Loss: 0.139515
Train epoch 20: [6000/37612 (16.0%)]	Loss: 0.138335
Train epoch 20: [7000/37612 (18.6%)]	Loss: 0.139336
Train epoch 20: [8000/37612 (21.3%)]	Loss: 0.140424
Train epoch 20: [9000/37612 (23.9%)]	Loss: 0.139219
Train epoch 20: [10000/37612 (26.6%)]	Loss: 0.140982
Train epoch 20: [11000/37612 (29.2%)]	Loss: 0.141961
Train epoch 20: [12000/37612 (31.9%)]	Loss: 0.140901
Train epoch 20: [13000/37612 (34.6%)]	Loss: 0.140241
Train epoch 20: [14000/37612 (37.2%)]	Loss: 0.140579
Train epoch 20: [15000/37612 (39.9%)]	Loss: 0.140213
Train epoch 20: [16000/37612 (42.5%)]	Loss: 0.139682
Train epoch 20: [17000/37612 (45.2%)]	Loss: 0.139079
Train epoch 20: [18000/37612 (47.9%)]	Loss: 0.138735
Train epoch 20: [19000/37612 (50.5%)]	Loss: 0.138286
Train epoch 20: [20000/37612 (53.2%)]	Loss: 0.138972
Train epoch 20: [21000/37612 (55.8%)]	Loss: 0.138633
Train epoch 20: [22000/37612 (58.5%)]	Loss: 0.138438
Train epoch 20: [23000/37612 (61.2%)]	Loss: 0.138095
Train epoch 20: [24000/37612 (63.8%)]	Loss: 0.137777
Train epoch 20: [25000/37612 (66.5%)]	Loss: 0.137369
Train epoch 20: [26000/37612 (69.1%)]	Loss: 0.137728
Train epoch 20: [27000/37612 (71.8%)]	Loss: 0.137630
Train epoch 20: [28000/37612 (74.4%)]	Loss: 0.137671
Train epoch 20: [29000/37612 (77.1%)]	Loss: 0.137741
Train epoch 20: [30000/37612 (79.8%)]	Loss: 0.137554
Train epoch 20: [31000/37612 (82.4%)]	Loss: 0.137503
Train epoch 20: [32000/37612 (85.1%)]	Loss: 0.137758
Train epoch 20: [33000/37612 (87.7%)]	Loss: 0.137939
Train epoch 20: [34000/37612 (90.4%)]	Loss: 0.138456
Train epoch 20: [35000/37612 (93.1%)]	Loss: 0.138452
Train epoch 20: [36000/37612 (95.7%)]	Loss: 0.138729
Train epoch 20: [37000/37612 (98.4%)]	Loss: 0.138976
====> Epoch 20: Average train loss 0.139503
====> Dev set loss: 0.138326
No improvement in 1 epochs (best dev set loss: 0.136731)
Not saving checkpoint; no improvement made
Train epoch 21: [1000/37612 (2.7%)]	Loss: 0.148457
Train epoch 21: [2000/37612 (5.3%)]	Loss: 0.139579
Train epoch 21: [3000/37612 (8.0%)]	Loss: 0.138089
Train epoch 21: [4000/37612 (10.6%)]	Loss: 0.135326
Train epoch 21: [5000/37612 (13.3%)]	Loss: 0.136106
Train epoch 21: [6000/37612 (16.0%)]	Loss: 0.135606
Train epoch 21: [7000/37612 (18.6%)]	Loss: 0.136926
Train epoch 21: [8000/37612 (21.3%)]	Loss: 0.137473
Train epoch 21: [9000/37612 (23.9%)]	Loss: 0.137937
Train epoch 21: [10000/37612 (26.6%)]	Loss: 0.140153
Train epoch 21: [11000/37612 (29.2%)]	Loss: 0.140699
Train epoch 21: [12000/37612 (31.9%)]	Loss: 0.140812
Train epoch 21: [13000/37612 (34.6%)]	Loss: 0.140381
Train epoch 21: [14000/37612 (37.2%)]	Loss: 0.140296
Train epoch 21: [15000/37612 (39.9%)]	Loss: 0.139776
Train epoch 21: [16000/37612 (42.5%)]	Loss: 0.138831
Train epoch 21: [17000/37612 (45.2%)]	Loss: 0.138534
Train epoch 21: [18000/37612 (47.9%)]	Loss: 0.138029
Train epoch 21: [19000/37612 (50.5%)]	Loss: 0.137787
Train epoch 21: [20000/37612 (53.2%)]	Loss: 0.138105
Train epoch 21: [21000/37612 (55.8%)]	Loss: 0.138078
Train epoch 21: [22000/37612 (58.5%)]	Loss: 0.137965
Train epoch 21: [23000/37612 (61.2%)]	Loss: 0.137623
Train epoch 21: [24000/37612 (63.8%)]	Loss: 0.137459
Train epoch 21: [25000/37612 (66.5%)]	Loss: 0.136932
Train epoch 21: [26000/37612 (69.1%)]	Loss: 0.137299
Train epoch 21: [27000/37612 (71.8%)]	Loss: 0.137227
Train epoch 21: [28000/37612 (74.4%)]	Loss: 0.137274
Train epoch 21: [29000/37612 (77.1%)]	Loss: 0.137222
Train epoch 21: [30000/37612 (79.8%)]	Loss: 0.137239
Train epoch 21: [31000/37612 (82.4%)]	Loss: 0.137250
Train epoch 21: [32000/37612 (85.1%)]	Loss: 0.137427
Train epoch 21: [33000/37612 (87.7%)]	Loss: 0.137524
Train epoch 21: [34000/37612 (90.4%)]	Loss: 0.138037
Train epoch 21: [35000/37612 (93.1%)]	Loss: 0.138027
Train epoch 21: [36000/37612 (95.7%)]	Loss: 0.138382
Train epoch 21: [37000/37612 (98.4%)]	Loss: 0.138662
====> Epoch 21: Average train loss 0.139180
====> Dev set loss: 0.136512
New best dev set loss: 0.136512
Saved checkpoint for model
Train epoch 22: [1000/37612 (2.7%)]	Loss: 0.147755
Train epoch 22: [2000/37612 (5.3%)]	Loss: 0.139136
Train epoch 22: [3000/37612 (8.0%)]	Loss: 0.138988
Train epoch 22: [4000/37612 (10.6%)]	Loss: 0.134999
Train epoch 22: [5000/37612 (13.3%)]	Loss: 0.136308
Train epoch 22: [6000/37612 (16.0%)]	Loss: 0.135442
Train epoch 22: [7000/37612 (18.6%)]	Loss: 0.137213
Train epoch 22: [8000/37612 (21.3%)]	Loss: 0.139216
Train epoch 22: [9000/37612 (23.9%)]	Loss: 0.137736
Train epoch 22: [10000/37612 (26.6%)]	Loss: 0.139423
Train epoch 22: [11000/37612 (29.2%)]	Loss: 0.140617
Train epoch 22: [12000/37612 (31.9%)]	Loss: 0.139561
Train epoch 22: [13000/37612 (34.6%)]	Loss: 0.139192
Train epoch 22: [14000/37612 (37.2%)]	Loss: 0.139464
Train epoch 22: [15000/37612 (39.9%)]	Loss: 0.139063
Train epoch 22: [16000/37612 (42.5%)]	Loss: 0.138266
Train epoch 22: [17000/37612 (45.2%)]	Loss: 0.137688
Train epoch 22: [18000/37612 (47.9%)]	Loss: 0.137592
Train epoch 22: [19000/37612 (50.5%)]	Loss: 0.137244
Train epoch 22: [20000/37612 (53.2%)]	Loss: 0.138040
Train epoch 22: [21000/37612 (55.8%)]	Loss: 0.137686
Train epoch 22: [22000/37612 (58.5%)]	Loss: 0.137591
Train epoch 22: [23000/37612 (61.2%)]	Loss: 0.137501
Train epoch 22: [24000/37612 (63.8%)]	Loss: 0.137457
Train epoch 22: [25000/37612 (66.5%)]	Loss: 0.136686
Train epoch 22: [26000/37612 (69.1%)]	Loss: 0.136945
Train epoch 22: [27000/37612 (71.8%)]	Loss: 0.136933
Train epoch 22: [28000/37612 (74.4%)]	Loss: 0.137029
Train epoch 22: [29000/37612 (77.1%)]	Loss: 0.136824
Train epoch 22: [30000/37612 (79.8%)]	Loss: 0.136819
Train epoch 22: [31000/37612 (82.4%)]	Loss: 0.136783
Train epoch 22: [32000/37612 (85.1%)]	Loss: 0.136930
Train epoch 22: [33000/37612 (87.7%)]	Loss: 0.137166
Train epoch 22: [34000/37612 (90.4%)]	Loss: 0.137587
Train epoch 22: [35000/37612 (93.1%)]	Loss: 0.137783
Train epoch 22: [36000/37612 (95.7%)]	Loss: 0.138016
Train epoch 22: [37000/37612 (98.4%)]	Loss: 0.138327
====> Epoch 22: Average train loss 0.138856
====> Dev set loss: 0.138583
No improvement in 1 epochs (best dev set loss: 0.136512)
Not saving checkpoint; no improvement made
Train epoch 23: [1000/37612 (2.7%)]	Loss: 0.147450
Train epoch 23: [2000/37612 (5.3%)]	Loss: 0.138137
Train epoch 23: [3000/37612 (8.0%)]	Loss: 0.138463
Train epoch 23: [4000/37612 (10.6%)]	Loss: 0.134881
Train epoch 23: [5000/37612 (13.3%)]	Loss: 0.135849
Train epoch 23: [6000/37612 (16.0%)]	Loss: 0.135124
Train epoch 23: [7000/37612 (18.6%)]	Loss: 0.136994
Train epoch 23: [8000/37612 (21.3%)]	Loss: 0.139253
Train epoch 23: [9000/37612 (23.9%)]	Loss: 0.137578
Train epoch 23: [10000/37612 (26.6%)]	Loss: 0.139497
Train epoch 23: [11000/37612 (29.2%)]	Loss: 0.140585
Train epoch 23: [12000/37612 (31.9%)]	Loss: 0.139347
Train epoch 23: [13000/37612 (34.6%)]	Loss: 0.138682
Train epoch 23: [14000/37612 (37.2%)]	Loss: 0.139025
Train epoch 23: [15000/37612 (39.9%)]	Loss: 0.138593
Train epoch 23: [16000/37612 (42.5%)]	Loss: 0.137975
Train epoch 23: [17000/37612 (45.2%)]	Loss: 0.137455
Train epoch 23: [18000/37612 (47.9%)]	Loss: 0.137241
Train epoch 23: [19000/37612 (50.5%)]	Loss: 0.136895
Train epoch 23: [20000/37612 (53.2%)]	Loss: 0.137700
Train epoch 23: [21000/37612 (55.8%)]	Loss: 0.137387
Train epoch 23: [22000/37612 (58.5%)]	Loss: 0.137329
Train epoch 23: [23000/37612 (61.2%)]	Loss: 0.136975
Train epoch 23: [24000/37612 (63.8%)]	Loss: 0.136880
Train epoch 23: [25000/37612 (66.5%)]	Loss: 0.136299
Train epoch 23: [26000/37612 (69.1%)]	Loss: 0.136689
Train epoch 23: [27000/37612 (71.8%)]	Loss: 0.136614
Train epoch 23: [28000/37612 (74.4%)]	Loss: 0.136618
Train epoch 23: [29000/37612 (77.1%)]	Loss: 0.136716
Train epoch 23: [30000/37612 (79.8%)]	Loss: 0.136670
Train epoch 23: [31000/37612 (82.4%)]	Loss: 0.136556
Train epoch 23: [32000/37612 (85.1%)]	Loss: 0.136743
Train epoch 23: [33000/37612 (87.7%)]	Loss: 0.136982
Train epoch 23: [34000/37612 (90.4%)]	Loss: 0.137724
Train epoch 23: [35000/37612 (93.1%)]	Loss: 0.139409
Train epoch 23: [36000/37612 (95.7%)]	Loss: 0.139663
Train epoch 23: [37000/37612 (98.4%)]	Loss: 0.139835
====> Epoch 23: Average train loss 0.140355
====> Dev set loss: 0.139217
No improvement in 2 epochs (best dev set loss: 0.136512)
Not saving checkpoint; no improvement made
Train epoch 24: [1000/37612 (2.7%)]	Loss: 0.144285
Train epoch 24: [2000/37612 (5.3%)]	Loss: 0.137366
Train epoch 24: [3000/37612 (8.0%)]	Loss: 0.137564
Train epoch 24: [4000/37612 (10.6%)]	Loss: 0.133195
Train epoch 24: [5000/37612 (13.3%)]	Loss: 0.134375
Train epoch 24: [6000/37612 (16.0%)]	Loss: 0.133732
Train epoch 24: [7000/37612 (18.6%)]	Loss: 0.135880
Train epoch 24: [8000/37612 (21.3%)]	Loss: 0.137421
Train epoch 24: [9000/37612 (23.9%)]	Loss: 0.137712
Train epoch 24: [10000/37612 (26.6%)]	Loss: 0.139444
Train epoch 24: [11000/37612 (29.2%)]	Loss: 0.140420
Train epoch 24: [12000/37612 (31.9%)]	Loss: 0.139305
Train epoch 24: [13000/37612 (34.6%)]	Loss: 0.138463
Train epoch 24: [14000/37612 (37.2%)]	Loss: 0.138852
Train epoch 24: [15000/37612 (39.9%)]	Loss: 0.138344
Train epoch 24: [16000/37612 (42.5%)]	Loss: 0.137730
Train epoch 24: [17000/37612 (45.2%)]	Loss: 0.137176
Train epoch 24: [18000/37612 (47.9%)]	Loss: 0.136933
Train epoch 24: [19000/37612 (50.5%)]	Loss: 0.136688
Train epoch 24: [20000/37612 (53.2%)]	Loss: 0.137518
Train epoch 24: [21000/37612 (55.8%)]	Loss: 0.137162
Train epoch 24: [22000/37612 (58.5%)]	Loss: 0.138045
Train epoch 24: [23000/37612 (61.2%)]	Loss: 0.137712
Train epoch 24: [24000/37612 (63.8%)]	Loss: 0.137373
Train epoch 24: [25000/37612 (66.5%)]	Loss: 0.136874
Train epoch 24: [26000/37612 (69.1%)]	Loss: 0.137098
Train epoch 24: [27000/37612 (71.8%)]	Loss: 0.137061
Train epoch 24: [28000/37612 (74.4%)]	Loss: 0.136868
Train epoch 24: [29000/37612 (77.1%)]	Loss: 0.137064
Train epoch 24: [30000/37612 (79.8%)]	Loss: 0.136885
Train epoch 24: [31000/37612 (82.4%)]	Loss: 0.136771
Train epoch 24: [32000/37612 (85.1%)]	Loss: 0.136983
Train epoch 24: [33000/37612 (87.7%)]	Loss: 0.137183
Train epoch 24: [34000/37612 (90.4%)]	Loss: 0.137514
Train epoch 24: [35000/37612 (93.1%)]	Loss: 0.137708
Train epoch 24: [36000/37612 (95.7%)]	Loss: 0.137889
Train epoch 24: [37000/37612 (98.4%)]	Loss: 0.138211
====> Epoch 24: Average train loss 0.138782
====> Dev set loss: 0.137775
No improvement in 3 epochs (best dev set loss: 0.136512)
STOPPING EARLY
Computing reconstruction loss...
Loaded checkpoint; best model ready now.
====> Training set reconstruction loss: 0.139244
====> Dev set reconstruction loss: 0.136512
Trained convolutional multidecoder.
