Setting up environment...
Environment set up.
Training deep multidecoder...
Constructing model...
Done constructing model.
DNNMultidecoder (
  (activation): SELU
  (encoder): Sequential (
    (lin_0): Linear (880 -> 2048)
    (bn_0): BatchNorm1d(2048, eps=1e-05, momentum=0.1, affine=True)
    (SELU_0): SELU
    (lin_1): Linear (2048 -> 2048)
    (bn_1): BatchNorm1d(2048, eps=1e-05, momentum=0.1, affine=True)
    (SELU_1): SELU
    (lin_2): Linear (2048 -> 2048)
    (bn_2): BatchNorm1d(2048, eps=1e-05, momentum=0.1, affine=True)
    (SELU_2): SELU
    (lin_final): Linear (2048 -> 512)
  )
  (decoder_ihm): Sequential (
    (lin_0): Linear (512 -> 2048)
    (SELU_0): SELU
    (lin_1): Linear (2048 -> 2048)
    (SELU_1): SELU
    (lin_2): Linear (2048 -> 2048)
    (SELU_2): SELU
    (lin_final): Linear (2048 -> 880)
  )
  (decoder_sdm1): Sequential (
    (lin_0): Linear (512 -> 2048)
    (SELU_0): SELU
    (lin_1): Linear (2048 -> 2048)
    (SELU_1): SELU
    (lin_2): Linear (2048 -> 2048)
    (SELU_2): SELU
    (lin_final): Linear (2048 -> 880)
  )
)
Setting up data...
Setting up training datasets...
Using 2407138 training features (9403 batches) for class ihm
Using 2407138 training features (9403 batches) for class sdm1
Setting up dev datasets...
Using 249565 dev features (975 batches) for class ihm
Using 249565 dev features (975 batches) for class sdm1
Setting up minibatch shuffling for training...
18806 total batches: {'ihm': 9403, 'sdm1': 9403}
Done setting up data.
Starting training!
Train epoch 1: [1000/18806 (5.3%)]	Loss: 0.203447
Train epoch 1: [2000/18806 (10.6%)]	Loss: 0.170814
Train epoch 1: [3000/18806 (16.0%)]	Loss: 0.186599
Train epoch 1: [4000/18806 (21.3%)]	Loss: 0.181540
Train epoch 1: [5000/18806 (26.6%)]	Loss: 0.172591
Train epoch 1: [6000/18806 (31.9%)]	Loss: 0.165443
Train epoch 1: [7000/18806 (37.2%)]	Loss: 0.158876
Train epoch 1: [8000/18806 (42.5%)]	Loss: 0.156189
Train epoch 1: [9000/18806 (47.9%)]	Loss: 0.152632
Train epoch 1: [10000/18806 (53.2%)]	Loss: 0.151128
Train epoch 1: [11000/18806 (58.5%)]	Loss: 0.149045
Train epoch 1: [12000/18806 (63.8%)]	Loss: 0.145940
Train epoch 1: [13000/18806 (69.1%)]	Loss: 0.141708
Train epoch 1: [14000/18806 (74.4%)]	Loss: 0.137547
Train epoch 1: [15000/18806 (79.8%)]	Loss: 0.136155
Train epoch 1: [16000/18806 (85.1%)]	Loss: 0.136898
Train epoch 1: [17000/18806 (90.4%)]	Loss: 0.135681
Train epoch 1: [18000/18806 (95.7%)]	Loss: 0.135262
====> Epoch 1: Average train loss 0.135072
====> Dev set loss: 0.094788
New best dev set loss: 0.094788
Saved checkpoint for model
Train epoch 2: [1000/18806 (5.3%)]	Loss: 0.100099
Train epoch 2: [2000/18806 (10.6%)]	Loss: 0.086814
Train epoch 2: [3000/18806 (16.0%)]	Loss: 0.100470
Train epoch 2: [4000/18806 (21.3%)]	Loss: 0.101327
Train epoch 2: [5000/18806 (26.6%)]	Loss: 0.099080
Train epoch 2: [6000/18806 (31.9%)]	Loss: 0.096653
Train epoch 2: [7000/18806 (37.2%)]	Loss: 0.094148
Train epoch 2: [8000/18806 (42.5%)]	Loss: 0.095029
Train epoch 2: [9000/18806 (47.9%)]	Loss: 0.094686
Train epoch 2: [10000/18806 (53.2%)]	Loss: 0.094867
Train epoch 2: [11000/18806 (58.5%)]	Loss: 0.094342
Train epoch 2: [12000/18806 (63.8%)]	Loss: 0.093187
Train epoch 2: [13000/18806 (69.1%)]	Loss: 0.091174
Train epoch 2: [14000/18806 (74.4%)]	Loss: 0.089099
Train epoch 2: [15000/18806 (79.8%)]	Loss: 0.088778
Train epoch 2: [16000/18806 (85.1%)]	Loss: 0.090137
Train epoch 2: [17000/18806 (90.4%)]	Loss: 0.090061
Train epoch 2: [18000/18806 (95.7%)]	Loss: 0.090405
====> Epoch 2: Average train loss 0.090942
====> Dev set loss: 0.098612
No improvement in 1 epochs (best dev set loss: 0.094788)
Not saving checkpoint; no improvement made
Train epoch 3: [1000/18806 (5.3%)]	Loss: 0.078490
Train epoch 3: [2000/18806 (10.6%)]	Loss: 0.069071
Train epoch 3: [3000/18806 (16.0%)]	Loss: 0.079681
Train epoch 3: [4000/18806 (21.3%)]	Loss: 0.081746
Train epoch 3: [5000/18806 (26.6%)]	Loss: 0.080358
Train epoch 3: [6000/18806 (31.9%)]	Loss: 0.078769
Train epoch 3: [7000/18806 (37.2%)]	Loss: 0.077322
Train epoch 3: [8000/18806 (42.5%)]	Loss: 0.078658
Train epoch 3: [9000/18806 (47.9%)]	Loss: 0.078653
Train epoch 3: [10000/18806 (53.2%)]	Loss: 0.079392
Train epoch 3: [11000/18806 (58.5%)]	Loss: 0.078956
Train epoch 3: [12000/18806 (63.8%)]	Loss: 0.078324
Train epoch 3: [13000/18806 (69.1%)]	Loss: 0.076707
Train epoch 3: [14000/18806 (74.4%)]	Loss: 0.075155
Train epoch 3: [15000/18806 (79.8%)]	Loss: 0.074991
Train epoch 3: [16000/18806 (85.1%)]	Loss: 0.076476
Train epoch 3: [17000/18806 (90.4%)]	Loss: 0.076522
Train epoch 3: [18000/18806 (95.7%)]	Loss: 0.076943
====> Epoch 3: Average train loss 0.077573
====> Dev set loss: 0.089258
New best dev set loss: 0.089258
Saved checkpoint for model
Train epoch 4: [1000/18806 (5.3%)]	Loss: 0.070251
Train epoch 4: [2000/18806 (10.6%)]	Loss: 0.063055
Train epoch 4: [3000/18806 (16.0%)]	Loss: 0.071515
Train epoch 4: [4000/18806 (21.3%)]	Loss: 0.072968
Train epoch 4: [5000/18806 (26.6%)]	Loss: 0.071710
Train epoch 4: [6000/18806 (31.9%)]	Loss: 0.070569
Train epoch 4: [7000/18806 (37.2%)]	Loss: 0.069269
Train epoch 4: [8000/18806 (42.5%)]	Loss: 0.070409
Train epoch 4: [9000/18806 (47.9%)]	Loss: 0.070559
Train epoch 4: [10000/18806 (53.2%)]	Loss: 0.071573
Train epoch 4: [11000/18806 (58.5%)]	Loss: 0.071248
Train epoch 4: [12000/18806 (63.8%)]	Loss: 0.070632
Train epoch 4: [13000/18806 (69.1%)]	Loss: 0.069383
Train epoch 4: [14000/18806 (74.4%)]	Loss: 0.068074
Train epoch 4: [15000/18806 (79.8%)]	Loss: 0.068015
Train epoch 4: [16000/18806 (85.1%)]	Loss: 0.069705
Train epoch 4: [17000/18806 (90.4%)]	Loss: 0.069660
Train epoch 4: [18000/18806 (95.7%)]	Loss: 0.069936
====> Epoch 4: Average train loss 0.070573
====> Dev set loss: 0.094936
No improvement in 1 epochs (best dev set loss: 0.089258)
Not saving checkpoint; no improvement made
Train epoch 5: [1000/18806 (5.3%)]	Loss: 0.064553
Train epoch 5: [2000/18806 (10.6%)]	Loss: 0.058576
Train epoch 5: [3000/18806 (16.0%)]	Loss: 0.067397
Train epoch 5: [4000/18806 (21.3%)]	Loss: 0.068456
Train epoch 5: [5000/18806 (26.6%)]	Loss: 0.067640
Train epoch 5: [6000/18806 (31.9%)]	Loss: 0.066583
Train epoch 5: [7000/18806 (37.2%)]	Loss: 0.065381
Train epoch 5: [8000/18806 (42.5%)]	Loss: 0.066662
Train epoch 5: [9000/18806 (47.9%)]	Loss: 0.066717
Train epoch 5: [10000/18806 (53.2%)]	Loss: 0.067469
Train epoch 5: [11000/18806 (58.5%)]	Loss: 0.067015
Train epoch 5: [12000/18806 (63.8%)]	Loss: 0.066418
Train epoch 5: [13000/18806 (69.1%)]	Loss: 0.065332
Train epoch 5: [14000/18806 (74.4%)]	Loss: 0.064146
Train epoch 5: [15000/18806 (79.8%)]	Loss: 0.064066
Train epoch 5: [16000/18806 (85.1%)]	Loss: 0.065486
Train epoch 5: [17000/18806 (90.4%)]	Loss: 0.065564
Train epoch 5: [18000/18806 (95.7%)]	Loss: 0.065956
====> Epoch 5: Average train loss 0.066506
====> Dev set loss: 0.096533
No improvement in 2 epochs (best dev set loss: 0.089258)
Not saving checkpoint; no improvement made
Train epoch 6: [1000/18806 (5.3%)]	Loss: 0.059764
Train epoch 6: [2000/18806 (10.6%)]	Loss: 0.055058
Train epoch 6: [3000/18806 (16.0%)]	Loss: 0.063438
Train epoch 6: [4000/18806 (21.3%)]	Loss: 0.064943
Train epoch 6: [5000/18806 (26.6%)]	Loss: 0.063923
Train epoch 6: [6000/18806 (31.9%)]	Loss: 0.062971
Train epoch 6: [7000/18806 (37.2%)]	Loss: 0.061963
Train epoch 6: [8000/18806 (42.5%)]	Loss: 0.063219
Train epoch 6: [9000/18806 (47.9%)]	Loss: 0.063497
Train epoch 6: [10000/18806 (53.2%)]	Loss: 0.064312
Train epoch 6: [11000/18806 (58.5%)]	Loss: 0.064103
Train epoch 6: [12000/18806 (63.8%)]	Loss: 0.063691
Train epoch 6: [13000/18806 (69.1%)]	Loss: 0.062537
Train epoch 6: [14000/18806 (74.4%)]	Loss: 0.061436
Train epoch 6: [15000/18806 (79.8%)]	Loss: 0.061341
Train epoch 6: [16000/18806 (85.1%)]	Loss: 0.062647
Train epoch 6: [17000/18806 (90.4%)]	Loss: 0.062740
Train epoch 6: [18000/18806 (95.7%)]	Loss: 0.063080
====> Epoch 6: Average train loss 0.063627
====> Dev set loss: 0.100238
No improvement in 3 epochs (best dev set loss: 0.089258)
STOPPING EARLY
Trained deep multidecoder.
