# mkdir -p /data/sls/r/u/atitus5/meng/am/logs/ami-0.1/train_sdm1/augmented_src_ihm/frame-tdnn-450x7-step0.05/ENC_C_256_256_K_3_3_P_3_3_F_/LATENT_256/DEC_F__C_256_256_K_3_3_P_3_3/ACT_ReLU_BN_false_WEIGHT_INIT_xavier_uniform/OPT_Adam_LR_0.0001_EPOCHS_25_BATCH_256_DEBUG_false/ae_ratio0.0/decode_sdm1/ascore_10/ && lattice-scale --inv-acoustic-scale=10 "ark:gunzip -c /data/sls/r/u/atitus5/meng/am/logs/ami-0.1/train_sdm1/augmented_src_ihm/frame-tdnn-450x7-step0.05/ENC_C_256_256_K_3_3_P_3_3_F_/LATENT_256/DEC_F__C_256_256_K_3_3_P_3_3/ACT_ReLU_BN_false_WEIGHT_INIT_xavier_uniform/OPT_Adam_LR_0.0001_EPOCHS_25_BATCH_256_DEBUG_false/ae_ratio0.0/decode_sdm1/lat.16.gz|" ark:- | lattice-limit-depth ark:- ark:- | lattice-push --push-strings=false ark:- ark:- | lattice-align-words-lexicon --max-expand=10.0 /data/sls/scratch/haotang/ami//exp/ihm/tri3-logmel-hires/graph_ami_fsh.o3g.kn.pr1-7/phones/align_lexicon.int /data/sls/scratch/haotang/ami//exp/ihm/tri3-logmel-hires_ali/final.mdl ark:- ark:- | lattice-to-ctm-conf --decode-mbr=true ark:- - | /data/sls/r/u/atitus5/meng/utils/int2sym.pl -f 5 /data/sls/scratch/haotang/ami//exp/ihm/tri3-logmel-hires/graph_ami_fsh.o3g.kn.pr1-7/words.txt | /data/sls/r/u/atitus5/meng/utils/convert_ctm.pl /data/sls/scratch/haotang/ami//sls-data/ami-0.1/sdm1-dev/segments /data/sls/scratch/haotang/ami//sls-data/ami-0.1/sdm1-dev/reco2file_and_channel > /data/sls/r/u/atitus5/meng/am/logs/ami-0.1/train_sdm1/augmented_src_ihm/frame-tdnn-450x7-step0.05/ENC_C_256_256_K_3_3_P_3_3_F_/LATENT_256/DEC_F__C_256_256_K_3_3_P_3_3/ACT_ReLU_BN_false_WEIGHT_INIT_xavier_uniform/OPT_Adam_LR_0.0001_EPOCHS_25_BATCH_256_DEBUG_false/ae_ratio0.0/decode_sdm1/ascore_10/sdm1-dev.16.ctm 
# Started at Sun Feb 25 16:41:05 EST 2018
#
lattice-scale --inv-acoustic-scale=10 'ark:gunzip -c /data/sls/r/u/atitus5/meng/am/logs/ami-0.1/train_sdm1/augmented_src_ihm/frame-tdnn-450x7-step0.05/ENC_C_256_256_K_3_3_P_3_3_F_/LATENT_256/DEC_F__C_256_256_K_3_3_P_3_3/ACT_ReLU_BN_false_WEIGHT_INIT_xavier_uniform/OPT_Adam_LR_0.0001_EPOCHS_25_BATCH_256_DEBUG_false/ae_ratio0.0/decode_sdm1/lat.16.gz|' ark:- 
lattice-push --push-strings=false ark:- ark:- 
lattice-to-ctm-conf --decode-mbr=true ark:- - 
lattice-limit-depth ark:- ark:- 
lattice-align-words-lexicon --max-expand=10.0 /data/sls/scratch/haotang/ami//exp/ihm/tri3-logmel-hires/graph_ami_fsh.o3g.kn.pr1-7/phones/align_lexicon.int /data/sls/scratch/haotang/ami//exp/ihm/tri3-logmel-hires_ali/final.mdl ark:- ark:- 
LOG (lattice-to-ctm-conf[5.2.134~1-ecd4]:main():lattice-to-ctm-conf.cc:172) For utterance AMI_IS1001b_SDM_FIO074_0060589_0060648, Bayes Risk 0, avg. confidence per-word 1
LOG (lattice-to-ctm-conf[5.2.134~1-ecd4]:main():lattice-to-ctm-conf.cc:172) For utterance AMI_IS1001b_SDM_FIO074_0060648_0061086, Bayes Risk 0.74662, avg. confidence per-word 0.800479
LOG (lattice-to-ctm-conf[5.2.134~1-ecd4]:main():lattice-to-ctm-conf.cc:172) For utterance AMI_IS1001b_SDM_FIO074_0062238_0062554, Bayes Risk 0.297721, avg. confidence per-word 0.935035
LOG (lattice-to-ctm-conf[5.2.134~1-ecd4]:main():lattice-to-ctm-conf.cc:172) For utterance AMI_IS1001b_SDM_FIO074_0062716_0063154, Bayes Risk 0.528537, avg. confidence per-word 1
LOG (lattice-to-ctm-conf[5.2.134~1-ecd4]:main():lattice-to-ctm-conf.cc:172) For utterance AMI_IS1001b_SDM_FIO074_0063154_0064354, Bayes Risk 2.92757, avg. confidence per-word 0.667516
LOG (lattice-to-ctm-conf[5.2.134~1-ecd4]:main():lattice-to-ctm-conf.cc:172) For utterance AMI_IS1001b_SDM_FIO074_0064486_0064673, Bayes Risk 0.35918, avg. confidence per-word 0.910374
LOG (lattice-to-ctm-conf[5.2.134~1-ecd4]:main():lattice-to-ctm-conf.cc:172) For utterance AMI_IS1001b_SDM_FIO074_0064673_0065673, Bayes Risk 2.08847, avg. confidence per-word 0.916984
LOG (lattice-to-ctm-conf[5.2.134~1-ecd4]:main():lattice-to-ctm-conf.cc:172) For utterance AMI_IS1001b_SDM_FIO074_0065673_0066190, Bayes Risk 2.19133, avg. confidence per-word 0.484699
LOG (lattice-to-ctm-conf[5.2.134~1-ecd4]:main():lattice-to-ctm-conf.cc:172) For utterance AMI_IS1001b_SDM_FIO074_0066333_0066679, Bayes Risk 0.804378, avg. confidence per-word 0.919267
LOG (lattice-to-ctm-conf[5.2.134~1-ecd4]:main():lattice-to-ctm-conf.cc:172) For utterance AMI_IS1001b_SDM_FIO074_0066876_0067193, Bayes Risk 0.839845, avg. confidence per-word 0.16367
LOG (lattice-to-ctm-conf[5.2.134~1-ecd4]:main():lattice-to-ctm-conf.cc:172) For utterance AMI_IS1001b_SDM_FIO074_0067364_0067415, Bayes Risk 1.50807, avg. confidence per-word 0.342196
LOG (lattice-to-ctm-conf[5.2.134~1-ecd4]:main():lattice-to-ctm-conf.cc:172) For utterance AMI_IS1001b_SDM_FIO074_0069023_0069050, Bayes Risk 0.49444, avg. confidence per-word 0.50556
LOG (lattice-to-ctm-conf[5.2.134~1-ecd4]:main():lattice-to-ctm-conf.cc:172) For utterance AMI_IS1001b_SDM_FIO074_0070065_0070107, Bayes Risk 0.556696, avg. confidence per-word 0.443304
LOG (lattice-to-ctm-conf[5.2.134~1-ecd4]:main():lattice-to-ctm-conf.cc:172) For utterance AMI_IS1001b_SDM_FIO074_0070656_0071952, Bayes Risk 3.12517, avg. confidence per-word 0.796101
LOG (lattice-to-ctm-conf[5.2.134~1-ecd4]:main():lattice-to-ctm-conf.cc:172) For utterance AMI_IS1001b_SDM_FIO074_0072289_0073354, Bayes Risk 3.63687, avg. confidence per-word 0.802421
LOG (lattice-to-ctm-conf[5.2.134~1-ecd4]:main():lattice-to-ctm-conf.cc:172) For utterance AMI_IS1001b_SDM_FIO074_0073354_0075166, Bayes Risk 3.79409, avg. confidence per-word 0.792813
LOG (lattice-to-ctm-conf[5.2.134~1-ecd4]:main():lattice-to-ctm-conf.cc:172) For utterance AMI_IS1001b_SDM_FIO074_0075166_0076104, Bayes Risk 2.94346, avg. confidence per-word 0.623357
LOG (lattice-to-ctm-conf[5.2.134~1-ecd4]:main():lattice-to-ctm-conf.cc:172) For utterance AMI_IS1001b_SDM_FIO074_0076225_0076432, Bayes Risk 0.0812687, avg. confidence per-word 0.958772
LOG (lattice-to-ctm-conf[5.2.134~1-ecd4]:main():lattice-to-ctm-conf.cc:172) For utterance AMI_IS1001b_SDM_FIO074_0076542_0076570, Bayes Risk 0.421873, avg. confidence per-word -nan
LOG (lattice-to-ctm-conf[5.2.134~1-ecd4]:main():lattice-to-ctm-conf.cc:172) For utterance AMI_IS1001b_SDM_FIO074_0076713_0079054, Bayes Risk 8.5416, avg. confidence per-word 0.782662
LOG (lattice-to-ctm-conf[5.2.134~1-ecd4]:main():lattice-to-ctm-conf.cc:172) For utterance AMI_IS1001b_SDM_FIO074_0079191_0079444, Bayes Risk 0.600916, avg. confidence per-word -nan
LOG (lattice-to-ctm-conf[5.2.134~1-ecd4]:main():lattice-to-ctm-conf.cc:172) For utterance AMI_IS1001b_SDM_FIO074_0079444_0079725, Bayes Risk 0.143308, avg. confidence per-word 0.965701
LOG (lattice-to-ctm-conf[5.2.134~1-ecd4]:main():lattice-to-ctm-conf.cc:172) For utterance AMI_IS1001b_SDM_FIO074_0079832_0080209, Bayes Risk 2.08152, avg. confidence per-word 0.696824
LOG (lattice-to-ctm-conf[5.2.134~1-ecd4]:main():lattice-to-ctm-conf.cc:172) For utterance AMI_IS1001b_SDM_FIO074_0080312_0080650, Bayes Risk 0.203479, avg. confidence per-word 0.94224
LOG (lattice-to-ctm-conf[5.2.134~1-ecd4]:main():lattice-to-ctm-conf.cc:172) For utterance AMI_IS1001b_SDM_FIO074_0080650_0082538, Bayes Risk 5.24041, avg. confidence per-word 0.784623
LOG (lattice-to-ctm-conf[5.2.134~1-ecd4]:main():lattice-to-ctm-conf.cc:172) For utterance AMI_IS1001b_SDM_FIO074_0082538_0082952, Bayes Risk 1.16691, avg. confidence per-word 0.768082
LOG (lattice-to-ctm-conf[5.2.134~1-ecd4]:main():lattice-to-ctm-conf.cc:172) For utterance AMI_IS1001b_SDM_FIO074_0082952_0082974, Bayes Risk 0.00115756, avg. confidence per-word 0.998842
LOG (lattice-to-ctm-conf[5.2.134~1-ecd4]:main():lattice-to-ctm-conf.cc:172) For utterance AMI_IS1001b_SDM_FIO074_0084493_0084705, Bayes Risk 0.420261, avg. confidence per-word 0.580815
LOG (lattice-to-ctm-conf[5.2.134~1-ecd4]:main():lattice-to-ctm-conf.cc:172) For utterance AMI_IS1001b_SDM_FIO074_0084705_0084999, Bayes Risk 0.727342, avg. confidence per-word 0.322157
LOG (lattice-scale[5.2.134~1-ecd4]:main():lattice-scale.cc:90) Done 33 lattices.
LOG (lattice-to-ctm-conf[5.2.134~1-ecd4]:main():lattice-to-ctm-conf.cc:172) For utterance AMI_IS1001b_SDM_FIO074_0084999_0085837, Bayes Risk 1.54182, avg. confidence per-word 0.958573
LOG (lattice-limit-depth[5.2.134~1-ecd4]:main():lattice-limit-depth.cc:103) Done 33 lattices.
LOG (lattice-limit-depth[5.2.134~1-ecd4]:main():lattice-limit-depth.cc:104) Overall density changed from 71.5283 to 71.5283
LOG (lattice-push[5.2.134~1-ecd4]:main():lattice-push.cc:98) Pushed 33 lattices, errors on 0
LOG (lattice-to-ctm-conf[5.2.134~1-ecd4]:main():lattice-to-ctm-conf.cc:172) For utterance AMI_IS1001b_SDM_FIO074_0085837_0086183, Bayes Risk 2.02728, avg. confidence per-word 0.818332
LOG (lattice-align-words-lexicon[5.2.134~1-ecd4]:main():lattice-align-words-lexicon.cc:138) Successfully aligned 33 lattices; 0 had errors.
LOG (lattice-to-ctm-conf[5.2.134~1-ecd4]:main():lattice-to-ctm-conf.cc:172) For utterance AMI_IS1001b_SDM_FIO074_0086183_0087694, Bayes Risk 2.47518, avg. confidence per-word 0.87861
LOG (lattice-to-ctm-conf[5.2.134~1-ecd4]:main():lattice-to-ctm-conf.cc:172) For utterance AMI_IS1001b_SDM_FIO074_0087947_0088198, Bayes Risk 0.439698, avg. confidence per-word 0.785452
LOG (lattice-to-ctm-conf[5.2.134~1-ecd4]:main():lattice-to-ctm-conf.cc:181) Done 33 lattices.
LOG (lattice-to-ctm-conf[5.2.134~1-ecd4]:main():lattice-to-ctm-conf.cc:182) Overall average Bayes Risk per sentence is 1.60474 and per word, 0.28938
# Accounting: time=22 threads=1
# Ended (code 0) at Sun Feb 25 16:41:27 EST 2018, elapsed time 22 seconds
