# mkdir -p /data/sls/r/u/atitus5/meng/am/logs/ami-0.1/train_sdm1/augmented_src_ihm/frame-tdnn-450x7-step0.05/ENC_C_256_256_K_3_3_P_3_3_F_/LATENT_256/DEC_F__C_256_256_K_3_3_P_3_3/ACT_ReLU_BN_false_WEIGHT_INIT_xavier_uniform/OPT_Adam_LR_0.0001_EPOCHS_25_BATCH_256_DEBUG_false/ae_ratio0.0/decode_sdm1/ascore_12/ && lattice-scale --inv-acoustic-scale=12 "ark:gunzip -c /data/sls/r/u/atitus5/meng/am/logs/ami-0.1/train_sdm1/augmented_src_ihm/frame-tdnn-450x7-step0.05/ENC_C_256_256_K_3_3_P_3_3_F_/LATENT_256/DEC_F__C_256_256_K_3_3_P_3_3/ACT_ReLU_BN_false_WEIGHT_INIT_xavier_uniform/OPT_Adam_LR_0.0001_EPOCHS_25_BATCH_256_DEBUG_false/ae_ratio0.0/decode_sdm1/lat.9.gz|" ark:- | lattice-limit-depth ark:- ark:- | lattice-push --push-strings=false ark:- ark:- | lattice-align-words-lexicon --max-expand=10.0 /data/sls/scratch/haotang/ami//exp/ihm/tri3-logmel-hires/graph_ami_fsh.o3g.kn.pr1-7/phones/align_lexicon.int /data/sls/scratch/haotang/ami//exp/ihm/tri3-logmel-hires_ali/final.mdl ark:- ark:- | lattice-to-ctm-conf --decode-mbr=true ark:- - | /data/sls/r/u/atitus5/meng/utils/int2sym.pl -f 5 /data/sls/scratch/haotang/ami//exp/ihm/tri3-logmel-hires/graph_ami_fsh.o3g.kn.pr1-7/words.txt | /data/sls/r/u/atitus5/meng/utils/convert_ctm.pl /data/sls/scratch/haotang/ami//sls-data/ami-0.1/sdm1-dev/segments /data/sls/scratch/haotang/ami//sls-data/ami-0.1/sdm1-dev/reco2file_and_channel > /data/sls/r/u/atitus5/meng/am/logs/ami-0.1/train_sdm1/augmented_src_ihm/frame-tdnn-450x7-step0.05/ENC_C_256_256_K_3_3_P_3_3_F_/LATENT_256/DEC_F__C_256_256_K_3_3_P_3_3/ACT_ReLU_BN_false_WEIGHT_INIT_xavier_uniform/OPT_Adam_LR_0.0001_EPOCHS_25_BATCH_256_DEBUG_false/ae_ratio0.0/decode_sdm1/ascore_12/sdm1-dev.9.ctm 
# Started at Sun Feb 25 16:41:05 EST 2018
#
lattice-limit-depth ark:- ark:- 
lattice-to-ctm-conf --decode-mbr=true ark:- - 
lattice-align-words-lexicon --max-expand=10.0 /data/sls/scratch/haotang/ami//exp/ihm/tri3-logmel-hires/graph_ami_fsh.o3g.kn.pr1-7/phones/align_lexicon.int /data/sls/scratch/haotang/ami//exp/ihm/tri3-logmel-hires_ali/final.mdl ark:- ark:- 
lattice-scale --inv-acoustic-scale=12 'ark:gunzip -c /data/sls/r/u/atitus5/meng/am/logs/ami-0.1/train_sdm1/augmented_src_ihm/frame-tdnn-450x7-step0.05/ENC_C_256_256_K_3_3_P_3_3_F_/LATENT_256/DEC_F__C_256_256_K_3_3_P_3_3/ACT_ReLU_BN_false_WEIGHT_INIT_xavier_uniform/OPT_Adam_LR_0.0001_EPOCHS_25_BATCH_256_DEBUG_false/ae_ratio0.0/decode_sdm1/lat.9.gz|' ark:- 
lattice-push --push-strings=false ark:- ark:- 
LOG (lattice-to-ctm-conf[5.2.134~1-ecd4]:main():lattice-to-ctm-conf.cc:172) For utterance AMI_ES2009a_SDM_MEE033_0051392_0051429, Bayes Risk 0.266092, avg. confidence per-word 0.890431
LOG (lattice-to-ctm-conf[5.2.134~1-ecd4]:main():lattice-to-ctm-conf.cc:172) For utterance AMI_ES2009a_SDM_MEE033_0051588_0051625, Bayes Risk 0, avg. confidence per-word 1
LOG (lattice-to-ctm-conf[5.2.134~1-ecd4]:main():lattice-to-ctm-conf.cc:172) For utterance AMI_ES2009a_SDM_MEE033_0052357_0052454, Bayes Risk 0.345948, avg. confidence per-word 0.985359
LOG (lattice-to-ctm-conf[5.2.134~1-ecd4]:main():lattice-to-ctm-conf.cc:172) For utterance AMI_ES2009a_SDM_MEE033_0052998_0053150, Bayes Risk 0.520767, avg. confidence per-word 0.834069
LOG (lattice-to-ctm-conf[5.2.134~1-ecd4]:main():lattice-to-ctm-conf.cc:172) For utterance AMI_ES2009a_SDM_MEE033_0053150_0053286, Bayes Risk 0.0336813, avg. confidence per-word 0.992385
LOG (lattice-to-ctm-conf[5.2.134~1-ecd4]:main():lattice-to-ctm-conf.cc:172) For utterance AMI_ES2009a_SDM_MEE033_0053286_0053458, Bayes Risk 0.221295, avg. confidence per-word 0.935034
LOG (lattice-to-ctm-conf[5.2.134~1-ecd4]:main():lattice-to-ctm-conf.cc:172) For utterance AMI_ES2009a_SDM_MEE033_0053745_0053953, Bayes Risk 0.14013, avg. confidence per-word 1
LOG (lattice-to-ctm-conf[5.2.134~1-ecd4]:main():lattice-to-ctm-conf.cc:172) For utterance AMI_ES2009a_SDM_MEE033_0056436_0056484, Bayes Risk 0.543123, avg. confidence per-word 0.501103
LOG (lattice-to-ctm-conf[5.2.134~1-ecd4]:main():lattice-to-ctm-conf.cc:172) For utterance AMI_ES2009a_SDM_MEE033_0056745_0056890, Bayes Risk 0.109048, avg. confidence per-word 0.89366
LOG (lattice-to-ctm-conf[5.2.134~1-ecd4]:main():lattice-to-ctm-conf.cc:172) For utterance AMI_ES2009a_SDM_MEE033_0056890_0056966, Bayes Risk 0.393713, avg. confidence per-word 0.609359
LOG (lattice-to-ctm-conf[5.2.134~1-ecd4]:main():lattice-to-ctm-conf.cc:172) For utterance AMI_ES2009a_SDM_MEE033_0056966_0056985, Bayes Risk 0.311626, avg. confidence per-word 0.689782
LOG (lattice-to-ctm-conf[5.2.134~1-ecd4]:main():lattice-to-ctm-conf.cc:172) For utterance AMI_ES2009a_SDM_MEE033_0057655_0057711, Bayes Risk 0.693739, avg. confidence per-word 0.306261
LOG (lattice-to-ctm-conf[5.2.134~1-ecd4]:main():lattice-to-ctm-conf.cc:172) For utterance AMI_ES2009a_SDM_MEE033_0058684_0058852, Bayes Risk 0.723308, avg. confidence per-word 0.331376
LOG (lattice-to-ctm-conf[5.2.134~1-ecd4]:main():lattice-to-ctm-conf.cc:172) For utterance AMI_ES2009a_SDM_MEE033_0058852_0059071, Bayes Risk 0.560458, avg. confidence per-word 0.44523
LOG (lattice-to-ctm-conf[5.2.134~1-ecd4]:main():lattice-to-ctm-conf.cc:172) For utterance AMI_ES2009a_SDM_MEE033_0059071_0059191, Bayes Risk 0.106723, avg. confidence per-word 0.937051
LOG (lattice-to-ctm-conf[5.2.134~1-ecd4]:main():lattice-to-ctm-conf.cc:172) For utterance AMI_ES2009a_SDM_MEE033_0059457_0059745, Bayes Risk 1.9339, avg. confidence per-word 0.584048
LOG (lattice-to-ctm-conf[5.2.134~1-ecd4]:main():lattice-to-ctm-conf.cc:172) For utterance AMI_ES2009a_SDM_MEE033_0059745_0059786, Bayes Risk 0.00422644, avg. confidence per-word 0.998053
LOG (lattice-to-ctm-conf[5.2.134~1-ecd4]:main():lattice-to-ctm-conf.cc:172) For utterance AMI_ES2009a_SDM_MEE033_0059786_0059900, Bayes Risk 0.434292, avg. confidence per-word 0.804678
LOG (lattice-to-ctm-conf[5.2.134~1-ecd4]:main():lattice-to-ctm-conf.cc:172) For utterance AMI_ES2009a_SDM_MEE033_0059900_0059994, Bayes Risk 0.422934, avg. confidence per-word -nan
LOG (lattice-to-ctm-conf[5.2.134~1-ecd4]:main():lattice-to-ctm-conf.cc:172) For utterance AMI_ES2009a_SDM_MEE033_0059994_0060104, Bayes Risk 0.135579, avg. confidence per-word 1
LOG (lattice-to-ctm-conf[5.2.134~1-ecd4]:main():lattice-to-ctm-conf.cc:172) For utterance AMI_ES2009a_SDM_MEE033_0060270_0060650, Bayes Risk 0.858278, avg. confidence per-word 0.999956
LOG (lattice-to-ctm-conf[5.2.134~1-ecd4]:main():lattice-to-ctm-conf.cc:172) For utterance AMI_ES2009a_SDM_MEE033_0061440_0061571, Bayes Risk 0.0805576, avg. confidence per-word 0.990853
LOG (lattice-to-ctm-conf[5.2.134~1-ecd4]:main():lattice-to-ctm-conf.cc:172) For utterance AMI_ES2009a_SDM_MEE033_0061695_0061766, Bayes Risk 0.657645, avg. confidence per-word 0.344101
LOG (lattice-to-ctm-conf[5.2.134~1-ecd4]:main():lattice-to-ctm-conf.cc:172) For utterance AMI_ES2009a_SDM_MEE033_0062697_0062825, Bayes Risk 0.665371, avg. confidence per-word 0.781292
LOG (lattice-to-ctm-conf[5.2.134~1-ecd4]:main():lattice-to-ctm-conf.cc:172) For utterance AMI_ES2009a_SDM_MEE033_0062825_0062883, Bayes Risk 0.97396, avg. confidence per-word 0.423575
LOG (lattice-to-ctm-conf[5.2.134~1-ecd4]:main():lattice-to-ctm-conf.cc:172) For utterance AMI_ES2009a_SDM_MEE033_0062883_0063179, Bayes Risk 0.5375, avg. confidence per-word 0.914382
LOG (lattice-to-ctm-conf[5.2.134~1-ecd4]:main():lattice-to-ctm-conf.cc:172) For utterance AMI_ES2009a_SDM_MEE033_0063690_0063887, Bayes Risk 0.897627, avg. confidence per-word 0.96597
LOG (lattice-scale[5.2.134~1-ecd4]:main():lattice-scale.cc:90) Done 34 lattices.
LOG (lattice-to-ctm-conf[5.2.134~1-ecd4]:main():lattice-to-ctm-conf.cc:172) For utterance AMI_ES2009a_SDM_MEE033_0063887_0064510, Bayes Risk 3.55697, avg. confidence per-word 0.703819
LOG (lattice-to-ctm-conf[5.2.134~1-ecd4]:main():lattice-to-ctm-conf.cc:172) For utterance AMI_ES2015a_SDM_FEE058_0060872_0061325, Bayes Risk 0.968261, avg. confidence per-word 0.278571
LOG (lattice-limit-depth[5.2.134~1-ecd4]:main():lattice-limit-depth.cc:103) Done 34 lattices.
LOG (lattice-limit-depth[5.2.134~1-ecd4]:main():lattice-limit-depth.cc:104) Overall density changed from 44.4139 to 44.4139
LOG (lattice-to-ctm-conf[5.2.134~1-ecd4]:main():lattice-to-ctm-conf.cc:172) For utterance AMI_ES2015a_SDM_FEE058_0061325_0062479, Bayes Risk 0.253264, avg. confidence per-word 0.908752
LOG (lattice-push[5.2.134~1-ecd4]:main():lattice-push.cc:98) Pushed 34 lattices, errors on 0
LOG (lattice-to-ctm-conf[5.2.134~1-ecd4]:main():lattice-to-ctm-conf.cc:172) For utterance AMI_ES2015a_SDM_FEE058_0062479_0062754, Bayes Risk 0.665092, avg. confidence per-word -nan
LOG (lattice-to-ctm-conf[5.2.134~1-ecd4]:main():lattice-to-ctm-conf.cc:172) For utterance AMI_ES2015a_SDM_FEE058_0062754_0062941, Bayes Risk 0.638796, avg. confidence per-word -nan
LOG (lattice-to-ctm-conf[5.2.134~1-ecd4]:main():lattice-to-ctm-conf.cc:172) For utterance AMI_ES2015a_SDM_FEE058_0062941_0063135, Bayes Risk 0.719711, avg. confidence per-word 0.327752
LOG (lattice-to-ctm-conf[5.2.134~1-ecd4]:main():lattice-to-ctm-conf.cc:172) For utterance AMI_ES2015a_SDM_FEE058_0063232_0063470, Bayes Risk 0.574615, avg. confidence per-word -nan
LOG (lattice-align-words-lexicon[5.2.134~1-ecd4]:main():lattice-align-words-lexicon.cc:138) Successfully aligned 34 lattices; 0 had errors.
LOG (lattice-to-ctm-conf[5.2.134~1-ecd4]:main():lattice-to-ctm-conf.cc:181) Done 34 lattices.
LOG (lattice-to-ctm-conf[5.2.134~1-ecd4]:main():lattice-to-ctm-conf.cc:182) Overall average Bayes Risk per sentence is 0.586713 and per word, 0.453369
# Accounting: time=9 threads=1
# Ended (code 0) at Sun Feb 25 16:41:14 EST 2018, elapsed time 9 seconds
