latgen-faster-mapped --max-active=7000 --beam=15 --lattice-beam=7 --acoustic-scale=0.1 --allow-partial=true --word-symbol-table=/data/sls/scratch/haotang/ami//exp/ihm/tri3-logmel-hires/graph_ami_fsh.o3g.kn.pr1-7/words.txt /data/sls/scratch/haotang/ami//exp/ihm/tri3-logmel-hires_ali/final.mdl /data/sls/scratch/haotang/ami//exp/ihm/tri3-logmel-hires/graph_ami_fsh.o3g.kn.pr1-7/HCLG.fst ark:- 'ark:|gzip -c > /data/sls/r/u/atitus5/meng/am/logs/ami-0.1/train_sdm1/baseline/frame-tdnn-450x7-step0.05/decode_ihm/lat.8.gz' 
AMI_ES2009a_H00_MEE033_0036932_0037583 OH I'M THE USER 
LOG (latgen-faster-mapped[5.2.134~1-ecd4]:DecodeUtteranceLatticeFaster():decoder-wrappers.cc:286) Log-like per frame for utterance AMI_ES2009a_H00_MEE033_0036932_0037583 is -0.460386 over 649 frames.
AMI_ES2009a_H00_MEE033_0037583_0037774 UM 
LOG (latgen-faster-mapped[5.2.134~1-ecd4]:DecodeUtteranceLatticeFaster():decoder-wrappers.cc:286) Log-like per frame for utterance AMI_ES2009a_H00_MEE033_0037583_0037774 is -0.195574 over 189 frames.
AMI_ES2009a_H00_MEE033_0037774_0037861 SO 
LOG (latgen-faster-mapped[5.2.134~1-ecd4]:DecodeUtteranceLatticeFaster():decoder-wrappers.cc:286) Log-like per frame for utterance AMI_ES2009a_H00_MEE033_0037774_0037861 is -0.22591 over 85 frames.
AMI_ES2009a_H00_MEE033_0038707_0038958 EXPERT 
LOG (latgen-faster-mapped[5.2.134~1-ecd4]:DecodeUtteranceLatticeFaster():decoder-wrappers.cc:286) Log-like per frame for utterance AMI_ES2009a_H00_MEE033_0038707_0038958 is -0.430959 over 249 frames.
AMI_ES2009a_H00_MEE033_0038999_0039116 EXPERT 
LOG (latgen-faster-mapped[5.2.134~1-ecd4]:DecodeUtteranceLatticeFaster():decoder-wrappers.cc:286) Log-like per frame for utterance AMI_ES2009a_H00_MEE033_0038999_0039116 is -0.414493 over 115 frames.
AMI_ES2009a_H00_MEE033_0040674_0040879 YEAH 
LOG (latgen-faster-mapped[5.2.134~1-ecd4]:DecodeUtteranceLatticeFaster():decoder-wrappers.cc:286) Log-like per frame for utterance AMI_ES2009a_H00_MEE033_0040674_0040879 is -0.332161 over 203 frames.
AMI_ES2009a_H00_MEE033_0040879_0040951 UH 
LOG (latgen-faster-mapped[5.2.134~1-ecd4]:DecodeUtteranceLatticeFaster():decoder-wrappers.cc:286) Log-like per frame for utterance AMI_ES2009a_H00_MEE033_0040879_0040951 is -0.454503 over 70 frames.
AMI_ES2009a_H00_MEE033_0040951_0040969 <unk> 
LOG (latgen-faster-mapped[5.2.134~1-ecd4]:DecodeUtteranceLatticeFaster():decoder-wrappers.cc:286) Log-like per frame for utterance AMI_ES2009a_H00_MEE033_0040951_0040969 is -0.779775 over 16 frames.
AMI_ES2009a_H00_MEE033_0040969_0041203 MM 
LOG (latgen-faster-mapped[5.2.134~1-ecd4]:DecodeUtteranceLatticeFaster():decoder-wrappers.cc:286) Log-like per frame for utterance AMI_ES2009a_H00_MEE033_0040969_0041203 is -0.29686 over 232 frames.
AMI_ES2009a_H00_MEE033_0041203_0041583 RIGHT SO 
LOG (latgen-faster-mapped[5.2.134~1-ecd4]:DecodeUtteranceLatticeFaster():decoder-wrappers.cc:286) Log-like per frame for utterance AMI_ES2009a_H00_MEE033_0041203_0041583 is -0.290997 over 378 frames.
AMI_ES2009a_H00_MEE033_0041583_0041635 YEAH 
LOG (latgen-faster-mapped[5.2.134~1-ecd4]:DecodeUtteranceLatticeFaster():decoder-wrappers.cc:286) Log-like per frame for utterance AMI_ES2009a_H00_MEE033_0041583_0041635 is -0.433866 over 50 frames.
AMI_ES2009a_H00_MEE033_0041926_0042237 WELL NO NO 
LOG (latgen-faster-mapped[5.2.134~1-ecd4]:DecodeUtteranceLatticeFaster():decoder-wrappers.cc:286) Log-like per frame for utterance AMI_ES2009a_H00_MEE033_0041926_0042237 is -0.459472 over 309 frames.
AMI_ES2009a_H00_MEE033_0042237_0042730 YEAH <unk> EVERYBODY LIKES EXTENT BUT 
LOG (latgen-faster-mapped[5.2.134~1-ecd4]:DecodeUtteranceLatticeFaster():decoder-wrappers.cc:286) Log-like per frame for utterance AMI_ES2009a_H00_MEE033_0042237_0042730 is -0.537116 over 491 frames.
AMI_ES2009a_H00_MEE033_0042749_0043329 IF YOU'RE A T. V. TELEVISION SHOW BUT I HAVE ALL OF IT 
LOG (latgen-faster-mapped[5.2.134~1-ecd4]:DecodeUtteranceLatticeFaster():decoder-wrappers.cc:286) Log-like per frame for utterance AMI_ES2009a_H00_MEE033_0042749_0043329 is -0.536901 over 578 frames.
AMI_ES2009a_H00_MEE033_0043329_0043464 IT'S 
LOG (latgen-faster-mapped[5.2.134~1-ecd4]:DecodeUtteranceLatticeFaster():decoder-wrappers.cc:286) Log-like per frame for utterance AMI_ES2009a_H00_MEE033_0043329_0043464 is -0.524198 over 133 frames.
AMI_ES2009a_H00_MEE033_0043697_0043872 THAT THAT TO MAKE IT MAKE A 
LOG (latgen-faster-mapped[5.2.134~1-ecd4]:DecodeUtteranceLatticeFaster():decoder-wrappers.cc:286) Log-like per frame for utterance AMI_ES2009a_H00_MEE033_0043697_0043872 is -0.540575 over 173 frames.
AMI_ES2009a_H00_MEE033_0043872_0043926 YEAH 
LOG (latgen-faster-mapped[5.2.134~1-ecd4]:DecodeUtteranceLatticeFaster():decoder-wrappers.cc:286) Log-like per frame for utterance AMI_ES2009a_H00_MEE033_0043872_0043926 is -0.476111 over 52 frames.
AMI_ES2009a_H00_MEE033_0044056_0044133 IS IT 
LOG (latgen-faster-mapped[5.2.134~1-ecd4]:DecodeUtteranceLatticeFaster():decoder-wrappers.cc:286) Log-like per frame for utterance AMI_ES2009a_H00_MEE033_0044056_0044133 is -0.683716 over 75 frames.
AMI_ES2009a_H00_MEE033_0044632_0044983 IT LOOKS REALLY TALL LIKE SIX SIX 
LOG (latgen-faster-mapped[5.2.134~1-ecd4]:DecodeUtteranceLatticeFaster():decoder-wrappers.cc:286) Log-like per frame for utterance AMI_ES2009a_H00_MEE033_0044632_0044983 is -0.457222 over 349 frames.
AMI_ES2009a_H00_MEE033_0044983_0045108 UH 
LOG (latgen-faster-mapped[5.2.134~1-ecd4]:DecodeUtteranceLatticeFaster():decoder-wrappers.cc:286) Log-like per frame for utterance AMI_ES2009a_H00_MEE033_0044983_0045108 is -0.191852 over 123 frames.
AMI_ES2009a_H00_MEE033_0045108_0045475 UM OKAY SO 
LOG (latgen-faster-mapped[5.2.134~1-ecd4]:DecodeUtteranceLatticeFaster():decoder-wrappers.cc:286) Log-like per frame for utterance AMI_ES2009a_H00_MEE033_0045108_0045475 is -0.368545 over 365 frames.
AMI_ES2009a_H00_MEE033_0045475_0045683 <unk> 
LOG (latgen-faster-mapped[5.2.134~1-ecd4]:DecodeUtteranceLatticeFaster():decoder-wrappers.cc:286) Log-like per frame for utterance AMI_ES2009a_H00_MEE033_0045475_0045683 is -0.347343 over 206 frames.
AMI_ES2009a_H00_MEE033_0045683_0046077 UM 
LOG (latgen-faster-mapped[5.2.134~1-ecd4]:DecodeUtteranceLatticeFaster():decoder-wrappers.cc:286) Log-like per frame for utterance AMI_ES2009a_H00_MEE033_0045683_0046077 is -0.354909 over 392 frames.
AMI_ES2009a_H00_MEE033_0046077_0046781 UM I'M I'M PERSON AND UM 
LOG (latgen-faster-mapped[5.2.134~1-ecd4]:DecodeUtteranceLatticeFaster():decoder-wrappers.cc:286) Log-like per frame for utterance AMI_ES2009a_H00_MEE033_0046077_0046781 is -0.368807 over 702 frames.
AMI_ES2009a_H00_MEE033_0046781_0046807 THAT'S TRUE 
LOG (latgen-faster-mapped[5.2.134~1-ecd4]:DecodeUtteranceLatticeFaster():decoder-wrappers.cc:286) Log-like per frame for utterance AMI_ES2009a_H00_MEE033_0046781_0046807 is -0.843479 over 24 frames.
AMI_ES2009a_H00_MEE033_0047323_0047798 OKAY SO I THINK 
LOG (latgen-faster-mapped[5.2.134~1-ecd4]:DecodeUtteranceLatticeFaster():decoder-wrappers.cc:286) Log-like per frame for utterance AMI_ES2009a_H00_MEE033_0047323_0047798 is -0.424777 over 473 frames.
AMI_ES2009a_H00_MEE033_0047798_0047855 <unk> 
LOG (latgen-faster-mapped[5.2.134~1-ecd4]:DecodeUtteranceLatticeFaster():decoder-wrappers.cc:286) Log-like per frame for utterance AMI_ES2009a_H00_MEE033_0047798_0047855 is -0.599837 over 55 frames.
AMI_ES2009a_H00_MEE033_0047855_0047994 YEAH YEAH 
LOG (latgen-faster-mapped[5.2.134~1-ecd4]:DecodeUtteranceLatticeFaster():decoder-wrappers.cc:286) Log-like per frame for utterance AMI_ES2009a_H00_MEE033_0047855_0047994 is -0.286049 over 137 frames.
AMI_ES2009a_H00_MEE033_0047994_0048221 YEAH <unk> 
LOG (latgen-faster-mapped[5.2.134~1-ecd4]:DecodeUtteranceLatticeFaster():decoder-wrappers.cc:286) Log-like per frame for utterance AMI_ES2009a_H00_MEE033_0047994_0048221 is -0.297555 over 225 frames.
AMI_ES2009a_H00_MEE033_0048221_0048351 COOL 
LOG (latgen-faster-mapped[5.2.134~1-ecd4]:DecodeUtteranceLatticeFaster():decoder-wrappers.cc:286) Log-like per frame for utterance AMI_ES2009a_H00_MEE033_0048221_0048351 is -0.310293 over 128 frames.
AMI_ES2009a_H00_MEE033_0048351_0048426 <unk> 
LOG (latgen-faster-mapped[5.2.134~1-ecd4]:DecodeUtteranceLatticeFaster():decoder-wrappers.cc:286) Log-like per frame for utterance AMI_ES2009a_H00_MEE033_0048351_0048426 is -0.483038 over 73 frames.
AMI_ES2009a_H00_MEE033_0048426_0048940 BUT SO THEN SOME TELLY WHAT EVERYONE 
LOG (latgen-faster-mapped[5.2.134~1-ecd4]:DecodeUtteranceLatticeFaster():decoder-wrappers.cc:286) Log-like per frame for utterance AMI_ES2009a_H00_MEE033_0048426_0048940 is -0.503982 over 512 frames.
AMI_ES2009a_H00_MEE033_0049071_0049197 RIGHT UM 
LOG (latgen-faster-mapped[5.2.134~1-ecd4]:DecodeUtteranceLatticeFaster():decoder-wrappers.cc:286) Log-like per frame for utterance AMI_ES2009a_H00_MEE033_0049071_0049197 is -0.260369 over 124 frames.
AMI_ES2009a_H00_MEE033_0049992_0050010 
LOG (latgen-faster-mapped[5.2.134~1-ecd4]:DecodeUtteranceLatticeFaster():decoder-wrappers.cc:286) Log-like per frame for utterance AMI_ES2009a_H00_MEE033_0049992_0050010 is -0.770168 over 16 frames.
LOG (latgen-faster-mapped[5.2.134~1-ecd4]:main():latgen-faster-mapped.cc:164) Time taken 163.875s: real-time factor assuming 100 frames/sec is 2.06107
LOG (latgen-faster-mapped[5.2.134~1-ecd4]:main():latgen-faster-mapped.cc:167) Done 34 utterances, failed for 0
LOG (latgen-faster-mapped[5.2.134~1-ecd4]:main():latgen-faster-mapped.cc:169) Overall log-likelihood per frame is -0.415382 over 7951 frames.
