latgen-faster-mapped --max-active=7000 --beam=15 --lattice-beam=7 --acoustic-scale=0.1 --allow-partial=true --word-symbol-table=/data/sls/scratch/haotang/ami//exp/ihm/tri3-logmel-hires/graph_ami_fsh.o3g.kn.pr1-7/words.txt /data/sls/scratch/haotang/ami//exp/ihm/tri3-logmel-hires_ali/final.mdl /data/sls/scratch/haotang/ami//exp/ihm/tri3-logmel-hires/graph_ami_fsh.o3g.kn.pr1-7/HCLG.fst ark:- 'ark:|gzip -c > /data/sls/r/u/atitus5/meng/am/logs/ami-0.1/train_sdm1/baseline/frame-tdnn-450x7-step0.05/decode_ihm/lat.21.gz' 
AMI_IS1006c_H01_MIO040_0069436_0069823 AH JUST PRESS A BUTTON 
LOG (latgen-faster-mapped[5.2.134~1-ecd4]:DecodeUtteranceLatticeFaster():decoder-wrappers.cc:286) Log-like per frame for utterance AMI_IS1006c_H01_MIO040_0069436_0069823 is -0.314632 over 385 frames.
AMI_IS1006c_H01_MIO040_0070047_0070244 YEAH 
LOG (latgen-faster-mapped[5.2.134~1-ecd4]:DecodeUtteranceLatticeFaster():decoder-wrappers.cc:286) Log-like per frame for utterance AMI_IS1006c_H01_MIO040_0070047_0070244 is -0.372892 over 195 frames.
AMI_IS1006c_H01_MIO040_0070244_0070423 WELL 
LOG (latgen-faster-mapped[5.2.134~1-ecd4]:DecodeUtteranceLatticeFaster():decoder-wrappers.cc:286) Log-like per frame for utterance AMI_IS1006c_H01_MIO040_0070244_0070423 is -0.336818 over 177 frames.
AMI_IS1006c_H01_MIO040_0070423_0070961 BUT INSTEAD OF THIS DEVICE 
LOG (latgen-faster-mapped[5.2.134~1-ecd4]:DecodeUtteranceLatticeFaster():decoder-wrappers.cc:286) Log-like per frame for utterance AMI_IS1006c_H01_MIO040_0070423_0070961 is -0.289593 over 536 frames.
AMI_IS1006c_H01_MIO040_0071125_0071728 UH JUST FEW BUTTONS TO START 
LOG (latgen-faster-mapped[5.2.134~1-ecd4]:DecodeUtteranceLatticeFaster():decoder-wrappers.cc:286) Log-like per frame for utterance AMI_IS1006c_H01_MIO040_0071125_0071728 is -0.460283 over 601 frames.
AMI_IS1006c_H01_MIO040_0071948_0072218 THE DISCOURSE 
LOG (latgen-faster-mapped[5.2.134~1-ecd4]:DecodeUtteranceLatticeFaster():decoder-wrappers.cc:286) Log-like per frame for utterance AMI_IS1006c_H01_MIO040_0071948_0072218 is -0.285546 over 268 frames.
AMI_IS1006c_H01_MIO040_0072218_0072406 AND UH SAY 
LOG (latgen-faster-mapped[5.2.134~1-ecd4]:DecodeUtteranceLatticeFaster():decoder-wrappers.cc:286) Log-like per frame for utterance AMI_IS1006c_H01_MIO040_0072218_0072406 is -0.38406 over 186 frames.
AMI_IS1006c_H01_MIO040_0072575_0072821 <unk> 
LOG (latgen-faster-mapped[5.2.134~1-ecd4]:DecodeUtteranceLatticeFaster():decoder-wrappers.cc:286) Log-like per frame for utterance AMI_IS1006c_H01_MIO040_0072575_0072821 is -0.350525 over 244 frames.
AMI_IS1006c_H01_MIO040_0072821_0073055 BUT ALSO 
LOG (latgen-faster-mapped[5.2.134~1-ecd4]:DecodeUtteranceLatticeFaster():decoder-wrappers.cc:286) Log-like per frame for utterance AMI_IS1006c_H01_MIO040_0072821_0073055 is -0.343767 over 232 frames.
AMI_IS1006c_H01_MIO040_0073055_0073275 A SIDE IT'S ONE 
LOG (latgen-faster-mapped[5.2.134~1-ecd4]:DecodeUtteranceLatticeFaster():decoder-wrappers.cc:286) Log-like per frame for utterance AMI_IS1006c_H01_MIO040_0073055_0073275 is -0.446582 over 218 frames.
AMI_IS1006c_H01_MIO040_0073275_0073729 UM SO 
LOG (latgen-faster-mapped[5.2.134~1-ecd4]:DecodeUtteranceLatticeFaster():decoder-wrappers.cc:286) Log-like per frame for utterance AMI_IS1006c_H01_MIO040_0073275_0073729 is -0.260574 over 452 frames.
AMI_IS1006c_H01_MIO040_0073729_0073995 AND FIVE 
LOG (latgen-faster-mapped[5.2.134~1-ecd4]:DecodeUtteranceLatticeFaster():decoder-wrappers.cc:286) Log-like per frame for utterance AMI_IS1006c_H01_MIO040_0073729_0073995 is -0.391787 over 264 frames.
AMI_IS1006c_H01_MIO040_0074594_0075224 AND FOR US TO FROM US 
LOG (latgen-faster-mapped[5.2.134~1-ecd4]:DecodeUtteranceLatticeFaster():decoder-wrappers.cc:286) Log-like per frame for utterance AMI_IS1006c_H01_MIO040_0074594_0075224 is -0.400817 over 628 frames.
AMI_IS1006c_H01_MIO040_0075329_0075431 NOT THE CASE 
LOG (latgen-faster-mapped[5.2.134~1-ecd4]:DecodeUtteranceLatticeFaster():decoder-wrappers.cc:286) Log-like per frame for utterance AMI_IS1006c_H01_MIO040_0075329_0075431 is -0.393545 over 100 frames.
AMI_IS1006c_H01_MIO040_0075904_0075949 YEAH 
LOG (latgen-faster-mapped[5.2.134~1-ecd4]:DecodeUtteranceLatticeFaster():decoder-wrappers.cc:286) Log-like per frame for utterance AMI_IS1006c_H01_MIO040_0075904_0075949 is -0.332054 over 43 frames.
AMI_IS1006c_H01_MIO040_0076839_0077305 OKAY SO FOR US 
LOG (latgen-faster-mapped[5.2.134~1-ecd4]:DecodeUtteranceLatticeFaster():decoder-wrappers.cc:286) Log-like per frame for utterance AMI_IS1006c_H01_MIO040_0076839_0077305 is -0.454884 over 464 frames.
AMI_IS1006c_H01_MIO040_0077441_0077516 NO 
LOG (latgen-faster-mapped[5.2.134~1-ecd4]:DecodeUtteranceLatticeFaster():decoder-wrappers.cc:286) Log-like per frame for utterance AMI_IS1006c_H01_MIO040_0077441_0077516 is -0.46414 over 73 frames.
AMI_IS1006c_H01_MIO040_0078126_0078325 THAT'S WHY 
LOG (latgen-faster-mapped[5.2.134~1-ecd4]:DecodeUtteranceLatticeFaster():decoder-wrappers.cc:286) Log-like per frame for utterance AMI_IS1006c_H01_MIO040_0078126_0078325 is -0.363479 over 197 frames.
AMI_IS1006c_H01_MIO040_0078325_0078751 THAT'S RIGHT 
LOG (latgen-faster-mapped[5.2.134~1-ecd4]:DecodeUtteranceLatticeFaster():decoder-wrappers.cc:286) Log-like per frame for utterance AMI_IS1006c_H01_MIO040_0078325_0078751 is -0.208461 over 424 frames.
AMI_IS1006c_H01_MIO040_0079183_0079213 NO 
LOG (latgen-faster-mapped[5.2.134~1-ecd4]:DecodeUtteranceLatticeFaster():decoder-wrappers.cc:286) Log-like per frame for utterance AMI_IS1006c_H01_MIO040_0079183_0079213 is -0.512519 over 28 frames.
AMI_IS1006c_H01_MIO040_0081146_0081261 MM 
LOG (latgen-faster-mapped[5.2.134~1-ecd4]:DecodeUtteranceLatticeFaster():decoder-wrappers.cc:286) Log-like per frame for utterance AMI_IS1006c_H01_MIO040_0081146_0081261 is -0.375977 over 113 frames.
AMI_IS1006c_H01_MIO040_0082020_0082063 UH 
LOG (latgen-faster-mapped[5.2.134~1-ecd4]:DecodeUtteranceLatticeFaster():decoder-wrappers.cc:286) Log-like per frame for utterance AMI_IS1006c_H01_MIO040_0082020_0082063 is -0.568795 over 41 frames.
AMI_IS1006c_H01_MIO040_0082488_0082503 YEAH 
LOG (latgen-faster-mapped[5.2.134~1-ecd4]:DecodeUtteranceLatticeFaster():decoder-wrappers.cc:286) Log-like per frame for utterance AMI_IS1006c_H01_MIO040_0082488_0082503 is -0.603599 over 13 frames.
AMI_IS1006c_H01_MIO040_0084127_0084489 OKAY 
LOG (latgen-faster-mapped[5.2.134~1-ecd4]:DecodeUtteranceLatticeFaster():decoder-wrappers.cc:286) Log-like per frame for utterance AMI_IS1006c_H01_MIO040_0084127_0084489 is -0.503963 over 360 frames.
AMI_IS1006c_H01_MIO040_0084489_0085597 UH UH SOME SOME PAINTS THAT CAN CHANGE LIKE DIFFERENT COLOURS 
LOG (latgen-faster-mapped[5.2.134~1-ecd4]:DecodeUtteranceLatticeFaster():decoder-wrappers.cc:286) Log-like per frame for utterance AMI_IS1006c_H01_MIO040_0084489_0085597 is -0.350972 over 1106 frames.
AMI_IS1006c_H01_MIO040_0085754_0086299 WHAT IS R. I'M SURE 
LOG (latgen-faster-mapped[5.2.134~1-ecd4]:DecodeUtteranceLatticeFaster():decoder-wrappers.cc:286) Log-like per frame for utterance AMI_IS1006c_H01_MIO040_0085754_0086299 is -0.469423 over 543 frames.
AMI_IS1006c_H01_MIO040_0086407_0086591 FACT 
LOG (latgen-faster-mapped[5.2.134~1-ecd4]:DecodeUtteranceLatticeFaster():decoder-wrappers.cc:286) Log-like per frame for utterance AMI_IS1006c_H01_MIO040_0086407_0086591 is -0.376704 over 182 frames.
AMI_IS1006c_H01_MIO040_0086591_0086832 OKAY 
LOG (latgen-faster-mapped[5.2.134~1-ecd4]:DecodeUtteranceLatticeFaster():decoder-wrappers.cc:286) Log-like per frame for utterance AMI_IS1006c_H01_MIO040_0086591_0086832 is -0.320986 over 239 frames.
AMI_IS1006c_H01_MIO040_0087264_0087479 UH 
LOG (latgen-faster-mapped[5.2.134~1-ecd4]:DecodeUtteranceLatticeFaster():decoder-wrappers.cc:286) Log-like per frame for utterance AMI_IS1006c_H01_MIO040_0087264_0087479 is -0.294382 over 213 frames.
AMI_IS1006c_H01_MIO040_0089856_0089899 UH-HUH 
LOG (latgen-faster-mapped[5.2.134~1-ecd4]:DecodeUtteranceLatticeFaster():decoder-wrappers.cc:286) Log-like per frame for utterance AMI_IS1006c_H01_MIO040_0089856_0089899 is -0.408178 over 41 frames.
AMI_TS3006d_H02_MTD022ID_0176463_0176594 AND THEN 
LOG (latgen-faster-mapped[5.2.134~1-ecd4]:DecodeUtteranceLatticeFaster():decoder-wrappers.cc:286) Log-like per frame for utterance AMI_TS3006d_H02_MTD022ID_0176463_0176594 is -0.446714 over 129 frames.
AMI_TS3006d_H02_MTD022ID_0177895_0178014 YEAH UM 
LOG (latgen-faster-mapped[5.2.134~1-ecd4]:DecodeUtteranceLatticeFaster():decoder-wrappers.cc:286) Log-like per frame for utterance AMI_TS3006d_H02_MTD022ID_0177895_0178014 is -0.388275 over 117 frames.
AMI_TS3006d_H02_MTD022ID_0178014_0178083 FOR 
LOG (latgen-faster-mapped[5.2.134~1-ecd4]:DecodeUtteranceLatticeFaster():decoder-wrappers.cc:286) Log-like per frame for utterance AMI_TS3006d_H02_MTD022ID_0178014_0178083 is -0.562514 over 67 frames.
LOG (latgen-faster-mapped[5.2.134~1-ecd4]:main():latgen-faster-mapped.cc:164) Time taken 177.218s: real-time factor assuming 100 frames/sec is 1.99592
LOG (latgen-faster-mapped[5.2.134~1-ecd4]:main():latgen-faster-mapped.cc:167) Done 33 utterances, failed for 0
LOG (latgen-faster-mapped[5.2.134~1-ecd4]:main():latgen-faster-mapped.cc:169) Overall log-likelihood per frame is -0.372269 over 8879 frames.
