latgen-faster-mapped --max-active=7000 --beam=15 --lattice-beam=7 --acoustic-scale=0.1 --allow-partial=true --word-symbol-table=/data/sls/scratch/haotang/ami//exp/ihm/tri3-logmel-hires/graph_ami_fsh.o3g.kn.pr1-7/words.txt /data/sls/scratch/haotang/ami//exp/ihm/tri3-logmel-hires_ali/final.mdl /data/sls/scratch/haotang/ami//exp/ihm/tri3-logmel-hires/graph_ami_fsh.o3g.kn.pr1-7/HCLG.fst ark:- 'ark:|gzip -c > /data/sls/r/u/atitus5/meng/am/logs/ami-0.1/train_sdm1/baseline/frame-tdnn-450x7-step0.05/decode_ihm/lat.29.gz' 
AMI_TS3012d_H03_MTD048ME_0177247_0177353 OR FOR 
LOG (latgen-faster-mapped[5.2.134~1-ecd4]:DecodeUtteranceLatticeFaster():decoder-wrappers.cc:286) Log-like per frame for utterance AMI_TS3012d_H03_MTD048ME_0177247_0177353 is -0.470847 over 104 frames.
AMI_TS3012d_H03_MTD048ME_0178046_0178281 <unk> 
LOG (latgen-faster-mapped[5.2.134~1-ecd4]:DecodeUtteranceLatticeFaster():decoder-wrappers.cc:286) Log-like per frame for utterance AMI_TS3012d_H03_MTD048ME_0178046_0178281 is -0.35134 over 233 frames.
AMI_TS3012d_H03_MTD048ME_0178281_0178540 THE 
LOG (latgen-faster-mapped[5.2.134~1-ecd4]:DecodeUtteranceLatticeFaster():decoder-wrappers.cc:286) Log-like per frame for utterance AMI_TS3012d_H03_MTD048ME_0178281_0178540 is -0.428125 over 257 frames.
AMI_TS3012d_H03_MTD048ME_0178540_0178656 YEAH 
LOG (latgen-faster-mapped[5.2.134~1-ecd4]:DecodeUtteranceLatticeFaster():decoder-wrappers.cc:286) Log-like per frame for utterance AMI_TS3012d_H03_MTD048ME_0178540_0178656 is -0.353872 over 114 frames.
AMI_TS3012d_H03_MTD048ME_0178656_0178788 THE FROM 
LOG (latgen-faster-mapped[5.2.134~1-ecd4]:DecodeUtteranceLatticeFaster():decoder-wrappers.cc:286) Log-like per frame for utterance AMI_TS3012d_H03_MTD048ME_0178656_0178788 is -0.486472 over 130 frames.
AMI_TS3012d_H03_MTD048ME_0178900_0179047 YEAH 
LOG (latgen-faster-mapped[5.2.134~1-ecd4]:DecodeUtteranceLatticeFaster():decoder-wrappers.cc:286) Log-like per frame for utterance AMI_TS3012d_H03_MTD048ME_0178900_0179047 is -0.332252 over 145 frames.
AMI_TS3012d_H03_MTD048ME_0179133_0179228 YEAH UH 
LOG (latgen-faster-mapped[5.2.134~1-ecd4]:DecodeUtteranceLatticeFaster():decoder-wrappers.cc:286) Log-like per frame for utterance AMI_TS3012d_H03_MTD048ME_0179133_0179228 is -0.364936 over 93 frames.
AMI_TS3012d_H03_MTD048ME_0179353_0179465 WELL UH 
LOG (latgen-faster-mapped[5.2.134~1-ecd4]:DecodeUtteranceLatticeFaster():decoder-wrappers.cc:286) Log-like per frame for utterance AMI_TS3012d_H03_MTD048ME_0179353_0179465 is -0.351622 over 110 frames.
AMI_TS3012d_H03_MTD048ME_0180518_0180551 YEAH 
LOG (latgen-faster-mapped[5.2.134~1-ecd4]:DecodeUtteranceLatticeFaster():decoder-wrappers.cc:286) Log-like per frame for utterance AMI_TS3012d_H03_MTD048ME_0180518_0180551 is -0.427231 over 31 frames.
AMI_TS3012d_H03_MTD048ME_0180787_0180829 SURE 
LOG (latgen-faster-mapped[5.2.134~1-ecd4]:DecodeUtteranceLatticeFaster():decoder-wrappers.cc:286) Log-like per frame for utterance AMI_TS3012d_H03_MTD048ME_0180787_0180829 is -0.609912 over 40 frames.
AMI_TS3012d_H03_MTD048ME_0181927_0182071 YEAH 
LOG (latgen-faster-mapped[5.2.134~1-ecd4]:DecodeUtteranceLatticeFaster():decoder-wrappers.cc:286) Log-like per frame for utterance AMI_TS3012d_H03_MTD048ME_0181927_0182071 is -0.447731 over 142 frames.
AMI_TS3012d_H03_MTD048ME_0187856_0187899 I THINK 
LOG (latgen-faster-mapped[5.2.134~1-ecd4]:DecodeUtteranceLatticeFaster():decoder-wrappers.cc:286) Log-like per frame for utterance AMI_TS3012d_H03_MTD048ME_0187856_0187899 is -0.701733 over 41 frames.
AMI_TS3012d_H03_MTD048ME_0188025_0188079 THE 
LOG (latgen-faster-mapped[5.2.134~1-ecd4]:DecodeUtteranceLatticeFaster():decoder-wrappers.cc:286) Log-like per frame for utterance AMI_TS3012d_H03_MTD048ME_0188025_0188079 is -0.544267 over 52 frames.
AMI_TS3012d_H03_MTD048ME_0190864_0190929 YEAH 
LOG (latgen-faster-mapped[5.2.134~1-ecd4]:DecodeUtteranceLatticeFaster():decoder-wrappers.cc:286) Log-like per frame for utterance AMI_TS3012d_H03_MTD048ME_0190864_0190929 is -0.351337 over 63 frames.
AMI_TS3012d_H03_MTD048ME_0191040_0191173 YEAH 
LOG (latgen-faster-mapped[5.2.134~1-ecd4]:DecodeUtteranceLatticeFaster():decoder-wrappers.cc:286) Log-like per frame for utterance AMI_TS3012d_H03_MTD048ME_0191040_0191173 is -0.346734 over 131 frames.
AMI_TS3012d_H03_MTD048ME_0191359_0191412 <unk> 
LOG (latgen-faster-mapped[5.2.134~1-ecd4]:DecodeUtteranceLatticeFaster():decoder-wrappers.cc:286) Log-like per frame for utterance AMI_TS3012d_H03_MTD048ME_0191359_0191412 is -0.424641 over 51 frames.
AMI_TS3012d_H03_MTD048ME_0191617_0191835 <unk> 
LOG (latgen-faster-mapped[5.2.134~1-ecd4]:DecodeUtteranceLatticeFaster():decoder-wrappers.cc:286) Log-like per frame for utterance AMI_TS3012d_H03_MTD048ME_0191617_0191835 is -0.40521 over 216 frames.
AMI_TS3012d_H03_MTD048ME_0192069_0192119 MM-HMM 
LOG (latgen-faster-mapped[5.2.134~1-ecd4]:DecodeUtteranceLatticeFaster():decoder-wrappers.cc:286) Log-like per frame for utterance AMI_TS3012d_H03_MTD048ME_0192069_0192119 is -0.520925 over 48 frames.
AMI_TS3012d_H03_MTD048ME_0192473_0192551 OR THREE 
LOG (latgen-faster-mapped[5.2.134~1-ecd4]:DecodeUtteranceLatticeFaster():decoder-wrappers.cc:286) Log-like per frame for utterance AMI_TS3012d_H03_MTD048ME_0192473_0192551 is -0.632457 over 76 frames.
AMI_TS3012d_H03_MTD048ME_0192822_0192950 OR THREE THREE 
LOG (latgen-faster-mapped[5.2.134~1-ecd4]:DecodeUtteranceLatticeFaster():decoder-wrappers.cc:286) Log-like per frame for utterance AMI_TS3012d_H03_MTD048ME_0192822_0192950 is -0.493965 over 126 frames.
AMI_TS3012d_H03_MTD048ME_0193218_0193552 REAL REACTION REMOTE CONTROL 
LOG (latgen-faster-mapped[5.2.134~1-ecd4]:DecodeUtteranceLatticeFaster():decoder-wrappers.cc:286) Log-like per frame for utterance AMI_TS3012d_H03_MTD048ME_0193218_0193552 is -0.304234 over 332 frames.
AMI_TS3012d_H03_MTD048ME_0193552_0193716 R. THREE C. 
LOG (latgen-faster-mapped[5.2.134~1-ecd4]:DecodeUtteranceLatticeFaster():decoder-wrappers.cc:286) Log-like per frame for utterance AMI_TS3012d_H03_MTD048ME_0193552_0193716 is -0.363772 over 162 frames.
AMI_TS3012d_H03_MTD048ME_0193716_0193746 YEAH 
LOG (latgen-faster-mapped[5.2.134~1-ecd4]:DecodeUtteranceLatticeFaster():decoder-wrappers.cc:286) Log-like per frame for utterance AMI_TS3012d_H03_MTD048ME_0193716_0193746 is -0.422218 over 28 frames.
AMI_TS3012d_H03_MTD048ME_0194463_0194554 YEAH 
LOG (latgen-faster-mapped[5.2.134~1-ecd4]:DecodeUtteranceLatticeFaster():decoder-wrappers.cc:286) Log-like per frame for utterance AMI_TS3012d_H03_MTD048ME_0194463_0194554 is -0.453945 over 89 frames.
AMI_TS3012d_H03_MTD048ME_0194895_0194981 <unk> 
LOG (latgen-faster-mapped[5.2.134~1-ecd4]:DecodeUtteranceLatticeFaster():decoder-wrappers.cc:286) Log-like per frame for utterance AMI_TS3012d_H03_MTD048ME_0194895_0194981 is -0.468896 over 84 frames.
AMI_TS3012d_H03_MTD048ME_0195197_0195310 BUT 
LOG (latgen-faster-mapped[5.2.134~1-ecd4]:DecodeUtteranceLatticeFaster():decoder-wrappers.cc:286) Log-like per frame for utterance AMI_TS3012d_H03_MTD048ME_0195197_0195310 is -0.506223 over 111 frames.
AMI_TS3012d_H03_MTD048ME_0195707_0195873 UH 
LOG (latgen-faster-mapped[5.2.134~1-ecd4]:DecodeUtteranceLatticeFaster():decoder-wrappers.cc:286) Log-like per frame for utterance AMI_TS3012d_H03_MTD048ME_0195707_0195873 is -0.310026 over 164 frames.
AMI_TS3012d_H03_MTD048ME_0197858_0197962 
LOG (latgen-faster-mapped[5.2.134~1-ecd4]:DecodeUtteranceLatticeFaster():decoder-wrappers.cc:286) Log-like per frame for utterance AMI_TS3012d_H03_MTD048ME_0197858_0197962 is -0.385481 over 102 frames.
AMI_TS3012d_H03_MTD048ME_0199970_0200015 <unk> 
LOG (latgen-faster-mapped[5.2.134~1-ecd4]:DecodeUtteranceLatticeFaster():decoder-wrappers.cc:286) Log-like per frame for utterance AMI_TS3012d_H03_MTD048ME_0199970_0200015 is -0.568075 over 43 frames.
AMI_TS3012d_H03_MTD048ME_0200580_0200818 YEAH 
LOG (latgen-faster-mapped[5.2.134~1-ecd4]:DecodeUtteranceLatticeFaster():decoder-wrappers.cc:286) Log-like per frame for utterance AMI_TS3012d_H03_MTD048ME_0200580_0200818 is -0.243737 over 236 frames.
AMI_TS3012d_H03_MTD048ME_0201583_0201657 TRUE 
LOG (latgen-faster-mapped[5.2.134~1-ecd4]:DecodeUtteranceLatticeFaster():decoder-wrappers.cc:286) Log-like per frame for utterance AMI_TS3012d_H03_MTD048ME_0201583_0201657 is -0.589364 over 72 frames.
AMI_TS3012d_H03_MTD048ME_0201940_0201980 YEAH 
LOG (latgen-faster-mapped[5.2.134~1-ecd4]:DecodeUtteranceLatticeFaster():decoder-wrappers.cc:286) Log-like per frame for utterance AMI_TS3012d_H03_MTD048ME_0201940_0201980 is -0.361947 over 38 frames.
AMI_TS3012d_H03_MTD048ME_0202403_0202453 THAT'S OKAY 
LOG (latgen-faster-mapped[5.2.134~1-ecd4]:DecodeUtteranceLatticeFaster():decoder-wrappers.cc:286) Log-like per frame for utterance AMI_TS3012d_H03_MTD048ME_0202403_0202453 is -0.629097 over 48 frames.
LOG (latgen-faster-mapped[5.2.134~1-ecd4]:main():latgen-faster-mapped.cc:164) Time taken 45.6054s: real-time factor assuming 100 frames/sec is 1.22859
LOG (latgen-faster-mapped[5.2.134~1-ecd4]:main():latgen-faster-mapped.cc:167) Done 33 utterances, failed for 0
LOG (latgen-faster-mapped[5.2.134~1-ecd4]:main():latgen-faster-mapped.cc:169) Overall log-likelihood per frame is -0.404583 over 3712 frames.
