latgen-faster-mapped --max-active=7000 --beam=15 --lattice-beam=7 --acoustic-scale=0.1 --allow-partial=true --word-symbol-table=/data/sls/scratch/haotang/ami//exp/ihm/tri3-logmel-hires/graph_ami_fsh.o3g.kn.pr1-7/words.txt /data/sls/scratch/haotang/ami//exp/ihm/tri3-logmel-hires_ali/final.mdl /data/sls/scratch/haotang/ami//exp/ihm/tri3-logmel-hires/graph_ami_fsh.o3g.kn.pr1-7/HCLG.fst ark:- 'ark:|gzip -c > /data/sls/r/u/atitus5/meng/am/logs/ami-0.1/train_sdm1/baseline/frame-tdnn-450x7-step0.05/decode_ihm/lat.9.gz' 
AMI_ES2009a_H00_MEE033_0051392_0051429 HMM 
LOG (latgen-faster-mapped[5.2.134~1-ecd4]:DecodeUtteranceLatticeFaster():decoder-wrappers.cc:286) Log-like per frame for utterance AMI_ES2009a_H00_MEE033_0051392_0051429 is -0.372645 over 35 frames.
AMI_ES2009a_H00_MEE033_0051588_0051625 RIGHT 
LOG (latgen-faster-mapped[5.2.134~1-ecd4]:DecodeUtteranceLatticeFaster():decoder-wrappers.cc:286) Log-like per frame for utterance AMI_ES2009a_H00_MEE033_0051588_0051625 is -0.593838 over 35 frames.
AMI_ES2009a_H00_MEE033_0052357_0052454 OKAY 
LOG (latgen-faster-mapped[5.2.134~1-ecd4]:DecodeUtteranceLatticeFaster():decoder-wrappers.cc:286) Log-like per frame for utterance AMI_ES2009a_H00_MEE033_0052357_0052454 is -0.512328 over 95 frames.
AMI_ES2009a_H00_MEE033_0052998_0053150 WELL YEAH 
LOG (latgen-faster-mapped[5.2.134~1-ecd4]:DecodeUtteranceLatticeFaster():decoder-wrappers.cc:286) Log-like per frame for utterance AMI_ES2009a_H00_MEE033_0052998_0053150 is -0.236405 over 150 frames.
AMI_ES2009a_H00_MEE033_0053150_0053286 OH FAMILY GUY 
LOG (latgen-faster-mapped[5.2.134~1-ecd4]:DecodeUtteranceLatticeFaster():decoder-wrappers.cc:286) Log-like per frame for utterance AMI_ES2009a_H00_MEE033_0053150_0053286 is -0.450463 over 134 frames.
AMI_ES2009a_H00_MEE033_0053286_0053458 IS IT 
LOG (latgen-faster-mapped[5.2.134~1-ecd4]:DecodeUtteranceLatticeFaster():decoder-wrappers.cc:286) Log-like per frame for utterance AMI_ES2009a_H00_MEE033_0053286_0053458 is -0.470751 over 170 frames.
AMI_ES2009a_H00_MEE033_0053745_0053953 I THINK 
LOG (latgen-faster-mapped[5.2.134~1-ecd4]:DecodeUtteranceLatticeFaster():decoder-wrappers.cc:286) Log-like per frame for utterance AMI_ES2009a_H00_MEE033_0053745_0053953 is -0.431982 over 206 frames.
AMI_ES2009a_H00_MEE033_0056436_0056484 MM 
LOG (latgen-faster-mapped[5.2.134~1-ecd4]:DecodeUtteranceLatticeFaster():decoder-wrappers.cc:286) Log-like per frame for utterance AMI_ES2009a_H00_MEE033_0056436_0056484 is -0.434395 over 46 frames.
AMI_ES2009a_H00_MEE033_0056745_0056890 UH 
LOG (latgen-faster-mapped[5.2.134~1-ecd4]:DecodeUtteranceLatticeFaster():decoder-wrappers.cc:286) Log-like per frame for utterance AMI_ES2009a_H00_MEE033_0056745_0056890 is -0.459441 over 143 frames.
AMI_ES2009a_H00_MEE033_0056890_0056966 YEAH 
LOG (latgen-faster-mapped[5.2.134~1-ecd4]:DecodeUtteranceLatticeFaster():decoder-wrappers.cc:286) Log-like per frame for utterance AMI_ES2009a_H00_MEE033_0056890_0056966 is -0.43322 over 74 frames.
AMI_ES2009a_H00_MEE033_0056966_0056985 MM 
LOG (latgen-faster-mapped[5.2.134~1-ecd4]:DecodeUtteranceLatticeFaster():decoder-wrappers.cc:286) Log-like per frame for utterance AMI_ES2009a_H00_MEE033_0056966_0056985 is -0.756795 over 17 frames.
AMI_ES2009a_H00_MEE033_0057655_0057711 YEAH 
LOG (latgen-faster-mapped[5.2.134~1-ecd4]:DecodeUtteranceLatticeFaster():decoder-wrappers.cc:286) Log-like per frame for utterance AMI_ES2009a_H00_MEE033_0057655_0057711 is -0.586234 over 54 frames.
AMI_ES2009a_H00_MEE033_0058684_0058852 <unk> 
LOG (latgen-faster-mapped[5.2.134~1-ecd4]:DecodeUtteranceLatticeFaster():decoder-wrappers.cc:286) Log-like per frame for utterance AMI_ES2009a_H00_MEE033_0058684_0058852 is -0.535807 over 166 frames.
AMI_ES2009a_H00_MEE033_0058852_0059071 IT'S 
LOG (latgen-faster-mapped[5.2.134~1-ecd4]:DecodeUtteranceLatticeFaster():decoder-wrappers.cc:286) Log-like per frame for utterance AMI_ES2009a_H00_MEE033_0058852_0059071 is -0.487359 over 217 frames.
AMI_ES2009a_H00_MEE033_0059071_0059191 MM 
LOG (latgen-faster-mapped[5.2.134~1-ecd4]:DecodeUtteranceLatticeFaster():decoder-wrappers.cc:286) Log-like per frame for utterance AMI_ES2009a_H00_MEE033_0059071_0059191 is -0.477316 over 118 frames.
AMI_ES2009a_H00_MEE033_0059457_0059745 UM 
LOG (latgen-faster-mapped[5.2.134~1-ecd4]:DecodeUtteranceLatticeFaster():decoder-wrappers.cc:286) Log-like per frame for utterance AMI_ES2009a_H00_MEE033_0059457_0059745 is -0.292909 over 286 frames.
AMI_ES2009a_H00_MEE033_0059745_0059786 WELL 
LOG (latgen-faster-mapped[5.2.134~1-ecd4]:DecodeUtteranceLatticeFaster():decoder-wrappers.cc:286) Log-like per frame for utterance AMI_ES2009a_H00_MEE033_0059745_0059786 is -0.618207 over 39 frames.
AMI_ES2009a_H00_MEE033_0059786_0059900 YEAH 
LOG (latgen-faster-mapped[5.2.134~1-ecd4]:DecodeUtteranceLatticeFaster():decoder-wrappers.cc:286) Log-like per frame for utterance AMI_ES2009a_H00_MEE033_0059786_0059900 is -0.344187 over 112 frames.
AMI_ES2009a_H00_MEE033_0059900_0059994 <unk> 
LOG (latgen-faster-mapped[5.2.134~1-ecd4]:DecodeUtteranceLatticeFaster():decoder-wrappers.cc:286) Log-like per frame for utterance AMI_ES2009a_H00_MEE033_0059900_0059994 is -0.552136 over 92 frames.
AMI_ES2009a_H00_MEE033_0059994_0060104 IT'S 
LOG (latgen-faster-mapped[5.2.134~1-ecd4]:DecodeUtteranceLatticeFaster():decoder-wrappers.cc:286) Log-like per frame for utterance AMI_ES2009a_H00_MEE033_0059994_0060104 is -0.506739 over 108 frames.
AMI_ES2009a_H00_MEE033_0060270_0060650 HERE IN IN THIS EVER BEFORE 
LOG (latgen-faster-mapped[5.2.134~1-ecd4]:DecodeUtteranceLatticeFaster():decoder-wrappers.cc:286) Log-like per frame for utterance AMI_ES2009a_H00_MEE033_0060270_0060650 is -0.502932 over 378 frames.
AMI_ES2009a_H00_MEE033_0061440_0061571 BUT SO MANY 
LOG (latgen-faster-mapped[5.2.134~1-ecd4]:DecodeUtteranceLatticeFaster():decoder-wrappers.cc:286) Log-like per frame for utterance AMI_ES2009a_H00_MEE033_0061440_0061571 is -0.52972 over 129 frames.
AMI_ES2009a_H00_MEE033_0061695_0061766 MM 
LOG (latgen-faster-mapped[5.2.134~1-ecd4]:DecodeUtteranceLatticeFaster():decoder-wrappers.cc:286) Log-like per frame for utterance AMI_ES2009a_H00_MEE033_0061695_0061766 is -0.471279 over 69 frames.
AMI_ES2009a_H00_MEE033_0062697_0062825 I'M GOING LOCAL 
LOG (latgen-faster-mapped[5.2.134~1-ecd4]:DecodeUtteranceLatticeFaster():decoder-wrappers.cc:286) Log-like per frame for utterance AMI_ES2009a_H00_MEE033_0062697_0062825 is -0.467724 over 126 frames.
AMI_ES2009a_H00_MEE033_0062825_0062883 <unk> 
LOG (latgen-faster-mapped[5.2.134~1-ecd4]:DecodeUtteranceLatticeFaster():decoder-wrappers.cc:286) Log-like per frame for utterance AMI_ES2009a_H00_MEE033_0062825_0062883 is -0.642999 over 56 frames.
AMI_ES2009a_H00_MEE033_0062883_0063179 UH THE BIGGER FOR THREE TERMINOLOGY RIGHT 
LOG (latgen-faster-mapped[5.2.134~1-ecd4]:DecodeUtteranceLatticeFaster():decoder-wrappers.cc:286) Log-like per frame for utterance AMI_ES2009a_H00_MEE033_0062883_0063179 is -0.591553 over 294 frames.
AMI_ES2009a_H00_MEE033_0063690_0063887 OH 
LOG (latgen-faster-mapped[5.2.134~1-ecd4]:DecodeUtteranceLatticeFaster():decoder-wrappers.cc:286) Log-like per frame for utterance AMI_ES2009a_H00_MEE033_0063690_0063887 is -0.382673 over 195 frames.
AMI_ES2009a_H00_MEE033_0063887_0064510 THAT THEY LIKE UH 
LOG (latgen-faster-mapped[5.2.134~1-ecd4]:DecodeUtteranceLatticeFaster():decoder-wrappers.cc:286) Log-like per frame for utterance AMI_ES2009a_H00_MEE033_0063887_0064510 is -0.368003 over 621 frames.
AMI_ES2015a_H01_FEE058_0060872_0061325 AND THEN UM 
LOG (latgen-faster-mapped[5.2.134~1-ecd4]:DecodeUtteranceLatticeFaster():decoder-wrappers.cc:286) Log-like per frame for utterance AMI_ES2015a_H01_FEE058_0060872_0061325 is -0.439982 over 451 frames.
AMI_ES2015a_H01_FEE058_0061325_0062479 <unk> <unk> IN IN IN DOING UM IF THE IN THING CALL UM 
LOG (latgen-faster-mapped[5.2.134~1-ecd4]:DecodeUtteranceLatticeFaster():decoder-wrappers.cc:286) Log-like per frame for utterance AMI_ES2015a_H01_FEE058_0061325_0062479 is -0.437664 over 1152 frames.
AMI_ES2015a_H01_FEE058_0062479_0062754 YEAH 
LOG (latgen-faster-mapped[5.2.134~1-ecd4]:DecodeUtteranceLatticeFaster():decoder-wrappers.cc:286) Log-like per frame for utterance AMI_ES2015a_H01_FEE058_0062479_0062754 is -0.462234 over 273 frames.
AMI_ES2015a_H01_FEE058_0062754_0062941 BUT 
LOG (latgen-faster-mapped[5.2.134~1-ecd4]:DecodeUtteranceLatticeFaster():decoder-wrappers.cc:286) Log-like per frame for utterance AMI_ES2015a_H01_FEE058_0062754_0062941 is -0.386977 over 185 frames.
AMI_ES2015a_H01_FEE058_0062941_0063135 <unk> 
LOG (latgen-faster-mapped[5.2.134~1-ecd4]:DecodeUtteranceLatticeFaster():decoder-wrappers.cc:286) Log-like per frame for utterance AMI_ES2015a_H01_FEE058_0062941_0063135 is -0.425626 over 192 frames.
AMI_ES2015a_H01_FEE058_0063232_0063470 YEAH 
LOG (latgen-faster-mapped[5.2.134~1-ecd4]:DecodeUtteranceLatticeFaster():decoder-wrappers.cc:286) Log-like per frame for utterance AMI_ES2015a_H01_FEE058_0063232_0063470 is -0.277068 over 236 frames.
LOG (latgen-faster-mapped[5.2.134~1-ecd4]:main():latgen-faster-mapped.cc:164) Time taken 153.35s: real-time factor assuming 100 frames/sec is 2.30463
LOG (latgen-faster-mapped[5.2.134~1-ecd4]:main():latgen-faster-mapped.cc:167) Done 34 utterances, failed for 0
LOG (latgen-faster-mapped[5.2.134~1-ecd4]:main():latgen-faster-mapped.cc:169) Overall log-likelihood per frame is -0.439293 over 6654 frames.
