latgen-faster-mapped --max-active=7000 --beam=15 --lattice-beam=7 --acoustic-scale=0.1 --allow-partial=true --word-symbol-table=/data/sls/scratch/haotang/ami//exp/ihm/tri3-logmel-hires/graph_ami_fsh.o3g.kn.pr1-7/words.txt /data/sls/scratch/haotang/ami//exp/ihm/tri3-logmel-hires_ali/final.mdl /data/sls/scratch/haotang/ami//exp/ihm/tri3-logmel-hires/graph_ami_fsh.o3g.kn.pr1-7/HCLG.fst ark:- 'ark:|gzip -c > /data/sls/r/u/atitus5/meng/am/logs/ami-0.1/train_sdm1/baseline/frame-tdnn-450x7-step0.05/decode_ihm/lat.1.gz' 
AMI_EN2006b_H01_FEE087_0071279_0071383 YEAH 
LOG (latgen-faster-mapped[5.2.134~1-ecd4]:DecodeUtteranceLatticeFaster():decoder-wrappers.cc:286) Log-like per frame for utterance AMI_EN2006b_H01_FEE087_0071279_0071383 is -0.33657 over 102 frames.
AMI_EN2006b_H01_FEE087_0071620_0071670 YEP 
LOG (latgen-faster-mapped[5.2.134~1-ecd4]:DecodeUtteranceLatticeFaster():decoder-wrappers.cc:286) Log-like per frame for utterance AMI_EN2006b_H01_FEE087_0071620_0071670 is -0.288199 over 48 frames.
AMI_EN2006b_H01_FEE087_0071898_0072103 KNOW WHAT WAS THAT 
LOG (latgen-faster-mapped[5.2.134~1-ecd4]:DecodeUtteranceLatticeFaster():decoder-wrappers.cc:286) Log-like per frame for utterance AMI_EN2006b_H01_FEE087_0071898_0072103 is -0.44303 over 203 frames.
AMI_EN2006b_H01_FEE087_0072103_0072321 <unk> 
LOG (latgen-faster-mapped[5.2.134~1-ecd4]:DecodeUtteranceLatticeFaster():decoder-wrappers.cc:286) Log-like per frame for utterance AMI_EN2006b_H01_FEE087_0072103_0072321 is -0.366556 over 216 frames.
AMI_EN2006b_H01_FEE087_0072321_0072391 OH 
LOG (latgen-faster-mapped[5.2.134~1-ecd4]:DecodeUtteranceLatticeFaster():decoder-wrappers.cc:286) Log-like per frame for utterance AMI_EN2006b_H01_FEE087_0072321_0072391 is -0.612811 over 68 frames.
AMI_EN2006b_H01_FEE087_0073322_0073506 OH 
LOG (latgen-faster-mapped[5.2.134~1-ecd4]:DecodeUtteranceLatticeFaster():decoder-wrappers.cc:286) Log-like per frame for utterance AMI_EN2006b_H01_FEE087_0073322_0073506 is -0.211272 over 182 frames.
AMI_EN2006b_H01_FEE087_0073506_0073780 OKAY <unk> WORDS 
LOG (latgen-faster-mapped[5.2.134~1-ecd4]:DecodeUtteranceLatticeFaster():decoder-wrappers.cc:286) Log-like per frame for utterance AMI_EN2006b_H01_FEE087_0073506_0073780 is -0.407356 over 272 frames.
AMI_EN2006b_H01_FEE087_0073780_0074139 IT SHOULD BE 
LOG (latgen-faster-mapped[5.2.134~1-ecd4]:DecodeUtteranceLatticeFaster():decoder-wrappers.cc:286) Log-like per frame for utterance AMI_EN2006b_H01_FEE087_0073780_0074139 is -0.369572 over 357 frames.
AMI_EN2006b_H01_FEE087_0074139_0074454 YOU SHOULD BE UNDERLINED 
LOG (latgen-faster-mapped[5.2.134~1-ecd4]:DecodeUtteranceLatticeFaster():decoder-wrappers.cc:286) Log-like per frame for utterance AMI_EN2006b_H01_FEE087_0074139_0074454 is -0.447517 over 313 frames.
AMI_EN2006b_H01_FEE087_0074454_0074507 WE SHOULD 
LOG (latgen-faster-mapped[5.2.134~1-ecd4]:DecodeUtteranceLatticeFaster():decoder-wrappers.cc:286) Log-like per frame for utterance AMI_EN2006b_H01_FEE087_0074454_0074507 is -0.70663 over 51 frames.
AMI_EN2006b_H01_FEE087_0075191_0075277 OH 
LOG (latgen-faster-mapped[5.2.134~1-ecd4]:DecodeUtteranceLatticeFaster():decoder-wrappers.cc:286) Log-like per frame for utterance AMI_EN2006b_H01_FEE087_0075191_0075277 is -0.449237 over 84 frames.
AMI_EN2006b_H01_FEE087_0075277_0075493 <unk> 
LOG (latgen-faster-mapped[5.2.134~1-ecd4]:DecodeUtteranceLatticeFaster():decoder-wrappers.cc:286) Log-like per frame for utterance AMI_EN2006b_H01_FEE087_0075277_0075493 is -0.423742 over 214 frames.
AMI_EN2006b_H01_FEE087_0075625_0076086 <unk> 
LOG (latgen-faster-mapped[5.2.134~1-ecd4]:DecodeUtteranceLatticeFaster():decoder-wrappers.cc:286) Log-like per frame for utterance AMI_EN2006b_H01_FEE087_0075625_0076086 is -0.335003 over 459 frames.
AMI_EN2006b_H01_FEE087_0076086_0076430 <unk> 
LOG (latgen-faster-mapped[5.2.134~1-ecd4]:DecodeUtteranceLatticeFaster():decoder-wrappers.cc:286) Log-like per frame for utterance AMI_EN2006b_H01_FEE087_0076086_0076430 is -0.265537 over 342 frames.
AMI_EN2006b_H01_FEE087_0076430_0076664 LIKE COMES OUT AND 
LOG (latgen-faster-mapped[5.2.134~1-ecd4]:DecodeUtteranceLatticeFaster():decoder-wrappers.cc:286) Log-like per frame for utterance AMI_EN2006b_H01_FEE087_0076430_0076664 is -0.520738 over 232 frames.
AMI_EN2006b_H01_FEE087_0076948_0077195 SO THOSE ARE LIKE <unk> 
LOG (latgen-faster-mapped[5.2.134~1-ecd4]:DecodeUtteranceLatticeFaster():decoder-wrappers.cc:286) Log-like per frame for utterance AMI_EN2006b_H01_FEE087_0076948_0077195 is -0.43178 over 245 frames.
AMI_EN2006b_H01_FEE087_0077458_0077660 BUT 
LOG (latgen-faster-mapped[5.2.134~1-ecd4]:DecodeUtteranceLatticeFaster():decoder-wrappers.cc:286) Log-like per frame for utterance AMI_EN2006b_H01_FEE087_0077458_0077660 is -0.508576 over 200 frames.
AMI_EN2006b_H01_FEE087_0078016_0078042 RIGHT 
LOG (latgen-faster-mapped[5.2.134~1-ecd4]:DecodeUtteranceLatticeFaster():decoder-wrappers.cc:286) Log-like per frame for utterance AMI_EN2006b_H01_FEE087_0078016_0078042 is -0.440798 over 24 frames.
AMI_EN2006b_H01_FEE087_0079031_0079472 YEAH 
LOG (latgen-faster-mapped[5.2.134~1-ecd4]:DecodeUtteranceLatticeFaster():decoder-wrappers.cc:286) Log-like per frame for utterance AMI_EN2006b_H01_FEE087_0079031_0079472 is -0.181969 over 439 frames.
AMI_EN2006b_H01_FEE087_0079779_0079856 YEAH 
LOG (latgen-faster-mapped[5.2.134~1-ecd4]:DecodeUtteranceLatticeFaster():decoder-wrappers.cc:286) Log-like per frame for utterance AMI_EN2006b_H01_FEE087_0079779_0079856 is -0.288688 over 75 frames.
AMI_EN2006b_H01_FEE087_0080851_0080972 UM 
LOG (latgen-faster-mapped[5.2.134~1-ecd4]:DecodeUtteranceLatticeFaster():decoder-wrappers.cc:286) Log-like per frame for utterance AMI_EN2006b_H01_FEE087_0080851_0080972 is -0.43541 over 119 frames.
AMI_EN2006b_H01_FEE087_0081300_0081498 EMISSION LINE IN THAT 
LOG (latgen-faster-mapped[5.2.134~1-ecd4]:DecodeUtteranceLatticeFaster():decoder-wrappers.cc:286) Log-like per frame for utterance AMI_EN2006b_H01_FEE087_0081300_0081498 is -0.455188 over 196 frames.
AMI_EN2006b_H01_FEE087_0081498_0081602 BUT 
LOG (latgen-faster-mapped[5.2.134~1-ecd4]:DecodeUtteranceLatticeFaster():decoder-wrappers.cc:286) Log-like per frame for utterance AMI_EN2006b_H01_FEE087_0081498_0081602 is -0.32711 over 102 frames.
AMI_EN2006b_H01_FEE087_0081602_0081767 WHAT 
LOG (latgen-faster-mapped[5.2.134~1-ecd4]:DecodeUtteranceLatticeFaster():decoder-wrappers.cc:286) Log-like per frame for utterance AMI_EN2006b_H01_FEE087_0081602_0081767 is -0.442523 over 163 frames.
AMI_EN2006b_H01_FEE087_0081767_0081885 <unk> 
LOG (latgen-faster-mapped[5.2.134~1-ecd4]:DecodeUtteranceLatticeFaster():decoder-wrappers.cc:286) Log-like per frame for utterance AMI_EN2006b_H01_FEE087_0081767_0081885 is -0.383054 over 116 frames.
AMI_EN2006b_H01_FEE087_0081885_0081935 BUT 
LOG (latgen-faster-mapped[5.2.134~1-ecd4]:DecodeUtteranceLatticeFaster():decoder-wrappers.cc:286) Log-like per frame for utterance AMI_EN2006b_H01_FEE087_0081885_0081935 is -0.584932 over 48 frames.
AMI_EN2006b_H01_FEE087_0081935_0082006 UM 
LOG (latgen-faster-mapped[5.2.134~1-ecd4]:DecodeUtteranceLatticeFaster():decoder-wrappers.cc:286) Log-like per frame for utterance AMI_EN2006b_H01_FEE087_0081935_0082006 is -0.463038 over 69 frames.
AMI_EN2006b_H01_FEE087_0082006_0082030 YEAH 
LOG (latgen-faster-mapped[5.2.134~1-ecd4]:DecodeUtteranceLatticeFaster():decoder-wrappers.cc:286) Log-like per frame for utterance AMI_EN2006b_H01_FEE087_0082006_0082030 is -0.241858 over 22 frames.
AMI_EN2006b_H01_FEE087_0082249_0082282 MM 
LOG (latgen-faster-mapped[5.2.134~1-ecd4]:DecodeUtteranceLatticeFaster():decoder-wrappers.cc:286) Log-like per frame for utterance AMI_EN2006b_H01_FEE087_0082249_0082282 is -0.461865 over 31 frames.
AMI_EN2006b_H01_FEE087_0082772_0082811 LINE 
LOG (latgen-faster-mapped[5.2.134~1-ecd4]:DecodeUtteranceLatticeFaster():decoder-wrappers.cc:286) Log-like per frame for utterance AMI_EN2006b_H01_FEE087_0082772_0082811 is -0.657555 over 37 frames.
AMI_EN2006b_H01_FEE087_0083801_0084078 MM-HMM 
LOG (latgen-faster-mapped[5.2.134~1-ecd4]:DecodeUtteranceLatticeFaster():decoder-wrappers.cc:286) Log-like per frame for utterance AMI_EN2006b_H01_FEE087_0083801_0084078 is -0.229851 over 275 frames.
AMI_EN2006b_H01_FEE087_0084260_0084645 EMISSION FEATURE WHAT YOU MEAN 
LOG (latgen-faster-mapped[5.2.134~1-ecd4]:DecodeUtteranceLatticeFaster():decoder-wrappers.cc:286) Log-like per frame for utterance AMI_EN2006b_H01_FEE087_0084260_0084645 is -0.380347 over 383 frames.
AMI_EN2006b_H01_FEE087_0085277_0085328 <unk> 
LOG (latgen-faster-mapped[5.2.134~1-ecd4]:DecodeUtteranceLatticeFaster():decoder-wrappers.cc:286) Log-like per frame for utterance AMI_EN2006b_H01_FEE087_0085277_0085328 is -0.415723 over 49 frames.
AMI_EN2006b_H01_FEE087_0085582_0085727 STAR FORMING GALAXIES 
LOG (latgen-faster-mapped[5.2.134~1-ecd4]:DecodeUtteranceLatticeFaster():decoder-wrappers.cc:286) Log-like per frame for utterance AMI_EN2006b_H01_FEE087_0085582_0085727 is -0.434584 over 143 frames.
LOG (latgen-faster-mapped[5.2.134~1-ecd4]:main():latgen-faster-mapped.cc:164) Time taken 158.797s: real-time factor assuming 100 frames/sec is 2.70108
LOG (latgen-faster-mapped[5.2.134~1-ecd4]:main():latgen-faster-mapped.cc:167) Done 34 utterances, failed for 0
LOG (latgen-faster-mapped[5.2.134~1-ecd4]:main():latgen-faster-mapped.cc:169) Overall log-likelihood per frame is -0.376939 over 5879 frames.
