latgen-faster-mapped --max-active=7000 --beam=15 --lattice-beam=7 --acoustic-scale=0.1 --allow-partial=true --word-symbol-table=/data/sls/scratch/haotang/ami//exp/ihm/tri3-logmel-hires/graph_ami_fsh.o3g.kn.pr1-7/words.txt /data/sls/scratch/haotang/ami//exp/ihm/tri3-logmel-hires_ali/final.mdl /data/sls/scratch/haotang/ami//exp/ihm/tri3-logmel-hires/graph_ami_fsh.o3g.kn.pr1-7/HCLG.fst ark:- 'ark:|gzip -c > /data/sls/r/u/atitus5/meng/am/logs/ami-0.1/train_sdm1/baseline/frame-tdnn-450x7-step0.05/decode_ihm/lat.2.gz' 
AMI_EN2006b_H01_FEE087_0085855_0086054 NO 
LOG (latgen-faster-mapped[5.2.134~1-ecd4]:DecodeUtteranceLatticeFaster():decoder-wrappers.cc:286) Log-like per frame for utterance AMI_EN2006b_H01_FEE087_0085855_0086054 is -0.328753 over 197 frames.
AMI_EN2006b_H01_FEE087_0086054_0086259 STAR FORMING GALAXIES 
LOG (latgen-faster-mapped[5.2.134~1-ecd4]:DecodeUtteranceLatticeFaster():decoder-wrappers.cc:286) Log-like per frame for utterance AMI_EN2006b_H01_FEE087_0086054_0086259 is -0.423841 over 203 frames.
AMI_EN2006b_H01_FEE087_0086637_0086727 YEAH 
LOG (latgen-faster-mapped[5.2.134~1-ecd4]:DecodeUtteranceLatticeFaster():decoder-wrappers.cc:286) Log-like per frame for utterance AMI_EN2006b_H01_FEE087_0086637_0086727 is -0.158833 over 88 frames.
AMI_EN2006b_H01_FEE087_0086727_0087090 OKAY 
LOG (latgen-faster-mapped[5.2.134~1-ecd4]:DecodeUtteranceLatticeFaster():decoder-wrappers.cc:286) Log-like per frame for utterance AMI_EN2006b_H01_FEE087_0086727_0087090 is -0.343646 over 361 frames.
AMI_EN2006b_H01_FEE087_0087090_0087402 OKAY 
LOG (latgen-faster-mapped[5.2.134~1-ecd4]:DecodeUtteranceLatticeFaster():decoder-wrappers.cc:286) Log-like per frame for utterance AMI_EN2006b_H01_FEE087_0087090_0087402 is -0.320636 over 310 frames.
AMI_EN2006b_H01_FEE087_0087402_0087505 <unk> 
LOG (latgen-faster-mapped[5.2.134~1-ecd4]:DecodeUtteranceLatticeFaster():decoder-wrappers.cc:286) Log-like per frame for utterance AMI_EN2006b_H01_FEE087_0087402_0087505 is -0.397122 over 101 frames.
AMI_EN2006b_H01_FEE087_0087505_0087597 IT'S A 
LOG (latgen-faster-mapped[5.2.134~1-ecd4]:DecodeUtteranceLatticeFaster():decoder-wrappers.cc:286) Log-like per frame for utterance AMI_EN2006b_H01_FEE087_0087505_0087597 is -0.418774 over 90 frames.
AMI_EN2006b_H01_FEE087_0087597_0087706 EMISSION FEATURE 
LOG (latgen-faster-mapped[5.2.134~1-ecd4]:DecodeUtteranceLatticeFaster():decoder-wrappers.cc:286) Log-like per frame for utterance AMI_EN2006b_H01_FEE087_0087597_0087706 is -0.514064 over 107 frames.
AMI_EN2006b_H01_FEE087_0087894_0087954 <unk> 
LOG (latgen-faster-mapped[5.2.134~1-ecd4]:DecodeUtteranceLatticeFaster():decoder-wrappers.cc:286) Log-like per frame for utterance AMI_EN2006b_H01_FEE087_0087894_0087954 is -0.496455 over 58 frames.
AMI_EN2006b_H01_FEE087_0088110_0088466 THAT SHOULD BE BECAUSE 
LOG (latgen-faster-mapped[5.2.134~1-ecd4]:DecodeUtteranceLatticeFaster():decoder-wrappers.cc:286) Log-like per frame for utterance AMI_EN2006b_H01_FEE087_0088110_0088466 is -0.482192 over 354 frames.
AMI_EN2006b_H01_FEE087_0088466_0088600 OKAY 
LOG (latgen-faster-mapped[5.2.134~1-ecd4]:DecodeUtteranceLatticeFaster():decoder-wrappers.cc:286) Log-like per frame for utterance AMI_EN2006b_H01_FEE087_0088466_0088600 is -0.380202 over 132 frames.
AMI_EN2006b_H01_FEE087_0089301_0089596 YEP 
LOG (latgen-faster-mapped[5.2.134~1-ecd4]:DecodeUtteranceLatticeFaster():decoder-wrappers.cc:286) Log-like per frame for utterance AMI_EN2006b_H01_FEE087_0089301_0089596 is -0.25075 over 293 frames.
AMI_EN2006b_H01_FEE087_0089596_0089650 UH 
LOG (latgen-faster-mapped[5.2.134~1-ecd4]:DecodeUtteranceLatticeFaster():decoder-wrappers.cc:286) Log-like per frame for utterance AMI_EN2006b_H01_FEE087_0089596_0089650 is -0.659882 over 52 frames.
AMI_EN2006b_H01_FEE087_0089924_0090002 FEATURE 
LOG (latgen-faster-mapped[5.2.134~1-ecd4]:DecodeUtteranceLatticeFaster():decoder-wrappers.cc:286) Log-like per frame for utterance AMI_EN2006b_H01_FEE087_0089924_0090002 is -0.445873 over 76 frames.
AMI_EN2006b_H01_FEE087_0090436_0090798 YEAH 
LOG (latgen-faster-mapped[5.2.134~1-ecd4]:DecodeUtteranceLatticeFaster():decoder-wrappers.cc:286) Log-like per frame for utterance AMI_EN2006b_H01_FEE087_0090436_0090798 is -0.314352 over 360 frames.
AMI_EN2006b_H01_FEE087_0090798_0090929 DAMPED LYMAN ALPHA 
LOG (latgen-faster-mapped[5.2.134~1-ecd4]:DecodeUtteranceLatticeFaster():decoder-wrappers.cc:286) Log-like per frame for utterance AMI_EN2006b_H01_FEE087_0090798_0090929 is -0.504206 over 129 frames.
AMI_EN2006b_H01_FEE087_0091551_0091579 YEAH 
LOG (latgen-faster-mapped[5.2.134~1-ecd4]:DecodeUtteranceLatticeFaster():decoder-wrappers.cc:286) Log-like per frame for utterance AMI_EN2006b_H01_FEE087_0091551_0091579 is -0.354358 over 26 frames.
AMI_EN2006b_H01_FEE087_0091997_0092240 THE SAME 
LOG (latgen-faster-mapped[5.2.134~1-ecd4]:DecodeUtteranceLatticeFaster():decoder-wrappers.cc:286) Log-like per frame for utterance AMI_EN2006b_H01_FEE087_0091997_0092240 is -0.399783 over 241 frames.
AMI_EN2006b_H01_FEE087_0092547_0092658 NO <unk> 
LOG (latgen-faster-mapped[5.2.134~1-ecd4]:DecodeUtteranceLatticeFaster():decoder-wrappers.cc:286) Log-like per frame for utterance AMI_EN2006b_H01_FEE087_0092547_0092658 is -0.497708 over 109 frames.
AMI_EN2006b_H01_FEE087_0093330_0093439 BUT 
LOG (latgen-faster-mapped[5.2.134~1-ecd4]:DecodeUtteranceLatticeFaster():decoder-wrappers.cc:286) Log-like per frame for utterance AMI_EN2006b_H01_FEE087_0093330_0093439 is -0.565446 over 107 frames.
AMI_EN2006b_H01_FEE087_0093871_0093955 MM 
LOG (latgen-faster-mapped[5.2.134~1-ecd4]:DecodeUtteranceLatticeFaster():decoder-wrappers.cc:286) Log-like per frame for utterance AMI_EN2006b_H01_FEE087_0093871_0093955 is -0.494042 over 82 frames.
AMI_EN2006b_H01_FEE087_0094090_0094405 <unk> 
LOG (latgen-faster-mapped[5.2.134~1-ecd4]:DecodeUtteranceLatticeFaster():decoder-wrappers.cc:286) Log-like per frame for utterance AMI_EN2006b_H01_FEE087_0094090_0094405 is -0.428343 over 313 frames.
AMI_EN2006b_H01_FEE087_0094405_0094530 YEAH IT SHOULD BE IN 
LOG (latgen-faster-mapped[5.2.134~1-ecd4]:DecodeUtteranceLatticeFaster():decoder-wrappers.cc:286) Log-like per frame for utterance AMI_EN2006b_H01_FEE087_0094405_0094530 is -0.408736 over 123 frames.
AMI_EN2006b_H01_FEE087_0095464_0095539 MM 
LOG (latgen-faster-mapped[5.2.134~1-ecd4]:DecodeUtteranceLatticeFaster():decoder-wrappers.cc:286) Log-like per frame for utterance AMI_EN2006b_H01_FEE087_0095464_0095539 is -0.391583 over 73 frames.
AMI_EN2006b_H01_FEE087_0095539_0095723 OH 
LOG (latgen-faster-mapped[5.2.134~1-ecd4]:DecodeUtteranceLatticeFaster():decoder-wrappers.cc:286) Log-like per frame for utterance AMI_EN2006b_H01_FEE087_0095539_0095723 is -0.3584 over 182 frames.
AMI_EN2006b_H01_FEE087_0095723_0095933 OH 
LOG (latgen-faster-mapped[5.2.134~1-ecd4]:DecodeUtteranceLatticeFaster():decoder-wrappers.cc:286) Log-like per frame for utterance AMI_EN2006b_H01_FEE087_0095723_0095933 is -0.451981 over 208 frames.
AMI_EN2006b_H01_FEE087_0096280_0096393 UM 
LOG (latgen-faster-mapped[5.2.134~1-ecd4]:DecodeUtteranceLatticeFaster():decoder-wrappers.cc:286) Log-like per frame for utterance AMI_EN2006b_H01_FEE087_0096280_0096393 is -0.469638 over 111 frames.
AMI_EN2006b_H01_FEE087_0096727_0096842 AND 
LOG (latgen-faster-mapped[5.2.134~1-ecd4]:DecodeUtteranceLatticeFaster():decoder-wrappers.cc:286) Log-like per frame for utterance AMI_EN2006b_H01_FEE087_0096727_0096842 is -0.496714 over 113 frames.
AMI_EN2006b_H01_FEE087_0098736_0098966 YEAH 
LOG (latgen-faster-mapped[5.2.134~1-ecd4]:DecodeUtteranceLatticeFaster():decoder-wrappers.cc:286) Log-like per frame for utterance AMI_EN2006b_H01_FEE087_0098736_0098966 is -0.472745 over 228 frames.
AMI_EN2006b_H01_FEE087_0098966_0099078 SO THIS 
LOG (latgen-faster-mapped[5.2.134~1-ecd4]:DecodeUtteranceLatticeFaster():decoder-wrappers.cc:286) Log-like per frame for utterance AMI_EN2006b_H01_FEE087_0098966_0099078 is -0.377541 over 110 frames.
AMI_EN2006b_H01_FEE087_0099342_0099430 UM 
LOG (latgen-faster-mapped[5.2.134~1-ecd4]:DecodeUtteranceLatticeFaster():decoder-wrappers.cc:286) Log-like per frame for utterance AMI_EN2006b_H01_FEE087_0099342_0099430 is -0.564238 over 86 frames.
AMI_EN2006b_H01_FEE087_0099745_0100396 YEAH <unk> <unk> <unk> <unk> 
LOG (latgen-faster-mapped[5.2.134~1-ecd4]:DecodeUtteranceLatticeFaster():decoder-wrappers.cc:286) Log-like per frame for utterance AMI_EN2006b_H01_FEE087_0099745_0100396 is -0.360839 over 649 frames.
AMI_EN2006b_H01_FEE087_0100710_0101079 BUT 
LOG (latgen-faster-mapped[5.2.134~1-ecd4]:DecodeUtteranceLatticeFaster():decoder-wrappers.cc:286) Log-like per frame for utterance AMI_EN2006b_H01_FEE087_0100710_0101079 is -0.425437 over 367 frames.
AMI_EN2006b_H01_FEE087_0101079_0101384 LINE RATIOS 
LOG (latgen-faster-mapped[5.2.134~1-ecd4]:DecodeUtteranceLatticeFaster():decoder-wrappers.cc:286) Log-like per frame for utterance AMI_EN2006b_H01_FEE087_0101079_0101384 is -0.439342 over 303 frames.
LOG (latgen-faster-mapped[5.2.134~1-ecd4]:main():latgen-faster-mapped.cc:164) Time taken 149.732s: real-time factor assuming 100 frames/sec is 2.36096
LOG (latgen-faster-mapped[5.2.134~1-ecd4]:main():latgen-faster-mapped.cc:167) Done 34 utterances, failed for 0
LOG (latgen-faster-mapped[5.2.134~1-ecd4]:main():latgen-faster-mapped.cc:169) Overall log-likelihood per frame is -0.402575 over 6342 frames.
