latgen-faster-mapped --max-active=7000 --beam=15 --lattice-beam=7 --acoustic-scale=0.1 --allow-partial=true --word-symbol-table=/data/sls/scratch/haotang/ami//exp/ihm/tri3-logmel-hires/graph_ami_fsh.o3g.kn.pr1-7/words.txt /data/sls/scratch/haotang/ami//exp/ihm/tri3-logmel-hires_ali/final.mdl /data/sls/scratch/haotang/ami//exp/ihm/tri3-logmel-hires/graph_ami_fsh.o3g.kn.pr1-7/HCLG.fst ark:- 'ark:|gzip -c > /data/sls/r/u/atitus5/meng/am/logs/ami-0.1/train_sdm1/baseline/frame-tdnn-450x7-step0.05/decode_ihm/lat.18.gz' 
AMI_IS1001b_H01_MIO012_0014203_0014358 NO 
LOG (latgen-faster-mapped[5.2.134~1-ecd4]:DecodeUtteranceLatticeFaster():decoder-wrappers.cc:286) Log-like per frame for utterance AMI_IS1001b_H01_MIO012_0014203_0014358 is -0.13126 over 153 frames.
AMI_IS1001b_H01_MIO012_0014358_0014421 MM 
LOG (latgen-faster-mapped[5.2.134~1-ecd4]:DecodeUtteranceLatticeFaster():decoder-wrappers.cc:286) Log-like per frame for utterance AMI_IS1001b_H01_MIO012_0014358_0014421 is -0.274761 over 61 frames.
AMI_IS1001b_H01_MIO012_0015782_0016028 <unk> 
LOG (latgen-faster-mapped[5.2.134~1-ecd4]:DecodeUtteranceLatticeFaster():decoder-wrappers.cc:286) Log-like per frame for utterance AMI_IS1001b_H01_MIO012_0015782_0016028 is -0.466738 over 244 frames.
AMI_IS1001b_H01_MIO012_0016182_0016258 YEAH 
LOG (latgen-faster-mapped[5.2.134~1-ecd4]:DecodeUtteranceLatticeFaster():decoder-wrappers.cc:286) Log-like per frame for utterance AMI_IS1001b_H01_MIO012_0016182_0016258 is -0.452673 over 74 frames.
AMI_IS1001b_H01_MIO012_0016470_0016631 BECAUSE 
LOG (latgen-faster-mapped[5.2.134~1-ecd4]:DecodeUtteranceLatticeFaster():decoder-wrappers.cc:286) Log-like per frame for utterance AMI_IS1001b_H01_MIO012_0016470_0016631 is -0.473824 over 159 frames.
AMI_IS1001b_H01_MIO012_0017127_0017161 <unk> 
LOG (latgen-faster-mapped[5.2.134~1-ecd4]:DecodeUtteranceLatticeFaster():decoder-wrappers.cc:286) Log-like per frame for utterance AMI_IS1001b_H01_MIO012_0017127_0017161 is -0.532424 over 32 frames.
AMI_IS1001b_H01_MIO012_0017380_0017440 YEAH 
LOG (latgen-faster-mapped[5.2.134~1-ecd4]:DecodeUtteranceLatticeFaster():decoder-wrappers.cc:286) Log-like per frame for utterance AMI_IS1001b_H01_MIO012_0017380_0017440 is -0.625324 over 58 frames.
AMI_IS1001b_H01_MIO012_0017660_0017719 I CAN 
LOG (latgen-faster-mapped[5.2.134~1-ecd4]:DecodeUtteranceLatticeFaster():decoder-wrappers.cc:286) Log-like per frame for utterance AMI_IS1001b_H01_MIO012_0017660_0017719 is -0.604701 over 57 frames.
AMI_IS1001b_H01_MIO012_0017867_0017946 NO 
LOG (latgen-faster-mapped[5.2.134~1-ecd4]:DecodeUtteranceLatticeFaster():decoder-wrappers.cc:286) Log-like per frame for utterance AMI_IS1001b_H01_MIO012_0017867_0017946 is -0.178364 over 77 frames.
AMI_IS1001b_H01_MIO012_0017946_0017985 BUT 
LOG (latgen-faster-mapped[5.2.134~1-ecd4]:DecodeUtteranceLatticeFaster():decoder-wrappers.cc:286) Log-like per frame for utterance AMI_IS1001b_H01_MIO012_0017946_0017985 is -0.596308 over 37 frames.
AMI_IS1001b_H01_MIO012_0018204_0018333 BUT 
LOG (latgen-faster-mapped[5.2.134~1-ecd4]:DecodeUtteranceLatticeFaster():decoder-wrappers.cc:286) Log-like per frame for utterance AMI_IS1001b_H01_MIO012_0018204_0018333 is -0.499598 over 127 frames.
AMI_IS1001b_H01_MIO012_0018517_0018557 BUT 
LOG (latgen-faster-mapped[5.2.134~1-ecd4]:DecodeUtteranceLatticeFaster():decoder-wrappers.cc:286) Log-like per frame for utterance AMI_IS1001b_H01_MIO012_0018517_0018557 is -0.708244 over 38 frames.
AMI_IS1001b_H01_MIO012_0019012_0019044 NO 
LOG (latgen-faster-mapped[5.2.134~1-ecd4]:DecodeUtteranceLatticeFaster():decoder-wrappers.cc:286) Log-like per frame for utterance AMI_IS1001b_H01_MIO012_0019012_0019044 is -0.354193 over 30 frames.
AMI_IS1001b_H01_MIO012_0019044_0019103 I THINK 
LOG (latgen-faster-mapped[5.2.134~1-ecd4]:DecodeUtteranceLatticeFaster():decoder-wrappers.cc:286) Log-like per frame for utterance AMI_IS1001b_H01_MIO012_0019044_0019103 is -0.568753 over 57 frames.
AMI_IS1001b_H01_MIO012_0019809_0020005 BUT UH 
LOG (latgen-faster-mapped[5.2.134~1-ecd4]:DecodeUtteranceLatticeFaster():decoder-wrappers.cc:286) Log-like per frame for utterance AMI_IS1001b_H01_MIO012_0019809_0020005 is -0.300723 over 194 frames.
AMI_IS1001b_H01_MIO012_0020005_0020093 AND 
LOG (latgen-faster-mapped[5.2.134~1-ecd4]:DecodeUtteranceLatticeFaster():decoder-wrappers.cc:286) Log-like per frame for utterance AMI_IS1001b_H01_MIO012_0020005_0020093 is -0.60089 over 86 frames.
AMI_IS1001b_H01_MIO012_0020430_0020460 OKAY 
LOG (latgen-faster-mapped[5.2.134~1-ecd4]:DecodeUtteranceLatticeFaster():decoder-wrappers.cc:286) Log-like per frame for utterance AMI_IS1001b_H01_MIO012_0020430_0020460 is -0.314782 over 28 frames.
AMI_IS1001b_H01_MIO012_0020644_0020675 YEAH 
LOG (latgen-faster-mapped[5.2.134~1-ecd4]:DecodeUtteranceLatticeFaster():decoder-wrappers.cc:286) Log-like per frame for utterance AMI_IS1001b_H01_MIO012_0020644_0020675 is -0.594847 over 29 frames.
AMI_IS1001b_H01_MIO012_0020818_0020911 YEAH 
LOG (latgen-faster-mapped[5.2.134~1-ecd4]:DecodeUtteranceLatticeFaster():decoder-wrappers.cc:286) Log-like per frame for utterance AMI_IS1001b_H01_MIO012_0020818_0020911 is -0.216295 over 91 frames.
AMI_IS1001b_H01_MIO012_0020911_0021006 SO 
LOG (latgen-faster-mapped[5.2.134~1-ecd4]:DecodeUtteranceLatticeFaster():decoder-wrappers.cc:286) Log-like per frame for utterance AMI_IS1001b_H01_MIO012_0020911_0021006 is -0.326116 over 93 frames.
AMI_IS1001b_H01_MIO012_0021006_0021468 RIGHT 
LOG (latgen-faster-mapped[5.2.134~1-ecd4]:DecodeUtteranceLatticeFaster():decoder-wrappers.cc:286) Log-like per frame for utterance AMI_IS1001b_H01_MIO012_0021006_0021468 is -0.354741 over 460 frames.
AMI_IS1001b_H01_MIO012_0021468_0021760 SO UM 
LOG (latgen-faster-mapped[5.2.134~1-ecd4]:DecodeUtteranceLatticeFaster():decoder-wrappers.cc:286) Log-like per frame for utterance AMI_IS1001b_H01_MIO012_0021468_0021760 is -0.465834 over 290 frames.
AMI_IS1001b_H01_MIO012_0021760_0022418 SO UH F. F. FIVE 
LOG (latgen-faster-mapped[5.2.134~1-ecd4]:DecodeUtteranceLatticeFaster():decoder-wrappers.cc:286) Log-like per frame for utterance AMI_IS1001b_H01_MIO012_0021760_0022418 is -0.359237 over 656 frames.
AMI_IS1001b_H01_MIO012_0022418_0023952 UH YEAH BUT ALSO FOR UH UH AND UH 
LOG (latgen-faster-mapped[5.2.134~1-ecd4]:DecodeUtteranceLatticeFaster():decoder-wrappers.cc:286) Log-like per frame for utterance AMI_IS1001b_H01_MIO012_0022418_0023952 is -0.367481 over 1532 frames.
AMI_IS1001b_H01_MIO012_0024060_0024933 UH THE PROJECT I THINK THAT THE STUFF 
LOG (latgen-faster-mapped[5.2.134~1-ecd4]:DecodeUtteranceLatticeFaster():decoder-wrappers.cc:286) Log-like per frame for utterance AMI_IS1001b_H01_MIO012_0024060_0024933 is -0.420102 over 871 frames.
AMI_IS1001b_H01_MIO012_0024933_0025184 SO 
LOG (latgen-faster-mapped[5.2.134~1-ecd4]:DecodeUtteranceLatticeFaster():decoder-wrappers.cc:286) Log-like per frame for utterance AMI_IS1001b_H01_MIO012_0024933_0025184 is -0.367331 over 249 frames.
AMI_IS1001b_H01_MIO012_0025184_0025441 UH 
LOG (latgen-faster-mapped[5.2.134~1-ecd4]:DecodeUtteranceLatticeFaster():decoder-wrappers.cc:286) Log-like per frame for utterance AMI_IS1001b_H01_MIO012_0025184_0025441 is -0.284153 over 255 frames.
AMI_IS1001b_H01_MIO012_0025596_0025920 THE FINDER FEATURE WHERE WITH 
LOG (latgen-faster-mapped[5.2.134~1-ecd4]:DecodeUtteranceLatticeFaster():decoder-wrappers.cc:286) Log-like per frame for utterance AMI_IS1001b_H01_MIO012_0025596_0025920 is -0.415877 over 322 frames.
AMI_IS1001b_H01_MIO012_0025920_0026237 UH IF YOU HAVE TO FIND 
LOG (latgen-faster-mapped[5.2.134~1-ecd4]:DecodeUtteranceLatticeFaster():decoder-wrappers.cc:286) Log-like per frame for utterance AMI_IS1001b_H01_MIO012_0025920_0026237 is -0.464206 over 315 frames.
AMI_IS1006c_H03_MIO008_0166692_0167186 TO HAVE 
LOG (latgen-faster-mapped[5.2.134~1-ecd4]:DecodeUtteranceLatticeFaster():decoder-wrappers.cc:286) Log-like per frame for utterance AMI_IS1006c_H03_MIO008_0166692_0167186 is -0.348797 over 492 frames.
AMI_IS1006c_H03_MIO008_0167186_0167669 OH I SAID WE COULD ALSO TRY TO 
LOG (latgen-faster-mapped[5.2.134~1-ecd4]:DecodeUtteranceLatticeFaster():decoder-wrappers.cc:286) Log-like per frame for utterance AMI_IS1006c_H03_MIO008_0167186_0167669 is -0.382918 over 481 frames.
AMI_IS1006c_H03_MIO008_0167669_0167763 SO THAT 
LOG (latgen-faster-mapped[5.2.134~1-ecd4]:DecodeUtteranceLatticeFaster():decoder-wrappers.cc:286) Log-like per frame for utterance AMI_IS1006c_H03_MIO008_0167669_0167763 is -0.394287 over 92 frames.
AMI_IS1006c_H03_MIO008_0168092_0168396 WELL THAT MAKES SENSE 
LOG (latgen-faster-mapped[5.2.134~1-ecd4]:DecodeUtteranceLatticeFaster():decoder-wrappers.cc:286) Log-like per frame for utterance AMI_IS1006c_H03_MIO008_0168092_0168396 is -0.366911 over 302 frames.
LOG (latgen-faster-mapped[5.2.134~1-ecd4]:main():latgen-faster-mapped.cc:164) Time taken 182.129s: real-time factor assuming 100 frames/sec is 2.26472
LOG (latgen-faster-mapped[5.2.134~1-ecd4]:main():latgen-faster-mapped.cc:167) Done 33 utterances, failed for 0
LOG (latgen-faster-mapped[5.2.134~1-ecd4]:main():latgen-faster-mapped.cc:169) Overall log-likelihood per frame is -0.387017 over 8042 frames.
