Setting up environment...
Environment set up.
Training convolutional multidecoder...
Constructing model...
Done constructing model.
CNNMultidecoder (
  (encoder_conv): Sequential (
    (conv2d_0): Conv2d(1, 256, kernel_size=(3, 3), stride=(1, 1))
    (SELU_0): SELU
    (maxpool2d_0): MaxPool2d (size=(1, 3), stride=(1, 3), dilation=(1, 1))
    (conv2d_1): Conv2d(256, 256, kernel_size=(3, 3), stride=(1, 1))
    (SELU_1): SELU
    (maxpool2d_1): MaxPool2d (size=(1, 3), stride=(1, 3), dilation=(1, 1))
  )
  (encoder_fc): Sequential (
    (lin_0): Linear (14336 -> 2048)
    (SELU_0): SELU
    (lin_final): Linear (2048 -> 1024)
    (SELU_final): SELU
  )
  (decoder_fc_ihm): Sequential (
    (lin_0): Linear (1024 -> 2048)
    (SELU_0): SELU
    (lin_final): Linear (2048 -> 14336)
    (SELU_final): SELU
  )
  (decoder_deconv_ihm): Sequential (
    (maxunpool2d_0): MaxUnpool2d (size=(1, 3), stride=(1, 3), padding=(0, 0))
    (conv2d_0): Conv2d(256, 256, kernel_size=(3, 3), stride=(1, 1), padding=(2, 2))
    (SELU_0): SELU
    (maxunpool2d_1): MaxUnpool2d (size=(1, 3), stride=(1, 3), padding=(0, 0))
    (conv2d_1): Conv2d(256, 1, kernel_size=(3, 3), stride=(1, 1), padding=(2, 2))
    (SELU_1): SELU
  )
  (decoder_fc_sdm1): Sequential (
    (lin_0): Linear (1024 -> 2048)
    (SELU_0): SELU
    (lin_final): Linear (2048 -> 14336)
    (SELU_final): SELU
  )
  (decoder_deconv_sdm1): Sequential (
    (maxunpool2d_0): MaxUnpool2d (size=(1, 3), stride=(1, 3), padding=(0, 0))
    (conv2d_0): Conv2d(256, 256, kernel_size=(3, 3), stride=(1, 1), padding=(2, 2))
    (SELU_0): SELU
    (maxunpool2d_1): MaxUnpool2d (size=(1, 3), stride=(1, 3), padding=(0, 0))
    (conv2d_1): Conv2d(256, 1, kernel_size=(3, 3), stride=(1, 1), padding=(2, 2))
    (SELU_1): SELU
  )
)
Setting up data...
Setting up training datasets...
Using 2407138 training features (9403 batches) for class ihm
Using 2407138 training features (9403 batches) for class sdm1
Setting up dev datasets...
Using 249565 dev features (975 batches) for class ihm
Using 249565 dev features (975 batches) for class sdm1
Setting up minibatch shuffling for training...
18806 total batches: {'ihm': 9403, 'sdm1': 9403}
Done setting up data.
Starting training!
Train epoch 1: [1000/18806 (5.3%)]	Loss: 904979167220861108224.000000
Train epoch 1: [2000/18806 (10.6%)]	Loss: 455846043167960989696.000000
Train epoch 1: [3000/18806 (16.0%)]	Loss: 304221775271166148608.000000
Train epoch 1: [4000/18806 (21.3%)]	Loss: 228234301120607649792.000000
Train epoch 1: [5000/18806 (26.6%)]	Loss: 182609156339295453184.000000
Train epoch 1: [6000/18806 (31.9%)]	Loss: 152182555673594167296.000000
Train epoch 1: [7000/18806 (37.2%)]	Loss: 130444915396584833024.000000
Train epoch 1: [8000/18806 (42.5%)]	Loss: 114140701071368273920.000000
Train epoch 1: [9000/18806 (47.9%)]	Loss: 101458996076414386176.000000
Train epoch 1: [10000/18806 (53.2%)]	Loss: 91313403660855246848.000000
Train epoch 1: [11000/18806 (58.5%)]	Loss: 83012337160979824640.000000
Train epoch 1: [12000/18806 (63.8%)]	Loss: 76094719632916627456.000000
Train epoch 1: [13000/18806 (69.1%)]	Loss: 70241319731069173760.000000
Train epoch 1: [14000/18806 (74.4%)]	Loss: 65224105672270954496.000000
Train epoch 1: [15000/18806 (79.8%)]	Loss: 60875842467595460608.000000
Train epoch 1: [16000/18806 (85.1%)]	Loss: 57071108153670189056.000000
Train epoch 1: [17000/18806 (90.4%)]	Loss: 53713988689652015104.000000
Train epoch 1: [18000/18806 (95.7%)]	Loss: 50729880747441037312.000000
====> Epoch 1: Average train loss 48555666678076497920.000000 (['ihm: 12225919725073700864.000000', 'sdm1: 84885413631079071744.000000'])
====> Dev set loss: 26183233833125.152344 (['ihm: 18993343110502.664062', 'sdm1: 33373124555747.644531'])
New best dev set loss: 26183233833125.152344
Saved checkpoint for model
Train epoch 2: [1000/18806 (5.3%)]	Loss: 13954388035252.224609
Train epoch 2: [2000/18806 (10.6%)]	Loss: 11132479777711.103516
Train epoch 2: [3000/18806 (16.0%)]	Loss: 10875020985887.744141
Train epoch 2: [4000/18806 (21.3%)]	Loss: 9884204269850.880859
Train epoch 2: [5000/18806 (26.6%)]	Loss: 8321283294038.528320
Train epoch 2: [6000/18806 (31.9%)]	Loss: 8294530883368.875000
Train epoch 2: [7000/18806 (37.2%)]	Loss: 7298503483416.795898
Train epoch 2: [8000/18806 (42.5%)]	Loss: 6676345913834.047852
Train epoch 2: [9000/18806 (47.9%)]	Loss: 5979971640136.305664
Train epoch 2: [10000/18806 (53.2%)]	Loss: 5849067120248.217773
Train epoch 2: [11000/18806 (58.5%)]	Loss: 5388240398423.086914
Train epoch 2: [12000/18806 (63.8%)]	Loss: 4957525031130.154297
Train epoch 2: [13000/18806 (69.1%)]	Loss: 4760328916004.351562
Train epoch 2: [14000/18806 (74.4%)]	Loss: 4470054867809.718750
Train epoch 2: [15000/18806 (79.8%)]	Loss: 4196389737938.773438
Train epoch 2: [16000/18806 (85.1%)]	Loss: 3947670131328.352051
Train epoch 2: [17000/18806 (90.4%)]	Loss: 3730165694032.926270
Train epoch 2: [18000/18806 (95.7%)]	Loss: 3533645205859.441895
====> Epoch 2: Average train loss 3389815722874.840820 (['ihm: 2575248529392.154785', 'sdm1: 4204382916357.526855'])
====> Dev set loss: 379044137372.488220 (['ihm: 479941320659.364075', 'sdm1: 278146954085.612305'])
New best dev set loss: 379044137372.488220
Saved checkpoint for model
Train epoch 3: [1000/18806 (5.3%)]	Loss: 150617469363.200012
Train epoch 3: [2000/18806 (10.6%)]	Loss: 178149116631.552002
Train epoch 3: [3000/18806 (16.0%)]	Loss: 255283647851.178680
Train epoch 3: [4000/18806 (21.3%)]	Loss: 342888672580.223999
Train epoch 3: [5000/18806 (26.6%)]	Loss: 1380064258266.316895
Train epoch 3: [6000/18806 (31.9%)]	Loss: 1266759689857.109375
Train epoch 3: [7000/18806 (37.2%)]	Loss: 1607021433127.277832
Train epoch 3: [8000/18806 (42.5%)]	Loss: 2035810698558.528076
Train epoch 3: [9000/18806 (47.9%)]	Loss: 3039824287923.541504
Train epoch 3: [10000/18806 (53.2%)]	Loss: 5219504228698.265625
Train epoch 3: [11000/18806 (58.5%)]	Loss: 5539528109543.982422
Train epoch 3: [12000/18806 (63.8%)]	Loss: 5406181783956.181641
Train epoch 3: [13000/18806 (69.1%)]	Loss: 5669970530389.701172
Train epoch 3: [14000/18806 (74.4%)]	Loss: 5484124887264.219727
Train epoch 3: [15000/18806 (79.8%)]	Loss: 5374503488711.133789
Train epoch 3: [16000/18806 (85.1%)]	Loss: 5102999614891.488281
Train epoch 3: [17000/18806 (90.4%)]	Loss: 4930730326780.566406
Train epoch 3: [18000/18806 (95.7%)]	Loss: 4803516500317.582031
====> Epoch 3: Average train loss 4662976415863.600586 (['ihm: 2927488336051.088379', 'sdm1: 6398464495676.113281'])
====> Dev set loss: 678371234278.006104 (['ihm: 719264843523.413330', 'sdm1: 637477625032.598999'])
No improvement in 1 epochs (best dev set loss: 379044137372.488220)
Not saving checkpoint; no improvement made
Train epoch 4: [1000/18806 (5.3%)]	Loss: 485317639348.223999
Train epoch 4: [2000/18806 (10.6%)]	Loss: 809878831704.192017
Train epoch 4: [3000/18806 (16.0%)]	Loss: 925735636837.375977
Train epoch 4: [4000/18806 (21.3%)]	Loss: 1233848520550.048096
Train epoch 4: [5000/18806 (26.6%)]	Loss: 1938693017204.915283
Train epoch 4: [6000/18806 (31.9%)]	Loss: 1652769278826.944092
Train epoch 4: [7000/18806 (37.2%)]	Loss: 1432115266530.139404
Train epoch 4: [8000/18806 (42.5%)]	Loss: 1536454273504.479980
Train epoch 4: [9000/18806 (47.9%)]	Loss: 1419387173012.885254
Train epoch 4: [10000/18806 (53.2%)]	Loss: 1293893347190.687988
Train epoch 4: [11000/18806 (58.5%)]	Loss: 1214480416332.997803
Train epoch 4: [12000/18806 (63.8%)]	Loss: 1177868852960.794678
Train epoch 4: [13000/18806 (69.1%)]	Loss: 1092999011119.776001
Train epoch 4: [14000/18806 (74.4%)]	Loss: 1027398663179.206909
Train epoch 4: [15000/18806 (79.8%)]	Loss: 1101480630519.876221
Train epoch 4: [16000/18806 (85.1%)]	Loss: 1036898625706.213013
Train epoch 4: [17000/18806 (90.4%)]	Loss: 977473048274.714355
Train epoch 4: [18000/18806 (95.7%)]	Loss: 979527956866.297729
====> Epoch 4: Average train loss 944147489779.865967 (['ihm: 420444174477.616089', 'sdm1: 1467850805082.115967'])
====> Dev set loss: 323491145630.892334 (['ihm: 63559708801.001022', 'sdm1: 583422582460.783569'])
New best dev set loss: 323491145630.892334
Saved checkpoint for model
Train epoch 5: [1000/18806 (5.3%)]	Loss: 42827655960.096001
Train epoch 5: [2000/18806 (10.6%)]	Loss: 402627444937.184021
Train epoch 5: [3000/18806 (16.0%)]	Loss: 285585004130.442688
Train epoch 5: [4000/18806 (21.3%)]	Loss: 231062622776.522003
Train epoch 5: [5000/18806 (26.6%)]	Loss: 278516771161.963989
Train epoch 5: [6000/18806 (31.9%)]	Loss: 237007598798.011993
Train epoch 5: [7000/18806 (37.2%)]	Loss: 222094501091.605133
Train epoch 5: [8000/18806 (42.5%)]	Loss: 195501056632.859741
Train epoch 5: [9000/18806 (47.9%)]	Loss: 175516551368.350220
Train epoch 5: [10000/18806 (53.2%)]	Loss: 173801997845.498596
Train epoch 5: [11000/18806 (58.5%)]	Loss: 166359936574.188538
Train epoch 5: [12000/18806 (63.8%)]	Loss: 153866717501.527588
Train epoch 5: [13000/18806 (69.1%)]	Loss: 142330958881.494690
Train epoch 5: [14000/18806 (74.4%)]	Loss: 132592647800.536575
Train epoch 5: [15000/18806 (79.8%)]	Loss: 130771067047.149460
Train epoch 5: [16000/18806 (85.1%)]	Loss: 123215530952.304871
Train epoch 5: [17000/18806 (90.4%)]	Loss: 120459223240.781006
Train epoch 5: [18000/18806 (95.7%)]	Loss: 118994283934.606644
====> Epoch 5: Average train loss 114018128418.316727 (['ihm: 29498645258.752155', 'sdm1: 198537611577.881317'])
====> Dev set loss: 3107816738.960513 (['ihm: 2652739085.363077', 'sdm1: 3562894392.557949'])
New best dev set loss: 3107816738.960513
Saved checkpoint for model
Train epoch 6: [1000/18806 (5.3%)]	Loss: 334942135.217000
Train epoch 6: [2000/18806 (10.6%)]	Loss: 373345677.414125
Train epoch 6: [3000/18806 (16.0%)]	Loss: 6100618357.073750
Train epoch 6: [4000/18806 (21.3%)]	Loss: 15278538659.889750
Train epoch 6: [5000/18806 (26.6%)]	Loss: 38915598180.593803
Train epoch 6: [6000/18806 (31.9%)]	Loss: 32457440602.670437
Train epoch 6: [7000/18806 (37.2%)]	Loss: 27962457445.513233
Train epoch 6: [8000/18806 (42.5%)]	Loss: 24492799952.660686
Train epoch 6: [9000/18806 (47.9%)]	Loss: 21780048327.951069
Train epoch 6: [10000/18806 (53.2%)]	Loss: 19620937062.131577
Train epoch 6: [11000/18806 (58.5%)]	Loss: 17867805399.464455
Train epoch 6: [12000/18806 (63.8%)]	Loss: 16608450112.235901
Train epoch 6: [13000/18806 (69.1%)]	Loss: 15498760121.022438
Train epoch 6: [14000/18806 (74.4%)]	Loss: 14500315541.290335
Train epoch 6: [15000/18806 (79.8%)]	Loss: 13544099604.651709
Train epoch 6: [16000/18806 (85.1%)]	Loss: 12704782784.920914
Train epoch 6: [17000/18806 (90.4%)]	Loss: 12023033902.826536
Train epoch 6: [18000/18806 (95.7%)]	Loss: 11385806585.029295
====> Epoch 6: Average train loss 10899488552.538757 (['ihm: 1598839458.462392', 'sdm1: 20200137646.615124'])
====> Dev set loss: 816302312.688061 (['ihm: 1630658431.245224', 'sdm1: 1946194.130897'])
New best dev set loss: 816302312.688061
Saved checkpoint for model
Train epoch 7: [1000/18806 (5.3%)]	Loss: 13584370.340063
Train epoch 7: [2000/18806 (10.6%)]	Loss: 96556704.935813
Train epoch 7: [3000/18806 (16.0%)]	Loss: 101875136.659562
Train epoch 7: [4000/18806 (21.3%)]	Loss: 2629494217.943875
Train epoch 7: [5000/18806 (26.6%)]	Loss: 2155561770.801628
Train epoch 7: [6000/18806 (31.9%)]	Loss: 1835957252.510698
Train epoch 7: [7000/18806 (37.2%)]	Loss: 1595770237.330647
Train epoch 7: [8000/18806 (42.5%)]	Loss: 1477331301.217105
Train epoch 7: [9000/18806 (47.9%)]	Loss: 1322502315.765075
Train epoch 7: [10000/18806 (53.2%)]	Loss: 1206712919.923397
Train epoch 7: [11000/18806 (58.5%)]	Loss: 2161117820.059073
Train epoch 7: [12000/18806 (63.8%)]	Loss: 2904126424.088074
Train epoch 7: [13000/18806 (69.1%)]	Loss: 2692480945.520347
Train epoch 7: [14000/18806 (74.4%)]	Loss: 2583950732.166822
Train epoch 7: [15000/18806 (79.8%)]	Loss: 2439800071.644620
Train epoch 7: [16000/18806 (85.1%)]	Loss: 6173785636.234359
Train epoch 7: [17000/18806 (90.4%)]	Loss: 5826600745.772803
Train epoch 7: [18000/18806 (95.7%)]	Loss: 5504736997.830763
====> Epoch 7: Average train loss 5500575500.474192 (['ihm: 881761119.382983', 'sdm1: 10119389881.565405'])
====> Dev set loss: 5588080288.542351 (['ihm: 1030705557.291240', 'sdm1: 10145455019.793461'])
No improvement in 1 epochs (best dev set loss: 816302312.688061)
Not saving checkpoint; no improvement made
Train epoch 8: [1000/18806 (5.3%)]	Loss: 143065559.415430
Train epoch 8: [2000/18806 (10.6%)]	Loss: 121735420.786629
Train epoch 8: [3000/18806 (16.0%)]	Loss: 96775828.863499
Train epoch 8: [4000/18806 (21.3%)]	Loss: 728814401.346587
Train epoch 8: [5000/18806 (26.6%)]	Loss: 1236098374.511694
Train epoch 8: [6000/18806 (31.9%)]	Loss: 1418088312.328183
Train epoch 8: [7000/18806 (37.2%)]	Loss: 1668600891.894022
Train epoch 8: [8000/18806 (42.5%)]	Loss: 1490515734.661098
Train epoch 8: [9000/18806 (47.9%)]	Loss: 1327589766.713650
Train epoch 8: [10000/18806 (53.2%)]	Loss: 1195940446.867039
Train epoch 8: [11000/18806 (58.5%)]	Loss: 1093810221.420026
Train epoch 8: [12000/18806 (63.8%)]	Loss: 1005291160.750347
Train epoch 8: [13000/18806 (69.1%)]	Loss: 1128697920.224731
Train epoch 8: [14000/18806 (74.4%)]	Loss: 1450961064.305394
Train epoch 8: [15000/18806 (79.8%)]	Loss: 1355723321.804465
Train epoch 8: [16000/18806 (85.1%)]	Loss: 1287073572.630084
Train epoch 8: [17000/18806 (90.4%)]	Loss: 1223744202.130483
Train epoch 8: [18000/18806 (95.7%)]	Loss: 1166903394.993840
====> Epoch 8: Average train loss 1117152445.039611 (['ihm: 632168389.820445', 'sdm1: 1602136500.258777'])
====> Dev set loss: 300054608.173290 (['ihm: 234154596.661868', 'sdm1: 365954619.684712'])
New best dev set loss: 300054608.173290
Saved checkpoint for model
Train epoch 9: [1000/18806 (5.3%)]	Loss: 1656553.003789
Train epoch 9: [2000/18806 (10.6%)]	Loss: 797588136.299680
Train epoch 9: [3000/18806 (16.0%)]	Loss: 636150988.473918
Train epoch 9: [4000/18806 (21.3%)]	Loss: 636801549.587312
Train epoch 9: [5000/18806 (26.6%)]	Loss: 527178603.602730
Train epoch 9: [6000/18806 (31.9%)]	Loss: 2347527466.133864
Train epoch 9: [7000/18806 (37.2%)]	Loss: 2383540930.606715
Train epoch 9: [8000/18806 (42.5%)]	Loss: 2154163131.384532
Train epoch 9: [9000/18806 (47.9%)]	Loss: 1936403382.433883
Train epoch 9: [10000/18806 (53.2%)]	Loss: 1757421691.298914
Train epoch 9: [11000/18806 (58.5%)]	Loss: 1712513794.068951
Train epoch 9: [12000/18806 (63.8%)]	Loss: 1572307424.896185
Train epoch 9: [13000/18806 (69.1%)]	Loss: 1451854853.959684
Train epoch 9: [14000/18806 (74.4%)]	Loss: 1435489074.509342
Train epoch 9: [15000/18806 (79.8%)]	Loss: 1400192663.922605
Train epoch 9: [16000/18806 (85.1%)]	Loss: 1312783213.934546
Train epoch 9: [17000/18806 (90.4%)]	Loss: 1240329381.043860
Train epoch 9: [18000/18806 (95.7%)]	Loss: 1185378665.558226
====> Epoch 9: Average train loss 1450300087.325508 (['ihm: 487497520.053140', 'sdm1: 2413102654.597884'])
====> Dev set loss: 3163308188.530805 (['ihm: 460300049.040103', 'sdm1: 5866316328.021506'])
No improvement in 1 epochs (best dev set loss: 300054608.173290)
Not saving checkpoint; no improvement made
Train epoch 10: [1000/18806 (5.3%)]	Loss: 142462451.644970
Train epoch 10: [2000/18806 (10.6%)]	Loss: 389438607.984313
Train epoch 10: [3000/18806 (16.0%)]	Loss: 285042603.574210
Train epoch 10: [4000/18806 (21.3%)]	Loss: 303738049.141289
Train epoch 10: [5000/18806 (26.6%)]	Loss: 244838307.664335
Train epoch 10: [6000/18806 (31.9%)]	Loss: 204050972.262166
Train epoch 10: [7000/18806 (37.2%)]	Loss: 234461014.858863
Train epoch 10: [8000/18806 (42.5%)]	Loss: 256467391.026770
Train epoch 10: [9000/18806 (47.9%)]	Loss: 234277807.650891
Train epoch 10: [10000/18806 (53.2%)]	Loss: 210859734.222087
Train epoch 10: [11000/18806 (58.5%)]	Loss: 192351987.722488
Train epoch 10: [12000/18806 (63.8%)]	Loss: 176863868.499696
Train epoch 10: [13000/18806 (69.1%)]	Loss: 172822793.340513
Train epoch 10: [14000/18806 (74.4%)]	Loss: 426479044.870892
Train epoch 10: [15000/18806 (79.8%)]	Loss: 635170564.982199
Train epoch 10: [16000/18806 (85.1%)]	Loss: 596716666.870232
Train epoch 10: [17000/18806 (90.4%)]	Loss: 565868573.697838
Train epoch 10: [18000/18806 (95.7%)]	Loss: 534451493.602299
====> Epoch 10: Average train loss 521144183.217574 (['ihm: 177278507.789669', 'sdm1: 865009858.645479'])
====> Dev set loss: 3633012967.100575 (['ihm: 754614769.572076', 'sdm1: 6511411164.629074'])
No improvement in 2 epochs (best dev set loss: 300054608.173290)
Not saving checkpoint; no improvement made
Train epoch 11: [1000/18806 (5.3%)]	Loss: 8923787.863811
Train epoch 11: [2000/18806 (10.6%)]	Loss: 77026344.009035
Train epoch 11: [3000/18806 (16.0%)]	Loss: 64322589.214763
Train epoch 11: [4000/18806 (21.3%)]	Loss: 448980384.541645
Train epoch 11: [5000/18806 (26.6%)]	Loss: 543290160.900284
Train epoch 11: [6000/18806 (31.9%)]	Loss: 502835607.330778
Train epoch 11: [7000/18806 (37.2%)]	Loss: 431014722.859045
Train epoch 11: [8000/18806 (42.5%)]	Loss: 377192974.814565
Train epoch 11: [9000/18806 (47.9%)]	Loss: 343559433.795867
Train epoch 11: [10000/18806 (53.2%)]	Loss: 325937474.379448
Train epoch 11: [11000/18806 (58.5%)]	Loss: 939495561.552405
Train epoch 11: [12000/18806 (63.8%)]	Loss: 969282706.670998
Train epoch 11: [13000/18806 (69.1%)]	Loss: 900848760.297660
Train epoch 11: [14000/18806 (74.4%)]	Loss: 837408726.599460
Train epoch 11: [15000/18806 (79.8%)]	Loss: 781587318.456970
Train epoch 11: [16000/18806 (85.1%)]	Loss: 733319963.580138
Train epoch 11: [17000/18806 (90.4%)]	Loss: 690320651.973321
Train epoch 11: [18000/18806 (95.7%)]	Loss: 654198689.360292
====> Epoch 11: Average train loss 626165983.227149 (['ihm: 111452393.327603', 'sdm1: 1140879573.126696'])
====> Dev set loss: 100526807.795130 (['ihm: 200983945.072152', 'sdm1: 69670.518109'])
New best dev set loss: 100526807.795130
Saved checkpoint for model
Train epoch 12: [1000/18806 (5.3%)]	Loss: 44008162.445798
Train epoch 12: [2000/18806 (10.6%)]	Loss: 25184226.871708
Train epoch 12: [3000/18806 (16.0%)]	Loss: 183061035.943514
Train epoch 12: [4000/18806 (21.3%)]	Loss: 505412838.141560
Train epoch 12: [5000/18806 (26.6%)]	Loss: 544544487.636198
Train epoch 12: [6000/18806 (31.9%)]	Loss: 1266517355.413332
Train epoch 12: [7000/18806 (37.2%)]	Loss: 1089301645.270517
Train epoch 12: [8000/18806 (42.5%)]	Loss: 994272506.128875
Train epoch 12: [9000/18806 (47.9%)]	Loss: 918368681.507895
Train epoch 12: [10000/18806 (53.2%)]	Loss: 827511689.869132
Train epoch 12: [11000/18806 (58.5%)]	Loss: 752373307.498648
Train epoch 12: [12000/18806 (63.8%)]	Loss: 740356049.347732
Train epoch 12: [13000/18806 (69.1%)]	Loss: 686848629.087586
Train epoch 12: [14000/18806 (74.4%)]	Loss: 637791881.882113
Train epoch 12: [15000/18806 (79.8%)]	Loss: 644478551.882303
Train epoch 12: [16000/18806 (85.1%)]	Loss: 604581470.594645
Train epoch 12: [17000/18806 (90.4%)]	Loss: 569027226.750013
Train epoch 12: [18000/18806 (95.7%)]	Loss: 538927569.187747
====> Epoch 12: Average train loss 515831370.916023 (['ihm: 120055445.318223', 'sdm1: 911607296.513826'])
====> Dev set loss: 1558995.590066 (['ihm: 3071790.604814', 'sdm1: 46200.575319'])
New best dev set loss: 1558995.590066
Saved checkpoint for model
Train epoch 13: [1000/18806 (5.3%)]	Loss: 1092071936.896852
Train epoch 13: [2000/18806 (10.6%)]	Loss: 1149545303.053643
Train epoch 13: [3000/18806 (16.0%)]	Loss: 774250603.453439
Train epoch 13: [4000/18806 (21.3%)]	Loss: 581127324.963892
Train epoch 13: [5000/18806 (26.6%)]	Loss: 465074298.063228
Train epoch 13: [6000/18806 (31.9%)]	Loss: 691294996.538171
Train epoch 13: [7000/18806 (37.2%)]	Loss: 610461741.129191
Train epoch 13: [8000/18806 (42.5%)]	Loss: 548767863.642428
Train epoch 13: [9000/18806 (47.9%)]	Loss: 487804249.846270
Train epoch 13: [10000/18806 (53.2%)]	Loss: 442331536.462524
Train epoch 13: [11000/18806 (58.5%)]	Loss: 402807324.088629
Train epoch 13: [12000/18806 (63.8%)]	Loss: 392076465.102198
Train epoch 13: [13000/18806 (69.1%)]	Loss: 361999314.078450
Train epoch 13: [14000/18806 (74.4%)]	Loss: 336758372.745235
Train epoch 13: [15000/18806 (79.8%)]	Loss: 314459045.129195
Train epoch 13: [16000/18806 (85.1%)]	Loss: 523649229.877513
Train epoch 13: [17000/18806 (90.4%)]	Loss: 514348582.197065
Train epoch 13: [18000/18806 (95.7%)]	Loss: 503963430.308192
====> Epoch 13: Average train loss 482550494.131825 (['ihm: 303145418.769403', 'sdm1: 661955569.494247'])
====> Dev set loss: 20081260.767108 (['ihm: 40067302.587648', 'sdm1: 95218.946569'])
No improvement in 1 epochs (best dev set loss: 1558995.590066)
Not saving checkpoint; no improvement made
Train epoch 14: [1000/18806 (5.3%)]	Loss: 59868.765837
Train epoch 14: [2000/18806 (10.6%)]	Loss: 4341646.372524
Train epoch 14: [3000/18806 (16.0%)]	Loss: 8823774.701702
Train epoch 14: [4000/18806 (21.3%)]	Loss: 8398190.817873
Train epoch 14: [5000/18806 (26.6%)]	Loss: 6724183.703736
Train epoch 14: [6000/18806 (31.9%)]	Loss: 10633867.519701
Train epoch 14: [7000/18806 (37.2%)]	Loss: 18569575.678189
Train epoch 14: [8000/18806 (42.5%)]	Loss: 133117144.581283
Train epoch 14: [9000/18806 (47.9%)]	Loss: 507322908.567146
Train epoch 14: [10000/18806 (53.2%)]	Loss: 510027290.091893
Train epoch 14: [11000/18806 (58.5%)]	Loss: 464309355.275985
Train epoch 14: [12000/18806 (63.8%)]	Loss: 426464918.748339
Train epoch 14: [13000/18806 (69.1%)]	Loss: 394109449.071803
Train epoch 14: [14000/18806 (74.4%)]	Loss: 365998286.193116
Train epoch 14: [15000/18806 (79.8%)]	Loss: 342752399.762762
Train epoch 14: [16000/18806 (85.1%)]	Loss: 321448618.522467
Train epoch 14: [17000/18806 (90.4%)]	Loss: 302541196.296971
Train epoch 14: [18000/18806 (95.7%)]	Loss: 408651135.727206
====> Epoch 14: Average train loss 674932682.591579 (['ihm: 203994786.307640', 'sdm1: 1145870578.875518'])
====> Dev set loss: 536088266.965425 (['ihm: 611657249.562506', 'sdm1: 460519284.368343'])
No improvement in 2 epochs (best dev set loss: 1558995.590066)
Not saving checkpoint; no improvement made
Train epoch 15: [1000/18806 (5.3%)]	Loss: 1328327951.322716
Train epoch 15: [2000/18806 (10.6%)]	Loss: 779426181.080359
Train epoch 15: [3000/18806 (16.0%)]	Loss: 533752078.050086
Train epoch 15: [4000/18806 (21.3%)]	Loss: 400379120.217779
Train epoch 15: [5000/18806 (26.6%)]	Loss: 320311701.211755
Train epoch 15: [6000/18806 (31.9%)]	Loss: 266931633.243801
Train epoch 15: [7000/18806 (37.2%)]	Loss: 228823777.249571
Train epoch 15: [8000/18806 (42.5%)]	Loss: 253239617.373687
Train epoch 15: [9000/18806 (47.9%)]	Loss: 321598558.816683
Train epoch 15: [10000/18806 (53.2%)]	Loss: 429883454.153947
Train epoch 15: [11000/18806 (58.5%)]	Loss: 390875963.238698
Train epoch 15: [12000/18806 (63.8%)]	Loss: 358383650.140570
Train epoch 15: [13000/18806 (69.1%)]	Loss: 330845379.133630
Train epoch 15: [14000/18806 (74.4%)]	Loss: 307431462.253648
Train epoch 15: [15000/18806 (79.8%)]	Loss: 286937028.693474
Train epoch 15: [16000/18806 (85.1%)]	Loss: 291426977.147313
Train epoch 15: [17000/18806 (90.4%)]	Loss: 274285428.748780
Train epoch 15: [18000/18806 (95.7%)]	Loss: 259049138.509054
====> Epoch 15: Average train loss 247948643.998241 (['ihm: 52089470.258624', 'sdm1: 443807817.737857'])
====> Dev set loss: 232481.126115 (['ihm: 439552.229402', 'sdm1: 25410.022828'])
New best dev set loss: 232481.126115
Saved checkpoint for model
Train epoch 16: [1000/18806 (5.3%)]	Loss: 13002.604333
Train epoch 16: [2000/18806 (10.6%)]	Loss: 2048646.409744
Train epoch 16: [3000/18806 (16.0%)]	Loss: 1525680.067824
Train epoch 16: [4000/18806 (21.3%)]	Loss: 145641779.041423
Train epoch 16: [5000/18806 (26.6%)]	Loss: 116963451.653060
Train epoch 16: [6000/18806 (31.9%)]	Loss: 100007678.019797
Train epoch 16: [7000/18806 (37.2%)]	Loss: 86612148.604125
Train epoch 16: [8000/18806 (42.5%)]	Loss: 75826289.480901
Train epoch 16: [9000/18806 (47.9%)]	Loss: 67402118.180154
Train epoch 16: [10000/18806 (53.2%)]	Loss: 60758298.545122
Train epoch 16: [11000/18806 (58.5%)]	Loss: 55237544.599491
Train epoch 16: [12000/18806 (63.8%)]	Loss: 99279009.871687
Train epoch 16: [13000/18806 (69.1%)]	Loss: 137139654.571112
Train epoch 16: [14000/18806 (74.4%)]	Loss: 131370030.499707
Train epoch 16: [15000/18806 (79.8%)]	Loss: 123467439.324626
Train epoch 16: [16000/18806 (85.1%)]	Loss: 133523871.450811
Train epoch 16: [17000/18806 (90.4%)]	Loss: 131670299.691702
Train epoch 16: [18000/18806 (95.7%)]	Loss: 124356907.294072
====> Epoch 16: Average train loss 119027662.536240 (['ihm: 17466245.338046', 'sdm1: 220589079.734432'])
====> Dev set loss: 62502590.081270 (['ihm: 124983217.519712', 'sdm1: 21962.642828'])
No improvement in 1 epochs (best dev set loss: 232481.126115)
Not saving checkpoint; no improvement made
Train epoch 17: [1000/18806 (5.3%)]	Loss: 4013237.780877
Train epoch 17: [2000/18806 (10.6%)]	Loss: 2011016.020451
Train epoch 17: [3000/18806 (16.0%)]	Loss: 1343306.765341
Train epoch 17: [4000/18806 (21.3%)]	Loss: 200787577.635879
Train epoch 17: [5000/18806 (26.6%)]	Loss: 163593565.272171
Train epoch 17: [6000/18806 (31.9%)]	Loss: 249782938.797632
Train epoch 17: [7000/18806 (37.2%)]	Loss: 252714560.802008
Train epoch 17: [8000/18806 (42.5%)]	Loss: 248590281.189460
Train epoch 17: [9000/18806 (47.9%)]	Loss: 221920705.889238
Train epoch 17: [10000/18806 (53.2%)]	Loss: 199729799.924554
Train epoch 17: [11000/18806 (58.5%)]	Loss: 181701872.665343
Train epoch 17: [12000/18806 (63.8%)]	Loss: 257807104.330419
Train epoch 17: [13000/18806 (69.1%)]	Loss: 243063247.733747
Train epoch 17: [14000/18806 (74.4%)]	Loss: 265586652.963690
Train epoch 17: [15000/18806 (79.8%)]	Loss: 247882656.549307
Train epoch 17: [16000/18806 (85.1%)]	Loss: 233111245.503189
Train epoch 17: [17000/18806 (90.4%)]	Loss: 219399411.465323
Train epoch 17: [18000/18806 (95.7%)]	Loss: 207211448.580226
====> Epoch 17: Average train loss 198331174.979006 (['ihm: 70041874.259164', 'sdm1: 326620475.698845'])
====> Dev set loss: 8804.286844 (['ihm: 1903.106436', 'sdm1: 15705.467253'])
New best dev set loss: 8804.286844
Saved checkpoint for model
Train epoch 18: [1000/18806 (5.3%)]	Loss: 6902.774573
Train epoch 18: [2000/18806 (10.6%)]	Loss: 6858.347112
Train epoch 18: [3000/18806 (16.0%)]	Loss: 104053.846829
Train epoch 18: [4000/18806 (21.3%)]	Loss: 229504723.672005
Train epoch 18: [5000/18806 (26.6%)]	Loss: 190782023.358310
Train epoch 18: [6000/18806 (31.9%)]	Loss: 160993414.357126
Train epoch 18: [7000/18806 (37.2%)]	Loss: 138000347.340354
Train epoch 18: [8000/18806 (42.5%)]	Loss: 120790538.944916
Train epoch 18: [9000/18806 (47.9%)]	Loss: 107373031.848984
Train epoch 18: [10000/18806 (53.2%)]	Loss: 96636441.619746
Train epoch 18: [11000/18806 (58.5%)]	Loss: 87868487.985148
Train epoch 18: [12000/18806 (63.8%)]	Loss: 80563245.645381
Train epoch 18: [13000/18806 (69.1%)]	Loss: 91307824.120543
Train epoch 18: [14000/18806 (74.4%)]	Loss: 93809654.237068
Train epoch 18: [15000/18806 (79.8%)]	Loss: 92306307.126224
Train epoch 18: [16000/18806 (85.1%)]	Loss: 91636990.156660
Train epoch 18: [17000/18806 (90.4%)]	Loss: 86826566.831883
Train epoch 18: [18000/18806 (95.7%)]	Loss: 82403026.879232
====> Epoch 18: Average train loss 78925120.810414 (['ihm: 14657418.136668', 'sdm1: 143192823.484159'])
====> Dev set loss: 2842360.974121 (['ihm: 5670432.853355', 'sdm1: 14289.094886'])
No improvement in 1 epochs (best dev set loss: 8804.286844)
Not saving checkpoint; no improvement made
Train epoch 19: [1000/18806 (5.3%)]	Loss: 323452.435353
Train epoch 19: [2000/18806 (10.6%)]	Loss: 164684.989114
Train epoch 19: [3000/18806 (16.0%)]	Loss: 111395.213176
Train epoch 19: [4000/18806 (21.3%)]	Loss: 84662.659391
Train epoch 19: [5000/18806 (26.6%)]	Loss: 32480623.592470
Train epoch 19: [6000/18806 (31.9%)]	Loss: 28390654.610293
Train epoch 19: [7000/18806 (37.2%)]	Loss: 24439151.052619
Train epoch 19: [8000/18806 (42.5%)]	Loss: 31401649.769909
Train epoch 19: [9000/18806 (47.9%)]	Loss: 33736790.180082
Train epoch 19: [10000/18806 (53.2%)]	Loss: 30369568.138442
Train epoch 19: [11000/18806 (58.5%)]	Loss: 28160348.776433
Train epoch 19: [12000/18806 (63.8%)]	Loss: 25814147.233011
Train epoch 19: [13000/18806 (69.1%)]	Loss: 23879440.224754
Train epoch 19: [14000/18806 (74.4%)]	Loss: 22174072.254662
Train epoch 19: [15000/18806 (79.8%)]	Loss: 22196845.767254
Train epoch 19: [16000/18806 (85.1%)]	Loss: 21399475.561372
Train epoch 19: [17000/18806 (90.4%)]	Loss: 20242834.628079
Train epoch 19: [18000/18806 (95.7%)]	Loss: 54131110.491115
====> Epoch 19: Average train loss 52475161.733499 (['ihm: 12378475.589457', 'sdm1: 92571847.877541'])
====> Dev set loss: 8153.618828 (['ihm: 986.377563', 'sdm1: 15320.860092'])
New best dev set loss: 8153.618828
Saved checkpoint for model
Train epoch 20: [1000/18806 (5.3%)]	Loss: 28064068.643979
Train epoch 20: [2000/18806 (10.6%)]	Loss: 14099817.483491
Train epoch 20: [3000/18806 (16.0%)]	Loss: 9401481.675361
Train epoch 20: [4000/18806 (21.3%)]	Loss: 13080862.568993
Train epoch 20: [5000/18806 (26.6%)]	Loss: 10467023.748743
Train epoch 20: [6000/18806 (31.9%)]	Loss: 8746082.337229
Train epoch 20: [7000/18806 (37.2%)]	Loss: 7497138.611217
Train epoch 20: [8000/18806 (42.5%)]	Loss: 10450993.305423
Train epoch 20: [9000/18806 (47.9%)]	Loss: 9400991.469768
Train epoch 20: [10000/18806 (53.2%)]	Loss: 12294241.413679
Train epoch 20: [11000/18806 (58.5%)]	Loss: 19174897.025676
Train epoch 20: [12000/18806 (63.8%)]	Loss: 27330855.866638
Train epoch 20: [13000/18806 (69.1%)]	Loss: 25270285.857488
Train epoch 20: [14000/18806 (74.4%)]	Loss: 23938406.084204
Train epoch 20: [15000/18806 (79.8%)]	Loss: 22342819.168541
Train epoch 20: [16000/18806 (85.1%)]	Loss: 20964265.371282
Train epoch 20: [17000/18806 (90.4%)]	Loss: 19731245.892588
Train epoch 20: [18000/18806 (95.7%)]	Loss: 18635202.320262
====> Epoch 20: Average train loss 17836627.009743 (['ihm: 7308425.394861', 'sdm1: 28364828.624625'])
====> Dev set loss: 25524215.417464 (['ihm: 707.576029', 'sdm1: 51047723.258899'])
No improvement in 1 epochs (best dev set loss: 8153.618828)
Not saving checkpoint; no improvement made
Train epoch 21: [1000/18806 (5.3%)]	Loss: 218482071.590524
Train epoch 21: [2000/18806 (10.6%)]	Loss: 109243082.156933
Train epoch 21: [3000/18806 (16.0%)]	Loss: 72882723.216424
Train epoch 21: [4000/18806 (21.3%)]	Loss: 54664250.843518
Train epoch 21: [5000/18806 (26.6%)]	Loss: 43732010.011944
Train epoch 21: [6000/18806 (31.9%)]	Loss: 75042372.367848
Train epoch 21: [7000/18806 (37.2%)]	Loss: 64338430.304982
Train epoch 21: [8000/18806 (42.5%)]	Loss: 56846646.294121
Train epoch 21: [9000/18806 (47.9%)]	Loss: 63289553.555397
Train epoch 21: [10000/18806 (53.2%)]	Loss: 62002534.886810
Train epoch 21: [11000/18806 (58.5%)]	Loss: 56390161.815703
Train epoch 21: [12000/18806 (63.8%)]	Loss: 51712380.774364
Train epoch 21: [13000/18806 (69.1%)]	Loss: 47734735.387106
Train epoch 21: [14000/18806 (74.4%)]	Loss: 44330884.808595
Train epoch 21: [15000/18806 (79.8%)]	Loss: 41375632.545232
Train epoch 21: [16000/18806 (85.1%)]	Loss: 78910202.405808
Train epoch 21: [17000/18806 (90.4%)]	Loss: 74440163.116084
Train epoch 21: [18000/18806 (95.7%)]	Loss: 70304767.610943
====> Epoch 21: Average train loss 67291718.937035 (['ihm: 13922812.559343', 'sdm1: 120660625.314726'])
====> Dev set loss: 23570410.528735 (['ihm: 1787286.388064', 'sdm1: 45353534.669406'])
No improvement in 2 epochs (best dev set loss: 8153.618828)
Not saving checkpoint; no improvement made
Train epoch 22: [1000/18806 (5.3%)]	Loss: 249628.281429
Train epoch 22: [2000/18806 (10.6%)]	Loss: 127044.199505
Train epoch 22: [3000/18806 (16.0%)]	Loss: 8176917.366528
Train epoch 22: [4000/18806 (21.3%)]	Loss: 6136714.437926
Train epoch 22: [5000/18806 (26.6%)]	Loss: 4909815.425182
Train epoch 22: [6000/18806 (31.9%)]	Loss: 6936059.797160
Train epoch 22: [7000/18806 (37.2%)]	Loss: 23929726.868135
Train epoch 22: [8000/18806 (42.5%)]	Loss: 20940681.224917
Train epoch 22: [9000/18806 (47.9%)]	Loss: 18614170.150589
Train epoch 22: [10000/18806 (53.2%)]	Loss: 22990588.599342
Train epoch 22: [11000/18806 (58.5%)]	Loss: 20916774.553751
Train epoch 22: [12000/18806 (63.8%)]	Loss: 36344370.070275
Train epoch 22: [13000/18806 (69.1%)]	Loss: 44070859.555004
Train epoch 22: [14000/18806 (74.4%)]	Loss: 40923192.505471
Train epoch 22: [15000/18806 (79.8%)]	Loss: 38195305.188077
Train epoch 22: [16000/18806 (85.1%)]	Loss: 35979996.402072
Train epoch 22: [17000/18806 (90.4%)]	Loss: 33918331.936116
Train epoch 22: [18000/18806 (95.7%)]	Loss: 32034088.806269
====> Epoch 22: Average train loss 30661226.781434 (['ihm: 14620850.236835', 'sdm1: 46701603.326034'])
====> Dev set loss: 597576.678035 (['ihm: 1191461.704056', 'sdm1: 3691.652015'])
No improvement in 3 epochs (best dev set loss: 8153.618828)
STOPPING EARLY
Computing reconstruction loss...
Loaded checkpoint; best model ready now.
====> Training set reconstruction loss: 9220542.923176 (['ihm: 7734394.915412', 'sdm1: 10706690.930940'])
====> Dev set reconstruction loss: 8153.618828 (['ihm: 986.377563', 'sdm1: 15320.860092'])
Trained convolutional multidecoder.
