Setting up environment...
Environment set up.
Training convolutional multidecoder...
Constructing model...
Done constructing model.
CNNMultidecoder (
  (encoder_conv): Sequential (
    (conv2d_0): Conv2d(1, 256, kernel_size=(3, 3), stride=(1, 1))
    (ELU_0): ELU (alpha=1.0)
    (maxpool2d_0): MaxPool2d (size=(1, 3), stride=(1, 3), dilation=(1, 1))
    (conv2d_1): Conv2d(256, 256, kernel_size=(3, 3), stride=(1, 1))
    (ELU_1): ELU (alpha=1.0)
    (maxpool2d_1): MaxPool2d (size=(1, 3), stride=(1, 3), dilation=(1, 1))
  )
  (encoder_fc): Sequential (
    (lin_0): Linear (14336 -> 2048)
    (ELU_0): ELU (alpha=1.0)
    (lin_final): Linear (2048 -> 1024)
    (ELU_final): ELU (alpha=1.0)
  )
  (decoder_fc_ihm): Sequential (
    (lin_0): Linear (1024 -> 2048)
    (ELU_0): ELU (alpha=1.0)
    (lin_final): Linear (2048 -> 14336)
    (ELU_final): ELU (alpha=1.0)
  )
  (decoder_deconv_ihm): Sequential (
    (maxunpool2d_0): MaxUnpool2d (size=(1, 3), stride=(1, 3), padding=(0, 0))
    (conv2d_0): Conv2d(256, 256, kernel_size=(3, 3), stride=(1, 1), padding=(2, 2))
    (ELU_0): ELU (alpha=1.0)
    (maxunpool2d_1): MaxUnpool2d (size=(1, 3), stride=(1, 3), padding=(0, 0))
    (conv2d_1): Conv2d(256, 1, kernel_size=(3, 3), stride=(1, 1), padding=(2, 2))
    (ELU_1): ELU (alpha=1.0)
  )
  (decoder_fc_sdm1): Sequential (
    (lin_0): Linear (1024 -> 2048)
    (ELU_0): ELU (alpha=1.0)
    (lin_final): Linear (2048 -> 14336)
    (ELU_final): ELU (alpha=1.0)
  )
  (decoder_deconv_sdm1): Sequential (
    (maxunpool2d_0): MaxUnpool2d (size=(1, 3), stride=(1, 3), padding=(0, 0))
    (conv2d_0): Conv2d(256, 256, kernel_size=(3, 3), stride=(1, 1), padding=(2, 2))
    (ELU_0): ELU (alpha=1.0)
    (maxunpool2d_1): MaxUnpool2d (size=(1, 3), stride=(1, 3), padding=(0, 0))
    (conv2d_1): Conv2d(256, 1, kernel_size=(3, 3), stride=(1, 1), padding=(2, 2))
    (ELU_1): ELU (alpha=1.0)
  )
)
Setting up data...
Setting up training datasets...
Using 2407138 training features (9403 batches) for class ihm
Using 2407138 training features (9403 batches) for class sdm1
Setting up dev datasets...
Using 249565 dev features (975 batches) for class ihm
Using 249565 dev features (975 batches) for class sdm1
Setting up minibatch shuffling for training...
18806 total batches: {'ihm': 9403, 'sdm1': 9403}
Done setting up data.
Starting training!
Train epoch 1: [1000/18806 (5.3%)]	Loss: 0.258243
Train epoch 1: [2000/18806 (10.6%)]	Loss: 0.190207
Train epoch 1: [3000/18806 (16.0%)]	Loss: 0.155988
Train epoch 1: [4000/18806 (21.3%)]	Loss: 0.137774
Train epoch 1: [5000/18806 (26.6%)]	Loss: 0.125722
Train epoch 1: [6000/18806 (31.9%)]	Loss: 0.117366
Train epoch 1: [7000/18806 (37.2%)]	Loss: 0.109920
Train epoch 1: [8000/18806 (42.5%)]	Loss: 0.104318
Train epoch 1: [9000/18806 (47.9%)]	Loss: 0.100563
Train epoch 1: [10000/18806 (53.2%)]	Loss: 0.096594
Train epoch 1: [11000/18806 (58.5%)]	Loss: 0.093850
Train epoch 1: [12000/18806 (63.8%)]	Loss: 0.091047
Train epoch 1: [13000/18806 (69.1%)]	Loss: 0.088470
Train epoch 1: [14000/18806 (74.4%)]	Loss: 0.086202
Train epoch 1: [15000/18806 (79.8%)]	Loss: 0.084496
Train epoch 1: [16000/18806 (85.1%)]	Loss: 0.082677
Train epoch 1: [17000/18806 (90.4%)]	Loss: 0.081247
Train epoch 1: [18000/18806 (95.7%)]	Loss: 0.080027
====> Epoch 1: Average train loss 0.078860 (['ihm: 0.085525', 'sdm1: 0.072195'])
====> Dev set loss: 0.051200 (['ihm: 0.054851', 'sdm1: 0.047550'])
New best dev set loss: 0.051200
Saved checkpoint for model
Train epoch 2: [1000/18806 (5.3%)]	Loss: 0.054332
Train epoch 2: [2000/18806 (10.6%)]	Loss: 0.058237
Train epoch 2: [3000/18806 (16.0%)]	Loss: 0.058225
Train epoch 2: [4000/18806 (21.3%)]	Loss: 0.056900
Train epoch 2: [5000/18806 (26.6%)]	Loss: 0.056391
Train epoch 2: [6000/18806 (31.9%)]	Loss: 0.055367
Train epoch 2: [7000/18806 (37.2%)]	Loss: 0.054568
Train epoch 2: [8000/18806 (42.5%)]	Loss: 0.053931
Train epoch 2: [9000/18806 (47.9%)]	Loss: 0.053915
Train epoch 2: [10000/18806 (53.2%)]	Loss: 0.053670
Train epoch 2: [11000/18806 (58.5%)]	Loss: 0.053392
Train epoch 2: [12000/18806 (63.8%)]	Loss: 0.053077
Train epoch 2: [13000/18806 (69.1%)]	Loss: 0.052616
Train epoch 2: [14000/18806 (74.4%)]	Loss: 0.052221
Train epoch 2: [15000/18806 (79.8%)]	Loss: 0.052088
Train epoch 2: [16000/18806 (85.1%)]	Loss: 0.051976
Train epoch 2: [17000/18806 (90.4%)]	Loss: 0.051998
Train epoch 2: [18000/18806 (95.7%)]	Loss: 0.052047
====> Epoch 2: Average train loss 0.051822 (['ihm: 0.060159', 'sdm1: 0.043485'])
====> Dev set loss: 0.043459 (['ihm: 0.050879', 'sdm1: 0.036039'])
New best dev set loss: 0.043459
Saved checkpoint for model
Train epoch 3: [1000/18806 (5.3%)]	Loss: 0.048038
Train epoch 3: [2000/18806 (10.6%)]	Loss: 0.050716
Train epoch 3: [3000/18806 (16.0%)]	Loss: 0.050027
Train epoch 3: [4000/18806 (21.3%)]	Loss: 0.049887
Train epoch 3: [5000/18806 (26.6%)]	Loss: 0.049716
Train epoch 3: [6000/18806 (31.9%)]	Loss: 0.049056
Train epoch 3: [7000/18806 (37.2%)]	Loss: 0.048593
Train epoch 3: [8000/18806 (42.5%)]	Loss: 0.048459
Train epoch 3: [9000/18806 (47.9%)]	Loss: 0.048674
Train epoch 3: [10000/18806 (53.2%)]	Loss: 0.048459
Train epoch 3: [11000/18806 (58.5%)]	Loss: 0.048249
Train epoch 3: [12000/18806 (63.8%)]	Loss: 0.048283
Train epoch 3: [13000/18806 (69.1%)]	Loss: 0.047948
Train epoch 3: [14000/18806 (74.4%)]	Loss: 0.047702
Train epoch 3: [15000/18806 (79.8%)]	Loss: 0.047688
Train epoch 3: [16000/18806 (85.1%)]	Loss: 0.047621
Train epoch 3: [17000/18806 (90.4%)]	Loss: 0.047548
Train epoch 3: [18000/18806 (95.7%)]	Loss: 0.047859
====> Epoch 3: Average train loss 0.047730 (['ihm: 0.056769', 'sdm1: 0.038691'])
====> Dev set loss: 0.048193 (['ihm: 0.055713', 'sdm1: 0.040673'])
No improvement in 1 epochs (best dev set loss: 0.043459)
Not saving checkpoint; no improvement made
Train epoch 4: [1000/18806 (5.3%)]	Loss: 0.046167
Train epoch 4: [2000/18806 (10.6%)]	Loss: 0.049629
Train epoch 4: [3000/18806 (16.0%)]	Loss: 0.048644
Train epoch 4: [4000/18806 (21.3%)]	Loss: 0.049286
Train epoch 4: [5000/18806 (26.6%)]	Loss: 0.048821
Train epoch 4: [6000/18806 (31.9%)]	Loss: 0.047666
Train epoch 4: [7000/18806 (37.2%)]	Loss: 0.047289
Train epoch 4: [8000/18806 (42.5%)]	Loss: 0.047004
Train epoch 4: [9000/18806 (47.9%)]	Loss: 0.047107
Train epoch 4: [10000/18806 (53.2%)]	Loss: 0.046946
Train epoch 4: [11000/18806 (58.5%)]	Loss: 0.046901
Train epoch 4: [12000/18806 (63.8%)]	Loss: 0.046964
Train epoch 4: [13000/18806 (69.1%)]	Loss: 0.046670
Train epoch 4: [14000/18806 (74.4%)]	Loss: 0.046477
Train epoch 4: [15000/18806 (79.8%)]	Loss: 0.046367
Train epoch 4: [16000/18806 (85.1%)]	Loss: 0.046270
Train epoch 4: [17000/18806 (90.4%)]	Loss: 0.046542
Train epoch 4: [18000/18806 (95.7%)]	Loss: 0.046741
====> Epoch 4: Average train loss 0.046732 (['ihm: 0.055849', 'sdm1: 0.037615'])
====> Dev set loss: 0.039835 (['ihm: 0.047142', 'sdm1: 0.032528'])
New best dev set loss: 0.039835
Saved checkpoint for model
Train epoch 5: [1000/18806 (5.3%)]	Loss: 0.044368
Train epoch 5: [2000/18806 (10.6%)]	Loss: 0.046894
Train epoch 5: [3000/18806 (16.0%)]	Loss: 0.046756
Train epoch 5: [4000/18806 (21.3%)]	Loss: 0.046487
Train epoch 5: [5000/18806 (26.6%)]	Loss: 0.046617
Train epoch 5: [6000/18806 (31.9%)]	Loss: 0.045871
Train epoch 5: [7000/18806 (37.2%)]	Loss: 0.045650
Train epoch 5: [8000/18806 (42.5%)]	Loss: 0.045618
Train epoch 5: [9000/18806 (47.9%)]	Loss: 0.045978
Train epoch 5: [10000/18806 (53.2%)]	Loss: 0.045881
Train epoch 5: [11000/18806 (58.5%)]	Loss: 0.046124
Train epoch 5: [12000/18806 (63.8%)]	Loss: 0.045974
Train epoch 5: [13000/18806 (69.1%)]	Loss: 0.045710
Train epoch 5: [14000/18806 (74.4%)]	Loss: 0.045646
Train epoch 5: [15000/18806 (79.8%)]	Loss: 0.045628
Train epoch 5: [16000/18806 (85.1%)]	Loss: 0.045602
Train epoch 5: [17000/18806 (90.4%)]	Loss: 0.045470
Train epoch 5: [18000/18806 (95.7%)]	Loss: 0.045718
====> Epoch 5: Average train loss 0.045714 (['ihm: 0.055068', 'sdm1: 0.036360'])
====> Dev set loss: 0.041922 (['ihm: 0.048649', 'sdm1: 0.035194'])
No improvement in 1 epochs (best dev set loss: 0.039835)
Not saving checkpoint; no improvement made
Train epoch 6: [1000/18806 (5.3%)]	Loss: 0.045111
Train epoch 6: [2000/18806 (10.6%)]	Loss: 0.047151
Train epoch 6: [3000/18806 (16.0%)]	Loss: 0.046317
Train epoch 6: [4000/18806 (21.3%)]	Loss: 0.046254
Train epoch 6: [5000/18806 (26.6%)]	Loss: 0.046269
Train epoch 6: [6000/18806 (31.9%)]	Loss: 0.045649
Train epoch 6: [7000/18806 (37.2%)]	Loss: 0.045293
Train epoch 6: [8000/18806 (42.5%)]	Loss: 0.045401
Train epoch 6: [9000/18806 (47.9%)]	Loss: 0.045613
Train epoch 6: [10000/18806 (53.2%)]	Loss: 0.045440
Train epoch 6: [11000/18806 (58.5%)]	Loss: 0.045479
Train epoch 6: [12000/18806 (63.8%)]	Loss: 0.045348
Train epoch 6: [13000/18806 (69.1%)]	Loss: 0.045080
Train epoch 6: [14000/18806 (74.4%)]	Loss: 0.044928
Train epoch 6: [15000/18806 (79.8%)]	Loss: 0.045021
Train epoch 6: [16000/18806 (85.1%)]	Loss: 0.044975
Train epoch 6: [17000/18806 (90.4%)]	Loss: 0.044874
Train epoch 6: [18000/18806 (95.7%)]	Loss: 0.045102
====> Epoch 6: Average train loss 0.045090 (['ihm: 0.054456', 'sdm1: 0.035724'])
====> Dev set loss: 0.038806 (['ihm: 0.045854', 'sdm1: 0.031758'])
New best dev set loss: 0.038806
Saved checkpoint for model
Train epoch 7: [1000/18806 (5.3%)]	Loss: 0.043936
Train epoch 7: [2000/18806 (10.6%)]	Loss: 0.047177
Train epoch 7: [3000/18806 (16.0%)]	Loss: 0.046367
Train epoch 7: [4000/18806 (21.3%)]	Loss: 0.046209
Train epoch 7: [5000/18806 (26.6%)]	Loss: 0.046553
Train epoch 7: [6000/18806 (31.9%)]	Loss: 0.045883
Train epoch 7: [7000/18806 (37.2%)]	Loss: 0.045394
Train epoch 7: [8000/18806 (42.5%)]	Loss: 0.045145
Train epoch 7: [9000/18806 (47.9%)]	Loss: 0.045213
Train epoch 7: [10000/18806 (53.2%)]	Loss: 0.045102
Train epoch 7: [11000/18806 (58.5%)]	Loss: 0.045212
Train epoch 7: [12000/18806 (63.8%)]	Loss: 0.045101
Train epoch 7: [13000/18806 (69.1%)]	Loss: 0.044873
Train epoch 7: [14000/18806 (74.4%)]	Loss: 0.044758
Train epoch 7: [15000/18806 (79.8%)]	Loss: 0.044666
Train epoch 7: [16000/18806 (85.1%)]	Loss: 0.044544
Train epoch 7: [17000/18806 (90.4%)]	Loss: 0.044524
Train epoch 7: [18000/18806 (95.7%)]	Loss: 0.044716
====> Epoch 7: Average train loss 0.044671 (['ihm: 0.054022', 'sdm1: 0.035321'])
====> Dev set loss: 0.039115 (['ihm: 0.046447', 'sdm1: 0.031784'])
No improvement in 1 epochs (best dev set loss: 0.038806)
Not saving checkpoint; no improvement made
Train epoch 8: [1000/18806 (5.3%)]	Loss: 0.043733
Train epoch 8: [2000/18806 (10.6%)]	Loss: 0.046338
Train epoch 8: [3000/18806 (16.0%)]	Loss: 0.046110
Train epoch 8: [4000/18806 (21.3%)]	Loss: 0.045926
Train epoch 8: [5000/18806 (26.6%)]	Loss: 0.046036
Train epoch 8: [6000/18806 (31.9%)]	Loss: 0.045076
Train epoch 8: [7000/18806 (37.2%)]	Loss: 0.044659
Train epoch 8: [8000/18806 (42.5%)]	Loss: 0.044447
Train epoch 8: [9000/18806 (47.9%)]	Loss: 0.044760
Train epoch 8: [10000/18806 (53.2%)]	Loss: 0.044620
Train epoch 8: [11000/18806 (58.5%)]	Loss: 0.044624
Train epoch 8: [12000/18806 (63.8%)]	Loss: 0.044603
Train epoch 8: [13000/18806 (69.1%)]	Loss: 0.044300
Train epoch 8: [14000/18806 (74.4%)]	Loss: 0.044157
Train epoch 8: [15000/18806 (79.8%)]	Loss: 0.044127
Train epoch 8: [16000/18806 (85.1%)]	Loss: 0.044057
Train epoch 8: [17000/18806 (90.4%)]	Loss: 0.044089
Train epoch 8: [18000/18806 (95.7%)]	Loss: 0.044348
====> Epoch 8: Average train loss 0.044296 (['ihm: 0.053723', 'sdm1: 0.034869'])
====> Dev set loss: 0.038464 (['ihm: 0.045767', 'sdm1: 0.031160'])
New best dev set loss: 0.038464
Saved checkpoint for model
Train epoch 9: [1000/18806 (5.3%)]	Loss: 0.042748
Train epoch 9: [2000/18806 (10.6%)]	Loss: 0.046133
Train epoch 9: [3000/18806 (16.0%)]	Loss: 0.045292
Train epoch 9: [4000/18806 (21.3%)]	Loss: 0.045414
Train epoch 9: [5000/18806 (26.6%)]	Loss: 0.045326
Train epoch 9: [6000/18806 (31.9%)]	Loss: 0.044548
Train epoch 9: [7000/18806 (37.2%)]	Loss: 0.044174
Train epoch 9: [8000/18806 (42.5%)]	Loss: 0.044016
Train epoch 9: [9000/18806 (47.9%)]	Loss: 0.044192
Train epoch 9: [10000/18806 (53.2%)]	Loss: 0.044139
Train epoch 9: [11000/18806 (58.5%)]	Loss: 0.044052
Train epoch 9: [12000/18806 (63.8%)]	Loss: 0.044036
Train epoch 9: [13000/18806 (69.1%)]	Loss: 0.043808
Train epoch 9: [14000/18806 (74.4%)]	Loss: 0.043642
Train epoch 9: [15000/18806 (79.8%)]	Loss: 0.043663
Train epoch 9: [16000/18806 (85.1%)]	Loss: 0.043677
Train epoch 9: [17000/18806 (90.4%)]	Loss: 0.043689
Train epoch 9: [18000/18806 (95.7%)]	Loss: 0.043935
====> Epoch 9: Average train loss 0.043898 (['ihm: 0.053316', 'sdm1: 0.034479'])
====> Dev set loss: 0.037750 (['ihm: 0.044864', 'sdm1: 0.030636'])
New best dev set loss: 0.037750
Saved checkpoint for model
Train epoch 10: [1000/18806 (5.3%)]	Loss: 0.043043
Train epoch 10: [2000/18806 (10.6%)]	Loss: 0.045957
Train epoch 10: [3000/18806 (16.0%)]	Loss: 0.044975
Train epoch 10: [4000/18806 (21.3%)]	Loss: 0.045034
Train epoch 10: [5000/18806 (26.6%)]	Loss: 0.044806
Train epoch 10: [6000/18806 (31.9%)]	Loss: 0.044042
Train epoch 10: [7000/18806 (37.2%)]	Loss: 0.043705
Train epoch 10: [8000/18806 (42.5%)]	Loss: 0.043692
Train epoch 10: [9000/18806 (47.9%)]	Loss: 0.043848
Train epoch 10: [10000/18806 (53.2%)]	Loss: 0.043738
Train epoch 10: [11000/18806 (58.5%)]	Loss: 0.043877
Train epoch 10: [12000/18806 (63.8%)]	Loss: 0.043852
Train epoch 10: [13000/18806 (69.1%)]	Loss: 0.043486
Train epoch 10: [14000/18806 (74.4%)]	Loss: 0.043413
Train epoch 10: [15000/18806 (79.8%)]	Loss: 0.043440
Train epoch 10: [16000/18806 (85.1%)]	Loss: 0.043376
Train epoch 10: [17000/18806 (90.4%)]	Loss: 0.043381
Train epoch 10: [18000/18806 (95.7%)]	Loss: 0.043632
====> Epoch 10: Average train loss 0.043632 (['ihm: 0.053161', 'sdm1: 0.034104'])
====> Dev set loss: 0.038595 (['ihm: 0.046241', 'sdm1: 0.030948'])
No improvement in 1 epochs (best dev set loss: 0.037750)
Not saving checkpoint; no improvement made
Train epoch 11: [1000/18806 (5.3%)]	Loss: 0.041951
Train epoch 11: [2000/18806 (10.6%)]	Loss: 0.045007
Train epoch 11: [3000/18806 (16.0%)]	Loss: 0.044229
Train epoch 11: [4000/18806 (21.3%)]	Loss: 0.044512
Train epoch 11: [5000/18806 (26.6%)]	Loss: 0.044535
Train epoch 11: [6000/18806 (31.9%)]	Loss: 0.043942
Train epoch 11: [7000/18806 (37.2%)]	Loss: 0.043603
Train epoch 11: [8000/18806 (42.5%)]	Loss: 0.043377
Train epoch 11: [9000/18806 (47.9%)]	Loss: 0.043687
Train epoch 11: [10000/18806 (53.2%)]	Loss: 0.043527
Train epoch 11: [11000/18806 (58.5%)]	Loss: 0.043649
Train epoch 11: [12000/18806 (63.8%)]	Loss: 0.043586
Train epoch 11: [13000/18806 (69.1%)]	Loss: 0.043318
Train epoch 11: [14000/18806 (74.4%)]	Loss: 0.043277
Train epoch 11: [15000/18806 (79.8%)]	Loss: 0.043190
Train epoch 11: [16000/18806 (85.1%)]	Loss: 0.043160
Train epoch 11: [17000/18806 (90.4%)]	Loss: 0.043058
Train epoch 11: [18000/18806 (95.7%)]	Loss: 0.043352
====> Epoch 11: Average train loss 0.043344 (['ihm: 0.052884', 'sdm1: 0.033804'])
====> Dev set loss: 0.037678 (['ihm: 0.044684', 'sdm1: 0.030672'])
New best dev set loss: 0.037678
Saved checkpoint for model
Train epoch 12: [1000/18806 (5.3%)]	Loss: 0.042631
Train epoch 12: [2000/18806 (10.6%)]	Loss: 0.044869
Train epoch 12: [3000/18806 (16.0%)]	Loss: 0.044724
Train epoch 12: [4000/18806 (21.3%)]	Loss: 0.044574
Train epoch 12: [5000/18806 (26.6%)]	Loss: 0.044436
Train epoch 12: [6000/18806 (31.9%)]	Loss: 0.043756
Train epoch 12: [7000/18806 (37.2%)]	Loss: 0.043490
Train epoch 12: [8000/18806 (42.5%)]	Loss: 0.043353
Train epoch 12: [9000/18806 (47.9%)]	Loss: 0.043614
Train epoch 12: [10000/18806 (53.2%)]	Loss: 0.043406
Train epoch 12: [11000/18806 (58.5%)]	Loss: 0.043463
Train epoch 12: [12000/18806 (63.8%)]	Loss: 0.043357
Train epoch 12: [13000/18806 (69.1%)]	Loss: 0.043140
Train epoch 12: [14000/18806 (74.4%)]	Loss: 0.043006
Train epoch 12: [15000/18806 (79.8%)]	Loss: 0.042973
Train epoch 12: [16000/18806 (85.1%)]	Loss: 0.042974
Train epoch 12: [17000/18806 (90.4%)]	Loss: 0.042999
Train epoch 12: [18000/18806 (95.7%)]	Loss: 0.043205
====> Epoch 12: Average train loss 0.043156 (['ihm: 0.052688', 'sdm1: 0.033624'])
====> Dev set loss: 0.037371 (['ihm: 0.044432', 'sdm1: 0.030309'])
New best dev set loss: 0.037371
Saved checkpoint for model
Train epoch 13: [1000/18806 (5.3%)]	Loss: 0.042234
Train epoch 13: [2000/18806 (10.6%)]	Loss: 0.045233
Train epoch 13: [3000/18806 (16.0%)]	Loss: 0.044530
Train epoch 13: [4000/18806 (21.3%)]	Loss: 0.044360
Train epoch 13: [5000/18806 (26.6%)]	Loss: 0.044357
Train epoch 13: [6000/18806 (31.9%)]	Loss: 0.043633
Train epoch 13: [7000/18806 (37.2%)]	Loss: 0.043390
Train epoch 13: [8000/18806 (42.5%)]	Loss: 0.043254
Train epoch 13: [9000/18806 (47.9%)]	Loss: 0.043450
Train epoch 13: [10000/18806 (53.2%)]	Loss: 0.043255
Train epoch 13: [11000/18806 (58.5%)]	Loss: 0.043292
Train epoch 13: [12000/18806 (63.8%)]	Loss: 0.043193
Train epoch 13: [13000/18806 (69.1%)]	Loss: 0.043047
Train epoch 13: [14000/18806 (74.4%)]	Loss: 0.042930
Train epoch 13: [15000/18806 (79.8%)]	Loss: 0.042849
Train epoch 13: [16000/18806 (85.1%)]	Loss: 0.042789
Train epoch 13: [17000/18806 (90.4%)]	Loss: 0.042719
Train epoch 13: [18000/18806 (95.7%)]	Loss: 0.042995
====> Epoch 13: Average train loss 0.042983 (['ihm: 0.052574', 'sdm1: 0.033392'])
====> Dev set loss: 0.038275 (['ihm: 0.045367', 'sdm1: 0.031184'])
No improvement in 1 epochs (best dev set loss: 0.037371)
Not saving checkpoint; no improvement made
Train epoch 14: [1000/18806 (5.3%)]	Loss: 0.041718
Train epoch 14: [2000/18806 (10.6%)]	Loss: 0.044493
Train epoch 14: [3000/18806 (16.0%)]	Loss: 0.044282
Train epoch 14: [4000/18806 (21.3%)]	Loss: 0.044352
Train epoch 14: [5000/18806 (26.6%)]	Loss: 0.044311
Train epoch 14: [6000/18806 (31.9%)]	Loss: 0.043678
Train epoch 14: [7000/18806 (37.2%)]	Loss: 0.043472
Train epoch 14: [8000/18806 (42.5%)]	Loss: 0.043137
Train epoch 14: [9000/18806 (47.9%)]	Loss: 0.043316
Train epoch 14: [10000/18806 (53.2%)]	Loss: 0.043211
Train epoch 14: [11000/18806 (58.5%)]	Loss: 0.043199
Train epoch 14: [12000/18806 (63.8%)]	Loss: 0.043055
Train epoch 14: [13000/18806 (69.1%)]	Loss: 0.042879
Train epoch 14: [14000/18806 (74.4%)]	Loss: 0.042692
Train epoch 14: [15000/18806 (79.8%)]	Loss: 0.042745
Train epoch 14: [16000/18806 (85.1%)]	Loss: 0.042675
Train epoch 14: [17000/18806 (90.4%)]	Loss: 0.042684
Train epoch 14: [18000/18806 (95.7%)]	Loss: 0.042941
====> Epoch 14: Average train loss 0.042906 (['ihm: 0.052500', 'sdm1: 0.033312'])
====> Dev set loss: 0.036694 (['ihm: 0.043903', 'sdm1: 0.029486'])
New best dev set loss: 0.036694
Saved checkpoint for model
Train epoch 15: [1000/18806 (5.3%)]	Loss: 0.041790
Train epoch 15: [2000/18806 (10.6%)]	Loss: 0.044487
Train epoch 15: [3000/18806 (16.0%)]	Loss: 0.043832
Train epoch 15: [4000/18806 (21.3%)]	Loss: 0.044294
Train epoch 15: [5000/18806 (26.6%)]	Loss: 0.043974
Train epoch 15: [6000/18806 (31.9%)]	Loss: 0.043344
Train epoch 15: [7000/18806 (37.2%)]	Loss: 0.043116
Train epoch 15: [8000/18806 (42.5%)]	Loss: 0.042967
Train epoch 15: [9000/18806 (47.9%)]	Loss: 0.043178
Train epoch 15: [10000/18806 (53.2%)]	Loss: 0.042958
Train epoch 15: [11000/18806 (58.5%)]	Loss: 0.043007
Train epoch 15: [12000/18806 (63.8%)]	Loss: 0.042941
Train epoch 15: [13000/18806 (69.1%)]	Loss: 0.042637
Train epoch 15: [14000/18806 (74.4%)]	Loss: 0.042605
Train epoch 15: [15000/18806 (79.8%)]	Loss: 0.042659
Train epoch 15: [16000/18806 (85.1%)]	Loss: 0.042656
Train epoch 15: [17000/18806 (90.4%)]	Loss: 0.042613
Train epoch 15: [18000/18806 (95.7%)]	Loss: 0.042914
====> Epoch 15: Average train loss 0.042849 (['ihm: 0.052440', 'sdm1: 0.033259'])
====> Dev set loss: 0.037761 (['ihm: 0.045211', 'sdm1: 0.030311'])
No improvement in 1 epochs (best dev set loss: 0.036694)
Not saving checkpoint; no improvement made
Train epoch 16: [1000/18806 (5.3%)]	Loss: 0.041553
Train epoch 16: [2000/18806 (10.6%)]	Loss: 0.045124
Train epoch 16: [3000/18806 (16.0%)]	Loss: 0.043932
Train epoch 16: [4000/18806 (21.3%)]	Loss: 0.044007
Train epoch 16: [5000/18806 (26.6%)]	Loss: 0.043857
Train epoch 16: [6000/18806 (31.9%)]	Loss: 0.043033
Train epoch 16: [7000/18806 (37.2%)]	Loss: 0.042865
Train epoch 16: [8000/18806 (42.5%)]	Loss: 0.042747
Train epoch 16: [9000/18806 (47.9%)]	Loss: 0.042967
Train epoch 16: [10000/18806 (53.2%)]	Loss: 0.042844
Train epoch 16: [11000/18806 (58.5%)]	Loss: 0.042807
Train epoch 16: [12000/18806 (63.8%)]	Loss: 0.042849
Train epoch 16: [13000/18806 (69.1%)]	Loss: 0.042572
Train epoch 16: [14000/18806 (74.4%)]	Loss: 0.042459
Train epoch 16: [15000/18806 (79.8%)]	Loss: 0.042426
Train epoch 16: [16000/18806 (85.1%)]	Loss: 0.042417
Train epoch 16: [17000/18806 (90.4%)]	Loss: 0.042406
Train epoch 16: [18000/18806 (95.7%)]	Loss: 0.042701
====> Epoch 16: Average train loss 0.042646 (['ihm: 0.052224', 'sdm1: 0.033068'])
====> Dev set loss: 0.037090 (['ihm: 0.043988', 'sdm1: 0.030191'])
No improvement in 2 epochs (best dev set loss: 0.036694)
Not saving checkpoint; no improvement made
Train epoch 17: [1000/18806 (5.3%)]	Loss: 0.041663
Train epoch 17: [2000/18806 (10.6%)]	Loss: 0.044288
Train epoch 17: [3000/18806 (16.0%)]	Loss: 0.043738
Train epoch 17: [4000/18806 (21.3%)]	Loss: 0.044011
Train epoch 17: [5000/18806 (26.6%)]	Loss: 0.043984
Train epoch 17: [6000/18806 (31.9%)]	Loss: 0.043023
Train epoch 17: [7000/18806 (37.2%)]	Loss: 0.042645
Train epoch 17: [8000/18806 (42.5%)]	Loss: 0.042920
Train epoch 17: [9000/18806 (47.9%)]	Loss: 0.043220
Train epoch 17: [10000/18806 (53.2%)]	Loss: 0.042977
Train epoch 17: [11000/18806 (58.5%)]	Loss: 0.042885
Train epoch 17: [12000/18806 (63.8%)]	Loss: 0.042730
Train epoch 17: [13000/18806 (69.1%)]	Loss: 0.042636
Train epoch 17: [14000/18806 (74.4%)]	Loss: 0.042490
Train epoch 17: [15000/18806 (79.8%)]	Loss: 0.042477
Train epoch 17: [16000/18806 (85.1%)]	Loss: 0.042378
Train epoch 17: [17000/18806 (90.4%)]	Loss: 0.042392
Train epoch 17: [18000/18806 (95.7%)]	Loss: 0.042522
====> Epoch 17: Average train loss 0.042646 (['ihm: 0.052273', 'sdm1: 0.033019'])
====> Dev set loss: 0.036684 (['ihm: 0.043763', 'sdm1: 0.029604'])
New best dev set loss: 0.036684
Saved checkpoint for model
Train epoch 18: [1000/18806 (5.3%)]	Loss: 0.042026
Train epoch 18: [2000/18806 (10.6%)]	Loss: 0.044624
Train epoch 18: [3000/18806 (16.0%)]	Loss: 0.043982
Train epoch 18: [4000/18806 (21.3%)]	Loss: 0.043999
Train epoch 18: [5000/18806 (26.6%)]	Loss: 0.043791
Train epoch 18: [6000/18806 (31.9%)]	Loss: 0.043008
Train epoch 18: [7000/18806 (37.2%)]	Loss: 0.042853
Train epoch 18: [8000/18806 (42.5%)]	Loss: 0.042790
Train epoch 18: [9000/18806 (47.9%)]	Loss: 0.042975
Train epoch 18: [10000/18806 (53.2%)]	Loss: 0.042748
Train epoch 18: [11000/18806 (58.5%)]	Loss: 0.042801
Train epoch 18: [12000/18806 (63.8%)]	Loss: 0.042633
Train epoch 18: [13000/18806 (69.1%)]	Loss: 0.042436
Train epoch 18: [14000/18806 (74.4%)]	Loss: 0.042367
Train epoch 18: [15000/18806 (79.8%)]	Loss: 0.042313
Train epoch 18: [16000/18806 (85.1%)]	Loss: 0.042291
Train epoch 18: [17000/18806 (90.4%)]	Loss: 0.042258
Train epoch 18: [18000/18806 (95.7%)]	Loss: 0.042559
====> Epoch 18: Average train loss 0.042493 (['ihm: 0.052097', 'sdm1: 0.032889'])
====> Dev set loss: 0.037582 (['ihm: 0.045302', 'sdm1: 0.029862'])
No improvement in 1 epochs (best dev set loss: 0.036684)
Not saving checkpoint; no improvement made
Train epoch 19: [1000/18806 (5.3%)]	Loss: 0.040999
Train epoch 19: [2000/18806 (10.6%)]	Loss: 0.044455
Train epoch 19: [3000/18806 (16.0%)]	Loss: 0.043903
Train epoch 19: [4000/18806 (21.3%)]	Loss: 0.044010
Train epoch 19: [5000/18806 (26.6%)]	Loss: 0.043969
Train epoch 19: [6000/18806 (31.9%)]	Loss: 0.043372
Train epoch 19: [7000/18806 (37.2%)]	Loss: 0.043207
Train epoch 19: [8000/18806 (42.5%)]	Loss: 0.043180
Train epoch 19: [9000/18806 (47.9%)]	Loss: 0.043056
Train epoch 19: [10000/18806 (53.2%)]	Loss: 0.042837
Train epoch 19: [11000/18806 (58.5%)]	Loss: 0.042872
Train epoch 19: [12000/18806 (63.8%)]	Loss: 0.042776
Train epoch 19: [13000/18806 (69.1%)]	Loss: 0.042680
Train epoch 19: [14000/18806 (74.4%)]	Loss: 0.042557
Train epoch 19: [15000/18806 (79.8%)]	Loss: 0.042361
Train epoch 19: [16000/18806 (85.1%)]	Loss: 0.042398
Train epoch 19: [17000/18806 (90.4%)]	Loss: 0.042325
Train epoch 19: [18000/18806 (95.7%)]	Loss: 0.042573
====> Epoch 19: Average train loss 0.042515 (['ihm: 0.052149', 'sdm1: 0.032881'])
====> Dev set loss: 0.036737 (['ihm: 0.044005', 'sdm1: 0.029469'])
No improvement in 2 epochs (best dev set loss: 0.036684)
Not saving checkpoint; no improvement made
Train epoch 20: [1000/18806 (5.3%)]	Loss: 0.041673
Train epoch 20: [2000/18806 (10.6%)]	Loss: 0.044630
Train epoch 20: [3000/18806 (16.0%)]	Loss: 0.043715
Train epoch 20: [4000/18806 (21.3%)]	Loss: 0.043852
Train epoch 20: [5000/18806 (26.6%)]	Loss: 0.043727
Train epoch 20: [6000/18806 (31.9%)]	Loss: 0.042904
Train epoch 20: [7000/18806 (37.2%)]	Loss: 0.042624
Train epoch 20: [8000/18806 (42.5%)]	Loss: 0.042523
Train epoch 20: [9000/18806 (47.9%)]	Loss: 0.042779
Train epoch 20: [10000/18806 (53.2%)]	Loss: 0.042548
Train epoch 20: [11000/18806 (58.5%)]	Loss: 0.042573
Train epoch 20: [12000/18806 (63.8%)]	Loss: 0.042529
Train epoch 20: [13000/18806 (69.1%)]	Loss: 0.042305
Train epoch 20: [14000/18806 (74.4%)]	Loss: 0.042240
Train epoch 20: [15000/18806 (79.8%)]	Loss: 0.042148
Train epoch 20: [16000/18806 (85.1%)]	Loss: 0.042106
Train epoch 20: [17000/18806 (90.4%)]	Loss: 0.042052
Train epoch 20: [18000/18806 (95.7%)]	Loss: 0.042359
====> Epoch 20: Average train loss 0.042305 (['ihm: 0.051992', 'sdm1: 0.032619'])
====> Dev set loss: 0.036673 (['ihm: 0.043959', 'sdm1: 0.029387'])
New best dev set loss: 0.036673
Saved checkpoint for model
Train epoch 21: [1000/18806 (5.3%)]	Loss: 0.041718
Train epoch 21: [2000/18806 (10.6%)]	Loss: 0.043970
Train epoch 21: [3000/18806 (16.0%)]	Loss: 0.043962
Train epoch 21: [4000/18806 (21.3%)]	Loss: 0.043826
Train epoch 21: [5000/18806 (26.6%)]	Loss: 0.043709
Train epoch 21: [6000/18806 (31.9%)]	Loss: 0.043022
Train epoch 21: [7000/18806 (37.2%)]	Loss: 0.042611
Train epoch 21: [8000/18806 (42.5%)]	Loss: 0.042686
Train epoch 21: [9000/18806 (47.9%)]	Loss: 0.042709
Train epoch 21: [10000/18806 (53.2%)]	Loss: 0.042517
Train epoch 21: [11000/18806 (58.5%)]	Loss: 0.042556
Train epoch 21: [12000/18806 (63.8%)]	Loss: 0.042474
Train epoch 21: [13000/18806 (69.1%)]	Loss: 0.042259
Train epoch 21: [14000/18806 (74.4%)]	Loss: 0.042188
Train epoch 21: [15000/18806 (79.8%)]	Loss: 0.042092
Train epoch 21: [16000/18806 (85.1%)]	Loss: 0.042035
Train epoch 21: [17000/18806 (90.4%)]	Loss: 0.042014
Train epoch 21: [18000/18806 (95.7%)]	Loss: 0.042284
====> Epoch 21: Average train loss 0.042280 (['ihm: 0.051931', 'sdm1: 0.032630'])
====> Dev set loss: 0.037492 (['ihm: 0.044108', 'sdm1: 0.030876'])
No improvement in 1 epochs (best dev set loss: 0.036673)
Not saving checkpoint; no improvement made
Train epoch 22: [1000/18806 (5.3%)]	Loss: 0.041941
Train epoch 22: [2000/18806 (10.6%)]	Loss: 0.044548
Train epoch 22: [3000/18806 (16.0%)]	Loss: 0.043771
Train epoch 22: [4000/18806 (21.3%)]	Loss: 0.043770
Train epoch 22: [5000/18806 (26.6%)]	Loss: 0.043634
Train epoch 22: [6000/18806 (31.9%)]	Loss: 0.042875
Train epoch 22: [7000/18806 (37.2%)]	Loss: 0.042482
Train epoch 22: [8000/18806 (42.5%)]	Loss: 0.042404
Train epoch 22: [9000/18806 (47.9%)]	Loss: 0.042488
Train epoch 22: [10000/18806 (53.2%)]	Loss: 0.042451
Train epoch 22: [11000/18806 (58.5%)]	Loss: 0.042497
Train epoch 22: [12000/18806 (63.8%)]	Loss: 0.042445
Train epoch 22: [13000/18806 (69.1%)]	Loss: 0.042247
Train epoch 22: [14000/18806 (74.4%)]	Loss: 0.042120
Train epoch 22: [15000/18806 (79.8%)]	Loss: 0.042098
Train epoch 22: [16000/18806 (85.1%)]	Loss: 0.042065
Train epoch 22: [17000/18806 (90.4%)]	Loss: 0.042090
Train epoch 22: [18000/18806 (95.7%)]	Loss: 0.042326
====> Epoch 22: Average train loss 0.042304 (['ihm: 0.051959', 'sdm1: 0.032649'])
====> Dev set loss: 0.036643 (['ihm: 0.044224', 'sdm1: 0.029063'])
New best dev set loss: 0.036643
Saved checkpoint for model
Train epoch 23: [1000/18806 (5.3%)]	Loss: 0.042082
Train epoch 23: [2000/18806 (10.6%)]	Loss: 0.044099
Train epoch 23: [3000/18806 (16.0%)]	Loss: 0.043448
Train epoch 23: [4000/18806 (21.3%)]	Loss: 0.043599
Train epoch 23: [5000/18806 (26.6%)]	Loss: 0.043552
Train epoch 23: [6000/18806 (31.9%)]	Loss: 0.042704
Train epoch 23: [7000/18806 (37.2%)]	Loss: 0.042477
Train epoch 23: [8000/18806 (42.5%)]	Loss: 0.042312
Train epoch 23: [9000/18806 (47.9%)]	Loss: 0.042522
Train epoch 23: [10000/18806 (53.2%)]	Loss: 0.042330
Train epoch 23: [11000/18806 (58.5%)]	Loss: 0.042459
Train epoch 23: [12000/18806 (63.8%)]	Loss: 0.042387
Train epoch 23: [13000/18806 (69.1%)]	Loss: 0.042109
Train epoch 23: [14000/18806 (74.4%)]	Loss: 0.041951
Train epoch 23: [15000/18806 (79.8%)]	Loss: 0.041952
Train epoch 23: [16000/18806 (85.1%)]	Loss: 0.041889
Train epoch 23: [17000/18806 (90.4%)]	Loss: 0.041793
Train epoch 23: [18000/18806 (95.7%)]	Loss: 0.042134
====> Epoch 23: Average train loss 0.042134 (['ihm: 0.051853', 'sdm1: 0.032414'])
====> Dev set loss: 0.036542 (['ihm: 0.043750', 'sdm1: 0.029335'])
New best dev set loss: 0.036542
Saved checkpoint for model
Train epoch 24: [1000/18806 (5.3%)]	Loss: 0.042240
Train epoch 24: [2000/18806 (10.6%)]	Loss: 0.044238
Train epoch 24: [3000/18806 (16.0%)]	Loss: 0.043372
Train epoch 24: [4000/18806 (21.3%)]	Loss: 0.043572
Train epoch 24: [5000/18806 (26.6%)]	Loss: 0.043382
Train epoch 24: [6000/18806 (31.9%)]	Loss: 0.042652
Train epoch 24: [7000/18806 (37.2%)]	Loss: 0.042235
Train epoch 24: [8000/18806 (42.5%)]	Loss: 0.042169
Train epoch 24: [9000/18806 (47.9%)]	Loss: 0.042288
Train epoch 24: [10000/18806 (53.2%)]	Loss: 0.042220
Train epoch 24: [11000/18806 (58.5%)]	Loss: 0.042267
Train epoch 24: [12000/18806 (63.8%)]	Loss: 0.042181
Train epoch 24: [13000/18806 (69.1%)]	Loss: 0.041977
Train epoch 24: [14000/18806 (74.4%)]	Loss: 0.041917
Train epoch 24: [15000/18806 (79.8%)]	Loss: 0.042013
Train epoch 24: [16000/18806 (85.1%)]	Loss: 0.041948
Train epoch 24: [17000/18806 (90.4%)]	Loss: 0.041846
Train epoch 24: [18000/18806 (95.7%)]	Loss: 0.042103
====> Epoch 24: Average train loss 0.042117 (['ihm: 0.051778', 'sdm1: 0.032457'])
====> Dev set loss: 0.037224 (['ihm: 0.044274', 'sdm1: 0.030173'])
No improvement in 1 epochs (best dev set loss: 0.036542)
Not saving checkpoint; no improvement made
Train epoch 25: [1000/18806 (5.3%)]	Loss: 0.041197
Train epoch 25: [2000/18806 (10.6%)]	Loss: 0.044901
Train epoch 25: [3000/18806 (16.0%)]	Loss: 0.043586
Train epoch 25: [4000/18806 (21.3%)]	Loss: 0.043505
Train epoch 25: [5000/18806 (26.6%)]	Loss: 0.043335
Train epoch 25: [6000/18806 (31.9%)]	Loss: 0.042642
Train epoch 25: [7000/18806 (37.2%)]	Loss: 0.042424
Train epoch 25: [8000/18806 (42.5%)]	Loss: 0.042257
Train epoch 25: [9000/18806 (47.9%)]	Loss: 0.042513
Train epoch 25: [10000/18806 (53.2%)]	Loss: 0.042343
Train epoch 25: [11000/18806 (58.5%)]	Loss: 0.042388
Train epoch 25: [12000/18806 (63.8%)]	Loss: 0.042329
Train epoch 25: [13000/18806 (69.1%)]	Loss: 0.042068
Train epoch 25: [14000/18806 (74.4%)]	Loss: 0.041980
Train epoch 25: [15000/18806 (79.8%)]	Loss: 0.041910
Train epoch 25: [16000/18806 (85.1%)]	Loss: 0.041860
Train epoch 25: [17000/18806 (90.4%)]	Loss: 0.041786
Train epoch 25: [18000/18806 (95.7%)]	Loss: 0.042049
====> Epoch 25: Average train loss 0.042111 (['ihm: 0.051793', 'sdm1: 0.032429'])
====> Dev set loss: 0.037778 (['ihm: 0.045576', 'sdm1: 0.029980'])
No improvement in 2 epochs (best dev set loss: 0.036542)
Not saving checkpoint; no improvement made
Train epoch 26: [1000/18806 (5.3%)]	Loss: 0.040829
Train epoch 26: [2000/18806 (10.6%)]	Loss: 0.043747
Train epoch 26: [3000/18806 (16.0%)]	Loss: 0.043084
Train epoch 26: [4000/18806 (21.3%)]	Loss: 0.043009
Train epoch 26: [5000/18806 (26.6%)]	Loss: 0.043109
Train epoch 26: [6000/18806 (31.9%)]	Loss: 0.042340
Train epoch 26: [7000/18806 (37.2%)]	Loss: 0.041987
Train epoch 26: [8000/18806 (42.5%)]	Loss: 0.041891
Train epoch 26: [9000/18806 (47.9%)]	Loss: 0.042109
Train epoch 26: [10000/18806 (53.2%)]	Loss: 0.042076
Train epoch 26: [11000/18806 (58.5%)]	Loss: 0.042004
Train epoch 26: [12000/18806 (63.8%)]	Loss: 0.042106
Train epoch 26: [13000/18806 (69.1%)]	Loss: 0.041836
Train epoch 26: [14000/18806 (74.4%)]	Loss: 0.041758
Train epoch 26: [15000/18806 (79.8%)]	Loss: 0.041740
Train epoch 26: [16000/18806 (85.1%)]	Loss: 0.041694
Train epoch 26: [17000/18806 (90.4%)]	Loss: 0.041759
Train epoch 26: [18000/18806 (95.7%)]	Loss: 0.042019
====> Epoch 26: Average train loss 0.041987 (['ihm: 0.051690', 'sdm1: 0.032284'])
====> Dev set loss: 0.036149 (['ihm: 0.043646', 'sdm1: 0.028652'])
New best dev set loss: 0.036149
Saved checkpoint for model
Train epoch 27: [1000/18806 (5.3%)]	Loss: 0.040615
Train epoch 27: [2000/18806 (10.6%)]	Loss: 0.043968
Train epoch 27: [3000/18806 (16.0%)]	Loss: 0.043868
Train epoch 27: [4000/18806 (21.3%)]	Loss: 0.043868
Train epoch 27: [5000/18806 (26.6%)]	Loss: 0.043542
Train epoch 27: [6000/18806 (31.9%)]	Loss: 0.042744
Train epoch 27: [7000/18806 (37.2%)]	Loss: 0.042459
Train epoch 27: [8000/18806 (42.5%)]	Loss: 0.042496
Train epoch 27: [9000/18806 (47.9%)]	Loss: 0.042550
Train epoch 27: [10000/18806 (53.2%)]	Loss: 0.042293
Train epoch 27: [11000/18806 (58.5%)]	Loss: 0.042277
Train epoch 27: [12000/18806 (63.8%)]	Loss: 0.042109
Train epoch 27: [13000/18806 (69.1%)]	Loss: 0.041912
Train epoch 27: [14000/18806 (74.4%)]	Loss: 0.041766
Train epoch 27: [15000/18806 (79.8%)]	Loss: 0.041736
Train epoch 27: [16000/18806 (85.1%)]	Loss: 0.041658
Train epoch 27: [17000/18806 (90.4%)]	Loss: 0.041671
Train epoch 27: [18000/18806 (95.7%)]	Loss: 0.041940
====> Epoch 27: Average train loss 0.041947 (['ihm: 0.051644', 'sdm1: 0.032250'])
====> Dev set loss: 0.036234 (['ihm: 0.043570', 'sdm1: 0.028899'])
No improvement in 1 epochs (best dev set loss: 0.036149)
Not saving checkpoint; no improvement made
Train epoch 28: [1000/18806 (5.3%)]	Loss: 0.040808
Train epoch 28: [2000/18806 (10.6%)]	Loss: 0.043601
Train epoch 28: [3000/18806 (16.0%)]	Loss: 0.043150
Train epoch 28: [4000/18806 (21.3%)]	Loss: 0.043338
Train epoch 28: [5000/18806 (26.6%)]	Loss: 0.043122
Train epoch 28: [6000/18806 (31.9%)]	Loss: 0.042379
Train epoch 28: [7000/18806 (37.2%)]	Loss: 0.042215
Train epoch 28: [8000/18806 (42.5%)]	Loss: 0.042090
Train epoch 28: [9000/18806 (47.9%)]	Loss: 0.042510
Train epoch 28: [10000/18806 (53.2%)]	Loss: 0.042348
Train epoch 28: [11000/18806 (58.5%)]	Loss: 0.042312
Train epoch 28: [12000/18806 (63.8%)]	Loss: 0.042227
Train epoch 28: [13000/18806 (69.1%)]	Loss: 0.041981
Train epoch 28: [14000/18806 (74.4%)]	Loss: 0.041921
Train epoch 28: [15000/18806 (79.8%)]	Loss: 0.041830
Train epoch 28: [16000/18806 (85.1%)]	Loss: 0.041849
Train epoch 28: [17000/18806 (90.4%)]	Loss: 0.041758
Train epoch 28: [18000/18806 (95.7%)]	Loss: 0.041973
====> Epoch 28: Average train loss 0.042047 (['ihm: 0.051732', 'sdm1: 0.032361'])
====> Dev set loss: 0.037399 (['ihm: 0.045329', 'sdm1: 0.029470'])
No improvement in 2 epochs (best dev set loss: 0.036149)
Not saving checkpoint; no improvement made
Train epoch 29: [1000/18806 (5.3%)]	Loss: 0.041000
Train epoch 29: [2000/18806 (10.6%)]	Loss: 0.044301
Train epoch 29: [3000/18806 (16.0%)]	Loss: 0.043240
Train epoch 29: [4000/18806 (21.3%)]	Loss: 0.043349
Train epoch 29: [5000/18806 (26.6%)]	Loss: 0.043423
Train epoch 29: [6000/18806 (31.9%)]	Loss: 0.042469
Train epoch 29: [7000/18806 (37.2%)]	Loss: 0.042106
Train epoch 29: [8000/18806 (42.5%)]	Loss: 0.041968
Train epoch 29: [9000/18806 (47.9%)]	Loss: 0.042071
Train epoch 29: [10000/18806 (53.2%)]	Loss: 0.042036
Train epoch 29: [11000/18806 (58.5%)]	Loss: 0.042139
Train epoch 29: [12000/18806 (63.8%)]	Loss: 0.042030
Train epoch 29: [13000/18806 (69.1%)]	Loss: 0.041810
Train epoch 29: [14000/18806 (74.4%)]	Loss: 0.041687
Train epoch 29: [15000/18806 (79.8%)]	Loss: 0.041671
Train epoch 29: [16000/18806 (85.1%)]	Loss: 0.041673
Train epoch 29: [17000/18806 (90.4%)]	Loss: 0.041657
Train epoch 29: [18000/18806 (95.7%)]	Loss: 0.041874
====> Epoch 29: Average train loss 0.041908 (['ihm: 0.051652', 'sdm1: 0.032165'])
====> Dev set loss: 0.036297 (['ihm: 0.043184', 'sdm1: 0.029411'])
No improvement in 3 epochs (best dev set loss: 0.036149)
STOPPING EARLY
Computing reconstruction loss...
Loaded checkpoint; best model ready now.
====> Training set reconstruction loss: 0.041181 (['ihm: 0.493701', 'sdm1: 0.300607'])
====> Dev set reconstruction loss: 0.036149 (['ihm: 0.043646', 'sdm1: 0.028652'])
Trained convolutional multidecoder.
