# mkdir -p /data/sls/r/u/atitus5/meng/am/logs/ami-0.1/train_ihm/baseline/frame-tdnn-450x7-step0.05/decode_ihm/ascore_13/ && lattice-scale --inv-acoustic-scale=13 "ark:gunzip -c /data/sls/r/u/atitus5/meng/am/logs/ami-0.1/train_ihm/baseline/frame-tdnn-450x7-step0.05/decode_ihm/lat.18.gz|" ark:- | lattice-limit-depth ark:- ark:- | lattice-push --push-strings=false ark:- ark:- | lattice-align-words-lexicon --max-expand=10.0 /data/sls/scratch/haotang/ami//exp/ihm/tri3-logmel-hires/graph_ami_fsh.o3g.kn.pr1-7/phones/align_lexicon.int /data/sls/scratch/haotang/ami//exp/ihm/tri3-logmel-hires_ali/final.mdl ark:- ark:- | lattice-to-ctm-conf --decode-mbr=true ark:- - | /data/sls/r/u/atitus5/meng/utils/int2sym.pl -f 5 /data/sls/scratch/haotang/ami//exp/ihm/tri3-logmel-hires/graph_ami_fsh.o3g.kn.pr1-7/words.txt | /data/sls/r/u/atitus5/meng/utils/convert_ctm.pl /data/sls/scratch/haotang/ami//sls-data/ami-0.1/ihm-dev/segments /data/sls/scratch/haotang/ami//sls-data/ami-0.1/ihm-dev/reco2file_and_channel > /data/sls/r/u/atitus5/meng/am/logs/ami-0.1/train_ihm/baseline/frame-tdnn-450x7-step0.05/decode_ihm/ascore_13/ihm-dev.18.ctm 
# Started at Sun Feb 25 12:05:55 EST 2018
#
lattice-scale --inv-acoustic-scale=13 'ark:gunzip -c /data/sls/r/u/atitus5/meng/am/logs/ami-0.1/train_ihm/baseline/frame-tdnn-450x7-step0.05/decode_ihm/lat.18.gz|' ark:- 
lattice-to-ctm-conf --decode-mbr=true ark:- - 
lattice-push --push-strings=false ark:- ark:- 
lattice-align-words-lexicon --max-expand=10.0 /data/sls/scratch/haotang/ami//exp/ihm/tri3-logmel-hires/graph_ami_fsh.o3g.kn.pr1-7/phones/align_lexicon.int /data/sls/scratch/haotang/ami//exp/ihm/tri3-logmel-hires_ali/final.mdl ark:- ark:- 
lattice-limit-depth ark:- ark:- 
LOG (lattice-to-ctm-conf[5.2.134~1-ecd4]:main():lattice-to-ctm-conf.cc:172) For utterance AMI_IS1001b_H01_MIO012_0014203_0014358, Bayes Risk 0.0160244, avg. confidence per-word 0.983976
LOG (lattice-to-ctm-conf[5.2.134~1-ecd4]:main():lattice-to-ctm-conf.cc:172) For utterance AMI_IS1001b_H01_MIO012_0014358_0014421, Bayes Risk 0.0376315, avg. confidence per-word 0.972372
LOG (lattice-to-ctm-conf[5.2.134~1-ecd4]:main():lattice-to-ctm-conf.cc:172) For utterance AMI_IS1001b_H01_MIO012_0015782_0016028, Bayes Risk 2.07896, avg. confidence per-word 0.864989
LOG (lattice-to-ctm-conf[5.2.134~1-ecd4]:main():lattice-to-ctm-conf.cc:172) For utterance AMI_IS1001b_H01_MIO012_0016182_0016258, Bayes Risk 0.337279, avg. confidence per-word 0.847332
LOG (lattice-to-ctm-conf[5.2.134~1-ecd4]:main():lattice-to-ctm-conf.cc:172) For utterance AMI_IS1001b_H01_MIO012_0016470_0016631, Bayes Risk 0.882654, avg. confidence per-word 0.99294
LOG (lattice-to-ctm-conf[5.2.134~1-ecd4]:main():lattice-to-ctm-conf.cc:172) For utterance AMI_IS1001b_H01_MIO012_0017127_0017161, Bayes Risk 0, avg. confidence per-word 1
LOG (lattice-to-ctm-conf[5.2.134~1-ecd4]:main():lattice-to-ctm-conf.cc:172) For utterance AMI_IS1001b_H01_MIO012_0017380_0017440, Bayes Risk 0.206506, avg. confidence per-word 0.998944
LOG (lattice-to-ctm-conf[5.2.134~1-ecd4]:main():lattice-to-ctm-conf.cc:172) For utterance AMI_IS1001b_H01_MIO012_0017660_0017719, Bayes Risk 0.0536907, avg. confidence per-word 0.978237
LOG (lattice-to-ctm-conf[5.2.134~1-ecd4]:main():lattice-to-ctm-conf.cc:172) For utterance AMI_IS1001b_H01_MIO012_0017867_0017946, Bayes Risk 0.00681072, avg. confidence per-word 0.993189
LOG (lattice-to-ctm-conf[5.2.134~1-ecd4]:main():lattice-to-ctm-conf.cc:172) For utterance AMI_IS1001b_H01_MIO012_0017946_0017985, Bayes Risk 0.902896, avg. confidence per-word 0.548552
LOG (lattice-to-ctm-conf[5.2.134~1-ecd4]:main():lattice-to-ctm-conf.cc:172) For utterance AMI_IS1001b_H01_MIO012_0018204_0018333, Bayes Risk 0.060502, avg. confidence per-word 0.988218
LOG (lattice-to-ctm-conf[5.2.134~1-ecd4]:main():lattice-to-ctm-conf.cc:172) For utterance AMI_IS1001b_H01_MIO012_0018517_0018557, Bayes Risk 1.25482, avg. confidence per-word 0.582563
LOG (lattice-to-ctm-conf[5.2.134~1-ecd4]:main():lattice-to-ctm-conf.cc:172) For utterance AMI_IS1001b_H01_MIO012_0019012_0019044, Bayes Risk 0.00681072, avg. confidence per-word 0.993189
LOG (lattice-to-ctm-conf[5.2.134~1-ecd4]:main():lattice-to-ctm-conf.cc:172) For utterance AMI_IS1001b_H01_MIO012_0019044_0019103, Bayes Risk 0.289379, avg. confidence per-word 0.996712
LOG (lattice-to-ctm-conf[5.2.134~1-ecd4]:main():lattice-to-ctm-conf.cc:172) For utterance AMI_IS1001b_H01_MIO012_0019809_0020005, Bayes Risk 0.0108054, avg. confidence per-word 0.998712
LOG (lattice-to-ctm-conf[5.2.134~1-ecd4]:main():lattice-to-ctm-conf.cc:172) For utterance AMI_IS1001b_H01_MIO012_0020005_0020093, Bayes Risk 0.172956, avg. confidence per-word 0.93618
LOG (lattice-to-ctm-conf[5.2.134~1-ecd4]:main():lattice-to-ctm-conf.cc:172) For utterance AMI_IS1001b_H01_MIO012_0020430_0020460, Bayes Risk 0, avg. confidence per-word 1
LOG (lattice-to-ctm-conf[5.2.134~1-ecd4]:main():lattice-to-ctm-conf.cc:172) For utterance AMI_IS1001b_H01_MIO012_0020644_0020675, Bayes Risk 0, avg. confidence per-word 1
LOG (lattice-to-ctm-conf[5.2.134~1-ecd4]:main():lattice-to-ctm-conf.cc:172) For utterance AMI_IS1001b_H01_MIO012_0020818_0020911, Bayes Risk 0, avg. confidence per-word 1
LOG (lattice-to-ctm-conf[5.2.134~1-ecd4]:main():lattice-to-ctm-conf.cc:172) For utterance AMI_IS1001b_H01_MIO012_0020911_0021006, Bayes Risk 0, avg. confidence per-word 1
LOG (lattice-to-ctm-conf[5.2.134~1-ecd4]:main():lattice-to-ctm-conf.cc:172) For utterance AMI_IS1001b_H01_MIO012_0021006_0021468, Bayes Risk 2.41954, avg. confidence per-word 0.751487
LOG (lattice-to-ctm-conf[5.2.134~1-ecd4]:main():lattice-to-ctm-conf.cc:172) For utterance AMI_IS1001b_H01_MIO012_0021468_0021760, Bayes Risk 2.99431, avg. confidence per-word 0.676713
LOG (lattice-to-ctm-conf[5.2.134~1-ecd4]:main():lattice-to-ctm-conf.cc:172) For utterance AMI_IS1001b_H01_MIO012_0021760_0022418, Bayes Risk 2.32242, avg. confidence per-word 0.900929
LOG (lattice-to-ctm-conf[5.2.134~1-ecd4]:main():lattice-to-ctm-conf.cc:172) For utterance AMI_IS1001b_H01_MIO012_0022418_0023952, Bayes Risk 5.44086, avg. confidence per-word 0.851552
LOG (lattice-to-ctm-conf[5.2.134~1-ecd4]:main():lattice-to-ctm-conf.cc:172) For utterance AMI_IS1001b_H01_MIO012_0024060_0024933, Bayes Risk 3.73573, avg. confidence per-word 0.907008
LOG (lattice-to-ctm-conf[5.2.134~1-ecd4]:main():lattice-to-ctm-conf.cc:172) For utterance AMI_IS1001b_H01_MIO012_0024933_0025184, Bayes Risk 1.03603, avg. confidence per-word 0.838483
LOG (lattice-to-ctm-conf[5.2.134~1-ecd4]:main():lattice-to-ctm-conf.cc:172) For utterance AMI_IS1001b_H01_MIO012_0025184_0025441, Bayes Risk 0.846916, avg. confidence per-word 0.890904
LOG (lattice-to-ctm-conf[5.2.134~1-ecd4]:main():lattice-to-ctm-conf.cc:172) For utterance AMI_IS1001b_H01_MIO012_0025596_0025920, Bayes Risk 2.00592, avg. confidence per-word 0.816262
LOG (lattice-to-ctm-conf[5.2.134~1-ecd4]:main():lattice-to-ctm-conf.cc:172) For utterance AMI_IS1001b_H01_MIO012_0025920_0026237, Bayes Risk 1.65243, avg. confidence per-word 0.8941
LOG (lattice-scale[5.2.134~1-ecd4]:main():lattice-scale.cc:90) Done 33 lattices.
LOG (lattice-to-ctm-conf[5.2.134~1-ecd4]:main():lattice-to-ctm-conf.cc:172) For utterance AMI_IS1006c_H03_MIO008_0166692_0167186, Bayes Risk 1.89346, avg. confidence per-word 0.86639
LOG (lattice-limit-depth[5.2.134~1-ecd4]:main():lattice-limit-depth.cc:103) Done 33 lattices.
LOG (lattice-limit-depth[5.2.134~1-ecd4]:main():lattice-limit-depth.cc:104) Overall density changed from 19.7262 to 19.7262
LOG (lattice-to-ctm-conf[5.2.134~1-ecd4]:main():lattice-to-ctm-conf.cc:172) For utterance AMI_IS1006c_H03_MIO008_0167186_0167669, Bayes Risk 2.2769, avg. confidence per-word 0.871832
LOG (lattice-push[5.2.134~1-ecd4]:main():lattice-push.cc:98) Pushed 33 lattices, errors on 0
LOG (lattice-to-ctm-conf[5.2.134~1-ecd4]:main():lattice-to-ctm-conf.cc:172) For utterance AMI_IS1006c_H03_MIO008_0167669_0167763, Bayes Risk 0.00932922, avg. confidence per-word 0.997753
LOG (lattice-to-ctm-conf[5.2.134~1-ecd4]:main():lattice-to-ctm-conf.cc:172) For utterance AMI_IS1006c_H03_MIO008_0168092_0168396, Bayes Risk 0.35495, avg. confidence per-word 0.958177
LOG (lattice-align-words-lexicon[5.2.134~1-ecd4]:main():lattice-align-words-lexicon.cc:138) Successfully aligned 33 lattices; 0 had errors.
LOG (lattice-to-ctm-conf[5.2.134~1-ecd4]:main():lattice-to-ctm-conf.cc:181) Done 33 lattices.
LOG (lattice-to-ctm-conf[5.2.134~1-ecd4]:main():lattice-to-ctm-conf.cc:182) Overall average Bayes Risk per sentence is 1.00929 and per word, 0.176225
# Accounting: time=63 threads=1
# Ended (code 0) at Sun Feb 25 12:06:58 EST 2018, elapsed time 63 seconds
