# mkdir -p /data/sls/r/u/atitus5/meng/am/logs/ami-0.1/train_ihm/baseline/frame-tdnn-450x7-step0.05/decode_ihm/ascore_9/ && lattice-scale --inv-acoustic-scale=9 "ark:gunzip -c /data/sls/r/u/atitus5/meng/am/logs/ami-0.1/train_ihm/baseline/frame-tdnn-450x7-step0.05/decode_ihm/lat.13.gz|" ark:- | lattice-limit-depth ark:- ark:- | lattice-push --push-strings=false ark:- ark:- | lattice-align-words-lexicon --max-expand=10.0 /data/sls/scratch/haotang/ami//exp/ihm/tri3-logmel-hires/graph_ami_fsh.o3g.kn.pr1-7/phones/align_lexicon.int /data/sls/scratch/haotang/ami//exp/ihm/tri3-logmel-hires_ali/final.mdl ark:- ark:- | lattice-to-ctm-conf --decode-mbr=true ark:- - | /data/sls/r/u/atitus5/meng/utils/int2sym.pl -f 5 /data/sls/scratch/haotang/ami//exp/ihm/tri3-logmel-hires/graph_ami_fsh.o3g.kn.pr1-7/words.txt | /data/sls/r/u/atitus5/meng/utils/convert_ctm.pl /data/sls/scratch/haotang/ami//sls-data/ami-0.1/ihm-dev/segments /data/sls/scratch/haotang/ami//sls-data/ami-0.1/ihm-dev/reco2file_and_channel > /data/sls/r/u/atitus5/meng/am/logs/ami-0.1/train_ihm/baseline/frame-tdnn-450x7-step0.05/decode_ihm/ascore_9/ihm-dev.13.ctm 
# Started at Sun Feb 25 12:05:53 EST 2018
#
lattice-scale --inv-acoustic-scale=9 'ark:gunzip -c /data/sls/r/u/atitus5/meng/am/logs/ami-0.1/train_ihm/baseline/frame-tdnn-450x7-step0.05/decode_ihm/lat.13.gz|' ark:- 
lattice-to-ctm-conf --decode-mbr=true ark:- - 
lattice-push --push-strings=false ark:- ark:- 
lattice-align-words-lexicon --max-expand=10.0 /data/sls/scratch/haotang/ami//exp/ihm/tri3-logmel-hires/graph_ami_fsh.o3g.kn.pr1-7/phones/align_lexicon.int /data/sls/scratch/haotang/ami//exp/ihm/tri3-logmel-hires_ali/final.mdl ark:- ark:- 
lattice-limit-depth ark:- ark:- 
LOG (lattice-to-ctm-conf[5.2.134~1-ecd4]:main():lattice-to-ctm-conf.cc:172) For utterance AMI_IN1008_H03_MIO018_0154834_0154963, Bayes Risk 0.245457, avg. confidence per-word 0.878902
LOG (lattice-to-ctm-conf[5.2.134~1-ecd4]:main():lattice-to-ctm-conf.cc:172) For utterance AMI_IN1008_H03_MIO018_0154963_0155141, Bayes Risk 0.180157, avg. confidence per-word 0.955382
LOG (lattice-to-ctm-conf[5.2.134~1-ecd4]:main():lattice-to-ctm-conf.cc:172) For utterance AMI_IN1008_H03_MIO018_0155141_0155455, Bayes Risk 1.03137, avg. confidence per-word 0.887038
LOG (lattice-to-ctm-conf[5.2.134~1-ecd4]:main():lattice-to-ctm-conf.cc:172) For utterance AMI_IN1008_H03_MIO018_0155455_0155519, Bayes Risk 0, avg. confidence per-word 1
LOG (lattice-to-ctm-conf[5.2.134~1-ecd4]:main():lattice-to-ctm-conf.cc:172) For utterance AMI_IN1008_H03_MIO018_0156088_0156115, Bayes Risk 0.0536182, avg. confidence per-word 0.946382
LOG (lattice-to-ctm-conf[5.2.134~1-ecd4]:main():lattice-to-ctm-conf.cc:172) For utterance AMI_IN1008_H03_MIO018_0157097_0157163, Bayes Risk 0.103284, avg. confidence per-word 0.998684
LOG (lattice-to-ctm-conf[5.2.134~1-ecd4]:main():lattice-to-ctm-conf.cc:172) For utterance AMI_IN1008_H03_MIO018_0157163_0157201, Bayes Risk 0, avg. confidence per-word 1
LOG (lattice-to-ctm-conf[5.2.134~1-ecd4]:main():lattice-to-ctm-conf.cc:172) For utterance AMI_IN1008_H03_MIO018_0157351_0157936, Bayes Risk 0.130803, avg. confidence per-word 0.993319
LOG (lattice-to-ctm-conf[5.2.134~1-ecd4]:main():lattice-to-ctm-conf.cc:172) For utterance AMI_IN1008_H03_MIO018_0157936_0158210, Bayes Risk 0.118152, avg. confidence per-word 0.985947
LOG (lattice-to-ctm-conf[5.2.134~1-ecd4]:main():lattice-to-ctm-conf.cc:172) For utterance AMI_IN1008_H03_MIO018_0158210_0158387, Bayes Risk 0.265591, avg. confidence per-word 0.94336
LOG (lattice-to-ctm-conf[5.2.134~1-ecd4]:main():lattice-to-ctm-conf.cc:172) For utterance AMI_IN1008_H03_MIO018_0158387_0158480, Bayes Risk 0.0029283, avg. confidence per-word 1
LOG (lattice-scale[5.2.134~1-ecd4]:main():lattice-scale.cc:90) Done 33 lattices.
LOG (lattice-to-ctm-conf[5.2.134~1-ecd4]:main():lattice-to-ctm-conf.cc:172) For utterance AMI_IN1008_H03_MIO018_0159136_0159314, Bayes Risk 0.118518, avg. confidence per-word 0.986582
LOG (lattice-to-ctm-conf[5.2.134~1-ecd4]:main():lattice-to-ctm-conf.cc:172) For utterance AMI_IN1008_H03_MIO018_0159737_0159903, Bayes Risk 0.454376, avg. confidence per-word 0.853406
LOG (lattice-to-ctm-conf[5.2.134~1-ecd4]:main():lattice-to-ctm-conf.cc:172) For utterance AMI_IN1008_H03_MIO018_0159903_0160555, Bayes Risk 2.06382, avg. confidence per-word 0.893023
LOG (lattice-limit-depth[5.2.134~1-ecd4]:main():lattice-limit-depth.cc:103) Done 33 lattices.
LOG (lattice-limit-depth[5.2.134~1-ecd4]:main():lattice-limit-depth.cc:104) Overall density changed from 7.86112 to 7.86112
LOG (lattice-to-ctm-conf[5.2.134~1-ecd4]:main():lattice-to-ctm-conf.cc:172) For utterance AMI_IN1008_H03_MIO018_0160730_0160901, Bayes Risk 0.216277, avg. confidence per-word 0.969103
LOG (lattice-to-ctm-conf[5.2.134~1-ecd4]:main():lattice-to-ctm-conf.cc:172) For utterance AMI_IN1008_H03_MIO018_0161074_0161257, Bayes Risk 0, avg. confidence per-word 1
LOG (lattice-to-ctm-conf[5.2.134~1-ecd4]:main():lattice-to-ctm-conf.cc:172) For utterance AMI_IN1008_H03_MIO018_0161257_0161384, Bayes Risk 0.240081, avg. confidence per-word 0.844976
LOG (lattice-to-ctm-conf[5.2.134~1-ecd4]:main():lattice-to-ctm-conf.cc:172) For utterance AMI_IN1008_H03_MIO018_0161976_0161993, Bayes Risk 0.187754, avg. confidence per-word 0.812246
LOG (lattice-to-ctm-conf[5.2.134~1-ecd4]:main():lattice-to-ctm-conf.cc:172) For utterance AMI_IN1008_H03_MIO018_0162621_0162723, Bayes Risk 0.831184, avg. confidence per-word 0.723344
LOG (lattice-to-ctm-conf[5.2.134~1-ecd4]:main():lattice-to-ctm-conf.cc:172) For utterance AMI_IN1008_H03_MIO018_0163368_0163465, Bayes Risk 0.142044, avg. confidence per-word 0.981646
LOG (lattice-to-ctm-conf[5.2.134~1-ecd4]:main():lattice-to-ctm-conf.cc:172) For utterance AMI_IN1008_H03_MIO018_0163649_0163678, Bayes Risk 0, avg. confidence per-word 1
LOG (lattice-to-ctm-conf[5.2.134~1-ecd4]:main():lattice-to-ctm-conf.cc:172) For utterance AMI_IN1008_H03_MIO018_0164290_0164421, Bayes Risk 0.166354, avg. confidence per-word 0.967268
LOG (lattice-to-ctm-conf[5.2.134~1-ecd4]:main():lattice-to-ctm-conf.cc:172) For utterance AMI_IN1008_H03_MIO018_0164421_0165247, Bayes Risk 1.21276, avg. confidence per-word 0.938234
LOG (lattice-push[5.2.134~1-ecd4]:main():lattice-push.cc:98) Pushed 33 lattices, errors on 0
LOG (lattice-to-ctm-conf[5.2.134~1-ecd4]:main():lattice-to-ctm-conf.cc:172) For utterance AMI_IN1008_H03_MIO018_0165247_0165922, Bayes Risk 1.55438, avg. confidence per-word 0.929405
LOG (lattice-to-ctm-conf[5.2.134~1-ecd4]:main():lattice-to-ctm-conf.cc:172) For utterance AMI_IN1008_H03_MIO018_0165922_0166270, Bayes Risk 0.00977474, avg. confidence per-word 0.999455
LOG (lattice-to-ctm-conf[5.2.134~1-ecd4]:main():lattice-to-ctm-conf.cc:172) For utterance AMI_IN1008_H03_MIO018_0166270_0166554, Bayes Risk 1.01191, avg. confidence per-word 0.887605
LOG (lattice-to-ctm-conf[5.2.134~1-ecd4]:main():lattice-to-ctm-conf.cc:172) For utterance AMI_IN1008_H03_MIO018_0166554_0166882, Bayes Risk 0.327223, avg. confidence per-word 0.976441
LOG (lattice-to-ctm-conf[5.2.134~1-ecd4]:main():lattice-to-ctm-conf.cc:172) For utterance AMI_IN1008_H03_MIO018_0166882_0167044, Bayes Risk 0.0102091, avg. confidence per-word 0.994895
LOG (lattice-to-ctm-conf[5.2.134~1-ecd4]:main():lattice-to-ctm-conf.cc:172) For utterance AMI_IN1008_H03_MIO018_0167588_0167620, Bayes Risk 0, avg. confidence per-word 1
LOG (lattice-to-ctm-conf[5.2.134~1-ecd4]:main():lattice-to-ctm-conf.cc:172) For utterance AMI_IN1008_H03_MIO018_0168646_0168767, Bayes Risk 0.0261779, avg. confidence per-word 0.976422
LOG (lattice-to-ctm-conf[5.2.134~1-ecd4]:main():lattice-to-ctm-conf.cc:172) For utterance AMI_IN1008_H03_MIO018_0168767_0169328, Bayes Risk 0.995479, avg. confidence per-word 0.956276
LOG (lattice-to-ctm-conf[5.2.134~1-ecd4]:main():lattice-to-ctm-conf.cc:172) For utterance AMI_IN1008_H03_MIO018_0169328_0169525, Bayes Risk 0.604895, avg. confidence per-word 0.924605
LOG (lattice-to-ctm-conf[5.2.134~1-ecd4]:main():lattice-to-ctm-conf.cc:172) For utterance AMI_IN1008_H03_MIO018_0169912_0169940, Bayes Risk 0, avg. confidence per-word 1
LOG (lattice-align-words-lexicon[5.2.134~1-ecd4]:main():lattice-align-words-lexicon.cc:138) Successfully aligned 33 lattices; 0 had errors.
LOG (lattice-to-ctm-conf[5.2.134~1-ecd4]:main():lattice-to-ctm-conf.cc:181) Done 33 lattices.
LOG (lattice-to-ctm-conf[5.2.134~1-ecd4]:main():lattice-to-ctm-conf.cc:182) Overall average Bayes Risk per sentence is 0.372866 and per word, 0.0719566
# Accounting: time=19 threads=1
# Ended (code 0) at Sun Feb 25 12:06:12 EST 2018, elapsed time 19 seconds
