# mkdir -p /data/sls/r/u/atitus5/meng/am/logs/ami-0.1/train_ihm/baseline/frame-tdnn-450x7-step0.05/decode_ihm/ascore_9/ && lattice-scale --inv-acoustic-scale=9 "ark:gunzip -c /data/sls/r/u/atitus5/meng/am/logs/ami-0.1/train_ihm/baseline/frame-tdnn-450x7-step0.05/decode_ihm/lat.29.gz|" ark:- | lattice-limit-depth ark:- ark:- | lattice-push --push-strings=false ark:- ark:- | lattice-align-words-lexicon --max-expand=10.0 /data/sls/scratch/haotang/ami//exp/ihm/tri3-logmel-hires/graph_ami_fsh.o3g.kn.pr1-7/phones/align_lexicon.int /data/sls/scratch/haotang/ami//exp/ihm/tri3-logmel-hires_ali/final.mdl ark:- ark:- | lattice-to-ctm-conf --decode-mbr=true ark:- - | /data/sls/r/u/atitus5/meng/utils/int2sym.pl -f 5 /data/sls/scratch/haotang/ami//exp/ihm/tri3-logmel-hires/graph_ami_fsh.o3g.kn.pr1-7/words.txt | /data/sls/r/u/atitus5/meng/utils/convert_ctm.pl /data/sls/scratch/haotang/ami//sls-data/ami-0.1/ihm-dev/segments /data/sls/scratch/haotang/ami//sls-data/ami-0.1/ihm-dev/reco2file_and_channel > /data/sls/r/u/atitus5/meng/am/logs/ami-0.1/train_ihm/baseline/frame-tdnn-450x7-step0.05/decode_ihm/ascore_9/ihm-dev.29.ctm 
# Started at Sun Feb 25 12:05:53 EST 2018
#
lattice-scale --inv-acoustic-scale=9 'ark:gunzip -c /data/sls/r/u/atitus5/meng/am/logs/ami-0.1/train_ihm/baseline/frame-tdnn-450x7-step0.05/decode_ihm/lat.29.gz|' ark:- 
lattice-limit-depth ark:- ark:- 
lattice-align-words-lexicon --max-expand=10.0 /data/sls/scratch/haotang/ami//exp/ihm/tri3-logmel-hires/graph_ami_fsh.o3g.kn.pr1-7/phones/align_lexicon.int /data/sls/scratch/haotang/ami//exp/ihm/tri3-logmel-hires_ali/final.mdl ark:- ark:- 
lattice-push --push-strings=false ark:- ark:- 
lattice-to-ctm-conf --decode-mbr=true ark:- - 
LOG (lattice-to-ctm-conf[5.2.134~1-ecd4]:main():lattice-to-ctm-conf.cc:172) For utterance AMI_TS3012d_H03_MTD048ME_0177247_0177353, Bayes Risk 0.866896, avg. confidence per-word 0.786401
LOG (lattice-to-ctm-conf[5.2.134~1-ecd4]:main():lattice-to-ctm-conf.cc:172) For utterance AMI_TS3012d_H03_MTD048ME_0178046_0178281, Bayes Risk 0.120337, avg. confidence per-word 0.980693
LOG (lattice-to-ctm-conf[5.2.134~1-ecd4]:main():lattice-to-ctm-conf.cc:172) For utterance AMI_TS3012d_H03_MTD048ME_0178281_0178540, Bayes Risk 0, avg. confidence per-word 1
LOG (lattice-scale[5.2.134~1-ecd4]:main():lattice-scale.cc:90) Done 33 lattices.
LOG (lattice-to-ctm-conf[5.2.134~1-ecd4]:main():lattice-to-ctm-conf.cc:172) For utterance AMI_TS3012d_H03_MTD048ME_0178540_0178656, Bayes Risk 1.42072, avg. confidence per-word 0.534896
LOG (lattice-to-ctm-conf[5.2.134~1-ecd4]:main():lattice-to-ctm-conf.cc:172) For utterance AMI_TS3012d_H03_MTD048ME_0178656_0178788, Bayes Risk 1.28872, avg. confidence per-word 0.887371
LOG (lattice-to-ctm-conf[5.2.134~1-ecd4]:main():lattice-to-ctm-conf.cc:172) For utterance AMI_TS3012d_H03_MTD048ME_0178900_0179047, Bayes Risk 0.442688, avg. confidence per-word 1
LOG (lattice-to-ctm-conf[5.2.134~1-ecd4]:main():lattice-to-ctm-conf.cc:172) For utterance AMI_TS3012d_H03_MTD048ME_0179133_0179228, Bayes Risk 0.0120074, avg. confidence per-word 0.993996
LOG (lattice-to-ctm-conf[5.2.134~1-ecd4]:main():lattice-to-ctm-conf.cc:172) For utterance AMI_TS3012d_H03_MTD048ME_0179353_0179465, Bayes Risk 0.0315743, avg. confidence per-word 0.971619
LOG (lattice-to-ctm-conf[5.2.134~1-ecd4]:main():lattice-to-ctm-conf.cc:172) For utterance AMI_TS3012d_H03_MTD048ME_0180518_0180551, Bayes Risk 0, avg. confidence per-word 1
LOG (lattice-to-ctm-conf[5.2.134~1-ecd4]:main():lattice-to-ctm-conf.cc:172) For utterance AMI_TS3012d_H03_MTD048ME_0180787_0180829, Bayes Risk 0.00109846, avg. confidence per-word 1
LOG (lattice-to-ctm-conf[5.2.134~1-ecd4]:main():lattice-to-ctm-conf.cc:172) For utterance AMI_TS3012d_H03_MTD048ME_0181927_0182071, Bayes Risk 0.0723983, avg. confidence per-word 0.97982
LOG (lattice-to-ctm-conf[5.2.134~1-ecd4]:main():lattice-to-ctm-conf.cc:172) For utterance AMI_TS3012d_H03_MTD048ME_0187856_0187899, Bayes Risk 0.703125, avg. confidence per-word 0.648724
LOG (lattice-to-ctm-conf[5.2.134~1-ecd4]:main():lattice-to-ctm-conf.cc:172) For utterance AMI_TS3012d_H03_MTD048ME_0188025_0188079, Bayes Risk 0, avg. confidence per-word 1
LOG (lattice-to-ctm-conf[5.2.134~1-ecd4]:main():lattice-to-ctm-conf.cc:172) For utterance AMI_TS3012d_H03_MTD048ME_0190864_0190929, Bayes Risk 0.0922095, avg. confidence per-word 0.970386
LOG (lattice-limit-depth[5.2.134~1-ecd4]:main():lattice-limit-depth.cc:103) Done 33 lattices.
LOG (lattice-limit-depth[5.2.134~1-ecd4]:main():lattice-limit-depth.cc:104) Overall density changed from 15.7931 to 15.7931
LOG (lattice-to-ctm-conf[5.2.134~1-ecd4]:main():lattice-to-ctm-conf.cc:172) For utterance AMI_TS3012d_H03_MTD048ME_0191040_0191173, Bayes Risk 0.335887, avg. confidence per-word 0.74926
LOG (lattice-to-ctm-conf[5.2.134~1-ecd4]:main():lattice-to-ctm-conf.cc:172) For utterance AMI_TS3012d_H03_MTD048ME_0191359_0191412, Bayes Risk 0.00121725, avg. confidence per-word 1
LOG (lattice-to-ctm-conf[5.2.134~1-ecd4]:main():lattice-to-ctm-conf.cc:172) For utterance AMI_TS3012d_H03_MTD048ME_0191617_0191835, Bayes Risk 0.666002, avg. confidence per-word 0.835371
LOG (lattice-to-ctm-conf[5.2.134~1-ecd4]:main():lattice-to-ctm-conf.cc:172) For utterance AMI_TS3012d_H03_MTD048ME_0192069_0192119, Bayes Risk 0.00124059, avg. confidence per-word 1
LOG (lattice-to-ctm-conf[5.2.134~1-ecd4]:main():lattice-to-ctm-conf.cc:172) For utterance AMI_TS3012d_H03_MTD048ME_0192473_0192551, Bayes Risk 0.133987, avg. confidence per-word 0.991418
LOG (lattice-to-ctm-conf[5.2.134~1-ecd4]:main():lattice-to-ctm-conf.cc:172) For utterance AMI_TS3012d_H03_MTD048ME_0192822_0192950, Bayes Risk 0, avg. confidence per-word 1
LOG (lattice-to-ctm-conf[5.2.134~1-ecd4]:main():lattice-to-ctm-conf.cc:172) For utterance AMI_TS3012d_H03_MTD048ME_0193218_0193552, Bayes Risk 0.107873, avg. confidence per-word 0.974707
LOG (lattice-to-ctm-conf[5.2.134~1-ecd4]:main():lattice-to-ctm-conf.cc:172) For utterance AMI_TS3012d_H03_MTD048ME_0193552_0193716, Bayes Risk 0.67844, avg. confidence per-word 0.824659
LOG (lattice-to-ctm-conf[5.2.134~1-ecd4]:main():lattice-to-ctm-conf.cc:172) For utterance AMI_TS3012d_H03_MTD048ME_0193716_0193746, Bayes Risk 0.346102, avg. confidence per-word 0.826949
LOG (lattice-to-ctm-conf[5.2.134~1-ecd4]:main():lattice-to-ctm-conf.cc:172) For utterance AMI_TS3012d_H03_MTD048ME_0194463_0194554, Bayes Risk 1.82322, avg. confidence per-word 0.61166
LOG (lattice-to-ctm-conf[5.2.134~1-ecd4]:main():lattice-to-ctm-conf.cc:172) For utterance AMI_TS3012d_H03_MTD048ME_0194895_0194981, Bayes Risk 0.32133, avg. confidence per-word 0.893113
LOG (lattice-to-ctm-conf[5.2.134~1-ecd4]:main():lattice-to-ctm-conf.cc:172) For utterance AMI_TS3012d_H03_MTD048ME_0195197_0195310, Bayes Risk 0.0415926, avg. confidence per-word 0.989786
LOG (lattice-push[5.2.134~1-ecd4]:main():lattice-push.cc:98) Pushed 33 lattices, errors on 0
LOG (lattice-to-ctm-conf[5.2.134~1-ecd4]:main():lattice-to-ctm-conf.cc:172) For utterance AMI_TS3012d_H03_MTD048ME_0195707_0195873, Bayes Risk 1.33741, avg. confidence per-word 0.565671
LOG (lattice-to-ctm-conf[5.2.134~1-ecd4]:main():lattice-to-ctm-conf.cc:172) For utterance AMI_TS3012d_H03_MTD048ME_0197858_0197962, Bayes Risk 1.04338, avg. confidence per-word 0.660695
LOG (lattice-to-ctm-conf[5.2.134~1-ecd4]:main():lattice-to-ctm-conf.cc:172) For utterance AMI_TS3012d_H03_MTD048ME_0199970_0200015, Bayes Risk 0.249807, avg. confidence per-word 0.752132
LOG (lattice-to-ctm-conf[5.2.134~1-ecd4]:main():lattice-to-ctm-conf.cc:172) For utterance AMI_TS3012d_H03_MTD048ME_0200580_0200818, Bayes Risk 0.244339, avg. confidence per-word 1
LOG (lattice-to-ctm-conf[5.2.134~1-ecd4]:main():lattice-to-ctm-conf.cc:172) For utterance AMI_TS3012d_H03_MTD048ME_0201583_0201657, Bayes Risk 0.0938201, avg. confidence per-word 0.993489
LOG (lattice-to-ctm-conf[5.2.134~1-ecd4]:main():lattice-to-ctm-conf.cc:172) For utterance AMI_TS3012d_H03_MTD048ME_0201940_0201980, Bayes Risk 0, avg. confidence per-word 1
LOG (lattice-to-ctm-conf[5.2.134~1-ecd4]:main():lattice-to-ctm-conf.cc:172) For utterance AMI_TS3012d_H03_MTD048ME_0202403_0202453, Bayes Risk 0.102023, avg. confidence per-word 0.948989
LOG (lattice-align-words-lexicon[5.2.134~1-ecd4]:main():lattice-align-words-lexicon.cc:138) Successfully aligned 33 lattices; 0 had errors.
LOG (lattice-to-ctm-conf[5.2.134~1-ecd4]:main():lattice-to-ctm-conf.cc:181) Done 33 lattices.
LOG (lattice-to-ctm-conf[5.2.134~1-ecd4]:main():lattice-to-ctm-conf.cc:182) Overall average Bayes Risk per sentence is 0.381195 and per word, 0.153408
# Accounting: time=38 threads=1
# Ended (code 0) at Sun Feb 25 12:06:32 EST 2018, elapsed time 38 seconds
