# mkdir -p /data/sls/r/u/atitus5/meng/am/logs/ami-0.1/train_ihm/baseline/frame-tdnn-450x7-step0.05/decode_ihm/ascore_12/ && lattice-scale --inv-acoustic-scale=12 "ark:gunzip -c /data/sls/r/u/atitus5/meng/am/logs/ami-0.1/train_ihm/baseline/frame-tdnn-450x7-step0.05/decode_ihm/lat.24.gz|" ark:- | lattice-limit-depth ark:- ark:- | lattice-push --push-strings=false ark:- ark:- | lattice-align-words-lexicon --max-expand=10.0 /data/sls/scratch/haotang/ami//exp/ihm/tri3-logmel-hires/graph_ami_fsh.o3g.kn.pr1-7/phones/align_lexicon.int /data/sls/scratch/haotang/ami//exp/ihm/tri3-logmel-hires_ali/final.mdl ark:- ark:- | lattice-to-ctm-conf --decode-mbr=true ark:- - | /data/sls/r/u/atitus5/meng/utils/int2sym.pl -f 5 /data/sls/scratch/haotang/ami//exp/ihm/tri3-logmel-hires/graph_ami_fsh.o3g.kn.pr1-7/words.txt | /data/sls/r/u/atitus5/meng/utils/convert_ctm.pl /data/sls/scratch/haotang/ami//sls-data/ami-0.1/ihm-dev/segments /data/sls/scratch/haotang/ami//sls-data/ami-0.1/ihm-dev/reco2file_and_channel > /data/sls/r/u/atitus5/meng/am/logs/ami-0.1/train_ihm/baseline/frame-tdnn-450x7-step0.05/decode_ihm/ascore_12/ihm-dev.24.ctm 
# Started at Sun Feb 25 12:05:56 EST 2018
#
lattice-scale --inv-acoustic-scale=12 'ark:gunzip -c /data/sls/r/u/atitus5/meng/am/logs/ami-0.1/train_ihm/baseline/frame-tdnn-450x7-step0.05/decode_ihm/lat.24.gz|' ark:- 
lattice-align-words-lexicon --max-expand=10.0 /data/sls/scratch/haotang/ami//exp/ihm/tri3-logmel-hires/graph_ami_fsh.o3g.kn.pr1-7/phones/align_lexicon.int /data/sls/scratch/haotang/ami//exp/ihm/tri3-logmel-hires_ali/final.mdl ark:- ark:- 
lattice-limit-depth ark:- ark:- 
lattice-to-ctm-conf --decode-mbr=true ark:- - 
lattice-push --push-strings=false ark:- ark:- 
LOG (lattice-to-ctm-conf[5.2.134~1-ecd4]:main():lattice-to-ctm-conf.cc:172) For utterance AMI_TS3006d_H02_MTD022ID_0212369_0212476, Bayes Risk 0, avg. confidence per-word 1
LOG (lattice-to-ctm-conf[5.2.134~1-ecd4]:main():lattice-to-ctm-conf.cc:172) For utterance AMI_TS3006d_H02_MTD022ID_0212877_0213073, Bayes Risk 0.731353, avg. confidence per-word 0.955192
LOG (lattice-to-ctm-conf[5.2.134~1-ecd4]:main():lattice-to-ctm-conf.cc:172) For utterance AMI_TS3006d_H02_MTD022ID_0213271_0213483, Bayes Risk 0.473972, avg. confidence per-word 0.953794
LOG (lattice-to-ctm-conf[5.2.134~1-ecd4]:main():lattice-to-ctm-conf.cc:172) For utterance AMI_TS3006d_H02_MTD022ID_0213483_0213626, Bayes Risk 1.06959, avg. confidence per-word 0.900938
LOG (lattice-to-ctm-conf[5.2.134~1-ecd4]:main():lattice-to-ctm-conf.cc:172) For utterance AMI_TS3006d_H02_MTD022ID_0214636_0214777, Bayes Risk 0, avg. confidence per-word 1
LOG (lattice-to-ctm-conf[5.2.134~1-ecd4]:main():lattice-to-ctm-conf.cc:172) For utterance AMI_TS3006d_H02_MTD022ID_0215071_0215091, Bayes Risk 0, avg. confidence per-word 1
LOG (lattice-to-ctm-conf[5.2.134~1-ecd4]:main():lattice-to-ctm-conf.cc:172) For utterance AMI_TS3006d_H02_MTD022ID_0216427_0216519, Bayes Risk 0.0151212, avg. confidence per-word 1
LOG (lattice-to-ctm-conf[5.2.134~1-ecd4]:main():lattice-to-ctm-conf.cc:172) For utterance AMI_TS3006d_H02_MTD022ID_0216994_0217244, Bayes Risk 0.957058, avg. confidence per-word 0.869747
LOG (lattice-to-ctm-conf[5.2.134~1-ecd4]:main():lattice-to-ctm-conf.cc:172) For utterance AMI_TS3006d_H02_MTD022ID_0218026_0218123, Bayes Risk 0.00565277, avg. confidence per-word 1
LOG (lattice-to-ctm-conf[5.2.134~1-ecd4]:main():lattice-to-ctm-conf.cc:172) For utterance AMI_TS3006d_H02_MTD022ID_0218301_0218588, Bayes Risk 0.983913, avg. confidence per-word 0.860967
LOG (lattice-to-ctm-conf[5.2.134~1-ecd4]:main():lattice-to-ctm-conf.cc:172) For utterance AMI_TS3006d_H02_MTD022ID_0218588_0218714, Bayes Risk 0.205415, avg. confidence per-word 0.956732
LOG (lattice-to-ctm-conf[5.2.134~1-ecd4]:main():lattice-to-ctm-conf.cc:172) For utterance AMI_TS3006d_H02_MTD022ID_0218939_0219065, Bayes Risk 0.0190426, avg. confidence per-word 0.999093
LOG (lattice-to-ctm-conf[5.2.134~1-ecd4]:main():lattice-to-ctm-conf.cc:172) For utterance AMI_TS3006d_H02_MTD022ID_0219198_0219378, Bayes Risk 0.827697, avg. confidence per-word 0.937867
LOG (lattice-to-ctm-conf[5.2.134~1-ecd4]:main():lattice-to-ctm-conf.cc:172) For utterance AMI_TS3006d_H02_MTD022ID_0221901_0222179, Bayes Risk 1.02998, avg. confidence per-word 0.879414
LOG (lattice-to-ctm-conf[5.2.134~1-ecd4]:main():lattice-to-ctm-conf.cc:172) For utterance AMI_TS3006d_H02_MTD022ID_0222296_0222448, Bayes Risk 0.142619, avg. confidence per-word 0.983483
LOG (lattice-to-ctm-conf[5.2.134~1-ecd4]:main():lattice-to-ctm-conf.cc:172) For utterance AMI_TS3006d_H02_MTD022ID_0223185_0223257, Bayes Risk 0.00134767, avg. confidence per-word 1
LOG (lattice-to-ctm-conf[5.2.134~1-ecd4]:main():lattice-to-ctm-conf.cc:172) For utterance AMI_TS3006d_H02_MTD022ID_0224619_0224803, Bayes Risk 1.39195, avg. confidence per-word 0.802034
LOG (lattice-to-ctm-conf[5.2.134~1-ecd4]:main():lattice-to-ctm-conf.cc:172) For utterance AMI_TS3006d_H02_MTD022ID_0225016_0225416, Bayes Risk 1.79991, avg. confidence per-word 0.861608
LOG (lattice-to-ctm-conf[5.2.134~1-ecd4]:main():lattice-to-ctm-conf.cc:172) For utterance AMI_TS3006d_H02_MTD022ID_0225917_0225998, Bayes Risk 0.453097, avg. confidence per-word 0.870646
LOG (lattice-to-ctm-conf[5.2.134~1-ecd4]:main():lattice-to-ctm-conf.cc:172) For utterance AMI_TS3006d_H02_MTD022ID_0225998_0226151, Bayes Risk 0.17114, avg. confidence per-word 0.973092
LOG (lattice-to-ctm-conf[5.2.134~1-ecd4]:main():lattice-to-ctm-conf.cc:172) For utterance AMI_TS3006d_H02_MTD022ID_0226621_0226767, Bayes Risk 0.472212, avg. confidence per-word 0.922237
LOG (lattice-to-ctm-conf[5.2.134~1-ecd4]:main():lattice-to-ctm-conf.cc:172) For utterance AMI_TS3006d_H02_MTD022ID_0227319_0227394, Bayes Risk 0, avg. confidence per-word 1
LOG (lattice-to-ctm-conf[5.2.134~1-ecd4]:main():lattice-to-ctm-conf.cc:172) For utterance AMI_TS3006d_H02_MTD022ID_0227394_0227434, Bayes Risk 0.519021, avg. confidence per-word 0.481972
LOG (lattice-to-ctm-conf[5.2.134~1-ecd4]:main():lattice-to-ctm-conf.cc:172) For utterance AMI_TS3006d_H02_MTD022ID_0228283_0228625, Bayes Risk 0.578335, avg. confidence per-word 0.951209
LOG (lattice-to-ctm-conf[5.2.134~1-ecd4]:main():lattice-to-ctm-conf.cc:172) For utterance AMI_TS3006d_H02_MTD022ID_0229890_0230256, Bayes Risk 0.729186, avg. confidence per-word 0.854245
LOG (lattice-to-ctm-conf[5.2.134~1-ecd4]:main():lattice-to-ctm-conf.cc:172) For utterance AMI_TS3006d_H02_MTD022ID_0230256_0230307, Bayes Risk 0.033901, avg. confidence per-word 0.98305
LOG (lattice-to-ctm-conf[5.2.134~1-ecd4]:main():lattice-to-ctm-conf.cc:172) For utterance AMI_TS3006d_H02_MTD022ID_0230528_0230663, Bayes Risk 0.739052, avg. confidence per-word 0.889622
LOG (lattice-scale[5.2.134~1-ecd4]:main():lattice-scale.cc:90) Done 33 lattices.
LOG (lattice-to-ctm-conf[5.2.134~1-ecd4]:main():lattice-to-ctm-conf.cc:172) For utterance AMI_TS3006d_H02_MTD022ID_0231615_0231761, Bayes Risk 1.77606, avg. confidence per-word 0.588638
LOG (lattice-to-ctm-conf[5.2.134~1-ecd4]:main():lattice-to-ctm-conf.cc:172) For utterance AMI_TS3006d_H02_MTD022ID_0231761_0231888, Bayes Risk 0.0162824, avg. confidence per-word 0.996744
LOG (lattice-to-ctm-conf[5.2.134~1-ecd4]:main():lattice-to-ctm-conf.cc:172) For utterance AMI_TS3006d_H02_MTD022ID_0231888_0232011, Bayes Risk 0, avg. confidence per-word 1
LOG (lattice-limit-depth[5.2.134~1-ecd4]:main():lattice-limit-depth.cc:103) Done 33 lattices.
LOG (lattice-limit-depth[5.2.134~1-ecd4]:main():lattice-limit-depth.cc:104) Overall density changed from 13.9864 to 13.9864
LOG (lattice-to-ctm-conf[5.2.134~1-ecd4]:main():lattice-to-ctm-conf.cc:172) For utterance AMI_TS3006d_H02_MTD022ID_0232355_0232519, Bayes Risk 0.501734, avg. confidence per-word 0.959871
LOG (lattice-push[5.2.134~1-ecd4]:main():lattice-push.cc:98) Pushed 33 lattices, errors on 0
LOG (lattice-to-ctm-conf[5.2.134~1-ecd4]:main():lattice-to-ctm-conf.cc:172) For utterance AMI_TS3009c_H02_MTD034ID_0085672_0085787, Bayes Risk 1.08522, avg. confidence per-word 0.740345
LOG (lattice-to-ctm-conf[5.2.134~1-ecd4]:main():lattice-to-ctm-conf.cc:172) For utterance AMI_TS3009c_H02_MTD034ID_0085787_0085810, Bayes Risk 0.03353, avg. confidence per-word 0.98075
LOG (lattice-align-words-lexicon[5.2.134~1-ecd4]:main():lattice-align-words-lexicon.cc:138) Successfully aligned 33 lattices; 0 had errors.
LOG (lattice-to-ctm-conf[5.2.134~1-ecd4]:main():lattice-to-ctm-conf.cc:181) Done 33 lattices.
LOG (lattice-to-ctm-conf[5.2.134~1-ecd4]:main():lattice-to-ctm-conf.cc:182) Overall average Bayes Risk per sentence is 0.507981 and per word, 0.118052
# Accounting: time=37 threads=1
# Ended (code 0) at Sun Feb 25 12:06:33 EST 2018, elapsed time 37 seconds
