# mkdir -p /data/sls/r/u/atitus5/meng/am/logs/ami-0.1/train_ihm/baseline/frame-tdnn-450x7-step0.05/decode_ihm/ascore_11/ && lattice-scale --inv-acoustic-scale=11 "ark:gunzip -c /data/sls/r/u/atitus5/meng/am/logs/ami-0.1/train_ihm/baseline/frame-tdnn-450x7-step0.05/decode_ihm/lat.1.gz|" ark:- | lattice-limit-depth ark:- ark:- | lattice-push --push-strings=false ark:- ark:- | lattice-align-words-lexicon --max-expand=10.0 /data/sls/scratch/haotang/ami//exp/ihm/tri3-logmel-hires/graph_ami_fsh.o3g.kn.pr1-7/phones/align_lexicon.int /data/sls/scratch/haotang/ami//exp/ihm/tri3-logmel-hires_ali/final.mdl ark:- ark:- | lattice-to-ctm-conf --decode-mbr=true ark:- - | /data/sls/r/u/atitus5/meng/utils/int2sym.pl -f 5 /data/sls/scratch/haotang/ami//exp/ihm/tri3-logmel-hires/graph_ami_fsh.o3g.kn.pr1-7/words.txt | /data/sls/r/u/atitus5/meng/utils/convert_ctm.pl /data/sls/scratch/haotang/ami//sls-data/ami-0.1/ihm-dev/segments /data/sls/scratch/haotang/ami//sls-data/ami-0.1/ihm-dev/reco2file_and_channel > /data/sls/r/u/atitus5/meng/am/logs/ami-0.1/train_ihm/baseline/frame-tdnn-450x7-step0.05/decode_ihm/ascore_11/ihm-dev.1.ctm 
# Started at Sun Feb 25 16:22:06 EST 2018
#
lattice-to-ctm-conf --decode-mbr=true ark:- - 
lattice-limit-depth ark:- ark:- 
lattice-scale --inv-acoustic-scale=11 'ark:gunzip -c /data/sls/r/u/atitus5/meng/am/logs/ami-0.1/train_ihm/baseline/frame-tdnn-450x7-step0.05/decode_ihm/lat.1.gz|' ark:- 
lattice-push --push-strings=false ark:- ark:- 
lattice-align-words-lexicon --max-expand=10.0 /data/sls/scratch/haotang/ami//exp/ihm/tri3-logmel-hires/graph_ami_fsh.o3g.kn.pr1-7/phones/align_lexicon.int /data/sls/scratch/haotang/ami//exp/ihm/tri3-logmel-hires_ali/final.mdl ark:- ark:- 
LOG (lattice-to-ctm-conf[5.2.134~1-ecd4]:main():lattice-to-ctm-conf.cc:172) For utterance AMI_EN2006b_H01_FEE087_0071279_0071383, Bayes Risk 0.0132133, avg. confidence per-word 0.993393
LOG (lattice-to-ctm-conf[5.2.134~1-ecd4]:main():lattice-to-ctm-conf.cc:172) For utterance AMI_EN2006b_H01_FEE087_0071620_0071670, Bayes Risk 0.0042283, avg. confidence per-word 0.995772
LOG (lattice-to-ctm-conf[5.2.134~1-ecd4]:main():lattice-to-ctm-conf.cc:172) For utterance AMI_EN2006b_H01_FEE087_0071898_0072103, Bayes Risk 0.789681, avg. confidence per-word 0.90129
LOG (lattice-to-ctm-conf[5.2.134~1-ecd4]:main():lattice-to-ctm-conf.cc:172) For utterance AMI_EN2006b_H01_FEE087_0072103_0072321, Bayes Risk 0.110935, avg. confidence per-word 0.986972
LOG (lattice-to-ctm-conf[5.2.134~1-ecd4]:main():lattice-to-ctm-conf.cc:172) For utterance AMI_EN2006b_H01_FEE087_0072321_0072391, Bayes Risk 0.0443011, avg. confidence per-word 1
LOG (lattice-to-ctm-conf[5.2.134~1-ecd4]:main():lattice-to-ctm-conf.cc:172) For utterance AMI_EN2006b_H01_FEE087_0073322_0073506, Bayes Risk 1.0375, avg. confidence per-word 0.882185
LOG (lattice-to-ctm-conf[5.2.134~1-ecd4]:main():lattice-to-ctm-conf.cc:172) For utterance AMI_EN2006b_H01_FEE087_0073506_0073780, Bayes Risk 0.346845, avg. confidence per-word 0.974903
LOG (lattice-to-ctm-conf[5.2.134~1-ecd4]:main():lattice-to-ctm-conf.cc:172) For utterance AMI_EN2006b_H01_FEE087_0073780_0074139, Bayes Risk 1.01542, avg. confidence per-word 0.927341
LOG (lattice-to-ctm-conf[5.2.134~1-ecd4]:main():lattice-to-ctm-conf.cc:172) For utterance AMI_EN2006b_H01_FEE087_0074139_0074454, Bayes Risk 1.6023, avg. confidence per-word 0.908039
LOG (lattice-to-ctm-conf[5.2.134~1-ecd4]:main():lattice-to-ctm-conf.cc:172) For utterance AMI_EN2006b_H01_FEE087_0074454_0074507, Bayes Risk 0.184281, avg. confidence per-word 0.95393
LOG (lattice-to-ctm-conf[5.2.134~1-ecd4]:main():lattice-to-ctm-conf.cc:172) For utterance AMI_EN2006b_H01_FEE087_0075191_0075277, Bayes Risk 0.0640825, avg. confidence per-word 0.978639
LOG (lattice-to-ctm-conf[5.2.134~1-ecd4]:main():lattice-to-ctm-conf.cc:172) For utterance AMI_EN2006b_H01_FEE087_0075277_0075493, Bayes Risk 0.552877, avg. confidence per-word 0.931236
LOG (lattice-to-ctm-conf[5.2.134~1-ecd4]:main():lattice-to-ctm-conf.cc:172) For utterance AMI_EN2006b_H01_FEE087_0075625_0076086, Bayes Risk 0.8304, avg. confidence per-word 0.929449
LOG (lattice-to-ctm-conf[5.2.134~1-ecd4]:main():lattice-to-ctm-conf.cc:172) For utterance AMI_EN2006b_H01_FEE087_0076086_0076430, Bayes Risk 1.60547, avg. confidence per-word 0.732914
LOG (lattice-to-ctm-conf[5.2.134~1-ecd4]:main():lattice-to-ctm-conf.cc:172) For utterance AMI_EN2006b_H01_FEE087_0076430_0076664, Bayes Risk 0.0304623, avg. confidence per-word 0.996954
LOG (lattice-to-ctm-conf[5.2.134~1-ecd4]:main():lattice-to-ctm-conf.cc:172) For utterance AMI_EN2006b_H01_FEE087_0076948_0077195, Bayes Risk 0.756607, avg. confidence per-word 0.936949
LOG (lattice-scale[5.2.134~1-ecd4]:main():lattice-scale.cc:90) Done 34 lattices.
LOG (lattice-to-ctm-conf[5.2.134~1-ecd4]:main():lattice-to-ctm-conf.cc:172) For utterance AMI_EN2006b_H01_FEE087_0077458_0077660, Bayes Risk 1.5171, avg. confidence per-word 0.888048
LOG (lattice-to-ctm-conf[5.2.134~1-ecd4]:main():lattice-to-ctm-conf.cc:172) For utterance AMI_EN2006b_H01_FEE087_0078016_0078042, Bayes Risk 0, avg. confidence per-word 1
LOG (lattice-to-ctm-conf[5.2.134~1-ecd4]:main():lattice-to-ctm-conf.cc:172) For utterance AMI_EN2006b_H01_FEE087_0079031_0079472, Bayes Risk 0.531009, avg. confidence per-word -nan
LOG (lattice-to-ctm-conf[5.2.134~1-ecd4]:main():lattice-to-ctm-conf.cc:172) For utterance AMI_EN2006b_H01_FEE087_0079779_0079856, Bayes Risk 0.0625912, avg. confidence per-word 0.978746
LOG (lattice-limit-depth[5.2.134~1-ecd4]:main():lattice-limit-depth.cc:103) Done 34 lattices.
LOG (lattice-limit-depth[5.2.134~1-ecd4]:main():lattice-limit-depth.cc:104) Overall density changed from 16.9755 to 16.9755
LOG (lattice-to-ctm-conf[5.2.134~1-ecd4]:main():lattice-to-ctm-conf.cc:172) For utterance AMI_EN2006b_H01_FEE087_0080851_0080972, Bayes Risk 0.573264, avg. confidence per-word 0.819947
LOG (lattice-to-ctm-conf[5.2.134~1-ecd4]:main():lattice-to-ctm-conf.cc:172) For utterance AMI_EN2006b_H01_FEE087_0081300_0081498, Bayes Risk 1.31366, avg. confidence per-word 0.726925
LOG (lattice-to-ctm-conf[5.2.134~1-ecd4]:main():lattice-to-ctm-conf.cc:172) For utterance AMI_EN2006b_H01_FEE087_0081498_0081602, Bayes Risk 0.00758378, avg. confidence per-word 0.996208
LOG (lattice-to-ctm-conf[5.2.134~1-ecd4]:main():lattice-to-ctm-conf.cc:172) For utterance AMI_EN2006b_H01_FEE087_0081602_0081767, Bayes Risk 0.974743, avg. confidence per-word 0.76479
LOG (lattice-to-ctm-conf[5.2.134~1-ecd4]:main():lattice-to-ctm-conf.cc:172) For utterance AMI_EN2006b_H01_FEE087_0081767_0081885, Bayes Risk 0.436161, avg. confidence per-word 0.932292
LOG (lattice-push[5.2.134~1-ecd4]:main():lattice-push.cc:98) Pushed 34 lattices, errors on 0
LOG (lattice-to-ctm-conf[5.2.134~1-ecd4]:main():lattice-to-ctm-conf.cc:172) For utterance AMI_EN2006b_H01_FEE087_0081885_0081935, Bayes Risk 0.191906, avg. confidence per-word 0.936354
LOG (lattice-to-ctm-conf[5.2.134~1-ecd4]:main():lattice-to-ctm-conf.cc:172) For utterance AMI_EN2006b_H01_FEE087_0081935_0082006, Bayes Risk 0.521104, avg. confidence per-word 0.752792
LOG (lattice-to-ctm-conf[5.2.134~1-ecd4]:main():lattice-to-ctm-conf.cc:172) For utterance AMI_EN2006b_H01_FEE087_0082006_0082030, Bayes Risk 0, avg. confidence per-word 1
LOG (lattice-to-ctm-conf[5.2.134~1-ecd4]:main():lattice-to-ctm-conf.cc:172) For utterance AMI_EN2006b_H01_FEE087_0082249_0082282, Bayes Risk 0.00426609, avg. confidence per-word 0.995734
LOG (lattice-to-ctm-conf[5.2.134~1-ecd4]:main():lattice-to-ctm-conf.cc:172) For utterance AMI_EN2006b_H01_FEE087_0082772_0082811, Bayes Risk 0.0158362, avg. confidence per-word 0.984164
LOG (lattice-to-ctm-conf[5.2.134~1-ecd4]:main():lattice-to-ctm-conf.cc:172) For utterance AMI_EN2006b_H01_FEE087_0083801_0084078, Bayes Risk 0.487989, avg. confidence per-word 0.824732
LOG (lattice-to-ctm-conf[5.2.134~1-ecd4]:main():lattice-to-ctm-conf.cc:172) For utterance AMI_EN2006b_H01_FEE087_0084260_0084645, Bayes Risk 0.805979, avg. confidence per-word 0.878362
LOG (lattice-to-ctm-conf[5.2.134~1-ecd4]:main():lattice-to-ctm-conf.cc:172) For utterance AMI_EN2006b_H01_FEE087_0085277_0085328, Bayes Risk 0, avg. confidence per-word 1
LOG (lattice-to-ctm-conf[5.2.134~1-ecd4]:main():lattice-to-ctm-conf.cc:172) For utterance AMI_EN2006b_H01_FEE087_0085582_0085727, Bayes Risk 0, avg. confidence per-word 1
LOG (lattice-align-words-lexicon[5.2.134~1-ecd4]:main():lattice-align-words-lexicon.cc:138) Successfully aligned 34 lattices; 0 had errors.
LOG (lattice-to-ctm-conf[5.2.134~1-ecd4]:main():lattice-to-ctm-conf.cc:181) Done 34 lattices.
LOG (lattice-to-ctm-conf[5.2.134~1-ecd4]:main():lattice-to-ctm-conf.cc:182) Overall average Bayes Risk per sentence is 0.483288 and per word, 0.130411
# Accounting: time=15 threads=1
# Ended (code 0) at Sun Feb 25 16:22:22 EST 2018, elapsed time 15 seconds
