# mkdir -p /data/sls/r/u/atitus5/meng/am/logs/ami-0.1/train_ihm/baseline/frame-tdnn-450x7-step0.05/decode_ihm/ascore_13/ && lattice-scale --inv-acoustic-scale=13 "ark:gunzip -c /data/sls/r/u/atitus5/meng/am/logs/ami-0.1/train_ihm/baseline/frame-tdnn-450x7-step0.05/decode_ihm/lat.28.gz|" ark:- | lattice-limit-depth ark:- ark:- | lattice-push --push-strings=false ark:- ark:- | lattice-align-words-lexicon --max-expand=10.0 /data/sls/scratch/haotang/ami//exp/ihm/tri3-logmel-hires/graph_ami_fsh.o3g.kn.pr1-7/phones/align_lexicon.int /data/sls/scratch/haotang/ami//exp/ihm/tri3-logmel-hires_ali/final.mdl ark:- ark:- | lattice-to-ctm-conf --decode-mbr=true ark:- - | /data/sls/r/u/atitus5/meng/utils/int2sym.pl -f 5 /data/sls/scratch/haotang/ami//exp/ihm/tri3-logmel-hires/graph_ami_fsh.o3g.kn.pr1-7/words.txt | /data/sls/r/u/atitus5/meng/utils/convert_ctm.pl /data/sls/scratch/haotang/ami//sls-data/ami-0.1/ihm-dev/segments /data/sls/scratch/haotang/ami//sls-data/ami-0.1/ihm-dev/reco2file_and_channel > /data/sls/r/u/atitus5/meng/am/logs/ami-0.1/train_ihm/baseline/frame-tdnn-450x7-step0.05/decode_ihm/ascore_13/ihm-dev.28.ctm 
# Started at Sun Feb 25 12:05:54 EST 2018
#
lattice-to-ctm-conf --decode-mbr=true ark:- - 
lattice-scale --inv-acoustic-scale=13 'ark:gunzip -c /data/sls/r/u/atitus5/meng/am/logs/ami-0.1/train_ihm/baseline/frame-tdnn-450x7-step0.05/decode_ihm/lat.28.gz|' ark:- 
lattice-align-words-lexicon --max-expand=10.0 /data/sls/scratch/haotang/ami//exp/ihm/tri3-logmel-hires/graph_ami_fsh.o3g.kn.pr1-7/phones/align_lexicon.int /data/sls/scratch/haotang/ami//exp/ihm/tri3-logmel-hires_ali/final.mdl ark:- ark:- 
lattice-limit-depth ark:- ark:- 
lattice-push --push-strings=false ark:- ark:- 
LOG (lattice-to-ctm-conf[5.2.134~1-ecd4]:main():lattice-to-ctm-conf.cc:172) For utterance AMI_TS3012d_H03_MTD048ME_0146878_0146912, Bayes Risk 0, avg. confidence per-word 1
LOG (lattice-to-ctm-conf[5.2.134~1-ecd4]:main():lattice-to-ctm-conf.cc:172) For utterance AMI_TS3012d_H03_MTD048ME_0147556_0147689, Bayes Risk 0.903262, avg. confidence per-word 0.828927
LOG (lattice-to-ctm-conf[5.2.134~1-ecd4]:main():lattice-to-ctm-conf.cc:172) For utterance AMI_TS3012d_H03_MTD048ME_0148197_0148222, Bayes Risk 0, avg. confidence per-word 1
LOG (lattice-to-ctm-conf[5.2.134~1-ecd4]:main():lattice-to-ctm-conf.cc:172) For utterance AMI_TS3012d_H03_MTD048ME_0148723_0148802, Bayes Risk 0.0684031, avg. confidence per-word 0.981926
LOG (lattice-to-ctm-conf[5.2.134~1-ecd4]:main():lattice-to-ctm-conf.cc:172) For utterance AMI_TS3012d_H03_MTD048ME_0149154_0149269, Bayes Risk 0.0519775, avg. confidence per-word 1
LOG (lattice-to-ctm-conf[5.2.134~1-ecd4]:main():lattice-to-ctm-conf.cc:172) For utterance AMI_TS3012d_H03_MTD048ME_0149269_0149533, Bayes Risk 0.649284, avg. confidence per-word 0.894514
LOG (lattice-to-ctm-conf[5.2.134~1-ecd4]:main():lattice-to-ctm-conf.cc:172) For utterance AMI_TS3012d_H03_MTD048ME_0150471_0150497, Bayes Risk 0, avg. confidence per-word 1
LOG (lattice-to-ctm-conf[5.2.134~1-ecd4]:main():lattice-to-ctm-conf.cc:172) For utterance AMI_TS3012d_H03_MTD048ME_0151768_0152086, Bayes Risk 1.41395, avg. confidence per-word 0.632611
LOG (lattice-to-ctm-conf[5.2.134~1-ecd4]:main():lattice-to-ctm-conf.cc:172) For utterance AMI_TS3012d_H03_MTD048ME_0152292_0152321, Bayes Risk 0, avg. confidence per-word 1
LOG (lattice-to-ctm-conf[5.2.134~1-ecd4]:main():lattice-to-ctm-conf.cc:172) For utterance AMI_TS3012d_H03_MTD048ME_0153524_0153625, Bayes Risk 0.0955146, avg. confidence per-word 0.984114
LOG (lattice-to-ctm-conf[5.2.134~1-ecd4]:main():lattice-to-ctm-conf.cc:172) For utterance AMI_TS3012d_H03_MTD048ME_0153960_0154012, Bayes Risk 0.001078, avg. confidence per-word 1
LOG (lattice-to-ctm-conf[5.2.134~1-ecd4]:main():lattice-to-ctm-conf.cc:172) For utterance AMI_TS3012d_H03_MTD048ME_0154718_0154810, Bayes Risk 0.0429482, avg. confidence per-word 0.960192
LOG (lattice-to-ctm-conf[5.2.134~1-ecd4]:main():lattice-to-ctm-conf.cc:172) For utterance AMI_TS3012d_H03_MTD048ME_0154810_0154885, Bayes Risk 0.0040313, avg. confidence per-word 1
LOG (lattice-to-ctm-conf[5.2.134~1-ecd4]:main():lattice-to-ctm-conf.cc:172) For utterance AMI_TS3012d_H03_MTD048ME_0155108_0155226, Bayes Risk 1.31495, avg. confidence per-word 0.750157
LOG (lattice-to-ctm-conf[5.2.134~1-ecd4]:main():lattice-to-ctm-conf.cc:172) For utterance AMI_TS3012d_H03_MTD048ME_0156566_0156684, Bayes Risk 0, avg. confidence per-word 1
LOG (lattice-to-ctm-conf[5.2.134~1-ecd4]:main():lattice-to-ctm-conf.cc:172) For utterance AMI_TS3012d_H03_MTD048ME_0156933_0157025, Bayes Risk 0.75164, avg. confidence per-word 0.749616
LOG (lattice-to-ctm-conf[5.2.134~1-ecd4]:main():lattice-to-ctm-conf.cc:172) For utterance AMI_TS3012d_H03_MTD048ME_0158026_0158100, Bayes Risk 0.00229036, avg. confidence per-word 1
LOG (lattice-to-ctm-conf[5.2.134~1-ecd4]:main():lattice-to-ctm-conf.cc:172) For utterance AMI_TS3012d_H03_MTD048ME_0158284_0158308, Bayes Risk 0.160199, avg. confidence per-word 0.843426
LOG (lattice-to-ctm-conf[5.2.134~1-ecd4]:main():lattice-to-ctm-conf.cc:172) For utterance AMI_TS3012d_H03_MTD048ME_0158554_0158570, Bayes Risk 0, avg. confidence per-word 1
LOG (lattice-to-ctm-conf[5.2.134~1-ecd4]:main():lattice-to-ctm-conf.cc:172) For utterance AMI_TS3012d_H03_MTD048ME_0160242_0160363, Bayes Risk 0.0217232, avg. confidence per-word 0.994571
LOG (lattice-to-ctm-conf[5.2.134~1-ecd4]:main():lattice-to-ctm-conf.cc:172) For utterance AMI_TS3012d_H03_MTD048ME_0161736_0161780, Bayes Risk 0, avg. confidence per-word 1
LOG (lattice-to-ctm-conf[5.2.134~1-ecd4]:main():lattice-to-ctm-conf.cc:172) For utterance AMI_TS3012d_H03_MTD048ME_0165414_0165445, Bayes Risk 0, avg. confidence per-word 1
LOG (lattice-to-ctm-conf[5.2.134~1-ecd4]:main():lattice-to-ctm-conf.cc:172) For utterance AMI_TS3012d_H03_MTD048ME_0167040_0167123, Bayes Risk 0.0846652, avg. confidence per-word 1
LOG (lattice-to-ctm-conf[5.2.134~1-ecd4]:main():lattice-to-ctm-conf.cc:172) For utterance AMI_TS3012d_H03_MTD048ME_0167239_0167370, Bayes Risk 0.563818, avg. confidence per-word 0.8699
LOG (lattice-to-ctm-conf[5.2.134~1-ecd4]:main():lattice-to-ctm-conf.cc:172) For utterance AMI_TS3012d_H03_MTD048ME_0167526_0167574, Bayes Risk 0, avg. confidence per-word 1
LOG (lattice-to-ctm-conf[5.2.134~1-ecd4]:main():lattice-to-ctm-conf.cc:172) For utterance AMI_TS3012d_H03_MTD048ME_0168043_0168139, Bayes Risk 0.437648, avg. confidence per-word 0.854896
LOG (lattice-scale[5.2.134~1-ecd4]:main():lattice-scale.cc:90) Done 33 lattices.
LOG (lattice-to-ctm-conf[5.2.134~1-ecd4]:main():lattice-to-ctm-conf.cc:172) For utterance AMI_TS3012d_H03_MTD048ME_0169333_0169395, Bayes Risk 0.583929, avg. confidence per-word 0.420687
LOG (lattice-to-ctm-conf[5.2.134~1-ecd4]:main():lattice-to-ctm-conf.cc:172) For utterance AMI_TS3012d_H03_MTD048ME_0169807_0169862, Bayes Risk 0.605614, avg. confidence per-word -nan
LOG (lattice-to-ctm-conf[5.2.134~1-ecd4]:main():lattice-to-ctm-conf.cc:172) For utterance AMI_TS3012d_H03_MTD048ME_0173028_0173182, Bayes Risk 0.401817, avg. confidence per-word 0.93303
LOG (lattice-to-ctm-conf[5.2.134~1-ecd4]:main():lattice-to-ctm-conf.cc:172) For utterance AMI_TS3012d_H03_MTD048ME_0174060_0174085, Bayes Risk 0, avg. confidence per-word 1
LOG (lattice-limit-depth[5.2.134~1-ecd4]:main():lattice-limit-depth.cc:103) Done 33 lattices.
LOG (lattice-limit-depth[5.2.134~1-ecd4]:main():lattice-limit-depth.cc:104) Overall density changed from 15.172 to 15.172
LOG (lattice-to-ctm-conf[5.2.134~1-ecd4]:main():lattice-to-ctm-conf.cc:172) For utterance AMI_TS3012d_H03_MTD048ME_0174544_0174701, Bayes Risk 0.717388, avg. confidence per-word 0.824842
LOG (lattice-push[5.2.134~1-ecd4]:main():lattice-push.cc:98) Pushed 33 lattices, errors on 0
LOG (lattice-to-ctm-conf[5.2.134~1-ecd4]:main():lattice-to-ctm-conf.cc:172) For utterance AMI_TS3012d_H03_MTD048ME_0176123_0176163, Bayes Risk 0.155238, avg. confidence per-word 0.844762
LOG (lattice-to-ctm-conf[5.2.134~1-ecd4]:main():lattice-to-ctm-conf.cc:172) For utterance AMI_TS3012d_H03_MTD048ME_0176380_0176585, Bayes Risk 0.0156622, avg. confidence per-word 0.997407
LOG (lattice-align-words-lexicon[5.2.134~1-ecd4]:main():lattice-align-words-lexicon.cc:138) Successfully aligned 33 lattices; 0 had errors.
LOG (lattice-to-ctm-conf[5.2.134~1-ecd4]:main():lattice-to-ctm-conf.cc:181) Done 33 lattices.
LOG (lattice-to-ctm-conf[5.2.134~1-ecd4]:main():lattice-to-ctm-conf.cc:182) Overall average Bayes Risk per sentence is 0.274152 and per word, 0.13503
# Accounting: time=64 threads=1
# Ended (code 0) at Sun Feb 25 12:06:58 EST 2018, elapsed time 64 seconds
