# mkdir -p /data/sls/r/u/atitus5/meng/am/logs/ami-0.1/train_ihm/baseline/frame-tdnn-450x7-step0.05/decode_ihm/ascore_8/ && lattice-scale --inv-acoustic-scale=8 "ark:gunzip -c /data/sls/r/u/atitus5/meng/am/logs/ami-0.1/train_ihm/baseline/frame-tdnn-450x7-step0.05/decode_ihm/lat.3.gz|" ark:- | lattice-limit-depth ark:- ark:- | lattice-push --push-strings=false ark:- ark:- | lattice-align-words-lexicon --max-expand=10.0 /data/sls/scratch/haotang/ami//exp/ihm/tri3-logmel-hires/graph_ami_fsh.o3g.kn.pr1-7/phones/align_lexicon.int /data/sls/scratch/haotang/ami//exp/ihm/tri3-logmel-hires_ali/final.mdl ark:- ark:- | lattice-to-ctm-conf --decode-mbr=true ark:- - | /data/sls/r/u/atitus5/meng/utils/int2sym.pl -f 5 /data/sls/scratch/haotang/ami//exp/ihm/tri3-logmel-hires/graph_ami_fsh.o3g.kn.pr1-7/words.txt | /data/sls/r/u/atitus5/meng/utils/convert_ctm.pl /data/sls/scratch/haotang/ami//sls-data/ami-0.1/ihm-dev/segments /data/sls/scratch/haotang/ami//sls-data/ami-0.1/ihm-dev/reco2file_and_channel > /data/sls/r/u/atitus5/meng/am/logs/ami-0.1/train_ihm/baseline/frame-tdnn-450x7-step0.05/decode_ihm/ascore_8/ihm-dev.3.ctm 
# Started at Sun Feb 25 12:05:55 EST 2018
#
lattice-push --push-strings=false ark:- ark:- 
lattice-limit-depth ark:- ark:- 
lattice-align-words-lexicon --max-expand=10.0 /data/sls/scratch/haotang/ami//exp/ihm/tri3-logmel-hires/graph_ami_fsh.o3g.kn.pr1-7/phones/align_lexicon.int /data/sls/scratch/haotang/ami//exp/ihm/tri3-logmel-hires_ali/final.mdl ark:- ark:- 
lattice-to-ctm-conf --decode-mbr=true ark:- - 
lattice-scale --inv-acoustic-scale=8 'ark:gunzip -c /data/sls/r/u/atitus5/meng/am/logs/ami-0.1/train_ihm/baseline/frame-tdnn-450x7-step0.05/decode_ihm/lat.3.gz|' ark:- 
LOG (lattice-to-ctm-conf[5.2.134~1-ecd4]:main():lattice-to-ctm-conf.cc:172) For utterance AMI_EN2006b_H01_FEE087_0101700_0101753, Bayes Risk 0.51779, avg. confidence per-word 0.564135
LOG (lattice-to-ctm-conf[5.2.134~1-ecd4]:main():lattice-to-ctm-conf.cc:172) For utterance AMI_EN2006b_H01_FEE087_0102543_0102680, Bayes Risk 0.168014, avg. confidence per-word 0.964503
LOG (lattice-to-ctm-conf[5.2.134~1-ecd4]:main():lattice-to-ctm-conf.cc:172) For utterance AMI_EN2006b_H01_FEE087_0104014_0104027, Bayes Risk 0.834582, avg. confidence per-word 0.166247
LOG (lattice-to-ctm-conf[5.2.134~1-ecd4]:main():lattice-to-ctm-conf.cc:172) For utterance AMI_EN2006b_H01_FEE087_0104027_0104128, Bayes Risk 0.97899, avg. confidence per-word 0.815484
LOG (lattice-to-ctm-conf[5.2.134~1-ecd4]:main():lattice-to-ctm-conf.cc:172) For utterance AMI_EN2006b_H01_FEE087_0104385_0104482, Bayes Risk 0.50266, avg. confidence per-word 0.987498
LOG (lattice-to-ctm-conf[5.2.134~1-ecd4]:main():lattice-to-ctm-conf.cc:172) For utterance AMI_EN2006b_H01_FEE087_0104482_0104649, Bayes Risk 0.302446, avg. confidence per-word 0.959966
LOG (lattice-to-ctm-conf[5.2.134~1-ecd4]:main():lattice-to-ctm-conf.cc:172) For utterance AMI_EN2006b_H01_FEE087_0104649_0105115, Bayes Risk 2.5101, avg. confidence per-word 0.859439
LOG (lattice-to-ctm-conf[5.2.134~1-ecd4]:main():lattice-to-ctm-conf.cc:172) For utterance AMI_EN2006b_H01_FEE087_0105730_0105796, Bayes Risk 0, avg. confidence per-word 1
LOG (lattice-to-ctm-conf[5.2.134~1-ecd4]:main():lattice-to-ctm-conf.cc:172) For utterance AMI_EN2006b_H01_FEE087_0106442_0106506, Bayes Risk 0.0786418, avg. confidence per-word 0.973786
LOG (lattice-to-ctm-conf[5.2.134~1-ecd4]:main():lattice-to-ctm-conf.cc:172) For utterance AMI_EN2006b_H01_FEE087_0106946_0107110, Bayes Risk 0.364126, avg. confidence per-word 0.896513
LOG (lattice-to-ctm-conf[5.2.134~1-ecd4]:main():lattice-to-ctm-conf.cc:172) For utterance AMI_EN2006b_H01_FEE087_0107110_0107415, Bayes Risk 1.95348, avg. confidence per-word 0.767824
LOG (lattice-to-ctm-conf[5.2.134~1-ecd4]:main():lattice-to-ctm-conf.cc:172) For utterance AMI_EN2006b_H01_FEE087_0107415_0107613, Bayes Risk 1.49357, avg. confidence per-word 0.8723
LOG (lattice-to-ctm-conf[5.2.134~1-ecd4]:main():lattice-to-ctm-conf.cc:172) For utterance AMI_EN2006b_H01_FEE087_0107895_0108008, Bayes Risk 0.0353062, avg. confidence per-word 0.992225
LOG (lattice-to-ctm-conf[5.2.134~1-ecd4]:main():lattice-to-ctm-conf.cc:172) For utterance AMI_EN2006b_H01_FEE087_0108813_0108926, Bayes Risk 0.330398, avg. confidence per-word 0.918019
LOG (lattice-to-ctm-conf[5.2.134~1-ecd4]:main():lattice-to-ctm-conf.cc:172) For utterance AMI_EN2006b_H01_FEE087_0109280_0109391, Bayes Risk 1.28691, avg. confidence per-word 0.735248
LOG (lattice-to-ctm-conf[5.2.134~1-ecd4]:main():lattice-to-ctm-conf.cc:172) For utterance AMI_EN2006b_H01_FEE087_0110289_0110535, Bayes Risk 1.99672, avg. confidence per-word 0.716686
LOG (lattice-to-ctm-conf[5.2.134~1-ecd4]:main():lattice-to-ctm-conf.cc:172) For utterance AMI_EN2006b_H01_FEE087_0110535_0111215, Bayes Risk 0.616341, avg. confidence per-word 0.966616
LOG (lattice-to-ctm-conf[5.2.134~1-ecd4]:main():lattice-to-ctm-conf.cc:172) For utterance AMI_EN2006b_H01_FEE087_0111344_0111514, Bayes Risk 0.782222, avg. confidence per-word 0.743577
LOG (lattice-to-ctm-conf[5.2.134~1-ecd4]:main():lattice-to-ctm-conf.cc:172) For utterance AMI_EN2006b_H01_FEE087_0111875_0112133, Bayes Risk 0.719106, avg. confidence per-word 0.942591
LOG (lattice-to-ctm-conf[5.2.134~1-ecd4]:main():lattice-to-ctm-conf.cc:172) For utterance AMI_EN2006b_H01_FEE087_0112339_0112648, Bayes Risk 1.43084, avg. confidence per-word 0.920934
LOG (lattice-to-ctm-conf[5.2.134~1-ecd4]:main():lattice-to-ctm-conf.cc:172) For utterance AMI_EN2006b_H01_FEE087_0112648_0112680, Bayes Risk 0.119386, avg. confidence per-word 0.880794
LOG (lattice-to-ctm-conf[5.2.134~1-ecd4]:main():lattice-to-ctm-conf.cc:172) For utterance AMI_EN2006b_H01_FEE087_0112883_0112983, Bayes Risk 0.393463, avg. confidence per-word 0.950817
LOG (lattice-to-ctm-conf[5.2.134~1-ecd4]:main():lattice-to-ctm-conf.cc:172) For utterance AMI_EN2006b_H01_FEE087_0112983_0113252, Bayes Risk 1.38664, avg. confidence per-word 0.866897
LOG (lattice-to-ctm-conf[5.2.134~1-ecd4]:main():lattice-to-ctm-conf.cc:172) For utterance AMI_EN2006b_H01_FEE087_0113422_0113639, Bayes Risk 0.801582, avg. confidence per-word 0.951855
LOG (lattice-to-ctm-conf[5.2.134~1-ecd4]:main():lattice-to-ctm-conf.cc:172) For utterance AMI_EN2006b_H01_FEE087_0113639_0113969, Bayes Risk 0.0675929, avg. confidence per-word 0.995652
LOG (lattice-to-ctm-conf[5.2.134~1-ecd4]:main():lattice-to-ctm-conf.cc:172) For utterance AMI_EN2006b_H01_FEE087_0114808_0114996, Bayes Risk 0.0318775, avg. confidence per-word 0.993876
LOG (lattice-to-ctm-conf[5.2.134~1-ecd4]:main():lattice-to-ctm-conf.cc:172) For utterance AMI_EN2006b_H01_FEE087_0115299_0115352, Bayes Risk 0, avg. confidence per-word 1
LOG (lattice-to-ctm-conf[5.2.134~1-ecd4]:main():lattice-to-ctm-conf.cc:172) For utterance AMI_EN2006b_H01_FEE087_0115500_0115668, Bayes Risk 0.351434, avg. confidence per-word 0.893058
LOG (lattice-to-ctm-conf[5.2.134~1-ecd4]:main():lattice-to-ctm-conf.cc:172) For utterance AMI_EN2006b_H01_FEE087_0116183_0116228, Bayes Risk 0, avg. confidence per-word 1
LOG (lattice-to-ctm-conf[5.2.134~1-ecd4]:main():lattice-to-ctm-conf.cc:172) For utterance AMI_EN2006b_H01_FEE087_0116565_0116595, Bayes Risk 0, avg. confidence per-word 1
LOG (lattice-to-ctm-conf[5.2.134~1-ecd4]:main():lattice-to-ctm-conf.cc:172) For utterance AMI_EN2006b_H01_FEE087_0116595_0116665, Bayes Risk 0.453229, avg. confidence per-word 0.886693
LOG (lattice-scale[5.2.134~1-ecd4]:main():lattice-scale.cc:90) Done 34 lattices.
LOG (lattice-to-ctm-conf[5.2.134~1-ecd4]:main():lattice-to-ctm-conf.cc:172) For utterance AMI_EN2006b_H01_FEE087_0116665_0116915, Bayes Risk 0.148133, avg. confidence per-word 0.975762
LOG (lattice-limit-depth[5.2.134~1-ecd4]:main():lattice-limit-depth.cc:103) Done 34 lattices.
LOG (lattice-limit-depth[5.2.134~1-ecd4]:main():lattice-limit-depth.cc:104) Overall density changed from 18.8835 to 18.8835
LOG (lattice-to-ctm-conf[5.2.134~1-ecd4]:main():lattice-to-ctm-conf.cc:172) For utterance AMI_ES2003d_H01_MEE009_0185776_0185927, Bayes Risk 0.603857, avg. confidence per-word 0.970071
LOG (lattice-push[5.2.134~1-ecd4]:main():lattice-push.cc:98) Pushed 34 lattices, errors on 0
LOG (lattice-to-ctm-conf[5.2.134~1-ecd4]:main():lattice-to-ctm-conf.cc:172) For utterance AMI_ES2003d_H01_MEE009_0185927_0186105, Bayes Risk 0.678232, avg. confidence per-word 0.903253
LOG (lattice-align-words-lexicon[5.2.134~1-ecd4]:main():lattice-align-words-lexicon.cc:138) Successfully aligned 34 lattices; 0 had errors.
LOG (lattice-to-ctm-conf[5.2.134~1-ecd4]:main():lattice-to-ctm-conf.cc:181) Done 34 lattices.
LOG (lattice-to-ctm-conf[5.2.134~1-ecd4]:main():lattice-to-ctm-conf.cc:182) Overall average Bayes Risk per sentence is 0.645226 and per word, 0.117944
# Accounting: time=70 threads=1
# Ended (code 0) at Sun Feb 25 12:07:05 EST 2018, elapsed time 70 seconds
