# mkdir -p /data/sls/r/u/atitus5/meng/am/logs/ami-0.1/train_ihm/baseline/frame-tdnn-450x7-step0.05/decode_ihm/ascore_15/ && lattice-scale --inv-acoustic-scale=15 "ark:gunzip -c /data/sls/r/u/atitus5/meng/am/logs/ami-0.1/train_ihm/baseline/frame-tdnn-450x7-step0.05/decode_ihm/lat.5.gz|" ark:- | lattice-limit-depth ark:- ark:- | lattice-push --push-strings=false ark:- ark:- | lattice-align-words-lexicon --max-expand=10.0 /data/sls/scratch/haotang/ami//exp/ihm/tri3-logmel-hires/graph_ami_fsh.o3g.kn.pr1-7/phones/align_lexicon.int /data/sls/scratch/haotang/ami//exp/ihm/tri3-logmel-hires_ali/final.mdl ark:- ark:- | lattice-to-ctm-conf --decode-mbr=true ark:- - | /data/sls/r/u/atitus5/meng/utils/int2sym.pl -f 5 /data/sls/scratch/haotang/ami//exp/ihm/tri3-logmel-hires/graph_ami_fsh.o3g.kn.pr1-7/words.txt | /data/sls/r/u/atitus5/meng/utils/convert_ctm.pl /data/sls/scratch/haotang/ami//sls-data/ami-0.1/ihm-dev/segments /data/sls/scratch/haotang/ami//sls-data/ami-0.1/ihm-dev/reco2file_and_channel > /data/sls/r/u/atitus5/meng/am/logs/ami-0.1/train_ihm/baseline/frame-tdnn-450x7-step0.05/decode_ihm/ascore_15/ihm-dev.5.ctm 
# Started at Sun Feb 25 12:05:56 EST 2018
#
lattice-to-ctm-conf --decode-mbr=true ark:- - 
lattice-limit-depth ark:- ark:- 
lattice-align-words-lexicon --max-expand=10.0 /data/sls/scratch/haotang/ami//exp/ihm/tri3-logmel-hires/graph_ami_fsh.o3g.kn.pr1-7/phones/align_lexicon.int /data/sls/scratch/haotang/ami//exp/ihm/tri3-logmel-hires_ali/final.mdl ark:- ark:- 
lattice-push --push-strings=false ark:- ark:- 
lattice-scale --inv-acoustic-scale=15 'ark:gunzip -c /data/sls/r/u/atitus5/meng/am/logs/ami-0.1/train_ihm/baseline/frame-tdnn-450x7-step0.05/decode_ihm/lat.5.gz|' ark:- 
LOG (lattice-to-ctm-conf[5.2.134~1-ecd4]:main():lattice-to-ctm-conf.cc:172) For utterance AMI_ES2003d_H01_MEE009_0207635_0207721, Bayes Risk 0.255853, avg. confidence per-word 0.938036
LOG (lattice-to-ctm-conf[5.2.134~1-ecd4]:main():lattice-to-ctm-conf.cc:172) For utterance AMI_ES2003d_H01_MEE009_0209479_0209541, Bayes Risk 0, avg. confidence per-word 1
LOG (lattice-to-ctm-conf[5.2.134~1-ecd4]:main():lattice-to-ctm-conf.cc:172) For utterance AMI_ES2003d_H01_MEE009_0211214_0211294, Bayes Risk 0.0054317, avg. confidence per-word 1
LOG (lattice-to-ctm-conf[5.2.134~1-ecd4]:main():lattice-to-ctm-conf.cc:172) For utterance AMI_ES2003d_H01_MEE009_0211525_0211678, Bayes Risk 0.213025, avg. confidence per-word 0.956089
LOG (lattice-to-ctm-conf[5.2.134~1-ecd4]:main():lattice-to-ctm-conf.cc:172) For utterance AMI_ES2003d_H01_MEE009_0211678_0212373, Bayes Risk 4.85988, avg. confidence per-word 0.794582
LOG (lattice-to-ctm-conf[5.2.134~1-ecd4]:main():lattice-to-ctm-conf.cc:172) For utterance AMI_ES2003d_H01_MEE009_0212373_0212671, Bayes Risk 2.70429, avg. confidence per-word 0.628526
LOG (lattice-to-ctm-conf[5.2.134~1-ecd4]:main():lattice-to-ctm-conf.cc:172) For utterance AMI_ES2003d_H01_MEE009_0212850_0212939, Bayes Risk 0.0544672, avg. confidence per-word 1
LOG (lattice-to-ctm-conf[5.2.134~1-ecd4]:main():lattice-to-ctm-conf.cc:172) For utterance AMI_ES2003d_H01_MEE009_0213057_0213276, Bayes Risk 1.28299, avg. confidence per-word 0.797367
LOG (lattice-to-ctm-conf[5.2.134~1-ecd4]:main():lattice-to-ctm-conf.cc:172) For utterance AMI_ES2003d_H01_MEE009_0213472_0214085, Bayes Risk 5.70469, avg. confidence per-word 0.654088
LOG (lattice-to-ctm-conf[5.2.134~1-ecd4]:main():lattice-to-ctm-conf.cc:172) For utterance AMI_ES2003d_H01_MEE009_0214212_0214435, Bayes Risk 2.35936, avg. confidence per-word 0.659188
LOG (lattice-to-ctm-conf[5.2.134~1-ecd4]:main():lattice-to-ctm-conf.cc:172) For utterance AMI_ES2003d_H01_MEE009_0215221_0215756, Bayes Risk 6.43261, avg. confidence per-word 0.742141
LOG (lattice-to-ctm-conf[5.2.134~1-ecd4]:main():lattice-to-ctm-conf.cc:172) For utterance AMI_ES2003d_H01_MEE009_0215756_0216760, Bayes Risk 2.65858, avg. confidence per-word 0.90103
LOG (lattice-to-ctm-conf[5.2.134~1-ecd4]:main():lattice-to-ctm-conf.cc:172) For utterance AMI_ES2003d_H01_MEE009_0216760_0217079, Bayes Risk 0.70676, avg. confidence per-word 0.861264
LOG (lattice-to-ctm-conf[5.2.134~1-ecd4]:main():lattice-to-ctm-conf.cc:172) For utterance AMI_ES2003d_H01_MEE009_0217079_0217142, Bayes Risk 0.181174, avg. confidence per-word 0.911411
LOG (lattice-to-ctm-conf[5.2.134~1-ecd4]:main():lattice-to-ctm-conf.cc:172) For utterance AMI_ES2003d_H01_MEE009_0217558_0217807, Bayes Risk 0.130324, avg. confidence per-word 1
LOG (lattice-to-ctm-conf[5.2.134~1-ecd4]:main():lattice-to-ctm-conf.cc:172) For utterance AMI_ES2003d_H01_MEE009_0217807_0217965, Bayes Risk 0.0594727, avg. confidence per-word 0.999444
LOG (lattice-to-ctm-conf[5.2.134~1-ecd4]:main():lattice-to-ctm-conf.cc:172) For utterance AMI_ES2003d_H01_MEE009_0217965_0218556, Bayes Risk 1.98643, avg. confidence per-word 0.868607
LOG (lattice-to-ctm-conf[5.2.134~1-ecd4]:main():lattice-to-ctm-conf.cc:172) For utterance AMI_ES2003d_H01_MEE009_0218556_0218910, Bayes Risk 1.96125, avg. confidence per-word 0.878347
LOG (lattice-to-ctm-conf[5.2.134~1-ecd4]:main():lattice-to-ctm-conf.cc:172) For utterance AMI_ES2003d_H01_MEE009_0221504_0221604, Bayes Risk 0.207994, avg. confidence per-word 0.83642
LOG (lattice-to-ctm-conf[5.2.134~1-ecd4]:main():lattice-to-ctm-conf.cc:172) For utterance AMI_ES2003d_H01_MEE009_0223169_0223489, Bayes Risk 2.92168, avg. confidence per-word 0.76781
LOG (lattice-to-ctm-conf[5.2.134~1-ecd4]:main():lattice-to-ctm-conf.cc:172) For utterance AMI_ES2003d_H01_MEE009_0223489_0223758, Bayes Risk 2.57499, avg. confidence per-word 0.598207
LOG (lattice-to-ctm-conf[5.2.134~1-ecd4]:main():lattice-to-ctm-conf.cc:172) For utterance AMI_ES2003d_H01_MEE009_0223758_0224460, Bayes Risk 2.07445, avg. confidence per-word 0.879168
LOG (lattice-to-ctm-conf[5.2.134~1-ecd4]:main():lattice-to-ctm-conf.cc:172) For utterance AMI_ES2003d_H01_MEE009_0224575_0225352, Bayes Risk 3.02406, avg. confidence per-word 0.876572
LOG (lattice-to-ctm-conf[5.2.134~1-ecd4]:main():lattice-to-ctm-conf.cc:172) For utterance AMI_ES2003d_H01_MEE009_0225482_0225789, Bayes Risk 1.19775, avg. confidence per-word 0.917289
LOG (lattice-to-ctm-conf[5.2.134~1-ecd4]:main():lattice-to-ctm-conf.cc:172) For utterance AMI_ES2003d_H01_MEE009_0225789_0226044, Bayes Risk 1.89067, avg. confidence per-word 0.885697
LOG (lattice-to-ctm-conf[5.2.134~1-ecd4]:main():lattice-to-ctm-conf.cc:172) For utterance AMI_ES2003d_H01_MEE009_0226294_0226611, Bayes Risk 1.6834, avg. confidence per-word 0.888141
LOG (lattice-to-ctm-conf[5.2.134~1-ecd4]:main():lattice-to-ctm-conf.cc:172) For utterance AMI_ES2003d_H01_MEE009_0226844_0227556, Bayes Risk 3.01926, avg. confidence per-word 0.911257
LOG (lattice-to-ctm-conf[5.2.134~1-ecd4]:main():lattice-to-ctm-conf.cc:172) For utterance AMI_ES2003d_H01_MEE009_0227556_0227641, Bayes Risk 0.32957, avg. confidence per-word 0.95225
LOG (lattice-scale[5.2.134~1-ecd4]:main():lattice-scale.cc:90) Done 34 lattices.
LOG (lattice-to-ctm-conf[5.2.134~1-ecd4]:main():lattice-to-ctm-conf.cc:172) For utterance AMI_ES2003d_H01_MEE009_0227641_0228004, Bayes Risk 1.42432, avg. confidence per-word 0.89588
LOG (lattice-to-ctm-conf[5.2.134~1-ecd4]:main():lattice-to-ctm-conf.cc:172) For utterance AMI_ES2003d_H01_MEE009_0228678_0228771, Bayes Risk 0, avg. confidence per-word 1
LOG (lattice-to-ctm-conf[5.2.134~1-ecd4]:main():lattice-to-ctm-conf.cc:172) For utterance AMI_ES2003d_H01_MEE009_0228979_0229525, Bayes Risk 2.99782, avg. confidence per-word 0.787628
LOG (lattice-limit-depth[5.2.134~1-ecd4]:main():lattice-limit-depth.cc:103) Done 34 lattices.
LOG (lattice-limit-depth[5.2.134~1-ecd4]:main():lattice-limit-depth.cc:104) Overall density changed from 25.1783 to 25.1783
LOG (lattice-push[5.2.134~1-ecd4]:main():lattice-push.cc:98) Pushed 34 lattices, errors on 0
LOG (lattice-to-ctm-conf[5.2.134~1-ecd4]:main():lattice-to-ctm-conf.cc:172) For utterance AMI_ES2003d_H01_MEE009_0229525_0230213, Bayes Risk 3.25878, avg. confidence per-word 0.893127
LOG (lattice-to-ctm-conf[5.2.134~1-ecd4]:main():lattice-to-ctm-conf.cc:172) For utterance AMI_ES2003d_H01_MEE009_0230398_0230431, Bayes Risk 0.409981, avg. confidence per-word 0.590019
LOG (lattice-align-words-lexicon[5.2.134~1-ecd4]:main():lattice-align-words-lexicon.cc:138) Successfully aligned 34 lattices; 0 had errors.
LOG (lattice-to-ctm-conf[5.2.134~1-ecd4]:main():lattice-to-ctm-conf.cc:172) For utterance AMI_ES2003d_H01_MEE009_0230900_0231130, Bayes Risk 0.0196747, avg. confidence per-word 0.998874
LOG (lattice-to-ctm-conf[5.2.134~1-ecd4]:main():lattice-to-ctm-conf.cc:181) Done 34 lattices.
LOG (lattice-to-ctm-conf[5.2.134~1-ecd4]:main():lattice-to-ctm-conf.cc:182) Overall average Bayes Risk per sentence is 1.72326 and per word, 0.21152
# Accounting: time=76 threads=1
# Ended (code 0) at Sun Feb 25 12:07:12 EST 2018, elapsed time 76 seconds
