# mkdir -p /data/sls/r/u/atitus5/meng/am/logs/ami-0.1/train_ihm/baseline/frame-tdnn-450x7-step0.05/decode_ihm/ascore_13/ && lattice-scale --inv-acoustic-scale=13 "ark:gunzip -c /data/sls/r/u/atitus5/meng/am/logs/ami-0.1/train_ihm/baseline/frame-tdnn-450x7-step0.05/decode_ihm/lat.3.gz|" ark:- | lattice-limit-depth ark:- ark:- | lattice-push --push-strings=false ark:- ark:- | lattice-align-words-lexicon --max-expand=10.0 /data/sls/scratch/haotang/ami//exp/ihm/tri3-logmel-hires/graph_ami_fsh.o3g.kn.pr1-7/phones/align_lexicon.int /data/sls/scratch/haotang/ami//exp/ihm/tri3-logmel-hires_ali/final.mdl ark:- ark:- | lattice-to-ctm-conf --decode-mbr=true ark:- - | /data/sls/r/u/atitus5/meng/utils/int2sym.pl -f 5 /data/sls/scratch/haotang/ami//exp/ihm/tri3-logmel-hires/graph_ami_fsh.o3g.kn.pr1-7/words.txt | /data/sls/r/u/atitus5/meng/utils/convert_ctm.pl /data/sls/scratch/haotang/ami//sls-data/ami-0.1/ihm-dev/segments /data/sls/scratch/haotang/ami//sls-data/ami-0.1/ihm-dev/reco2file_and_channel > /data/sls/r/u/atitus5/meng/am/logs/ami-0.1/train_ihm/baseline/frame-tdnn-450x7-step0.05/decode_ihm/ascore_13/ihm-dev.3.ctm 
# Started at Sun Feb 25 12:05:54 EST 2018
#
lattice-scale --inv-acoustic-scale=13 'ark:gunzip -c /data/sls/r/u/atitus5/meng/am/logs/ami-0.1/train_ihm/baseline/frame-tdnn-450x7-step0.05/decode_ihm/lat.3.gz|' ark:- 
lattice-to-ctm-conf --decode-mbr=true ark:- - 
lattice-limit-depth ark:- ark:- 
lattice-align-words-lexicon --max-expand=10.0 /data/sls/scratch/haotang/ami//exp/ihm/tri3-logmel-hires/graph_ami_fsh.o3g.kn.pr1-7/phones/align_lexicon.int /data/sls/scratch/haotang/ami//exp/ihm/tri3-logmel-hires_ali/final.mdl ark:- ark:- 
lattice-push --push-strings=false ark:- ark:- 
LOG (lattice-to-ctm-conf[5.2.134~1-ecd4]:main():lattice-to-ctm-conf.cc:172) For utterance AMI_EN2006b_H01_FEE087_0101700_0101753, Bayes Risk 0.584843, avg. confidence per-word 0.449326
LOG (lattice-to-ctm-conf[5.2.134~1-ecd4]:main():lattice-to-ctm-conf.cc:172) For utterance AMI_EN2006b_H01_FEE087_0102543_0102680, Bayes Risk 0.413276, avg. confidence per-word 0.900173
LOG (lattice-to-ctm-conf[5.2.134~1-ecd4]:main():lattice-to-ctm-conf.cc:172) For utterance AMI_EN2006b_H01_FEE087_0104014_0104027, Bayes Risk 0.77825, avg. confidence per-word 0.222538
LOG (lattice-to-ctm-conf[5.2.134~1-ecd4]:main():lattice-to-ctm-conf.cc:172) For utterance AMI_EN2006b_H01_FEE087_0104027_0104128, Bayes Risk 1.12276, avg. confidence per-word 0.787257
LOG (lattice-to-ctm-conf[5.2.134~1-ecd4]:main():lattice-to-ctm-conf.cc:172) For utterance AMI_EN2006b_H01_FEE087_0104385_0104482, Bayes Risk 0.826737, avg. confidence per-word 0.86141
LOG (lattice-to-ctm-conf[5.2.134~1-ecd4]:main():lattice-to-ctm-conf.cc:172) For utterance AMI_EN2006b_H01_FEE087_0104482_0104649, Bayes Risk 0.653655, avg. confidence per-word 0.907199
LOG (lattice-to-ctm-conf[5.2.134~1-ecd4]:main():lattice-to-ctm-conf.cc:172) For utterance AMI_EN2006b_H01_FEE087_0104649_0105115, Bayes Risk 2.94848, avg. confidence per-word 0.835574
LOG (lattice-to-ctm-conf[5.2.134~1-ecd4]:main():lattice-to-ctm-conf.cc:172) For utterance AMI_EN2006b_H01_FEE087_0105730_0105796, Bayes Risk 0, avg. confidence per-word 1
LOG (lattice-to-ctm-conf[5.2.134~1-ecd4]:main():lattice-to-ctm-conf.cc:172) For utterance AMI_EN2006b_H01_FEE087_0106442_0106506, Bayes Risk 0.0914323, avg. confidence per-word 0.969523
LOG (lattice-to-ctm-conf[5.2.134~1-ecd4]:main():lattice-to-ctm-conf.cc:172) For utterance AMI_EN2006b_H01_FEE087_0106946_0107110, Bayes Risk 1.03208, avg. confidence per-word 0.74198
LOG (lattice-to-ctm-conf[5.2.134~1-ecd4]:main():lattice-to-ctm-conf.cc:172) For utterance AMI_EN2006b_H01_FEE087_0107110_0107415, Bayes Risk 1.17397, avg. confidence per-word 0.849787
LOG (lattice-to-ctm-conf[5.2.134~1-ecd4]:main():lattice-to-ctm-conf.cc:172) For utterance AMI_EN2006b_H01_FEE087_0107415_0107613, Bayes Risk 1.3338, avg. confidence per-word 0.888268
LOG (lattice-to-ctm-conf[5.2.134~1-ecd4]:main():lattice-to-ctm-conf.cc:172) For utterance AMI_EN2006b_H01_FEE087_0107895_0108008, Bayes Risk 0.271662, avg. confidence per-word 0.933486
LOG (lattice-to-ctm-conf[5.2.134~1-ecd4]:main():lattice-to-ctm-conf.cc:172) For utterance AMI_EN2006b_H01_FEE087_0108813_0108926, Bayes Risk 0.871426, avg. confidence per-word 0.935059
LOG (lattice-to-ctm-conf[5.2.134~1-ecd4]:main():lattice-to-ctm-conf.cc:172) For utterance AMI_EN2006b_H01_FEE087_0109280_0109391, Bayes Risk 1.17661, avg. confidence per-word 0.939048
LOG (lattice-scale[5.2.134~1-ecd4]:main():lattice-scale.cc:90) Done 34 lattices.
LOG (lattice-to-ctm-conf[5.2.134~1-ecd4]:main():lattice-to-ctm-conf.cc:172) For utterance AMI_EN2006b_H01_FEE087_0110289_0110535, Bayes Risk 1.19611, avg. confidence per-word 0.856349
LOG (lattice-to-ctm-conf[5.2.134~1-ecd4]:main():lattice-to-ctm-conf.cc:172) For utterance AMI_EN2006b_H01_FEE087_0110535_0111215, Bayes Risk 0.341701, avg. confidence per-word 0.991778
LOG (lattice-to-ctm-conf[5.2.134~1-ecd4]:main():lattice-to-ctm-conf.cc:172) For utterance AMI_EN2006b_H01_FEE087_0111344_0111514, Bayes Risk 0.489258, avg. confidence per-word 0.842307
LOG (lattice-to-ctm-conf[5.2.134~1-ecd4]:main():lattice-to-ctm-conf.cc:172) For utterance AMI_EN2006b_H01_FEE087_0111875_0112133, Bayes Risk 0.798689, avg. confidence per-word 0.935404
LOG (lattice-limit-depth[5.2.134~1-ecd4]:main():lattice-limit-depth.cc:103) Done 34 lattices.
LOG (lattice-limit-depth[5.2.134~1-ecd4]:main():lattice-limit-depth.cc:104) Overall density changed from 18.8835 to 18.8835
LOG (lattice-to-ctm-conf[5.2.134~1-ecd4]:main():lattice-to-ctm-conf.cc:172) For utterance AMI_EN2006b_H01_FEE087_0112339_0112648, Bayes Risk 0.716523, avg. confidence per-word 0.850203
LOG (lattice-to-ctm-conf[5.2.134~1-ecd4]:main():lattice-to-ctm-conf.cc:172) For utterance AMI_EN2006b_H01_FEE087_0112648_0112680, Bayes Risk 0.358948, avg. confidence per-word 0.643813
LOG (lattice-to-ctm-conf[5.2.134~1-ecd4]:main():lattice-to-ctm-conf.cc:172) For utterance AMI_EN2006b_H01_FEE087_0112883_0112983, Bayes Risk 1.16099, avg. confidence per-word 0.854877
LOG (lattice-to-ctm-conf[5.2.134~1-ecd4]:main():lattice-to-ctm-conf.cc:172) For utterance AMI_EN2006b_H01_FEE087_0112983_0113252, Bayes Risk 2.23298, avg. confidence per-word 0.788715
LOG (lattice-push[5.2.134~1-ecd4]:main():lattice-push.cc:98) Pushed 34 lattices, errors on 0
LOG (lattice-to-ctm-conf[5.2.134~1-ecd4]:main():lattice-to-ctm-conf.cc:172) For utterance AMI_EN2006b_H01_FEE087_0113422_0113639, Bayes Risk 0.304498, avg. confidence per-word 1
LOG (lattice-to-ctm-conf[5.2.134~1-ecd4]:main():lattice-to-ctm-conf.cc:172) For utterance AMI_EN2006b_H01_FEE087_0113639_0113969, Bayes Risk 0.430645, avg. confidence per-word 0.970905
LOG (lattice-to-ctm-conf[5.2.134~1-ecd4]:main():lattice-to-ctm-conf.cc:172) For utterance AMI_EN2006b_H01_FEE087_0114808_0114996, Bayes Risk 0.0643328, avg. confidence per-word 0.988369
LOG (lattice-to-ctm-conf[5.2.134~1-ecd4]:main():lattice-to-ctm-conf.cc:172) For utterance AMI_EN2006b_H01_FEE087_0115299_0115352, Bayes Risk 0, avg. confidence per-word 1
LOG (lattice-to-ctm-conf[5.2.134~1-ecd4]:main():lattice-to-ctm-conf.cc:172) For utterance AMI_EN2006b_H01_FEE087_0115500_0115668, Bayes Risk 0.311051, avg. confidence per-word 0.935559
LOG (lattice-to-ctm-conf[5.2.134~1-ecd4]:main():lattice-to-ctm-conf.cc:172) For utterance AMI_EN2006b_H01_FEE087_0116183_0116228, Bayes Risk 0, avg. confidence per-word 1
LOG (lattice-to-ctm-conf[5.2.134~1-ecd4]:main():lattice-to-ctm-conf.cc:172) For utterance AMI_EN2006b_H01_FEE087_0116565_0116595, Bayes Risk 0, avg. confidence per-word 1
LOG (lattice-to-ctm-conf[5.2.134~1-ecd4]:main():lattice-to-ctm-conf.cc:172) For utterance AMI_EN2006b_H01_FEE087_0116595_0116665, Bayes Risk 1.61058, avg. confidence per-word 0.597354
LOG (lattice-to-ctm-conf[5.2.134~1-ecd4]:main():lattice-to-ctm-conf.cc:172) For utterance AMI_EN2006b_H01_FEE087_0116665_0116915, Bayes Risk 0.404656, avg. confidence per-word 0.933354
LOG (lattice-to-ctm-conf[5.2.134~1-ecd4]:main():lattice-to-ctm-conf.cc:172) For utterance AMI_ES2003d_H01_MEE009_0185776_0185927, Bayes Risk 0.48068, avg. confidence per-word 0.90885
LOG (lattice-to-ctm-conf[5.2.134~1-ecd4]:main():lattice-to-ctm-conf.cc:172) For utterance AMI_ES2003d_H01_MEE009_0185927_0186105, Bayes Risk 0.746886, avg. confidence per-word 0.895424
LOG (lattice-align-words-lexicon[5.2.134~1-ecd4]:main():lattice-align-words-lexicon.cc:138) Successfully aligned 34 lattices; 0 had errors.
LOG (lattice-to-ctm-conf[5.2.134~1-ecd4]:main():lattice-to-ctm-conf.cc:181) Done 34 lattices.
LOG (lattice-to-ctm-conf[5.2.134~1-ecd4]:main():lattice-to-ctm-conf.cc:182) Overall average Bayes Risk per sentence is 0.733163 and per word, 0.155797
# Accounting: time=59 threads=1
# Ended (code 0) at Sun Feb 25 12:06:53 EST 2018, elapsed time 59 seconds
