Setting up environment...
Environment set up.
Training deep multidecoder...
Constructing model...
Done constructing model.
DNNMultidecoder (
  (activation): SELU
  (encoder): Sequential (
    (lin_0): Linear (880 -> 1024)
    (SELU_0): SELU
    (lin_1): Linear (1024 -> 1024)
    (SELU_1): SELU
    (lin_final): Linear (1024 -> 512)
  )
  (decoder_ihm): Sequential (
    (lin_0): Linear (512 -> 1024)
    (SELU_0): SELU
    (lin_1): Linear (1024 -> 1024)
    (SELU_1): SELU
    (lin_final): Linear (1024 -> 880)
  )
  (decoder_sdm1): Sequential (
    (lin_0): Linear (512 -> 1024)
    (SELU_0): SELU
    (lin_1): Linear (1024 -> 1024)
    (SELU_1): SELU
    (lin_final): Linear (1024 -> 880)
  )
)
Setting up data...
Setting up training datasets...
Using 2407138 training features (9403 batches) for class ihm
Using 2407138 training features (9403 batches) for class sdm1
Setting up dev datasets...
Using 249565 dev features (975 batches) for class ihm
Using 249565 dev features (975 batches) for class sdm1
Setting up minibatch shuffling for training...
18806 total batches: {'ihm': 9403, 'sdm1': 9403}
Done setting up data.
Starting training!
Train epoch 1: [1000/18806 (5.3%)]	Loss: 0.146193
Train epoch 1: [2000/18806 (10.6%)]	Loss: 0.110707
Train epoch 1: [3000/18806 (16.0%)]	Loss: 0.100280
Train epoch 1: [4000/18806 (21.3%)]	Loss: 0.089533
Train epoch 1: [5000/18806 (26.6%)]	Loss: 0.081253
Train epoch 1: [6000/18806 (31.9%)]	Loss: 0.074771
Train epoch 1: [7000/18806 (37.2%)]	Loss: 0.069843
Train epoch 1: [8000/18806 (42.5%)]	Loss: 0.066395
Train epoch 1: [9000/18806 (47.9%)]	Loss: 0.063457
Train epoch 1: [10000/18806 (53.2%)]	Loss: 0.060880
Train epoch 1: [11000/18806 (58.5%)]	Loss: 0.058619
Train epoch 1: [12000/18806 (63.8%)]	Loss: 0.056178
Train epoch 1: [13000/18806 (69.1%)]	Loss: 0.053987
Train epoch 1: [14000/18806 (74.4%)]	Loss: 0.051993
Train epoch 1: [15000/18806 (79.8%)]	Loss: 0.050861
Train epoch 1: [16000/18806 (85.1%)]	Loss: 0.049507
Train epoch 1: [17000/18806 (90.4%)]	Loss: 0.048060
Train epoch 1: [18000/18806 (95.7%)]	Loss: 0.046791
====> Epoch 1: Average train loss 0.045910
